Begin job by input: usual_21.lowdin, for user:   at  mar 04 feb 2025 16:58:57 -05
under operating system Linux helios 5.19.0-46-generic #47-Ubuntu SMP PREEMPT_DYNAMIC Fri Jun 16 13:30:11 UTC 2023 x86_64 x86_64 x86_64 GNU/Linux
Compilation information
  commit: f31d3924f6ee2ce9d77f07edcc1ba27359319d14
  compilation date:  mar 17 sep 2024 16:16:17 -05

BEGIN INPUT INFO:
------------------------------------

GEOMETRY
	e-(F)	AUG-CC-PVTZ 0.0 0.0 0.0 multiplicity=2 addParticles=1 
	e-(F)	AUG-CC-PVTZ 0.0 0.0 4.7 
	F	Dirac 0.0 0.0 0.0
	F	Dirac 0.0 0.0 4.7
END GEOMETRY

TASKS
        method = "UHF"
	mollerPlessetCorrection=2
END TASKS

CONTROL
	units="ANGS"
END CONTROL






... END INPUT INFO


 LOWDIN execution started at : Tue Feb  4 16:58:57 2025
 ---------------------------------------------------------------
 
 ***************************************************************
 *                   LOWDIN 2.0  (May/2013)                    *
 *                                                             *
 *  R. FLORES-MORENO, E. F. POSADA, F. S. MONCADA, J.ROMERO,   *
 *  J. CHARRY, M. DIAZ-TINOCO, S. A. GONZALEZ, N. F. AGUIRRE,  *
 *  A. REYES                                                   *
 *                                                             *
 *  https://sites.google.com/site/lowdinproject/               *
 *                                                             *
 ***************************************************************
 
 PARSING INPUT... DONE!
 
 LOWDIN IS RUNNING WITH NEXT PARAMETERS: 
 ----------------------------------------
 
         METHOD TYPE:  UHF
         NUMBER OF CORES:     4
         MOLLER PLESSET CORRECTION:      2
         NONELECTRONIC DENSITY GUESS: HCORE
         ELECTRONIC DENSITY GUESS: HCORE
         CRITERIUM OF CONVERGENCE: ENERGY
         NONELECTRONIC ENERGY TOLERANCE IN SCFs:     0.10000E-07
         ELECTRONIC ENERGY TOLERANCE IN SCFs:     0.10000E-07
         TOTAL ENERGY TOLERANCE IN SCFs:     0.10000E-07
         SCHEME OF ITERATION: GLOBAL ITERATIONS
         SCF MAX. SUBITERATIONS - NONELECTRONS :     1
         SCF MAX. SUBITERATIONS - ELECTRONS :     1
         SCF MAX. ITERATIONS - INTERSPECIES :   200
         INTEGRAL STORAGE: DISK
         STACK SIZE FOR ERIS : 30000
         METHOD OF SCF CONVERGENCE: DAMPING
 
  MOLECULAR SYSTEM: usual_21
 -----------------
 
    DESCRIPTION   : usual_21
    CHARGE        :   0
    PUNTUAL GROUP : NONE
 
 
  INFORMATION OF PARTICLES :
 =========================
         Total number of particles   =      21
         Number of quantum particles =      19
         Number of puntual charges   =       2
         Number of quantum species   =       2
 
                 INFORMATION OF QUANTUM SPECIES 
    ----------------------------------------------------------------------
         ID      Symbol            mass     charge      omega     spin     multiplicity
    ----------------------------------------------------------------------
         1        E-ALPHA         1.0000     -1.00      0.00      0.50      2.00
         2         E-BETA         1.0000     -1.00      0.00      0.50      2.00
 
                   CONSTANTS OF COUPLING 
      ------------------------------------------------------------
              Symbol      kappa        eta     lambda occupation
      ------------------------------------------------------------
             E-ALPHA      -1.00       1.00       1.00      10.00
              E-BETA      -1.00       1.00       1.00       9.00
 
                   BASIS SET FOR SPECIES 
      ------------------------------------------------------------
           Symbol          N. Basis     N. Particles     Basis Set
      ------------------------------------------------------------
            E-ALPHA           28               10     AUG-CC-PVT
             E-BETA           28                9     AUG-CC-PVT
 
                                ATOMIC BASIS
         ------------------------------------------------------------
          PRIMITIVE   SHELL             EXPONENT         COEFFICIENT 
         ------------------------------------------------------------
 
    BEGIN DESCRIPTION OF BASIS FOR: E-ALP
    ==============================
 
 
             F BASIS SET:    AUG-CC-PVTZ
             1         S            19500.00000000          0.00050700
             2         S             2923.00000000          0.00392300
             3         S              664.50000000          0.02020000
             4         S              187.50000000          0.07901000
             5         S               60.62000000          0.23043900
             6         S               21.42000000          0.43287200
             7         S                7.95000000          0.34996400
             8         S                0.88150000         -0.00789200
             1         S            19500.00000000         -0.00011700
             2         S             2923.00000000         -0.00091200
             3         S              664.50000000         -0.00471700
             4         S              187.50000000         -0.01908600
             5         S               60.62000000         -0.05965500
             6         S               21.42000000         -0.14001000
             7         S                7.95000000         -0.17678200
             8         S                0.88150000          0.60504300
             1         S                2.25700000          1.00000000
             1         S                0.30410000          1.00000000
             1         S                0.09158000          1.00000000
             1         P               43.88000000          0.01666500
             2         P                9.92600000          0.10447200
             3         P                2.93000000          0.31726000
             1         P                0.91320000          1.00000000
             1         P                0.26720000          1.00000000
             1         P                0.07361000          1.00000000
             1         D                3.10700000          1.00000000
             1         D                0.85500000          1.00000000
             1         D                0.29200000          1.00000000
             1         F                1.91700000          1.00000000
             1         F                0.72400000          1.00000000
 
             F BASIS SET:    AUG-CC-PVTZ
             1         S            19500.00000000          0.00050700
             2         S             2923.00000000          0.00392300
             3         S              664.50000000          0.02020000
             4         S              187.50000000          0.07901000
             5         S               60.62000000          0.23043900
             6         S               21.42000000          0.43287200
             7         S                7.95000000          0.34996400
             8         S                0.88150000         -0.00789200
             1         S            19500.00000000         -0.00011700
             2         S             2923.00000000         -0.00091200
             3         S              664.50000000         -0.00471700
             4         S              187.50000000         -0.01908600
             5         S               60.62000000         -0.05965500
             6         S               21.42000000         -0.14001000
             7         S                7.95000000         -0.17678200
             8         S                0.88150000          0.60504300
             1         S                2.25700000          1.00000000
             1         S                0.30410000          1.00000000
             1         S                0.09158000          1.00000000
             1         P               43.88000000          0.01666500
             2         P                9.92600000          0.10447200
             3         P                2.93000000          0.31726000
             1         P                0.91320000          1.00000000
             1         P                0.26720000          1.00000000
             1         P                0.07361000          1.00000000
             1         D                3.10700000          1.00000000
             1         D                0.85500000          1.00000000
             1         D                0.29200000          1.00000000
             1         F                1.91700000          1.00000000
             1         F                0.72400000          1.00000000
    ... END DESCRIPTION OF BASIS
 
 
  END INFORMATION OF PARTICLES
 
 
  INFORMATION OF THE QUANTUM SYSTEM 
     ---------------------------------------------------------------------
                 ID     Occupied Orbitals     Basis size
     ---------------------------------------------------------------------
            E-ALPHA           10              110
             E-BETA            9              110
 
  END INFORMATION OF QUANTUM SYSTEM
 
                       INITIAL GEOMETRY: AMSTRONG
                 -----------------------------------
                       <x>                 <y>                 <z>
  E-ALPHAF        0.0000000000        0.0000000000        0.0000000000
  E-ALPHAF        0.0000000000        0.0000000000        4.7000000000
         F        0.0000000000        0.0000000000        0.0000000000
         F        0.0000000000        0.0000000000        4.7000000000
 
                     MATRIX OF DISTANCE: ANGSTROM
                 -----------------------------------
                          F(1)           F(2)      
 
        F(1)             0.000000       4.700000
        F(2)             4.700000       0.000000
 
--------------------------------------------------------------------------------
** PROGRAM: SCF (Hartree Fock).     Author: S.A. Gonzalez, E. Posada, F. Moncada
--------------------------------------------------------------------------------
INFO: RUNNING IN UHF MODE.
 
----------------------------------------------------------------------
** PROGRAM INTS                          Author: E. F. Posada, 2013   
----------------------------------------------------------------------
INFO: RUNNING IN ONE_PARTICLE MODE.
 
 Number of Overlap integrals for species E-ALPHA:  12100
 Number of Overlap integrals for species E-BETA:  12100
 Number of Kinetic integrals for species E-ALPHA:  12100
 Number of Kinetic integrals for species E-BETA:  12100
 Number of Nuclear integrals for species E-ALPHA:  12100
 Number of Nuclear integrals for species E-BETA:  12100
 Number of Moment integrals for species E-ALPHA:  36300
 Number of Moment integrals for species E-BETA:  36300
 
** TOTAL CPU Time INTS :      0.438 (s)
** TOTAL Elapsed Time INTS :      0.194 (s)
 
       Usign  HCORE density guess for species:    E-ALPHA
     number of    E-ALPHA     particles in guess density matrix:    10.000000
       Usign  HCORE density guess for species:     E-BETA
     number of     E-BETA     particles in guess density matrix:     9.000000
 Number of unique integrals for species: 1 = 1656156
 Number of unique integrals for species: 1 / 2 = 3308756 Screened: 10861
 
 TWO-BODY INTEGRAL SETUP: 
------------------------- 
 Storage:   DISK
 Scheme: LIBINT
 Stack size:  30000
 
 LIBINT library, Fermann, J. T.; Valeev, F. L. 2010                   
 LOWDIN-LIBINT Implementation V. 2.1  Posada E. F. ; Reyes A. 2016   
 ----------------------------------------------------------------------

*** TOTAL CPU time intra-species integrals :      0.811 (s)
*** TOTAL elapsed time intra-species integrals :      0.167 (s)


*** TOTAL CPU time inter-species integrals :      1.841 (s)
*** TOTAL elapsed time inter-species integrals :      0.431 (s)

INFO: RUNNING SCHEME SIMULTANEOUS
 
 Begin Multi-Species SCF calculation:
 
 --------------------------------------------------------------------------------------------------
      Iteration                   Energy            Energy Change           Density Change
 --------------------------------------------------------------------------------------------------
              1        -172.389298921024         172.389298921024           0.114190207065
              2        -172.255796673990          -0.133502247034           0.095440346445
              3        -193.936010580151          21.680213906162           0.023773113712
              4        -198.033419273229           4.097408693077           0.012010421517
              5        -198.404995671781           0.371576398552           0.004446407537
              6        -198.778054409726           0.373058737945           0.002499492902
              7        -198.799394145186           0.021339735460           0.000602270787
              8        -198.810754578624           0.011360433438           0.000548550261
              9        -198.812015853014           0.001261274391           0.000156159242
             10        -198.812581653475           0.000565800461           0.000133877454
             11        -198.812715773939           0.000134120464           0.000089497773
             12        -198.812762173208           0.000046399269           0.000053856066
             13        -198.812781008371           0.000018835163           0.000035635397
             14        -198.812787775794           0.000006767423           0.000019984607
             15        -198.812790224226           0.000002448432           0.000013300529
             16        -198.812791112010           0.000000887784           0.000007323371
             17        -198.812791434175           0.000000322165           0.000004896990
             18        -198.812791551184           0.000000117009           0.000002658374
             19        -198.812791593707           0.000000042524           0.000001792554
             20        -198.812791609181           0.000000015474           0.000000962599
             21        -198.812791614843           0.000000005662           0.000000663162
 Total energy converged after  21 global iterations                                                  
 
 ...end Multi-Species SCF calculation
 
 
 Begin SCF calculation by: E-ALPHA
 -------------------------
 
 -----------------------------------------------------------------------------------
 Iteration                   Energy           Density Change         DIIS Error 
 -----------------------------------------------------------------------------------
    1         -97.321673310582           0.047313158746                 -- 
    2         -92.215075348454           0.011545849909                 -- 
    3         -73.770890934572           0.005329694555                 -- 
    4         -81.909679063557           0.001832106893                 -- 
    5         -79.816740216499           0.001025747196                 -- 
    6         -78.179549293976           0.000257804868                 -- 
    7         -78.481061071293           0.000281776552                 -- 
    8         -78.785240351674           0.000072907764                 -- 
    9         -78.698624546127           0.000017384138                 -- 
   10         -78.626255794015           0.000027949596                 -- 
   11         -78.639917601769           0.000011620756                 -- 
   12         -78.622941258775           0.000011471854                 -- 
   13         -78.622068679778           0.000003960316                 -- 
   14         -78.615626228291           0.000004271271                 -- 
   15         -78.615497879595           0.000001381905                 -- 
   16         -78.613037640133           0.000001592846                 -- 
   17         -78.613066343364           0.000000481081                 -- 
   18         -78.612123911492           0.000000595759                 -- 
   19         -78.612164672260           0.000000167604                 -- 
   20         -78.611802661538           0.000000224379                 -- 
 
 ... end SCF calculation
 
 Begin SCF calculation by: E-BETA
 -------------------------
 
 -----------------------------------------------------------------------------------
 Iteration                   Energy           Density Change         DIIS Error 
 -----------------------------------------------------------------------------------
    1         -89.655843079932           0.048127187699                 -- 
    2         -84.837622820664           0.012227263802                 -- 
    3         -67.920962454412           0.006680726963                 -- 
    4         -74.698269242379           0.002614300644                 -- 
    5         -73.081374704874           0.001473745707                 -- 
    6         -71.764836948042           0.000344465919                 -- 
    7         -72.005905613645           0.000266773708                 -- 
    8         -72.304989191012           0.000083251477                 -- 
    9         -72.246119839608           0.000116493317                 -- 
   10         -72.218405664467           0.000061548177                 -- 
   11         -72.247562651240           0.000042235310                 -- 
   12         -72.249333959634           0.000024163543                 -- 
   13         -72.258426230255           0.000016024291                 -- 
   14         -72.258794316496           0.000009029258                 -- 
   15         -72.262259974268           0.000005941466                 -- 
   16         -72.262292184767           0.000003304144                 -- 
   17         -72.263618421427           0.000002177293                 -- 
   18         -72.263589299124           0.000001196795                 -- 
   19         -72.264098131730           0.000000794995                 -- 
   20         -72.264071073332           0.000000438784                 -- 
 
 ... end SCF calculation
 
  EIGENVALUES AND EIGENVECTORS: 
 ==============================
 
 
  Eigenvalues for: E-ALPHA
 -----------------
 
    1         -26.083933215187
    2         -26.083910026810
    3          -1.341112051284
    4          -1.341087711937
    5          -0.487005939129
    6          -0.486547568724
    7          -0.417542897439
    8          -0.417542897439
    9          -0.417458084289
   10          -0.417458084289
   11           0.328107810905
   12           0.332186237597
   13           0.347301232528
   14           0.347301232528
   15           0.353196570969
   16           0.374601880592
   17           0.374601880592
   18           0.460430079760
   19           1.012608832321
   20           1.035898611404
   21           1.085696051719
   22           1.095302795869
   23           1.095302795869
   24           1.097410274232
   25           1.100435668216
   26           1.100435668216
   27           1.105533107964
   28           1.105533108894
   29           1.105610953342
   30           1.105610954244
   31           1.150981681451
   32           1.150981681451
   33           1.165914929429
   34           1.165914929429
   35           1.170738595532
   36           1.210119609758
   37           2.944094185489
   38           2.953070681694
   39           2.966368635806
   40           2.966368635806
   41           2.982614974662
   42           2.982614974662
   43           3.032446151529
   44           3.040462571194
   45           3.066840985907
   46           3.066840985907
   47           3.067225211229
   48           3.067225211229
   49           3.072011256369
   50           3.097570994480
   51           3.097570997346
   52           3.097622002877
   53           3.097622005734
   54           3.142313912179
   55           3.148561550563
   56           3.149405987845
   57           3.149405987845
   58           3.149796390107
   59           3.149796390107
   60           3.157171446492
   61           3.157171447019
   62           3.157185733106
   63           3.157185733650
   64           3.168392129938
   65           3.170884216268
   66           3.170884216268
   67           3.170897444696
   68           3.170897444696
   69           5.202892960147
   70           5.280541517169
   71           7.565640582258
   72           7.572936593180
   73           7.590589163128
   74           7.590589163128
   75           7.605816762149
   76           7.605816762149
   77           9.014307163567
   78           9.014367211561
   79           9.020312307056
   80           9.020312307056
   81           9.020387679984
   82           9.020387679984
   83           9.039132438819
   84           9.039132439373
   85           9.039151485412
   86           9.039151485966
   87           9.070987776725
   88           9.070987776725
   89           9.071005008355
   90           9.071005008355
   91           9.464155177572
   92           9.471540669174
   93           9.479031113207
   94           9.479031113207
   95           9.479535143003
   96           9.479535143003
   97           9.526764892809
   98           9.526764893588
   99           9.526794594514
  100           9.526794595394
  101          14.730904824897
  102          14.732777535747
  103          17.840162432762
  104          17.840162432770
  105          17.916006867351
  106          17.916006867355
  107          17.924619861104
  108          17.943171396560
  109          23.612579137870
  110          23.641291973289
 
 
  Eigenvalues for: E-BETA
 -----------------
 
    1         -26.050039515141
    2         -26.050016972066
    3          -1.216474585590
    4          -1.215381236986
    5          -0.381459343806
    6          -0.381459343806
    7          -0.381275794070
    8          -0.381275794070
    9          -0.031416285746
   10           0.094765063478
   11           0.322157782647
   12           0.340467958183
   13           0.347241023364
   14           0.347241023364
   15           0.375536123253
   16           0.375536123253
   17           0.385203181801
   18           0.480172145777
   19           1.022161193788
   20           1.045636054395
   21           1.095865309859
   22           1.098420947087
   23           1.098420947087
   24           1.101981285844
   25           1.101981286694
   26           1.102076390505
   27           1.102076391338
   28           1.104023408804
   29           1.104023408804
   30           1.120827055083
   31           1.156947888778
   32           1.156947888778
   33           1.172520197401
   34           1.172520197401
   35           1.234359392984
   36           1.262389228546
   37           2.978712191810
   38           2.978712191810
   39           2.994423092224
   40           2.994423092224
   41           3.017791420116
   42           3.029731921385
   43           3.066642221767
   44           3.090925719628
   45           3.104179637012
   46           3.104179639843
   47           3.104232674356
   48           3.104232677151
   49           3.121300622160
   50           3.121300622160
   51           3.121967158009
   52           3.121967158009
   53           3.133950919267
   54           3.158687258202
   55           3.160586138358
   56           3.160586138358
   57           3.160696593337
   58           3.160696593337
   59           3.161175690385
   60           3.163756596686
   61           3.163756597287
   62           3.163775430061
   63           3.163775431099
   64           3.169224401721
   65           3.169224401721
   66           3.169237531225
   67           3.169237531225
   68           3.214158347479
   69           5.211658939593
   70           5.287995524610
   71           7.606372410423
   72           7.606372410423
   73           7.621543552784
   74           7.621543552784
   75           7.651160319300
   76           7.658198339564
   77           9.060969627793
   78           9.061096603559
   79           9.062565978541
   80           9.062565978541
   81           9.062600660597
   82           9.062600660597
   83           9.067927347722
   84           9.067927347816
   85           9.067945093985
   86           9.067945094092
   87           9.076892759490
   88           9.076892759490
   89           9.076909799352
   90           9.076909799352
   91           9.543369543099
   92           9.543369543957
   93           9.543399247067
   94           9.543399247907
   95           9.552793440408
   96           9.552793440408
   97           9.553313549802
   98           9.553313549802
   99           9.556673163518
  100           9.564056474634
  101          14.749375977946
  102          14.751199138966
  103          17.844675948220
  104          17.844675948228
  105          17.920529734434
  106          17.920529734439
  107          17.941325325889
  108          17.959877336322
  109          23.636066343334
  110          23.664825930835
 
  end of eigenvalues 
 
  Occupied Eigenvectors for: E-ALPHA
 --------------------------- 
 
                         -26.0839       -26.0839        -1.3411        -1.3411        -0.4870   
 
    1      F     S      -0.970719       0.002592       0.006025      -0.001851       0.000266
    2      F     S       0.010343      -0.000060      -0.549931       0.161035       0.002008
    3      F     S      -0.049946       0.000096      -0.159086       0.046460       0.000681
    4      F     S       0.016284       0.000136      -0.376848       0.111137       0.001823
    5      F     S       0.001241       0.000103      -0.022231       0.007335      -0.005816
    6      F    Px      -0.000000      -0.000000      -0.000000       0.000000      -0.000000
    7      F    Py      -0.000000      -0.000000      -0.000000      -0.000000       0.000000
    8      F    Pz      -0.000004       0.000008      -0.000685       0.000217       0.291508
    9      F    Px       0.000000       0.000000       0.000000      -0.000000      -0.000000
   10      F    Py       0.000000       0.000000       0.000000      -0.000000       0.000000
   11      F    Pz      -0.000071      -0.000028      -0.000904       0.000218       0.328373
   12      F    Px       0.000000      -0.000000       0.000000      -0.000000      -0.000000
   13      F    Py       0.000000       0.000000       0.000000      -0.000000       0.000000
   14      F    Pz      -0.000050      -0.000055       0.001703      -0.000878       0.218726
   15      F    Px      -0.000000       0.000000      -0.000000       0.000000      -0.000000
   16      F    Py      -0.000000      -0.000000      -0.000000       0.000000       0.000000
   17      F    Pz       0.000038       0.000061       0.000224       0.000473       0.024787
   18      F   Dxx      -0.002456       0.000003       0.000870      -0.000264      -0.000041
   19      F   Dxy      -0.000000      -0.000000      -0.000000       0.000000       0.000000
   20      F   Dxz       0.000000       0.000000       0.000000      -0.000000      -0.000000
   21      F   Dyy      -0.002456       0.000003       0.000870      -0.000264      -0.000041
   22      F   Dyz       0.000000      -0.000000      -0.000000       0.000000       0.000000
   23      F   Dzz      -0.003064       0.000008      -0.005593       0.001642       0.000009
   24      F   Dxx      -0.008013      -0.000020       0.009270      -0.002885      -0.000271
   25      F   Dxy      -0.000000      -0.000000       0.000000      -0.000000      -0.000000
   26      F   Dxz       0.000000      -0.000000       0.000000      -0.000000       0.000000
   27      F   Dyy      -0.008013      -0.000020       0.009270      -0.002885      -0.000271
   28      F   Dyz       0.000000      -0.000000      -0.000000       0.000000      -0.000000
   29      F   Dzz      -0.007821      -0.000035      -0.003424       0.000768      -0.000036
   30      F   Dxx      -0.002739      -0.000066       0.009269      -0.003137       0.001034
   31      F   Dxy       0.000000      -0.000000       0.000000      -0.000000       0.000000
   32      F   Dxz      -0.000000       0.000000       0.000000       0.000000      -0.000000
   33      F   Dyy      -0.002739      -0.000066       0.009269      -0.003137       0.001034
   34      F   Dyz       0.000000      -0.000000      -0.000000      -0.000000       0.000000
   35      F   Dzz      -0.002811      -0.000042       0.009268      -0.002978      -0.003108
   36      F  Fxxx      -0.000000      -0.000000      -0.000000       0.000000      -0.000000
   37      F  Fxxy      -0.000000      -0.000000      -0.000000       0.000000      -0.000000
   38      F  Fxxz       0.000016       0.000007       0.000020       0.000010       0.003049
   39      F  Fxyy      -0.000000       0.000000      -0.000000       0.000000       0.000000
   40      F  Fxyz       0.000000       0.000000      -0.000000       0.000000       0.000000
   41      F  Fxzz      -0.000000      -0.000000      -0.000000       0.000000      -0.000000
   42      F  Fyyy      -0.000000      -0.000000      -0.000000      -0.000000      -0.000000
   43      F  Fyyz       0.000016       0.000007       0.000020       0.000010       0.003049
   44      F  Fyzz      -0.000000      -0.000000      -0.000000       0.000000      -0.000000
   45      F  Fzzz       0.000035       0.000013       0.000050       0.000015       0.013756
   46      F  Fxxx      -0.000000      -0.000000      -0.000000       0.000000       0.000000
   47      F  Fxxy      -0.000000      -0.000000      -0.000000       0.000000      -0.000000
   48      F  Fxxz       0.000016       0.000010       0.000033       0.000037       0.004324
   49      F  Fxyy      -0.000000       0.000000      -0.000000       0.000000       0.000000
   50      F  Fxyz       0.000000       0.000000       0.000000      -0.000000      -0.000000
   51      F  Fxzz      -0.000000       0.000000      -0.000000       0.000000      -0.000000
   52      F  Fyyy      -0.000000      -0.000000      -0.000000       0.000000      -0.000000
   53      F  Fyyz       0.000016       0.000010       0.000033       0.000037       0.004324
   54      F  Fyzz      -0.000000      -0.000000      -0.000000      -0.000000      -0.000000
   55      F  Fzzz       0.000037       0.000027       0.000287       0.000038       0.014794
   56      F     S       0.002627       0.970719       0.001695       0.006071       0.000260
   57      F     S       0.000004      -0.010344      -0.161331      -0.549842       0.001917
   58      F     S       0.000172       0.049946      -0.046776      -0.158993       0.000657
   59      F     S      -0.000224      -0.016283      -0.109893      -0.377213       0.001721
   60      F     S      -0.000110      -0.001240      -0.005827      -0.022673      -0.005717
   61      F    Px      -0.000000      -0.000000      -0.000000      -0.000000       0.000000
   62      F    Py       0.000000       0.000000      -0.000000       0.000000       0.000000
   63      F    Pz       0.000008      -0.000004       0.000187       0.000694      -0.277700
   64      F    Px       0.000000       0.000000      -0.000000      -0.000000       0.000000
   65      F    Py      -0.000000      -0.000000       0.000000      -0.000000       0.000000
   66      F    Pz      -0.000029      -0.000071       0.000304       0.000879      -0.312811
   67      F    Px       0.000000       0.000000       0.000000      -0.000000       0.000000
   68      F    Py       0.000000      -0.000000       0.000000      -0.000000       0.000000
   69      F    Pz      -0.000056      -0.000050      -0.000181      -0.001908      -0.208375
   70      F    Px      -0.000000       0.000000      -0.000000       0.000000       0.000000
   71      F    Py      -0.000000       0.000000      -0.000000       0.000000       0.000000
   72      F    Pz       0.000061       0.000038      -0.000519       0.000067      -0.023505
   73      F   Dxx       0.000011       0.002456       0.000247       0.000874      -0.000038
   74      F   Dxy       0.000000      -0.000000       0.000000      -0.000000      -0.000000
   75      F   Dxz       0.000000      -0.000000       0.000000       0.000000       0.000000
   76      F   Dyy       0.000011       0.002456       0.000247       0.000874      -0.000038
   77      F   Dyz      -0.000000       0.000000       0.000000       0.000000      -0.000000
   78      F   Dzz       0.000008       0.003064      -0.001637      -0.005594       0.000007
   79      F   Dxx       0.000063       0.008012       0.002576       0.009360      -0.000251
   80      F   Dxy       0.000000       0.000000      -0.000000       0.000000       0.000000
   81      F   Dxz       0.000000      -0.000000       0.000000       0.000000      -0.000000
   82      F   Dyy       0.000063       0.008012       0.002576       0.009360      -0.000251
   83      F   Dyz       0.000000      -0.000000       0.000000       0.000000       0.000000
   84      F   Dzz       0.000077       0.007821      -0.001202      -0.003297      -0.000011
   85      F   Dxx       0.000081       0.002739       0.002364       0.009495       0.001039
   86      F   Dxy       0.000000       0.000000       0.000000      -0.000000      -0.000000
   87      F   Dxz      -0.000000       0.000000       0.000000       0.000000       0.000000
   88      F   Dyy       0.000081       0.002739       0.002364       0.009495       0.001039
   89      F   Dyz      -0.000000       0.000000      -0.000000       0.000000       0.000000
   90      F   Dzz       0.000057       0.002810       0.002497       0.009409      -0.002951
   91      F  Fxxx      -0.000000      -0.000000       0.000000      -0.000000       0.000000
   92      F  Fxxy       0.000000       0.000000      -0.000000       0.000000      -0.000000
   93      F  Fxxz       0.000007       0.000016      -0.000020      -0.000011      -0.002906
   94      F  Fxyy      -0.000000      -0.000000       0.000000       0.000000       0.000000
   95      F  Fxyz      -0.000000      -0.000000       0.000000       0.000000      -0.000000
   96      F  Fxzz      -0.000000      -0.000000       0.000000       0.000000       0.000000
   97      F  Fyyy      -0.000000       0.000000      -0.000000       0.000000      -0.000000
   98      F  Fyyz       0.000007       0.000016      -0.000020      -0.000011      -0.002906
   99      F  Fyzz       0.000000       0.000000      -0.000000       0.000000      -0.000000
  100      F  Fzzz       0.000013       0.000035      -0.000040      -0.000034      -0.013108
  101      F  Fxxx      -0.000000      -0.000000       0.000000       0.000000       0.000000
  102      F  Fxxy      -0.000000       0.000000      -0.000000       0.000000      -0.000000
  103      F  Fxxz       0.000010       0.000016      -0.000049      -0.000008      -0.004123
  104      F  Fxyy      -0.000000      -0.000000       0.000000      -0.000000       0.000000
  105      F  Fxyz       0.000000      -0.000000      -0.000000      -0.000000       0.000000
  106      F  Fxzz      -0.000000      -0.000000      -0.000000      -0.000000       0.000000
  107      F  Fyyy       0.000000       0.000000      -0.000000       0.000000      -0.000000
  108      F  Fyyz       0.000010       0.000016      -0.000049      -0.000008      -0.004123
  109      F  Fyzz      -0.000000       0.000000      -0.000000       0.000000      -0.000000
  110      F  Fzzz       0.000027       0.000036      -0.000188      -0.000221      -0.014096
 
                          -0.4865        -0.4175        -0.4175        -0.4175        -0.4175   
 
    1      F     S       0.000112      -0.000000      -0.000000       0.000000       0.000000
    2      F     S       0.001829      -0.000000      -0.000000       0.000000       0.000000
    3      F     S       0.000469       0.000000      -0.000000       0.000000       0.000000
    4      F     S       0.002053      -0.000000       0.000000      -0.000000      -0.000000
    5      F     S      -0.001907      -0.000000       0.000000      -0.000000       0.000000
    6      F    Px      -0.000000       0.071620      -0.299499      -0.023973       0.244900
    7      F    Py       0.000000       0.299499       0.071620      -0.244900      -0.023973
    8      F    Pz       0.277952       0.000000      -0.000000       0.000000       0.000000
    9      F    Px      -0.000000       0.079760      -0.333535      -0.026678       0.272537
   10      F    Py       0.000000       0.333535       0.079760      -0.272537      -0.026678
   11      F    Pz       0.313289       0.000000      -0.000000       0.000000       0.000000
   12      F    Px      -0.000000       0.058480      -0.244551      -0.019489       0.199101
   13      F    Py       0.000000       0.244551       0.058480      -0.199101      -0.019489
   14      F    Pz       0.208425       0.000000      -0.000000       0.000000       0.000000
   15      F    Px      -0.000000       0.009317      -0.038961      -0.003225       0.032945
   16      F    Py       0.000000       0.038961       0.009317      -0.032945      -0.003225
   17      F    Pz       0.025896      -0.000000       0.000000      -0.000000       0.000000
   18      F   Dxx      -0.000056       0.000000      -0.000000       0.000000      -0.000000
   19      F   Dxy       0.000000      -0.000000       0.000000      -0.000000      -0.000000
   20      F   Dxz      -0.000000       0.000009      -0.000036      -0.000004       0.000039
   21      F   Dyy      -0.000056       0.000000      -0.000000       0.000000      -0.000000
   22      F   Dyz      -0.000000       0.000036       0.000009      -0.000039      -0.000004
   23      F   Dzz       0.000042       0.000000      -0.000000       0.000000      -0.000000
   24      F   Dxx      -0.000392       0.000000      -0.000000       0.000000      -0.000000
   25      F   Dxy      -0.000000       0.000000       0.000000       0.000000       0.000000
   26      F   Dxz      -0.000000       0.000038      -0.000157      -0.000006       0.000057
   27      F   Dyy      -0.000392       0.000000      -0.000000       0.000000      -0.000000
   28      F   Dyz       0.000000       0.000157       0.000038      -0.000057      -0.000006
   29      F   Dzz      -0.000504       0.000000      -0.000000       0.000000      -0.000000
   30      F   Dxx      -0.000141       0.000000      -0.000000       0.000000       0.000000
   31      F   Dxy       0.000000      -0.000000      -0.000000      -0.000000      -0.000000
   32      F   Dxz       0.000000      -0.000550       0.002298       0.000167      -0.001705
   33      F   Dyy      -0.000141       0.000000      -0.000000       0.000000       0.000000
   34      F   Dyz      -0.000000      -0.002298      -0.000550       0.001705       0.000167
   35      F   Dzz      -0.003165       0.000000      -0.000000       0.000000      -0.000000
   36      F  Fxxx       0.000000       0.002470      -0.010330      -0.000836       0.008537
   37      F  Fxxy      -0.000000       0.004620       0.001105      -0.003818      -0.000374
   38      F  Fxxz       0.002892      -0.000000      -0.000000      -0.000000      -0.000000
   39      F  Fxyy       0.000000       0.001105      -0.004620      -0.000374       0.003818
   40      F  Fxyz       0.000000      -0.000000      -0.000000      -0.000000       0.000000
   41      F  Fxzz       0.000000       0.001870      -0.007821      -0.000629       0.006429
   42      F  Fyyy      -0.000000       0.010330       0.002470      -0.008537      -0.000836
   43      F  Fyyz       0.002892      -0.000000       0.000000      -0.000000       0.000000
   44      F  Fyzz      -0.000000       0.007821       0.001870      -0.006429      -0.000629
   45      F  Fzzz       0.013047      -0.000000      -0.000000      -0.000000       0.000000
   46      F  Fxxx       0.000000       0.002864      -0.011978      -0.000985       0.010066
   47      F  Fxxy      -0.000000       0.005357       0.001281      -0.004501      -0.000441
   48      F  Fxxz       0.004051      -0.000000       0.000000      -0.000000       0.000000
   49      F  Fxyy       0.000000       0.001281      -0.005357      -0.000441       0.004501
   50      F  Fxyz      -0.000000       0.000000      -0.000000       0.000000      -0.000000
   51      F  Fxzz      -0.000000       0.001896      -0.007930      -0.000648       0.006623
   52      F  Fyyy      -0.000000       0.011978       0.002864      -0.010066      -0.000985
   53      F  Fyyz       0.004051      -0.000000      -0.000000      -0.000000       0.000000
   54      F  Fyzz      -0.000000       0.007930       0.001896      -0.006623      -0.000648
   55      F  Fzzz       0.014054      -0.000000      -0.000000      -0.000000       0.000000
   56      F     S      -0.000124       0.000000       0.000000      -0.000000      -0.000000
   57      F     S      -0.001924       0.000000       0.000000      -0.000000      -0.000000
   58      F     S      -0.000502      -0.000000       0.000000       0.000000      -0.000000
   59      F     S      -0.002138       0.000000      -0.000000      -0.000000       0.000000
   60      F     S       0.002187       0.000000      -0.000000       0.000000       0.000000
   61      F    Px      -0.000000       0.057200      -0.239195       0.030010      -0.306581
   62      F    Py      -0.000000       0.239195       0.057200       0.306581       0.030010
   63      F    Pz       0.291746       0.000000      -0.000000       0.000000      -0.000000
   64      F    Px      -0.000000       0.063710      -0.266420       0.033402      -0.341233
   65      F    Py      -0.000000       0.266420       0.063710       0.341233       0.033402
   66      F    Pz       0.328827       0.000000      -0.000000       0.000000      -0.000000
   67      F    Px      -0.000000       0.046751      -0.195500       0.024422      -0.249490
   68      F    Py      -0.000000       0.195500       0.046751       0.249490       0.024422
   69      F    Pz       0.218777       0.000000      -0.000000       0.000000      -0.000000
   70      F    Px      -0.000000       0.007385      -0.030883       0.004008      -0.040945
   71      F    Py      -0.000000       0.030883       0.007385       0.040945       0.004008
   72      F    Pz       0.027068       0.000000      -0.000000       0.000000      -0.000000
   73      F   Dxx       0.000058      -0.000000       0.000000       0.000000       0.000000
   74      F   Dxy      -0.000000       0.000000      -0.000000      -0.000000       0.000000
   75      F   Dxz       0.000000      -0.000006       0.000027      -0.000005       0.000047
   76      F   Dyy       0.000058      -0.000000       0.000000       0.000000      -0.000000
   77      F   Dyz      -0.000000      -0.000027      -0.000006      -0.000047      -0.000005
   78      F   Dzz      -0.000042      -0.000000       0.000000       0.000000      -0.000000
   79      F   Dxx       0.000405      -0.000000       0.000000       0.000000      -0.000000
   80      F   Dxy       0.000000       0.000000       0.000000       0.000000      -0.000000
   81      F   Dxz      -0.000000      -0.000034       0.000141      -0.000009       0.000091
   82      F   Dyy       0.000405      -0.000000       0.000000       0.000000      -0.000000
   83      F   Dyz      -0.000000      -0.000141      -0.000034      -0.000091      -0.000009
   84      F   Dzz       0.000505      -0.000000       0.000000       0.000000      -0.000000
   85      F   Dxx       0.000091      -0.000000       0.000000       0.000000      -0.000000
   86      F   Dxy      -0.000000      -0.000000      -0.000000      -0.000000       0.000000
   87      F   Dxz      -0.000000       0.000448      -0.001873       0.000214      -0.002183
   88      F   Dyy       0.000091      -0.000000       0.000000       0.000000      -0.000000
   89      F   Dyz      -0.000000       0.001873       0.000448       0.002183       0.000214
   90      F   Dzz       0.003312      -0.000000       0.000000       0.000000      -0.000000
   91      F  Fxxx      -0.000000       0.001968      -0.008231       0.001044      -0.010662
   92      F  Fxxy      -0.000000       0.003681       0.000880       0.004768       0.000467
   93      F  Fxxz       0.003037      -0.000000       0.000000       0.000000       0.000000
   94      F  Fxyy      -0.000000       0.000880      -0.003681       0.000467      -0.004768
   95      F  Fxyz       0.000000      -0.000000      -0.000000      -0.000000      -0.000000
   96      F  Fxzz      -0.000000       0.001492      -0.006239       0.000787      -0.008038
   97      F  Fyyy      -0.000000       0.008231       0.001968       0.010662       0.001044
   98      F  Fyyz       0.003037      -0.000000      -0.000000      -0.000000      -0.000000
   99      F  Fyzz      -0.000000       0.006239       0.001492       0.008038       0.000787
  100      F  Fzzz       0.013697       0.000000      -0.000000       0.000000      -0.000000
  101      F  Fxxx      -0.000000       0.002273      -0.009507       0.001226      -0.012526
  102      F  Fxxy      -0.000000       0.004252       0.001017       0.005602       0.000548
  103      F  Fxxz       0.004256       0.000000       0.000000       0.000000       0.000000
  104      F  Fxyy      -0.000000       0.001017      -0.004252       0.000548      -0.005602
  105      F  Fxyz      -0.000000      -0.000000       0.000000      -0.000000       0.000000
  106      F  Fxzz      -0.000000       0.001507      -0.006303       0.000808      -0.008252
  107      F  Fyyy      -0.000000       0.009507       0.002273       0.012526       0.001226
  108      F  Fyyz       0.004256       0.000000      -0.000000      -0.000000      -0.000000
  109      F  Fyzz      -0.000000       0.006303       0.001507       0.008252       0.000808
  110      F  Fzzz       0.014753       0.000000      -0.000000       0.000000      -0.000000
 
 
  Occupied Eigenvectors for: E-BETA
 --------------------------- 
 
                         -26.0500       -26.0500        -1.2165        -1.2154        -0.3815   
 
    1      F     S       0.965288      -0.109546      -0.005552       0.005424      -0.000000
    2      F     S      -0.010998       0.001214       0.396400      -0.391449      -0.000000
    3      F     S       0.047656      -0.005451       0.113800      -0.112469      -0.000000
    4      F     S      -0.016302       0.002056       0.283898      -0.280051       0.000000
    5      F     S      -0.001176       0.000248       0.022433      -0.021129       0.000000
    6      F    Px       0.000000      -0.000000      -0.000000       0.000000      -0.274798
    7      F    Py       0.000000      -0.000000      -0.000000       0.000000      -0.076700
    8      F    Pz       0.000050       0.000007      -0.001254       0.002612      -0.000000
    9      F    Px      -0.000000       0.000000       0.000000       0.000000      -0.304150
   10      F    Py      -0.000000       0.000000       0.000000      -0.000000      -0.084893
   11      F    Pz      -0.000172      -0.000014      -0.001472       0.003011      -0.000000
   12      F    Px      -0.000000      -0.000000       0.000000       0.000000      -0.238919
   13      F    Py      -0.000000       0.000000       0.000000       0.000000      -0.066686
   14      F    Pz      -0.000006      -0.000058      -0.001092       0.002842      -0.000000
   15      F    Px       0.000000       0.000000      -0.000000      -0.000000      -0.046111
   16      F    Py       0.000000      -0.000000      -0.000000      -0.000000      -0.012870
   17      F    Pz      -0.000020       0.000070       0.000900       0.000389      -0.000000
   18      F   Dxx       0.003283      -0.000377       0.002672      -0.002658      -0.000000
   19      F   Dxy       0.000000      -0.000000       0.000000      -0.000000      -0.000000
   20      F   Dxz      -0.000000       0.000000       0.000000      -0.000000       0.000151
   21      F   Dyy       0.003283      -0.000377       0.002672      -0.002658       0.000000
   22      F   Dyz      -0.000000      -0.000000      -0.000000       0.000000       0.000042
   23      F   Dzz       0.002371      -0.000270      -0.002887       0.002876      -0.000000
   24      F   Dxx       0.008062      -0.000963       0.001528      -0.001617      -0.000000
   25      F   Dxy       0.000000      -0.000000      -0.000000       0.000000       0.000000
   26      F   Dxz      -0.000000      -0.000000       0.000000      -0.000000       0.000180
   27      F   Dyy       0.008062      -0.000963       0.001528      -0.001617      -0.000000
   28      F   Dyz      -0.000000       0.000000      -0.000000       0.000000       0.000050
   29      F   Dzz       0.007909      -0.000960      -0.009765       0.009532      -0.000000
   30      F   Dxx       0.002735      -0.000392      -0.002730       0.002319      -0.000000
   31      F   Dxy      -0.000000      -0.000000      -0.000000       0.000000      -0.000000
   32      F   Dxz       0.000000       0.000000      -0.000000      -0.000000       0.002018
   33      F   Dyy       0.002735      -0.000392      -0.002730       0.002319      -0.000000
   34      F   Dyz      -0.000000      -0.000000       0.000000       0.000000       0.000563
   35      F   Dzz       0.002703      -0.000361      -0.005875       0.006083      -0.000000
   36      F  Fxxx       0.000000      -0.000000      -0.000000      -0.000000      -0.011627
   37      F  Fxxy       0.000000      -0.000000      -0.000000       0.000000      -0.001451
   38      F  Fxxz       0.000027       0.000006      -0.000015       0.000046      -0.000000
   39      F  Fxyy       0.000000      -0.000000      -0.000000      -0.000000      -0.005200
   40      F  Fxyz      -0.000000       0.000000      -0.000000      -0.000000       0.000000
   41      F  Fxzz       0.000000      -0.000000      -0.000000      -0.000000      -0.004735
   42      F  Fyyy       0.000000      -0.000000      -0.000000       0.000000      -0.003245
   43      F  Fyyz       0.000027       0.000006      -0.000015       0.000046      -0.000000
   44      F  Fyzz       0.000000      -0.000000      -0.000000       0.000000      -0.001322
   45      F  Fzzz       0.000063       0.000010      -0.000040       0.000081      -0.000000
   46      F  Fxxx       0.000000      -0.000000      -0.000000      -0.000000      -0.013139
   47      F  Fxxy       0.000000      -0.000000      -0.000000       0.000000      -0.001640
   48      F  Fxxz       0.000020       0.000010      -0.000101       0.000077      -0.000000
   49      F  Fxyy       0.000000      -0.000000      -0.000000      -0.000000      -0.005876
   50      F  Fxyz      -0.000000       0.000000      -0.000000       0.000000      -0.000000
   51      F  Fxzz       0.000000      -0.000000      -0.000000      -0.000000      -0.005443
   52      F  Fyyy       0.000000      -0.000000      -0.000000      -0.000000      -0.003667
   53      F  Fyyz       0.000020       0.000010      -0.000101       0.000077      -0.000000
   54      F  Fyzz       0.000000      -0.000000      -0.000000       0.000000      -0.001519
   55      F  Fzzz       0.000048       0.000027       0.000033       0.000036      -0.000000
   56      F     S       0.109510       0.965292      -0.005479      -0.005497      -0.000000
   57      F     S      -0.001281      -0.010991       0.391178       0.396666       0.000000
   58      F     S       0.005365       0.047666       0.112300       0.113966       0.000000
   59      F     S      -0.001648      -0.016348       0.280163       0.283788      -0.000000
   60      F     S      -0.000022      -0.001202       0.022151       0.021425      -0.000000
   61      F    Px       0.000000      -0.000000      -0.000000      -0.000000      -0.250093
   62      F    Py      -0.000000       0.000000       0.000000       0.000000      -0.069805
   63      F    Pz      -0.000018      -0.000047       0.001219       0.002628      -0.000000
   64      F    Px      -0.000000       0.000000       0.000000       0.000000      -0.276827
   65      F    Py       0.000000      -0.000000      -0.000000      -0.000000      -0.077266
   66      F    Pz       0.000052       0.000164       0.001432       0.003030      -0.000000
   67      F    Px      -0.000000       0.000000      -0.000000       0.000000      -0.217531
   68      F    Py      -0.000000      -0.000000      -0.000000       0.000000      -0.060716
   69      F    Pz       0.000058      -0.000007       0.001054       0.002856      -0.000000
   70      F    Px       0.000000      -0.000000       0.000000      -0.000000      -0.041865
   71      F    Py       0.000000       0.000000      -0.000000      -0.000000      -0.011685
   72      F    Pz      -0.000064       0.000036      -0.000905       0.000377      -0.000000
   73      F   Dxx       0.000368       0.003284       0.002636       0.002693       0.000000
   74      F   Dxy      -0.000000      -0.000000       0.000000      -0.000000      -0.000000
   75      F   Dxz      -0.000000       0.000000       0.000000       0.000000      -0.000138
   76      F   Dyy       0.000368       0.003284       0.002636       0.002693       0.000000
   77      F   Dyz       0.000000       0.000000       0.000000       0.000000      -0.000039
   78      F   Dzz       0.000268       0.002371      -0.002849      -0.002914       0.000000
   79      F   Dxx       0.000868       0.008073       0.001506       0.001637       0.000000
   80      F   Dxy       0.000000       0.000000      -0.000000       0.000000       0.000000
   81      F   Dxz      -0.000000      -0.000000       0.000000       0.000000      -0.000158
   82      F   Dyy       0.000868       0.008073       0.001506       0.001637       0.000000
   83      F   Dyz      -0.000000      -0.000000       0.000000       0.000000      -0.000044
   84      F   Dzz       0.000837       0.007923      -0.009637      -0.009660       0.000000
   85      F   Dxx       0.000231       0.002753      -0.002699      -0.002355       0.000000
   86      F   Dxy      -0.000000       0.000000      -0.000000      -0.000000      -0.000000
   87      F   Dxz       0.000000       0.000000       0.000000       0.000000      -0.001843
   88      F   Dyy       0.000231       0.002753      -0.002699      -0.002355       0.000000
   89      F   Dyz       0.000000       0.000000       0.000000       0.000000      -0.000514
   90      F   Dzz       0.000254       0.002715      -0.005794      -0.006160       0.000000
   91      F  Fxxx       0.000000      -0.000000      -0.000000      -0.000000      -0.010573
   92      F  Fxxy      -0.000000       0.000000       0.000000       0.000000      -0.001320
   93      F  Fxxz      -0.000011      -0.000025       0.000015       0.000047      -0.000000
   94      F  Fxyy       0.000000      -0.000000      -0.000000      -0.000000      -0.004728
   95      F  Fxyz       0.000000      -0.000000       0.000000      -0.000000      -0.000000
   96      F  Fxzz       0.000000      -0.000000       0.000000      -0.000000      -0.004305
   97      F  Fyyy       0.000000       0.000000       0.000000       0.000000      -0.002951
   98      F  Fyyz      -0.000011      -0.000025       0.000015       0.000047      -0.000000
   99      F  Fyzz      -0.000000       0.000000       0.000000       0.000000      -0.001202
  100      F  Fzzz      -0.000024      -0.000059       0.000039       0.000082      -0.000000
  101      F  Fxxx       0.000000      -0.000000      -0.000000      -0.000000      -0.011929
  102      F  Fxxy       0.000000       0.000000       0.000000       0.000000      -0.001489
  103      F  Fxxz      -0.000014      -0.000017       0.000100       0.000079      -0.000000
  104      F  Fxyy       0.000000      -0.000000       0.000000      -0.000000      -0.005335
  105      F  Fxyz      -0.000000      -0.000000       0.000000       0.000000       0.000000
  106      F  Fxzz       0.000000      -0.000000      -0.000000      -0.000000      -0.004941
  107      F  Fyyy      -0.000000       0.000000       0.000000       0.000000      -0.003330
  108      F  Fyyz      -0.000014      -0.000017       0.000100       0.000079      -0.000000
  109      F  Fyzz       0.000000       0.000000       0.000000      -0.000000      -0.001379
  110      F  Fzzz      -0.000037      -0.000040      -0.000034       0.000035      -0.000000
 
                          -0.3815        -0.3813        -0.3813        -0.0314   
 
    1      F     S       0.000000       0.000000      -0.000000       0.001927
    2      F     S       0.000000       0.000000      -0.000000       0.007172
    3      F     S      -0.000000       0.000000      -0.000000       0.004677
    4      F     S       0.000000      -0.000000       0.000000      -0.003182
    5      F     S       0.000000      -0.000000       0.000000      -0.035060
    6      F    Px       0.076700      -0.251610      -0.064849       0.000000
    7      F    Py      -0.274798      -0.064849       0.251610      -0.000000
    8      F    Pz       0.000000      -0.000000      -0.000000      -0.212540
    9      F    Px       0.084893      -0.278272      -0.071720       0.000000
   10      F    Py      -0.304150      -0.071720       0.278272      -0.000000
   11      F    Pz       0.000000      -0.000000      -0.000000      -0.236006
   12      F    Px       0.066686      -0.217803      -0.056135       0.000000
   13      F    Py      -0.238919      -0.056135       0.217803      -0.000000
   14      F    Pz       0.000000      -0.000000      -0.000000      -0.230066
   15      F    Px       0.012870      -0.043313      -0.011163       0.000000
   16      F    Py      -0.046111      -0.011163       0.043313      -0.000000
   17      F    Pz       0.000000      -0.000000      -0.000000      -0.219899
   18      F   Dxx      -0.000000      -0.000000       0.000000       0.000140
   19      F   Dxy       0.000000       0.000000      -0.000000       0.000000
   20      F   Dxz      -0.000042       0.000135       0.000035       0.000000
   21      F   Dyy      -0.000000      -0.000000       0.000000       0.000140
   22      F   Dyz       0.000151       0.000035      -0.000135      -0.000000
   23      F   Dzz      -0.000000      -0.000000       0.000000      -0.000047
   24      F   Dxx      -0.000000       0.000000      -0.000000       0.003535
   25      F   Dxy      -0.000000      -0.000000       0.000000      -0.000000
   26      F   Dxz      -0.000050       0.000230       0.000059      -0.000000
   27      F   Dyy      -0.000000       0.000000      -0.000000       0.003535
   28      F   Dyz       0.000180       0.000059      -0.000230       0.000000
   29      F   Dzz      -0.000000       0.000000      -0.000000       0.003240
   30      F   Dxx      -0.000000       0.000000      -0.000000       0.008760
   31      F   Dxy      -0.000000       0.000000       0.000000       0.000000
   32      F   Dxz      -0.000563       0.001782       0.000459       0.000000
   33      F   Dyy      -0.000000       0.000000      -0.000000       0.008760
   34      F   Dyz       0.002018       0.000459      -0.001782      -0.000000
   35      F   Dzz      -0.000000       0.000000      -0.000000       0.005942
   36      F  Fxxx       0.003245      -0.010743      -0.002769       0.000000
   37      F  Fxxy      -0.005200      -0.001238       0.004805      -0.000000
   38      F  Fxxz       0.000000       0.000000      -0.000000      -0.005231
   39      F  Fxyy       0.001451      -0.004805      -0.001238      -0.000000
   40      F  Fxyz       0.000000      -0.000000      -0.000000       0.000000
   41      F  Fxzz       0.001322      -0.004376      -0.001128       0.000000
   42      F  Fyyy      -0.011627      -0.002769       0.010743      -0.000000
   43      F  Fyyz       0.000000      -0.000000       0.000000      -0.005231
   44      F  Fyzz      -0.004735      -0.001128       0.004376      -0.000000
   45      F  Fzzz       0.000000       0.000000      -0.000000      -0.010559
   46      F  Fxxx       0.003667      -0.012340      -0.003180       0.000000
   47      F  Fxxy      -0.005876      -0.001422       0.005519      -0.000000
   48      F  Fxxz       0.000000      -0.000000      -0.000000      -0.006618
   49      F  Fxyy       0.001640      -0.005519      -0.001422       0.000000
   50      F  Fxyz      -0.000000      -0.000000       0.000000      -0.000000
   51      F  Fxzz       0.001519      -0.005121      -0.001320      -0.000000
   52      F  Fyyy      -0.013139      -0.003180       0.012340      -0.000000
   53      F  Fyyz       0.000000       0.000000      -0.000000      -0.006618
   54      F  Fyzz      -0.005443      -0.001320       0.005121      -0.000000
   55      F  Fzzz       0.000000      -0.000000      -0.000000      -0.014997
   56      F     S      -0.000000      -0.000000       0.000000       0.001927
   57      F     S      -0.000000      -0.000000       0.000000       0.007171
   58      F     S       0.000000       0.000000       0.000000       0.004677
   59      F     S      -0.000000      -0.000000      -0.000000      -0.003182
   60      F     S      -0.000000      -0.000000      -0.000000      -0.035059
   61      F    Px       0.069805       0.276429       0.071245      -0.000000
   62      F    Py      -0.250093       0.071245      -0.276429      -0.000000
   63      F    Pz       0.000000       0.000000       0.000000       0.212557
   64      F    Px       0.077266       0.305743       0.078801      -0.000000
   65      F    Py      -0.276827       0.078801      -0.305743      -0.000000
   66      F    Pz       0.000000       0.000000       0.000000       0.236025
   67      F    Px       0.060716       0.239388       0.061699      -0.000000
   68      F    Py      -0.217531       0.061699      -0.239388      -0.000000
   69      F    Pz       0.000000       0.000000       0.000000       0.230083
   70      F    Px       0.011685       0.047475       0.012236      -0.000000
   71      F    Py      -0.041865       0.012236      -0.047475      -0.000000
   72      F    Pz       0.000000       0.000000      -0.000000       0.219911
   73      F   Dxx       0.000000       0.000000       0.000000       0.000140
   74      F   Dxy       0.000000       0.000000      -0.000000       0.000000
   75      F   Dxz       0.000039       0.000149       0.000038      -0.000000
   76      F   Dyy       0.000000       0.000000       0.000000       0.000140
   77      F   Dyz      -0.000138       0.000038      -0.000149      -0.000000
   78      F   Dzz       0.000000       0.000000       0.000000      -0.000047
   79      F   Dxx       0.000000       0.000000       0.000000       0.003535
   80      F   Dxy      -0.000000      -0.000000       0.000000      -0.000000
   81      F   Dxz       0.000044       0.000246       0.000063       0.000000
   82      F   Dyy       0.000000       0.000000       0.000000       0.003535
   83      F   Dyz      -0.000158       0.000063      -0.000246       0.000000
   84      F   Dzz       0.000000       0.000000       0.000000       0.003240
   85      F   Dxx       0.000000       0.000000       0.000000       0.008759
   86      F   Dxy      -0.000000       0.000000      -0.000000       0.000000
   87      F   Dxz       0.000514       0.001965       0.000506       0.000000
   88      F   Dyy       0.000000       0.000000       0.000000       0.008759
   89      F   Dyz      -0.001843       0.000506      -0.001965       0.000000
   90      F   Dzz       0.000000       0.000000       0.000000       0.005942
   91      F  Fxxx       0.002951       0.011793       0.003039      -0.000000
   92      F  Fxxy      -0.004728       0.001359      -0.005274       0.000000
   93      F  Fxxz       0.000000       0.000000       0.000000       0.005231
   94      F  Fxyy       0.001320       0.005274       0.001359      -0.000000
   95      F  Fxyz       0.000000       0.000000      -0.000000       0.000000
   96      F  Fxzz       0.001202       0.004803       0.001238      -0.000000
   97      F  Fyyy      -0.010573       0.003039      -0.011793       0.000000
   98      F  Fyyz       0.000000       0.000000       0.000000       0.005231
   99      F  Fyzz      -0.004305       0.001238      -0.004803       0.000000
  100      F  Fzzz       0.000000       0.000000       0.000000       0.010560
  101      F  Fxxx       0.003330       0.013525       0.003486      -0.000000
  102      F  Fxxy      -0.005335       0.001559      -0.006049       0.000000
  103      F  Fxxz       0.000000       0.000000      -0.000000       0.006618
  104      F  Fxyy       0.001489       0.006049       0.001559      -0.000000
  105      F  Fxyz      -0.000000      -0.000000      -0.000000       0.000000
  106      F  Fxzz       0.001379       0.005612       0.001446      -0.000000
  107      F  Fyyy      -0.011929       0.003486      -0.013525      -0.000000
  108      F  Fyyz       0.000000       0.000000       0.000000       0.006618
  109      F  Fyzz      -0.004941       0.001446      -0.005612       0.000000
  110      F  Fzzz       0.000000       0.000000       0.000000       0.014998
 
 
  end of eigenvectors 
 
  END OF EIGENVALUES AND EIGENVECTORS
 
 
  COMPONENTS OF KINETIC ENERGY: 
 -----------------------------
 
             E-ALPHA Kinetic energy =          102.009566427149
              E-BETA Kinetic energy =           96.769927001054
                                     _________________________
               Total kinetic energy =          198.779493428204
 
  COMPONENTS OF POTENTIAL ENERGY: 
 -------------------------------
 
          Fixed potential energy    =            9.119863231583
 
  Quantum/Fixed interaction energy: 
 ----------------------------------
 
     E-ALPHA/Fixed interact. energy =         -258.796129034602
      E-BETA/Fixed interact. energy =         -242.266025599638
                                     _________________________
               Total Q/Fixed energy =         -501.062154634241
 
  Coulomb energy: 
 ------------------
 
     E-ALPHA/E-ALPHA Hartree energy =           31.807990534587
       E-BETA/E-BETA Hartree energy =           25.654528918167
      E-ALPHA/E-BETA Hartree energy =           57.056589428409
                                     _________________________
               Total Hartree energy =          114.519108881164
 
  Exchange(HF) energy: 
 ----------------------
 
            E-ALPHA Exchange energy =          -10.689855720608
             E-BETA Exchange energy =           -9.479246803101
                                     _________________________
              Total Exchange energy =          -20.169102523709
 
  TOTAL ENERGY COMPONENTS: 
 ==========================
 
          TOTAL KINETIC ENERGY      =          198.779493428204
          TOTAL POTENTIAL ENERGY    =         -397.592285045203
                                     _________________________
                       TOTAL ENERGY =         -198.812791616999
 
                 VIRIAL RATIO (V/T) =            2.000167513199
 
 
  END ENERGY COMPONENTS
 
 
** TOTAL CPU Time SCF :      7.366 (s)
** TOTAL Elapsed Time SCF :      1.844 (s)
 
 We are calculating properties for E-ALPHA in the HF/KS ground state
 We are calculating properties for E-BETA in the HF/KS ground state
 
  POPULATION ANALYSES: 
 ====================
 
 MULLIKEN Population: for E-        
 ---------------------
 
                          total          spin      
 
    1      F     S       1.941238      -0.000851
    2      F     S       1.073930       0.017252
    3      F     S       0.270202       0.006172
    4      F     S       0.706067      -0.008842
    5      F     S       0.033120      -0.006152
    6      F    Px       0.571524       0.010523
    7      F    Py       0.571524       0.010523
    8      F    Pz       0.392098       0.212875
    9      F    Px       0.805841       0.012619
   10      F    Py       0.805841       0.012619
   11      F    Pz       0.564113       0.286006
   12      F    Px       0.496236      -0.014931
   13      F    Py       0.496236      -0.014931
   14      F    Pz       0.358850       0.082776
   15      F    Px       0.044636      -0.006296
   16      F    Py       0.044636      -0.006296
   17      F    Pz       0.123415      -0.098901
   18      F   Dxx       0.002707      -0.003061
   19      F   Dxy       0.000000       0.000000
   20      F   Dxz       0.000000      -0.000000
   21      F   Dyy       0.002707      -0.003061
   22      F   Dyz       0.000000      -0.000000
   23      F   Dzz       0.002061       0.006319
   24      F   Dxx      -0.004217      -0.007614
   25      F   Dxy       0.000000       0.000000
   26      F   Dxz       0.000000      -0.000001
   27      F   Dyy      -0.004217      -0.007614
   28      F   Dyz       0.000000      -0.000001
   29      F   Dzz      -0.005907       0.010943
   30      F   Dxx      -0.004962      -0.002062
   31      F   Dxy       0.000000      -0.000000
   32      F   Dxz       0.000017      -0.000000
   33      F   Dyy      -0.004962      -0.002062
   34      F   Dyz       0.000017      -0.000000
   35      F   Dzz      -0.006784      -0.000264
   36      F  Fxxx       0.023307      -0.002074
   37      F  Fxxy       0.007769      -0.000691
   38      F  Fxxz       0.004323       0.000572
   39      F  Fxyy       0.007769      -0.000691
   40      F  Fxyz       0.000000      -0.000000
   41      F  Fxzz       0.009869       0.002174
   42      F  Fyyy       0.023307      -0.002074
   43      F  Fyyz       0.004323       0.000572
   44      F  Fyzz       0.009869       0.002174
   45      F  Fzzz       0.019993       0.009842
   46      F  Fxxx       0.023618      -0.002037
   47      F  Fxxy       0.007873      -0.000679
   48      F  Fxxz       0.005380       0.000488
   49      F  Fxyy       0.007873      -0.000679
   50      F  Fxyz       0.000000      -0.000000
   51      F  Fxzz       0.009312       0.001394
   52      F  Fyyy       0.023618      -0.002037
   53      F  Fyyz       0.005380       0.000488
   54      F  Fyzz       0.009312       0.001394
   55      F  Fzzz       0.021110       0.006213
   56      F     S       1.941238      -0.000851
   57      F     S       1.073928       0.017252
   58      F     S       0.270201       0.006172
   59      F     S       0.706068      -0.008842
   60      F     S       0.033121      -0.006152
   61      F    Px       0.571520       0.010523
   62      F    Py       0.571520       0.010523
   63      F    Pz       0.392110       0.212860
   64      F    Px       0.805838       0.012619
   65      F    Py       0.805838       0.012619
   66      F    Pz       0.564132       0.285983
   67      F    Px       0.496240      -0.014931
   68      F    Py       0.496240      -0.014931
   69      F    Pz       0.358873       0.082759
   70      F    Px       0.044638      -0.006296
   71      F    Py       0.044638      -0.006296
   72      F    Pz       0.123427      -0.098912
   73      F   Dxx       0.002707      -0.003061
   74      F   Dxy       0.000000       0.000000
   75      F   Dxz       0.000000      -0.000000
   76      F   Dyy       0.002707      -0.003061
   77      F   Dyz       0.000000      -0.000000
   78      F   Dzz       0.002061       0.006319
   79      F   Dxx      -0.004217      -0.007614
   80      F   Dxy       0.000000      -0.000000
   81      F   Dxz       0.000000      -0.000001
   82      F   Dyy      -0.004217      -0.007614
   83      F   Dyz       0.000000      -0.000001
   84      F   Dzz      -0.005907       0.010943
   85      F   Dxx      -0.004962      -0.002062
   86      F   Dxy       0.000000      -0.000000
   87      F   Dxz       0.000017      -0.000000
   88      F   Dyy      -0.004962      -0.002062
   89      F   Dyz       0.000017      -0.000000
   90      F   Dzz      -0.006784      -0.000265
   91      F  Fxxx       0.023307      -0.002074
   92      F  Fxxy       0.007769      -0.000691
   93      F  Fxxz       0.004323       0.000572
   94      F  Fxyy       0.007769      -0.000691
   95      F  Fxyz       0.000000       0.000000
   96      F  Fxzz       0.009869       0.002174
   97      F  Fyyy       0.023307      -0.002074
   98      F  Fyyz       0.004323       0.000572
   99      F  Fyzz       0.009869       0.002174
  100      F  Fzzz       0.019993       0.009841
  101      F  Fxxx       0.023618      -0.002037
  102      F  Fxxy       0.007873      -0.000679
  103      F  Fxxz       0.005380       0.000488
  104      F  Fxyy       0.007873      -0.000679
  105      F  Fxyz       0.000000       0.000000
  106      F  Fxzz       0.009312       0.001394
  107      F  Fyyy       0.023618      -0.002037
  108      F  Fyyz       0.005380       0.000488
  109      F  Fyzz       0.009312       0.001394
  110      F  Fzzz       0.021111       0.006211
 
                           __________     __________
              Total =       19.000000       1.000000
 
  Atomic MULLIKEN Population: for E-        
            F                9.499965       0.500035
            F                9.500035       0.499965
 
 ...end of MULLIKEN Population
 
 
 END POPULATION ANALYSES 
 
 
  POPULATION ANALYSES: 
 ====================
 
 LOWDIN Population: for E-        
 ---------------------
 
                          total          spin      
 
    1      F     S       1.575193      -0.000150
    2      F     S       0.617521       0.005063
    3      F     S       0.418025       0.004219
    4      F     S       0.299904      -0.003425
    5      F     S       0.076066      -0.004558
    6      F    Px       0.513557       0.010140
    7      F    Py       0.513557       0.010140
    8      F    Pz       0.352110       0.194159
    9      F    Px       0.380079       0.003908
   10      F    Py       0.380079       0.003908
   11      F    Pz       0.264938       0.130298
   12      F    Px       0.277792      -0.008652
   13      F    Py       0.277792      -0.008652
   14      F    Pz       0.215236       0.032456
   15      F    Px       0.064912      -0.005978
   16      F    Py       0.064912      -0.005978
   17      F    Pz       0.126928      -0.081156
   18      F   Dxx       0.159693      -0.000579
   19      F   Dxy       0.000000       0.000000
   20      F   Dxz       0.000000      -0.000000
   21      F   Dyy       0.159693      -0.000579
   22      F   Dyz       0.000000      -0.000000
   23      F   Dzz       0.158952       0.009390
   24      F   Dxx       0.152454      -0.006048
   25      F   Dxy       0.000000       0.000000
   26      F   Dxz       0.000002      -0.000001
   27      F   Dyy       0.152454      -0.006048
   28      F   Dyz       0.000002      -0.000001
   29      F   Dzz       0.150540       0.008216
   30      F   Dxx       0.027102      -0.002975
   31      F   Dxy       0.000000       0.000000
   32      F   Dxz       0.000015      -0.000000
   33      F   Dyy       0.027102      -0.002975
   34      F   Dyz       0.000015      -0.000000
   35      F   Dzz       0.026135      -0.000289
   36      F  Fxxx       0.238688       0.001786
   37      F  Fxxy       0.104169       0.000857
   38      F  Fxxz       0.071455       0.035327
   39      F  Fxyy       0.104169       0.000857
   40      F  Fxyz       0.000000      -0.000000
   41      F  Fxzz       0.105780       0.003071
   42      F  Fyyy       0.238688       0.001786
   43      F  Fyyz       0.071455       0.035327
   44      F  Fyzz       0.105780       0.003071
   45      F  Fzzz       0.168198       0.085833
   46      F  Fxxx       0.169003      -0.003616
   47      F  Fxxy       0.072419      -0.001586
   48      F  Fxxz       0.052163       0.014765
   49      F  Fxyy       0.072419      -0.001586
   50      F  Fxyz      -0.000000      -0.000000
   51      F  Fxzz       0.073585       0.000072
   52      F  Fyyy       0.169003      -0.003616
   53      F  Fyyz       0.052163       0.014765
   54      F  Fyzz       0.073585       0.000072
   55      F  Fzzz       0.124485       0.038999
   56      F     S       1.575193      -0.000150
   57      F     S       0.617520       0.005063
   58      F     S       0.418024       0.004218
   59      F     S       0.299904      -0.003425
   60      F     S       0.076067      -0.004558
   61      F    Px       0.513554       0.010140
   62      F    Py       0.513554       0.010140
   63      F    Pz       0.352120       0.194145
   64      F    Px       0.380077       0.003908
   65      F    Py       0.380077       0.003908
   66      F    Pz       0.264947       0.130287
   67      F    Px       0.277795      -0.008652
   68      F    Py       0.277795      -0.008652
   69      F    Pz       0.215250       0.032444
   70      F    Px       0.064914      -0.005978
   71      F    Py       0.064914      -0.005978
   72      F    Pz       0.126939      -0.081165
   73      F   Dxx       0.159693      -0.000578
   74      F   Dxy       0.000000       0.000000
   75      F   Dxz       0.000000      -0.000000
   76      F   Dyy       0.159693      -0.000578
   77      F   Dyz       0.000000      -0.000000
   78      F   Dzz       0.158951       0.009390
   79      F   Dxx       0.152454      -0.006048
   80      F   Dxy       0.000000      -0.000000
   81      F   Dxz       0.000002      -0.000001
   82      F   Dyy       0.152454      -0.006048
   83      F   Dyz       0.000002      -0.000001
   84      F   Dzz       0.150541       0.008216
   85      F   Dxx       0.027102      -0.002975
   86      F   Dxy       0.000000      -0.000000
   87      F   Dxz       0.000015      -0.000000
   88      F   Dyy       0.027102      -0.002975
   89      F   Dyz       0.000015      -0.000000
   90      F   Dzz       0.026136      -0.000290
   91      F  Fxxx       0.238687       0.001787
   92      F  Fxxy       0.104168       0.000857
   93      F  Fxxz       0.071458       0.035324
   94      F  Fxyy       0.104168       0.000857
   95      F  Fxyz       0.000000       0.000000
   96      F  Fxzz       0.105779       0.003071
   97      F  Fyyy       0.238687       0.001787
   98      F  Fyyz       0.071458       0.035324
   99      F  Fyzz       0.105779       0.003071
  100      F  Fzzz       0.168204       0.085826
  101      F  Fxxx       0.169004      -0.003616
  102      F  Fxxy       0.072419      -0.001586
  103      F  Fxxz       0.052166       0.014763
  104      F  Fxyy       0.072419      -0.001586
  105      F  Fxyz       0.000000       0.000000
  106      F  Fxzz       0.073586       0.000072
  107      F  Fyyy       0.169004      -0.003616
  108      F  Fyyz       0.052166       0.014763
  109      F  Fyzz       0.073586       0.000072
  110      F  Fzzz       0.124491       0.038993
 
                           __________     __________
              Total =       19.000000       1.000000
 
  Atomic LOWDIN Population: for E-        
            F                9.499965       0.500035
            F                9.500035       0.499965
 
 ...end of LOWDIN Population
 
 
 END POPULATION ANALYSES 
 
 
  EXPECTED POSITIONS OF QUANTUM SPECIES:
 ======================
 
 POSITIONS IN ANGSTROMS
 ------
 
                        <x>      <y>      <z>         
            E-ALPHA   0.0000   0.0000  23.5000
             E-BETA   0.0000   0.0000  21.1502
 
 END EXPECTED POSITIONS
 
 
  ELECTROSTATIC MOMENTS:
 ======================
 
 
 DIPOLE: (A.U.)
 ------
 
                           <Dx>         <Dy>         <Dz>          |D|
            E-ALPHA  -0.00000000  -0.00000000 -44.40856030
             E-BETA  -0.00000000  -0.00000000 -39.96801063
    Point charges:    0.00000000   0.00000000  79.93540928
                     ____________________________
      Total Dipole:  -0.00000000  -0.00000000  -4.44116165   4.44116165
 
 DIPOLE: (DEBYE)
 ------
 
                           <Dx>         <Dy>         <Dz>          |D|
            E-ALPHA  -0.00000000  -0.00000000-112.87528670
             E-BETA  -0.00000000  -0.00000000-101.58853673
    Point charges:    0.00000000   0.00000000 203.17551795
                     ____________________________
      Total Dipole:  -0.00000000  -0.00000000 -11.28830548  11.28830548
 
 QUADRUPOLE NON-TRACELESS: (DEBYE ANGS)
 ------
 
                           <xx>         <yy>         <zz>         <xy>         <xz>         <yz>
            E-ALPHA   -5.65253521   -5.65253521 -536.48917126   -0.00000000    0.00000000   -0.00000000
             E-BETA   -6.36116886   -6.36116886 -482.61899999   -0.00000000   -0.00000000   -0.00000000
    Point charges:     0.00000000    0.00000000  954.92482543    0.00000000    0.00000000    0.00000000
  Total Quadrupole:  -12.01370407  -12.01370407  -64.18334582   -0.00000000   -0.00000000   -0.00000000
                     ____________________________
 
 END ELECTROSTATIC MOMENTS
 
 
 BEGIN FOUR-INDEX INTEGRALS TRANFORMATION:
 ========================================
 Selected method: C         
 
 --------------------------------------------------
    4N^5 Algorithm Four-index integral tranformation
 --------------------------------------------------
 
 Integrals transformation for: E-ALPHA
 
              Transformation boundaries 
                 orbital lower upper
                       p     1    10
                       q    11   110
                       r     1    10
                       s    11   110
 
         Loading AO integrals time(s):  0.104E-01
      Integral transformation time(s):  0.240E+01
       Non-zero transformed integrals:       249570
 
 Inter-species integrals transformation for: E-ALPHA/E-BETA
 
              Transformation boundaries 
                 orbital lower upper
                       p     1     9
                       q    10   110
                       r     1    10
                       s    11   110
 
         Loading AO integrals time(s):  0.125E-01
      Integral transformation time(s):  0.976E+01
 Non zero transformed coupling integrals:       377196
 
 Integrals transformation for: E-BETA
 
              Transformation boundaries 
                 orbital lower upper
                       p     1     9
                       q    10   110
                       r     1     9
                       s    10   110
 
         Loading AO integrals time(s):  0.762E-02
      Integral transformation time(s):  0.231E+01
       Non-zero transformed integrals:       213194
 
** TOTAL Elapsed Time for integrals transformation :     14.752 (s)
 
 
  POST HARTREE-FOCK CALCULATION
  MANY-BODY PERTURBATION THEORY:
 ==============================
 
              MOLLER-PLESSET FORMALISM 
               ORDER OF CORRECTION =     2
 
                E(0) + E(1) =    -198.812791616999
                       E(2) =      -0.584591967469
                             ____________________
                     E(MP2) =    -199.397383584469
 
              -----------------------------------
               E(n){ Specie }     E(n) / Hartree 
              -----------------------------------
 
            E(2){ E-ALPHA } =      -0.075512116748
             E(2){ E-BETA } =      -0.078932908857
 
     E(2){ E-ALPHA/E-BETA } =      -0.430146941864
 
** TOTAL CPU Time HF-MBPT :      0.593 (s)
** TOTAL Elapsed Time HF-MBPT :      0.358 (s)
 

  TOTAL CPU Time:      0.242 (s)
 TOTAL Wall Time:     17.016 (s)
  Elapsed Time:   0h  0m 17s  17ms
LOWDIN execution terminated normally at : Tue Feb  4 16:59:14 2025
-rw-rw-r-- 1 pohl pohl  20M feb  4 16:58 0E-ALPHA.E-BETA.ints
-rw-rw-r-- 1 pohl pohl 9.7M feb  4 16:58 0E-ALPHA.ints
-rw-rw-r-- 1 pohl pohl  20M feb  4 16:58 1E-ALPHA.E-BETA.ints
-rw-rw-r-- 1 pohl pohl 9.7M feb  4 16:58 1E-ALPHA.ints
-rw-rw-r-- 1 pohl pohl  20M feb  4 16:58 2E-ALPHA.E-BETA.ints
-rw-rw-r-- 1 pohl pohl 9.7M feb  4 16:58 2E-ALPHA.ints
-rw-rw-r-- 1 pohl pohl  20M feb  4 16:58 3E-ALPHA.E-BETA.ints
-rw-rw-r-- 1 pohl pohl 9.7M feb  4 16:58 3E-ALPHA.ints
-rw-rw-r-- 1 pohl pohl   12 feb  4 16:58 E-ALPHA.E-BETA.nints
-rw-rw-r-- 1 pohl pohl 7.6M feb  4 16:59 E-ALPHAmoint.dat
-rw-rw-r-- 1 pohl pohl 9.0M feb  4 16:59 E-BETA.E-ALPHAmoint.dat
-rw-rw-r-- 1 pohl pohl 6.9M feb  4 16:59 E-BETAmoint.dat
-rw-rw-r-- 1 pohl pohl   64 feb  4 16:58 gepol.inp
-rw-rw-r-- 1 pohl pohl  182 feb  4 16:58 gepol.xyzr
-rw-rw-r-- 1 pohl pohl  13K feb  4 16:58 lowdin.bas
-rw-rw-r-- 1 pohl pohl  16K feb  4 16:58 lowdin.dat
-rw-rw-r-- 1 pohl pohl 2.3M feb  4 16:58 lowdin.opints
-rw-rw-r-- 1 pohl pohl  46K feb  4 16:58 lowdin.sys
-rw-rw-r-- 1 pohl pohl 2.1M feb  4 16:58 lowdin.wfn
-rw-rw-r-- 1 pohl pohl  258 feb  4 16:58 usual_21
-rw-rw-r-- 1 pohl pohl 1.1K feb  4 16:58 usual_21.aux
-rw-rw-r-- 1 pohl pohl  266 feb  4 16:58 usual_21.lowdin
-rw-rw-r-- 1 pohl pohl  82K feb  4 16:59 usual_21.out
-rw-rw-r-- 1 pohl pohl 192K feb  4 16:58 usual_21.vec
