Begin job by input: usual_4.lowdin, for user:   at  mar 04 feb 2025 16:53:45 -05
under operating system Linux helios 5.19.0-46-generic #47-Ubuntu SMP PREEMPT_DYNAMIC Fri Jun 16 13:30:11 UTC 2023 x86_64 x86_64 x86_64 GNU/Linux
Compilation information
  commit: f31d3924f6ee2ce9d77f07edcc1ba27359319d14
  compilation date:  mar 17 sep 2024 16:16:17 -05

BEGIN INPUT INFO:
------------------------------------

GEOMETRY
	e-(F)	AUG-CC-PVTZ 0.0 0.0 0.0 multiplicity=2 addParticles=1 
	e-(F)	AUG-CC-PVTZ 0.0 0.0 1.3 
	F	Dirac 0.0 0.0 0.0
	F	Dirac 0.0 0.0 1.3
END GEOMETRY

TASKS
        method = "UHF"
	mollerPlessetCorrection=2
END TASKS

CONTROL
	units="ANGS"
END CONTROL






... END INPUT INFO


 LOWDIN execution started at : Tue Feb  4 16:53:45 2025
 ---------------------------------------------------------------
 
 ***************************************************************
 *                   LOWDIN 2.0  (May/2013)                    *
 *                                                             *
 *  R. FLORES-MORENO, E. F. POSADA, F. S. MONCADA, J.ROMERO,   *
 *  J. CHARRY, M. DIAZ-TINOCO, S. A. GONZALEZ, N. F. AGUIRRE,  *
 *  A. REYES                                                   *
 *                                                             *
 *  https://sites.google.com/site/lowdinproject/               *
 *                                                             *
 ***************************************************************
 
 PARSING INPUT... DONE!
 
 LOWDIN IS RUNNING WITH NEXT PARAMETERS: 
 ----------------------------------------
 
         METHOD TYPE:  UHF
         NUMBER OF CORES:     4
         MOLLER PLESSET CORRECTION:      2
         NONELECTRONIC DENSITY GUESS: HCORE
         ELECTRONIC DENSITY GUESS: HCORE
         CRITERIUM OF CONVERGENCE: ENERGY
         NONELECTRONIC ENERGY TOLERANCE IN SCFs:     0.10000E-07
         ELECTRONIC ENERGY TOLERANCE IN SCFs:     0.10000E-07
         TOTAL ENERGY TOLERANCE IN SCFs:     0.10000E-07
         SCHEME OF ITERATION: GLOBAL ITERATIONS
         SCF MAX. SUBITERATIONS - NONELECTRONS :     1
         SCF MAX. SUBITERATIONS - ELECTRONS :     1
         SCF MAX. ITERATIONS - INTERSPECIES :   200
         INTEGRAL STORAGE: DISK
         STACK SIZE FOR ERIS : 30000
         METHOD OF SCF CONVERGENCE: DAMPING
 
  MOLECULAR SYSTEM: usual_4
 -----------------
 
    DESCRIPTION   : usual_4
    CHARGE        :   0
    PUNTUAL GROUP : NONE
 
 
  INFORMATION OF PARTICLES :
 =========================
         Total number of particles   =      21
         Number of quantum particles =      19
         Number of puntual charges   =       2
         Number of quantum species   =       2
 
                 INFORMATION OF QUANTUM SPECIES 
    ----------------------------------------------------------------------
         ID      Symbol            mass     charge      omega     spin     multiplicity
    ----------------------------------------------------------------------
         1        E-ALPHA         1.0000     -1.00      0.00      0.50      2.00
         2         E-BETA         1.0000     -1.00      0.00      0.50      2.00
 
                   CONSTANTS OF COUPLING 
      ------------------------------------------------------------
              Symbol      kappa        eta     lambda occupation
      ------------------------------------------------------------
             E-ALPHA      -1.00       1.00       1.00      10.00
              E-BETA      -1.00       1.00       1.00       9.00
 
                   BASIS SET FOR SPECIES 
      ------------------------------------------------------------
           Symbol          N. Basis     N. Particles     Basis Set
      ------------------------------------------------------------
            E-ALPHA           28               10     AUG-CC-PVT
             E-BETA           28                9     AUG-CC-PVT
 
                                ATOMIC BASIS
         ------------------------------------------------------------
          PRIMITIVE   SHELL             EXPONENT         COEFFICIENT 
         ------------------------------------------------------------
 
    BEGIN DESCRIPTION OF BASIS FOR: E-ALP
    ==============================
 
 
             F BASIS SET:    AUG-CC-PVTZ
             1         S            19500.00000000          0.00050700
             2         S             2923.00000000          0.00392300
             3         S              664.50000000          0.02020000
             4         S              187.50000000          0.07901000
             5         S               60.62000000          0.23043900
             6         S               21.42000000          0.43287200
             7         S                7.95000000          0.34996400
             8         S                0.88150000         -0.00789200
             1         S            19500.00000000         -0.00011700
             2         S             2923.00000000         -0.00091200
             3         S              664.50000000         -0.00471700
             4         S              187.50000000         -0.01908600
             5         S               60.62000000         -0.05965500
             6         S               21.42000000         -0.14001000
             7         S                7.95000000         -0.17678200
             8         S                0.88150000          0.60504300
             1         S                2.25700000          1.00000000
             1         S                0.30410000          1.00000000
             1         S                0.09158000          1.00000000
             1         P               43.88000000          0.01666500
             2         P                9.92600000          0.10447200
             3         P                2.93000000          0.31726000
             1         P                0.91320000          1.00000000
             1         P                0.26720000          1.00000000
             1         P                0.07361000          1.00000000
             1         D                3.10700000          1.00000000
             1         D                0.85500000          1.00000000
             1         D                0.29200000          1.00000000
             1         F                1.91700000          1.00000000
             1         F                0.72400000          1.00000000
 
             F BASIS SET:    AUG-CC-PVTZ
             1         S            19500.00000000          0.00050700
             2         S             2923.00000000          0.00392300
             3         S              664.50000000          0.02020000
             4         S              187.50000000          0.07901000
             5         S               60.62000000          0.23043900
             6         S               21.42000000          0.43287200
             7         S                7.95000000          0.34996400
             8         S                0.88150000         -0.00789200
             1         S            19500.00000000         -0.00011700
             2         S             2923.00000000         -0.00091200
             3         S              664.50000000         -0.00471700
             4         S              187.50000000         -0.01908600
             5         S               60.62000000         -0.05965500
             6         S               21.42000000         -0.14001000
             7         S                7.95000000         -0.17678200
             8         S                0.88150000          0.60504300
             1         S                2.25700000          1.00000000
             1         S                0.30410000          1.00000000
             1         S                0.09158000          1.00000000
             1         P               43.88000000          0.01666500
             2         P                9.92600000          0.10447200
             3         P                2.93000000          0.31726000
             1         P                0.91320000          1.00000000
             1         P                0.26720000          1.00000000
             1         P                0.07361000          1.00000000
             1         D                3.10700000          1.00000000
             1         D                0.85500000          1.00000000
             1         D                0.29200000          1.00000000
             1         F                1.91700000          1.00000000
             1         F                0.72400000          1.00000000
    ... END DESCRIPTION OF BASIS
 
 
  END INFORMATION OF PARTICLES
 
 
  INFORMATION OF THE QUANTUM SYSTEM 
     ---------------------------------------------------------------------
                 ID     Occupied Orbitals     Basis size
     ---------------------------------------------------------------------
            E-ALPHA           10              110
             E-BETA            9              110
 
  END INFORMATION OF QUANTUM SYSTEM
 
                       INITIAL GEOMETRY: AMSTRONG
                 -----------------------------------
                       <x>                 <y>                 <z>
  E-ALPHAF        0.0000000000        0.0000000000        0.0000000000
  E-ALPHAF        0.0000000000        0.0000000000        1.3000000000
         F        0.0000000000        0.0000000000        0.0000000000
         F        0.0000000000        0.0000000000        1.3000000000
 
                     MATRIX OF DISTANCE: ANGSTROM
                 -----------------------------------
                          F(1)           F(2)      
 
        F(1)             0.000000       1.300000
        F(2)             1.300000       0.000000
 
--------------------------------------------------------------------------------
** PROGRAM: SCF (Hartree Fock).     Author: S.A. Gonzalez, E. Posada, F. Moncada
--------------------------------------------------------------------------------
INFO: RUNNING IN UHF MODE.
 
----------------------------------------------------------------------
** PROGRAM INTS                          Author: E. F. Posada, 2013   
----------------------------------------------------------------------
INFO: RUNNING IN ONE_PARTICLE MODE.
 
 Number of Overlap integrals for species E-ALPHA:  12100
 Number of Overlap integrals for species E-BETA:  12100
 Number of Kinetic integrals for species E-ALPHA:  12100
 Number of Kinetic integrals for species E-BETA:  12100
 Number of Nuclear integrals for species E-ALPHA:  12100
 Number of Nuclear integrals for species E-BETA:  12100
 Number of Moment integrals for species E-ALPHA:  36300
 Number of Moment integrals for species E-BETA:  36300
 
** TOTAL CPU Time INTS :      0.433 (s)
** TOTAL Elapsed Time INTS :      0.191 (s)
 
       Usign  HCORE density guess for species:    E-ALPHA
     number of    E-ALPHA     particles in guess density matrix:    10.000000
       Usign  HCORE density guess for species:     E-BETA
     number of     E-BETA     particles in guess density matrix:     9.000000
 Number of unique integrals for species: 1 = 4512305
 Number of unique integrals for species: 1 / 2 = 9018507 Screened: 0
 
 TWO-BODY INTEGRAL SETUP: 
------------------------- 
 Storage:   DISK
 Scheme: LIBINT
 Stack size:  30000
 
 LIBINT library, Fermann, J. T.; Valeev, F. L. 2010                   
 LOWDIN-LIBINT Implementation V. 2.1  Posada E. F. ; Reyes A. 2016   
 ----------------------------------------------------------------------

*** TOTAL CPU time intra-species integrals :      1.243 (s)
*** TOTAL elapsed time intra-species integrals :      0.276 (s)


*** TOTAL CPU time inter-species integrals :      2.788 (s)
*** TOTAL elapsed time inter-species integrals :      0.671 (s)

INFO: RUNNING SCHEME SIMULTANEOUS
 
 Begin Multi-Species SCF calculation:
 
 --------------------------------------------------------------------------------------------------
      Iteration                   Energy            Energy Change           Density Change
 --------------------------------------------------------------------------------------------------
              1        -172.032823785200         172.032823785200           2.453615378616
              2        -162.206728502276          -9.826095282925           1.613100476518
              3        -190.703707506104          28.496979003828           0.859067130596
              4        -198.224568760833           7.520861254728           0.533913135631
              5        -198.206576732308          -0.017992028524           0.347920338710
              6        -198.604339994082           0.397763261773           0.139700250370
              7        -198.648758714579           0.044418720498           0.007426636893
              8        -198.670395707680           0.021636993100           0.016713742781
              9        -198.673445408931           0.003049701252           0.004947237937
             10        -198.674307030117           0.000861621186           0.004202082108
             11        -198.674577280449           0.000270250332           0.001011085503
             12        -198.674667850928           0.000090570480           0.001446469185
             13        -198.674699765767           0.000031914839           0.000247448427
             14        -198.674711736785           0.000011971018           0.000598745228
             15        -198.674716829414           0.000005092629           0.000250657892
             16        -198.674719228841           0.000002399427           0.000160083330
             17        -198.674720140309           0.000000911468           0.000124926015
             18        -198.674720533721           0.000000393412           0.000085703922
             19        -198.674720727076           0.000000193354           0.000070884590
             20        -198.674720834675           0.000000107600           0.000052273485
             21        -198.674720900618           0.000000065942           0.000044462919
             22        -198.674720943627           0.000000043010           0.000034277182
             23        -198.674720972693           0.000000029066           0.000029408313
             24        -198.674720992707           0.000000020014           0.000023311623
             25        -198.674721006618           0.000000013911           0.000019995270
             26        -198.674721016333           0.000000009715           0.000016133591
 Total energy converged after  26 global iterations                                                  
 
 ...end Multi-Species SCF calculation
 
 
 Begin SCF calculation by: E-ALPHA
 -------------------------
 
 -----------------------------------------------------------------------------------
 Iteration                   Energy           Density Change         DIIS Error 
 -----------------------------------------------------------------------------------
    1        -108.952989455025           1.321098140551                 -- 
    2        -105.376821318857           0.412629078779                 -- 
    3         -79.270386186447           0.527441725448                 -- 
    4         -87.143935179669           0.344915330612                 -- 
    5         -85.618844585305           0.137884879347                 -- 
    6         -83.349697198520           0.006435294188                 -- 
    7         -84.253628247596           0.016409472168                 -- 
    8         -84.011494125608           0.004860947380                 -- 
    9         -84.046797179672           0.004092659245                 -- 
   10         -83.944444516886           0.000988613313                 -- 
   11         -83.976040045806           0.001402376813                 -- 
   12         -83.930061871464           0.000236446295                 -- 
   13         -83.950623312779           0.000594162651                 -- 
   14         -83.942100208138           0.000244738895                 -- 
   15         -83.938564023681           0.000157987490                 -- 
   16         -83.937852224175           0.000123561368                 -- 
   17         -83.936950101172           0.000085212935                 -- 
   18         -83.937116684170           0.000070529614                 -- 
   19         -83.937006247517           0.000051712495                 -- 
   20         -83.937331781290           0.000044021462                 -- 
   21         -83.937444579825           0.000033741136                 -- 
   22         -83.937735540511           0.000028991580                 -- 
   23         -83.937886399849           0.000022885428                 -- 
   24         -83.938107444113           0.000019661842                 -- 
   25         -83.938241216012           0.000015818461                 -- 
 
 ... end SCF calculation
 
 Begin SCF calculation by: E-BETA
 -------------------------
 
 -----------------------------------------------------------------------------------
 Iteration                   Energy           Density Change         DIIS Error 
 -----------------------------------------------------------------------------------
    1         -98.385543270657           0.292002335967                 -- 
    2         -95.783458637787           0.446438051817                 -- 
    3         -73.814067995008           0.006471410183                 -- 
    4         -82.384015463683           0.003005008099                 -- 
    5         -79.738951530718           0.001815371023                 -- 
    6         -77.047212292950           0.000991342705                 -- 
    7         -77.833667429764           0.000304270613                 -- 
    8         -77.776072180773           0.000086290557                 -- 
    9         -77.904524997877           0.000109422863                 -- 
   10         -77.857134034344           0.000022472190                 -- 
   11         -77.915696837502           0.000044092371                 -- 
   12         -77.885622084926           0.000011002132                 -- 
   13         -77.909284871590           0.000004582577                 -- 
   14         -77.897919172898           0.000005918997                 -- 
   15         -77.897921334444           0.000002095840                 -- 
   16         -77.898430891786           0.000001364647                 -- 
   17         -77.897624714351           0.000000490987                 -- 
   18         -77.897303659490           0.000000354975                 -- 
   19         -77.896477409364           0.000000560990                 -- 
   20         -77.896006537346           0.000000441457                 -- 
   21         -77.895349228713           0.000000536046                 -- 
   22         -77.894925946166           0.000000416733                 -- 
   23         -77.894444321368           0.000000426195                 -- 
   24         -77.894111000857           0.000000333428                 -- 
   25         -77.893769297639           0.000000315130                 -- 
 
 ... end SCF calculation
 
  EIGENVALUES AND EIGENVECTORS: 
 ==============================
 
 
  Eigenvalues for: E-ALPHA
 -----------------
 
    1         -25.960585847547
    2         -25.960551769951
    3          -1.463163628121
    4          -1.105387235664
    5          -0.520710828336
    6          -0.433501559974
    7          -0.433501553060
    8          -0.236556707535
    9          -0.236556699251
   10           0.006873258282
   11           0.333978275612
   12           0.361342028720
   13           0.394688847415
   14           0.394688847601
   15           0.436295912701
   16           0.436295912879
   17           0.463213398985
   18           0.646046033593
   19           1.080851341974
   20           1.080851341976
   21           1.087151571307
   22           1.188078525223
   23           1.193552757993
   24           1.193552759151
   25           1.221357978575
   26           1.263583965608
   27           1.263583966622
   28           1.282825143031
   29           1.282825143875
   30           1.340263966230
   31           1.340263966235
   32           1.418358364174
   33           1.675949223823
   34           1.675949224442
   35           1.764776923297
   36           2.057583564327
   37           2.810090347283
   38           2.810090348689
   39           2.917451935285
   40           2.936932259167
   41           2.936932259167
   42           2.973190303696
   43           3.060838445451
   44           3.060838446966
   45           3.075531364415
   46           3.075531364415
   47           3.083239346969
   48           3.083239348550
   49           3.110724757046
   50           3.257891280020
   51           3.257891280020
   52           3.270036329342
   53           3.270036329349
   54           3.275476795938
   55           3.433271080358
   56           3.433271080358
   57           3.527644736081
   58           3.527644736655
   59           3.616565055085
   60           3.889631283965
   61           3.889631284269
   62           4.018437640634
   63           4.018437640635
   64           4.341550847416
   65           4.492410789177
   66           4.928286680302
   67           4.928286680861
   68           5.440649268598
   69           5.778483590761
   70           6.939341417762
   71           7.653283111919
   72           7.653283114603
   73           7.654755110925
   74           7.806833079292
   75           7.806833081991
   76           8.598286910462
   77           9.095567613636
   78           9.095567614495
   79           9.099152348767
   80           9.099152348767
   81           9.135258536429
   82           9.135258536495
   83           9.227942316951
   84           9.227942316951
   85           9.261872902464
   86           9.409627436313
   87           9.409627436421
   88           9.569000512818
   89           9.569000513441
   90           9.647589571925
   91           9.647589574139
   92           9.720464209034
   93           9.720464209728
   94           9.839970822500
   95           9.839970823437
   96          10.306748826396
   97          10.306748828317
   98          10.317103605628
   99          10.617097280700
  100          11.963325492734
  101          15.292781331183
  102          16.529657245205
  103          17.764138052361
  104          17.764138052800
  105          18.622753062673
  106          18.622753063159
  107          19.062379198185
  108          21.496427355998
  109          23.662789506357
  110          24.438490266905
 
 
  Eigenvalues for: E-BETA
 -----------------
 
    1         -25.926926224932
    2         -25.926632245804
    3          -1.354779376811
    4          -1.021370597228
    5          -0.399526523822
    6          -0.399526515079
    7          -0.340765930014
    8          -0.197171002125
    9          -0.197170991570
   10           0.312658908388
   11           0.375020254884
   12           0.397993800881
   13           0.397993801539
   14           0.442633565605
   15           0.442633566206
   16           0.467532043714
   17           0.603169259302
   18           0.731843567943
   19           1.078079540706
   20           1.078079540709
   21           1.095122447112
   22           1.205610254096
   23           1.205610256184
   24           1.217785582075
   25           1.278700241162
   26           1.278700243005
   27           1.286810092198
   28           1.286810093043
   29           1.288662135337
   30           1.338799593040
   31           1.338799593045
   32           1.423693044477
   33           1.681523944512
   34           1.681523944883
   35           1.778565357745
   36           2.067337336250
   37           2.817438552681
   38           2.817438554490
   39           2.943947701686
   40           2.943947701687
   41           2.970899968524
   42           3.005322448313
   43           3.074005632964
   44           3.074005632964
   45           3.081839255103
   46           3.081839257061
   47           3.106959759478
   48           3.106959761623
   49           3.134604507936
   50           3.259269209017
   51           3.259269209018
   52           3.277435678353
   53           3.277435678358
   54           3.346353681717
   55           3.432123705587
   56           3.432123705587
   57           3.547712962041
   58           3.547712962726
   59           3.641035100001
   60           3.900847846072
   61           3.900847846300
   62           4.025451215245
   63           4.025451215246
   64           4.369662183181
   65           4.527334693720
   66           4.952305813326
   67           4.952305813924
   68           5.447188802069
   69           5.805919665243
   70           6.964709855597
   71           7.667001175630
   72           7.667001178504
   73           7.711123218082
   74           7.821901710852
   75           7.821901713717
   76           8.645702213847
   77           9.107344681296
   78           9.107344681296
   79           9.116249570580
   80           9.116249571208
   81           9.155557079312
   82           9.155557079323
   83           9.236495690056
   84           9.236495690056
   85           9.287231369154
   86           9.431997126816
   87           9.431997126847
   88           9.588307396642
   89           9.588307397208
   90           9.706595899754
   91           9.706595901775
   92           9.739106465197
   93           9.739106465813
   94           9.871388933196
   95           9.871388933837
   96          10.354779161772
   97          10.354779163506
   98          10.371099719698
   99          10.681047225047
  100          12.007223690152
  101          15.305255981127
  102          16.537908493521
  103          17.768499979088
  104          17.768499979355
  105          18.628240326655
  106          18.628240326960
  107          19.074998817322
  108          21.513229731421
  109          23.686534860230
  110          24.463011387034
 
  end of eigenvalues 
 
  Occupied Eigenvectors for: E-ALPHA
 --------------------------- 
 
                         -25.9606       -25.9606        -1.4632        -1.1054        -0.5207   
 
    1      F     S       0.686905      -0.686582      -0.005525       0.002651      -0.001697
    2      F     S      -0.006493       0.007108       0.374758      -0.420012       0.097884
    3      F     S       0.036049      -0.035234       0.106188      -0.120178       0.027223
    4      F     S      -0.013699       0.012022       0.222204      -0.340466       0.127617
    5      F     S      -0.005920       0.000751       0.010298      -0.057574       0.054231
    6      F    Px      -0.000000       0.000000       0.000000      -0.000000      -0.000000
    7      F    Py      -0.000000       0.000000      -0.000000       0.000000      -0.000000
    8      F    Pz       0.000016      -0.000117       0.066864       0.026615      -0.263473
    9      F    Px       0.000000      -0.000000      -0.000000       0.000000      -0.000000
   10      F    Py       0.000000      -0.000000      -0.000000      -0.000000      -0.000000
   11      F    Pz       0.001096      -0.000816       0.075148       0.021238      -0.295339
   12      F    Px       0.000000      -0.000000      -0.000000       0.000000      -0.000000
   13      F    Py       0.000000       0.000000       0.000000       0.000000      -0.000000
   14      F    Pz       0.003249      -0.000087       0.015624      -0.001818      -0.170135
   15      F    Px      -0.000000       0.000000       0.000000      -0.000000      -0.000000
   16      F    Py      -0.000000       0.000000      -0.000000       0.000000      -0.000000
   17      F    Pz      -0.001232       0.000102      -0.002463      -0.005970      -0.035156
   18      F   Dxx       0.001876      -0.001793      -0.001997      -0.000680       0.002663
   19      F   Dxy      -0.000000       0.000000      -0.000000       0.000000      -0.000000
   20      F   Dxz      -0.000000      -0.000000      -0.000000      -0.000000       0.000000
   21      F   Dyy       0.001876      -0.001793      -0.001997      -0.000680       0.002663
   22      F   Dyz       0.000000      -0.000000       0.000000       0.000000       0.000000
   23      F   Dzz       0.002302      -0.002133       0.005805      -0.000391      -0.004140
   24      F   Dxx       0.006844      -0.005769      -0.009297       0.004413       0.004896
   25      F   Dxy       0.000000      -0.000000      -0.000000       0.000000      -0.000000
   26      F   Dxz       0.000000       0.000000      -0.000000       0.000000      -0.000000
   27      F   Dyy       0.006844      -0.005769      -0.009297       0.004413       0.004896
   28      F   Dyz      -0.000000       0.000000      -0.000000       0.000000      -0.000000
   29      F   Dzz       0.006361      -0.005573       0.007658       0.008293      -0.011563
   30      F   Dxx       0.003706      -0.001970      -0.006089       0.009374       0.002355
   31      F   Dxy      -0.000000       0.000000       0.000000      -0.000000       0.000000
   32      F   Dxz      -0.000000       0.000000      -0.000000       0.000000       0.000000
   33      F   Dyy       0.003706      -0.001970      -0.006089       0.009374       0.002355
   34      F   Dyz       0.000000       0.000000       0.000000       0.000000       0.000000
   35      F   Dzz       0.004664      -0.002007      -0.008903       0.003031       0.010109
   36      F  Fxxx      -0.000000       0.000000       0.000000       0.000000      -0.000000
   37      F  Fxxy      -0.000000       0.000000      -0.000000       0.000000      -0.000000
   38      F  Fxxz      -0.000230       0.000171       0.000226       0.000463      -0.002481
   39      F  Fxyy      -0.000000       0.000000       0.000000      -0.000000      -0.000000
   40      F  Fxyz      -0.000000       0.000000      -0.000000       0.000000       0.000000
   41      F  Fxzz      -0.000000       0.000000       0.000000      -0.000000      -0.000000
   42      F  Fyyy      -0.000000       0.000000      -0.000000       0.000000      -0.000000
   43      F  Fyyz      -0.000230       0.000171       0.000226       0.000463      -0.002481
   44      F  Fyzz      -0.000000       0.000000       0.000000      -0.000000      -0.000000
   45      F  Fzzz      -0.000643       0.000261       0.004778       0.004037      -0.014372
   46      F  Fxxx      -0.000000       0.000000       0.000000      -0.000000      -0.000000
   47      F  Fxxy      -0.000000       0.000000       0.000000      -0.000000      -0.000000
   48      F  Fxxz      -0.000405       0.000027      -0.000501       0.000514      -0.004300
   49      F  Fxyy      -0.000000       0.000000       0.000000      -0.000000      -0.000000
   50      F  Fxyz       0.000000       0.000000      -0.000000       0.000000      -0.000000
   51      F  Fxzz      -0.000000       0.000000       0.000000       0.000000      -0.000000
   52      F  Fyyy      -0.000000       0.000000       0.000000       0.000000      -0.000000
   53      F  Fyyz      -0.000405       0.000027      -0.000501       0.000514      -0.004300
   54      F  Fyzz       0.000000       0.000000      -0.000000       0.000000      -0.000000
   55      F  Fzzz      -0.000906       0.000371       0.000779       0.005215      -0.013829
   56      F     S      -0.686905      -0.686582      -0.005525      -0.002651      -0.001697
   57      F     S       0.006493       0.007108       0.374758       0.420012       0.097884
   58      F     S      -0.036049      -0.035234       0.106188       0.120178       0.027223
   59      F     S       0.013699       0.012022       0.222204       0.340466       0.127617
   60      F     S       0.005920       0.000751       0.010298       0.057574       0.054231
   61      F    Px       0.000000      -0.000000      -0.000000      -0.000000      -0.000000
   62      F    Py       0.000000       0.000000      -0.000000       0.000000      -0.000000
   63      F    Pz       0.000016       0.000117      -0.066864       0.026615       0.263473
   64      F    Px       0.000000       0.000000       0.000000      -0.000000      -0.000000
   65      F    Py      -0.000000      -0.000000       0.000000      -0.000000       0.000000
   66      F    Pz       0.001096       0.000816      -0.075148       0.021238       0.295339
   67      F    Px       0.000000       0.000000       0.000000       0.000000      -0.000000
   68      F    Py      -0.000000      -0.000000      -0.000000      -0.000000       0.000000
   69      F    Pz       0.003249       0.000087      -0.015624      -0.001818       0.170135
   70      F    Px       0.000000       0.000000       0.000000       0.000000      -0.000000
   71      F    Py       0.000000       0.000000       0.000000       0.000000      -0.000000
   72      F    Pz      -0.001232      -0.000102       0.002463      -0.005970       0.035156
   73      F   Dxx      -0.001876      -0.001793      -0.001997       0.000680       0.002663
   74      F   Dxy       0.000000       0.000000      -0.000000      -0.000000      -0.000000
   75      F   Dxz       0.000000      -0.000000       0.000000      -0.000000       0.000000
   76      F   Dyy      -0.001876      -0.001793      -0.001997       0.000680       0.002663
   77      F   Dyz       0.000000      -0.000000       0.000000       0.000000      -0.000000
   78      F   Dzz      -0.002302      -0.002133       0.005805       0.000391      -0.004140
   79      F   Dxx      -0.006844      -0.005769      -0.009297      -0.004413       0.004896
   80      F   Dxy      -0.000000      -0.000000      -0.000000      -0.000000      -0.000000
   81      F   Dxz      -0.000000       0.000000      -0.000000       0.000000      -0.000000
   82      F   Dyy      -0.006844      -0.005769      -0.009297      -0.004413       0.004896
   83      F   Dyz       0.000000       0.000000      -0.000000       0.000000       0.000000
   84      F   Dzz      -0.006361      -0.005573       0.007658      -0.008293      -0.011563
   85      F   Dxx      -0.003706      -0.001970      -0.006089      -0.009374       0.002355
   86      F   Dxy       0.000000       0.000000       0.000000       0.000000       0.000000
   87      F   Dxz      -0.000000       0.000000      -0.000000       0.000000       0.000000
   88      F   Dyy      -0.003706      -0.001970      -0.006089      -0.009374       0.002355
   89      F   Dyz       0.000000       0.000000       0.000000       0.000000      -0.000000
   90      F   Dzz      -0.004664      -0.002007      -0.008903      -0.003031       0.010109
   91      F  Fxxx       0.000000      -0.000000      -0.000000       0.000000       0.000000
   92      F  Fxxy       0.000000       0.000000       0.000000      -0.000000      -0.000000
   93      F  Fxxz      -0.000230      -0.000171      -0.000226       0.000463       0.002481
   94      F  Fxyy      -0.000000      -0.000000      -0.000000       0.000000       0.000000
   95      F  Fxyz      -0.000000      -0.000000       0.000000       0.000000      -0.000000
   96      F  Fxzz      -0.000000      -0.000000      -0.000000      -0.000000      -0.000000
   97      F  Fyyy       0.000000       0.000000       0.000000       0.000000      -0.000000
   98      F  Fyyz      -0.000230      -0.000171      -0.000226       0.000463       0.002481
   99      F  Fyzz       0.000000       0.000000      -0.000000       0.000000      -0.000000
  100      F  Fzzz      -0.000643      -0.000261      -0.004778       0.004037       0.014372
  101      F  Fxxx      -0.000000      -0.000000      -0.000000      -0.000000       0.000000
  102      F  Fxxy       0.000000       0.000000      -0.000000       0.000000      -0.000000
  103      F  Fxxz      -0.000405      -0.000027       0.000501       0.000514       0.004300
  104      F  Fxyy       0.000000      -0.000000      -0.000000      -0.000000       0.000000
  105      F  Fxyz       0.000000      -0.000000       0.000000       0.000000       0.000000
  106      F  Fxzz       0.000000      -0.000000       0.000000      -0.000000       0.000000
  107      F  Fyyy       0.000000       0.000000      -0.000000      -0.000000      -0.000000
  108      F  Fyyz      -0.000405      -0.000027       0.000501       0.000514       0.004300
  109      F  Fyzz       0.000000       0.000000      -0.000000      -0.000000      -0.000000
  110      F  Fzzz      -0.000906      -0.000371      -0.000779       0.005215       0.013829
 
                          -0.4335        -0.4335        -0.2366        -0.2366         0.0069   
 
    1      F     S      -0.000000       0.000000       0.000000      -0.000000      -0.004423
    2      F     S      -0.000000       0.000000       0.000000      -0.000000      -0.153048
    3      F     S      -0.000000       0.000000       0.000000      -0.000000      -0.044583
    4      F     S      -0.000000      -0.000000       0.000000      -0.000000      -0.344130
    5      F     S       0.000000      -0.000000      -0.000000       0.000000      -0.965365
    6      F    Px      -0.263110       0.007686      -0.291331      -0.008511      -0.000000
    7      F    Py       0.007686       0.263110       0.008511      -0.291331       0.000000
    8      F    Pz       0.000000      -0.000000       0.000000      -0.000000      -0.282500
    9      F    Px      -0.294056       0.008590      -0.331218      -0.009676       0.000000
   10      F    Py       0.008590       0.294056       0.009676      -0.331218      -0.000000
   11      F    Pz       0.000000      -0.000000      -0.000000      -0.000000      -0.343771
   12      F    Px      -0.197949       0.005783      -0.275737      -0.008055      -0.000000
   13      F    Py       0.005783       0.197949       0.008055      -0.275737      -0.000000
   14      F    Pz      -0.000000      -0.000000       0.000000      -0.000000      -0.422855
   15      F    Px      -0.026809       0.000783      -0.088292      -0.002579       0.000000
   16      F    Py       0.000783       0.026809       0.002579      -0.088292       0.000000
   17      F    Pz       0.000000      -0.000000      -0.000000      -0.000000      -0.523523
   18      F   Dxx      -0.000000       0.000000       0.000000      -0.000000      -0.001729
   19      F   Dxy      -0.000000       0.000000      -0.000000      -0.000000       0.000000
   20      F   Dxz      -0.004414       0.000129      -0.000050      -0.000001       0.000000
   21      F   Dyy      -0.000000       0.000000       0.000000      -0.000000      -0.001729
   22      F   Dyz       0.000129       0.004414       0.000001      -0.000050      -0.000000
   23      F   Dzz       0.000000       0.000000      -0.000000      -0.000000       0.004793
   24      F   Dxx      -0.000000       0.000000       0.000000      -0.000000       0.003804
   25      F   Dxy       0.000000      -0.000000       0.000000      -0.000000       0.000000
   26      F   Dxz      -0.014205       0.000415       0.001053       0.000031      -0.000000
   27      F   Dyy      -0.000000       0.000000       0.000000      -0.000000       0.003804
   28      F   Dyz       0.000415       0.014205      -0.000031       0.001053       0.000000
   29      F   Dzz      -0.000000       0.000000       0.000000      -0.000000       0.018764
   30      F   Dxx      -0.000000       0.000000       0.000000      -0.000000       0.026536
   31      F   Dxy       0.000000       0.000000      -0.000000       0.000000       0.000000
   32      F   Dxz       0.000960      -0.000028       0.000121       0.000004      -0.000000
   33      F   Dyy      -0.000000       0.000000       0.000000      -0.000000       0.026536
   34      F   Dyz      -0.000028      -0.000960      -0.000004       0.000121      -0.000000
   35      F   Dzz      -0.000000      -0.000000       0.000000      -0.000000       0.008672
   36      F  Fxxx      -0.009202       0.000269      -0.009685      -0.000283      -0.000000
   37      F  Fxxy       0.000120       0.004115       0.000127      -0.004331       0.000000
   38      F  Fxxz      -0.000000       0.000000       0.000000       0.000000      -0.002073
   39      F  Fxyy      -0.004115       0.000120      -0.004331      -0.000127      -0.000000
   40      F  Fxyz      -0.000000       0.000000      -0.000000       0.000000       0.000000
   41      F  Fxzz      -0.008342       0.000244      -0.005697      -0.000166      -0.000000
   42      F  Fyyy       0.000269       0.009202       0.000283      -0.009685       0.000000
   43      F  Fyyz      -0.000000       0.000000      -0.000000       0.000000      -0.002073
   44      F  Fyzz       0.000244       0.008342       0.000166      -0.005697       0.000000
   45      F  Fzzz       0.000000       0.000000       0.000000       0.000000      -0.006423
   46      F  Fxxx      -0.011466       0.000335      -0.011644      -0.000340       0.000000
   47      F  Fxxy       0.000150       0.005128       0.000152      -0.005207       0.000000
   48      F  Fxxz       0.000000       0.000000       0.000000       0.000000      -0.001947
   49      F  Fxyy      -0.005128       0.000150      -0.005207      -0.000152      -0.000000
   50      F  Fxyz       0.000000       0.000000       0.000000      -0.000000      -0.000000
   51      F  Fxzz      -0.009252       0.000270      -0.005313      -0.000155      -0.000000
   52      F  Fyyy       0.000335       0.011466       0.000340      -0.011644       0.000000
   53      F  Fyyz       0.000000       0.000000       0.000000       0.000000      -0.001947
   54      F  Fyzz       0.000270       0.009252       0.000155      -0.005313      -0.000000
   55      F  Fzzz      -0.000000       0.000000      -0.000000       0.000000      -0.012699
   56      F     S       0.000000      -0.000000      -0.000000       0.000000       0.004423
   57      F     S       0.000000      -0.000000      -0.000000       0.000000       0.153048
   58      F     S      -0.000000      -0.000000      -0.000000       0.000000       0.044583
   59      F     S       0.000000       0.000000       0.000000       0.000000       0.344130
   60      F     S      -0.000000       0.000000       0.000000       0.000000       0.965365
   61      F    Px      -0.263110       0.007686       0.291331       0.008511      -0.000000
   62      F    Py       0.007686       0.263110      -0.008511       0.291331      -0.000000
   63      F    Pz      -0.000000       0.000000       0.000000      -0.000000      -0.282500
   64      F    Px      -0.294056       0.008590       0.331218       0.009676       0.000000
   65      F    Py       0.008590       0.294056      -0.009676       0.331218      -0.000000
   66      F    Pz      -0.000000       0.000000      -0.000000      -0.000000      -0.343771
   67      F    Px      -0.197949       0.005783       0.275737       0.008055       0.000000
   68      F    Py       0.005783       0.197949      -0.008055       0.275737      -0.000000
   69      F    Pz      -0.000000      -0.000000       0.000000      -0.000000      -0.422855
   70      F    Px      -0.026809       0.000783       0.088292       0.002579      -0.000000
   71      F    Py       0.000783       0.026809      -0.002579       0.088292      -0.000000
   72      F    Pz       0.000000      -0.000000      -0.000000      -0.000000      -0.523523
   73      F   Dxx      -0.000000      -0.000000      -0.000000       0.000000       0.001729
   74      F   Dxy       0.000000      -0.000000       0.000000      -0.000000      -0.000000
   75      F   Dxz       0.004414      -0.000129      -0.000050      -0.000001       0.000000
   76      F   Dyy      -0.000000      -0.000000       0.000000       0.000000       0.001729
   77      F   Dyz      -0.000129      -0.004414       0.000001      -0.000050      -0.000000
   78      F   Dzz      -0.000000      -0.000000       0.000000      -0.000000      -0.004793
   79      F   Dxx      -0.000000      -0.000000      -0.000000       0.000000      -0.003804
   80      F   Dxy      -0.000000      -0.000000      -0.000000      -0.000000      -0.000000
   81      F   Dxz       0.014205      -0.000415       0.001053       0.000031      -0.000000
   82      F   Dyy      -0.000000      -0.000000      -0.000000       0.000000      -0.003804
   83      F   Dyz      -0.000415      -0.014205      -0.000031       0.001053       0.000000
   84      F   Dzz      -0.000000      -0.000000      -0.000000       0.000000      -0.018764
   85      F   Dxx       0.000000      -0.000000      -0.000000       0.000000      -0.026536
   86      F   Dxy      -0.000000       0.000000       0.000000       0.000000      -0.000000
   87      F   Dxz      -0.000960       0.000028       0.000121       0.000004      -0.000000
   88      F   Dyy       0.000000      -0.000000      -0.000000       0.000000      -0.026536
   89      F   Dyz       0.000028       0.000960      -0.000004       0.000121      -0.000000
   90      F   Dzz       0.000000       0.000000      -0.000000       0.000000      -0.008672
   91      F  Fxxx      -0.009202       0.000269       0.009685       0.000283      -0.000000
   92      F  Fxxy       0.000120       0.004115      -0.000127       0.004331       0.000000
   93      F  Fxxz      -0.000000      -0.000000       0.000000       0.000000      -0.002073
   94      F  Fxyy      -0.004115       0.000120       0.004331       0.000127      -0.000000
   95      F  Fxyz      -0.000000       0.000000      -0.000000       0.000000       0.000000
   96      F  Fxzz      -0.008342       0.000244       0.005697       0.000166      -0.000000
   97      F  Fyyy       0.000269       0.009202      -0.000283       0.009685       0.000000
   98      F  Fyyz      -0.000000      -0.000000       0.000000       0.000000      -0.002073
   99      F  Fyzz       0.000244       0.008342      -0.000166       0.005697       0.000000
  100      F  Fzzz      -0.000000      -0.000000       0.000000       0.000000      -0.006423
  101      F  Fxxx      -0.011466       0.000335       0.011644       0.000340      -0.000000
  102      F  Fxxy       0.000150       0.005128      -0.000152       0.005207       0.000000
  103      F  Fxxz       0.000000       0.000000      -0.000000       0.000000      -0.001947
  104      F  Fxyy      -0.005128       0.000150       0.005207       0.000152      -0.000000
  105      F  Fxyz       0.000000      -0.000000      -0.000000      -0.000000      -0.000000
  106      F  Fxzz      -0.009252       0.000270       0.005313       0.000155      -0.000000
  107      F  Fyyy       0.000335       0.011466      -0.000340       0.011644       0.000000
  108      F  Fyyz       0.000000       0.000000      -0.000000       0.000000      -0.001947
  109      F  Fyzz       0.000270       0.009252      -0.000155       0.005313      -0.000000
  110      F  Fzzz      -0.000000       0.000000      -0.000000       0.000000      -0.012699
 
 
  Occupied Eigenvectors for: E-BETA
 --------------------------- 
 
                         -25.9269       -25.9266        -1.3548        -1.0214        -0.3995   
 
    1      F     S      -0.686754      -0.686911       0.006978      -0.003443      -0.000000
    2      F     S       0.007599       0.007388      -0.368131       0.400959      -0.000000
    3      F     S      -0.034359      -0.034920      -0.100387       0.111460      -0.000000
    4      F     S       0.011087       0.014246      -0.240672       0.294566       0.000000
    5      F     S       0.000751       0.005386      -0.011479       0.060012       0.000000
    6      F    Px       0.000000       0.000000      -0.000000      -0.000000      -0.007509
    7      F    Py       0.000000       0.000000       0.000000       0.000000      -0.257056
    8      F    Pz      -0.000743      -0.000686      -0.035455      -0.055991       0.000000
    9      F    Px      -0.000000      -0.000000       0.000000      -0.000000      -0.008339
   10      F    Py      -0.000000      -0.000000      -0.000000      -0.000000      -0.285441
   11      F    Pz       0.002222       0.002226      -0.040126      -0.060746      -0.000000
   12      F    Px      -0.000000      -0.000000       0.000000      -0.000000      -0.005975
   13      F    Py       0.000000      -0.000000      -0.000000      -0.000000      -0.204528
   14      F    Pz       0.000593       0.001000      -0.006892      -0.053820       0.000000
   15      F    Px       0.000000       0.000000      -0.000000       0.000000      -0.000955
   16      F    Py       0.000000       0.000000       0.000000      -0.000000      -0.032706
   17      F    Pz      -0.000033       0.001065       0.000426       0.006790       0.000000
   18      F   Dxx      -0.002121      -0.002217       0.000410       0.002061      -0.000000
   19      F   Dxy      -0.000000      -0.000000      -0.000000       0.000000      -0.000000
   20      F   Dxz      -0.000000       0.000000      -0.000000      -0.000000      -0.000043
   21      F   Dyy      -0.002121      -0.002217       0.000410       0.002061      -0.000000
   22      F   Dyz      -0.000000      -0.000000       0.000000       0.000000      -0.001470
   23      F   Dzz      -0.001687      -0.001827      -0.001509      -0.003443      -0.000000
   24      F   Dxx      -0.005562      -0.006339       0.006518      -0.000570      -0.000000
   25      F   Dxy       0.000000       0.000000      -0.000000       0.000000       0.000000
   26      F   Dxz       0.000000      -0.000000      -0.000000       0.000000      -0.000330
   27      F   Dyy      -0.005562      -0.006339       0.006518      -0.000570      -0.000000
   28      F   Dyz       0.000000       0.000000      -0.000000      -0.000000      -0.011280
   29      F   Dzz      -0.005548      -0.006108      -0.008277      -0.019086      -0.000000
   30      F   Dxx      -0.001855      -0.002877       0.003979      -0.006830      -0.000000
   31      F   Dxy      -0.000000      -0.000000       0.000000      -0.000000      -0.000000
   32      F   Dxz       0.000000       0.000000       0.000000      -0.000000       0.000005
   33      F   Dyy      -0.001855      -0.002877       0.003979      -0.006830      -0.000000
   34      F   Dyz       0.000000      -0.000000      -0.000000       0.000000       0.000155
   35      F   Dzz      -0.001748      -0.002495       0.008753      -0.027286       0.000000
   36      F  Fxxx       0.000000       0.000000      -0.000000      -0.000000      -0.000305
   37      F  Fxxy       0.000000       0.000000       0.000000       0.000000      -0.004670
   38      F  Fxxz      -0.000336      -0.000385      -0.000363      -0.000787      -0.000000
   39      F  Fxyy       0.000000       0.000000      -0.000000       0.000000      -0.000136
   40      F  Fxyz      -0.000000      -0.000000      -0.000000      -0.000000      -0.000000
   41      F  Fxzz       0.000000       0.000000      -0.000000       0.000000      -0.000215
   42      F  Fyyy       0.000000       0.000000       0.000000       0.000000      -0.010443
   43      F  Fyyz      -0.000336      -0.000385      -0.000363      -0.000787       0.000000
   44      F  Fyzz       0.000000       0.000000       0.000000       0.000000      -0.007360
   45      F  Fzzz      -0.000988      -0.000785      -0.007414      -0.002236      -0.000000
   46      F  Fxxx       0.000000       0.000000      -0.000000       0.000000      -0.000398
   47      F  Fxxy       0.000000       0.000000       0.000000       0.000000      -0.006098
   48      F  Fxxz      -0.000373      -0.000309      -0.001300      -0.000116      -0.000000
   49      F  Fxyy       0.000000       0.000000      -0.000000      -0.000000      -0.000178
   50      F  Fxyz      -0.000000       0.000000      -0.000000       0.000000       0.000000
   51      F  Fxzz       0.000000       0.000000      -0.000000      -0.000000      -0.000291
   52      F  Fyyy       0.000000       0.000000       0.000000       0.000000      -0.013635
   53      F  Fyyz      -0.000373      -0.000309      -0.001300      -0.000116      -0.000000
   54      F  Fyzz       0.000000      -0.000000       0.000000       0.000000      -0.009959
   55      F  Fzzz      -0.000813      -0.000615      -0.008950      -0.005676      -0.000000
   56      F     S      -0.686754       0.686911       0.006978       0.003443       0.000000
   57      F     S       0.007599      -0.007388      -0.368131      -0.400959       0.000000
   58      F     S      -0.034359       0.034920      -0.100387      -0.111460      -0.000000
   59      F     S       0.011087      -0.014246      -0.240672      -0.294566      -0.000000
   60      F     S       0.000751      -0.005386      -0.011479      -0.060012      -0.000000
   61      F    Px      -0.000000      -0.000000      -0.000000       0.000000      -0.007509
   62      F    Py       0.000000      -0.000000       0.000000       0.000000      -0.257056
   63      F    Pz       0.000743      -0.000686       0.035455      -0.055991       0.000000
   64      F    Px       0.000000      -0.000000       0.000000       0.000000      -0.008339
   65      F    Py      -0.000000       0.000000      -0.000000      -0.000000      -0.285441
   66      F    Pz      -0.002222       0.002226       0.040126      -0.060746      -0.000000
   67      F    Px       0.000000      -0.000000      -0.000000      -0.000000      -0.005975
   68      F    Py      -0.000000       0.000000       0.000000      -0.000000      -0.204528
   69      F    Pz      -0.000593       0.001000       0.006892      -0.053820       0.000000
   70      F    Px       0.000000      -0.000000      -0.000000      -0.000000      -0.000955
   71      F    Py       0.000000      -0.000000      -0.000000      -0.000000      -0.032706
   72      F    Pz       0.000033       0.001065      -0.000426       0.006790       0.000000
   73      F   Dxx      -0.002121       0.002217       0.000410      -0.002061      -0.000000
   74      F   Dxy      -0.000000       0.000000      -0.000000      -0.000000       0.000000
   75      F   Dxz      -0.000000      -0.000000       0.000000      -0.000000       0.000043
   76      F   Dyy      -0.002121       0.002217       0.000410      -0.002061      -0.000000
   77      F   Dyz      -0.000000      -0.000000       0.000000       0.000000       0.001470
   78      F   Dzz      -0.001687       0.001827      -0.001509       0.003443      -0.000000
   79      F   Dxx      -0.005562       0.006339       0.006518       0.000570      -0.000000
   80      F   Dxy       0.000000      -0.000000      -0.000000      -0.000000      -0.000000
   81      F   Dxz       0.000000       0.000000      -0.000000       0.000000       0.000330
   82      F   Dyy      -0.005562       0.006339       0.006518       0.000570      -0.000000
   83      F   Dyz       0.000000      -0.000000       0.000000      -0.000000       0.011280
   84      F   Dzz      -0.005548       0.006108      -0.008277       0.019086       0.000000
   85      F   Dxx      -0.001855       0.002877       0.003979       0.006830       0.000000
   86      F   Dxy      -0.000000       0.000000       0.000000       0.000000       0.000000
   87      F   Dxz       0.000000       0.000000       0.000000      -0.000000      -0.000005
   88      F   Dyy      -0.001855       0.002877       0.003979       0.006830      -0.000000
   89      F   Dyz       0.000000      -0.000000      -0.000000       0.000000      -0.000155
   90      F   Dzz      -0.001748       0.002495       0.008753       0.027286      -0.000000
   91      F  Fxxx      -0.000000      -0.000000      -0.000000       0.000000      -0.000305
   92      F  Fxxy       0.000000      -0.000000       0.000000       0.000000      -0.004670
   93      F  Fxxz       0.000336      -0.000385       0.000363      -0.000787       0.000000
   94      F  Fxyy      -0.000000       0.000000      -0.000000      -0.000000      -0.000136
   95      F  Fxyz       0.000000      -0.000000       0.000000      -0.000000      -0.000000
   96      F  Fxzz      -0.000000       0.000000      -0.000000      -0.000000      -0.000215
   97      F  Fyyy       0.000000      -0.000000       0.000000       0.000000      -0.010443
   98      F  Fyyz       0.000336      -0.000385       0.000363      -0.000787       0.000000
   99      F  Fyzz       0.000000      -0.000000      -0.000000       0.000000      -0.007360
  100      F  Fzzz       0.000988      -0.000785       0.007414      -0.002236       0.000000
  101      F  Fxxx      -0.000000       0.000000      -0.000000      -0.000000      -0.000398
  102      F  Fxxy       0.000000      -0.000000      -0.000000       0.000000      -0.006098
  103      F  Fxxz       0.000373      -0.000309       0.001300      -0.000116       0.000000
  104      F  Fxyy      -0.000000      -0.000000      -0.000000       0.000000      -0.000178
  105      F  Fxyz       0.000000       0.000000       0.000000       0.000000      -0.000000
  106      F  Fxzz      -0.000000      -0.000000       0.000000      -0.000000      -0.000291
  107      F  Fyyy       0.000000      -0.000000       0.000000       0.000000      -0.013635
  108      F  Fyyz       0.000373      -0.000309       0.001300      -0.000116       0.000000
  109      F  Fyzz       0.000000      -0.000000       0.000000      -0.000000      -0.009959
  110      F  Fzzz       0.000813      -0.000615       0.008950      -0.005676       0.000000
 
                          -0.3995        -0.3408        -0.1972        -0.1972   
 
    1      F     S       0.000000       0.000782       0.000000       0.000000
    2      F     S       0.000000       0.085495       0.000000      -0.000000
    3      F     S       0.000000       0.027210      -0.000000       0.000000
    4      F     S       0.000000       0.129510      -0.000000      -0.000000
    5      F     S      -0.000000       0.058451      -0.000000       0.000000
    6      F    Px       0.257056       0.000000      -0.008339      -0.285457
    7      F    Py      -0.007509       0.000000      -0.285457       0.008339
    8      F    Pz       0.000000      -0.249195       0.000000       0.000000
    9      F    Px       0.285441      -0.000000      -0.009370      -0.320753
   10      F    Py      -0.008339      -0.000000      -0.320753       0.009370
   11      F    Pz       0.000000      -0.283539      -0.000000      -0.000000
   12      F    Px       0.204528      -0.000000      -0.008466      -0.289807
   13      F    Py      -0.005975      -0.000000      -0.289807       0.008466
   14      F    Pz       0.000000      -0.198628      -0.000000      -0.000000
   15      F    Px       0.032706      -0.000000      -0.003185      -0.109022
   16      F    Py      -0.000955       0.000000      -0.109022       0.003185
   17      F    Pz      -0.000000      -0.035822      -0.000000      -0.000000
   18      F   Dxx       0.000000       0.003124      -0.000000       0.000000
   19      F   Dxy      -0.000000       0.000000      -0.000000       0.000000
   20      F   Dxz       0.001470      -0.000000       0.000085       0.002900
   21      F   Dyy       0.000000       0.003124      -0.000000       0.000000
   22      F   Dyz      -0.000043      -0.000000       0.002900      -0.000085
   23      F   Dzz       0.000000      -0.004890      -0.000000       0.000000
   24      F   Dxx       0.000000       0.006679      -0.000000       0.000000
   25      F   Dxy      -0.000000       0.000000      -0.000000      -0.000000
   26      F   Dxz       0.011280       0.000000       0.000205       0.007016
   27      F   Dyy       0.000000       0.006679      -0.000000       0.000000
   28      F   Dyz      -0.000330       0.000000       0.007016      -0.000205
   29      F   Dzz       0.000000      -0.028189      -0.000000       0.000000
   30      F   Dxx       0.000000       0.001368      -0.000000       0.000000
   31      F   Dxy       0.000000      -0.000000       0.000000      -0.000000
   32      F   Dxz      -0.000155      -0.000000      -0.000034      -0.001169
   33      F   Dyy       0.000000       0.001368      -0.000000       0.000000
   34      F   Dyz       0.000005       0.000000      -0.001169       0.000034
   35      F   Dzz       0.000000      -0.016431      -0.000000      -0.000000
   36      F  Fxxx       0.010443       0.000000      -0.000337      -0.011520
   37      F  Fxxy      -0.000136      -0.000000      -0.005152       0.000151
   38      F  Fxxz       0.000000      -0.003917       0.000000       0.000000
   39      F  Fxyy       0.004670       0.000000      -0.000151      -0.005152
   40      F  Fxyz       0.000000      -0.000000       0.000000       0.000000
   41      F  Fxzz       0.007360       0.000000      -0.000136      -0.004666
   42      F  Fyyy      -0.000305       0.000000      -0.011520       0.000337
   43      F  Fyyz       0.000000      -0.003917       0.000000       0.000000
   44      F  Fyzz      -0.000215      -0.000000      -0.004666       0.000136
   45      F  Fzzz      -0.000000      -0.015347       0.000000       0.000000
   46      F  Fxxx       0.013635       0.000000      -0.000398      -0.013627
   47      F  Fxxy      -0.000178       0.000000      -0.006094       0.000178
   48      F  Fxxz      -0.000000      -0.005689       0.000000       0.000000
   49      F  Fxyy       0.006098       0.000000      -0.000178      -0.006094
   50      F  Fxyz      -0.000000       0.000000       0.000000      -0.000000
   51      F  Fxzz       0.009959      -0.000000      -0.000107      -0.003660
   52      F  Fyyy      -0.000398       0.000000      -0.013627       0.000398
   53      F  Fyyz      -0.000000      -0.005689       0.000000      -0.000000
   54      F  Fyzz      -0.000291       0.000000      -0.003660       0.000107
   55      F  Fzzz       0.000000      -0.018093      -0.000000      -0.000000
   56      F     S      -0.000000       0.000782       0.000000      -0.000000
   57      F     S      -0.000000       0.085495       0.000000      -0.000000
   58      F     S       0.000000       0.027210       0.000000      -0.000000
   59      F     S      -0.000000       0.129510       0.000000       0.000000
   60      F     S       0.000000       0.058451       0.000000      -0.000000
   61      F    Px       0.257056       0.000000       0.008339       0.285457
   62      F    Py      -0.007509      -0.000000       0.285457      -0.008339
   63      F    Pz      -0.000000       0.249195       0.000000      -0.000000
   64      F    Px       0.285441       0.000000       0.009370       0.320753
   65      F    Py      -0.008339       0.000000       0.320753      -0.009370
   66      F    Pz      -0.000000       0.283539      -0.000000      -0.000000
   67      F    Px       0.204528       0.000000       0.008466       0.289807
   68      F    Py      -0.005975       0.000000       0.289807      -0.008466
   69      F    Pz       0.000000       0.198628      -0.000000      -0.000000
   70      F    Px       0.032706       0.000000       0.003185       0.109022
   71      F    Py      -0.000955      -0.000000       0.109022      -0.003185
   72      F    Pz      -0.000000       0.035822      -0.000000       0.000000
   73      F   Dxx       0.000000       0.003124       0.000000       0.000000
   74      F   Dxy      -0.000000       0.000000      -0.000000      -0.000000
   75      F   Dxz      -0.001470       0.000000       0.000085       0.002900
   76      F   Dyy       0.000000       0.003124       0.000000      -0.000000
   77      F   Dyz       0.000043      -0.000000       0.002900      -0.000085
   78      F   Dzz       0.000000      -0.004890      -0.000000      -0.000000
   79      F   Dxx       0.000000       0.006679       0.000000      -0.000000
   80      F   Dxy       0.000000       0.000000      -0.000000       0.000000
   81      F   Dxz      -0.011280      -0.000000       0.000205       0.007016
   82      F   Dyy       0.000000       0.006679       0.000000      -0.000000
   83      F   Dyz       0.000330       0.000000       0.007016      -0.000205
   84      F   Dzz       0.000000      -0.028189       0.000000      -0.000000
   85      F   Dxx       0.000000       0.001368       0.000000      -0.000000
   86      F   Dxy      -0.000000      -0.000000      -0.000000      -0.000000
   87      F   Dxz       0.000155      -0.000000      -0.000034      -0.001169
   88      F   Dyy       0.000000       0.001368       0.000000      -0.000000
   89      F   Dyz      -0.000005       0.000000      -0.001169       0.000034
   90      F   Dzz      -0.000000      -0.016431       0.000000       0.000000
   91      F  Fxxx       0.010443      -0.000000       0.000337       0.011520
   92      F  Fxxy      -0.000136      -0.000000       0.005152      -0.000151
   93      F  Fxxz      -0.000000       0.003917       0.000000      -0.000000
   94      F  Fxyy       0.004670      -0.000000       0.000151       0.005152
   95      F  Fxyz      -0.000000       0.000000       0.000000       0.000000
   96      F  Fxzz       0.007360      -0.000000       0.000136       0.004666
   97      F  Fyyy      -0.000305      -0.000000       0.011520      -0.000337
   98      F  Fyyz      -0.000000       0.003917       0.000000       0.000000
   99      F  Fyzz      -0.000215      -0.000000       0.004666      -0.000136
  100      F  Fzzz      -0.000000       0.015347       0.000000       0.000000
  101      F  Fxxx       0.013635      -0.000000       0.000398       0.013627
  102      F  Fxxy      -0.000178       0.000000       0.006094      -0.000178
  103      F  Fxxz      -0.000000       0.005689       0.000000       0.000000
  104      F  Fxyy       0.006098      -0.000000       0.000178       0.006094
  105      F  Fxyz      -0.000000      -0.000000       0.000000      -0.000000
  106      F  Fxzz       0.009959      -0.000000       0.000107       0.003660
  107      F  Fyyy      -0.000398      -0.000000       0.013627      -0.000398
  108      F  Fyyz      -0.000000       0.005689       0.000000      -0.000000
  109      F  Fyzz      -0.000291      -0.000000       0.003660      -0.000107
  110      F  Fzzz       0.000000       0.018093       0.000000      -0.000000
 
 
  end of eigenvectors 
 
  END OF EIGENVALUES AND EIGENVECTORS
 
 
  COMPONENTS OF KINETIC ENERGY: 
 -----------------------------
 
             E-ALPHA Kinetic energy =          102.378535041140
              E-BETA Kinetic energy =           97.542480902695
                                     _________________________
               Total kinetic energy =          199.921015943835
 
  COMPONENTS OF POTENTIAL ENERGY: 
 -------------------------------
 
          Fixed potential energy    =           32.971813221877
 
  Quantum/Fixed interaction energy: 
 ----------------------------------
 
     E-ALPHA/Fixed interact. energy =         -283.726218545546
      E-BETA/Fixed interact. energy =         -267.380563414190
                                     _________________________
               Total Q/Fixed energy =         -551.106781959736
 
  Coulomb energy: 
 ------------------
 
     E-ALPHA/E-ALPHA Hartree energy =           38.252320981960
       E-BETA/E-BETA Hartree energy =           31.899630475753
      E-ALPHA/E-BETA Hartree energy =           69.814675833629
                                     _________________________
               Total Hartree energy =          139.966627291342
 
  Exchange(HF) energy: 
 ----------------------
 
            E-ALPHA Exchange energy =          -10.657606039285
             E-BETA Exchange energy =           -9.769789481165
                                     _________________________
              Total Exchange energy =          -20.427395520451
 
  TOTAL ENERGY COMPONENTS: 
 ==========================
 
          TOTAL KINETIC ENERGY      =          199.921015943835
          TOTAL POTENTIAL ENERGY    =         -398.595736966968
                                     _________________________
                       TOTAL ENERGY =         -198.674721023132
 
                 VIRIAL RATIO (V/T) =            1.993766063489
 
 
  END ENERGY COMPONENTS
 
 
** TOTAL CPU Time SCF :     15.918 (s)
** TOTAL Elapsed Time SCF :      3.771 (s)
 
 We are calculating properties for E-ALPHA in the HF/KS ground state
 We are calculating properties for E-BETA in the HF/KS ground state
 
  POPULATION ANALYSES: 
 ====================
 
 MULLIKEN Population: for E-        
 ---------------------
 
                          total          spin      
 
    1      F     S       1.941490      -0.000220
    2      F     S       1.071835       0.038823
    3      F     S       0.268150       0.015600
    4      F     S       0.657258      -0.017715
    5      F     S      -0.099134      -0.154876
    6      F    Px       0.569849       0.010707
    7      F    Py       0.569849       0.010707
    8      F    Pz       0.423492       0.150850
    9      F    Px       0.810820       0.013845
   10      F    Py       0.810820       0.013845
   11      F    Pz       0.625940       0.166675
   12      F    Px       0.486378      -0.014406
   13      F    Py       0.486378      -0.014406
   14      F    Pz       0.337368       0.079409
   15      F    Px       0.043791      -0.005547
   16      F    Py       0.043791      -0.005547
   17      F    Pz       0.218383       0.218883
   18      F   Dxx       0.001934      -0.001077
   19      F   Dxy       0.000000       0.000000
   20      F   Dxz       0.000212       0.000015
   21      F   Dyy       0.001934      -0.001077
   22      F   Dyz       0.000212       0.000015
   23      F   Dzz       0.001949       0.003156
   24      F   Dxx      -0.007889      -0.002931
   25      F   Dxy       0.000000       0.000000
   26      F   Dxz       0.004392      -0.000425
   27      F   Dyy      -0.007889      -0.002931
   28      F   Dyz       0.004392      -0.000425
   29      F   Dzz       0.008385       0.005560
   30      F   Dxx      -0.003649       0.001347
   31      F   Dxy       0.000000       0.000000
   32      F   Dxz      -0.000669       0.000221
   33      F   Dyy      -0.003649       0.001347
   34      F   Dyz      -0.000669       0.000221
   35      F   Dzz      -0.003535       0.003124
   36      F  Fxxx       0.022500      -0.001640
   37      F  Fxxy       0.007500      -0.000547
   38      F  Fxxz       0.003620       0.000022
   39      F  Fxyy       0.007500      -0.000547
   40      F  Fxyz       0.000000       0.000000
   41      F  Fxzz       0.010887       0.000873
   42      F  Fyyy       0.022500      -0.001640
   43      F  Fyyz       0.003620       0.000022
   44      F  Fyzz       0.010887       0.000873
   45      F  Fzzz       0.023973       0.001686
   46      F  Fxxx       0.024315      -0.002188
   47      F  Fxxy       0.008105      -0.000729
   48      F  Fxxz       0.004474      -0.000465
   49      F  Fxyy       0.008105      -0.000729
   50      F  Fxyz       0.000000       0.000000
   51      F  Fxzz       0.011921      -0.000179
   52      F  Fyyy       0.024315      -0.002188
   53      F  Fyyz       0.004474      -0.000465
   54      F  Fyzz       0.011921      -0.000179
   55      F  Fzzz       0.027465      -0.004746
   56      F     S       1.941490      -0.000220
   57      F     S       1.071835       0.038823
   58      F     S       0.268150       0.015600
   59      F     S       0.657258      -0.017715
   60      F     S      -0.099134      -0.154876
   61      F    Px       0.569849       0.010707
   62      F    Py       0.569849       0.010707
   63      F    Pz       0.423492       0.150850
   64      F    Px       0.810820       0.013845
   65      F    Py       0.810820       0.013845
   66      F    Pz       0.625940       0.166675
   67      F    Px       0.486378      -0.014406
   68      F    Py       0.486378      -0.014406
   69      F    Pz       0.337368       0.079409
   70      F    Px       0.043791      -0.005547
   71      F    Py       0.043791      -0.005547
   72      F    Pz       0.218383       0.218883
   73      F   Dxx       0.001934      -0.001077
   74      F   Dxy       0.000000       0.000000
   75      F   Dxz       0.000212       0.000015
   76      F   Dyy       0.001934      -0.001077
   77      F   Dyz       0.000212       0.000015
   78      F   Dzz       0.001949       0.003156
   79      F   Dxx      -0.007889      -0.002931
   80      F   Dxy       0.000000       0.000000
   81      F   Dxz       0.004392      -0.000425
   82      F   Dyy      -0.007889      -0.002931
   83      F   Dyz       0.004392      -0.000425
   84      F   Dzz       0.008385       0.005560
   85      F   Dxx      -0.003649       0.001347
   86      F   Dxy       0.000000       0.000000
   87      F   Dxz      -0.000669       0.000221
   88      F   Dyy      -0.003649       0.001347
   89      F   Dyz      -0.000669       0.000221
   90      F   Dzz      -0.003535       0.003124
   91      F  Fxxx       0.022500      -0.001640
   92      F  Fxxy       0.007500      -0.000547
   93      F  Fxxz       0.003620       0.000022
   94      F  Fxyy       0.007500      -0.000547
   95      F  Fxyz       0.000000       0.000000
   96      F  Fxzz       0.010887       0.000873
   97      F  Fyyy       0.022500      -0.001640
   98      F  Fyyz       0.003620       0.000022
   99      F  Fyzz       0.010887       0.000873
  100      F  Fzzz       0.023973       0.001686
  101      F  Fxxx       0.024315      -0.002188
  102      F  Fxxy       0.008105      -0.000729
  103      F  Fxxz       0.004474      -0.000465
  104      F  Fxyy       0.008105      -0.000729
  105      F  Fxyz       0.000000       0.000000
  106      F  Fxzz       0.011921      -0.000179
  107      F  Fyyy       0.024315      -0.002188
  108      F  Fyyz       0.004474      -0.000465
  109      F  Fyzz       0.011921      -0.000179
  110      F  Fzzz       0.027465      -0.004746
 
                           __________     __________
              Total =       19.000000       1.000000
 
  Atomic MULLIKEN Population: for E-        
            F                9.500000       0.500000
            F                9.500000       0.500000
 
 ...end of MULLIKEN Population
 
 
 END POPULATION ANALYSES 
 
 
  POPULATION ANALYSES: 
 ====================
 
 LOWDIN Population: for E-        
 ---------------------
 
                          total          spin      
 
    1      F     S       1.568343       0.000482
    2      F     S       0.592697       0.016397
    3      F     S       0.403510       0.012094
    4      F     S       0.243689      -0.001688
    5      F     S       0.077674       0.002558
    6      F    Px       0.511042       0.010550
    7      F    Py       0.511042       0.010550
    8      F    Pz       0.378643       0.142752
    9      F    Px       0.374873       0.003811
   10      F    Py       0.374873       0.003811
   11      F    Pz       0.283338       0.062562
   12      F    Px       0.242104      -0.007296
   13      F    Py       0.242104      -0.007296
   14      F    Pz       0.193403       0.009289
   15      F    Px       0.054745      -0.004510
   16      F    Py       0.054745      -0.004510
   17      F    Pz       0.116591       0.080570
   18      F   Dxx       0.155237       0.008298
   19      F   Dxy       0.000000       0.000000
   20      F   Dxz       0.000157       0.000014
   21      F   Dyy       0.155237       0.008298
   22      F   Dyz       0.000157       0.000014
   23      F   Dzz       0.148704       0.009862
   24      F   Dxx       0.132576       0.001026
   25      F   Dxy       0.000000       0.000000
   26      F   Dxz       0.006416      -0.000252
   27      F   Dyy       0.132576       0.001026
   28      F   Dyz       0.006416      -0.000252
   29      F   Dzz       0.134465       0.008417
   30      F   Dxx       0.019578      -0.001098
   31      F   Dxy       0.000000       0.000000
   32      F   Dxz       0.064117      -0.002371
   33      F   Dyy       0.019578      -0.001098
   34      F   Dyz       0.064117      -0.002371
   35      F   Dzz       0.142022       0.044280
   36      F  Fxxx       0.237740       0.002333
   37      F  Fxxy       0.103904       0.001065
   38      F  Fxxz       0.076534       0.022875
   39      F  Fxyy       0.103904       0.001065
   40      F  Fxyz       0.000000       0.000000
   41      F  Fxzz       0.105018       0.001992
   42      F  Fyyy       0.237740       0.002333
   43      F  Fyyz       0.076534       0.022875
   44      F  Fyzz       0.105018       0.001992
   45      F  Fzzz       0.184808       0.041415
   46      F  Fxxx       0.161054      -0.003343
   47      F  Fxxy       0.068834      -0.001475
   48      F  Fxxz       0.049246       0.004589
   49      F  Fxyy       0.068834      -0.001475
   50      F  Fxyz       0.000000       0.000000
   51      F  Fxzz       0.069997      -0.000519
   52      F  Fyyy       0.161054      -0.003343
   53      F  Fyyz       0.049246       0.004589
   54      F  Fyzz       0.069997      -0.000519
   55      F  Fzzz       0.165770      -0.000371
   56      F     S       1.568343       0.000482
   57      F     S       0.592697       0.016397
   58      F     S       0.403510       0.012094
   59      F     S       0.243689      -0.001688
   60      F     S       0.077674       0.002558
   61      F    Px       0.511042       0.010550
   62      F    Py       0.511042       0.010550
   63      F    Pz       0.378643       0.142752
   64      F    Px       0.374873       0.003811
   65      F    Py       0.374873       0.003811
   66      F    Pz       0.283338       0.062562
   67      F    Px       0.242104      -0.007296
   68      F    Py       0.242104      -0.007296
   69      F    Pz       0.193403       0.009289
   70      F    Px       0.054745      -0.004510
   71      F    Py       0.054745      -0.004510
   72      F    Pz       0.116591       0.080570
   73      F   Dxx       0.155237       0.008298
   74      F   Dxy       0.000000       0.000000
   75      F   Dxz       0.000157       0.000014
   76      F   Dyy       0.155237       0.008298
   77      F   Dyz       0.000157       0.000014
   78      F   Dzz       0.148704       0.009862
   79      F   Dxx       0.132576       0.001026
   80      F   Dxy       0.000000       0.000000
   81      F   Dxz       0.006416      -0.000252
   82      F   Dyy       0.132576       0.001026
   83      F   Dyz       0.006416      -0.000252
   84      F   Dzz       0.134465       0.008417
   85      F   Dxx       0.019578      -0.001098
   86      F   Dxy       0.000000       0.000000
   87      F   Dxz       0.064117      -0.002371
   88      F   Dyy       0.019578      -0.001098
   89      F   Dyz       0.064117      -0.002371
   90      F   Dzz       0.142022       0.044280
   91      F  Fxxx       0.237740       0.002333
   92      F  Fxxy       0.103904       0.001065
   93      F  Fxxz       0.076534       0.022875
   94      F  Fxyy       0.103904       0.001065
   95      F  Fxyz       0.000000       0.000000
   96      F  Fxzz       0.105018       0.001992
   97      F  Fyyy       0.237740       0.002333
   98      F  Fyyz       0.076534       0.022875
   99      F  Fyzz       0.105018       0.001992
  100      F  Fzzz       0.184808       0.041415
  101      F  Fxxx       0.161054      -0.003343
  102      F  Fxxy       0.068834      -0.001475
  103      F  Fxxz       0.049246       0.004589
  104      F  Fxyy       0.068834      -0.001475
  105      F  Fxyz       0.000000       0.000000
  106      F  Fxzz       0.069997      -0.000519
  107      F  Fyyy       0.161054      -0.003343
  108      F  Fyyz       0.049246       0.004589
  109      F  Fyzz       0.069997      -0.000519
  110      F  Fzzz       0.165770      -0.000371
 
                           __________     __________
              Total =       19.000000       1.000000
 
  Atomic LOWDIN Population: for E-        
            F                9.500000       0.500000
            F                9.500000       0.500000
 
 ...end of LOWDIN Population
 
 
 END POPULATION ANALYSES 
 
 
  EXPECTED POSITIONS OF QUANTUM SPECIES:
 ======================
 
 POSITIONS IN ANGSTROMS
 ------
 
                        <x>      <y>      <z>         
            E-ALPHA   0.0000   0.0000   6.5000
             E-BETA  -0.0000  -0.0000   5.8500
 
 END EXPECTED POSITIONS
 
 
  ELECTROSTATIC MOMENTS:
 ======================
 
 
 DIPOLE: (A.U.)
 ------
 
                           <Dx>         <Dy>         <Dz>          |D|
            E-ALPHA  -0.00000000  -0.00000000 -12.28321892
             E-BETA   0.00000000   0.00000000 -11.05489703
    Point charges:    0.00000000   0.00000000  22.10979406
                     ____________________________
      Total Dipole:   0.00000000  -0.00000000  -1.22832189   1.22832189
 
 DIPOLE: (DEBYE)
 ------
 
                           <Dx>         <Dy>         <Dz>          |D|
            E-ALPHA  -0.00000000  -0.00000000 -31.22082427
             E-BETA   0.00000000   0.00000000 -28.09874184
    Point charges:    0.00000000   0.00000000  56.19748369
                     ____________________________
      Total Dipole:   0.00000000  -0.00000000  -3.12208243   3.12208243
 
 QUADRUPOLE NON-TRACELESS: (DEBYE ANGS)
 ------
 
                           <xx>         <yy>         <zz>         <xy>         <xz>         <yz>
            E-ALPHA   -6.30327199   -6.30327203  -50.89054401   -0.00000000   -0.00000000   -0.00000000
             E-BETA   -5.52249415   -5.52249409  -42.18307019    0.00000000    0.00000000   -0.00000000
    Point charges:     0.00000000    0.00000000   73.05672046    0.00000000    0.00000000    0.00000000
  Total Quadrupole:  -11.82576614  -11.82576612  -20.01689374    0.00000000   -0.00000000   -0.00000000
                     ____________________________
 
 END ELECTROSTATIC MOMENTS
 
 
 BEGIN FOUR-INDEX INTEGRALS TRANFORMATION:
 ========================================
 Selected method: C         
 
 --------------------------------------------------
    4N^5 Algorithm Four-index integral tranformation
 --------------------------------------------------
 
 Integrals transformation for: E-ALPHA
 
              Transformation boundaries 
                 orbital lower upper
                       p     1    10
                       q    11   110
                       r     1    10
                       s    11   110
 
         Loading AO integrals time(s):  0.272E-01
      Integral transformation time(s):  0.238E+01
       Non-zero transformed integrals:       176778
 
 Inter-species integrals transformation for: E-ALPHA/E-BETA
 
              Transformation boundaries 
                 orbital lower upper
                       p     1     9
                       q    10   110
                       r     1    10
                       s    11   110
 
         Loading AO integrals time(s):  0.292E-01
      Integral transformation time(s):  0.969E+01
 Non zero transformed coupling integrals:       188233
 
 Integrals transformation for: E-BETA
 
              Transformation boundaries 
                 orbital lower upper
                       p     1     9
                       q    10   110
                       r     1     9
                       s    10   110
 
         Loading AO integrals time(s):  0.195E-01
      Integral transformation time(s):  0.237E+01
       Non-zero transformed integrals:       103674
 
** TOTAL Elapsed Time for integrals transformation :     14.743 (s)
 
 
  POST HARTREE-FOCK CALCULATION
  MANY-BODY PERTURBATION THEORY:
 ==============================
 
              MOLLER-PLESSET FORMALISM 
               ORDER OF CORRECTION =     2
 
                E(0) + E(1) =    -198.674721023132
                       E(2) =      -0.602902832291
                             ____________________
                     E(MP2) =    -199.277623855423
 
              -----------------------------------
               E(n){ Specie }     E(n) / Hartree 
              -----------------------------------
 
            E(2){ E-ALPHA } =      -0.086862021098
             E(2){ E-BETA } =      -0.074510706097
 
     E(2){ E-ALPHA/E-BETA } =      -0.441530105096
 
** TOTAL CPU Time HF-MBPT :      0.574 (s)
** TOTAL Elapsed Time HF-MBPT :      0.339 (s)
 

  TOTAL CPU Time:      0.241 (s)
 TOTAL Wall Time:     18.915 (s)
  Elapsed Time:   0h  0m 18s 915ms
LOWDIN execution terminated normally at : Tue Feb  4 16:54:03 2025
-rw-rw-r-- 1 pohl pohl  53M feb  4 16:53 0E-ALPHA.E-BETA.ints
-rw-rw-r-- 1 pohl pohl  27M feb  4 16:53 0E-ALPHA.ints
-rw-rw-r-- 1 pohl pohl  52M feb  4 16:53 1E-ALPHA.E-BETA.ints
-rw-rw-r-- 1 pohl pohl  27M feb  4 16:53 1E-ALPHA.ints
-rw-rw-r-- 1 pohl pohl  53M feb  4 16:53 2E-ALPHA.E-BETA.ints
-rw-rw-r-- 1 pohl pohl  27M feb  4 16:53 2E-ALPHA.ints
-rw-rw-r-- 1 pohl pohl  52M feb  4 16:53 3E-ALPHA.E-BETA.ints
-rw-rw-r-- 1 pohl pohl  27M feb  4 16:53 3E-ALPHA.ints
-rw-rw-r-- 1 pohl pohl   12 feb  4 16:53 E-ALPHA.E-BETA.nints
-rw-rw-r-- 1 pohl pohl 4.9M feb  4 16:53 E-ALPHAmoint.dat
-rw-rw-r-- 1 pohl pohl 4.9M feb  4 16:54 E-BETA.E-ALPHAmoint.dat
-rw-rw-r-- 1 pohl pohl 4.9M feb  4 16:54 E-BETAmoint.dat
-rw-rw-r-- 1 pohl pohl   63 feb  4 16:53 gepol.inp
-rw-rw-r-- 1 pohl pohl  182 feb  4 16:53 gepol.xyzr
-rw-rw-r-- 1 pohl pohl  13K feb  4 16:53 lowdin.bas
-rw-rw-r-- 1 pohl pohl  16K feb  4 16:53 lowdin.dat
-rw-rw-r-- 1 pohl pohl 2.3M feb  4 16:53 lowdin.opints
-rw-rw-r-- 1 pohl pohl  46K feb  4 16:53 lowdin.sys
-rw-rw-r-- 1 pohl pohl 2.1M feb  4 16:53 lowdin.wfn
-rw-rw-r-- 1 pohl pohl  258 feb  4 16:53 usual_4
-rw-rw-r-- 1 pohl pohl 1.1K feb  4 16:53 usual_4.aux
-rw-rw-r-- 1 pohl pohl  266 feb  4 16:53 usual_4.lowdin
-rw-rw-r-- 1 pohl pohl  83K feb  4 16:54 usual_4.out
-rw-rw-r-- 1 pohl pohl 192K feb  4 16:53 usual_4.vec
