Begin job by input: usual_2.lowdin, for user:   at  mar 04 feb 2025 16:53:07 -05
under operating system Linux helios 5.19.0-46-generic #47-Ubuntu SMP PREEMPT_DYNAMIC Fri Jun 16 13:30:11 UTC 2023 x86_64 x86_64 x86_64 GNU/Linux
Compilation information
  commit: f31d3924f6ee2ce9d77f07edcc1ba27359319d14
  compilation date:  mar 17 sep 2024 16:16:17 -05

BEGIN INPUT INFO:
------------------------------------

GEOMETRY
	e-(F)	AUG-CC-PVTZ 0.0 0.0 0.0 multiplicity=2 addParticles=1 
	e-(F)	AUG-CC-PVTZ 0.0 0.0 0.9 
	F	Dirac 0.0 0.0 0.0
	F	Dirac 0.0 0.0 0.9
END GEOMETRY

TASKS
        method = "UHF"
	mollerPlessetCorrection=2
END TASKS

CONTROL
	units="ANGS"
END CONTROL






... END INPUT INFO


 LOWDIN execution started at : Tue Feb  4 16:53:07 2025
 ---------------------------------------------------------------
 
 ***************************************************************
 *                   LOWDIN 2.0  (May/2013)                    *
 *                                                             *
 *  R. FLORES-MORENO, E. F. POSADA, F. S. MONCADA, J.ROMERO,   *
 *  J. CHARRY, M. DIAZ-TINOCO, S. A. GONZALEZ, N. F. AGUIRRE,  *
 *  A. REYES                                                   *
 *                                                             *
 *  https://sites.google.com/site/lowdinproject/               *
 *                                                             *
 ***************************************************************
 
 PARSING INPUT... DONE!
 
 LOWDIN IS RUNNING WITH NEXT PARAMETERS: 
 ----------------------------------------
 
         METHOD TYPE:  UHF
         NUMBER OF CORES:     4
         MOLLER PLESSET CORRECTION:      2
         NONELECTRONIC DENSITY GUESS: HCORE
         ELECTRONIC DENSITY GUESS: HCORE
         CRITERIUM OF CONVERGENCE: ENERGY
         NONELECTRONIC ENERGY TOLERANCE IN SCFs:     0.10000E-07
         ELECTRONIC ENERGY TOLERANCE IN SCFs:     0.10000E-07
         TOTAL ENERGY TOLERANCE IN SCFs:     0.10000E-07
         SCHEME OF ITERATION: GLOBAL ITERATIONS
         SCF MAX. SUBITERATIONS - NONELECTRONS :     1
         SCF MAX. SUBITERATIONS - ELECTRONS :     1
         SCF MAX. ITERATIONS - INTERSPECIES :   200
         INTEGRAL STORAGE: DISK
         STACK SIZE FOR ERIS : 30000
         METHOD OF SCF CONVERGENCE: DAMPING
 
  MOLECULAR SYSTEM: usual_2
 -----------------
 
    DESCRIPTION   : usual_2
    CHARGE        :   0
    PUNTUAL GROUP : NONE
 
 
  INFORMATION OF PARTICLES :
 =========================
         Total number of particles   =      21
         Number of quantum particles =      19
         Number of puntual charges   =       2
         Number of quantum species   =       2
 
                 INFORMATION OF QUANTUM SPECIES 
    ----------------------------------------------------------------------
         ID      Symbol            mass     charge      omega     spin     multiplicity
    ----------------------------------------------------------------------
         1        E-ALPHA         1.0000     -1.00      0.00      0.50      2.00
         2         E-BETA         1.0000     -1.00      0.00      0.50      2.00
 
                   CONSTANTS OF COUPLING 
      ------------------------------------------------------------
              Symbol      kappa        eta     lambda occupation
      ------------------------------------------------------------
             E-ALPHA      -1.00       1.00       1.00      10.00
              E-BETA      -1.00       1.00       1.00       9.00
 
                   BASIS SET FOR SPECIES 
      ------------------------------------------------------------
           Symbol          N. Basis     N. Particles     Basis Set
      ------------------------------------------------------------
            E-ALPHA           28               10     AUG-CC-PVT
             E-BETA           28                9     AUG-CC-PVT
 
                                ATOMIC BASIS
         ------------------------------------------------------------
          PRIMITIVE   SHELL             EXPONENT         COEFFICIENT 
         ------------------------------------------------------------
 
    BEGIN DESCRIPTION OF BASIS FOR: E-ALP
    ==============================
 
 
             F BASIS SET:    AUG-CC-PVTZ
             1         S            19500.00000000          0.00050700
             2         S             2923.00000000          0.00392300
             3         S              664.50000000          0.02020000
             4         S              187.50000000          0.07901000
             5         S               60.62000000          0.23043900
             6         S               21.42000000          0.43287200
             7         S                7.95000000          0.34996400
             8         S                0.88150000         -0.00789200
             1         S            19500.00000000         -0.00011700
             2         S             2923.00000000         -0.00091200
             3         S              664.50000000         -0.00471700
             4         S              187.50000000         -0.01908600
             5         S               60.62000000         -0.05965500
             6         S               21.42000000         -0.14001000
             7         S                7.95000000         -0.17678200
             8         S                0.88150000          0.60504300
             1         S                2.25700000          1.00000000
             1         S                0.30410000          1.00000000
             1         S                0.09158000          1.00000000
             1         P               43.88000000          0.01666500
             2         P                9.92600000          0.10447200
             3         P                2.93000000          0.31726000
             1         P                0.91320000          1.00000000
             1         P                0.26720000          1.00000000
             1         P                0.07361000          1.00000000
             1         D                3.10700000          1.00000000
             1         D                0.85500000          1.00000000
             1         D                0.29200000          1.00000000
             1         F                1.91700000          1.00000000
             1         F                0.72400000          1.00000000
 
             F BASIS SET:    AUG-CC-PVTZ
             1         S            19500.00000000          0.00050700
             2         S             2923.00000000          0.00392300
             3         S              664.50000000          0.02020000
             4         S              187.50000000          0.07901000
             5         S               60.62000000          0.23043900
             6         S               21.42000000          0.43287200
             7         S                7.95000000          0.34996400
             8         S                0.88150000         -0.00789200
             1         S            19500.00000000         -0.00011700
             2         S             2923.00000000         -0.00091200
             3         S              664.50000000         -0.00471700
             4         S              187.50000000         -0.01908600
             5         S               60.62000000         -0.05965500
             6         S               21.42000000         -0.14001000
             7         S                7.95000000         -0.17678200
             8         S                0.88150000          0.60504300
             1         S                2.25700000          1.00000000
             1         S                0.30410000          1.00000000
             1         S                0.09158000          1.00000000
             1         P               43.88000000          0.01666500
             2         P                9.92600000          0.10447200
             3         P                2.93000000          0.31726000
             1         P                0.91320000          1.00000000
             1         P                0.26720000          1.00000000
             1         P                0.07361000          1.00000000
             1         D                3.10700000          1.00000000
             1         D                0.85500000          1.00000000
             1         D                0.29200000          1.00000000
             1         F                1.91700000          1.00000000
             1         F                0.72400000          1.00000000
    ... END DESCRIPTION OF BASIS
 
 
  END INFORMATION OF PARTICLES
 
 
  INFORMATION OF THE QUANTUM SYSTEM 
     ---------------------------------------------------------------------
                 ID     Occupied Orbitals     Basis size
     ---------------------------------------------------------------------
            E-ALPHA           10              110
             E-BETA            9              110
 
  END INFORMATION OF QUANTUM SYSTEM
 
                       INITIAL GEOMETRY: AMSTRONG
                 -----------------------------------
                       <x>                 <y>                 <z>
  E-ALPHAF        0.0000000000        0.0000000000        0.0000000000
  E-ALPHAF        0.0000000000        0.0000000000        0.9000000000
         F        0.0000000000        0.0000000000        0.0000000000
         F        0.0000000000        0.0000000000        0.9000000000
 
                     MATRIX OF DISTANCE: ANGSTROM
                 -----------------------------------
                          F(1)           F(2)      
 
        F(1)             0.000000       0.900000
        F(2)             0.900000       0.000000
 
--------------------------------------------------------------------------------
** PROGRAM: SCF (Hartree Fock).     Author: S.A. Gonzalez, E. Posada, F. Moncada
--------------------------------------------------------------------------------
INFO: RUNNING IN UHF MODE.
 
----------------------------------------------------------------------
** PROGRAM INTS                          Author: E. F. Posada, 2013   
----------------------------------------------------------------------
INFO: RUNNING IN ONE_PARTICLE MODE.
 
 Number of Overlap integrals for species E-ALPHA:  12100
 Number of Overlap integrals for species E-BETA:  12100
 Number of Kinetic integrals for species E-ALPHA:  12100
 Number of Kinetic integrals for species E-BETA:  12100
 Number of Nuclear integrals for species E-ALPHA:  12100
 Number of Nuclear integrals for species E-BETA:  12100
 Number of Moment integrals for species E-ALPHA:  36300
 Number of Moment integrals for species E-BETA:  36300
 
** TOTAL CPU Time INTS :      0.436 (s)
** TOTAL Elapsed Time INTS :      0.197 (s)
 
       Usign  HCORE density guess for species:    E-ALPHA
     number of    E-ALPHA     particles in guess density matrix:    10.000000
       Usign  HCORE density guess for species:     E-BETA
     number of     E-BETA     particles in guess density matrix:     9.000000
 Number of unique integrals for species: 1 = 4512371
 Number of unique integrals for species: 1 / 2 = 9018637 Screened: 0
 
 TWO-BODY INTEGRAL SETUP: 
------------------------- 
 Storage:   DISK
 Scheme: LIBINT
 Stack size:  30000
 
 LIBINT library, Fermann, J. T.; Valeev, F. L. 2010                   
 LOWDIN-LIBINT Implementation V. 2.1  Posada E. F. ; Reyes A. 2016   
 ----------------------------------------------------------------------

*** TOTAL CPU time intra-species integrals :      1.256 (s)
*** TOTAL elapsed time intra-species integrals :      0.279 (s)


*** TOTAL CPU time inter-species integrals :      2.809 (s)
*** TOTAL elapsed time inter-species integrals :      0.673 (s)

INFO: RUNNING SCHEME SIMULTANEOUS
 
 Begin Multi-Species SCF calculation:
 
 --------------------------------------------------------------------------------------------------
      Iteration                   Energy            Energy Change           Density Change
 --------------------------------------------------------------------------------------------------
              1        -168.099969654972         168.099969654972          13.554378114969
              2        -151.911140083876         -16.188829571096           9.078673913548
              3        -187.347131508790          35.435991424914           4.586793694904
              4        -197.886531081952          10.539399573161           0.031928455813
              5        -198.055837304807           0.169306222855           0.009106725014
              6        -198.080331734138           0.024494429331           0.005862765302
              7        -198.084572342332           0.004240608193           0.003224272892
              8        -198.085814629411           0.001242287079           0.002329074224
              9        -198.086298957751           0.000484328340           0.001529294592
             10        -198.086481642002           0.000182684252           0.001013513571
             11        -198.086555086752           0.000073444750           0.000668206419
             12        -198.086585501768           0.000030415016           0.000441417781
             13        -198.086598319966           0.000012818198           0.000291031976
             14        -198.086603783996           0.000005464030           0.000192229823
             15        -198.086606131314           0.000002347317           0.000126838542
             16        -198.086607145156           0.000001013843           0.000083807925
             17        -198.086607584704           0.000000439548           0.000055340867
             18        -198.086607775773           0.000000191068           0.000036577067
             19        -198.086607858983           0.000000083210           0.000024166067
             20        -198.086607895268           0.000000036285           0.000015975502
             21        -198.086607911105           0.000000015837           0.000010558598
             22        -198.086607918022           0.000000006917           0.000006980892
 Total energy converged after  22 global iterations                                                  
 
 ...end Multi-Species SCF calculation
 
 
 Begin SCF calculation by: E-ALPHA
 -------------------------
 
 -----------------------------------------------------------------------------------
 Iteration                   Energy           Density Change         DIIS Error 
 -----------------------------------------------------------------------------------
    1        -114.152248327587           8.208778913625                 -- 
    2        -110.564412943230           1.945192907638                 -- 
    3         -85.100468634813           0.027048629760                 -- 
    4         -87.367348691339           0.007761156261                 -- 
    5         -86.418026391533           0.005327779540                 -- 
    6         -86.656147524458           0.003027475606                 -- 
    7         -86.533396946165           0.002138338047                 -- 
    8         -86.507429528419           0.001432593652                 -- 
    9         -86.487029253935           0.000959485723                 -- 
   10         -86.480042317685           0.000635227385                 -- 
   11         -86.474390065566           0.000421252293                 -- 
   12         -86.472306735626           0.000278164218                 -- 
   13         -86.470716239572           0.000184008052                 -- 
   14         -86.470097930587           0.000121498101                 -- 
   15         -86.469653419135           0.000080323392                 -- 
   16         -86.469475155863           0.000053055918                 -- 
   17         -86.469353913287           0.000035072340                 -- 
   18         -86.469305070193           0.000023174471                 -- 
   19         -86.469273619950           0.000015320117                 -- 
   20         -86.469261422211           0.000010125678                 -- 
   21         -86.469254077923           0.000006694405                 -- 
 
 ... end SCF calculation
 
 Begin SCF calculation by: E-BETA
 -------------------------
 
 -----------------------------------------------------------------------------------
 Iteration                   Energy           Density Change         DIIS Error 
 -----------------------------------------------------------------------------------
    1        -105.733342379116           0.869894999922                 -- 
    2        -104.860335232774           2.641600787265                 -- 
    3         -82.010035132092           0.004879826053                 -- 
    4         -84.723228964709           0.001345568753                 -- 
    5         -83.915234070867           0.000534985762                 -- 
    6         -84.317484069711           0.000196797286                 -- 
    7         -84.267333403841           0.000190736177                 -- 
    8         -84.319174171105           0.000096700940                 -- 
    9         -84.341067055059           0.000054027848                 -- 
   10         -84.357743062373           0.000032979034                 -- 
   11         -84.365528249274           0.000020165488                 -- 
   12         -84.371164485333           0.000012867758                 -- 
   13         -84.374045469287           0.000008221771                 -- 
   14         -84.376040679707           0.000005340441                 -- 
   15         -84.377135289784           0.000003484533                 -- 
   16         -84.377871336797           0.000002284948                 -- 
   17         -84.378297485245           0.000001504727                 -- 
   18         -84.378579199452           0.000000991596                 -- 
   19         -84.378748948716           0.000000655385                 -- 
   20         -84.378860233666           0.000000432920                 -- 
   21         -84.378929251273           0.000000286487                 -- 
 
 ... end SCF calculation
 
  EIGENVALUES AND EIGENVECTORS: 
 ==============================
 
 
  Eigenvalues for: E-ALPHA
 -----------------
 
    1         -26.141234036275
    2         -26.138786881873
    3          -2.132100111043
    4          -1.070404290844
    5          -0.843265774363
    6          -0.843265755715
    7          -0.755555511691
    8          -0.224954618754
    9          -0.224954593666
   10           0.152356817728
   11           0.252783309868
   12           0.331641857350
   13           0.331641857589
   14           0.414943554936
   15           0.414943556279
   16           0.419480898676
   17           0.582368031420
   18           0.986832285175
   19           0.986832285175
   20           0.989180954737
   21           1.047784817490
   22           1.062193362583
   23           1.062193364104
   24           1.077086364382
   25           1.219766113963
   26           1.219766118416
   27           1.268158615368
   28           1.312046263012
   29           1.312046265762
   30           1.315359097736
   31           1.315359097736
   32           1.537518659025
   33           1.632918164410
   34           1.632918165344
   35           1.707312422944
   36           2.048932066316
   37           2.614598180139
   38           2.665862190393
   39           2.677284748678
   40           2.677284748679
   41           2.726241381467
   42           2.811097961503
   43           2.811097962794
   44           2.863797890193
   45           2.863797896416
   46           2.865005423822
   47           2.865005423822
   48           2.925633310623
   49           2.925633315483
   50           3.190421231990
   51           3.190421231991
   52           3.334078246621
   53           3.394854309284
   54           3.394854309285
   55           3.503858692459
   56           3.503858692459
   57           3.656637885673
   58           3.656637885772
   59           3.743637343456
   60           4.182633927979
   61           4.182633928034
   62           4.400806008878
   63           4.400806008884
   64           4.725036352003
   65           4.965684217752
   66           5.050215808591
   67           5.590374338455
   68           5.590374340915
   69           6.648322731154
   70           7.116923695868
   71           7.406861546983
   72           7.406861554511
   73           7.802715229780
   74           7.903835041263
   75           7.903835047938
   76           8.241023937479
   77           8.241023937479
   78           8.366166098270
   79           8.366166100840
   80           8.730308474174
   81           8.730308474174
   82           9.220388338612
   83           9.220388338612
   84           9.394866297440
   85           9.450106577449
   86           9.450106577449
   87           9.604503376372
   88           9.604503376372
   89           9.723661515335
   90          10.136951421419
   91          10.136951424949
   92          10.176120402238
   93          10.176120402239
   94          10.443583022448
   95          10.443583025050
   96          10.670256401394
   97          11.680977507486
   98          11.680977510560
   99          11.690774363783
  100          13.124819858591
  101          17.659330914808
  102          17.659330915687
  103          19.236916830879
  104          19.236916831955
  105          19.688108805511
  106          22.086552970702
  107          22.497630473773
  108          23.543270431504
  109          23.811630088108
  110          63.757382409592
 
 
  Eigenvalues for: E-BETA
 -----------------
 
    1         -26.139270110014
    2         -26.136859315739
    3          -2.132588622586
    4          -1.059408877141
    5          -0.843236762549
    6          -0.843236745186
    7          -0.740999558457
    8          -0.224386349686
    9          -0.224386326934
   10           0.305357869044
   11           0.360451284625
   12           0.369779892127
   13           0.369779892565
   14           0.438443181858
   15           0.438443182604
   16           0.448270102483
   17           0.608283537831
   18           0.996162460288
   19           0.996162460288
   20           1.004540667206
   21           1.054613075005
   22           1.070248004430
   23           1.070248005479
   24           1.086228468337
   25           1.227138649175
   26           1.227138652899
   27           1.277483512780
   28           1.319523725786
   29           1.319523728758
   30           1.323475958142
   31           1.323475958142
   32           1.545529061227
   33           1.640519077744
   34           1.640519079192
   35           1.714457072482
   36           2.055577631790
   37           2.621457586592
   38           2.668622938513
   39           2.679523378242
   40           2.679523378243
   41           2.729265216611
   42           2.814087613900
   43           2.814087614921
   44           2.866260521045
   45           2.866260521046
   46           2.867110380275
   47           2.867110385869
   48           2.927772297498
   49           2.927772301787
   50           3.191958451925
   51           3.191958451927
   52           3.338582370454
   53           3.395714299956
   54           3.395714299957
   55           3.504757127097
   56           3.504757127097
   57           3.658617776205
   58           3.658617776431
   59           3.746231941757
   60           4.183433152771
   61           4.183433152939
   62           4.401144563245
   63           4.401144563250
   64           4.726427980717
   65           4.968458090133
   66           5.052462086546
   67           5.592150458680
   68           5.592150461050
   69           6.650838338348
   70           7.119842001689
   71           7.407487202690
   72           7.407487210005
   73           7.805159965515
   74           7.904246110836
   75           7.904246117385
   76           8.241556464027
   77           8.241556464027
   78           8.366585621129
   79           8.366585623845
   80           8.730639349384
   81           8.730639349384
   82           9.220607164729
   83           9.220607164729
   84           9.396818971948
   85           9.451328818052
   86           9.451328818052
   87           9.605991030715
   88           9.605991030715
   89           9.726311715375
   90          10.140275538468
   91          10.140275542234
   92          10.176318509905
   93          10.176318509906
   94          10.446346354737
   95          10.446346357457
   96          10.672518720193
   97          11.681705846076
   98          11.681705849442
   99          11.693412134751
  100          13.126460254110
  101          17.660296029375
  102          17.660296030203
  103          19.237925381158
  104          19.237925382231
  105          19.689700075771
  106          22.087411868734
  107          22.499483467098
  108          23.545052291834
  109          23.812878269678
  110          63.758852240377
 
  end of eigenvalues 
 
  Occupied Eigenvectors for: E-ALPHA
 --------------------------- 
 
                         -26.1412       -26.1388        -2.1321        -1.0704        -0.8433   
 
    1      F     S       0.686747      -0.686381       0.019448      -0.001053       0.000000
    2      F     S      -0.006092       0.007304      -0.347701      -0.393550       0.000000
    3      F     S       0.035562      -0.035046      -0.090990      -0.105138      -0.000000
    4      F     S      -0.009322      -0.017295      -0.133131      -0.324712       0.000000
    5      F     S      -0.000832       0.008679      -0.002404      -0.125219       0.000000
    6      F    Px       0.000000       0.000000       0.000000       0.000000      -0.275895
    7      F    Py       0.000000      -0.000000       0.000000      -0.000000       0.000025
    8      F    Pz       0.003813      -0.003720      -0.131454       0.109895      -0.000000
    9      F    Px      -0.000000      -0.000000      -0.000000       0.000000      -0.290689
   10      F    Py      -0.000000       0.000000      -0.000000       0.000000       0.000027
   11      F    Pz      -0.006433       0.010266      -0.122364       0.100349      -0.000000
   12      F    Px      -0.000000      -0.000000       0.000000      -0.000000      -0.129630
   13      F    Py      -0.000000      -0.000000       0.000000       0.000000       0.000012
   14      F    Pz      -0.002697      -0.012753      -0.022172       0.062099       0.000000
   15      F    Px      -0.000000       0.000000      -0.000000       0.000000      -0.004455
   16      F    Py       0.000000      -0.000000       0.000000      -0.000000       0.000000
   17      F    Pz       0.000116       0.001375       0.006862      -0.015943       0.000000
   18      F   Dxx       0.001629      -0.001752       0.006440      -0.002527      -0.000000
   19      F   Dxy      -0.000000       0.000000       0.000000       0.000000      -0.000000
   20      F   Dxz       0.000000       0.000000       0.000000       0.000000      -0.015951
   21      F   Dyy       0.001629      -0.001752       0.006440      -0.002527      -0.000000
   22      F   Dyz       0.000000      -0.000000       0.000000       0.000000       0.000001
   23      F   Dzz       0.002251      -0.002098      -0.021824       0.005583      -0.000000
   24      F   Dxx       0.005355      -0.005506       0.019768       0.004353      -0.000000
   25      F   Dxy      -0.000000       0.000000       0.000000       0.000000       0.000000
   26      F   Dxz      -0.000000      -0.000000       0.000000       0.000000      -0.030974
   27      F   Dyy       0.005355      -0.005506       0.019768       0.004353      -0.000000
   28      F   Dyz      -0.000000      -0.000000       0.000000       0.000000       0.000003
   29      F   Dzz       0.004266      -0.004476      -0.016362       0.024713      -0.000000
   30      F   Dxx       0.001865      -0.003574       0.004706       0.023013       0.000000
   31      F   Dxy       0.000000      -0.000000      -0.000000      -0.000000       0.000000
   32      F   Dxz      -0.000000      -0.000000       0.000000      -0.000000       0.002500
   33      F   Dyy       0.001865      -0.003574       0.004706       0.023013       0.000000
   34      F   Dyz      -0.000000      -0.000000       0.000000       0.000000      -0.000000
   35      F   Dzz       0.000579      -0.008090       0.008800       0.038970       0.000000
   36      F  Fxxx      -0.000000       0.000000       0.000000       0.000000      -0.010352
   37      F  Fxxy       0.000000      -0.000000       0.000000      -0.000000       0.000000
   38      F  Fxxz       0.001255      -0.001402       0.002832       0.001948       0.000000
   39      F  Fxyy       0.000000       0.000000       0.000000      -0.000000      -0.004630
   40      F  Fxyz       0.000000       0.000000      -0.000000       0.000000       0.000000
   41      F  Fxzz      -0.000000       0.000000       0.000000      -0.000000      -0.018392
   42      F  Fyyy       0.000000      -0.000000       0.000000      -0.000000       0.000001
   43      F  Fyyz       0.001255      -0.001402       0.002832       0.001948       0.000000
   44      F  Fyzz       0.000000      -0.000000       0.000000      -0.000000       0.000002
   45      F  Fzzz       0.002440      -0.004214      -0.017335       0.007468       0.000000
   46      F  Fxxx      -0.000000       0.000000       0.000000      -0.000000      -0.016088
   47      F  Fxxy       0.000000      -0.000000       0.000000      -0.000000       0.000001
   48      F  Fxxz       0.001114      -0.001897       0.003011       0.001601       0.000000
   49      F  Fxyy      -0.000000       0.000000       0.000000       0.000000      -0.007195
   50      F  Fxyz      -0.000000       0.000000       0.000000      -0.000000      -0.000000
   51      F  Fxzz      -0.000000      -0.000000       0.000000       0.000000      -0.006410
   52      F  Fyyy       0.000000      -0.000000       0.000000      -0.000000       0.000001
   53      F  Fyyz       0.001114      -0.001897       0.003011       0.001601       0.000000
   54      F  Fyzz      -0.000000      -0.000000       0.000000      -0.000000       0.000001
   55      F  Fzzz       0.001520      -0.003284       0.004656       0.007188       0.000000
   56      F     S       0.686747       0.686381       0.019448       0.001053      -0.000000
   57      F     S      -0.006092      -0.007304      -0.347701       0.393550      -0.000000
   58      F     S       0.035562       0.035046      -0.090990       0.105138       0.000000
   59      F     S      -0.009322       0.017295      -0.133131       0.324712      -0.000000
   60      F     S      -0.000832      -0.008679      -0.002404       0.125219      -0.000000
   61      F    Px       0.000000      -0.000000      -0.000000       0.000000      -0.275895
   62      F    Py      -0.000000       0.000000       0.000000       0.000000       0.000025
   63      F    Pz      -0.003813      -0.003720       0.131454       0.109895       0.000000
   64      F    Px      -0.000000       0.000000      -0.000000      -0.000000      -0.290689
   65      F    Py       0.000000      -0.000000      -0.000000       0.000000       0.000027
   66      F    Pz       0.006433       0.010266       0.122364       0.100349      -0.000000
   67      F    Px       0.000000       0.000000      -0.000000       0.000000      -0.129630
   68      F    Py       0.000000       0.000000      -0.000000      -0.000000       0.000012
   69      F    Pz       0.002697      -0.012753       0.022172       0.062099       0.000000
   70      F    Px       0.000000       0.000000       0.000000      -0.000000      -0.004455
   71      F    Py      -0.000000       0.000000      -0.000000       0.000000       0.000000
   72      F    Pz      -0.000116       0.001375      -0.006862      -0.015943       0.000000
   73      F   Dxx       0.001629       0.001752       0.006440       0.002527       0.000000
   74      F   Dxy      -0.000000      -0.000000       0.000000      -0.000000      -0.000000
   75      F   Dxz       0.000000       0.000000      -0.000000       0.000000       0.015951
   76      F   Dyy       0.001629       0.001752       0.006440       0.002527       0.000000
   77      F   Dyz       0.000000       0.000000      -0.000000       0.000000      -0.000001
   78      F   Dzz       0.002251       0.002098      -0.021824      -0.005583       0.000000
   79      F   Dxx       0.005355       0.005506       0.019768      -0.004353       0.000000
   80      F   Dxy       0.000000      -0.000000       0.000000      -0.000000      -0.000000
   81      F   Dxz      -0.000000      -0.000000       0.000000       0.000000       0.030974
   82      F   Dyy       0.005355       0.005506       0.019768      -0.004353       0.000000
   83      F   Dyz      -0.000000      -0.000000       0.000000       0.000000      -0.000003
   84      F   Dzz       0.004266       0.004476      -0.016362      -0.024713       0.000000
   85      F   Dxx       0.001865       0.003574       0.004706      -0.023013      -0.000000
   86      F   Dxy       0.000000       0.000000      -0.000000       0.000000      -0.000000
   87      F   Dxz      -0.000000      -0.000000       0.000000      -0.000000      -0.002500
   88      F   Dyy       0.001865       0.003574       0.004706      -0.023013      -0.000000
   89      F   Dyz      -0.000000      -0.000000       0.000000       0.000000       0.000000
   90      F   Dzz       0.000579       0.008090       0.008800      -0.038970      -0.000000
   91      F  Fxxx       0.000000      -0.000000      -0.000000       0.000000      -0.010352
   92      F  Fxxy      -0.000000       0.000000       0.000000      -0.000000       0.000000
   93      F  Fxxz      -0.001255      -0.001402      -0.002832       0.001948       0.000000
   94      F  Fxyy       0.000000      -0.000000      -0.000000       0.000000      -0.004630
   95      F  Fxyz      -0.000000      -0.000000       0.000000       0.000000      -0.000000
   96      F  Fxzz       0.000000      -0.000000      -0.000000       0.000000      -0.018392
   97      F  Fyyy      -0.000000       0.000000       0.000000      -0.000000       0.000001
   98      F  Fyyz      -0.001255      -0.001402      -0.002832       0.001948       0.000000
   99      F  Fyzz      -0.000000       0.000000       0.000000       0.000000       0.000002
  100      F  Fzzz      -0.002440      -0.004214       0.017335       0.007468      -0.000000
  101      F  Fxxx       0.000000      -0.000000       0.000000       0.000000      -0.016088
  102      F  Fxxy      -0.000000       0.000000       0.000000       0.000000       0.000001
  103      F  Fxxz      -0.001114      -0.001897      -0.003011       0.001601      -0.000000
  104      F  Fxyy       0.000000      -0.000000      -0.000000       0.000000      -0.007195
  105      F  Fxyz      -0.000000       0.000000      -0.000000      -0.000000       0.000000
  106      F  Fxzz       0.000000       0.000000      -0.000000       0.000000      -0.006410
  107      F  Fyyy      -0.000000       0.000000       0.000000       0.000000       0.000001
  108      F  Fyyz      -0.001114      -0.001897      -0.003011       0.001601      -0.000000
  109      F  Fyzz      -0.000000       0.000000      -0.000000      -0.000000       0.000001
  110      F  Fzzz      -0.001520      -0.003284      -0.004656       0.007188       0.000000
 
                          -0.8433        -0.7556        -0.2250        -0.2250         0.1524   
 
    1      F     S       0.000000      -0.008830      -0.000000      -0.000000      -0.026334
    2      F     S       0.000000      -0.168234      -0.000000      -0.000000      -0.119393
    3      F     S       0.000000      -0.046106      -0.000000      -0.000000      -0.146864
    4      F     S       0.000000      -0.258425      -0.000000       0.000000       0.389625
    5      F     S       0.000000      -0.029034      -0.000000       0.000000       1.263478
    6      F    Px       0.000025      -0.000000       0.309979       0.000035       0.000000
    7      F    Py       0.275895       0.000000      -0.000035       0.309979      -0.000000
    8      F    Pz      -0.000000       0.271689       0.000000       0.000000       0.037029
    9      F    Px       0.000027      -0.000000       0.378663       0.000042      -0.000000
   10      F    Py       0.290689      -0.000000      -0.000042       0.378663      -0.000000
   11      F    Pz      -0.000000       0.279189       0.000000       0.000000       0.102569
   12      F    Px       0.000012      -0.000000       0.377288       0.000042      -0.000000
   13      F    Py       0.129630      -0.000000      -0.000042       0.377288       0.000000
   14      F    Pz       0.000000       0.145141      -0.000000       0.000000       0.175284
   15      F    Px       0.000000      -0.000000       0.131256       0.000015      -0.000000
   16      F    Py       0.004455       0.000000      -0.000015       0.131256       0.000000
   17      F    Pz       0.000000      -0.004296      -0.000000       0.000000      -0.709585
   18      F   Dxx      -0.000000      -0.006936       0.000000      -0.000000      -0.014251
   19      F   Dxy      -0.000000       0.000000       0.000000       0.000000       0.000000
   20      F   Dxz       0.000001       0.000000      -0.003858      -0.000000       0.000000
   21      F   Dyy      -0.000000      -0.006936       0.000000      -0.000000      -0.014251
   22      F   Dyz       0.015951      -0.000000       0.000000      -0.003858      -0.000000
   23      F   Dzz      -0.000000       0.021506       0.000000      -0.000000      -0.004768
   24      F   Dxx       0.000000      -0.010188      -0.000000      -0.000000      -0.149126
   25      F   Dxy       0.000000       0.000000      -0.000000      -0.000000       0.000000
   26      F   Dxz       0.000003      -0.000000       0.003405       0.000000      -0.000000
   27      F   Dyy       0.000000      -0.010188      -0.000000      -0.000000      -0.149126
   28      F   Dyz       0.030974       0.000000      -0.000000       0.003405      -0.000000
   29      F   Dzz      -0.000000       0.033423       0.000000      -0.000000      -0.209077
   30      F   Dxx       0.000000       0.000969      -0.000000       0.000000      -0.312024
   31      F   Dxy      -0.000000      -0.000000      -0.000000       0.000000       0.000000
   32      F   Dxz      -0.000000      -0.000000       0.019184       0.000002      -0.000000
   33      F   Dyy       0.000000       0.000969      -0.000000       0.000000      -0.312024
   34      F   Dyz      -0.002500      -0.000000      -0.000002       0.019184       0.000000
   35      F   Dzz       0.000000       0.028664      -0.000000       0.000000      -0.484230
   36      F  Fxxx       0.000001       0.000000       0.010464       0.000001       0.000000
   37      F  Fxxy       0.004630       0.000000      -0.000001       0.004680       0.000000
   38      F  Fxxz       0.000000      -0.001720      -0.000000       0.000000      -0.005622
   39      F  Fxyy       0.000000       0.000000       0.004680       0.000001       0.000000
   40      F  Fxyz      -0.000000       0.000000       0.000000       0.000000       0.000000
   41      F  Fxzz       0.000002      -0.000000       0.004960       0.000001       0.000000
   42      F  Fyyy       0.010352       0.000000      -0.000001       0.010464       0.000000
   43      F  Fyyz       0.000000      -0.001720      -0.000000       0.000000      -0.005622
   44      F  Fyzz       0.018392       0.000000      -0.000001       0.004960       0.000000
   45      F  Fzzz      -0.000000       0.019870       0.000000      -0.000000      -0.015207
   46      F  Fxxx       0.000001       0.000000       0.016306       0.000002       0.000000
   47      F  Fxxy       0.007195       0.000000      -0.000001       0.007292      -0.000000
   48      F  Fxxz      -0.000000       0.001069       0.000000      -0.000000      -0.018100
   49      F  Fxyy       0.000001       0.000000       0.007292       0.000001       0.000000
   50      F  Fxyz       0.000000       0.000000      -0.000000      -0.000000      -0.000000
   51      F  Fxzz       0.000001      -0.000000       0.012506       0.000001      -0.000000
   52      F  Fyyy       0.016088       0.000000      -0.000002       0.016306      -0.000000
   53      F  Fyyz      -0.000000       0.001069       0.000000       0.000000      -0.018100
   54      F  Fyzz       0.006410      -0.000000      -0.000001       0.012506       0.000000
   55      F  Fzzz      -0.000000       0.008511      -0.000000       0.000000      -0.148463
   56      F     S      -0.000000      -0.008830       0.000000      -0.000000      -0.026334
   57      F     S      -0.000000      -0.168234       0.000000      -0.000000      -0.119393
   58      F     S      -0.000000      -0.046106       0.000000       0.000000      -0.146864
   59      F     S      -0.000000      -0.258425       0.000000      -0.000000       0.389625
   60      F     S      -0.000000      -0.029034       0.000000      -0.000000       1.263478
   61      F    Px       0.000025      -0.000000      -0.309979      -0.000035      -0.000000
   62      F    Py       0.275895       0.000000       0.000035      -0.309979       0.000000
   63      F    Pz       0.000000      -0.271689      -0.000000       0.000000      -0.037029
   64      F    Px       0.000027       0.000000      -0.378663      -0.000042       0.000000
   65      F    Py       0.290689      -0.000000       0.000042      -0.378663       0.000000
   66      F    Pz      -0.000000      -0.279189       0.000000      -0.000000      -0.102569
   67      F    Px       0.000012       0.000000      -0.377288      -0.000042       0.000000
   68      F    Py       0.129630       0.000000       0.000042      -0.377288      -0.000000
   69      F    Pz       0.000000      -0.145141      -0.000000       0.000000      -0.175284
   70      F    Px       0.000000       0.000000      -0.131256      -0.000015       0.000000
   71      F    Py       0.004455       0.000000       0.000015      -0.131256      -0.000000
   72      F    Pz       0.000000       0.004296      -0.000000       0.000000       0.709585
   73      F   Dxx      -0.000000      -0.006936      -0.000000       0.000000      -0.014251
   74      F   Dxy       0.000000       0.000000       0.000000       0.000000       0.000000
   75      F   Dxz      -0.000001       0.000000      -0.003858      -0.000000      -0.000000
   76      F   Dyy      -0.000000      -0.006936      -0.000000       0.000000      -0.014251
   77      F   Dyz      -0.015951       0.000000       0.000000      -0.003858       0.000000
   78      F   Dzz      -0.000000       0.021506      -0.000000       0.000000      -0.004768
   79      F   Dxx      -0.000000      -0.010188      -0.000000       0.000000      -0.149126
   80      F   Dxy      -0.000000       0.000000      -0.000000      -0.000000       0.000000
   81      F   Dxz      -0.000003      -0.000000       0.003405       0.000000      -0.000000
   82      F   Dyy      -0.000000      -0.010188       0.000000       0.000000      -0.149126
   83      F   Dyz      -0.030974      -0.000000      -0.000000       0.003405      -0.000000
   84      F   Dzz       0.000000       0.033423      -0.000000       0.000000      -0.209077
   85      F   Dxx      -0.000000       0.000969       0.000000      -0.000000      -0.312024
   86      F   Dxy       0.000000      -0.000000       0.000000      -0.000000       0.000000
   87      F   Dxz       0.000000      -0.000000       0.019184       0.000002      -0.000000
   88      F   Dyy      -0.000000       0.000969       0.000000      -0.000000      -0.312024
   89      F   Dyz       0.002500      -0.000000      -0.000002       0.019184       0.000000
   90      F   Dzz      -0.000000       0.028664       0.000000      -0.000000      -0.484230
   91      F  Fxxx       0.000001      -0.000000      -0.010464      -0.000001      -0.000000
   92      F  Fxxy       0.004630       0.000000       0.000001      -0.004680       0.000000
   93      F  Fxxz       0.000000       0.001720      -0.000000       0.000000       0.005622
   94      F  Fxyy       0.000000      -0.000000      -0.004680      -0.000001      -0.000000
   95      F  Fxyz      -0.000000      -0.000000      -0.000000      -0.000000      -0.000000
   96      F  Fxzz       0.000002      -0.000000      -0.004960      -0.000001      -0.000000
   97      F  Fyyy       0.010352       0.000000       0.000001      -0.010464      -0.000000
   98      F  Fyyz       0.000000       0.001720      -0.000000       0.000000       0.005622
   99      F  Fyzz       0.018392       0.000000       0.000001      -0.004960      -0.000000
  100      F  Fzzz      -0.000000      -0.019870       0.000000       0.000000       0.015207
  101      F  Fxxx       0.000001      -0.000000      -0.016306      -0.000002      -0.000000
  102      F  Fxxy       0.007195       0.000000       0.000001      -0.007292       0.000000
  103      F  Fxxz      -0.000000      -0.001069       0.000000       0.000000       0.018100
  104      F  Fxyy       0.000001      -0.000000      -0.007292      -0.000001      -0.000000
  105      F  Fxyz       0.000000      -0.000000      -0.000000       0.000000       0.000000
  106      F  Fxzz       0.000001       0.000000      -0.012506      -0.000001       0.000000
  107      F  Fyyy       0.016088       0.000000       0.000002      -0.016306      -0.000000
  108      F  Fyyz      -0.000000      -0.001069       0.000000       0.000000       0.018100
  109      F  Fyzz       0.006410       0.000000       0.000001      -0.012506       0.000000
  110      F  Fzzz       0.000000      -0.008511      -0.000000       0.000000       0.148463
 
 
  Occupied Eigenvectors for: E-BETA
 --------------------------- 
 
                         -26.1393       -26.1369        -2.1326        -1.0594        -0.8432   
 
    1      F     S       0.686697      -0.686349      -0.019472       0.001039      -0.000000
    2      F     S      -0.006149       0.007331       0.346998       0.393038      -0.000000
    3      F     S       0.035607      -0.035125       0.090708       0.104559      -0.000000
    4      F     S      -0.009357      -0.016465       0.132759       0.325414      -0.000000
    5      F     S      -0.000824       0.008619       0.002318       0.126850      -0.000000
    6      F    Px       0.000000       0.000000      -0.000000      -0.000000       0.000014
    7      F    Py       0.000000      -0.000000       0.000000      -0.000000      -0.276361
    8      F    Pz       0.003757      -0.003659       0.132349      -0.108039       0.000000
    9      F    Px      -0.000000      -0.000000       0.000000      -0.000000       0.000015
   10      F    Py      -0.000000       0.000000      -0.000000      -0.000000      -0.290622
   11      F    Pz      -0.006191       0.009930       0.123422      -0.097015       0.000000
   12      F    Px      -0.000000      -0.000000      -0.000000       0.000000       0.000007
   13      F    Py      -0.000000      -0.000000      -0.000000      -0.000000      -0.128768
   14      F    Pz      -0.002597      -0.012437       0.022393      -0.063786      -0.000000
   15      F    Px      -0.000000       0.000000       0.000000      -0.000000       0.000000
   16      F    Py       0.000000      -0.000000      -0.000000       0.000000      -0.001917
   17      F    Pz       0.000106       0.001369      -0.007120       0.016780      -0.000000
   18      F   Dxx       0.001629      -0.001754      -0.006426       0.002661       0.000000
   19      F   Dxy      -0.000000       0.000000       0.000000       0.000000       0.000000
   20      F   Dxz       0.000000       0.000000       0.000000      -0.000000       0.000001
   21      F   Dyy       0.001629      -0.001754      -0.006426       0.002661       0.000000
   22      F   Dyz       0.000000      -0.000000       0.000000      -0.000000      -0.016194
   23      F   Dzz       0.002206      -0.002052       0.021791      -0.005938       0.000000
   24      F   Dxx       0.005353      -0.005535      -0.019631      -0.003831      -0.000000
   25      F   Dxy      -0.000000       0.000000       0.000000      -0.000000      -0.000000
   26      F   Dxz      -0.000000      -0.000000      -0.000000      -0.000000       0.000002
   27      F   Dyy       0.005353      -0.005535      -0.019631      -0.003831      -0.000000
   28      F   Dyz      -0.000000      -0.000000      -0.000000       0.000000      -0.031047
   29      F   Dzz       0.004306      -0.004506       0.016293      -0.024739       0.000000
   30      F   Dxx       0.001854      -0.003566      -0.004698      -0.022730      -0.000000
   31      F   Dxy       0.000000      -0.000000       0.000000       0.000000       0.000000
   32      F   Dxz      -0.000000      -0.000000      -0.000000       0.000000      -0.000000
   33      F   Dyy       0.001854      -0.003566      -0.004698      -0.022730      -0.000000
   34      F   Dyz      -0.000000      -0.000000      -0.000000      -0.000000       0.002390
   35      F   Dzz       0.000624      -0.007963      -0.008519      -0.039168      -0.000000
   36      F  Fxxx      -0.000000       0.000000      -0.000000      -0.000000       0.000001
   37      F  Fxxy       0.000000      -0.000000       0.000000       0.000000      -0.004766
   38      F  Fxxz       0.001203      -0.001346      -0.002846      -0.002098      -0.000000
   39      F  Fxyy       0.000000       0.000000      -0.000000      -0.000000       0.000000
   40      F  Fxyz       0.000000       0.000000       0.000000      -0.000000      -0.000000
   41      F  Fxzz      -0.000000       0.000000      -0.000000      -0.000000       0.000001
   42      F  Fyyy       0.000000      -0.000000       0.000000       0.000000      -0.010656
   43      F  Fyyz       0.001203      -0.001346      -0.002846      -0.002098      -0.000000
   44      F  Fyzz       0.000000      -0.000000       0.000000       0.000000      -0.018460
   45      F  Fzzz       0.002342      -0.004053       0.017302      -0.007706       0.000000
   46      F  Fxxx      -0.000000       0.000000      -0.000000      -0.000000       0.000001
   47      F  Fxxy       0.000000      -0.000000      -0.000000       0.000000      -0.007530
   48      F  Fxxz       0.001073      -0.001835      -0.003097      -0.001931       0.000000
   49      F  Fxyy      -0.000000       0.000000      -0.000000      -0.000000       0.000000
   50      F  Fxyz      -0.000000       0.000000      -0.000000       0.000000       0.000000
   51      F  Fxzz      -0.000000      -0.000000      -0.000000      -0.000000       0.000000
   52      F  Fyyy       0.000000      -0.000000       0.000000       0.000000      -0.016837
   53      F  Fyyz       0.001073      -0.001835      -0.003097      -0.001931       0.000000
   54      F  Fyzz      -0.000000      -0.000000      -0.000000       0.000000      -0.006790
   55      F  Fzzz       0.001474      -0.003164      -0.004822      -0.007898       0.000000
   56      F     S       0.686697       0.686349      -0.019472      -0.001039       0.000000
   57      F     S      -0.006149      -0.007331       0.346998      -0.393038       0.000000
   58      F     S       0.035607       0.035125       0.090708      -0.104559       0.000000
   59      F     S      -0.009357       0.016465       0.132759      -0.325414       0.000000
   60      F     S      -0.000824      -0.008619       0.002318      -0.126850       0.000000
   61      F    Px       0.000000      -0.000000      -0.000000      -0.000000       0.000014
   62      F    Py      -0.000000       0.000000       0.000000      -0.000000      -0.276361
   63      F    Pz      -0.003757      -0.003659      -0.132349      -0.108039      -0.000000
   64      F    Px      -0.000000       0.000000       0.000000       0.000000       0.000015
   65      F    Py       0.000000      -0.000000      -0.000000      -0.000000      -0.290622
   66      F    Pz       0.006191       0.009930      -0.123422      -0.097015       0.000000
   67      F    Px       0.000000       0.000000       0.000000      -0.000000       0.000007
   68      F    Py       0.000000       0.000000       0.000000       0.000000      -0.128768
   69      F    Pz       0.002597      -0.012437      -0.022393      -0.063786      -0.000000
   70      F    Px       0.000000       0.000000      -0.000000       0.000000       0.000000
   71      F    Py      -0.000000       0.000000       0.000000      -0.000000      -0.001917
   72      F    Pz      -0.000106       0.001369       0.007120       0.016780      -0.000000
   73      F   Dxx       0.001629       0.001754      -0.006426      -0.002661       0.000000
   74      F   Dxy      -0.000000      -0.000000       0.000000      -0.000000       0.000000
   75      F   Dxz       0.000000       0.000000      -0.000000      -0.000000      -0.000001
   76      F   Dyy       0.001629       0.001754      -0.006426      -0.002661       0.000000
   77      F   Dyz       0.000000       0.000000       0.000000       0.000000       0.016194
   78      F   Dzz       0.002206       0.002052       0.021791       0.005938       0.000000
   79      F   Dxx       0.005353       0.005535      -0.019631       0.003831       0.000000
   80      F   Dxy      -0.000000      -0.000000       0.000000       0.000000      -0.000000
   81      F   Dxz      -0.000000      -0.000000      -0.000000      -0.000000      -0.000002
   82      F   Dyy       0.005353       0.005535      -0.019631       0.003831       0.000000
   83      F   Dyz      -0.000000      -0.000000      -0.000000       0.000000       0.031047
   84      F   Dzz       0.004306       0.004506       0.016293       0.024739      -0.000000
   85      F   Dxx       0.001854       0.003566      -0.004698       0.022730       0.000000
   86      F   Dxy       0.000000       0.000000       0.000000      -0.000000      -0.000000
   87      F   Dxz      -0.000000      -0.000000      -0.000000       0.000000       0.000000
   88      F   Dyy       0.001854       0.003566      -0.004698       0.022730       0.000000
   89      F   Dyz      -0.000000      -0.000000      -0.000000      -0.000000      -0.002390
   90      F   Dzz       0.000624       0.007963      -0.008519       0.039168       0.000000
   91      F  Fxxx       0.000000      -0.000000      -0.000000      -0.000000       0.000001
   92      F  Fxxy      -0.000000       0.000000       0.000000      -0.000000      -0.004766
   93      F  Fxxz      -0.001203      -0.001346       0.002846      -0.002098      -0.000000
   94      F  Fxyy       0.000000      -0.000000      -0.000000      -0.000000       0.000000
   95      F  Fxyz       0.000000      -0.000000      -0.000000      -0.000000      -0.000000
   96      F  Fxzz       0.000000      -0.000000      -0.000000      -0.000000       0.000001
   97      F  Fyyy      -0.000000       0.000000       0.000000      -0.000000      -0.010656
   98      F  Fyyz      -0.001203      -0.001346       0.002846      -0.002098      -0.000000
   99      F  Fyzz      -0.000000       0.000000       0.000000      -0.000000      -0.018460
  100      F  Fzzz      -0.002342      -0.004053      -0.017302      -0.007706       0.000000
  101      F  Fxxx       0.000000      -0.000000      -0.000000       0.000000       0.000001
  102      F  Fxxy      -0.000000       0.000000       0.000000      -0.000000      -0.007530
  103      F  Fxxz      -0.001073      -0.001835       0.003097      -0.001931       0.000000
  104      F  Fxyy       0.000000      -0.000000      -0.000000      -0.000000       0.000000
  105      F  Fxyz      -0.000000       0.000000       0.000000       0.000000      -0.000000
  106      F  Fxzz       0.000000       0.000000       0.000000       0.000000       0.000000
  107      F  Fyyy      -0.000000       0.000000       0.000000      -0.000000      -0.016837
  108      F  Fyyz      -0.001073      -0.001835       0.003097      -0.001931       0.000000
  109      F  Fyzz      -0.000000       0.000000       0.000000      -0.000000      -0.006790
  110      F  Fzzz      -0.001474      -0.003164       0.004822      -0.007898      -0.000000
 
                          -0.8432        -0.7410        -0.2244        -0.2244   
 
    1      F     S      -0.000000      -0.008619      -0.000000      -0.000000
    2      F     S      -0.000000      -0.166252      -0.000000      -0.000000
    3      F     S       0.000000      -0.044909       0.000000      -0.000000
    4      F     S      -0.000000      -0.259576      -0.000000      -0.000000
    5      F     S      -0.000000      -0.030930      -0.000000      -0.000000
    6      F    Px       0.276361      -0.000000      -0.000022       0.310941
    7      F    Py       0.000014       0.000000       0.310941       0.000022
    8      F    Pz       0.000000       0.269941       0.000000       0.000000
    9      F    Px       0.290622       0.000000      -0.000027       0.379903
   10      F    Py       0.000015       0.000000       0.379903       0.000027
   11      F    Pz       0.000000       0.277000      -0.000000      -0.000000
   12      F    Px       0.128768      -0.000000      -0.000027       0.377831
   13      F    Py       0.000007       0.000000       0.377831       0.000027
   14      F    Pz      -0.000000       0.145882      -0.000000      -0.000000
   15      F    Px       0.001917      -0.000000      -0.000008       0.110079
   16      F    Py       0.000000      -0.000000       0.110079       0.000008
   17      F    Pz      -0.000000      -0.005300      -0.000000      -0.000000
   18      F   Dxx       0.000000      -0.007040       0.000000      -0.000000
   19      F   Dxy      -0.000000      -0.000000      -0.000000       0.000000
   20      F   Dxz       0.016194      -0.000000       0.000000      -0.003642
   21      F   Dyy       0.000000      -0.007040       0.000000      -0.000000
   22      F   Dyz       0.000001      -0.000000      -0.003642      -0.000000
   23      F   Dzz       0.000000       0.021831       0.000000       0.000000
   24      F   Dxx       0.000000      -0.010744       0.000000      -0.000000
   25      F   Dxy       0.000000      -0.000000      -0.000000      -0.000000
   26      F   Dxz       0.031047       0.000000      -0.000000       0.004208
   27      F   Dyy       0.000000      -0.010744       0.000000      -0.000000
   28      F   Dyz       0.000002      -0.000000       0.004208       0.000000
   29      F   Dzz       0.000000       0.034013       0.000000      -0.000000
   30      F   Dxx      -0.000000       0.000050       0.000000      -0.000000
   31      F   Dxy      -0.000000      -0.000000       0.000000       0.000000
   32      F   Dxz      -0.002390      -0.000000      -0.000001       0.020173
   33      F   Dyy      -0.000000       0.000050      -0.000000      -0.000000
   34      F   Dyz      -0.000000      -0.000000       0.020173       0.000001
   35      F   Dzz      -0.000000       0.027818      -0.000000      -0.000000
   36      F  Fxxx       0.010656      -0.000000      -0.000001       0.010842
   37      F  Fxxy       0.000000      -0.000000       0.004849       0.000000
   38      F  Fxxz      -0.000000      -0.001560       0.000000      -0.000000
   39      F  Fxyy       0.004766      -0.000000      -0.000000       0.004849
   40      F  Fxyz      -0.000000       0.000000       0.000000       0.000000
   41      F  Fxzz       0.018460      -0.000000      -0.000000       0.004923
   42      F  Fyyy       0.000001       0.000000       0.010842       0.000001
   43      F  Fyyz      -0.000000      -0.001560      -0.000000      -0.000000
   44      F  Fyzz       0.000001      -0.000000       0.004923       0.000000
   45      F  Fzzz      -0.000000       0.019945       0.000000       0.000000
   46      F  Fxxx       0.016837      -0.000000      -0.000001       0.017429
   47      F  Fxxy       0.000000      -0.000000       0.007795       0.000001
   48      F  Fxxz      -0.000000       0.001346       0.000000       0.000000
   49      F  Fxyy       0.007530      -0.000000      -0.000001       0.007795
   50      F  Fxyz       0.000000       0.000000      -0.000000      -0.000000
   51      F  Fxzz       0.006790      -0.000000      -0.000001       0.013639
   52      F  Fyyy       0.000001      -0.000000       0.017429       0.000001
   53      F  Fyyz      -0.000000       0.001346       0.000000       0.000000
   54      F  Fyzz       0.000000       0.000000       0.013639       0.000001
   55      F  Fzzz      -0.000000       0.009666       0.000000      -0.000000
   56      F     S       0.000000      -0.008619      -0.000000       0.000000
   57      F     S       0.000000      -0.166252      -0.000000       0.000000
   58      F     S      -0.000000      -0.044909       0.000000      -0.000000
   59      F     S       0.000000      -0.259576       0.000000       0.000000
   60      F     S       0.000000      -0.030930       0.000000       0.000000
   61      F    Px       0.276361      -0.000000       0.000022      -0.310941
   62      F    Py       0.000014       0.000000      -0.310941      -0.000022
   63      F    Pz      -0.000000      -0.269941       0.000000      -0.000000
   64      F    Px       0.290622      -0.000000       0.000027      -0.379903
   65      F    Py       0.000015      -0.000000      -0.379903      -0.000027
   66      F    Pz      -0.000000      -0.277000      -0.000000      -0.000000
   67      F    Px       0.128768       0.000000       0.000027      -0.377831
   68      F    Py       0.000007      -0.000000      -0.377831      -0.000027
   69      F    Pz      -0.000000      -0.145882      -0.000000      -0.000000
   70      F    Px       0.001917       0.000000       0.000008      -0.110079
   71      F    Py       0.000000       0.000000      -0.110079      -0.000008
   72      F    Pz      -0.000000       0.005300      -0.000000      -0.000000
   73      F   Dxx      -0.000000      -0.007040       0.000000      -0.000000
   74      F   Dxy      -0.000000      -0.000000      -0.000000      -0.000000
   75      F   Dxz      -0.016194       0.000000       0.000000      -0.003642
   76      F   Dyy      -0.000000      -0.007040      -0.000000      -0.000000
   77      F   Dyz      -0.000001      -0.000000      -0.003642      -0.000000
   78      F   Dzz      -0.000000       0.021831       0.000000      -0.000000
   79      F   Dxx      -0.000000      -0.010744       0.000000      -0.000000
   80      F   Dxy       0.000000      -0.000000      -0.000000       0.000000
   81      F   Dxz      -0.031047       0.000000      -0.000000       0.004208
   82      F   Dyy      -0.000000      -0.010744       0.000000      -0.000000
   83      F   Dyz      -0.000002      -0.000000       0.004208       0.000000
   84      F   Dzz      -0.000000       0.034013       0.000000      -0.000000
   85      F   Dxx       0.000000       0.000050       0.000000       0.000000
   86      F   Dxy       0.000000      -0.000000      -0.000000       0.000000
   87      F   Dxz       0.002390      -0.000000      -0.000001       0.020173
   88      F   Dyy       0.000000       0.000050      -0.000000       0.000000
   89      F   Dyz       0.000000      -0.000000       0.020173       0.000001
   90      F   Dzz       0.000000       0.027818       0.000000       0.000000
   91      F  Fxxx       0.010656      -0.000000       0.000001      -0.010842
   92      F  Fxxy       0.000000       0.000000      -0.004849      -0.000000
   93      F  Fxxz      -0.000000       0.001560       0.000000      -0.000000
   94      F  Fxyy       0.004766       0.000000       0.000000      -0.004849
   95      F  Fxyz      -0.000000      -0.000000       0.000000       0.000000
   96      F  Fxzz       0.018460      -0.000000       0.000000      -0.004923
   97      F  Fyyy       0.000001       0.000000      -0.010842      -0.000001
   98      F  Fyyz      -0.000000       0.001560       0.000000      -0.000000
   99      F  Fyzz       0.000001       0.000000      -0.004923      -0.000000
  100      F  Fzzz       0.000000      -0.019945       0.000000       0.000000
  101      F  Fxxx       0.016837      -0.000000       0.000001      -0.017429
  102      F  Fxxy       0.000000       0.000000      -0.007795      -0.000001
  103      F  Fxxz       0.000000      -0.001346       0.000000       0.000000
  104      F  Fxyy       0.007530      -0.000000       0.000001      -0.007795
  105      F  Fxyz       0.000000      -0.000000      -0.000000      -0.000000
  106      F  Fxzz       0.006790       0.000000       0.000001      -0.013639
  107      F  Fyyy       0.000001       0.000000      -0.017429      -0.000001
  108      F  Fyyz       0.000000      -0.001346       0.000000       0.000000
  109      F  Fyzz       0.000000       0.000000      -0.013639      -0.000001
  110      F  Fzzz      -0.000000      -0.009666       0.000000      -0.000000
 
 
  end of eigenvectors 
 
  END OF EIGENVALUES AND EIGENVECTORS
 
 
  COMPONENTS OF KINETIC ENERGY: 
 -----------------------------
 
             E-ALPHA Kinetic energy =          101.175728432357
              E-BETA Kinetic energy =          100.807372377151
                                     _________________________
               Total kinetic energy =          201.983100809508
 
  COMPONENTS OF POTENTIAL ENERGY: 
 -------------------------------
 
          Fixed potential energy    =           47.625952431600
 
  Quantum/Fixed interaction energy: 
 ----------------------------------
 
     E-ALPHA/Fixed interact. energy =         -290.756383406043
      E-BETA/Fixed interact. energy =         -286.085227340186
                                     _________________________
               Total Q/Fixed energy =         -576.841610746229
 
  Coulomb energy: 
 ------------------
 
     E-ALPHA/E-ALPHA Hartree energy =           38.657774177905
       E-BETA/E-BETA Hartree energy =           36.310665153765
      E-ALPHA/E-BETA Hartree energy =           74.864322302176
                                     _________________________
               Total Hartree energy =          149.832761633846
 
  Exchange(HF) energy: 
 ----------------------
 
            E-ALPHA Exchange energy =          -10.410707746896
             E-BETA Exchange energy =          -10.276104302872
                                     _________________________
              Total Exchange energy =          -20.686812049768
 
  TOTAL ENERGY COMPONENTS: 
 ==========================
 
          TOTAL KINETIC ENERGY      =          201.983100809508
          TOTAL POTENTIAL ENERGY    =         -400.069708730551
                                     _________________________
                       TOTAL ENERGY =         -198.086607921043
 
                 VIRIAL RATIO (V/T) =            1.980708817357
 
 
  END ENERGY COMPONENTS
 
 
** TOTAL CPU Time SCF :     13.146 (s)
** TOTAL Elapsed Time SCF :      3.296 (s)
 
 We are calculating properties for E-ALPHA in the HF/KS ground state
 We are calculating properties for E-BETA in the HF/KS ground state
 
  POPULATION ANALYSES: 
 ====================
 
 MULLIKEN Population: for E-        
 ---------------------
 
                          total          spin      
 
    1      F     S       1.941028      -0.000018
    2      F     S       1.030717       0.008113
    3      F     S       0.255980       0.010474
    4      F     S       0.687210       0.041580
    5      F     S       0.814972       0.756065
    6      F    Px       0.638976      -0.001345
    7      F    Py       0.638976      -0.001345
    8      F    Pz       0.429245       0.004814
    9      F    Px       0.866674      -0.001072
   10      F    Py       0.866674      -0.001072
   11      F    Pz       0.552778       0.008391
   12      F    Px       0.376509       0.001211
   13      F    Py       0.376509       0.001211
   14      F    Pz       0.116729      -0.013830
   15      F    Px       0.017127       0.002376
   16      F    Py       0.017127       0.002376
   17      F    Pz      -0.005127       0.008151
   18      F   Dxx       0.001050       0.000753
   19      F   Dxy       0.000000       0.000000
   20      F   Dxz       0.003620      -0.000012
   21      F   Dyy       0.001050       0.000753
   22      F   Dyz       0.003620      -0.000012
   23      F   Dzz       0.015889       0.000475
   24      F   Dxx      -0.018922      -0.005199
   25      F   Dxy       0.000000       0.000000
   26      F   Dxz       0.015858       0.000239
   27      F   Dyy      -0.018922      -0.005199
   28      F   Dyz       0.015858       0.000239
   29      F   Dzz       0.002870       0.003685
   30      F   Dxx      -0.112212      -0.103308
   31      F   Dxy       0.000000       0.000000
   32      F   Dxz      -0.020657       0.000391
   33      F   Dyy      -0.112212      -0.103308
   34      F   Dyz      -0.020657       0.000391
   35      F   Dzz      -0.136276      -0.117759
   36      F  Fxxx       0.023669      -0.000395
   37      F  Fxxy       0.007890      -0.000132
   38      F  Fxxz      -0.002206      -0.000355
   39      F  Fxyy       0.007890      -0.000132
   40      F  Fxyz       0.000000      -0.000000
   41      F  Fxzz       0.023369      -0.000039
   42      F  Fyyy       0.023669      -0.000395
   43      F  Fyyz      -0.002206      -0.000355
   44      F  Fyzz       0.023369      -0.000039
   45      F  Fzzz       0.043688      -0.001021
   46      F  Fxxx       0.029839      -0.000790
   47      F  Fxxy       0.009946      -0.000263
   48      F  Fxxz       0.000025      -0.000116
   49      F  Fxyy       0.009946      -0.000263
   50      F  Fxyz      -0.000000       0.000000
   51      F  Fxzz       0.007180      -0.000168
   52      F  Fyyy       0.029839      -0.000790
   53      F  Fyyz       0.000025      -0.000116
   54      F  Fyzz       0.007180      -0.000168
   55      F  Fzzz       0.014827       0.007329
   56      F     S       1.941028      -0.000018
   57      F     S       1.030717       0.008113
   58      F     S       0.255980       0.010474
   59      F     S       0.687210       0.041580
   60      F     S       0.814972       0.756065
   61      F    Px       0.638976      -0.001345
   62      F    Py       0.638976      -0.001345
   63      F    Pz       0.429245       0.004814
   64      F    Px       0.866674      -0.001072
   65      F    Py       0.866674      -0.001072
   66      F    Pz       0.552778       0.008391
   67      F    Px       0.376509       0.001211
   68      F    Py       0.376509       0.001211
   69      F    Pz       0.116729      -0.013830
   70      F    Px       0.017127       0.002376
   71      F    Py       0.017127       0.002376
   72      F    Pz      -0.005127       0.008151
   73      F   Dxx       0.001050       0.000753
   74      F   Dxy       0.000000       0.000000
   75      F   Dxz       0.003620      -0.000012
   76      F   Dyy       0.001050       0.000753
   77      F   Dyz       0.003620      -0.000012
   78      F   Dzz       0.015889       0.000475
   79      F   Dxx      -0.018922      -0.005199
   80      F   Dxy       0.000000       0.000000
   81      F   Dxz       0.015858       0.000239
   82      F   Dyy      -0.018922      -0.005199
   83      F   Dyz       0.015858       0.000239
   84      F   Dzz       0.002870       0.003685
   85      F   Dxx      -0.112212      -0.103308
   86      F   Dxy       0.000000       0.000000
   87      F   Dxz      -0.020657       0.000391
   88      F   Dyy      -0.112212      -0.103308
   89      F   Dyz      -0.020657       0.000391
   90      F   Dzz      -0.136276      -0.117759
   91      F  Fxxx       0.023669      -0.000395
   92      F  Fxxy       0.007890      -0.000132
   93      F  Fxxz      -0.002206      -0.000355
   94      F  Fxyy       0.007890      -0.000132
   95      F  Fxyz       0.000000      -0.000000
   96      F  Fxzz       0.023369      -0.000039
   97      F  Fyyy       0.023669      -0.000395
   98      F  Fyyz      -0.002206      -0.000355
   99      F  Fyzz       0.023369      -0.000039
  100      F  Fzzz       0.043688      -0.001021
  101      F  Fxxx       0.029839      -0.000790
  102      F  Fxxy       0.009946      -0.000263
  103      F  Fxxz       0.000025      -0.000116
  104      F  Fxyy       0.009946      -0.000263
  105      F  Fxyz      -0.000000       0.000000
  106      F  Fxzz       0.007180      -0.000168
  107      F  Fyyy       0.029839      -0.000790
  108      F  Fyyz       0.000025      -0.000116
  109      F  Fyzz       0.007180      -0.000168
  110      F  Fzzz       0.014827       0.007329
 
                           __________     __________
              Total =       19.000000       1.000000
 
  Atomic MULLIKEN Population: for E-        
            F                9.500000       0.500000
            F                9.500000       0.500000
 
 ...end of MULLIKEN Population
 
 
 END POPULATION ANALYSES 
 
 
  POPULATION ANALYSES: 
 ====================
 
 LOWDIN Population: for E-        
 ---------------------
 
                          total          spin      
 
    1      F     S       1.537052       0.000037
    2      F     S       0.546308       0.005283
    3      F     S       0.346233       0.003412
    4      F     S       0.197376       0.002083
    5      F     S       0.455580       0.391373
    6      F    Px       0.562645      -0.001138
    7      F    Py       0.562645      -0.001138
    8      F    Pz       0.364312       0.005674
    9      F    Px       0.358875      -0.000774
   10      F    Py       0.358875      -0.000774
   11      F    Pz       0.296898       0.002558
   12      F    Px       0.151285       0.000892
   13      F    Py       0.151285       0.000892
   14      F    Pz       0.147875       0.003674
   15      F    Px       0.021041       0.001276
   16      F    Py       0.021041       0.001276
   17      F    Pz       0.074026       0.049145
   18      F   Dxx       0.125535       0.001569
   19      F   Dxy       0.000000       0.000000
   20      F   Dxz       0.002947      -0.000006
   21      F   Dyy       0.125535       0.001569
   22      F   Dyz       0.002947      -0.000006
   23      F   Dzz       0.133602       0.001887
   24      F   Dxx       0.098726       0.002529
   25      F   Dxy       0.000000       0.000000
   26      F   Dxz       0.068781      -0.000158
   27      F   Dyy       0.098726       0.002529
   28      F   Dyz       0.068781      -0.000158
   29      F   Dzz       0.153663       0.004830
   30      F   Dxx       0.025493       0.009107
   31      F   Dxy       0.000000       0.000000
   32      F   Dxz       0.133052       0.001211
   33      F   Dyy       0.025493       0.009107
   34      F   Dyz       0.133052       0.001211
   35      F   Dzz       0.128806       0.000142
   36      F  Fxxx       0.233950      -0.000592
   37      F  Fxxy       0.103362      -0.000247
   38      F  Fxxz       0.069868       0.000893
   39      F  Fxyy       0.103362      -0.000247
   40      F  Fxyz       0.000000      -0.000000
   41      F  Fxzz       0.106090      -0.000141
   42      F  Fyyy       0.233950      -0.000592
   43      F  Fyyz       0.069868       0.000893
   44      F  Fyzz       0.106090      -0.000141
   45      F  Fzzz       0.236133       0.002246
   46      F  Fxxx       0.114579      -0.000182
   47      F  Fxxy       0.049343      -0.000044
   48      F  Fxxz       0.037227      -0.000117
   49      F  Fxyy       0.049343      -0.000044
   50      F  Fxyz       0.000000       0.000000
   51      F  Fxzz       0.094050      -0.000097
   52      F  Fyyy       0.114579      -0.000182
   53      F  Fyyz       0.037227      -0.000117
   54      F  Fyzz       0.094050      -0.000097
   55      F  Fzzz       0.168440      -0.000307
   56      F     S       1.537052       0.000037
   57      F     S       0.546308       0.005283
   58      F     S       0.346233       0.003412
   59      F     S       0.197376       0.002083
   60      F     S       0.455580       0.391373
   61      F    Px       0.562645      -0.001138
   62      F    Py       0.562645      -0.001138
   63      F    Pz       0.364312       0.005674
   64      F    Px       0.358875      -0.000774
   65      F    Py       0.358875      -0.000774
   66      F    Pz       0.296898       0.002558
   67      F    Px       0.151285       0.000892
   68      F    Py       0.151285       0.000892
   69      F    Pz       0.147875       0.003674
   70      F    Px       0.021041       0.001276
   71      F    Py       0.021041       0.001276
   72      F    Pz       0.074026       0.049145
   73      F   Dxx       0.125535       0.001569
   74      F   Dxy       0.000000       0.000000
   75      F   Dxz       0.002947      -0.000006
   76      F   Dyy       0.125535       0.001569
   77      F   Dyz       0.002947      -0.000006
   78      F   Dzz       0.133602       0.001887
   79      F   Dxx       0.098726       0.002529
   80      F   Dxy       0.000000       0.000000
   81      F   Dxz       0.068781      -0.000158
   82      F   Dyy       0.098726       0.002529
   83      F   Dyz       0.068781      -0.000158
   84      F   Dzz       0.153663       0.004830
   85      F   Dxx       0.025493       0.009107
   86      F   Dxy       0.000000       0.000000
   87      F   Dxz       0.133052       0.001211
   88      F   Dyy       0.025493       0.009107
   89      F   Dyz       0.133052       0.001211
   90      F   Dzz       0.128806       0.000142
   91      F  Fxxx       0.233950      -0.000592
   92      F  Fxxy       0.103362      -0.000247
   93      F  Fxxz       0.069868       0.000893
   94      F  Fxyy       0.103362      -0.000247
   95      F  Fxyz       0.000000      -0.000000
   96      F  Fxzz       0.106090      -0.000141
   97      F  Fyyy       0.233950      -0.000592
   98      F  Fyyz       0.069868       0.000893
   99      F  Fyzz       0.106090      -0.000141
  100      F  Fzzz       0.236133       0.002246
  101      F  Fxxx       0.114579      -0.000182
  102      F  Fxxy       0.049343      -0.000044
  103      F  Fxxz       0.037227      -0.000117
  104      F  Fxyy       0.049343      -0.000044
  105      F  Fxyz       0.000000       0.000000
  106      F  Fxzz       0.094050      -0.000097
  107      F  Fyyy       0.114579      -0.000182
  108      F  Fyyz       0.037227      -0.000117
  109      F  Fyzz       0.094050      -0.000097
  110      F  Fzzz       0.168440      -0.000307
 
                           __________     __________
              Total =       19.000000       1.000000
 
  Atomic LOWDIN Population: for E-        
            F                9.500000       0.500000
            F                9.500000       0.500000
 
 ...end of LOWDIN Population
 
 
 END POPULATION ANALYSES 
 
 
  EXPECTED POSITIONS OF QUANTUM SPECIES:
 ======================
 
 POSITIONS IN ANGSTROMS
 ------
 
                        <x>      <y>      <z>         
            E-ALPHA  -0.0000  -0.0000   4.5000
             E-BETA   0.0000  -0.0000   4.0500
 
 END EXPECTED POSITIONS
 
 
  ELECTROSTATIC MOMENTS:
 ======================
 
 
 DIPOLE: (A.U.)
 ------
 
                           <Dx>         <Dy>         <Dz>          |D|
            E-ALPHA   0.00000000   0.00000000  -8.50376699
             E-BETA  -0.00000000   0.00000000  -7.65339025
    Point charges:    0.00000000   0.00000000  15.30678050
                     ____________________________
      Total Dipole:   0.00000000   0.00000000  -0.85037674   0.85037674
 
 DIPOLE: (DEBYE)
 ------
 
                           <Dx>         <Dy>         <Dz>          |D|
            E-ALPHA   0.00000000   0.00000000 -21.61441691
             E-BETA  -0.00000000   0.00000000 -19.45297512
    Point charges:    0.00000000   0.00000000  38.90595025
                     ____________________________
      Total Dipole:   0.00000000   0.00000000  -2.16144179   2.16144179
 
 QUADRUPOLE NON-TRACELESS: (DEBYE ANGS)
 ------
 
                           <xx>         <yy>         <zz>         <xy>         <xz>         <yz>
            E-ALPHA  -11.25196358  -11.25196371  -38.95344360   -0.00000000   -0.00000000    0.00000000
             E-BETA   -4.48040197   -4.48040188  -22.50540114   -0.00000000   -0.00000000   -0.00000000
    Point charges:     0.00000000    0.00000000   35.01535123    0.00000000    0.00000000    0.00000000
  Total Quadrupole:  -15.73236555  -15.73236559  -26.44349351   -0.00000000   -0.00000000    0.00000000
                     ____________________________
 
 END ELECTROSTATIC MOMENTS
 
 
 BEGIN FOUR-INDEX INTEGRALS TRANFORMATION:
 ========================================
 Selected method: C         
 
 --------------------------------------------------
    4N^5 Algorithm Four-index integral tranformation
 --------------------------------------------------
 
 Integrals transformation for: E-ALPHA
 
              Transformation boundaries 
                 orbital lower upper
                       p     1    10
                       q    11   110
                       r     1    10
                       s    11   110
 
         Loading AO integrals time(s):  0.276E-01
      Integral transformation time(s):  0.238E+01
       Non-zero transformed integrals:       140962
 
 Inter-species integrals transformation for: E-ALPHA/E-BETA
 
              Transformation boundaries 
                 orbital lower upper
                       p     1     9
                       q    10   110
                       r     1    10
                       s    11   110
 
         Loading AO integrals time(s):  0.292E-01
      Integral transformation time(s):  0.105E+02
 Non zero transformed coupling integrals:       215150
 
 Integrals transformation for: E-BETA
 
              Transformation boundaries 
                 orbital lower upper
                       p     1     9
                       q    10   110
                       r     1     9
                       s    10   110
 
         Loading AO integrals time(s):  0.194E-01
      Integral transformation time(s):  0.229E+01
       Non-zero transformed integrals:       162366
 
** TOTAL Elapsed Time for integrals transformation :     15.482 (s)
 
 
  POST HARTREE-FOCK CALCULATION
  MANY-BODY PERTURBATION THEORY:
 ==============================
 
              MOLLER-PLESSET FORMALISM 
               ORDER OF CORRECTION =     2
 
                E(0) + E(1) =    -198.086607921043
                       E(2) =      -0.551391989071
                             ____________________
                     E(MP2) =    -198.637999910115
 
              -----------------------------------
               E(n){ Specie }     E(n) / Hartree 
              -----------------------------------
 
            E(2){ E-ALPHA } =      -0.074482709207
             E(2){ E-BETA } =      -0.069908568280
 
     E(2){ E-ALPHA/E-BETA } =      -0.407000711585
 
** TOTAL CPU Time HF-MBPT :      0.569 (s)
** TOTAL Elapsed Time HF-MBPT :      0.334 (s)
 

  TOTAL CPU Time:      0.241 (s)
 TOTAL Wall Time:     19.173 (s)
  Elapsed Time:   0h  0m 19s 174ms
LOWDIN execution terminated normally at : Tue Feb  4 16:53:26 2025
-rw-rw-r-- 1 pohl pohl  53M feb  4 16:53 0E-ALPHA.E-BETA.ints
-rw-rw-r-- 1 pohl pohl  27M feb  4 16:53 0E-ALPHA.ints
-rw-rw-r-- 1 pohl pohl  52M feb  4 16:53 1E-ALPHA.E-BETA.ints
-rw-rw-r-- 1 pohl pohl  27M feb  4 16:53 1E-ALPHA.ints
-rw-rw-r-- 1 pohl pohl  53M feb  4 16:53 2E-ALPHA.E-BETA.ints
-rw-rw-r-- 1 pohl pohl  27M feb  4 16:53 2E-ALPHA.ints
-rw-rw-r-- 1 pohl pohl  52M feb  4 16:53 3E-ALPHA.E-BETA.ints
-rw-rw-r-- 1 pohl pohl  27M feb  4 16:53 3E-ALPHA.ints
-rw-rw-r-- 1 pohl pohl   12 feb  4 16:53 E-ALPHA.E-BETA.nints
-rw-rw-r-- 1 pohl pohl 5.5M feb  4 16:53 E-ALPHAmoint.dat
-rw-rw-r-- 1 pohl pohl 5.5M feb  4 16:53 E-BETA.E-ALPHAmoint.dat
-rw-rw-r-- 1 pohl pohl 4.9M feb  4 16:53 E-BETAmoint.dat
-rw-rw-r-- 1 pohl pohl   63 feb  4 16:53 gepol.inp
-rw-rw-r-- 1 pohl pohl  182 feb  4 16:53 gepol.xyzr
-rw-rw-r-- 1 pohl pohl  13K feb  4 16:53 lowdin.bas
-rw-rw-r-- 1 pohl pohl  16K feb  4 16:53 lowdin.dat
-rw-rw-r-- 1 pohl pohl 2.3M feb  4 16:53 lowdin.opints
-rw-rw-r-- 1 pohl pohl  46K feb  4 16:53 lowdin.sys
-rw-rw-r-- 1 pohl pohl 2.1M feb  4 16:53 lowdin.wfn
-rw-rw-r-- 1 pohl pohl  258 feb  4 16:53 usual_2
-rw-rw-r-- 1 pohl pohl 1.1K feb  4 16:53 usual_2.aux
-rw-rw-r-- 1 pohl pohl  266 feb  4 16:53 usual_2.lowdin
-rw-rw-r-- 1 pohl pohl  82K feb  4 16:53 usual_2.out
-rw-rw-r-- 1 pohl pohl 192K feb  4 16:53 usual_2.vec
