Begin job by input: usual_9.lowdin, for user:   at  mar 04 feb 2025 16:55:21 -05
under operating system Linux helios 5.19.0-46-generic #47-Ubuntu SMP PREEMPT_DYNAMIC Fri Jun 16 13:30:11 UTC 2023 x86_64 x86_64 x86_64 GNU/Linux
Compilation information
  commit: f31d3924f6ee2ce9d77f07edcc1ba27359319d14
  compilation date:  mar 17 sep 2024 16:16:17 -05

BEGIN INPUT INFO:
------------------------------------

GEOMETRY
	e-(F)	AUG-CC-PVTZ 0.0 0.0 0.0 multiplicity=2 addParticles=1 
	e-(F)	AUG-CC-PVTZ 0.0 0.0 2.3 
	F	Dirac 0.0 0.0 0.0
	F	Dirac 0.0 0.0 2.3
END GEOMETRY

TASKS
        method = "UHF"
	mollerPlessetCorrection=2
END TASKS

CONTROL
	units="ANGS"
END CONTROL






... END INPUT INFO


 LOWDIN execution started at : Tue Feb  4 16:55:21 2025
 ---------------------------------------------------------------
 
 ***************************************************************
 *                   LOWDIN 2.0  (May/2013)                    *
 *                                                             *
 *  R. FLORES-MORENO, E. F. POSADA, F. S. MONCADA, J.ROMERO,   *
 *  J. CHARRY, M. DIAZ-TINOCO, S. A. GONZALEZ, N. F. AGUIRRE,  *
 *  A. REYES                                                   *
 *                                                             *
 *  https://sites.google.com/site/lowdinproject/               *
 *                                                             *
 ***************************************************************
 
 PARSING INPUT... DONE!
 
 LOWDIN IS RUNNING WITH NEXT PARAMETERS: 
 ----------------------------------------
 
         METHOD TYPE:  UHF
         NUMBER OF CORES:     4
         MOLLER PLESSET CORRECTION:      2
         NONELECTRONIC DENSITY GUESS: HCORE
         ELECTRONIC DENSITY GUESS: HCORE
         CRITERIUM OF CONVERGENCE: ENERGY
         NONELECTRONIC ENERGY TOLERANCE IN SCFs:     0.10000E-07
         ELECTRONIC ENERGY TOLERANCE IN SCFs:     0.10000E-07
         TOTAL ENERGY TOLERANCE IN SCFs:     0.10000E-07
         SCHEME OF ITERATION: GLOBAL ITERATIONS
         SCF MAX. SUBITERATIONS - NONELECTRONS :     1
         SCF MAX. SUBITERATIONS - ELECTRONS :     1
         SCF MAX. ITERATIONS - INTERSPECIES :   200
         INTEGRAL STORAGE: DISK
         STACK SIZE FOR ERIS : 30000
         METHOD OF SCF CONVERGENCE: DAMPING
 
  MOLECULAR SYSTEM: usual_9
 -----------------
 
    DESCRIPTION   : usual_9
    CHARGE        :   0
    PUNTUAL GROUP : NONE
 
 
  INFORMATION OF PARTICLES :
 =========================
         Total number of particles   =      21
         Number of quantum particles =      19
         Number of puntual charges   =       2
         Number of quantum species   =       2
 
                 INFORMATION OF QUANTUM SPECIES 
    ----------------------------------------------------------------------
         ID      Symbol            mass     charge      omega     spin     multiplicity
    ----------------------------------------------------------------------
         1        E-ALPHA         1.0000     -1.00      0.00      0.50      2.00
         2         E-BETA         1.0000     -1.00      0.00      0.50      2.00
 
                   CONSTANTS OF COUPLING 
      ------------------------------------------------------------
              Symbol      kappa        eta     lambda occupation
      ------------------------------------------------------------
             E-ALPHA      -1.00       1.00       1.00      10.00
              E-BETA      -1.00       1.00       1.00       9.00
 
                   BASIS SET FOR SPECIES 
      ------------------------------------------------------------
           Symbol          N. Basis     N. Particles     Basis Set
      ------------------------------------------------------------
            E-ALPHA           28               10     AUG-CC-PVT
             E-BETA           28                9     AUG-CC-PVT
 
                                ATOMIC BASIS
         ------------------------------------------------------------
          PRIMITIVE   SHELL             EXPONENT         COEFFICIENT 
         ------------------------------------------------------------
 
    BEGIN DESCRIPTION OF BASIS FOR: E-ALP
    ==============================
 
 
             F BASIS SET:    AUG-CC-PVTZ
             1         S            19500.00000000          0.00050700
             2         S             2923.00000000          0.00392300
             3         S              664.50000000          0.02020000
             4         S              187.50000000          0.07901000
             5         S               60.62000000          0.23043900
             6         S               21.42000000          0.43287200
             7         S                7.95000000          0.34996400
             8         S                0.88150000         -0.00789200
             1         S            19500.00000000         -0.00011700
             2         S             2923.00000000         -0.00091200
             3         S              664.50000000         -0.00471700
             4         S              187.50000000         -0.01908600
             5         S               60.62000000         -0.05965500
             6         S               21.42000000         -0.14001000
             7         S                7.95000000         -0.17678200
             8         S                0.88150000          0.60504300
             1         S                2.25700000          1.00000000
             1         S                0.30410000          1.00000000
             1         S                0.09158000          1.00000000
             1         P               43.88000000          0.01666500
             2         P                9.92600000          0.10447200
             3         P                2.93000000          0.31726000
             1         P                0.91320000          1.00000000
             1         P                0.26720000          1.00000000
             1         P                0.07361000          1.00000000
             1         D                3.10700000          1.00000000
             1         D                0.85500000          1.00000000
             1         D                0.29200000          1.00000000
             1         F                1.91700000          1.00000000
             1         F                0.72400000          1.00000000
 
             F BASIS SET:    AUG-CC-PVTZ
             1         S            19500.00000000          0.00050700
             2         S             2923.00000000          0.00392300
             3         S              664.50000000          0.02020000
             4         S              187.50000000          0.07901000
             5         S               60.62000000          0.23043900
             6         S               21.42000000          0.43287200
             7         S                7.95000000          0.34996400
             8         S                0.88150000         -0.00789200
             1         S            19500.00000000         -0.00011700
             2         S             2923.00000000         -0.00091200
             3         S              664.50000000         -0.00471700
             4         S              187.50000000         -0.01908600
             5         S               60.62000000         -0.05965500
             6         S               21.42000000         -0.14001000
             7         S                7.95000000         -0.17678200
             8         S                0.88150000          0.60504300
             1         S                2.25700000          1.00000000
             1         S                0.30410000          1.00000000
             1         S                0.09158000          1.00000000
             1         P               43.88000000          0.01666500
             2         P                9.92600000          0.10447200
             3         P                2.93000000          0.31726000
             1         P                0.91320000          1.00000000
             1         P                0.26720000          1.00000000
             1         P                0.07361000          1.00000000
             1         D                3.10700000          1.00000000
             1         D                0.85500000          1.00000000
             1         D                0.29200000          1.00000000
             1         F                1.91700000          1.00000000
             1         F                0.72400000          1.00000000
    ... END DESCRIPTION OF BASIS
 
 
  END INFORMATION OF PARTICLES
 
 
  INFORMATION OF THE QUANTUM SYSTEM 
     ---------------------------------------------------------------------
                 ID     Occupied Orbitals     Basis size
     ---------------------------------------------------------------------
            E-ALPHA           10              110
             E-BETA            9              110
 
  END INFORMATION OF QUANTUM SYSTEM
 
                       INITIAL GEOMETRY: AMSTRONG
                 -----------------------------------
                       <x>                 <y>                 <z>
  E-ALPHAF        0.0000000000        0.0000000000        0.0000000000
  E-ALPHAF        0.0000000000        0.0000000000        2.3000000000
         F        0.0000000000        0.0000000000        0.0000000000
         F        0.0000000000        0.0000000000        2.3000000000
 
                     MATRIX OF DISTANCE: ANGSTROM
                 -----------------------------------
                          F(1)           F(2)      
 
        F(1)             0.000000       2.300000
        F(2)             2.300000       0.000000
 
--------------------------------------------------------------------------------
** PROGRAM: SCF (Hartree Fock).     Author: S.A. Gonzalez, E. Posada, F. Moncada
--------------------------------------------------------------------------------
INFO: RUNNING IN UHF MODE.
 
----------------------------------------------------------------------
** PROGRAM INTS                          Author: E. F. Posada, 2013   
----------------------------------------------------------------------
INFO: RUNNING IN ONE_PARTICLE MODE.
 
 Number of Overlap integrals for species E-ALPHA:  12100
 Number of Overlap integrals for species E-BETA:  12100
 Number of Kinetic integrals for species E-ALPHA:  12100
 Number of Kinetic integrals for species E-BETA:  12100
 Number of Nuclear integrals for species E-ALPHA:  12100
 Number of Nuclear integrals for species E-BETA:  12100
 Number of Moment integrals for species E-ALPHA:  36300
 Number of Moment integrals for species E-BETA:  36300
 
** TOTAL CPU Time INTS :      0.456 (s)
** TOTAL Elapsed Time INTS :      0.220 (s)
 
       Usign  HCORE density guess for species:    E-ALPHA
     number of    E-ALPHA     particles in guess density matrix:    10.000000
       Usign  HCORE density guess for species:     E-BETA
     number of     E-BETA     particles in guess density matrix:     9.000000
 Number of unique integrals for species: 1 = 3884111
 Number of unique integrals for species: 1 / 2 = 7763043 Screened: 0
 
 TWO-BODY INTEGRAL SETUP: 
------------------------- 
 Storage:   DISK
 Scheme: LIBINT
 Stack size:  30000
 
 LIBINT library, Fermann, J. T.; Valeev, F. L. 2010                   
 LOWDIN-LIBINT Implementation V. 2.1  Posada E. F. ; Reyes A. 2016   
 ----------------------------------------------------------------------

*** TOTAL CPU time intra-species integrals :      1.211 (s)
*** TOTAL elapsed time intra-species integrals :      0.269 (s)


*** TOTAL CPU time inter-species integrals :      2.693 (s)
*** TOTAL elapsed time inter-species integrals :      0.648 (s)

INFO: RUNNING SCHEME SIMULTANEOUS
 
 Begin Multi-Species SCF calculation:
 
 --------------------------------------------------------------------------------------------------
      Iteration                   Energy            Energy Change           Density Change
 --------------------------------------------------------------------------------------------------
              1        -172.176567695938         172.176567695938           0.226696993401
              2        -170.007939263142          -2.168628432797           0.207805464317
              3        -194.081484270470          24.073545007329           0.029989153727
              4        -198.115880541100           4.034396270630           0.011821000638
              5        -198.502371842573           0.386491301473           0.004902726330
              6        -198.818785634489           0.316413791916           0.002539935739
              7        -198.840185643358           0.021400008868           0.000568744062
              8        -198.849755893861           0.009570250503           0.000424581716
              9        -198.850804087114           0.001048193253           0.000233776920
             10        -198.851209490240           0.000405403126           0.000113346005
             11        -198.851291094701           0.000081604461           0.000071677938
             12        -198.851318040965           0.000026946264           0.000038573745
             13        -198.851327216117           0.000009175151           0.000023987123
             14        -198.851330217184           0.000003001067           0.000013672595
             15        -198.851331234894           0.000001017710           0.000008283346
             16        -198.851331581113           0.000000346219           0.000004671552
             17        -198.851331699755           0.000000118642           0.000002782306
             18        -198.851331739695           0.000000039940           0.000001627028
             19        -198.851331753358           0.000000013663           0.000000951298
             20        -198.851331758040           0.000000004683           0.000000561605
 Total energy converged after  20 global iterations                                                  
 
 ...end Multi-Species SCF calculation
 
 
 Begin SCF calculation by: E-ALPHA
 -------------------------
 
 -----------------------------------------------------------------------------------
 Iteration                   Energy           Density Change         DIIS Error 
 -----------------------------------------------------------------------------------
    1        -103.351564872380           0.142693229370                 -- 
    2         -94.895074401466           0.015345518906                 -- 
    3         -76.263873526700           0.005531508375                 -- 
    4         -83.832796744030           0.002098578507                 -- 
    5         -81.935389701285           0.001135040417                 -- 
    6         -80.475808971533           0.000262644130                 -- 
    7         -80.772100829282           0.000203225223                 -- 
    8         -80.987153609504           0.000066099833                 -- 
    9         -80.856149321878           0.000041769915                 -- 
   10         -80.894818764037           0.000020505491                 -- 
   11         -80.866891330614           0.000012743368                 -- 
   12         -80.879425953499           0.000006172292                 -- 
   13         -80.870513653264           0.000004641682                 -- 
   14         -80.874228076984           0.000001997013                 -- 
   15         -80.871092937080           0.000001536270                 -- 
   16         -80.872305820828           0.000000629385                 -- 
   17         -80.871267612304           0.000000555908                 -- 
   18         -80.871637617200           0.000000206545                 -- 
   19         -80.871268430803           0.000000196898                 -- 
 
 ... end SCF calculation
 
 Begin SCF calculation by: E-BETA
 -------------------------
 
 -----------------------------------------------------------------------------------
 Iteration                   Energy           Density Change         DIIS Error 
 -----------------------------------------------------------------------------------
    1         -94.077268502449           0.065112234946                 -- 
    2         -86.715949930574           0.014643634821                 -- 
    3         -70.030446287758           0.006289492263                 -- 
    4         -76.613285039428           0.002804147822                 -- 
    5         -75.061447426312           0.001404895321                 -- 
    6         -73.810379357352           0.000306099932                 -- 
    7         -74.063818873036           0.000221356493                 -- 
    8         -74.292792720748           0.000167677087                 -- 
    9         -74.205725654361           0.000071576090                 -- 
   10         -74.247044133385           0.000051172447                 -- 
   11         -74.226765912697           0.000025830377                 -- 
   12         -74.240449550361           0.000017814831                 -- 
   13         -74.234783946712           0.000009030913                 -- 
   14         -74.239448372836           0.000006286333                 -- 
   15         -74.237500516189           0.000003135282                 -- 
   16         -74.239067952750           0.000002152921                 -- 
   17         -74.238497239446           0.000001071120                 -- 
   18         -74.239039015064           0.000000744754                 -- 
   19         -74.238843943503           0.000000364707                 -- 
 
 ... end SCF calculation
 
  EIGENVALUES AND EIGENVECTORS: 
 ==============================
 
 
  Eigenvalues for: E-ALPHA
 -----------------
 
    1         -26.022992424857
    2         -26.022981907786
    3          -1.287245352498
    4          -1.270462502938
    5          -0.452310619392
    6          -0.390006977600
    7          -0.364561328345
    8          -0.364561328345
    9          -0.348632005098
   10          -0.348632005098
   11           0.333839154343
   12           0.354993748042
   13           0.386424762067
   14           0.386424762067
   15           0.422954095671
   16           0.422954095671
   17           0.462595195694
   18           0.568941569627
   19           1.035529711417
   20           1.072549192939
   21           1.072549192939
   22           1.110306641122
   23           1.110306641362
   24           1.128111682653
   25           1.185767197030
   26           1.185767197030
   27           1.194381640286
   28           1.206718467421
   29           1.206718467631
   30           1.225257326708
   31           1.225257326708
   32           1.295636566437
   33           1.301611314363
   34           1.435165232372
   35           1.435165232372
   36           1.936064524062
   37           2.818546410315
   38           3.026462684037
   39           3.026462684037
   40           3.034573005441
   41           3.039238610453
   42           3.048722658666
   43           3.048722658666
   44           3.048903061891
   45           3.048903061891
   46           3.105349125224
   47           3.105349125986
   48           3.167359920620
   49           3.167359920620
   50           3.167388668890
   51           3.167388669363
   52           3.169369406784
   53           3.169369406784
   54           3.187900351109
   55           3.187900352515
   56           3.201791848186
   57           3.217797139322
   58           3.220418050306
   59           3.220418050306
   60           3.232126529024
   61           3.232126529024
   62           3.302296552380
   63           3.302296554647
   64           3.457024386737
   65           3.635252815742
   66           3.646253873985
   67           3.646253873985
   68           4.321331381375
   69           5.283115742442
   70           5.772014303247
   71           7.581887993231
   72           7.649706229804
   73           7.649706229804
   74           7.691835074903
   75           7.691835074903
   76           7.886214409739
   77           8.990535543051
   78           8.990535543051
   79           9.047790917453
   80           9.065319890379
   81           9.065319891725
   82           9.126141195360
   83           9.126141195360
   84           9.133318253588
   85           9.133318253588
   86           9.141943485909
   87           9.141943487440
   88           9.273793808598
   89           9.273793808598
   90           9.537806023212
   91           9.558175396050
   92           9.558175396050
   93           9.573032279292
   94           9.573032279315
   95           9.608244506800
   96           9.608244508759
   97           9.662123791597
   98           9.662123791597
   99           9.755500453934
  100           9.861456373130
  101          14.798646528786
  102          14.928810995804
  103          17.864739501853
  104          17.864739501855
  105          17.947875239948
  106          18.141197870792
  107          18.141197870797
  108          19.110584185210
  109          23.700439918846
  110          23.849434035772
 
 
  Eigenvalues for: E-BETA
 -----------------
 
    1         -25.988811088495
    2         -25.988767330927
    3          -1.171723148262
    4          -1.145945348395
    5          -0.329617129118
    6          -0.329617129118
    7          -0.310757611749
    8          -0.310757611749
    9          -0.090029548873
   10           0.236913289680
   11           0.356050850819
   12           0.373178707316
   13           0.387715095848
   14           0.387715095848
   15           0.424203404652
   16           0.424203404652
   17           0.480726090950
   18           0.570143637444
   19           1.041617167721
   20           1.064871310516
   21           1.064871310516
   22           1.105475642993
   23           1.105475643228
   24           1.165599797984
   25           1.194003363379
   26           1.194003363379
   27           1.203147774549
   28           1.203147774765
   29           1.234127047237
   30           1.234127047237
   31           1.275241596844
   32           1.308503653482
   33           1.324098205274
   34           1.441055248778
   35           1.441055248778
   36           1.957588012872
   37           2.842579425124
   38           3.035962417801
   39           3.035962417801
   40           3.061352939741
   41           3.061352939741
   42           3.061481158200
   43           3.061481158200
   44           3.078501481984
   45           3.100422635634
   46           3.109718511053
   47           3.109718511746
   48           3.174999442914
   49           3.174999443244
   50           3.194494728316
   51           3.194494729954
   52           3.214433442188
   53           3.214433442188
   54           3.214453037105
   55           3.214453037105
   56           3.218510163559
   57           3.218510163559
   58           3.230304809703
   59           3.230304809703
   60           3.256420087646
   61           3.282484883720
   62           3.307264477974
   63           3.307264480240
   64           3.496346841860
   65           3.662646075386
   66           3.662646075386
   67           3.678961986351
   68           4.337434965495
   69           5.291110208358
   70           5.778231279248
   71           7.665669642878
   72           7.665669642878
   73           7.667978748421
   74           7.708230603789
   75           7.708230603789
   76           7.966154675820
   77           9.031553066585
   78           9.031553066585
   79           9.093167788519
   80           9.093167789163
   81           9.095661247058
   82           9.132410421976
   83           9.132410421976
   84           9.139598149175
   85           9.139598149175
   86           9.170564514915
   87           9.170564517014
   88           9.319175133778
   89           9.319175133778
   90           9.590687870352
   91           9.590687870683
   92           9.614570316305
   93           9.625021157273
   94           9.625021159003
   95           9.630956005706
   96           9.630956005706
   97           9.728648621423
   98           9.728648621423
   99           9.840198764811
  100           9.916444796643
  101          14.816992192537
  102          14.945965680095
  103          17.869198695395
  104          17.869198695397
  105          17.963951804501
  106          18.145774595699
  107          18.145774595703
  108          19.128355790631
  109          23.723976247361
  110          23.873203992530
 
  end of eigenvalues 
 
  Occupied Eigenvectors for: E-ALPHA
 --------------------------- 
 
                         -26.0230       -26.0230        -1.2872        -1.2705        -0.4523   
 
    1      F     S       0.686479      -0.686458       0.004509       0.004689       0.000871
    2      F     S      -0.007087       0.007353      -0.402379      -0.407090      -0.010316
    3      F     S       0.035594      -0.035287      -0.116382      -0.117277      -0.003450
    4      F     S      -0.012986       0.011500      -0.274685      -0.282753      -0.012489
    5      F     S      -0.001869       0.000780      -0.016372      -0.023325      -0.015123
    6      F    Px       0.000000       0.000000      -0.000000       0.000000      -0.000000
    7      F    Py      -0.000000       0.000000       0.000000      -0.000000       0.000000
    8      F    Pz       0.000011      -0.000070      -0.006236      -0.000767       0.278309
    9      F    Px      -0.000000      -0.000000       0.000000       0.000000      -0.000000
   10      F    Py       0.000000      -0.000000      -0.000000       0.000000      -0.000000
   11      F    Pz       0.000323      -0.000073      -0.007672      -0.001402       0.311945
   12      F    Px       0.000000      -0.000000       0.000000       0.000000      -0.000000
   13      F    Py       0.000000      -0.000000      -0.000000      -0.000000       0.000000
   14      F    Pz       0.000417       0.000005       0.001237       0.003949       0.204229
   15      F    Px      -0.000000      -0.000000       0.000000       0.000000      -0.000000
   16      F    Py      -0.000000       0.000000       0.000000       0.000000      -0.000000
   17      F    Pz      -0.000375       0.000004       0.000617      -0.001739       0.026236
   18      F   Dxx       0.001767      -0.001749       0.000641       0.000599      -0.000595
   19      F   Dxy      -0.000000      -0.000000      -0.000000      -0.000000       0.000000
   20      F   Dxz      -0.000000       0.000000       0.000000       0.000000      -0.000000
   21      F   Dyy       0.001767      -0.001749       0.000641       0.000599      -0.000595
   22      F   Dyz       0.000000      -0.000000       0.000000      -0.000000       0.000000
   23      F   Dzz       0.002198      -0.002172      -0.004063      -0.003914       0.000489
   24      F   Dxx       0.006050      -0.005662       0.006635       0.007323      -0.001200
   25      F   Dxy      -0.000000      -0.000000       0.000000       0.000000      -0.000000
   26      F   Dxz      -0.000000       0.000000      -0.000000       0.000000       0.000000
   27      F   Dyy       0.006050      -0.005662       0.006635       0.007323      -0.001200
   28      F   Dyz      -0.000000      -0.000000      -0.000000      -0.000000      -0.000000
   29      F   Dzz       0.005903      -0.005514      -0.002062      -0.000420      -0.001434
   30      F   Dxx       0.002397      -0.001903       0.006314       0.007848      -0.000096
   31      F   Dxy       0.000000       0.000000       0.000000      -0.000000       0.000000
   32      F   Dxz      -0.000000      -0.000000       0.000000      -0.000000       0.000000
   33      F   Dyy       0.002397      -0.001903       0.006314       0.007848      -0.000096
   34      F   Dyz       0.000000      -0.000000       0.000000       0.000000       0.000000
   35      F   Dzz       0.002580      -0.001962       0.007169       0.008436      -0.008299
   36      F  Fxxx       0.000000       0.000000      -0.000000      -0.000000       0.000000
   37      F  Fxxy      -0.000000       0.000000       0.000000      -0.000000       0.000000
   38      F  Fxxz      -0.000071       0.000013       0.000051       0.000059       0.003180
   39      F  Fxyy       0.000000       0.000000      -0.000000      -0.000000       0.000000
   40      F  Fxyz       0.000000       0.000000      -0.000000       0.000000      -0.000000
   41      F  Fxzz       0.000000       0.000000      -0.000000      -0.000000       0.000000
   42      F  Fyyy      -0.000000       0.000000       0.000000      -0.000000       0.000000
   43      F  Fyyz      -0.000071       0.000013       0.000051       0.000059       0.003180
   44      F  Fyzz      -0.000000       0.000000       0.000000      -0.000000       0.000000
   45      F  Fzzz      -0.000159       0.000071      -0.000019       0.000461       0.013366
   46      F  Fxxx      -0.000000       0.000000      -0.000000      -0.000000       0.000000
   47      F  Fxxy      -0.000000       0.000000       0.000000       0.000000       0.000000
   48      F  Fxxz      -0.000091       0.000039       0.000084       0.000364       0.004206
   49      F  Fxyy      -0.000000       0.000000      -0.000000      -0.000000       0.000000
   50      F  Fxyz      -0.000000       0.000000      -0.000000      -0.000000       0.000000
   51      F  Fxzz      -0.000000       0.000000      -0.000000      -0.000000       0.000000
   52      F  Fyyy      -0.000000       0.000000       0.000000       0.000000       0.000000
   53      F  Fyyz      -0.000091       0.000039       0.000084       0.000364       0.004206
   54      F  Fyzz      -0.000000       0.000000       0.000000      -0.000000       0.000000
   55      F  Fzzz      -0.000203      -0.000004       0.001033       0.001357       0.013091
   56      F     S      -0.686596      -0.686341       0.004509      -0.004689       0.000871
   57      F     S       0.007088       0.007352      -0.402379       0.407090      -0.010316
   58      F     S      -0.035600      -0.035281      -0.116382       0.117277      -0.003450
   59      F     S       0.012988       0.011498      -0.274685       0.282753      -0.012489
   60      F     S       0.001870       0.000780      -0.016372       0.023325      -0.015123
   61      F    Px       0.000000       0.000000       0.000000       0.000000      -0.000000
   62      F    Py      -0.000000      -0.000000      -0.000000      -0.000000       0.000000
   63      F    Pz       0.000011       0.000070       0.006236      -0.000767      -0.278309
   64      F    Px      -0.000000      -0.000000      -0.000000      -0.000000      -0.000000
   65      F    Py       0.000000       0.000000       0.000000       0.000000      -0.000000
   66      F    Pz       0.000323       0.000073       0.007672      -0.001402      -0.311945
   67      F    Px      -0.000000      -0.000000       0.000000       0.000000      -0.000000
   68      F    Py      -0.000000       0.000000       0.000000       0.000000       0.000000
   69      F    Pz       0.000417      -0.000005      -0.001237       0.003949      -0.204229
   70      F    Px       0.000000       0.000000      -0.000000      -0.000000      -0.000000
   71      F    Py       0.000000      -0.000000      -0.000000      -0.000000       0.000000
   72      F    Pz      -0.000375      -0.000004      -0.000617      -0.001739      -0.026236
   73      F   Dxx      -0.001767      -0.001749       0.000641      -0.000599      -0.000595
   74      F   Dxy      -0.000000      -0.000000      -0.000000      -0.000000       0.000000
   75      F   Dxz       0.000000      -0.000000      -0.000000       0.000000      -0.000000
   76      F   Dyy      -0.001767      -0.001749       0.000641      -0.000599      -0.000595
   77      F   Dyz      -0.000000       0.000000      -0.000000       0.000000       0.000000
   78      F   Dzz      -0.002198      -0.002172      -0.004063       0.003914       0.000489
   79      F   Dxx      -0.006051      -0.005661       0.006635      -0.007323      -0.001200
   80      F   Dxy       0.000000       0.000000       0.000000       0.000000      -0.000000
   81      F   Dxz       0.000000       0.000000       0.000000      -0.000000      -0.000000
   82      F   Dyy      -0.006051      -0.005661       0.006635      -0.007323      -0.001200
   83      F   Dyz      -0.000000      -0.000000       0.000000      -0.000000       0.000000
   84      F   Dzz      -0.005904      -0.005513      -0.002062       0.000420      -0.001434
   85      F   Dxx      -0.002398      -0.001903       0.006314      -0.007848      -0.000096
   86      F   Dxy       0.000000       0.000000      -0.000000      -0.000000      -0.000000
   87      F   Dxz       0.000000      -0.000000       0.000000       0.000000      -0.000000
   88      F   Dyy      -0.002398      -0.001903       0.006314      -0.007848      -0.000096
   89      F   Dyz      -0.000000      -0.000000       0.000000      -0.000000      -0.000000
   90      F   Dzz      -0.002580      -0.001961       0.007169      -0.008436      -0.008299
   91      F  Fxxx       0.000000       0.000000       0.000000       0.000000       0.000000
   92      F  Fxxy      -0.000000      -0.000000      -0.000000      -0.000000       0.000000
   93      F  Fxxz      -0.000071      -0.000013      -0.000051       0.000059      -0.003180
   94      F  Fxyy       0.000000       0.000000       0.000000       0.000000       0.000000
   95      F  Fxyz       0.000000      -0.000000       0.000000       0.000000      -0.000000
   96      F  Fxzz       0.000000       0.000000       0.000000       0.000000       0.000000
   97      F  Fyyy      -0.000000      -0.000000       0.000000      -0.000000       0.000000
   98      F  Fyyz      -0.000071      -0.000013      -0.000051       0.000059      -0.003180
   99      F  Fyzz      -0.000000      -0.000000      -0.000000      -0.000000       0.000000
  100      F  Fzzz      -0.000159      -0.000071       0.000019       0.000461      -0.013366
  101      F  Fxxx       0.000000       0.000000       0.000000       0.000000       0.000000
  102      F  Fxxy      -0.000000      -0.000000      -0.000000      -0.000000       0.000000
  103      F  Fxxz      -0.000091      -0.000039      -0.000084       0.000364      -0.004206
  104      F  Fxyy       0.000000       0.000000       0.000000      -0.000000       0.000000
  105      F  Fxyz       0.000000       0.000000      -0.000000       0.000000       0.000000
  106      F  Fxzz       0.000000       0.000000       0.000000       0.000000       0.000000
  107      F  Fyyy      -0.000000      -0.000000      -0.000000      -0.000000       0.000000
  108      F  Fyyz      -0.000091      -0.000039      -0.000084       0.000364      -0.004206
  109      F  Fyzz      -0.000000      -0.000000      -0.000000      -0.000000       0.000000
  110      F  Fzzz      -0.000203       0.000004      -0.001033       0.001357      -0.013091
 
                          -0.3900        -0.3646        -0.3646        -0.3486        -0.3486   
 
    1      F     S      -0.001041      -0.000000      -0.000000      -0.000000       0.000000
    2      F     S      -0.022529      -0.000000      -0.000000      -0.000000       0.000000
    3      F     S      -0.007238      -0.000000       0.000000       0.000000      -0.000000
    4      F     S      -0.017221       0.000000      -0.000000      -0.000000      -0.000000
    5      F     S      -0.012895       0.000000      -0.000000      -0.000000       0.000000
    6      F    Px       0.000000       0.269040       0.057016      -0.280563       0.000496
    7      F    Py      -0.000000      -0.057016       0.269040       0.000496       0.280563
    8      F    Pz      -0.293202       0.000000      -0.000000      -0.000000       0.000000
    9      F    Px      -0.000000       0.299530       0.063478      -0.312160       0.000551
   10      F    Py      -0.000000      -0.063478       0.299530       0.000551       0.312160
   11      F    Pz      -0.331878       0.000000      -0.000000      -0.000000       0.000000
   12      F    Px       0.000000       0.219786       0.046578      -0.230956       0.000408
   13      F    Py      -0.000000      -0.046578       0.219786       0.000408       0.230956
   14      F    Pz      -0.232195      -0.000000      -0.000000      -0.000000       0.000000
   15      F    Px       0.000000       0.037419       0.007930      -0.048050       0.000085
   16      F    Py      -0.000000      -0.007930       0.037419       0.000085       0.048050
   17      F    Pz      -0.040747       0.000000      -0.000000      -0.000000       0.000000
   18      F   Dxx       0.000156       0.000000       0.000000       0.000000       0.000000
   19      F   Dxy       0.000000       0.000000      -0.000000      -0.000000      -0.000000
   20      F   Dxz       0.000000       0.000514       0.000109      -0.000340       0.000001
   21      F   Dyy       0.000156       0.000000       0.000000       0.000000       0.000000
   22      F   Dyz      -0.000000      -0.000109       0.000514       0.000001       0.000340
   23      F   Dzz      -0.000277       0.000000       0.000000       0.000000      -0.000000
   24      F   Dxx       0.000285      -0.000000       0.000000       0.000000      -0.000000
   25      F   Dxy       0.000000      -0.000000       0.000000       0.000000      -0.000000
   26      F   Dxz      -0.000000       0.001003       0.000213       0.000364      -0.000001
   27      F   Dyy       0.000285      -0.000000       0.000000       0.000000      -0.000000
   28      F   Dyz       0.000000      -0.000213       0.001003      -0.000001      -0.000364
   29      F   Dzz       0.002951      -0.000000       0.000000       0.000000       0.000000
   30      F   Dxx       0.001385      -0.000000       0.000000       0.000000      -0.000000
   31      F   Dxy      -0.000000       0.000000      -0.000000       0.000000       0.000000
   32      F   Dxz       0.000000      -0.005064      -0.001073       0.004686      -0.000008
   33      F   Dyy       0.001385      -0.000000       0.000000       0.000000      -0.000000
   34      F   Dyz      -0.000000       0.001073      -0.005064      -0.000008      -0.004686
   35      F   Dzz       0.006128      -0.000000       0.000000       0.000000      -0.000000
   36      F  Fxxx       0.000000       0.009291       0.001969      -0.009819       0.000017
   37      F  Fxxy       0.000000      -0.000881       0.004155       0.000008       0.004391
   38      F  Fxxz      -0.002775       0.000000      -0.000000      -0.000000       0.000000
   39      F  Fxyy       0.000000       0.004155       0.000881      -0.004391       0.000008
   40      F  Fxyz      -0.000000       0.000000       0.000000      -0.000000      -0.000000
   41      F  Fxzz       0.000000       0.007044       0.001493      -0.007114       0.000013
   42      F  Fyyy      -0.000000      -0.001969       0.009291       0.000017       0.009819
   43      F  Fyyz      -0.002775      -0.000000      -0.000000      -0.000000       0.000000
   44      F  Fyzz      -0.000000      -0.001493       0.007044       0.000013       0.007114
   45      F  Fzzz      -0.012294       0.000000      -0.000000      -0.000000       0.000000
   46      F  Fxxx       0.000000       0.011128       0.002358      -0.011344       0.000020
   47      F  Fxxy       0.000000      -0.001055       0.004977       0.000009       0.005073
   48      F  Fxxz      -0.003064       0.000000      -0.000000      -0.000000       0.000000
   49      F  Fxyy       0.000000       0.004977       0.001055      -0.005073       0.000009
   50      F  Fxyz       0.000000      -0.000000      -0.000000      -0.000000      -0.000000
   51      F  Fxzz       0.000000       0.006418       0.001360      -0.006857       0.000012
   52      F  Fyyy       0.000000      -0.002358       0.011128       0.000020       0.011344
   53      F  Fyyz      -0.003064       0.000000      -0.000000      -0.000000       0.000000
   54      F  Fyzz       0.000000      -0.001360       0.006418       0.000012       0.006857
   55      F  Fzzz      -0.011449       0.000000      -0.000000      -0.000000       0.000000
   56      F     S       0.001041      -0.000000      -0.000000       0.000000       0.000000
   57      F     S       0.022529      -0.000000      -0.000000       0.000000      -0.000000
   58      F     S       0.007238       0.000000      -0.000000       0.000000       0.000000
   59      F     S       0.017221      -0.000000       0.000000      -0.000000      -0.000000
   60      F     S       0.012895      -0.000000       0.000000       0.000000      -0.000000
   61      F    Px      -0.000000       0.269040       0.057016       0.280563      -0.000496
   62      F    Py      -0.000000      -0.057016       0.269040      -0.000496      -0.280563
   63      F    Pz      -0.293202      -0.000000      -0.000000      -0.000000       0.000000
   64      F    Px      -0.000000       0.299530       0.063478       0.312160      -0.000551
   65      F    Py      -0.000000      -0.063478       0.299530      -0.000551      -0.312160
   66      F    Pz      -0.331878      -0.000000      -0.000000      -0.000000       0.000000
   67      F    Px      -0.000000       0.219786       0.046578       0.230956      -0.000408
   68      F    Py      -0.000000      -0.046578       0.219786      -0.000408      -0.230956
   69      F    Pz      -0.232195      -0.000000      -0.000000      -0.000000       0.000000
   70      F    Px      -0.000000       0.037419       0.007930       0.048050      -0.000085
   71      F    Py      -0.000000      -0.007930       0.037419      -0.000085      -0.048050
   72      F    Pz      -0.040747       0.000000      -0.000000      -0.000000       0.000000
   73      F   Dxx      -0.000156       0.000000      -0.000000      -0.000000       0.000000
   74      F   Dxy       0.000000      -0.000000      -0.000000       0.000000       0.000000
   75      F   Dxz      -0.000000      -0.000514      -0.000109      -0.000340       0.000001
   76      F   Dyy      -0.000156       0.000000      -0.000000      -0.000000       0.000000
   77      F   Dyz      -0.000000       0.000109      -0.000514       0.000001       0.000340
   78      F   Dzz       0.000277       0.000000       0.000000      -0.000000       0.000000
   79      F   Dxx      -0.000285       0.000000      -0.000000       0.000000       0.000000
   80      F   Dxy      -0.000000       0.000000       0.000000       0.000000       0.000000
   81      F   Dxz       0.000000      -0.001003      -0.000213       0.000364      -0.000001
   82      F   Dyy      -0.000285       0.000000      -0.000000       0.000000       0.000000
   83      F   Dyz       0.000000       0.000213      -0.001003      -0.000001      -0.000364
   84      F   Dzz      -0.002951       0.000000      -0.000000       0.000000       0.000000
   85      F   Dxx      -0.001385       0.000000      -0.000000       0.000000       0.000000
   86      F   Dxy       0.000000      -0.000000      -0.000000       0.000000       0.000000
   87      F   Dxz      -0.000000       0.005064       0.001073       0.004686      -0.000008
   88      F   Dyy      -0.001385       0.000000      -0.000000       0.000000       0.000000
   89      F   Dyz      -0.000000      -0.001073       0.005064      -0.000008      -0.004686
   90      F   Dzz      -0.006128       0.000000      -0.000000       0.000000       0.000000
   91      F  Fxxx       0.000000       0.009291       0.001969       0.009819      -0.000017
   92      F  Fxxy       0.000000      -0.000881       0.004155      -0.000008      -0.004391
   93      F  Fxxz      -0.002775       0.000000       0.000000      -0.000000      -0.000000
   94      F  Fxyy       0.000000       0.004155       0.000881       0.004391      -0.000008
   95      F  Fxyz      -0.000000       0.000000       0.000000       0.000000      -0.000000
   96      F  Fxzz       0.000000       0.007044       0.001493       0.007114      -0.000013
   97      F  Fyyy       0.000000      -0.001969       0.009291      -0.000017      -0.009819
   98      F  Fyyz      -0.002775      -0.000000       0.000000      -0.000000      -0.000000
   99      F  Fyzz       0.000000      -0.001493       0.007044      -0.000013      -0.007114
  100      F  Fzzz      -0.012294      -0.000000      -0.000000      -0.000000      -0.000000
  101      F  Fxxx       0.000000       0.011128       0.002358       0.011344      -0.000020
  102      F  Fxxy      -0.000000      -0.001055       0.004977      -0.000009      -0.005073
  103      F  Fxxz      -0.003064      -0.000000      -0.000000      -0.000000      -0.000000
  104      F  Fxyy       0.000000       0.004977       0.001055       0.005073      -0.000009
  105      F  Fxyz       0.000000      -0.000000      -0.000000      -0.000000       0.000000
  106      F  Fxzz       0.000000       0.006418       0.001360       0.006857      -0.000012
  107      F  Fyyy       0.000000      -0.002358       0.011128      -0.000020      -0.011344
  108      F  Fyyz      -0.003064       0.000000      -0.000000      -0.000000      -0.000000
  109      F  Fyzz       0.000000      -0.001360       0.006418      -0.000012      -0.006857
  110      F  Fzzz      -0.011449       0.000000      -0.000000      -0.000000      -0.000000
 
 
  Occupied Eigenvectors for: E-BETA
 --------------------------- 
 
                         -25.9888       -25.9888        -1.1717        -1.1459        -0.3296   
 
    1      F     S       0.686891      -0.687058      -0.005813      -0.005696       0.000000
    2      F     S      -0.007899       0.007632       0.389226       0.395207       0.000000
    3      F     S       0.033905      -0.034164       0.111496       0.113034       0.000000
    4      F     S      -0.011506       0.012760       0.279919       0.286941       0.000000
    5      F     S      -0.000767       0.001870       0.020112       0.026719      -0.000000
    6      F    Px      -0.000000      -0.000000       0.000000       0.000000      -0.251113
    7      F    Py      -0.000000       0.000000      -0.000000      -0.000000       0.094123
    8      F    Pz       0.000247      -0.000186      -0.002946      -0.012960      -0.000000
    9      F    Px       0.000000       0.000000       0.000000      -0.000000      -0.277588
   10      F    Py       0.000000      -0.000000       0.000000      -0.000000       0.104047
   11      F    Pz      -0.000776       0.000625      -0.003998      -0.015286      -0.000000
   12      F    Px       0.000000      -0.000000      -0.000000      -0.000000      -0.219502
   13      F    Py       0.000000      -0.000000       0.000000       0.000000       0.082275
   14      F    Pz      -0.000189       0.000054       0.000621      -0.010406      -0.000000
   15      F    Px       0.000000       0.000000      -0.000000      -0.000000      -0.044913
   16      F    Py      -0.000000       0.000000      -0.000000      -0.000000       0.016834
   17      F    Pz       0.000024       0.000373       0.000193       0.000861      -0.000000
   18      F   Dxx       0.002343      -0.002349       0.002506       0.002650       0.000000
   19      F   Dxy       0.000000       0.000000      -0.000000      -0.000000      -0.000000
   20      F   Dxz      -0.000000       0.000000       0.000000      -0.000000       0.000329
   21      F   Dyy       0.002343      -0.002349       0.002506       0.002650      -0.000000
   22      F   Dyz       0.000000      -0.000000      -0.000000      -0.000000      -0.000123
   23      F   Dzz       0.001701      -0.001714      -0.002608      -0.002949      -0.000000
   24      F   Dxx       0.005716      -0.006037       0.000892       0.000912       0.000000
   25      F   Dxy       0.000000       0.000000       0.000000      -0.000000       0.000000
   26      F   Dxz      -0.000000       0.000000       0.000000       0.000000       0.000425
   27      F   Dyy       0.005716      -0.006037       0.000892       0.000912       0.000000
   28      F   Dyz       0.000000       0.000000      -0.000000      -0.000000      -0.000159
   29      F   Dzz       0.005646      -0.005962      -0.008417      -0.010863       0.000000
   30      F   Dxx       0.001915      -0.002369      -0.002052      -0.002965       0.000000
   31      F   Dxy      -0.000000      -0.000000      -0.000000       0.000000      -0.000000
   32      F   Dxz       0.000000       0.000000      -0.000000       0.000000       0.003546
   33      F   Dyy       0.001915      -0.002369      -0.002052      -0.002965       0.000000
   34      F   Dyz       0.000000      -0.000000      -0.000000      -0.000000      -0.001329
   35      F   Dzz       0.001884      -0.002277      -0.003613      -0.007420       0.000000
   36      F  Fxxx      -0.000000      -0.000000      -0.000000       0.000000      -0.010695
   37      F  Fxxy      -0.000000       0.000000      -0.000000       0.000000       0.001793
   38      F  Fxxz       0.000132      -0.000092       0.000042      -0.000152      -0.000000
   39      F  Fxyy      -0.000000      -0.000000      -0.000000       0.000000      -0.004783
   40      F  Fxyz      -0.000000      -0.000000       0.000000       0.000000      -0.000000
   41      F  Fxzz      -0.000000      -0.000000      -0.000000       0.000000      -0.004384
   42      F  Fyyy      -0.000000       0.000000      -0.000000       0.000000       0.004009
   43      F  Fyyz       0.000132      -0.000092       0.000042      -0.000152      -0.000000
   44      F  Fyzz      -0.000000       0.000000      -0.000000       0.000000       0.001643
   45      F  Fzzz       0.000283      -0.000244       0.000170      -0.000482      -0.000000
   46      F  Fxxx      -0.000000       0.000000       0.000000       0.000000      -0.012063
   47      F  Fxxy      -0.000000       0.000000      -0.000000      -0.000000       0.002022
   48      F  Fxxz       0.000102      -0.000100      -0.000391      -0.000610      -0.000000
   49      F  Fxyy      -0.000000       0.000000      -0.000000       0.000000      -0.005395
   50      F  Fxyz      -0.000000       0.000000       0.000000       0.000000      -0.000000
   51      F  Fxzz      -0.000000       0.000000       0.000000       0.000000      -0.004945
   52      F  Fyyy      -0.000000       0.000000      -0.000000      -0.000000       0.004522
   53      F  Fyyz       0.000102      -0.000100      -0.000391      -0.000610      -0.000000
   54      F  Fyzz      -0.000000       0.000000      -0.000000       0.000000       0.001854
   55      F  Fzzz       0.000320      -0.000149       0.000974      -0.000190      -0.000000
   56      F     S       0.686916       0.687032      -0.005813       0.005696       0.000000
   57      F     S      -0.007900      -0.007631       0.389226      -0.395207       0.000000
   58      F     S       0.033906       0.034163       0.111496      -0.113034       0.000000
   59      F     S      -0.011507      -0.012760       0.279919      -0.286941      -0.000000
   60      F     S      -0.000767      -0.001870       0.020112      -0.026719       0.000000
   61      F    Px      -0.000000      -0.000000       0.000000       0.000000      -0.251113
   62      F    Py       0.000000       0.000000       0.000000       0.000000       0.094123
   63      F    Pz      -0.000247      -0.000186       0.002946      -0.012960       0.000000
   64      F    Px       0.000000       0.000000      -0.000000      -0.000000      -0.277588
   65      F    Py      -0.000000      -0.000000       0.000000      -0.000000       0.104047
   66      F    Pz       0.000776       0.000625       0.003998      -0.015286       0.000000
   67      F    Px       0.000000       0.000000      -0.000000      -0.000000      -0.219502
   68      F    Py      -0.000000       0.000000      -0.000000      -0.000000       0.082275
   69      F    Pz       0.000189       0.000054      -0.000621      -0.010406       0.000000
   70      F    Px      -0.000000      -0.000000       0.000000       0.000000      -0.044913
   71      F    Py       0.000000      -0.000000       0.000000       0.000000       0.016834
   72      F    Pz      -0.000024       0.000373      -0.000193       0.000861      -0.000000
   73      F   Dxx       0.002343       0.002349       0.002506      -0.002650       0.000000
   74      F   Dxy       0.000000       0.000000       0.000000      -0.000000      -0.000000
   75      F   Dxz       0.000000      -0.000000      -0.000000       0.000000      -0.000329
   76      F   Dyy       0.002343       0.002349       0.002506      -0.002650      -0.000000
   77      F   Dyz      -0.000000       0.000000      -0.000000       0.000000       0.000123
   78      F   Dzz       0.001701       0.001714      -0.002608       0.002949      -0.000000
   79      F   Dxx       0.005716       0.006037       0.000892      -0.000912       0.000000
   80      F   Dxy      -0.000000      -0.000000      -0.000000       0.000000       0.000000
   81      F   Dxz      -0.000000      -0.000000      -0.000000       0.000000      -0.000425
   82      F   Dyy       0.005716       0.006037       0.000892      -0.000912       0.000000
   83      F   Dyz       0.000000       0.000000       0.000000       0.000000       0.000159
   84      F   Dzz       0.005647       0.005962      -0.008417       0.010863       0.000000
   85      F   Dxx       0.001915       0.002369      -0.002052       0.002965       0.000000
   86      F   Dxy      -0.000000      -0.000000      -0.000000       0.000000       0.000000
   87      F   Dxz       0.000000      -0.000000      -0.000000      -0.000000      -0.003546
   88      F   Dyy       0.001915       0.002369      -0.002052       0.002965       0.000000
   89      F   Dyz       0.000000       0.000000      -0.000000      -0.000000       0.001329
   90      F   Dzz       0.001884       0.002277      -0.003613       0.007420       0.000000
   91      F  Fxxx      -0.000000      -0.000000       0.000000       0.000000      -0.010695
   92      F  Fxxy       0.000000       0.000000      -0.000000       0.000000       0.001793
   93      F  Fxxz      -0.000132      -0.000092      -0.000042      -0.000152       0.000000
   94      F  Fxyy      -0.000000      -0.000000       0.000000       0.000000      -0.004783
   95      F  Fxyz       0.000000      -0.000000       0.000000      -0.000000      -0.000000
   96      F  Fxzz      -0.000000      -0.000000       0.000000       0.000000      -0.004384
   97      F  Fyyy       0.000000       0.000000      -0.000000       0.000000       0.004009
   98      F  Fyyz      -0.000132      -0.000092      -0.000042      -0.000152       0.000000
   99      F  Fyzz       0.000000       0.000000      -0.000000       0.000000       0.001643
  100      F  Fzzz      -0.000283      -0.000244      -0.000170      -0.000482       0.000000
  101      F  Fxxx      -0.000000      -0.000000       0.000000       0.000000      -0.012063
  102      F  Fxxy       0.000000       0.000000       0.000000       0.000000       0.002022
  103      F  Fxxz      -0.000102      -0.000100       0.000391      -0.000610       0.000000
  104      F  Fxyy      -0.000000      -0.000000       0.000000       0.000000      -0.005395
  105      F  Fxyz      -0.000000      -0.000000      -0.000000       0.000000       0.000000
  106      F  Fxzz      -0.000000      -0.000000       0.000000       0.000000      -0.004945
  107      F  Fyyy       0.000000       0.000000       0.000000       0.000000       0.004522
  108      F  Fyyz      -0.000102      -0.000100       0.000391      -0.000610       0.000000
  109      F  Fyzz       0.000000       0.000000       0.000000       0.000000       0.001854
  110      F  Fzzz      -0.000320      -0.000149      -0.000974      -0.000190      -0.000000
 
                          -0.3296        -0.3108        -0.3108        -0.0900   
 
    1      F     S      -0.000000       0.000000      -0.000000      -0.001655
    2      F     S      -0.000000       0.000000      -0.000000      -0.027236
    3      F     S      -0.000000      -0.000000       0.000000      -0.009316
    4      F     S       0.000000       0.000000      -0.000000      -0.029619
    5      F     S       0.000000       0.000000       0.000000      -0.022488
    6      F    Px      -0.094123       0.176356      -0.210613      -0.000000
    7      F    Py      -0.251113       0.210613       0.176356       0.000000
    8      F    Pz       0.000000      -0.000000      -0.000000       0.217608
    9      F    Px      -0.104047       0.194913      -0.232774       0.000000
   10      F    Py      -0.277588       0.232774       0.194913       0.000000
   11      F    Pz       0.000000      -0.000000      -0.000000       0.242007
   12      F    Px      -0.082275       0.154794      -0.184862      -0.000000
   13      F    Py      -0.219502       0.184862       0.154794       0.000000
   14      F    Pz      -0.000000      -0.000000      -0.000000       0.251479
   15      F    Px      -0.016834       0.038957      -0.046524      -0.000000
   16      F    Py      -0.044913       0.046524       0.038957       0.000000
   17      F    Pz       0.000000       0.000000       0.000000       0.137906
   18      F   Dxx       0.000000      -0.000000       0.000000      -0.000448
   19      F   Dxy      -0.000000      -0.000000       0.000000       0.000000
   20      F   Dxz       0.000123      -0.000389       0.000464       0.000000
   21      F   Dyy       0.000000      -0.000000       0.000000      -0.000448
   22      F   Dyz       0.000329      -0.000464      -0.000389       0.000000
   23      F   Dzz      -0.000000      -0.000000       0.000000       0.000939
   24      F   Dxx      -0.000000      -0.000000       0.000000      -0.001280
   25      F   Dxy       0.000000       0.000000      -0.000000       0.000000
   26      F   Dxz       0.000159      -0.001290       0.001541      -0.000000
   27      F   Dyy      -0.000000      -0.000000       0.000000      -0.001280
   28      F   Dyz       0.000425      -0.001541      -0.001290      -0.000000
   29      F   Dzz      -0.000000      -0.000000       0.000000       0.003502
   30      F   Dxx      -0.000000      -0.000000      -0.000000      -0.001232
   31      F   Dxy      -0.000000      -0.000000      -0.000000      -0.000000
   32      F   Dxz       0.001329      -0.002918       0.003485       0.000000
   33      F   Dyy      -0.000000      -0.000000      -0.000000      -0.001232
   34      F   Dyz       0.003546      -0.003485      -0.002918       0.000000
   35      F   Dzz      -0.000000      -0.000000       0.000000       0.012614
   36      F  Fxxx      -0.004009       0.007568      -0.009038      -0.000000
   37      F  Fxxy      -0.004783       0.004042       0.003384      -0.000000
   38      F  Fxxz      -0.000000       0.000000      -0.000000       0.005019
   39      F  Fxyy      -0.001793       0.003384      -0.004042      -0.000000
   40      F  Fxyz       0.000000       0.000000      -0.000000       0.000000
   41      F  Fxzz      -0.001643       0.002985      -0.003565      -0.000000
   42      F  Fyyy      -0.010695       0.009038       0.007568      -0.000000
   43      F  Fyyz      -0.000000       0.000000      -0.000000       0.005019
   44      F  Fyzz      -0.004384       0.003565       0.002985      -0.000000
   45      F  Fzzz       0.000000       0.000000      -0.000000       0.010011
   46      F  Fxxx      -0.004522       0.008547      -0.010207      -0.000000
   47      F  Fxxy      -0.005395       0.004565       0.003822      -0.000000
   48      F  Fxxz       0.000000       0.000000      -0.000000       0.004163
   49      F  Fxyy      -0.002022       0.003822      -0.004565      -0.000000
   50      F  Fxyz      -0.000000      -0.000000      -0.000000      -0.000000
   51      F  Fxzz      -0.001854       0.003363      -0.004016      -0.000000
   52      F  Fyyy      -0.012063       0.010207       0.008547      -0.000000
   53      F  Fyyz       0.000000       0.000000      -0.000000       0.004163
   54      F  Fyzz      -0.004945       0.004016       0.003363      -0.000000
   55      F  Fzzz       0.000000       0.000000      -0.000000       0.011683
   56      F     S       0.000000       0.000000       0.000000      -0.001655
   57      F     S       0.000000       0.000000       0.000000      -0.027236
   58      F     S       0.000000       0.000000       0.000000      -0.009316
   59      F     S      -0.000000      -0.000000       0.000000      -0.029619
   60      F     S      -0.000000      -0.000000      -0.000000      -0.022488
   61      F    Px      -0.094123      -0.176356       0.210613      -0.000000
   62      F    Py      -0.251113      -0.210613      -0.176356       0.000000
   63      F    Pz      -0.000000       0.000000      -0.000000      -0.217608
   64      F    Px      -0.104047      -0.194913       0.232774      -0.000000
   65      F    Py      -0.277588      -0.232774      -0.194913       0.000000
   66      F    Pz      -0.000000       0.000000      -0.000000      -0.242007
   67      F    Px      -0.082275      -0.154794       0.184862      -0.000000
   68      F    Py      -0.219502      -0.184862      -0.154794       0.000000
   69      F    Pz      -0.000000       0.000000      -0.000000      -0.251479
   70      F    Px      -0.016834      -0.038957       0.046524      -0.000000
   71      F    Py      -0.044913      -0.046524      -0.038957       0.000000
   72      F    Pz       0.000000       0.000000       0.000000      -0.137906
   73      F   Dxx       0.000000       0.000000       0.000000      -0.000448
   74      F   Dxy      -0.000000      -0.000000       0.000000      -0.000000
   75      F   Dxz      -0.000123      -0.000389       0.000464       0.000000
   76      F   Dyy      -0.000000      -0.000000      -0.000000      -0.000448
   77      F   Dyz      -0.000329      -0.000464      -0.000389       0.000000
   78      F   Dzz      -0.000000       0.000000      -0.000000       0.000939
   79      F   Dxx       0.000000       0.000000      -0.000000      -0.001280
   80      F   Dxy      -0.000000       0.000000      -0.000000       0.000000
   81      F   Dxz      -0.000159      -0.001290       0.001541      -0.000000
   82      F   Dyy       0.000000       0.000000       0.000000      -0.001280
   83      F   Dyz      -0.000425      -0.001541      -0.001290      -0.000000
   84      F   Dzz       0.000000       0.000000       0.000000       0.003502
   85      F   Dxx       0.000000       0.000000       0.000000      -0.001232
   86      F   Dxy       0.000000      -0.000000      -0.000000      -0.000000
   87      F   Dxz      -0.001329      -0.002918       0.003485       0.000000
   88      F   Dyy       0.000000       0.000000       0.000000      -0.001232
   89      F   Dyz      -0.003546      -0.003485      -0.002918       0.000000
   90      F   Dzz       0.000000       0.000000       0.000000       0.012614
   91      F  Fxxx      -0.004009      -0.007568       0.009038      -0.000000
   92      F  Fxxy      -0.004783      -0.004042      -0.003384      -0.000000
   93      F  Fxxz       0.000000      -0.000000      -0.000000      -0.005019
   94      F  Fxyy      -0.001793      -0.003384       0.004042      -0.000000
   95      F  Fxyz      -0.000000      -0.000000      -0.000000      -0.000000
   96      F  Fxzz      -0.001643      -0.002985       0.003565      -0.000000
   97      F  Fyyy      -0.010695      -0.009038      -0.007568      -0.000000
   98      F  Fyyz       0.000000      -0.000000      -0.000000      -0.005019
   99      F  Fyzz      -0.004384      -0.003565      -0.002985      -0.000000
  100      F  Fzzz       0.000000       0.000000      -0.000000      -0.010011
  101      F  Fxxx      -0.004522      -0.008547       0.010207      -0.000000
  102      F  Fxxy      -0.005395      -0.004565      -0.003822      -0.000000
  103      F  Fxxz       0.000000       0.000000      -0.000000      -0.004163
  104      F  Fxyy      -0.002022      -0.003822       0.004565      -0.000000
  105      F  Fxyz       0.000000       0.000000       0.000000      -0.000000
  106      F  Fxzz      -0.001854      -0.003363       0.004016      -0.000000
  107      F  Fyyy      -0.012063      -0.010207      -0.008547       0.000000
  108      F  Fyyz       0.000000       0.000000      -0.000000      -0.004163
  109      F  Fyzz      -0.004945      -0.004016      -0.003363       0.000000
  110      F  Fzzz       0.000000      -0.000000      -0.000000      -0.011683
 
 
  end of eigenvectors 
 
  END OF EIGENVALUES AND EIGENVECTORS
 
 
  COMPONENTS OF KINETIC ENERGY: 
 -----------------------------
 
             E-ALPHA Kinetic energy =          101.998872873894
              E-BETA Kinetic energy =           96.747794300616
                                     _________________________
               Total kinetic energy =          198.746667174509
 
  COMPONENTS OF POTENTIAL ENERGY: 
 -------------------------------
 
          Fixed potential energy    =           18.636242255843
 
  Quantum/Fixed interaction energy: 
 ----------------------------------
 
     E-ALPHA/Fixed interact. energy =         -269.246265951879
      E-BETA/Fixed interact. energy =         -251.936785387168
                                     _________________________
               Total Q/Fixed energy =         -521.183051339047
 
  Coulomb energy: 
 ------------------
 
     E-ALPHA/E-ALPHA Hartree energy =           34.684716297078
       E-BETA/E-BETA Hartree energy =           28.108056166763
      E-ALPHA/E-BETA Hartree energy =           62.377187950053
                                     _________________________
               Total Hartree energy =          125.169960413894
 
  Exchange(HF) energy: 
 ----------------------
 
            E-ALPHA Exchange energy =          -10.685893682295
             E-BETA Exchange energy =           -9.535256582553
                                     _________________________
              Total Exchange energy =          -20.221150264847
 
  TOTAL ENERGY COMPONENTS: 
 ==========================
 
          TOTAL KINETIC ENERGY      =          198.746667174509
          TOTAL POTENTIAL ENERGY    =         -397.597998934157
                                     _________________________
                       TOTAL ENERGY =         -198.851331759648
 
                 VIRIAL RATIO (V/T) =            2.000526623096
 
 
  END ENERGY COMPONENTS
 
 
** TOTAL CPU Time SCF :     11.720 (s)
** TOTAL Elapsed Time SCF :      2.925 (s)
 
 We are calculating properties for E-ALPHA in the HF/KS ground state
 We are calculating properties for E-BETA in the HF/KS ground state
 
  POPULATION ANALYSES: 
 ====================
 
 MULLIKEN Population: for E-        
 ---------------------
 
                          total          spin      
 
    1      F     S       1.941389      -0.000808
    2      F     S       1.071098       0.019614
    3      F     S       0.269330       0.006847
    4      F     S       0.707388      -0.009308
    5      F     S       0.030323      -0.003109
    6      F    Px       0.567216       0.011382
    7      F    Py       0.567216       0.011382
    8      F    Pz       0.399697       0.209446
    9      F    Px       0.800794       0.013773
   10      F    Py       0.800794       0.013773
   11      F    Pz       0.577957       0.275430
   12      F    Px       0.499747      -0.015728
   13      F    Py       0.499747      -0.015728
   14      F    Pz       0.396098       0.044730
   15      F    Px       0.051147      -0.007216
   16      F    Py       0.051147      -0.007216
   17      F    Pz       0.075318      -0.047932
   18      F   Dxx       0.002666      -0.002960
   19      F   Dxy       0.000000       0.000000
   20      F   Dxz       0.000002      -0.000002
   21      F   Dyy       0.002666      -0.002960
   22      F   Dyz       0.000002      -0.000002
   23      F   Dzz       0.002023       0.006114
   24      F   Dxx      -0.004909      -0.007098
   25      F   Dxy      -0.000000      -0.000000
   26      F   Dxz       0.000036      -0.000016
   27      F   Dyy      -0.004909      -0.007098
   28      F   Dyz       0.000036      -0.000016
   29      F   Dzz      -0.006803       0.009738
   30      F   Dxx      -0.004937      -0.002176
   31      F   Dxy       0.000000       0.000000
   32      F   Dxz       0.000136      -0.000070
   33      F   Dyy      -0.004937      -0.002176
   34      F   Dyz       0.000136      -0.000070
   35      F   Dzz      -0.004158      -0.003447
   36      F  Fxxx       0.023284      -0.002067
   37      F  Fxxy       0.007761      -0.000689
   38      F  Fxxz       0.004333       0.000575
   39      F  Fxyy       0.007761      -0.000689
   40      F  Fxyz       0.000000       0.000000
   41      F  Fxzz       0.009687       0.002103
   42      F  Fyyy       0.023284      -0.002067
   43      F  Fyyz       0.004333       0.000575
   44      F  Fyzz       0.009687       0.002103
   45      F  Fzzz       0.019353       0.009209
   46      F  Fxxx       0.023666      -0.001860
   47      F  Fxxy       0.007889      -0.000620
   48      F  Fxxz       0.004228       0.000891
   49      F  Fxyy       0.007889      -0.000620
   50      F  Fxyz       0.000000      -0.000000
   51      F  Fxzz       0.008634       0.001010
   52      F  Fyyy       0.023666      -0.001860
   53      F  Fyyz       0.004228       0.000891
   54      F  Fyzz       0.008634       0.001010
   55      F  Fzzz       0.018225       0.005011
   56      F     S       1.941389      -0.000808
   57      F     S       1.071098       0.019614
   58      F     S       0.269330       0.006847
   59      F     S       0.707388      -0.009308
   60      F     S       0.030323      -0.003109
   61      F    Px       0.567216       0.011382
   62      F    Py       0.567216       0.011382
   63      F    Pz       0.399697       0.209446
   64      F    Px       0.800794       0.013773
   65      F    Py       0.800794       0.013773
   66      F    Pz       0.577957       0.275430
   67      F    Px       0.499747      -0.015728
   68      F    Py       0.499747      -0.015728
   69      F    Pz       0.396098       0.044730
   70      F    Px       0.051147      -0.007216
   71      F    Py       0.051147      -0.007216
   72      F    Pz       0.075318      -0.047932
   73      F   Dxx       0.002666      -0.002960
   74      F   Dxy       0.000000       0.000000
   75      F   Dxz       0.000002      -0.000002
   76      F   Dyy       0.002666      -0.002960
   77      F   Dyz       0.000002      -0.000002
   78      F   Dzz       0.002023       0.006114
   79      F   Dxx      -0.004909      -0.007098
   80      F   Dxy       0.000000       0.000000
   81      F   Dxz       0.000036      -0.000016
   82      F   Dyy      -0.004909      -0.007098
   83      F   Dyz       0.000036      -0.000016
   84      F   Dzz      -0.006803       0.009738
   85      F   Dxx      -0.004937      -0.002176
   86      F   Dxy       0.000000      -0.000000
   87      F   Dxz       0.000136      -0.000070
   88      F   Dyy      -0.004937      -0.002176
   89      F   Dyz       0.000136      -0.000070
   90      F   Dzz      -0.004158      -0.003447
   91      F  Fxxx       0.023284      -0.002067
   92      F  Fxxy       0.007761      -0.000689
   93      F  Fxxz       0.004333       0.000575
   94      F  Fxyy       0.007761      -0.000689
   95      F  Fxyz       0.000000      -0.000000
   96      F  Fxzz       0.009687       0.002103
   97      F  Fyyy       0.023284      -0.002067
   98      F  Fyyz       0.004333       0.000575
   99      F  Fyzz       0.009687       0.002103
  100      F  Fzzz       0.019353       0.009209
  101      F  Fxxx       0.023666      -0.001860
  102      F  Fxxy       0.007889      -0.000620
  103      F  Fxxz       0.004228       0.000891
  104      F  Fxyy       0.007889      -0.000620
  105      F  Fxyz       0.000000       0.000000
  106      F  Fxzz       0.008634       0.001010
  107      F  Fyyy       0.023666      -0.001860
  108      F  Fyyz       0.004228       0.000891
  109      F  Fyzz       0.008634       0.001010
  110      F  Fzzz       0.018225       0.005011
 
                           __________     __________
              Total =       19.000000       1.000000
 
  Atomic MULLIKEN Population: for E-        
            F                9.500000       0.500000
            F                9.500000       0.500000
 
 ...end of MULLIKEN Population
 
 
 END POPULATION ANALYSES 
 
 
  POPULATION ANALYSES: 
 ====================
 
 LOWDIN Population: for E-        
 ---------------------
 
                          total          spin      
 
    1      F     S       1.574891      -0.000111
    2      F     S       0.615737       0.005982
    3      F     S       0.417249       0.004685
    4      F     S       0.295779      -0.003496
    5      F     S       0.075641      -0.002570
    6      F    Px       0.509510       0.010969
    7      F    Py       0.509510       0.010969
    8      F    Pz       0.359037       0.191665
    9      F    Px       0.378000       0.004321
   10      F    Py       0.378000       0.004321
   11      F    Pz       0.271599       0.126109
   12      F    Px       0.279283      -0.009185
   13      F    Py       0.279283      -0.009185
   14      F    Pz       0.224818       0.005441
   15      F    Px       0.069387      -0.006651
   16      F    Py       0.069387      -0.006651
   17      F    Pz       0.090715      -0.036676
   18      F   Dxx       0.159180      -0.000038
   19      F   Dxy      -0.000000      -0.000000
   20      F   Dxz       0.000002      -0.000001
   21      F   Dyy       0.159180      -0.000038
   22      F   Dyz       0.000002      -0.000001
   23      F   Dzz       0.158326       0.009412
   24      F   Dxx       0.151621      -0.005485
   25      F   Dxy      -0.000000       0.000000
   26      F   Dxz       0.000020      -0.000011
   27      F   Dyy       0.151621      -0.005485
   28      F   Dyz       0.000020      -0.000011
   29      F   Dzz       0.148197       0.007202
   30      F   Dxx       0.026063      -0.002811
   31      F   Dxy       0.000000       0.000000
   32      F   Dxz       0.002196      -0.000210
   33      F   Dyy       0.026063      -0.002811
   34      F   Dyz       0.002196      -0.000210
   35      F   Dzz       0.036434       0.003114
   36      F  Fxxx       0.237281       0.002142
   37      F  Fxxy       0.103543       0.001009
   38      F  Fxxz       0.072887       0.034668
   39      F  Fxyy       0.103543       0.001009
   40      F  Fxyz       0.000000       0.000000
   41      F  Fxzz       0.105083       0.003067
   42      F  Fyyy       0.237281       0.002142
   43      F  Fyyz       0.072887       0.034668
   44      F  Fyzz       0.105083       0.003067
   45      F  Fzzz       0.172514       0.083889
   46      F  Fxxx       0.170146      -0.003654
   47      F  Fxxy       0.072915      -0.001615
   48      F  Fxxz       0.054902       0.013026
   49      F  Fxyy       0.072915      -0.001615
   50      F  Fxyz       0.000000      -0.000000
   51      F  Fxzz       0.072634      -0.000181
   52      F  Fyyy       0.170146      -0.003654
   53      F  Fyyz       0.054902       0.013026
   54      F  Fyzz       0.072634      -0.000181
   55      F  Fzzz       0.129758       0.026636
   56      F     S       1.574891      -0.000111
   57      F     S       0.615737       0.005982
   58      F     S       0.417249       0.004685
   59      F     S       0.295779      -0.003496
   60      F     S       0.075641      -0.002570
   61      F    Px       0.509510       0.010969
   62      F    Py       0.509510       0.010969
   63      F    Pz       0.359037       0.191665
   64      F    Px       0.378000       0.004321
   65      F    Py       0.378000       0.004321
   66      F    Pz       0.271599       0.126109
   67      F    Px       0.279283      -0.009185
   68      F    Py       0.279283      -0.009185
   69      F    Pz       0.224818       0.005441
   70      F    Px       0.069387      -0.006651
   71      F    Py       0.069387      -0.006651
   72      F    Pz       0.090715      -0.036676
   73      F   Dxx       0.159180      -0.000038
   74      F   Dxy      -0.000000       0.000000
   75      F   Dxz       0.000002      -0.000001
   76      F   Dyy       0.159180      -0.000038
   77      F   Dyz       0.000002      -0.000001
   78      F   Dzz       0.158326       0.009412
   79      F   Dxx       0.151621      -0.005485
   80      F   Dxy      -0.000000       0.000000
   81      F   Dxz       0.000020      -0.000011
   82      F   Dyy       0.151621      -0.005485
   83      F   Dyz       0.000020      -0.000011
   84      F   Dzz       0.148197       0.007202
   85      F   Dxx       0.026063      -0.002811
   86      F   Dxy       0.000000      -0.000000
   87      F   Dxz       0.002196      -0.000210
   88      F   Dyy       0.026063      -0.002811
   89      F   Dyz       0.002196      -0.000210
   90      F   Dzz       0.036434       0.003114
   91      F  Fxxx       0.237281       0.002142
   92      F  Fxxy       0.103543       0.001009
   93      F  Fxxz       0.072887       0.034668
   94      F  Fxyy       0.103543       0.001009
   95      F  Fxyz       0.000000       0.000000
   96      F  Fxzz       0.105083       0.003067
   97      F  Fyyy       0.237281       0.002142
   98      F  Fyyz       0.072887       0.034668
   99      F  Fyzz       0.105083       0.003067
  100      F  Fzzz       0.172514       0.083889
  101      F  Fxxx       0.170146      -0.003654
  102      F  Fxxy       0.072915      -0.001615
  103      F  Fxxz       0.054902       0.013026
  104      F  Fxyy       0.072915      -0.001615
  105      F  Fxyz       0.000000       0.000000
  106      F  Fxzz       0.072634      -0.000181
  107      F  Fyyy       0.170146      -0.003654
  108      F  Fyyz       0.054902       0.013026
  109      F  Fyzz       0.072634      -0.000181
  110      F  Fzzz       0.129758       0.026636
 
                           __________     __________
              Total =       19.000000       1.000000
 
  Atomic LOWDIN Population: for E-        
            F                9.500000       0.500000
            F                9.500000       0.500000
 
 ...end of LOWDIN Population
 
 
 END POPULATION ANALYSES 
 
 
  EXPECTED POSITIONS OF QUANTUM SPECIES:
 ======================
 
 POSITIONS IN ANGSTROMS
 ------
 
                        <x>      <y>      <z>         
            E-ALPHA   0.0000   0.0000  11.5000
             E-BETA   0.0000   0.0000  10.3500
 
 END EXPECTED POSITIONS
 
 
  ELECTROSTATIC MOMENTS:
 ======================
 
 
 DIPOLE: (A.U.)
 ------
 
                           <Dx>         <Dy>         <Dz>          |D|
            E-ALPHA  -0.00000000  -0.00000000 -21.73184886
             E-BETA  -0.00000000  -0.00000000 -19.55866396
    Point charges:    0.00000000   0.00000000  39.11732795
                     ____________________________
      Total Dipole:  -0.00000000  -0.00000000  -2.17318487   2.17318487
 
 DIPOLE: (DEBYE)
 ------
 
                           <Dx>         <Dy>         <Dz>          |D|
            E-ALPHA  -0.00000000  -0.00000000 -55.23684294
             E-BETA  -0.00000000  -0.00000000 -49.71315862
    Point charges:    0.00000000   0.00000000  99.42631729
                     ____________________________
      Total Dipole:  -0.00000000  -0.00000000  -5.52368427   5.52368427
 
 QUADRUPOLE NON-TRACELESS: (DEBYE ANGS)
 ------
 
                           <xx>         <yy>         <zz>         <xy>         <xz>         <yz>
            E-ALPHA   -5.72099241   -5.72099241 -133.34172773    0.00000000    0.00000000    0.00000000
             E-BETA   -6.11363761   -6.11363761 -119.81998249    0.00000000   -0.00000000   -0.00000000
    Point charges:     0.00000000    0.00000000  228.68050369    0.00000000    0.00000000    0.00000000
  Total Quadrupole:  -11.83463002  -11.83463002  -24.48120653    0.00000000    0.00000000    0.00000000
                     ____________________________
 
 END ELECTROSTATIC MOMENTS
 
 
 BEGIN FOUR-INDEX INTEGRALS TRANFORMATION:
 ========================================
 Selected method: C         
 
 --------------------------------------------------
    4N^5 Algorithm Four-index integral tranformation
 --------------------------------------------------
 
 Integrals transformation for: E-ALPHA
 
              Transformation boundaries 
                 orbital lower upper
                       p     1    10
                       q    11   110
                       r     1    10
                       s    11   110
 
         Loading AO integrals time(s):  0.244E-01
      Integral transformation time(s):  0.241E+01
       Non-zero transformed integrals:       262254
 
 Inter-species integrals transformation for: E-ALPHA/E-BETA
 
              Transformation boundaries 
                 orbital lower upper
                       p     1     9
                       q    10   110
                       r     1    10
                       s    11   110
 
         Loading AO integrals time(s):  0.283E-01
      Integral transformation time(s):  0.106E+02
 Non zero transformed coupling integrals:       308424
 
 Integrals transformation for: E-BETA
 
              Transformation boundaries 
                 orbital lower upper
                       p     1     9
                       q    10   110
                       r     1     9
                       s    10   110
 
         Loading AO integrals time(s):  0.249E-01
      Integral transformation time(s):  0.229E+01
       Non-zero transformed integrals:       158698
 
** TOTAL Elapsed Time for integrals transformation :     15.659 (s)
 
 
  POST HARTREE-FOCK CALCULATION
  MANY-BODY PERTURBATION THEORY:
 ==============================
 
              MOLLER-PLESSET FORMALISM 
               ORDER OF CORRECTION =     2
 
                E(0) + E(1) =    -198.851331759648
                       E(2) =      -0.584407006338
                             ____________________
                     E(MP2) =    -199.435738765986
 
              -----------------------------------
               E(n){ Specie }     E(n) / Hartree 
              -----------------------------------
 
            E(2){ E-ALPHA } =      -0.076274792876
             E(2){ E-BETA } =      -0.077790052852
 
     E(2){ E-ALPHA/E-BETA } =      -0.430342160610
 
** TOTAL CPU Time HF-MBPT :      0.579 (s)
** TOTAL Elapsed Time HF-MBPT :      0.344 (s)
 

  TOTAL CPU Time:      0.194 (s)
 TOTAL Wall Time:     18.990 (s)
  Elapsed Time:   0h  0m 18s 989ms
LOWDIN execution terminated normally at : Tue Feb  4 16:55:40 2025
-rw-rw-r-- 1 pohl pohl  46M feb  4 16:55 0E-ALPHA.E-BETA.ints
-rw-rw-r-- 1 pohl pohl  23M feb  4 16:55 0E-ALPHA.ints
-rw-rw-r-- 1 pohl pohl  45M feb  4 16:55 1E-ALPHA.E-BETA.ints
-rw-rw-r-- 1 pohl pohl  23M feb  4 16:55 1E-ALPHA.ints
-rw-rw-r-- 1 pohl pohl  46M feb  4 16:55 2E-ALPHA.E-BETA.ints
-rw-rw-r-- 1 pohl pohl  23M feb  4 16:55 2E-ALPHA.ints
-rw-rw-r-- 1 pohl pohl  45M feb  4 16:55 3E-ALPHA.E-BETA.ints
-rw-rw-r-- 1 pohl pohl  23M feb  4 16:55 3E-ALPHA.ints
-rw-rw-r-- 1 pohl pohl   12 feb  4 16:55 E-ALPHA.E-BETA.nints
-rw-rw-r-- 1 pohl pohl 6.2M feb  4 16:55 E-ALPHAmoint.dat
-rw-rw-r-- 1 pohl pohl 7.6M feb  4 16:55 E-BETA.E-ALPHAmoint.dat
-rw-rw-r-- 1 pohl pohl 6.2M feb  4 16:55 E-BETAmoint.dat
-rw-rw-r-- 1 pohl pohl   63 feb  4 16:55 gepol.inp
-rw-rw-r-- 1 pohl pohl  182 feb  4 16:55 gepol.xyzr
-rw-rw-r-- 1 pohl pohl  13K feb  4 16:55 lowdin.bas
-rw-rw-r-- 1 pohl pohl  16K feb  4 16:55 lowdin.dat
-rw-rw-r-- 1 pohl pohl 2.3M feb  4 16:55 lowdin.opints
-rw-rw-r-- 1 pohl pohl  46K feb  4 16:55 lowdin.sys
-rw-rw-r-- 1 pohl pohl 2.1M feb  4 16:55 lowdin.wfn
-rw-rw-r-- 1 pohl pohl  258 feb  4 16:55 usual_9
-rw-rw-r-- 1 pohl pohl 1.1K feb  4 16:55 usual_9.aux
-rw-rw-r-- 1 pohl pohl  266 feb  4 16:55 usual_9.lowdin
-rw-rw-r-- 1 pohl pohl  82K feb  4 16:55 usual_9.out
-rw-rw-r-- 1 pohl pohl 192K feb  4 16:55 usual_9.vec
