Begin job by input: usual_7.lowdin, for user:   at  mar 04 feb 2025 16:54:42 -05
under operating system Linux helios 5.19.0-46-generic #47-Ubuntu SMP PREEMPT_DYNAMIC Fri Jun 16 13:30:11 UTC 2023 x86_64 x86_64 x86_64 GNU/Linux
Compilation information
  commit: f31d3924f6ee2ce9d77f07edcc1ba27359319d14
  compilation date:  mar 17 sep 2024 16:16:17 -05

BEGIN INPUT INFO:
------------------------------------

GEOMETRY
	e-(F)	AUG-CC-PVTZ 0.0 0.0 0.0 multiplicity=2 addParticles=1 
	e-(F)	AUG-CC-PVTZ 0.0 0.0 1.9 
	F	Dirac 0.0 0.0 0.0
	F	Dirac 0.0 0.0 1.9
END GEOMETRY

TASKS
        method = "UHF"
	mollerPlessetCorrection=2
END TASKS

CONTROL
	units="ANGS"
END CONTROL






... END INPUT INFO


 LOWDIN execution started at : Tue Feb  4 16:54:42 2025
 ---------------------------------------------------------------
 
 ***************************************************************
 *                   LOWDIN 2.0  (May/2013)                    *
 *                                                             *
 *  R. FLORES-MORENO, E. F. POSADA, F. S. MONCADA, J.ROMERO,   *
 *  J. CHARRY, M. DIAZ-TINOCO, S. A. GONZALEZ, N. F. AGUIRRE,  *
 *  A. REYES                                                   *
 *                                                             *
 *  https://sites.google.com/site/lowdinproject/               *
 *                                                             *
 ***************************************************************
 
 PARSING INPUT... DONE!
 
 LOWDIN IS RUNNING WITH NEXT PARAMETERS: 
 ----------------------------------------
 
         METHOD TYPE:  UHF
         NUMBER OF CORES:     4
         MOLLER PLESSET CORRECTION:      2
         NONELECTRONIC DENSITY GUESS: HCORE
         ELECTRONIC DENSITY GUESS: HCORE
         CRITERIUM OF CONVERGENCE: ENERGY
         NONELECTRONIC ENERGY TOLERANCE IN SCFs:     0.10000E-07
         ELECTRONIC ENERGY TOLERANCE IN SCFs:     0.10000E-07
         TOTAL ENERGY TOLERANCE IN SCFs:     0.10000E-07
         SCHEME OF ITERATION: GLOBAL ITERATIONS
         SCF MAX. SUBITERATIONS - NONELECTRONS :     1
         SCF MAX. SUBITERATIONS - ELECTRONS :     1
         SCF MAX. ITERATIONS - INTERSPECIES :   200
         INTEGRAL STORAGE: DISK
         STACK SIZE FOR ERIS : 30000
         METHOD OF SCF CONVERGENCE: DAMPING
 
  MOLECULAR SYSTEM: usual_7
 -----------------
 
    DESCRIPTION   : usual_7
    CHARGE        :   0
    PUNTUAL GROUP : NONE
 
 
  INFORMATION OF PARTICLES :
 =========================
         Total number of particles   =      21
         Number of quantum particles =      19
         Number of puntual charges   =       2
         Number of quantum species   =       2
 
                 INFORMATION OF QUANTUM SPECIES 
    ----------------------------------------------------------------------
         ID      Symbol            mass     charge      omega     spin     multiplicity
    ----------------------------------------------------------------------
         1        E-ALPHA         1.0000     -1.00      0.00      0.50      2.00
         2         E-BETA         1.0000     -1.00      0.00      0.50      2.00
 
                   CONSTANTS OF COUPLING 
      ------------------------------------------------------------
              Symbol      kappa        eta     lambda occupation
      ------------------------------------------------------------
             E-ALPHA      -1.00       1.00       1.00      10.00
              E-BETA      -1.00       1.00       1.00       9.00
 
                   BASIS SET FOR SPECIES 
      ------------------------------------------------------------
           Symbol          N. Basis     N. Particles     Basis Set
      ------------------------------------------------------------
            E-ALPHA           28               10     AUG-CC-PVT
             E-BETA           28                9     AUG-CC-PVT
 
                                ATOMIC BASIS
         ------------------------------------------------------------
          PRIMITIVE   SHELL             EXPONENT         COEFFICIENT 
         ------------------------------------------------------------
 
    BEGIN DESCRIPTION OF BASIS FOR: E-ALP
    ==============================
 
 
             F BASIS SET:    AUG-CC-PVTZ
             1         S            19500.00000000          0.00050700
             2         S             2923.00000000          0.00392300
             3         S              664.50000000          0.02020000
             4         S              187.50000000          0.07901000
             5         S               60.62000000          0.23043900
             6         S               21.42000000          0.43287200
             7         S                7.95000000          0.34996400
             8         S                0.88150000         -0.00789200
             1         S            19500.00000000         -0.00011700
             2         S             2923.00000000         -0.00091200
             3         S              664.50000000         -0.00471700
             4         S              187.50000000         -0.01908600
             5         S               60.62000000         -0.05965500
             6         S               21.42000000         -0.14001000
             7         S                7.95000000         -0.17678200
             8         S                0.88150000          0.60504300
             1         S                2.25700000          1.00000000
             1         S                0.30410000          1.00000000
             1         S                0.09158000          1.00000000
             1         P               43.88000000          0.01666500
             2         P                9.92600000          0.10447200
             3         P                2.93000000          0.31726000
             1         P                0.91320000          1.00000000
             1         P                0.26720000          1.00000000
             1         P                0.07361000          1.00000000
             1         D                3.10700000          1.00000000
             1         D                0.85500000          1.00000000
             1         D                0.29200000          1.00000000
             1         F                1.91700000          1.00000000
             1         F                0.72400000          1.00000000
 
             F BASIS SET:    AUG-CC-PVTZ
             1         S            19500.00000000          0.00050700
             2         S             2923.00000000          0.00392300
             3         S              664.50000000          0.02020000
             4         S              187.50000000          0.07901000
             5         S               60.62000000          0.23043900
             6         S               21.42000000          0.43287200
             7         S                7.95000000          0.34996400
             8         S                0.88150000         -0.00789200
             1         S            19500.00000000         -0.00011700
             2         S             2923.00000000         -0.00091200
             3         S              664.50000000         -0.00471700
             4         S              187.50000000         -0.01908600
             5         S               60.62000000         -0.05965500
             6         S               21.42000000         -0.14001000
             7         S                7.95000000         -0.17678200
             8         S                0.88150000          0.60504300
             1         S                2.25700000          1.00000000
             1         S                0.30410000          1.00000000
             1         S                0.09158000          1.00000000
             1         P               43.88000000          0.01666500
             2         P                9.92600000          0.10447200
             3         P                2.93000000          0.31726000
             1         P                0.91320000          1.00000000
             1         P                0.26720000          1.00000000
             1         P                0.07361000          1.00000000
             1         D                3.10700000          1.00000000
             1         D                0.85500000          1.00000000
             1         D                0.29200000          1.00000000
             1         F                1.91700000          1.00000000
             1         F                0.72400000          1.00000000
    ... END DESCRIPTION OF BASIS
 
 
  END INFORMATION OF PARTICLES
 
 
  INFORMATION OF THE QUANTUM SYSTEM 
     ---------------------------------------------------------------------
                 ID     Occupied Orbitals     Basis size
     ---------------------------------------------------------------------
            E-ALPHA           10              110
             E-BETA            9              110
 
  END INFORMATION OF QUANTUM SYSTEM
 
                       INITIAL GEOMETRY: AMSTRONG
                 -----------------------------------
                       <x>                 <y>                 <z>
  E-ALPHAF        0.0000000000        0.0000000000        0.0000000000
  E-ALPHAF        0.0000000000        0.0000000000        1.9000000000
         F        0.0000000000        0.0000000000        0.0000000000
         F        0.0000000000        0.0000000000        1.9000000000
 
                     MATRIX OF DISTANCE: ANGSTROM
                 -----------------------------------
                          F(1)           F(2)      
 
        F(1)             0.000000       1.900000
        F(2)             1.900000       0.000000
 
--------------------------------------------------------------------------------
** PROGRAM: SCF (Hartree Fock).     Author: S.A. Gonzalez, E. Posada, F. Moncada
--------------------------------------------------------------------------------
INFO: RUNNING IN UHF MODE.
 
----------------------------------------------------------------------
** PROGRAM INTS                          Author: E. F. Posada, 2013   
----------------------------------------------------------------------
INFO: RUNNING IN ONE_PARTICLE MODE.
 
 Number of Overlap integrals for species E-ALPHA:  12100
 Number of Overlap integrals for species E-BETA:  12100
 Number of Kinetic integrals for species E-ALPHA:  12100
 Number of Kinetic integrals for species E-BETA:  12100
 Number of Nuclear integrals for species E-ALPHA:  12100
 Number of Nuclear integrals for species E-BETA:  12100
 Number of Moment integrals for species E-ALPHA:  36300
 Number of Moment integrals for species E-BETA:  36300
 
** TOTAL CPU Time INTS :      0.432 (s)
** TOTAL Elapsed Time INTS :      0.195 (s)
 
       Usign  HCORE density guess for species:    E-ALPHA
     number of    E-ALPHA     particles in guess density matrix:    10.000000
       Usign  HCORE density guess for species:     E-BETA
     number of     E-BETA     particles in guess density matrix:     9.000000
 Number of unique integrals for species: 1 = 4330843
 Number of unique integrals for species: 1 / 2 = 8655997 Screened: 0
 
 TWO-BODY INTEGRAL SETUP: 
------------------------- 
 Storage:   DISK
 Scheme: LIBINT
 Stack size:  30000
 
 LIBINT library, Fermann, J. T.; Valeev, F. L. 2010                   
 LOWDIN-LIBINT Implementation V. 2.1  Posada E. F. ; Reyes A. 2016   
 ----------------------------------------------------------------------

*** TOTAL CPU time intra-species integrals :      1.247 (s)
*** TOTAL elapsed time intra-species integrals :      0.277 (s)


*** TOTAL CPU time inter-species integrals :      2.763 (s)
*** TOTAL elapsed time inter-species integrals :      0.662 (s)

INFO: RUNNING SCHEME SIMULTANEOUS
 
 Begin Multi-Species SCF calculation:
 
 --------------------------------------------------------------------------------------------------
      Iteration                   Energy            Energy Change           Density Change
 --------------------------------------------------------------------------------------------------
              1        -172.157186010641         172.157186010641           0.483182669179
              2        -168.142329505383          -4.014856505259           0.442689383353
              3        -193.683173635529          25.540844130146           0.058506992234
              4        -198.215873548029           4.532699912500           0.012680531519
              5        -198.558737359897           0.342863811868           0.006371781017
              6        -198.833601226277           0.274863866379           0.002781650716
              7        -198.852762313019           0.019161086742           0.000556609999
              8        -198.860770809129           0.008008496110           0.000365410566
              9        -198.861635648337           0.000864839208           0.000220420556
             10        -198.861921699813           0.000286051477           0.000092958923
             11        -198.861988388355           0.000066688541           0.000062943033
             12        -198.862008186940           0.000019798585           0.000028726667
             13        -198.862014276529           0.000006089589           0.000019795791
             14        -198.862016173536           0.000001897007           0.000009376202
             15        -198.862016769359           0.000000595823           0.000006117625
             16        -198.862016960619           0.000000191260           0.000002913103
             17        -198.862017018217           0.000000057598           0.000001941934
             18        -198.862017036401           0.000000018184           0.000000940837
             19        -198.862017042163           0.000000005762           0.000000624558
 Total energy converged after  19 global iterations                                                  
 
 ...end Multi-Species SCF calculation
 
 
 Begin SCF calculation by: E-ALPHA
 -------------------------
 
 -----------------------------------------------------------------------------------
 Iteration                   Energy           Density Change         DIIS Error 
 -----------------------------------------------------------------------------------
    1        -105.202074606746           0.317045816939                 -- 
    2         -96.703790440859           0.039740680525                 -- 
    3         -77.376741961185           0.006544312234                 -- 
    4         -84.521343375025           0.003495450322                 -- 
    5         -82.712944582160           0.001443495101                 -- 
    6         -81.393840935375           0.000271404644                 -- 
    7         -81.684820166356           0.000161918430                 -- 
    8         -81.862844818837           0.000073754780                 -- 
    9         -81.764425780911           0.000035308239                 -- 
   10         -81.801929306062           0.000025398309                 -- 
   11         -81.782193028903           0.000009845504                 -- 
   12         -81.794591379279           0.000007495043                 -- 
   13         -81.787817934305           0.000003258033                 -- 
   14         -81.791896539577           0.000002123781                 -- 
   15         -81.789705780721           0.000000993256                 -- 
   16         -81.790921164363           0.000000714050                 -- 
   17         -81.790269513330           0.000000327705                 -- 
   18         -81.790676503364           0.000000231107                 -- 
 
 ... end SCF calculation
 
 Begin SCF calculation by: E-BETA
 -------------------------
 
 -----------------------------------------------------------------------------------
 Iteration                   Energy           Density Change         DIIS Error 
 -----------------------------------------------------------------------------------
    1         -96.150572896036           0.125643566415                 -- 
    2         -88.652855730545           0.018766311709                 -- 
    3         -71.103857334870           0.006136219285                 -- 
    4         -77.419330383237           0.002876330695                 -- 
    5         -75.895194549511           0.001338155615                 -- 
    6         -74.715285310228           0.000285205354                 -- 
    7         -74.967582489054           0.000203492136                 -- 
    8         -75.138423486655           0.000146665776                 -- 
    9         -75.064406404608           0.000057650684                 -- 
   10         -75.094107510196           0.000037544724                 -- 
   11         -75.074864559406           0.000018881163                 -- 
   12         -75.085191703863           0.000012300748                 -- 
   13         -75.078799105152           0.000006118169                 -- 
   14         -75.082324839321           0.000003993845                 -- 
   15         -75.080352496396           0.000001919847                 -- 
   16         -75.081353664533           0.000001227884                 -- 
   17         -75.080727659989           0.000000613132                 -- 
   18         -75.081066639987           0.000000393452                 -- 
 
 ... end SCF calculation
 
  EIGENVALUES AND EIGENVECTORS: 
 ==============================
 
 
  Eigenvalues for: E-ALPHA
 -----------------
 
    1         -25.995833244078
    2         -25.995802470952
    3          -1.286728204704
    4          -1.230126307872
    5          -0.464550212874
    6          -0.355800712421
    7          -0.355800712421
    8          -0.322100639154
    9          -0.313703330184
   10          -0.313703330184
   11           0.329535875780
   12           0.360503004976
   13           0.395422445834
   14           0.395422445834
   15           0.430539409294
   16           0.430539409294
   17           0.469277525772
   18           0.595923178553
   19           1.066176772822
   20           1.101107382443
   21           1.101107382508
   22           1.134070527574
   23           1.134070527574
   24           1.161707966557
   25           1.200159073831
   26           1.200159073831
   27           1.224693273161
   28           1.242959885402
   29           1.242959885402
   30           1.258268177197
   31           1.258268177288
   32           1.342373209640
   33           1.496074468740
   34           1.564260781087
   35           1.564260781087
   36           2.042962345058
   37           2.646363429140
   38           2.878055394842
   39           2.878055394842
   40           3.025496140426
   41           3.047347842760
   42           3.053726147769
   43           3.053726148503
   44           3.072555451747
   45           3.072555451747
   46           3.094321957322
   47           3.094321957322
   48           3.161104214432
   49           3.161104215062
   50           3.197248923846
   51           3.197248924694
   52           3.208861844633
   53           3.208861844633
   54           3.219582403274
   55           3.269105045421
   56           3.269105045421
   57           3.276007502911
   58           3.276007502911
   59           3.325587938023
   60           3.325587938023
   61           3.434443947108
   62           3.503755979859
   63           3.503755982693
   64           3.771385117337
   65           4.072964005703
   66           4.072964005703
   67           4.077732385323
   68           4.679726241061
   69           5.286710118732
   70           6.160526339451
   71           7.649993475253
   72           7.649993475253
   73           7.749875404192
   74           7.749875404192
   75           7.757168714445
   76           7.996436432837
   77           9.035849028660
   78           9.035849029930
   79           9.080665725838
   80           9.080665725838
   81           9.130398926346
   82           9.130398926346
   83           9.170347173974
   84           9.170347173974
   85           9.268358052967
   86           9.268358059188
   87           9.317919264252
   88           9.573628160657
   89           9.573628160657
   90           9.595192925018
   91           9.595192934711
   92           9.618861176994
   93           9.618861176994
   94           9.626163116418
   95           9.640759492404
   96           9.640759502015
   97           9.674192524381
   98           9.674192524381
   99           9.929741894676
  100          10.322131662858
  101          14.806751108497
  102          15.102929040212
  103          17.887505934824
  104          17.887505934830
  105          18.251947061127
  106          18.251947061132
  107          18.707152068152
  108          19.335350125000
  109          23.678930922223
  110          24.031178752544
 
 
  Eigenvalues for: E-BETA
 -----------------
 
    1         -25.961223796602
    2         -25.961145235097
    3          -1.176622432076
    4          -1.108809535936
    5          -0.321560984150
    6          -0.321560984150
    7          -0.274855966632
    8          -0.274855966632
    9          -0.136668241025
   10           0.283382684466
   11           0.363456755665
   12           0.397476707335
   13           0.397476707335
   14           0.408740822536
   15           0.431972839443
   16           0.431972839443
   17           0.478333102127
   18           0.600910798743
   19           1.074885758407
   20           1.096198994157
   21           1.096198994202
   22           1.129141106813
   23           1.129141106813
   24           1.207647595046
   25           1.209473164530
   26           1.209473164530
   27           1.252817156396
   28           1.252817156396
   29           1.254879293137
   30           1.254879293238
   31           1.272361630686
   32           1.357191445378
   33           1.541132140584
   34           1.569470446915
   35           1.569470446915
   36           2.053241443992
   37           2.684549437263
   38           2.885370255366
   39           2.885370255366
   40           3.055429650373
   41           3.055429650831
   42           3.082196090736
   43           3.089902343587
   44           3.090585860328
   45           3.090585860328
   46           3.109599363173
   47           3.109599363173
   48           3.168538696367
   49           3.168538696930
   50           3.205163394620
   51           3.205163395476
   52           3.206785089412
   53           3.206785089412
   54           3.274194059746
   55           3.274194059746
   56           3.280670087441
   57           3.316998251334
   58           3.316998251334
   59           3.360095794970
   60           3.360095794970
   61           3.483427614804
   62           3.508698361459
   63           3.508698364026
   64           3.820545494444
   65           4.084698277827
   66           4.084698277827
   67           4.100647055511
   68           4.708393209120
   69           5.294321854055
   70           6.169468151523
   71           7.666753464682
   72           7.666753464683
   73           7.765710524266
   74           7.765710524267
   75           7.839820588566
   76           8.072204424399
   77           9.063354616695
   78           9.063354616840
   79           9.124723339305
   80           9.124723339305
   81           9.137006520161
   82           9.137006520161
   83           9.176989330838
   84           9.176989330838
   85           9.296857004217
   86           9.296857010697
   87           9.389140730347
   88           9.612268136942
   89           9.612268136942
   90           9.613210416186
   91           9.613210425781
   92           9.657449202761
   93           9.657449212270
   94           9.672975515554
   95           9.685570789517
   96           9.685570789517
   97           9.744630389575
   98           9.744630389575
   99           9.989043555483
  100          10.398524277195
  101          14.824962844930
  102          15.119107759280
  103          17.891928178855
  104          17.891928178862
  105          18.256706544173
  106          18.256706544180
  107          18.723570737775
  108          19.353312558743
  109          23.702826059639
  110          24.055146309541
 
  end of eigenvalues 
 
  Occupied Eigenvectors for: E-ALPHA
 --------------------------- 
 
                         -25.9958       -25.9958        -1.2867        -1.2301        -0.4646   
 
    1      F     S       0.686621      -0.686425       0.005056       0.004685      -0.000022
    2      F     S      -0.006937       0.007305      -0.396395      -0.410304       0.032384
    3      F     S       0.035806      -0.035256      -0.115024      -0.117888       0.007347
    4      F     S      -0.013889       0.011518      -0.267267      -0.290073       0.044662
    5      F     S      -0.002783       0.000761      -0.015771      -0.029531       0.023016
    6      F    Px       0.000000      -0.000000      -0.000000       0.000000      -0.000000
    7      F    Py      -0.000000      -0.000000      -0.000000      -0.000000      -0.000000
    8      F    Pz      -0.000025      -0.000068      -0.015754       0.001861      -0.274092
    9      F    Px      -0.000000       0.000000       0.000000      -0.000000       0.000000
   10      F    Py       0.000000       0.000000      -0.000000       0.000000      -0.000000
   11      F    Pz       0.000656      -0.000187      -0.018776       0.001029      -0.308646
   12      F    Px      -0.000000       0.000000       0.000000       0.000000      -0.000000
   13      F    Py       0.000000       0.000000      -0.000000      -0.000000       0.000000
   14      F    Pz       0.000683      -0.000023      -0.001640       0.004352      -0.195267
   15      F    Px       0.000000      -0.000000       0.000000      -0.000000       0.000000
   16      F    Py       0.000000      -0.000000       0.000000       0.000000      -0.000000
   17      F    Pz      -0.000623       0.000017       0.000685      -0.002955      -0.026235
   18      F   Dxx       0.001792      -0.001739       0.000539       0.000504       0.000239
   19      F   Dxy      -0.000000       0.000000      -0.000000      -0.000000       0.000000
   20      F   Dxz      -0.000000      -0.000000      -0.000000       0.000000       0.000000
   21      F   Dyy       0.001792      -0.001739       0.000539       0.000504       0.000239
   22      F   Dyz       0.000000       0.000000      -0.000000       0.000000      -0.000000
   23      F   Dzz       0.002234      -0.002166      -0.004240      -0.003611      -0.001115
   24      F   Dxx       0.006332      -0.005633       0.006201       0.007329      -0.000317
   25      F   Dxy       0.000000       0.000000      -0.000000      -0.000000      -0.000000
   26      F   Dxz       0.000000       0.000000      -0.000000       0.000000       0.000000
   27      F   Dyy       0.006332      -0.005633       0.006201       0.007329      -0.000317
   28      F   Dyz       0.000000      -0.000000      -0.000000       0.000000       0.000000
   29      F   Dzz       0.006121      -0.005525      -0.003272       0.001029      -0.004298
   30      F   Dxx       0.002735      -0.001890       0.005835       0.008278      -0.000777
   31      F   Dxy      -0.000000       0.000000      -0.000000      -0.000000       0.000000
   32      F   Dxz      -0.000000      -0.000000       0.000000      -0.000000      -0.000000
   33      F   Dyy       0.002735      -0.001890       0.005835       0.008278      -0.000777
   34      F   Dyz      -0.000000      -0.000000       0.000000      -0.000000      -0.000000
   35      F   Dzz       0.002933      -0.001983       0.006805       0.008243       0.006531
   36      F  Fxxx       0.000000      -0.000000      -0.000000       0.000000      -0.000000
   37      F  Fxxy      -0.000000      -0.000000       0.000000      -0.000000       0.000000
   38      F  Fxxz      -0.000136       0.000038       0.000013       0.000089      -0.002742
   39      F  Fxyy       0.000000      -0.000000      -0.000000       0.000000      -0.000000
   40      F  Fxyz      -0.000000      -0.000000      -0.000000      -0.000000      -0.000000
   41      F  Fxzz       0.000000      -0.000000      -0.000000       0.000000      -0.000000
   42      F  Fyyy      -0.000000      -0.000000       0.000000      -0.000000       0.000000
   43      F  Fyyz      -0.000136       0.000038       0.000013       0.000089      -0.002742
   44      F  Fyzz      -0.000000      -0.000000       0.000000       0.000000       0.000000
   45      F  Fzzz      -0.000307       0.000095      -0.000175       0.000850      -0.012138
   46      F  Fxxx       0.000000      -0.000000      -0.000000       0.000000      -0.000000
   47      F  Fxxy      -0.000000      -0.000000       0.000000       0.000000      -0.000000
   48      F  Fxxz      -0.000135       0.000047       0.000307       0.000433      -0.003278
   49      F  Fxyy       0.000000      -0.000000      -0.000000       0.000000      -0.000000
   50      F  Fxyz      -0.000000       0.000000      -0.000000      -0.000000       0.000000
   51      F  Fxzz       0.000000      -0.000000      -0.000000       0.000000      -0.000000
   52      F  Fyyy      -0.000000      -0.000000       0.000000       0.000000      -0.000000
   53      F  Fyyz      -0.000135       0.000047       0.000307       0.000433      -0.003278
   54      F  Fyzz      -0.000000      -0.000000       0.000000      -0.000000      -0.000000
   55      F  Fzzz      -0.000400       0.000050      -0.000008       0.002366      -0.015523
   56      F     S      -0.686620      -0.686426       0.005056      -0.004685      -0.000022
   57      F     S       0.006937       0.007305      -0.396395       0.410304       0.032384
   58      F     S      -0.035806      -0.035256      -0.115024       0.117888       0.007347
   59      F     S       0.013889       0.011518      -0.267267       0.290073       0.044662
   60      F     S       0.002783       0.000761      -0.015771       0.029531       0.023016
   61      F    Px       0.000000       0.000000       0.000000       0.000000      -0.000000
   62      F    Py       0.000000       0.000000       0.000000       0.000000      -0.000000
   63      F    Pz      -0.000025       0.000068       0.015754       0.001861       0.274092
   64      F    Px      -0.000000      -0.000000      -0.000000      -0.000000       0.000000
   65      F    Py      -0.000000      -0.000000      -0.000000      -0.000000      -0.000000
   66      F    Pz       0.000656       0.000187       0.018776       0.001029       0.308646
   67      F    Px      -0.000000       0.000000      -0.000000      -0.000000       0.000000
   68      F    Py      -0.000000      -0.000000       0.000000      -0.000000      -0.000000
   69      F    Pz       0.000683       0.000023       0.001640       0.004352       0.195267
   70      F    Px       0.000000      -0.000000      -0.000000       0.000000      -0.000000
   71      F    Py      -0.000000      -0.000000      -0.000000       0.000000      -0.000000
   72      F    Pz      -0.000623      -0.000017      -0.000685      -0.002955       0.026235
   73      F   Dxx      -0.001792      -0.001739       0.000539      -0.000504       0.000239
   74      F   Dxy      -0.000000      -0.000000      -0.000000      -0.000000       0.000000
   75      F   Dxz       0.000000      -0.000000      -0.000000       0.000000      -0.000000
   76      F   Dyy      -0.001792      -0.001739       0.000539      -0.000504       0.000239
   77      F   Dyz      -0.000000      -0.000000      -0.000000      -0.000000       0.000000
   78      F   Dzz      -0.002234      -0.002166      -0.004240       0.003611      -0.001115
   79      F   Dxx      -0.006332      -0.005633       0.006201      -0.007329      -0.000317
   80      F   Dxy       0.000000      -0.000000       0.000000      -0.000000       0.000000
   81      F   Dxz       0.000000       0.000000      -0.000000       0.000000       0.000000
   82      F   Dyy      -0.006332      -0.005633       0.006201      -0.007329      -0.000317
   83      F   Dyz      -0.000000      -0.000000      -0.000000       0.000000      -0.000000
   84      F   Dzz      -0.006121      -0.005525      -0.003272      -0.001029      -0.004298
   85      F   Dxx      -0.002735      -0.001890       0.005835      -0.008278      -0.000777
   86      F   Dxy      -0.000000      -0.000000       0.000000       0.000000      -0.000000
   87      F   Dxz      -0.000000      -0.000000       0.000000       0.000000      -0.000000
   88      F   Dyy      -0.002735      -0.001890       0.005835      -0.008278      -0.000777
   89      F   Dyz       0.000000      -0.000000       0.000000      -0.000000       0.000000
   90      F   Dzz      -0.002933      -0.001983       0.006805      -0.008243       0.006531
   91      F  Fxxx       0.000000       0.000000       0.000000       0.000000      -0.000000
   92      F  Fxxy       0.000000       0.000000      -0.000000       0.000000       0.000000
   93      F  Fxxz      -0.000136      -0.000038      -0.000013       0.000089       0.002742
   94      F  Fxyy       0.000000       0.000000       0.000000       0.000000      -0.000000
   95      F  Fxyz       0.000000       0.000000       0.000000       0.000000      -0.000000
   96      F  Fxzz       0.000000       0.000000       0.000000       0.000000      -0.000000
   97      F  Fyyy       0.000000       0.000000       0.000000       0.000000       0.000000
   98      F  Fyyz      -0.000136      -0.000038      -0.000013       0.000089       0.002742
   99      F  Fyzz       0.000000       0.000000       0.000000       0.000000       0.000000
  100      F  Fzzz      -0.000307      -0.000095       0.000175       0.000850       0.012138
  101      F  Fxxx       0.000000      -0.000000       0.000000       0.000000      -0.000000
  102      F  Fxxy       0.000000       0.000000      -0.000000       0.000000       0.000000
  103      F  Fxxz      -0.000135      -0.000047      -0.000307       0.000433       0.003278
  104      F  Fxyy       0.000000      -0.000000       0.000000       0.000000      -0.000000
  105      F  Fxyz      -0.000000      -0.000000      -0.000000      -0.000000       0.000000
  106      F  Fxzz       0.000000      -0.000000       0.000000       0.000000      -0.000000
  107      F  Fyyy       0.000000       0.000000      -0.000000       0.000000       0.000000
  108      F  Fyyz      -0.000135      -0.000047      -0.000307       0.000433       0.003278
  109      F  Fyzz       0.000000       0.000000      -0.000000       0.000000       0.000000
  110      F  Fzzz      -0.000400      -0.000050       0.000008       0.002366       0.015523
 
                          -0.3558        -0.3558        -0.3221        -0.3137        -0.3137   
 
    1      F     S      -0.000000       0.000000       0.002712      -0.000000       0.000000
    2      F     S       0.000000      -0.000000       0.048232      -0.000000       0.000000
    3      F     S      -0.000000       0.000000       0.013808       0.000000       0.000000
    4      F     S      -0.000000      -0.000000       0.051820      -0.000000      -0.000000
    5      F     S       0.000000      -0.000000       0.034430       0.000000       0.000000
    6      F    Px      -0.270703       0.013013       0.000000      -0.282163      -0.012042
    7      F    Py      -0.013013      -0.270703      -0.000000      -0.012042       0.282163
    8      F    Pz      -0.000000      -0.000000       0.300305       0.000000       0.000000
    9      F    Px      -0.301177       0.014477       0.000000      -0.314506      -0.013423
   10      F    Py      -0.014477      -0.301177      -0.000000      -0.013423       0.314506
   11      F    Pz      -0.000000      -0.000000       0.340580       0.000000       0.000000
   12      F    Px      -0.221424       0.010644       0.000000      -0.238482      -0.010178
   13      F    Py      -0.010644      -0.221424      -0.000000      -0.010178       0.238482
   14      F    Pz       0.000000       0.000000       0.252903       0.000000       0.000000
   15      F    Px      -0.038653       0.001858       0.000000      -0.056716      -0.002421
   16      F    Py      -0.001858      -0.038653      -0.000000      -0.002421       0.056716
   17      F    Pz       0.000000      -0.000000       0.055715       0.000000       0.000000
   18      F   Dxx      -0.000000       0.000000      -0.000533       0.000000      -0.000000
   19      F   Dxy      -0.000000       0.000000       0.000000       0.000000       0.000000
   20      F   Dxz      -0.001041       0.000050      -0.000000      -0.000411      -0.000018
   21      F   Dyy      -0.000000       0.000000      -0.000533       0.000000      -0.000000
   22      F   Dyz      -0.000050      -0.001041       0.000000      -0.000018       0.000411
   23      F   Dzz      -0.000000       0.000000      -0.000031       0.000000      -0.000000
   24      F   Dxx      -0.000000       0.000000      -0.001222       0.000000       0.000000
   25      F   Dxy       0.000000      -0.000000      -0.000000      -0.000000      -0.000000
   26      F   Dxz      -0.002447       0.000118       0.000000       0.000630       0.000027
   27      F   Dyy      -0.000000       0.000000      -0.001222       0.000000       0.000000
   28      F   Dyz      -0.000118      -0.002447      -0.000000       0.000027      -0.000630
   29      F   Dzz      -0.000000       0.000000      -0.007759       0.000000       0.000000
   30      F   Dxx      -0.000000       0.000000      -0.002475      -0.000000       0.000000
   31      F   Dxy       0.000000       0.000000       0.000000      -0.000000       0.000000
   32      F   Dxz       0.004345      -0.000209      -0.000000       0.004482       0.000191
   33      F   Dyy      -0.000000       0.000000      -0.002475      -0.000000       0.000000
   34      F   Dyz       0.000209       0.004345       0.000000       0.000191      -0.004482
   35      F   Dzz       0.000000       0.000000      -0.010586      -0.000000       0.000000
   36      F  Fxxx      -0.009556       0.000459       0.000000      -0.009845      -0.000420
   37      F  Fxxy      -0.000205      -0.004273       0.000000      -0.000188       0.004403
   38      F  Fxxz       0.000000      -0.000000       0.002935      -0.000000      -0.000000
   39      F  Fxyy      -0.004273       0.000205      -0.000000      -0.004403      -0.000188
   40      F  Fxyz       0.000000      -0.000000      -0.000000      -0.000000      -0.000000
   41      F  Fxzz      -0.006957       0.000334       0.000000      -0.006907      -0.000295
   42      F  Fyyy      -0.000459      -0.009556       0.000000      -0.000420       0.009845
   43      F  Fyyz       0.000000       0.000000       0.002935      -0.000000      -0.000000
   44      F  Fyzz      -0.000334      -0.006957       0.000000      -0.000295       0.006907
   45      F  Fzzz       0.000000       0.000000       0.012621      -0.000000       0.000000
   46      F  Fxxx      -0.010972       0.000527      -0.000000      -0.011188      -0.000477
   47      F  Fxxy      -0.000236      -0.004907       0.000000      -0.000214       0.005003
   48      F  Fxxz       0.000000      -0.000000       0.004119       0.000000      -0.000000
   49      F  Fxyy      -0.004907       0.000236       0.000000      -0.005003      -0.000214
   50      F  Fxyz       0.000000       0.000000       0.000000      -0.000000       0.000000
   51      F  Fxzz      -0.007253       0.000349      -0.000000      -0.006253      -0.000267
   52      F  Fyyy      -0.000527      -0.010972       0.000000      -0.000477       0.011188
   53      F  Fyyz      -0.000000      -0.000000       0.004119       0.000000      -0.000000
   54      F  Fyzz      -0.000349      -0.007253       0.000000      -0.000267       0.006253
   55      F  Fzzz       0.000000       0.000000       0.007113       0.000000      -0.000000
   56      F     S       0.000000      -0.000000      -0.002712      -0.000000      -0.000000
   57      F     S       0.000000      -0.000000      -0.048232      -0.000000      -0.000000
   58      F     S       0.000000      -0.000000      -0.013808       0.000000      -0.000000
   59      F     S      -0.000000       0.000000      -0.051820      -0.000000       0.000000
   60      F     S      -0.000000       0.000000      -0.034430      -0.000000      -0.000000
   61      F    Px      -0.270703       0.013013      -0.000000       0.282163       0.012042
   62      F    Py      -0.013013      -0.270703      -0.000000       0.012042      -0.282163
   63      F    Pz       0.000000      -0.000000       0.300305       0.000000       0.000000
   64      F    Px      -0.301177       0.014477      -0.000000       0.314506       0.013423
   65      F    Py      -0.014477      -0.301177      -0.000000       0.013423      -0.314506
   66      F    Pz      -0.000000      -0.000000       0.340580       0.000000       0.000000
   67      F    Px      -0.221424       0.010644      -0.000000       0.238482       0.010178
   68      F    Py      -0.010644      -0.221424      -0.000000       0.010178      -0.238482
   69      F    Pz       0.000000       0.000000       0.252903       0.000000       0.000000
   70      F    Px      -0.038653       0.001858      -0.000000       0.056716       0.002421
   71      F    Py      -0.001858      -0.038653       0.000000       0.002421      -0.056716
   72      F    Pz       0.000000      -0.000000       0.055715       0.000000       0.000000
   73      F   Dxx       0.000000      -0.000000       0.000533       0.000000      -0.000000
   74      F   Dxy      -0.000000       0.000000      -0.000000       0.000000      -0.000000
   75      F   Dxz       0.001041      -0.000050      -0.000000      -0.000411      -0.000018
   76      F   Dyy       0.000000       0.000000       0.000533       0.000000      -0.000000
   77      F   Dyz       0.000050       0.001041       0.000000      -0.000018       0.000411
   78      F   Dzz       0.000000      -0.000000       0.000031       0.000000      -0.000000
   79      F   Dxx       0.000000      -0.000000       0.001222       0.000000      -0.000000
   80      F   Dxy      -0.000000      -0.000000       0.000000      -0.000000       0.000000
   81      F   Dxz       0.002447      -0.000118      -0.000000       0.000630       0.000027
   82      F   Dyy       0.000000      -0.000000       0.001222       0.000000      -0.000000
   83      F   Dyz       0.000118       0.002447      -0.000000       0.000027      -0.000630
   84      F   Dzz       0.000000      -0.000000       0.007759       0.000000      -0.000000
   85      F   Dxx       0.000000      -0.000000       0.002475       0.000000      -0.000000
   86      F   Dxy       0.000000      -0.000000       0.000000       0.000000      -0.000000
   87      F   Dxz      -0.004345       0.000209      -0.000000       0.004482       0.000191
   88      F   Dyy       0.000000      -0.000000       0.002475       0.000000      -0.000000
   89      F   Dyz      -0.000209      -0.004345      -0.000000       0.000191      -0.004482
   90      F   Dzz       0.000000      -0.000000       0.010586       0.000000      -0.000000
   91      F  Fxxx      -0.009556       0.000459      -0.000000       0.009845       0.000420
   92      F  Fxxy      -0.000205      -0.004273       0.000000       0.000188      -0.004403
   93      F  Fxxz       0.000000       0.000000       0.002935       0.000000      -0.000000
   94      F  Fxyy      -0.004273       0.000205      -0.000000       0.004403       0.000188
   95      F  Fxyz      -0.000000       0.000000       0.000000       0.000000       0.000000
   96      F  Fxzz      -0.006957       0.000334      -0.000000       0.006907       0.000295
   97      F  Fyyy      -0.000459      -0.009556       0.000000       0.000420      -0.009845
   98      F  Fyyz       0.000000       0.000000       0.002935       0.000000       0.000000
   99      F  Fyzz      -0.000334      -0.006957       0.000000       0.000295      -0.006907
  100      F  Fzzz       0.000000       0.000000       0.012621       0.000000      -0.000000
  101      F  Fxxx      -0.010972       0.000527      -0.000000       0.011188       0.000477
  102      F  Fxxy      -0.000236      -0.004907       0.000000       0.000214      -0.005003
  103      F  Fxxz       0.000000      -0.000000       0.004119      -0.000000      -0.000000
  104      F  Fxyy      -0.004907       0.000236      -0.000000       0.005003       0.000214
  105      F  Fxyz       0.000000      -0.000000       0.000000      -0.000000      -0.000000
  106      F  Fxzz      -0.007253       0.000349      -0.000000       0.006253       0.000267
  107      F  Fyyy      -0.000527      -0.010972       0.000000       0.000477      -0.011188
  108      F  Fyyz      -0.000000      -0.000000       0.004119       0.000000      -0.000000
  109      F  Fyzz      -0.000349      -0.007253      -0.000000       0.000267      -0.006253
  110      F  Fzzz       0.000000       0.000000       0.007113       0.000000      -0.000000
 
 
  Occupied Eigenvectors for: E-BETA
 --------------------------- 
 
                         -25.9612       -25.9611        -1.1766        -1.1088        -0.3216   
 
    1      F     S       0.686925      -0.687034       0.006982       0.005630      -0.000000
    2      F     S      -0.007804       0.007621      -0.381954      -0.396996      -0.000000
    3      F     S       0.033913      -0.034334      -0.109620      -0.113440      -0.000000
    4      F     S      -0.011424       0.013234      -0.274819      -0.290819       0.000000
    5      F     S      -0.000762       0.002623      -0.018904      -0.031771       0.000000
    6      F    Px       0.000000      -0.000000       0.000000       0.000000      -0.236939
    7      F    Py       0.000000       0.000000      -0.000000       0.000000       0.116267
    8      F    Pz       0.000333      -0.000269      -0.000515       0.021046      -0.000000
    9      F    Px      -0.000000       0.000000      -0.000000      -0.000000      -0.261403
   10      F    Py      -0.000000      -0.000000      -0.000000      -0.000000       0.128272
   11      F    Pz      -0.001061       0.000931       0.000289       0.023101      -0.000000
   12      F    Px      -0.000000       0.000000       0.000000       0.000000      -0.206998
   13      F    Py      -0.000000      -0.000000      -0.000000      -0.000000       0.101575
   14      F    Pz      -0.000277       0.000075      -0.000752       0.016055       0.000000
   15      F    Px       0.000000      -0.000000       0.000000      -0.000000      -0.043118
   16      F    Py       0.000000      -0.000000       0.000000       0.000000       0.021158
   17      F    Pz       0.000021       0.000560      -0.000658      -0.001813       0.000000
   18      F   Dxx       0.002303      -0.002366      -0.002569      -0.002659       0.000000
   19      F   Dxy      -0.000000       0.000000      -0.000000       0.000000       0.000000
   20      F   Dxz       0.000000       0.000000      -0.000000      -0.000000       0.000291
   21      F   Dyy       0.002303      -0.002366      -0.002569      -0.002659       0.000000
   22      F   Dyz      -0.000000      -0.000000       0.000000      -0.000000      -0.000143
   23      F   Dzz       0.001693      -0.001743       0.002041       0.003052       0.000000
   24      F   Dxx       0.005664      -0.006196      -0.000500      -0.001034      -0.000000
   25      F   Dxy      -0.000000      -0.000000      -0.000000      -0.000000      -0.000000
   26      F   Dxz      -0.000000      -0.000000      -0.000000       0.000000      -0.000481
   27      F   Dyy       0.005664      -0.006196      -0.000500      -0.001034      -0.000000
   28      F   Dyz       0.000000      -0.000000      -0.000000       0.000000       0.000236
   29      F   Dzz       0.005653      -0.006094       0.005258       0.010623      -0.000000
   30      F   Dxx       0.001906      -0.002556       0.002364       0.002733      -0.000000
   31      F   Dxy      -0.000000       0.000000      -0.000000      -0.000000      -0.000000
   32      F   Dxz       0.000000       0.000000       0.000000      -0.000000       0.002754
   33      F   Dyy       0.001906      -0.002556       0.002364       0.002733      -0.000000
   34      F   Dyz       0.000000       0.000000       0.000000      -0.000000      -0.001351
   35      F   Dzz       0.001853      -0.002486       0.003216       0.008745       0.000000
   36      F  Fxxx       0.000000      -0.000000       0.000000       0.000000      -0.010351
   37      F  Fxxy       0.000000       0.000000       0.000000       0.000000       0.002271
   38      F  Fxxz       0.000176      -0.000145      -0.000224       0.000503       0.000000
   39      F  Fxyy       0.000000      -0.000000       0.000000       0.000000      -0.004629
   40      F  Fxyz       0.000000       0.000000       0.000000       0.000000       0.000000
   41      F  Fxzz       0.000000      -0.000000       0.000000       0.000000      -0.004154
   42      F  Fyyy       0.000000       0.000000       0.000000       0.000000       0.005079
   43      F  Fyyz       0.000176      -0.000145      -0.000224       0.000503       0.000000
   44      F  Fyzz       0.000000       0.000000      -0.000000       0.000000       0.002038
   45      F  Fzzz       0.000449      -0.000322      -0.000566       0.000783       0.000000
   46      F  Fxxx       0.000000      -0.000000      -0.000000       0.000000      -0.011420
   47      F  Fxxy       0.000000       0.000000       0.000000       0.000000       0.002506
   48      F  Fxxz       0.000182      -0.000123       0.000271       0.000421      -0.000000
   49      F  Fxyy       0.000000      -0.000000      -0.000000      -0.000000      -0.005107
   50      F  Fxyz      -0.000000       0.000000      -0.000000      -0.000000      -0.000000
   51      F  Fxzz       0.000000      -0.000000       0.000000       0.000000      -0.005934
   52      F  Fyyy       0.000000       0.000000       0.000000       0.000000       0.005604
   53      F  Fyyz       0.000182      -0.000123       0.000271       0.000421      -0.000000
   54      F  Fyzz       0.000000       0.000000       0.000000       0.000000       0.002912
   55      F  Fzzz       0.000391      -0.000278      -0.004336       0.000854       0.000000
   56      F     S       0.686925       0.687034       0.006982      -0.005630       0.000000
   57      F     S      -0.007804      -0.007621      -0.381954       0.396996       0.000000
   58      F     S       0.033913       0.034334      -0.109620       0.113440       0.000000
   59      F     S      -0.011424      -0.013234      -0.274819       0.290819      -0.000000
   60      F     S      -0.000762      -0.002623      -0.018904       0.031771      -0.000000
   61      F    Px      -0.000000      -0.000000       0.000000      -0.000000      -0.236939
   62      F    Py      -0.000000      -0.000000      -0.000000       0.000000       0.116267
   63      F    Pz      -0.000333      -0.000269       0.000515       0.021046       0.000000
   64      F    Px       0.000000       0.000000      -0.000000       0.000000      -0.261403
   65      F    Py       0.000000       0.000000       0.000000      -0.000000       0.128272
   66      F    Pz       0.001061       0.000931      -0.000289       0.023101       0.000000
   67      F    Px      -0.000000       0.000000      -0.000000      -0.000000      -0.206998
   68      F    Py       0.000000       0.000000       0.000000      -0.000000       0.101575
   69      F    Pz       0.000277       0.000075       0.000752       0.016055       0.000000
   70      F    Px       0.000000      -0.000000      -0.000000       0.000000      -0.043118
   71      F    Py       0.000000       0.000000      -0.000000       0.000000       0.021158
   72      F    Pz      -0.000021       0.000560       0.000658      -0.001813       0.000000
   73      F   Dxx       0.002303       0.002366      -0.002569       0.002659       0.000000
   74      F   Dxy       0.000000       0.000000      -0.000000       0.000000       0.000000
   75      F   Dxz       0.000000      -0.000000       0.000000      -0.000000      -0.000291
   76      F   Dyy       0.002303       0.002366      -0.002569       0.002659       0.000000
   77      F   Dyz       0.000000       0.000000      -0.000000       0.000000       0.000143
   78      F   Dzz       0.001693       0.001743       0.002041      -0.003052       0.000000
   79      F   Dxx       0.005664       0.006196      -0.000500       0.001034       0.000000
   80      F   Dxy       0.000000      -0.000000      -0.000000       0.000000      -0.000000
   81      F   Dxz      -0.000000      -0.000000      -0.000000       0.000000       0.000481
   82      F   Dyy       0.005664       0.006196      -0.000500       0.001034       0.000000
   83      F   Dyz       0.000000       0.000000       0.000000      -0.000000      -0.000236
   84      F   Dzz       0.005653       0.006094       0.005258      -0.010623       0.000000
   85      F   Dxx       0.001906       0.002556       0.002364      -0.002733       0.000000
   86      F   Dxy       0.000000       0.000000       0.000000      -0.000000      -0.000000
   87      F   Dxz       0.000000       0.000000       0.000000      -0.000000      -0.002754
   88      F   Dyy       0.001906       0.002556       0.002364      -0.002733       0.000000
   89      F   Dyz       0.000000      -0.000000       0.000000       0.000000       0.001351
   90      F   Dzz       0.001853       0.002486       0.003216      -0.008745       0.000000
   91      F  Fxxx      -0.000000      -0.000000       0.000000      -0.000000      -0.010351
   92      F  Fxxy      -0.000000      -0.000000      -0.000000       0.000000       0.002271
   93      F  Fxxz      -0.000176      -0.000145       0.000224       0.000503       0.000000
   94      F  Fxyy      -0.000000      -0.000000       0.000000       0.000000      -0.004629
   95      F  Fxyz      -0.000000      -0.000000       0.000000       0.000000       0.000000
   96      F  Fxzz      -0.000000      -0.000000       0.000000      -0.000000      -0.004154
   97      F  Fyyy      -0.000000      -0.000000      -0.000000       0.000000       0.005079
   98      F  Fyyz      -0.000176      -0.000145       0.000224       0.000503      -0.000000
   99      F  Fyzz      -0.000000      -0.000000       0.000000       0.000000       0.002038
  100      F  Fzzz      -0.000449      -0.000322       0.000566       0.000783      -0.000000
  101      F  Fxxx       0.000000      -0.000000       0.000000      -0.000000      -0.011420
  102      F  Fxxy      -0.000000      -0.000000       0.000000       0.000000       0.002506
  103      F  Fxxz      -0.000182      -0.000123      -0.000271       0.000421       0.000000
  104      F  Fxyy       0.000000      -0.000000       0.000000      -0.000000      -0.005107
  105      F  Fxyz       0.000000       0.000000      -0.000000      -0.000000       0.000000
  106      F  Fxzz       0.000000      -0.000000       0.000000       0.000000      -0.005934
  107      F  Fyyy      -0.000000      -0.000000       0.000000       0.000000       0.005604
  108      F  Fyyz      -0.000182      -0.000123      -0.000271       0.000421       0.000000
  109      F  Fyzz      -0.000000      -0.000000      -0.000000       0.000000       0.002912
  110      F  Fzzz      -0.000391      -0.000278       0.004336       0.000854       0.000000
 
                          -0.3216        -0.2749        -0.2749        -0.1367   
 
    1      F     S       0.000000      -0.000000      -0.000000       0.002821
    2      F     S       0.000000       0.000000      -0.000000       0.042409
    3      F     S      -0.000000      -0.000000       0.000000       0.010751
    4      F     S      -0.000000       0.000000      -0.000000       0.055670
    5      F     S       0.000000       0.000000       0.000000       0.048042
    6      F    Px       0.116267       0.272304      -0.047671      -0.000000
    7      F    Py       0.236939      -0.047671      -0.272304       0.000000
    8      F    Pz      -0.000000      -0.000000       0.000000      -0.224732
    9      F    Px       0.128272       0.301437      -0.052771       0.000000
   10      F    Py       0.261403      -0.052771      -0.301437      -0.000000
   11      F    Pz       0.000000      -0.000000       0.000000      -0.252166
   12      F    Px       0.101575       0.245790      -0.043029      -0.000000
   13      F    Py       0.206998      -0.043029      -0.245790      -0.000000
   14      F    Pz      -0.000000       0.000000      -0.000000      -0.245550
   15      F    Px       0.021158       0.070908      -0.012414      -0.000000
   16      F    Py       0.043118      -0.012414      -0.070908      -0.000000
   17      F    Pz       0.000000       0.000000       0.000000      -0.108390
   18      F   Dxx      -0.000000      -0.000000       0.000000       0.000004
   19      F   Dxy      -0.000000       0.000000      -0.000000       0.000000
   20      F   Dxz      -0.000143      -0.001019       0.000178      -0.000000
   21      F   Dyy      -0.000000      -0.000000       0.000000       0.000004
   22      F   Dyz      -0.000291       0.000178       0.001019       0.000000
   23      F   Dzz      -0.000000      -0.000000       0.000000      -0.001823
   24      F   Dxx      -0.000000      -0.000000       0.000000      -0.000860
   25      F   Dxy       0.000000      -0.000000       0.000000      -0.000000
   26      F   Dxz       0.000236      -0.003024       0.000529       0.000000
   27      F   Dyy      -0.000000      -0.000000       0.000000      -0.000860
   28      F   Dyz       0.000481       0.000529       0.003024       0.000000
   29      F   Dzz      -0.000000      -0.000000       0.000000      -0.013560
   30      F   Dxx      -0.000000      -0.000000      -0.000000      -0.003187
   31      F   Dxy      -0.000000       0.000000      -0.000000      -0.000000
   32      F   Dxz      -0.001351      -0.004292       0.000751      -0.000000
   33      F   Dyy       0.000000      -0.000000       0.000000      -0.003187
   34      F   Dyz      -0.002754       0.000751       0.004292      -0.000000
   35      F   Dzz      -0.000000      -0.000000      -0.000000      -0.017647
   36      F  Fxxx       0.005079       0.011625      -0.002035      -0.000000
   37      F  Fxxy       0.004629      -0.000910      -0.005199       0.000000
   38      F  Fxxz      -0.000000      -0.000000      -0.000000      -0.004757
   39      F  Fxyy       0.002271       0.005199      -0.000910      -0.000000
   40      F  Fxyz       0.000000       0.000000      -0.000000       0.000000
   41      F  Fxzz       0.002038       0.004490      -0.000786      -0.000000
   42      F  Fyyy       0.010351      -0.002035      -0.011625       0.000000
   43      F  Fyyz      -0.000000      -0.000000      -0.000000      -0.004757
   44      F  Fyzz       0.004154      -0.000786      -0.004490       0.000000
   45      F  Fzzz      -0.000000      -0.000000      -0.000000      -0.009630
   46      F  Fxxx       0.005604       0.012912      -0.002260      -0.000000
   47      F  Fxxy       0.005107      -0.001011      -0.005774       0.000000
   48      F  Fxxz      -0.000000      -0.000000       0.000000      -0.003719
   49      F  Fxyy       0.002506       0.005774      -0.001011      -0.000000
   50      F  Fxyz      -0.000000      -0.000000      -0.000000      -0.000000
   51      F  Fxzz       0.002912       0.004884      -0.000855      -0.000000
   52      F  Fyyy       0.011420      -0.002260      -0.012912       0.000000
   53      F  Fyyz      -0.000000      -0.000000       0.000000      -0.003719
   54      F  Fyzz       0.005934      -0.000855      -0.004884       0.000000
   55      F  Fzzz      -0.000000      -0.000000      -0.000000      -0.016808
   56      F     S       0.000000      -0.000000      -0.000000       0.002821
   57      F     S       0.000000      -0.000000       0.000000       0.042409
   58      F     S      -0.000000      -0.000000       0.000000       0.010751
   59      F     S       0.000000       0.000000      -0.000000       0.055670
   60      F     S      -0.000000       0.000000      -0.000000       0.048042
   61      F    Px       0.116267      -0.272304       0.047671       0.000000
   62      F    Py       0.236939       0.047671       0.272304      -0.000000
   63      F    Pz       0.000000       0.000000       0.000000       0.224732
   64      F    Px       0.128272      -0.301437       0.052771       0.000000
   65      F    Py       0.261403       0.052771       0.301437      -0.000000
   66      F    Pz       0.000000       0.000000       0.000000       0.252166
   67      F    Px       0.101575      -0.245790       0.043029       0.000000
   68      F    Py       0.206998       0.043029       0.245790      -0.000000
   69      F    Pz      -0.000000       0.000000      -0.000000       0.245550
   70      F    Px       0.021158      -0.070908       0.012414       0.000000
   71      F    Py       0.043118       0.012414       0.070908      -0.000000
   72      F    Pz       0.000000      -0.000000       0.000000       0.108390
   73      F   Dxx      -0.000000      -0.000000       0.000000       0.000004
   74      F   Dxy       0.000000      -0.000000      -0.000000       0.000000
   75      F   Dxz       0.000143      -0.001019       0.000178       0.000000
   76      F   Dyy      -0.000000      -0.000000       0.000000       0.000004
   77      F   Dyz       0.000291       0.000178       0.001019       0.000000
   78      F   Dzz      -0.000000      -0.000000       0.000000      -0.001823
   79      F   Dxx      -0.000000      -0.000000       0.000000      -0.000860
   80      F   Dxy      -0.000000       0.000000       0.000000      -0.000000
   81      F   Dxz      -0.000236      -0.003024       0.000529      -0.000000
   82      F   Dyy      -0.000000      -0.000000       0.000000      -0.000860
   83      F   Dyz      -0.000481       0.000529       0.003024      -0.000000
   84      F   Dzz      -0.000000      -0.000000       0.000000      -0.013560
   85      F   Dxx      -0.000000      -0.000000       0.000000      -0.003187
   86      F   Dxy       0.000000       0.000000      -0.000000       0.000000
   87      F   Dxz       0.001351      -0.004292       0.000751      -0.000000
   88      F   Dyy       0.000000      -0.000000       0.000000      -0.003187
   89      F   Dyz       0.002754       0.000751       0.004292       0.000000
   90      F   Dzz       0.000000      -0.000000       0.000000      -0.017647
   91      F  Fxxx       0.005079      -0.011625       0.002035       0.000000
   92      F  Fxxy       0.004629       0.000910       0.005199      -0.000000
   93      F  Fxxz      -0.000000      -0.000000      -0.000000       0.004757
   94      F  Fxyy       0.002271      -0.005199       0.000910       0.000000
   95      F  Fxyz       0.000000       0.000000      -0.000000       0.000000
   96      F  Fxzz       0.002038      -0.004490       0.000786       0.000000
   97      F  Fyyy       0.010351       0.002035       0.011625       0.000000
   98      F  Fyyz      -0.000000       0.000000      -0.000000       0.004757
   99      F  Fyzz       0.004154       0.000786       0.004490       0.000000
  100      F  Fzzz      -0.000000      -0.000000      -0.000000       0.009630
  101      F  Fxxx       0.005604      -0.012912       0.002260       0.000000
  102      F  Fxxy       0.005107       0.001011       0.005774       0.000000
  103      F  Fxxz       0.000000       0.000000       0.000000       0.003719
  104      F  Fxyy       0.002506      -0.005774       0.001011       0.000000
  105      F  Fxyz      -0.000000       0.000000      -0.000000      -0.000000
  106      F  Fxzz       0.002912      -0.004884       0.000855      -0.000000
  107      F  Fyyy       0.011420       0.002260       0.012912       0.000000
  108      F  Fyyz       0.000000      -0.000000       0.000000       0.003719
  109      F  Fyzz       0.005934       0.000855       0.004884       0.000000
  110      F  Fzzz       0.000000       0.000000       0.000000       0.016808
 
 
  end of eigenvectors 
 
  END OF EIGENVALUES AND EIGENVECTORS
 
 
  COMPONENTS OF KINETIC ENERGY: 
 -----------------------------
 
             E-ALPHA Kinetic energy =          102.060475306774
              E-BETA Kinetic energy =           96.789170503609
                                     _________________________
               Total kinetic energy =          198.849645810382
 
  COMPONENTS OF POTENTIAL ENERGY: 
 -------------------------------
 
          Fixed potential energy    =           22.559661678126
 
  Quantum/Fixed interaction energy: 
 ----------------------------------
 
     E-ALPHA/Fixed interact. energy =         -273.557853099585
      E-BETA/Fixed interact. energy =         -255.964172453777
                                     _________________________
               Total Q/Fixed energy =         -529.522025553362
 
  Coulomb energy: 
 ------------------
 
     E-ALPHA/E-ALPHA Hartree energy =           35.850545656538
       E-BETA/E-BETA Hartree energy =           29.116377160750
      E-ALPHA/E-BETA Hartree energy =           64.550307718439
                                     _________________________
               Total Hartree energy =          129.517230535727
 
  Exchange(HF) energy: 
 ----------------------
 
            E-ALPHA Exchange energy =          -10.693960953310
             E-BETA Exchange energy =           -9.572568561557
                                     _________________________
              Total Exchange energy =          -20.266529514867
 
  TOTAL ENERGY COMPONENTS: 
 ==========================
 
          TOTAL KINETIC ENERGY      =          198.849645810382
          TOTAL POTENTIAL ENERGY    =         -397.711662854375
                                     _________________________
                       TOTAL ENERGY =         -198.862017043993
 
                 VIRIAL RATIO (V/T) =            2.000062214009
 
 
  END ENERGY COMPONENTS
 
 
** TOTAL CPU Time SCF :     12.228 (s)
** TOTAL Elapsed Time SCF :      3.099 (s)
 
 We are calculating properties for E-ALPHA in the HF/KS ground state
 We are calculating properties for E-BETA in the HF/KS ground state
 
  POPULATION ANALYSES: 
 ====================
 
 MULLIKEN Population: for E-        
 ---------------------
 
                          total          spin      
 
    1      F     S       1.941500      -0.000751
    2      F     S       1.067415       0.023430
    3      F     S       0.268775       0.007790
    4      F     S       0.702372      -0.010130
    5      F     S       0.029090      -0.004400
    6      F    Px       0.563460       0.011676
    7      F    Py       0.563460       0.011676
    8      F    Pz       0.410740       0.205542
    9      F    Px       0.797223       0.014344
   10      F    Py       0.797223       0.014344
   11      F    Pz       0.597319       0.262900
   12      F    Px       0.504180      -0.015649
   13      F    Py       0.504180      -0.015649
   14      F    Pz       0.390497       0.035864
   15      F    Px       0.053756      -0.007442
   16      F    Py       0.053756      -0.007442
   17      F    Pz       0.050539      -0.019702
   18      F   Dxx       0.002750      -0.002900
   19      F   Dxy       0.000000       0.000000
   20      F   Dxz       0.000008      -0.000003
   21      F   Dyy       0.002750      -0.002900
   22      F   Dyz       0.000008      -0.000003
   23      F   Dzz       0.002110       0.005842
   24      F   Dxx      -0.004883      -0.006802
   25      F   Dxy       0.000000       0.000000
   26      F   Dxz       0.000186      -0.000037
   27      F   Dyy      -0.004883      -0.006802
   28      F   Dyz       0.000186      -0.000037
   29      F   Dzz      -0.003993       0.007925
   30      F   Dxx      -0.004694      -0.002198
   31      F   Dxy       0.000000      -0.000000
   32      F   Dxz       0.000343      -0.000153
   33      F   Dyy      -0.004694      -0.002198
   34      F   Dyz       0.000343      -0.000153
   35      F   Dzz      -0.000678      -0.002720
   36      F  Fxxx       0.023388      -0.002071
   37      F  Fxxy       0.007796      -0.000690
   38      F  Fxxz       0.004224       0.000473
   39      F  Fxyy       0.007796      -0.000690
   40      F  Fxyz       0.000000       0.000000
   41      F  Fxzz       0.009438       0.001979
   42      F  Fyyy       0.023388      -0.002071
   43      F  Fyyz       0.004224       0.000473
   44      F  Fyzz       0.009438       0.001979
   45      F  Fzzz       0.018987       0.008625
   46      F  Fxxx       0.023283      -0.001945
   47      F  Fxxy       0.007761      -0.000648
   48      F  Fxxz       0.004100       0.000986
   49      F  Fxyy       0.007761      -0.000648
   50      F  Fxyz       0.000000      -0.000000
   51      F  Fxzz       0.009177       0.000638
   52      F  Fyyy       0.023283      -0.001945
   53      F  Fyyz       0.004100       0.000986
   54      F  Fyzz       0.009177       0.000638
   55      F  Fzzz       0.022334       0.000665
   56      F     S       1.941500      -0.000751
   57      F     S       1.067415       0.023430
   58      F     S       0.268775       0.007790
   59      F     S       0.702372      -0.010130
   60      F     S       0.029090      -0.004400
   61      F    Px       0.563460       0.011676
   62      F    Py       0.563460       0.011676
   63      F    Pz       0.410740       0.205542
   64      F    Px       0.797223       0.014344
   65      F    Py       0.797223       0.014344
   66      F    Pz       0.597319       0.262900
   67      F    Px       0.504180      -0.015649
   68      F    Py       0.504180      -0.015649
   69      F    Pz       0.390497       0.035864
   70      F    Px       0.053756      -0.007442
   71      F    Py       0.053756      -0.007442
   72      F    Pz       0.050539      -0.019702
   73      F   Dxx       0.002750      -0.002900
   74      F   Dxy       0.000000      -0.000000
   75      F   Dxz       0.000008      -0.000003
   76      F   Dyy       0.002750      -0.002900
   77      F   Dyz       0.000008      -0.000003
   78      F   Dzz       0.002110       0.005842
   79      F   Dxx      -0.004883      -0.006802
   80      F   Dxy       0.000000      -0.000000
   81      F   Dxz       0.000186      -0.000037
   82      F   Dyy      -0.004883      -0.006802
   83      F   Dyz       0.000186      -0.000037
   84      F   Dzz      -0.003993       0.007925
   85      F   Dxx      -0.004694      -0.002198
   86      F   Dxy       0.000000      -0.000000
   87      F   Dxz       0.000343      -0.000153
   88      F   Dyy      -0.004694      -0.002198
   89      F   Dyz       0.000343      -0.000153
   90      F   Dzz      -0.000678      -0.002720
   91      F  Fxxx       0.023388      -0.002071
   92      F  Fxxy       0.007796      -0.000690
   93      F  Fxxz       0.004224       0.000473
   94      F  Fxyy       0.007796      -0.000690
   95      F  Fxyz       0.000000       0.000000
   96      F  Fxzz       0.009438       0.001979
   97      F  Fyyy       0.023388      -0.002071
   98      F  Fyyz       0.004224       0.000473
   99      F  Fyzz       0.009438       0.001979
  100      F  Fzzz       0.018987       0.008625
  101      F  Fxxx       0.023283      -0.001945
  102      F  Fxxy       0.007761      -0.000648
  103      F  Fxxz       0.004100       0.000986
  104      F  Fxyy       0.007761      -0.000648
  105      F  Fxyz       0.000000       0.000000
  106      F  Fxzz       0.009177       0.000638
  107      F  Fyyy       0.023283      -0.001945
  108      F  Fyyz       0.004100       0.000986
  109      F  Fyzz       0.009177       0.000638
  110      F  Fzzz       0.022334       0.000665
 
                           __________     __________
              Total =       19.000000       1.000000
 
  Atomic MULLIKEN Population: for E-        
            F                9.500000       0.500000
            F                9.500000       0.500000
 
 ...end of MULLIKEN Population
 
 
 END POPULATION ANALYSES 
 
 
  POPULATION ANALYSES: 
 ====================
 
 LOWDIN Population: for E-        
 ---------------------
 
                          total          spin      
 
    1      F     S       1.574404      -0.000049
    2      F     S       0.612948       0.007477
    3      F     S       0.415956       0.005561
    4      F     S       0.288011      -0.003369
    5      F     S       0.074668      -0.001412
    6      F    Px       0.505946       0.011297
    7      F    Py       0.505946       0.011297
    8      F    Pz       0.368937       0.188770
    9      F    Px       0.376791       0.004425
   10      F    Py       0.376791       0.004425
   11      F    Pz       0.279483       0.119012
   12      F    Px       0.277036      -0.009093
   13      F    Py       0.277036      -0.009093
   14      F    Pz       0.218569      -0.001771
   15      F    Px       0.070362      -0.006647
   16      F    Py       0.070362      -0.006647
   17      F    Pz       0.070171      -0.014368
   18      F   Dxx       0.158483       0.000836
   19      F   Dxy       0.000000       0.000000
   20      F   Dxz       0.000008      -0.000002
   21      F   Dyy       0.158483       0.000836
   22      F   Dyz       0.000008      -0.000002
   23      F   Dzz       0.157593       0.009670
   24      F   Dxx       0.149837      -0.004672
   25      F   Dxy       0.000000       0.000000
   26      F   Dxz       0.000122      -0.000029
   27      F   Dyy       0.149837      -0.004672
   28      F   Dyz       0.000122      -0.000029
   29      F   Dzz       0.143622       0.005866
   30      F   Dxx       0.024655      -0.002524
   31      F   Dxy       0.000000      -0.000000
   32      F   Dxz       0.009977      -0.000654
   33      F   Dyy       0.024655      -0.002524
   34      F   Dyz       0.009977      -0.000654
   35      F   Dzz       0.056868       0.013966
   36      F  Fxxx       0.236440       0.002296
   37      F  Fxxy       0.103166       0.001073
   38      F  Fxxz       0.075185       0.033724
   39      F  Fxyy       0.103166       0.001073
   40      F  Fxyz       0.000000       0.000000
   41      F  Fxzz       0.104973       0.002974
   42      F  Fyyy       0.236440       0.002296
   43      F  Fyyz       0.075185       0.033724
   44      F  Fyzz       0.104973       0.002974
   45      F  Fzzz       0.178199       0.080048
   46      F  Fxxx       0.171129      -0.003692
   47      F  Fxxy       0.073285      -0.001632
   48      F  Fxxz       0.055827       0.010504
   49      F  Fxyy       0.073285      -0.001632
   50      F  Fxyz       0.000000       0.000000
   51      F  Fxzz       0.070765      -0.000316
   52      F  Fyyy       0.171129      -0.003692
   53      F  Fyyz       0.055827       0.010504
   54      F  Fyzz       0.070765      -0.000316
   55      F  Fzzz       0.132596       0.014862
   56      F     S       1.574404      -0.000049
   57      F     S       0.612948       0.007477
   58      F     S       0.415956       0.005561
   59      F     S       0.288011      -0.003369
   60      F     S       0.074668      -0.001412
   61      F    Px       0.505946       0.011297
   62      F    Py       0.505946       0.011297
   63      F    Pz       0.368937       0.188770
   64      F    Px       0.376791       0.004425
   65      F    Py       0.376791       0.004425
   66      F    Pz       0.279483       0.119012
   67      F    Px       0.277036      -0.009093
   68      F    Py       0.277036      -0.009093
   69      F    Pz       0.218569      -0.001771
   70      F    Px       0.070362      -0.006647
   71      F    Py       0.070362      -0.006647
   72      F    Pz       0.070171      -0.014368
   73      F   Dxx       0.158483       0.000836
   74      F   Dxy       0.000000      -0.000000
   75      F   Dxz       0.000008      -0.000002
   76      F   Dyy       0.158483       0.000836
   77      F   Dyz       0.000008      -0.000002
   78      F   Dzz       0.157593       0.009670
   79      F   Dxx       0.149837      -0.004672
   80      F   Dxy       0.000000       0.000000
   81      F   Dxz       0.000122      -0.000029
   82      F   Dyy       0.149837      -0.004672
   83      F   Dyz       0.000122      -0.000029
   84      F   Dzz       0.143622       0.005866
   85      F   Dxx       0.024655      -0.002524
   86      F   Dxy       0.000000      -0.000000
   87      F   Dxz       0.009977      -0.000654
   88      F   Dyy       0.024655      -0.002524
   89      F   Dyz       0.009977      -0.000654
   90      F   Dzz       0.056868       0.013966
   91      F  Fxxx       0.236440       0.002296
   92      F  Fxxy       0.103166       0.001073
   93      F  Fxxz       0.075185       0.033724
   94      F  Fxyy       0.103166       0.001073
   95      F  Fxyz       0.000000       0.000000
   96      F  Fxzz       0.104973       0.002974
   97      F  Fyyy       0.236440       0.002296
   98      F  Fyyz       0.075185       0.033724
   99      F  Fyzz       0.104973       0.002974
  100      F  Fzzz       0.178199       0.080048
  101      F  Fxxx       0.171129      -0.003692
  102      F  Fxxy       0.073285      -0.001632
  103      F  Fxxz       0.055827       0.010504
  104      F  Fxyy       0.073285      -0.001632
  105      F  Fxyz       0.000000       0.000000
  106      F  Fxzz       0.070765      -0.000316
  107      F  Fyyy       0.171129      -0.003692
  108      F  Fyyz       0.055827       0.010504
  109      F  Fyzz       0.070765      -0.000316
  110      F  Fzzz       0.132596       0.014862
 
                           __________     __________
              Total =       19.000000       1.000000
 
  Atomic LOWDIN Population: for E-        
            F                9.500000       0.500000
            F                9.500000       0.500000
 
 ...end of LOWDIN Population
 
 
 END POPULATION ANALYSES 
 
 
  EXPECTED POSITIONS OF QUANTUM SPECIES:
 ======================
 
 POSITIONS IN ANGSTROMS
 ------
 
                        <x>      <y>      <z>         
            E-ALPHA  -0.0000  -0.0000   9.5000
             E-BETA  -0.0000  -0.0000   8.5500
 
 END EXPECTED POSITIONS
 
 
  ELECTROSTATIC MOMENTS:
 ======================
 
 
 DIPOLE: (A.U.)
 ------
 
                           <Dx>         <Dy>         <Dz>          |D|
            E-ALPHA   0.00000000   0.00000000 -17.95239688
             E-BETA   0.00000000   0.00000000 -16.15715720
    Point charges:    0.00000000   0.00000000  32.31431439
                     ____________________________
      Total Dipole:   0.00000000   0.00000000  -1.79523969   1.79523969
 
 DIPOLE: (DEBYE)
 ------
 
                           <Dx>         <Dy>         <Dz>          |D|
            E-ALPHA   0.00000000   0.00000000 -45.63043547
             E-BETA   0.00000000   0.00000000 -41.06739193
    Point charges:    0.00000000   0.00000000  82.13478385
                     ____________________________
      Total Dipole:   0.00000000   0.00000000  -4.56304355   4.56304355
 
 QUADRUPOLE NON-TRACELESS: (DEBYE ANGS)
 ------
 
                           <xx>         <yy>         <zz>         <xy>         <xz>         <yz>
            E-ALPHA   -5.75411499   -5.75411499  -93.18013919   -0.00000000    0.00000000    0.00000000
             E-BETA   -5.99195597   -5.99195597  -83.67550419    0.00000000    0.00000000    0.00000000
    Point charges:     0.00000000    0.00000000  156.05607152    0.00000000    0.00000000    0.00000000
  Total Quadrupole:  -11.74607096  -11.74607096  -20.79957186    0.00000000    0.00000000    0.00000000
                     ____________________________
 
 END ELECTROSTATIC MOMENTS
 
 
 BEGIN FOUR-INDEX INTEGRALS TRANFORMATION:
 ========================================
 Selected method: C         
 
 --------------------------------------------------
    4N^5 Algorithm Four-index integral tranformation
 --------------------------------------------------
 
 Integrals transformation for: E-ALPHA
 
              Transformation boundaries 
                 orbital lower upper
                       p     1    10
                       q    11   110
                       r     1    10
                       s    11   110
 
         Loading AO integrals time(s):  0.271E-01
      Integral transformation time(s):  0.249E+01
       Non-zero transformed integrals:       184430
 
 Inter-species integrals transformation for: E-ALPHA/E-BETA
 
              Transformation boundaries 
                 orbital lower upper
                       p     1     9
                       q    10   110
                       r     1    10
                       s    11   110
 
         Loading AO integrals time(s):  0.331E-01
      Integral transformation time(s):  0.983E+01
 Non zero transformed coupling integrals:       229875
 
 Integrals transformation for: E-BETA
 
              Transformation boundaries 
                 orbital lower upper
                       p     1     9
                       q    10   110
                       r     1     9
                       s    10   110
 
         Loading AO integrals time(s):  0.190E-01
      Integral transformation time(s):  0.231E+01
       Non-zero transformed integrals:       174250
 
** TOTAL Elapsed Time for integrals transformation :     14.950 (s)
 
 
  POST HARTREE-FOCK CALCULATION
  MANY-BODY PERTURBATION THEORY:
 ==============================
 
              MOLLER-PLESSET FORMALISM 
               ORDER OF CORRECTION =     2
 
                E(0) + E(1) =    -198.862017043993
                       E(2) =      -0.586378850333
                             ____________________
                     E(MP2) =    -199.448395894326
 
              -----------------------------------
               E(n){ Specie }     E(n) / Hartree 
              -----------------------------------
 
            E(2){ E-ALPHA } =      -0.077146070820
             E(2){ E-BETA } =      -0.077713563745
 
     E(2){ E-ALPHA/E-BETA } =      -0.431519215769
 
** TOTAL CPU Time HF-MBPT :      0.510 (s)
** TOTAL Elapsed Time HF-MBPT :      0.351 (s)
 

  TOTAL CPU Time:      0.241 (s)
 TOTAL Wall Time:     18.463 (s)
  Elapsed Time:   0h  0m 18s 464ms
LOWDIN execution terminated normally at : Tue Feb  4 16:55:01 2025
-rw-rw-r-- 1 pohl pohl  51M feb  4 16:54 0E-ALPHA.E-BETA.ints
-rw-rw-r-- 1 pohl pohl  26M feb  4 16:54 0E-ALPHA.ints
-rw-rw-r-- 1 pohl pohl  51M feb  4 16:54 1E-ALPHA.E-BETA.ints
-rw-rw-r-- 1 pohl pohl  26M feb  4 16:54 1E-ALPHA.ints
-rw-rw-r-- 1 pohl pohl  51M feb  4 16:54 2E-ALPHA.E-BETA.ints
-rw-rw-r-- 1 pohl pohl  26M feb  4 16:54 2E-ALPHA.ints
-rw-rw-r-- 1 pohl pohl  51M feb  4 16:54 3E-ALPHA.E-BETA.ints
-rw-rw-r-- 1 pohl pohl  26M feb  4 16:54 3E-ALPHA.ints
-rw-rw-r-- 1 pohl pohl   12 feb  4 16:54 E-ALPHA.E-BETA.nints
-rw-rw-r-- 1 pohl pohl 5.5M feb  4 16:54 E-ALPHAmoint.dat
-rw-rw-r-- 1 pohl pohl 5.5M feb  4 16:54 E-BETA.E-ALPHAmoint.dat
-rw-rw-r-- 1 pohl pohl 4.9M feb  4 16:55 E-BETAmoint.dat
-rw-rw-r-- 1 pohl pohl   63 feb  4 16:54 gepol.inp
-rw-rw-r-- 1 pohl pohl  182 feb  4 16:54 gepol.xyzr
-rw-rw-r-- 1 pohl pohl  13K feb  4 16:54 lowdin.bas
-rw-rw-r-- 1 pohl pohl  16K feb  4 16:54 lowdin.dat
-rw-rw-r-- 1 pohl pohl 2.3M feb  4 16:54 lowdin.opints
-rw-rw-r-- 1 pohl pohl  46K feb  4 16:54 lowdin.sys
-rw-rw-r-- 1 pohl pohl 2.1M feb  4 16:54 lowdin.wfn
-rw-rw-r-- 1 pohl pohl  258 feb  4 16:54 usual_7
-rw-rw-r-- 1 pohl pohl 1.1K feb  4 16:54 usual_7.aux
-rw-rw-r-- 1 pohl pohl  266 feb  4 16:54 usual_7.lowdin
-rw-rw-r-- 1 pohl pohl  82K feb  4 16:55 usual_7.out
-rw-rw-r-- 1 pohl pohl 192K feb  4 16:54 usual_7.vec
