Begin job by input: usual_47.lowdin, for user:   at  mar 04 feb 2025 17:06:30 -05
under operating system Linux helios 5.19.0-46-generic #47-Ubuntu SMP PREEMPT_DYNAMIC Fri Jun 16 13:30:11 UTC 2023 x86_64 x86_64 x86_64 GNU/Linux
Compilation information
  commit: f31d3924f6ee2ce9d77f07edcc1ba27359319d14
  compilation date:  mar 17 sep 2024 16:16:17 -05

BEGIN INPUT INFO:
------------------------------------

GEOMETRY
	e-(F)	AUG-CC-PVTZ 0.0 0.0 0.0 multiplicity=2 addParticles=1 
	e-(F)	AUG-CC-PVTZ 0.0 0.0 9.9 
	F	Dirac 0.0 0.0 0.0
	F	Dirac 0.0 0.0 9.9
END GEOMETRY

TASKS
        method = "UHF"
	mollerPlessetCorrection=2
END TASKS

CONTROL
	units="ANGS"
END CONTROL






... END INPUT INFO


 LOWDIN execution started at : Tue Feb  4 17:06:30 2025
 ---------------------------------------------------------------
 
 ***************************************************************
 *                   LOWDIN 2.0  (May/2013)                    *
 *                                                             *
 *  R. FLORES-MORENO, E. F. POSADA, F. S. MONCADA, J.ROMERO,   *
 *  J. CHARRY, M. DIAZ-TINOCO, S. A. GONZALEZ, N. F. AGUIRRE,  *
 *  A. REYES                                                   *
 *                                                             *
 *  https://sites.google.com/site/lowdinproject/               *
 *                                                             *
 ***************************************************************
 
 PARSING INPUT... DONE!
 
 LOWDIN IS RUNNING WITH NEXT PARAMETERS: 
 ----------------------------------------
 
         METHOD TYPE:  UHF
         NUMBER OF CORES:     4
         MOLLER PLESSET CORRECTION:      2
         NONELECTRONIC DENSITY GUESS: HCORE
         ELECTRONIC DENSITY GUESS: HCORE
         CRITERIUM OF CONVERGENCE: ENERGY
         NONELECTRONIC ENERGY TOLERANCE IN SCFs:     0.10000E-07
         ELECTRONIC ENERGY TOLERANCE IN SCFs:     0.10000E-07
         TOTAL ENERGY TOLERANCE IN SCFs:     0.10000E-07
         SCHEME OF ITERATION: GLOBAL ITERATIONS
         SCF MAX. SUBITERATIONS - NONELECTRONS :     1
         SCF MAX. SUBITERATIONS - ELECTRONS :     1
         SCF MAX. ITERATIONS - INTERSPECIES :   200
         INTEGRAL STORAGE: DISK
         STACK SIZE FOR ERIS : 30000
         METHOD OF SCF CONVERGENCE: DAMPING
 
  MOLECULAR SYSTEM: usual_47
 -----------------
 
    DESCRIPTION   : usual_47
    CHARGE        :   0
    PUNTUAL GROUP : NONE
 
 
  INFORMATION OF PARTICLES :
 =========================
         Total number of particles   =      21
         Number of quantum particles =      19
         Number of puntual charges   =       2
         Number of quantum species   =       2
 
                 INFORMATION OF QUANTUM SPECIES 
    ----------------------------------------------------------------------
         ID      Symbol            mass     charge      omega     spin     multiplicity
    ----------------------------------------------------------------------
         1        E-ALPHA         1.0000     -1.00      0.00      0.50      2.00
         2         E-BETA         1.0000     -1.00      0.00      0.50      2.00
 
                   CONSTANTS OF COUPLING 
      ------------------------------------------------------------
              Symbol      kappa        eta     lambda occupation
      ------------------------------------------------------------
             E-ALPHA      -1.00       1.00       1.00      10.00
              E-BETA      -1.00       1.00       1.00       9.00
 
                   BASIS SET FOR SPECIES 
      ------------------------------------------------------------
           Symbol          N. Basis     N. Particles     Basis Set
      ------------------------------------------------------------
            E-ALPHA           28               10     AUG-CC-PVT
             E-BETA           28                9     AUG-CC-PVT
 
                                ATOMIC BASIS
         ------------------------------------------------------------
          PRIMITIVE   SHELL             EXPONENT         COEFFICIENT 
         ------------------------------------------------------------
 
    BEGIN DESCRIPTION OF BASIS FOR: E-ALP
    ==============================
 
 
             F BASIS SET:    AUG-CC-PVTZ
             1         S            19500.00000000          0.00050700
             2         S             2923.00000000          0.00392300
             3         S              664.50000000          0.02020000
             4         S              187.50000000          0.07901000
             5         S               60.62000000          0.23043900
             6         S               21.42000000          0.43287200
             7         S                7.95000000          0.34996400
             8         S                0.88150000         -0.00789200
             1         S            19500.00000000         -0.00011700
             2         S             2923.00000000         -0.00091200
             3         S              664.50000000         -0.00471700
             4         S              187.50000000         -0.01908600
             5         S               60.62000000         -0.05965500
             6         S               21.42000000         -0.14001000
             7         S                7.95000000         -0.17678200
             8         S                0.88150000          0.60504300
             1         S                2.25700000          1.00000000
             1         S                0.30410000          1.00000000
             1         S                0.09158000          1.00000000
             1         P               43.88000000          0.01666500
             2         P                9.92600000          0.10447200
             3         P                2.93000000          0.31726000
             1         P                0.91320000          1.00000000
             1         P                0.26720000          1.00000000
             1         P                0.07361000          1.00000000
             1         D                3.10700000          1.00000000
             1         D                0.85500000          1.00000000
             1         D                0.29200000          1.00000000
             1         F                1.91700000          1.00000000
             1         F                0.72400000          1.00000000
 
             F BASIS SET:    AUG-CC-PVTZ
             1         S            19500.00000000          0.00050700
             2         S             2923.00000000          0.00392300
             3         S              664.50000000          0.02020000
             4         S              187.50000000          0.07901000
             5         S               60.62000000          0.23043900
             6         S               21.42000000          0.43287200
             7         S                7.95000000          0.34996400
             8         S                0.88150000         -0.00789200
             1         S            19500.00000000         -0.00011700
             2         S             2923.00000000         -0.00091200
             3         S              664.50000000         -0.00471700
             4         S              187.50000000         -0.01908600
             5         S               60.62000000         -0.05965500
             6         S               21.42000000         -0.14001000
             7         S                7.95000000         -0.17678200
             8         S                0.88150000          0.60504300
             1         S                2.25700000          1.00000000
             1         S                0.30410000          1.00000000
             1         S                0.09158000          1.00000000
             1         P               43.88000000          0.01666500
             2         P                9.92600000          0.10447200
             3         P                2.93000000          0.31726000
             1         P                0.91320000          1.00000000
             1         P                0.26720000          1.00000000
             1         P                0.07361000          1.00000000
             1         D                3.10700000          1.00000000
             1         D                0.85500000          1.00000000
             1         D                0.29200000          1.00000000
             1         F                1.91700000          1.00000000
             1         F                0.72400000          1.00000000
    ... END DESCRIPTION OF BASIS
 
 
  END INFORMATION OF PARTICLES
 
 
  INFORMATION OF THE QUANTUM SYSTEM 
     ---------------------------------------------------------------------
                 ID     Occupied Orbitals     Basis size
     ---------------------------------------------------------------------
            E-ALPHA           10              110
             E-BETA            9              110
 
  END INFORMATION OF QUANTUM SYSTEM
 
                       INITIAL GEOMETRY: AMSTRONG
                 -----------------------------------
                       <x>                 <y>                 <z>
  E-ALPHAF        0.0000000000        0.0000000000        0.0000000000
  E-ALPHAF        0.0000000000        0.0000000000        9.9000000000
         F        0.0000000000        0.0000000000        0.0000000000
         F        0.0000000000        0.0000000000        9.9000000000
 
                     MATRIX OF DISTANCE: ANGSTROM
                 -----------------------------------
                          F(1)           F(2)      
 
        F(1)             0.000000       9.900000
        F(2)             9.900000       0.000000
 
--------------------------------------------------------------------------------
** PROGRAM: SCF (Hartree Fock).     Author: S.A. Gonzalez, E. Posada, F. Moncada
--------------------------------------------------------------------------------
INFO: RUNNING IN UHF MODE.
 
----------------------------------------------------------------------
** PROGRAM INTS                          Author: E. F. Posada, 2013   
----------------------------------------------------------------------
INFO: RUNNING IN ONE_PARTICLE MODE.
 
 Number of Overlap integrals for species E-ALPHA:  12100
 Number of Overlap integrals for species E-BETA:  12100
 Number of Kinetic integrals for species E-ALPHA:  12100
 Number of Kinetic integrals for species E-BETA:  12100
 Number of Nuclear integrals for species E-ALPHA:  12100
 Number of Nuclear integrals for species E-BETA:  12100
 Number of Moment integrals for species E-ALPHA:  36300
 Number of Moment integrals for species E-BETA:  36300
 
** TOTAL CPU Time INTS :      0.441 (s)
** TOTAL Elapsed Time INTS :      0.198 (s)
 
       Usign  HCORE density guess for species:    E-ALPHA
     number of    E-ALPHA     particles in guess density matrix:    10.000000
       Usign  HCORE density guess for species:     E-BETA
     number of     E-BETA     particles in guess density matrix:     9.000000
 Number of unique integrals for species: 1 = 927932
 Number of unique integrals for species: 1 / 2 = 1852783 Screened: 72052
 
 TWO-BODY INTEGRAL SETUP: 
------------------------- 
 Storage:   DISK
 Scheme: LIBINT
 Stack size:  30000
 
 LIBINT library, Fermann, J. T.; Valeev, F. L. 2010                   
 LOWDIN-LIBINT Implementation V. 2.1  Posada E. F. ; Reyes A. 2016   
 ----------------------------------------------------------------------

*** TOTAL CPU time intra-species integrals :      0.634 (s)
*** TOTAL elapsed time intra-species integrals :      0.124 (s)


*** TOTAL CPU time inter-species integrals :      1.220 (s)
*** TOTAL elapsed time inter-species integrals :      0.275 (s)

INFO: RUNNING SCHEME SIMULTANEOUS
 
 Begin Multi-Species SCF calculation:
 
 --------------------------------------------------------------------------------------------------
      Iteration                   Energy            Energy Change           Density Change
 --------------------------------------------------------------------------------------------------
              1        -172.843645138656         172.843645138656           0.106649938647
              2        -172.722252647239          -0.121392491417           0.086114326972
              3        -194.075406993171          21.353154345931           0.024269909818
              4        -198.050849458122           3.975442464951           0.012636019795
              5        -198.400864314635           0.350014856514           0.005087675653
              6        -198.774680397930           0.373816083295           0.002655255641
              7        -198.794649500153           0.019969102222           0.000594455825
              8        -198.805629666353           0.010980166201           0.000490522595
              9        -198.807122916207           0.001493249854           0.000138840710
             10        -198.807450825486           0.000327909279           0.000186020777
             11        -198.807713073672           0.000262248186           0.000290165651
             12        -198.808380266663           0.000667192991           0.000738479994
             13        -198.811530028406           0.003149761743           0.001286738296
             14        -198.824228266879           0.012698238473           0.001683312940
             15        -198.844079172252           0.019850905373           0.001176762894
             16        -198.853923929995           0.009844757743           0.000569126439
             17        -198.856918731709           0.002994801714           0.000379319993
             18        -198.858124309907           0.001205578198           0.000223823194
             19        -198.858661392074           0.000537082167           0.000170417165
             20        -198.858910431040           0.000249038966           0.000104067829
             21        -198.859027962367           0.000117531327           0.000081294160
             22        -198.859085210439           0.000057248072           0.000052723795
             23        -198.859113743525           0.000028533086           0.000041412251
             24        -198.859128354794           0.000014611269           0.000029129543
             25        -198.859135985308           0.000007630514           0.000007631418
             26        -198.859137635707           0.000001650399           0.000016283393
             27        -198.859141115202           0.000003479496           0.000012475381
             28        -198.859142933013           0.000001817810           0.000009213632
             29        -198.859143901751           0.000000968738           0.000006894387
             30        -198.859144421477           0.000000519726           0.000005168360
             31        -198.859144702090           0.000000280613           0.000001586716
             32        -198.859144788201           0.000000086111           0.000002563322
             33        -198.859144882906           0.000000094705           0.000002452869
             34        -198.859144955927           0.000000073021           0.000001857399
             35        -198.859144995236           0.000000039308           0.000001397163
             36        -198.859145016507           0.000000021271           0.000001061544
             37        -198.859145028070           0.000000011563           0.000000216633
             38        -198.859145030035           0.000000001965           0.000000618126
 Total energy converged after  38 global iterations                                                  
 
 ...end Multi-Species SCF calculation
 
 
 Begin SCF calculation by: E-ALPHA
 -------------------------
 
 -----------------------------------------------------------------------------------
 Iteration                   Energy           Density Change         DIIS Error 
 -----------------------------------------------------------------------------------
    1         -95.203765543244           0.042645687549                 -- 
    2         -90.506870910291           0.011642082879                 -- 
    3         -72.604967281174           0.005230634715                 -- 
    4         -80.754317325276           0.001843674507                 -- 
    5         -78.611145673377           0.000979584464                 -- 
    6         -76.959068275943           0.000245415232                 -- 
    7         -77.260019865864           0.000253038640                 -- 
    8         -77.545369243707           0.000063926930                 -- 
    9         -77.464383197296           0.000020788812                 -- 
   10         -77.381643923953           0.000086409428                 -- 
   11         -77.388590368018           0.000077528490                 -- 
   12         -77.336697922063           0.000302068259                 -- 
   13         -77.327483992822           0.000337126156                 -- 
   14         -77.230176428032           0.000385094353                 -- 
   15         -77.187707534191           0.000131252852                 -- 
   16         -77.055132130712           0.000160970641                 -- 
   17         -77.054854630481           0.000049293254                 -- 
   18         -76.970072651141           0.000089734345                 -- 
   19         -76.980243489160           0.000022287557                 -- 
   20         -76.928391090575           0.000051693422                 -- 
   21         -76.939219529419           0.000010269902                 -- 
   22         -76.907561610162           0.000030169341                 -- 
   23         -76.916647387420           0.000005334634                 -- 
   24         -76.900757766367           0.000002517595                 -- 
   25         -76.900439010924           0.000013075823                 -- 
   26         -76.901647213347           0.000002877399                 -- 
   27         -76.894226850302           0.000007392124                 -- 
   28         -76.895536574678           0.000001261560                 -- 
   29         -76.891040666787           0.000004315227                 -- 
   30         -76.892184696191           0.000000625169                 -- 
   31         -76.891430518291           0.000000378165                 -- 
   32         -76.889728334124           0.000002002583                 -- 
   33         -76.890044893698           0.000000330731                 -- 
   34         -76.888831767394           0.000001170301                 -- 
   35         -76.889119211453           0.000000163289                 -- 
   36         -76.888519433233           0.000000090128                 -- 
   37         -76.888463153394           0.000000547573                 -- 
 
 ... end SCF calculation
 
 Begin SCF calculation by: E-BETA
 -------------------------
 
 -----------------------------------------------------------------------------------
 Iteration                   Energy           Density Change         DIIS Error 
 -----------------------------------------------------------------------------------
    1         -89.248612318657           0.043468639423                 -- 
    2         -83.977814740634           0.012627826939                 -- 
    3         -67.003786881500           0.007405385081                 -- 
    4         -73.738141652373           0.003244001146                 -- 
    5         -72.110094060631           0.001675671177                 -- 
    6         -70.817965913395           0.000349040592                 -- 
    7         -71.049741541355           0.000237483955                 -- 
    8         -71.322499750512           0.000074913780                 -- 
    9         -71.279406400242           0.000165231965                 -- 
   10         -71.274718971732           0.000203756223                 -- 
   11         -71.333686362301           0.000660951504                 -- 
   12         -71.335624507164           0.000984670037                 -- 
   13         -71.415029990070           0.001346186784                 -- 
   14         -71.464428426231           0.000791668541                 -- 
   15         -71.591996857941           0.000437873586                 -- 
   16         -71.599146788995           0.000218349352                 -- 
   17         -71.699992088686           0.000174529940                 -- 
   18         -71.691346550833           0.000080682819                 -- 
   19         -71.755923902581           0.000081780272                 -- 
   20         -71.744662049190           0.000029600739                 -- 
   21         -71.784611174413           0.000042453893                 -- 
   22         -71.774525175387           0.000011242909                 -- 
   23         -71.799157535059           0.000023794909                 -- 
   24         -71.791143696571           0.000005113823                 -- 
   25         -71.794031089358           0.000003207570                 -- 
   26         -71.803719068557           0.000009597982                 -- 
   27         -71.802440031292           0.000001821508                 -- 
   28         -71.808204307293           0.000005632827                 -- 
   29         -71.806960225456           0.000000853133                 -- 
   30         -71.809920489347           0.000000961547                 -- 
   31         -71.810015189042           0.000002185157                 -- 
   32         -71.809801103680           0.000000450286                 -- 
   33         -71.811362985813           0.000001526668                 -- 
   34         -71.811055139692           0.000000226862                 -- 
   35         -71.812001599159           0.000000898255                 -- 
   36         -71.811741332045           0.000000126504                 -- 
   37         -71.811831131541           0.000000070553                 -- 
 
 ... end SCF calculation
 
  EIGENVALUES AND EIGENVECTORS: 
 ==============================
 
 
  Eigenvalues for: E-ALPHA
 -----------------
 
    1         -26.354947044273
    2         -25.831987120759
    3          -1.620155548651
    4          -1.076056324502
    5          -0.791392767032
    6          -0.678142764627
    7          -0.678142764627
    8          -0.181211831776
    9          -0.181209922412
   10          -0.181209922412
   11           0.208643871279
   12           0.235956731022
   13           0.241856212727
   14           0.241856212727
   15           0.415854127353
   16           0.427326664765
   17           0.427351668864
   18           0.427351668864
   19           0.846163337899
   20           0.904817356768
   21           0.908702565537
   22           0.908702565537
   23           0.928455265011
   24           0.928455265011
   25           0.942313709125
   26           0.975523475283
   27           0.975523475283
   28           1.146361565840
   29           1.228359665224
   30           1.228361771316
   31           1.228361771316
   32           1.228366899080
   33           1.228366899080
   34           1.292839321651
   35           1.292849365619
   36           1.292849365619
   37           2.695343438395
   38           2.756015166157
   39           2.756015166157
   40           2.796120887650
   41           2.815393245874
   42           2.815393245874
   43           2.847726177936
   44           2.870841207143
   45           2.870841207143
   46           2.913459063456
   47           2.918709255593
   48           2.918709255593
   49           2.933382359452
   50           2.933382359452
   51           2.961355023074
   52           2.961355023074
   53           3.151870971844
   54           3.151876453761
   55           3.151876453761
   56           3.216254440293
   57           3.283151739473
   58           3.283152662029
   59           3.283152662029
   60           3.283155027844
   61           3.283155027844
   62           3.331659296906
   63           3.331659740334
   64           3.331659740334
   65           3.331661025523
   66           3.331661025523
   67           3.331663040747
   68           3.331663040747
   69           5.005918623888
   70           5.357195506347
   71           7.273559331997
   72           7.352382245836
   73           7.352382245836
   74           7.808311971390
   75           7.808314925555
   76           7.808314925555
   77           8.735446295731
   78           8.745878977264
   79           8.745878977264
   80           8.777466060943
   81           8.777466060943
   82           8.831456013167
   83           8.831456013167
   84           9.172373028150
   85           9.197262298745
   86           9.197262298745
   87           9.267821031501
   88           9.267821294792
   89           9.267821294792
   90           9.267822072234
   91           9.267822072234
   92           9.267823332811
   93           9.267823332811
   94           9.274779085877
   95           9.274779085877
   96           9.744928753451
   97           9.744929277518
   98           9.744929277518
   99           9.744930760725
  100           9.744930760725
  101          14.483444189385
  102          14.942751175086
  103          17.588918887923
  104          17.650306606572
  105          17.650306606586
  106          18.052155147345
  107          18.052159883772
  108          18.052159883781
  109          23.348087782809
  110          23.852030673962
 
 
  Eigenvalues for: E-BETA
 -----------------
 
    1         -26.306884696831
    2         -25.831942733278
    3          -1.425055454283
    4          -1.075972378146
    5          -0.626482532527
    6          -0.626482532527
    7          -0.181123628953
    8          -0.181123628953
    9          -0.181121390882
   10           0.089574469422
   11           0.214389220474
   12           0.243811798065
   13           0.243811798065
   14           0.289981568009
   15           0.415843502139
   16           0.427333449560
   17           0.427358033638
   18           0.427358033638
   19           0.866229847262
   20           0.926647497551
   21           0.926647497551
   22           0.929011797343
   23           0.929011797343
   24           0.931008504816
   25           0.985340903605
   26           0.985340903605
   27           1.051750145130
   28           1.146361667419
   29           1.228340500803
   30           1.228342734278
   31           1.228342734278
   32           1.228348244290
   33           1.228348244290
   34           1.292859850217
   35           1.292868882940
   36           1.292868882940
   37           2.773864512630
   38           2.773864512630
   39           2.815910776756
   40           2.877944610956
   41           2.879893507037
   42           2.879893507037
   43           2.903436684341
   44           2.903436684341
   45           2.917537022750
   46           2.940812629554
   47           2.942582199859
   48           2.942582199859
   49           2.949000675842
   50           2.949000675842
   51           2.960285792070
   52           2.960285792070
   53           3.151897891516
   54           3.151902311919
   55           3.151902311919
   56           3.216275071829
   57           3.283171896419
   58           3.283172649916
   59           3.283172649916
   60           3.283174508591
   61           3.283174508591
   62           3.331652287228
   63           3.331652744927
   64           3.331652744927
   65           3.331654072928
   66           3.331654072928
   67           3.331656159504
   68           3.331656159504
   69           5.019169016592
   70           5.357201618588
   71           7.374258117049
   72           7.374258117049
   73           7.402900521090
   74           7.808348799631
   75           7.808350567952
   76           7.808350567952
   77           8.807797739158
   78           8.811230822692
   79           8.811230822692
   80           8.821545629636
   81           8.821545629636
   82           8.838751562584
   83           8.838751562584
   84           9.267843191578
   85           9.267843396381
   86           9.267843396381
   87           9.267843998362
   88           9.267843998362
   89           9.267844966503
   90           9.267844966503
   91           9.296000393772
   92           9.296000393772
   93           9.307054265418
   94           9.307054265419
   95           9.311059671773
   96           9.744979603863
   97           9.744979819855
   98           9.744979819855
   99           9.744980378836
  100           9.744980378836
  101          14.511020195434
  102          14.942769402601
  103          17.615087959548
  104          17.656996026237
  105          17.656996026251
  106          18.052163993204
  107          18.052168572116
  108          18.052168572125
  109          23.381903590989
  110          23.852059478938
 
  end of eigenvalues 
 
  Occupied Eigenvectors for: E-ALPHA
 --------------------------- 
 
                         -26.3549       -25.8320        -1.6202        -1.0761        -0.7914   
 
    1      F     S      -0.970496       0.000000       0.004312       0.000000      -0.000069
    2      F     S       0.010217       0.000000      -0.584674       0.000000      -0.000981
    3      F     S      -0.050449       0.000000      -0.169250       0.000000      -0.000288
    4      F     S       0.016058      -0.000000      -0.389739      -0.000000      -0.000779
    5      F     S       0.001184      -0.000000      -0.018460      -0.000000       0.001075
    6      F    Px      -0.000000       0.000000      -0.000000       0.000000      -0.000000
    7      F    Py      -0.000000      -0.000000      -0.000000       0.000000      -0.000000
    8      F    Pz       0.000005      -0.000000       0.000042      -0.000000      -0.415906
    9      F    Px      -0.000000      -0.000000       0.000000      -0.000000      -0.000000
   10      F    Py       0.000000       0.000000       0.000000      -0.000000      -0.000000
   11      F    Pz      -0.000020       0.000000       0.000050       0.000000      -0.472109
   12      F    Px      -0.000000      -0.000000       0.000000      -0.000000      -0.000000
   13      F    Py      -0.000000       0.000000      -0.000000      -0.000000      -0.000000
   14      F    Pz      -0.000004       0.000000       0.000570       0.000000      -0.269485
   15      F    Px       0.000000       0.000000      -0.000000       0.000000      -0.000000
   16      F    Py      -0.000000      -0.000000       0.000000       0.000000      -0.000000
   17      F    Pz       0.000001      -0.000000       0.000076      -0.000000      -0.012949
   18      F   Dxx      -0.002236       0.000000       0.002367       0.000000       0.000007
   19      F   Dxy       0.000000       0.000000       0.000000       0.000000       0.000000
   20      F   Dxz      -0.000000      -0.000000      -0.000000      -0.000000      -0.000000
   21      F   Dyy      -0.002236       0.000000       0.002367       0.000000       0.000007
   22      F   Dyz      -0.000000      -0.000000      -0.000000      -0.000000      -0.000000
   23      F   Dzz      -0.003175       0.000000      -0.008418       0.000000       0.000013
   24      F   Dxx      -0.007966       0.000000       0.014134       0.000000       0.000087
   25      F   Dxy      -0.000000      -0.000000       0.000000       0.000000      -0.000000
   26      F   Dxz       0.000000      -0.000000      -0.000000      -0.000000       0.000000
   27      F   Dyy      -0.007966       0.000000       0.014134       0.000000       0.000087
   28      F   Dyz       0.000000       0.000000      -0.000000      -0.000000       0.000000
   29      F   Dzz      -0.007660       0.000000      -0.008275       0.000000       0.000181
   30      F   Dxx      -0.002661       0.000000       0.015006       0.000000      -0.000139
   31      F   Dxy       0.000000       0.000000      -0.000000       0.000000       0.000000
   32      F   Dxz       0.000000       0.000000      -0.000000      -0.000000       0.000000
   33      F   Dyy      -0.002661       0.000000       0.015006       0.000000      -0.000139
   34      F   Dyz      -0.000000      -0.000000      -0.000000       0.000000       0.000000
   35      F   Dzz      -0.002787       0.000000       0.013376       0.000000       0.001224
   36      F  Fxxx       0.000000       0.000000      -0.000000       0.000000      -0.000000
   37      F  Fxxy      -0.000000      -0.000000      -0.000000      -0.000000       0.000000
   38      F  Fxxz       0.000004      -0.000000       0.000007      -0.000000      -0.002828
   39      F  Fxyy      -0.000000       0.000000      -0.000000       0.000000      -0.000000
   40      F  Fxyz      -0.000000      -0.000000      -0.000000      -0.000000      -0.000000
   41      F  Fxzz      -0.000000       0.000000      -0.000000       0.000000      -0.000000
   42      F  Fyyy      -0.000000      -0.000000      -0.000000      -0.000000       0.000000
   43      F  Fyyz       0.000004      -0.000000       0.000007      -0.000000      -0.002828
   44      F  Fyzz      -0.000000      -0.000000      -0.000000      -0.000000      -0.000000
   45      F  Fzzz       0.000008      -0.000000       0.000026      -0.000000      -0.021931
   46      F  Fxxx       0.000000       0.000000      -0.000000       0.000000      -0.000000
   47      F  Fxxy      -0.000000      -0.000000      -0.000000       0.000000      -0.000000
   48      F  Fxxz       0.000003      -0.000000       0.000023      -0.000000      -0.005220
   49      F  Fxyy      -0.000000       0.000000      -0.000000       0.000000      -0.000000
   50      F  Fxyz       0.000000       0.000000       0.000000       0.000000       0.000000
   51      F  Fxzz       0.000000       0.000000      -0.000000       0.000000      -0.000000
   52      F  Fyyy      -0.000000      -0.000000      -0.000000       0.000000      -0.000000
   53      F  Fyyz       0.000003      -0.000000       0.000023      -0.000000      -0.005220
   54      F  Fyzz      -0.000000      -0.000000      -0.000000       0.000000      -0.000000
   55      F  Fzzz       0.000007      -0.000000       0.000099      -0.000000      -0.025911
   56      F     S       0.000000      -0.971097      -0.000000       0.009113       0.000000
   57      F     S       0.000000       0.010668      -0.000000      -0.552348       0.000000
   58      F     S       0.000000      -0.048940      -0.000000      -0.158733       0.000000
   59      F     S      -0.000000       0.016221       0.000000      -0.394982      -0.000000
   60      F     S      -0.000000       0.001155       0.000000      -0.037141      -0.000000
   61      F    Px       0.000000       0.000000       0.000000      -0.000000       0.000000
   62      F    Py       0.000000      -0.000000       0.000000      -0.000000       0.000000
   63      F    Pz       0.000000       0.000000      -0.000000       0.000001      -0.000000
   64      F    Px      -0.000000       0.000000      -0.000000      -0.000000      -0.000000
   65      F    Py      -0.000000       0.000000      -0.000000      -0.000000      -0.000000
   66      F    Pz      -0.000000      -0.000000       0.000000       0.000002       0.000000
   67      F    Px       0.000000       0.000000      -0.000000      -0.000000       0.000000
   68      F    Py       0.000000       0.000000      -0.000000      -0.000000      -0.000000
   69      F    Pz      -0.000000      -0.000000       0.000000       0.000005       0.000000
   70      F    Px      -0.000000      -0.000000       0.000000       0.000000      -0.000000
   71      F    Py      -0.000000      -0.000000       0.000000       0.000000       0.000000
   72      F    Pz       0.000000       0.000000      -0.000000       0.000002      -0.000000
   73      F   Dxx       0.000000      -0.002835      -0.000000      -0.001454       0.000000
   74      F   Dxy      -0.000000      -0.000000       0.000000       0.000000       0.000000
   75      F   Dxz       0.000000       0.000000      -0.000000      -0.000000      -0.000000
   76      F   Dyy       0.000000      -0.002835      -0.000000      -0.001454       0.000000
   77      F   Dyz      -0.000000      -0.000000      -0.000000      -0.000000      -0.000000
   78      F   Dzz       0.000000      -0.002835      -0.000000      -0.001454       0.000000
   79      F   Dxx       0.000000      -0.007980      -0.000000       0.002602       0.000000
   80      F   Dxy      -0.000000       0.000000      -0.000000      -0.000000      -0.000000
   81      F   Dxz      -0.000000       0.000000      -0.000000       0.000000       0.000000
   82      F   Dyy       0.000000      -0.007980      -0.000000       0.002602       0.000000
   83      F   Dyz       0.000000      -0.000000      -0.000000       0.000000       0.000000
   84      F   Dzz       0.000000      -0.007980      -0.000000       0.002602       0.000000
   85      F   Dxx       0.000000      -0.002727      -0.000000       0.002024       0.000000
   86      F   Dxy       0.000000      -0.000000      -0.000000       0.000000       0.000000
   87      F   Dxz       0.000000       0.000000      -0.000000      -0.000000       0.000000
   88      F   Dyy       0.000000      -0.002727      -0.000000       0.002024       0.000000
   89      F   Dyz       0.000000       0.000000       0.000000      -0.000000      -0.000000
   90      F   Dzz       0.000000      -0.002727      -0.000000       0.002023       0.000000
   91      F  Fxxx       0.000000       0.000000       0.000000       0.000000       0.000000
   92      F  Fxxy       0.000000      -0.000000       0.000000       0.000000       0.000000
   93      F  Fxxz       0.000000       0.000000      -0.000000      -0.000000      -0.000000
   94      F  Fxyy       0.000000      -0.000000       0.000000       0.000000       0.000000
   95      F  Fxyz       0.000000      -0.000000      -0.000000      -0.000000       0.000000
   96      F  Fxzz       0.000000      -0.000000       0.000000       0.000000       0.000000
   97      F  Fyyy       0.000000      -0.000000       0.000000       0.000000       0.000000
   98      F  Fyyz       0.000000       0.000000      -0.000000      -0.000000      -0.000000
   99      F  Fyzz       0.000000      -0.000000       0.000000      -0.000000       0.000000
  100      F  Fzzz       0.000000       0.000000      -0.000000      -0.000000      -0.000000
  101      F  Fxxx      -0.000000      -0.000000       0.000000       0.000000       0.000000
  102      F  Fxxy       0.000000      -0.000000       0.000000       0.000000       0.000000
  103      F  Fxxz       0.000000       0.000000      -0.000000      -0.000000      -0.000000
  104      F  Fxyy       0.000000      -0.000000       0.000000       0.000000       0.000000
  105      F  Fxyz       0.000000       0.000000       0.000000      -0.000000      -0.000000
  106      F  Fxzz       0.000000      -0.000000       0.000000      -0.000000      -0.000000
  107      F  Fyyy       0.000000      -0.000000       0.000000      -0.000000      -0.000000
  108      F  Fyyz       0.000000       0.000000      -0.000000      -0.000000      -0.000000
  109      F  Fyzz       0.000000      -0.000000       0.000000       0.000000       0.000000
  110      F  Fzzz       0.000000       0.000000      -0.000000      -0.000000      -0.000000
 
                          -0.6781        -0.6781        -0.1812        -0.1812        -0.1812   
 
    1      F     S       0.000000       0.000000      -0.000001      -0.000000      -0.000000
    2      F     S      -0.000000       0.000000      -0.000002      -0.000000      -0.000000
    3      F     S       0.000000       0.000000      -0.000002      -0.000000       0.000000
    4      F     S      -0.000000      -0.000000       0.000009       0.000000       0.000000
    5      F     S       0.000000      -0.000000       0.000007       0.000000       0.000000
    6      F    Px       0.012087      -0.407087       0.000000       0.000000       0.000000
    7      F    Py       0.407087       0.012087      -0.000000      -0.000000       0.000000
    8      F    Pz      -0.000000       0.000000       0.000001       0.000000       0.000000
    9      F    Px       0.013443      -0.452770      -0.000000      -0.000000      -0.000000
   10      F    Py       0.452770       0.013443       0.000000       0.000000      -0.000000
   11      F    Pz      -0.000000       0.000000      -0.000004      -0.000000      -0.000000
   12      F    Px       0.008747      -0.294594      -0.000000      -0.000000      -0.000001
   13      F    Py       0.294594       0.008747       0.000000       0.000001      -0.000000
   14      F    Pz      -0.000000       0.000000      -0.000017      -0.000000      -0.000000
   15      F    Px       0.000763      -0.025707      -0.000000       0.000000       0.000001
   16      F    Py       0.025707       0.000763       0.000000      -0.000001       0.000000
   17      F    Pz      -0.000000       0.000000       0.000019       0.000000       0.000000
   18      F   Dxx       0.000000      -0.000000      -0.000000       0.000000       0.000000
   19      F   Dxy       0.000000       0.000000       0.000000       0.000000       0.000000
   20      F   Dxz      -0.000000       0.000016      -0.000000       0.000000       0.000000
   21      F   Dyy       0.000000      -0.000000      -0.000000      -0.000000       0.000000
   22      F   Dyz      -0.000016      -0.000000       0.000000      -0.000000       0.000000
   23      F   Dzz       0.000000      -0.000000      -0.000000       0.000000       0.000000
   24      F   Dxx       0.000000       0.000000      -0.000002      -0.000000       0.000000
   25      F   Dxy       0.000000      -0.000000      -0.000000      -0.000000       0.000000
   26      F   Dxz      -0.000001       0.000033      -0.000000      -0.000000      -0.000000
   27      F   Dyy       0.000000       0.000000      -0.000002      -0.000000      -0.000000
   28      F   Dyz      -0.000033      -0.000001      -0.000000       0.000000      -0.000000
   29      F   Dzz       0.000000       0.000000      -0.000002      -0.000000      -0.000000
   30      F   Dxx       0.000000       0.000000      -0.000004      -0.000000      -0.000000
   31      F   Dxy      -0.000000       0.000000      -0.000000       0.000000       0.000000
   32      F   Dxz      -0.000027       0.000893       0.000000       0.000000       0.000000
   33      F   Dyy       0.000000       0.000000      -0.000004      -0.000000      -0.000000
   34      F   Dyz      -0.000893      -0.000027       0.000000      -0.000000       0.000000
   35      F   Dzz       0.000000       0.000000      -0.000004      -0.000000      -0.000000
   36      F  Fxxx       0.000403      -0.013573       0.000000       0.000000       0.000000
   37      F  Fxxy       0.006070       0.000180      -0.000000      -0.000000       0.000000
   38      F  Fxxz      -0.000000      -0.000000       0.000001       0.000000       0.000000
   39      F  Fxyy       0.000180      -0.006070       0.000000       0.000000       0.000000
   40      F  Fxyz       0.000000      -0.000000      -0.000000       0.000000      -0.000000
   41      F  Fxzz       0.000384      -0.012936       0.000000       0.000000       0.000000
   42      F  Fyyy       0.013573       0.000403      -0.000000      -0.000000       0.000000
   43      F  Fyyz       0.000000       0.000000       0.000001       0.000000       0.000000
   44      F  Fyzz       0.012936       0.000384      -0.000000      -0.000000       0.000000
   45      F  Fzzz      -0.000000       0.000000       0.000002       0.000000       0.000000
   46      F  Fxxx       0.000542      -0.018242       0.000000       0.000000       0.000000
   47      F  Fxxy       0.008158       0.000242      -0.000000      -0.000000       0.000000
   48      F  Fxxz      -0.000000      -0.000000       0.000003       0.000000       0.000000
   49      F  Fxyy       0.000242      -0.008158       0.000000       0.000000       0.000000
   50      F  Fxyz       0.000000      -0.000000       0.000000      -0.000000      -0.000000
   51      F  Fxzz       0.000447      -0.015045       0.000000       0.000000       0.000000
   52      F  Fyyy       0.018242       0.000542      -0.000000      -0.000000       0.000000
   53      F  Fyyz       0.000000       0.000000       0.000003       0.000000       0.000000
   54      F  Fyzz       0.015045       0.000447      -0.000000      -0.000000       0.000000
   55      F  Fzzz      -0.000000       0.000000       0.000006       0.000000       0.000000
   56      F     S       0.000000       0.000000      -0.000003      -0.000000       0.000000
   57      F     S       0.000000       0.000000      -0.000015      -0.000000       0.000000
   58      F     S       0.000000      -0.000000      -0.000009      -0.000000       0.000000
   59      F     S      -0.000000       0.000000       0.000003       0.000000      -0.000000
   60      F     S      -0.000000       0.000000       0.000056       0.000000      -0.000000
   61      F    Px       0.000000      -0.000000      -0.000000       0.189328       0.316196
   62      F    Py       0.000000       0.000000       0.000000      -0.316196       0.189328
   63      F    Pz       0.000000      -0.000000      -0.368544      -0.000000      -0.000000
   64      F    Px      -0.000000       0.000000      -0.000000       0.210435       0.351447
   65      F    Py      -0.000000      -0.000000       0.000000      -0.351447       0.210435
   66      F    Pz      -0.000000       0.000000      -0.409630      -0.000000      -0.000000
   67      F    Px      -0.000000       0.000000      -0.000000       0.178283       0.297751
   68      F    Py      -0.000000      -0.000000       0.000000      -0.297751       0.178283
   69      F    Pz       0.000000      -0.000000      -0.347041      -0.000000      -0.000000
   70      F    Px       0.000000      -0.000000      -0.000000       0.063984       0.106859
   71      F    Py       0.000000       0.000000       0.000000      -0.106859       0.063984
   72      F    Pz      -0.000000      -0.000000      -0.124561      -0.000000      -0.000000
   73      F   Dxx       0.000000      -0.000000      -0.000000      -0.000000       0.000000
   74      F   Dxy       0.000000       0.000000      -0.000000      -0.000000       0.000000
   75      F   Dxz      -0.000000       0.000000       0.000000      -0.000000      -0.000000
   76      F   Dyy       0.000000      -0.000000      -0.000000       0.000000      -0.000000
   77      F   Dyz      -0.000000      -0.000000       0.000000       0.000000      -0.000000
   78      F   Dzz       0.000000      -0.000000       0.000001       0.000000       0.000000
   79      F   Dxx       0.000000      -0.000000      -0.000005      -0.000000       0.000000
   80      F   Dxy      -0.000000       0.000000       0.000000      -0.000000      -0.000000
   81      F   Dxz       0.000000      -0.000000      -0.000000       0.000000       0.000000
   82      F   Dyy       0.000000      -0.000000      -0.000005      -0.000000       0.000000
   83      F   Dyz       0.000000       0.000000      -0.000000      -0.000000       0.000000
   84      F   Dzz       0.000000      -0.000000      -0.000006      -0.000000       0.000000
   85      F   Dxx       0.000000      -0.000000      -0.000016      -0.000000       0.000000
   86      F   Dxy      -0.000000      -0.000000      -0.000000       0.000000       0.000000
   87      F   Dxz      -0.000000       0.000000       0.000000      -0.000004      -0.000007
   88      F   Dyy       0.000000      -0.000000      -0.000016      -0.000000       0.000000
   89      F   Dyz      -0.000000      -0.000000      -0.000000       0.000007      -0.000004
   90      F   Dzz       0.000000      -0.000000      -0.000000      -0.000000       0.000000
   91      F  Fxxx       0.000000      -0.000000      -0.000000       0.007612       0.012712
   92      F  Fxxy       0.000000       0.000000       0.000000      -0.005685       0.003404
   93      F  Fxxz       0.000000      -0.000000      -0.006626      -0.000000      -0.000000
   94      F  Fxyy       0.000000      -0.000000      -0.000000       0.003404       0.005685
   95      F  Fxyz       0.000000      -0.000000       0.000000       0.000000      -0.000000
   96      F  Fxzz       0.000000      -0.000000      -0.000000       0.003404       0.005685
   97      F  Fyyy       0.000000       0.000000       0.000000      -0.012712       0.007612
   98      F  Fyyz       0.000000       0.000000      -0.006626      -0.000000      -0.000000
   99      F  Fyzz       0.000000       0.000000       0.000000      -0.005685       0.003404
  100      F  Fzzz       0.000000      -0.000000      -0.014817      -0.000000      -0.000000
  101      F  Fxxx       0.000000      -0.000000      -0.000000       0.007580       0.012659
  102      F  Fxxy       0.000000       0.000000       0.000000      -0.005661       0.003390
  103      F  Fxxz       0.000000       0.000000      -0.006599      -0.000000      -0.000000
  104      F  Fxyy       0.000000      -0.000000      -0.000000       0.003390       0.005661
  105      F  Fxyz      -0.000000       0.000000      -0.000000      -0.000000       0.000000
  106      F  Fxzz       0.000000      -0.000000      -0.000000       0.003390       0.005662
  107      F  Fyyy       0.000000       0.000000       0.000000      -0.012659       0.007580
  108      F  Fyyz       0.000000       0.000000      -0.006599      -0.000000      -0.000000
  109      F  Fyzz       0.000000       0.000000       0.000000      -0.005662       0.003390
  110      F  Fzzz       0.000000       0.000000      -0.014757      -0.000000      -0.000000
 
 
  Occupied Eigenvectors for: E-BETA
 --------------------------- 
 
                         -26.3069       -25.8319        -1.4251        -1.0760        -0.6265   
 
    1      F     S      -0.971622       0.000000      -0.005862       0.000000      -0.000000
    2      F     S       0.011281       0.000000       0.566234       0.000000      -0.000000
    3      F     S      -0.047534       0.000000       0.162868       0.000000       0.000000
    4      F     S       0.016326      -0.000000       0.400083      -0.000000      -0.000000
    5      F     S       0.001144      -0.000000       0.021101      -0.000000      -0.000000
    6      F    Px      -0.000000       0.000000       0.000000      -0.000000      -0.057265
    7      F    Py      -0.000000      -0.000000      -0.000000       0.000000      -0.394867
    8      F    Pz      -0.000003      -0.000000      -0.000487      -0.000000       0.000000
    9      F    Px      -0.000000      -0.000000       0.000000       0.000000      -0.063175
   10      F    Py       0.000000       0.000000      -0.000000      -0.000000      -0.435622
   11      F    Pz       0.000020       0.000000      -0.000598       0.000000       0.000000
   12      F    Px      -0.000000      -0.000000      -0.000000      -0.000000      -0.044679
   13      F    Py      -0.000000       0.000000       0.000000      -0.000000      -0.308079
   14      F    Pz       0.000005       0.000000      -0.000761       0.000000       0.000000
   15      F    Px       0.000000       0.000000       0.000000       0.000000      -0.005023
   16      F    Py      -0.000000      -0.000000      -0.000000       0.000000      -0.034633
   17      F    Pz      -0.000001      -0.000000      -0.000084      -0.000000       0.000000
   18      F   Dxx      -0.003523       0.000000       0.005051       0.000000      -0.000000
   19      F   Dxy       0.000000       0.000000       0.000000       0.000000       0.000000
   20      F   Dxz       0.000000      -0.000000      -0.000000       0.000000       0.000009
   21      F   Dyy      -0.003523       0.000000       0.005051       0.000000       0.000000
   22      F   Dyz       0.000000      -0.000000      -0.000000       0.000000       0.000065
   23      F   Dzz      -0.002126       0.000000      -0.007365       0.000000       0.000000
   24      F   Dxx      -0.008138       0.000000       0.004619       0.000000       0.000000
   25      F   Dxy      -0.000000      -0.000000       0.000000       0.000000       0.000000
   26      F   Dxz       0.000000      -0.000000      -0.000000      -0.000000       0.000014
   27      F   Dyy      -0.008138       0.000000       0.004619       0.000000       0.000000
   28      F   Dyz       0.000000       0.000000      -0.000000      -0.000000       0.000095
   29      F   Dzz      -0.007866       0.000000      -0.020630       0.000000       0.000000
   30      F   Dxx      -0.002712       0.000000      -0.005006       0.000000       0.000000
   31      F   Dxy       0.000000       0.000000      -0.000000       0.000000       0.000000
   32      F   Dxz       0.000000       0.000000      -0.000000       0.000000       0.000142
   33      F   Dyy      -0.002712       0.000000      -0.005006       0.000000       0.000000
   34      F   Dyz      -0.000000      -0.000000      -0.000000       0.000000       0.000978
   35      F   Dzz      -0.002655       0.000000      -0.016998       0.000000       0.000000
   36      F  Fxxx       0.000000       0.000000      -0.000000      -0.000000      -0.002566
   37      F  Fxxy      -0.000000      -0.000000       0.000000       0.000000      -0.007914
   38      F  Fxxz      -0.000003      -0.000000      -0.000009      -0.000000       0.000000
   39      F  Fxyy      -0.000000       0.000000      -0.000000      -0.000000      -0.001148
   40      F  Fxyz      -0.000000      -0.000000      -0.000000      -0.000000       0.000000
   41      F  Fxzz      -0.000000       0.000000      -0.000000      -0.000000      -0.001025
   42      F  Fyyy      -0.000000      -0.000000       0.000000       0.000000      -0.017697
   43      F  Fyyz      -0.000003      -0.000000      -0.000009      -0.000000       0.000000
   44      F  Fyzz      -0.000000      -0.000000       0.000000       0.000000      -0.007067
   45      F  Fzzz      -0.000008      -0.000000      -0.000016      -0.000000       0.000000
   46      F  Fxxx       0.000000       0.000000      -0.000000       0.000000      -0.003359
   47      F  Fxxy      -0.000000      -0.000000      -0.000000       0.000000      -0.010359
   48      F  Fxxz      -0.000003      -0.000000      -0.000037      -0.000000       0.000000
   49      F  Fxyy      -0.000000       0.000000       0.000000       0.000000      -0.001502
   50      F  Fxyz       0.000000       0.000000       0.000000       0.000000       0.000000
   51      F  Fxzz       0.000000       0.000000       0.000000      -0.000000      -0.001359
   52      F  Fyyy      -0.000000      -0.000000      -0.000000       0.000000      -0.023164
   53      F  Fyyz      -0.000003      -0.000000      -0.000037      -0.000000       0.000000
   54      F  Fyzz      -0.000000      -0.000000      -0.000000       0.000000      -0.009371
   55      F  Fzzz      -0.000007      -0.000000      -0.000005      -0.000000       0.000000
   56      F     S       0.000000      -0.971097       0.000000       0.009115      -0.000000
   57      F     S       0.000000       0.010669       0.000000      -0.552321      -0.000000
   58      F     S       0.000000      -0.048938       0.000000      -0.158722      -0.000000
   59      F     S      -0.000000       0.016221      -0.000000      -0.394989       0.000000
   60      F     S      -0.000000       0.001155      -0.000000      -0.037160       0.000000
   61      F    Px       0.000000       0.000000       0.000000      -0.000000      -0.000000
   62      F    Py       0.000000      -0.000000       0.000000       0.000000      -0.000000
   63      F    Pz       0.000000       0.000000       0.000000       0.000001      -0.000000
   64      F    Px      -0.000000       0.000000       0.000000       0.000000       0.000000
   65      F    Py      -0.000000       0.000000      -0.000000      -0.000000       0.000000
   66      F    Pz      -0.000000      -0.000000      -0.000000       0.000002       0.000000
   67      F    Px       0.000000       0.000000       0.000000      -0.000000       0.000000
   68      F    Py       0.000000       0.000000       0.000000      -0.000000       0.000000
   69      F    Pz      -0.000000      -0.000000      -0.000000       0.000005      -0.000000
   70      F    Px      -0.000000      -0.000000      -0.000000       0.000000      -0.000000
   71      F    Py      -0.000000      -0.000000      -0.000000       0.000000      -0.000000
   72      F    Pz       0.000000       0.000000       0.000000       0.000002       0.000000
   73      F   Dxx       0.000000      -0.002835       0.000000      -0.001454      -0.000000
   74      F   Dxy      -0.000000      -0.000000      -0.000000       0.000000       0.000000
   75      F   Dxz       0.000000       0.000000       0.000000      -0.000000       0.000000
   76      F   Dyy       0.000000      -0.002835       0.000000      -0.001454      -0.000000
   77      F   Dyz      -0.000000      -0.000000      -0.000000       0.000000       0.000000
   78      F   Dzz       0.000000      -0.002835       0.000000      -0.001454      -0.000000
   79      F   Dxx       0.000000      -0.007980       0.000000       0.002599      -0.000000
   80      F   Dxy      -0.000000       0.000000       0.000000      -0.000000      -0.000000
   81      F   Dxz      -0.000000       0.000000       0.000000       0.000000      -0.000000
   82      F   Dyy       0.000000      -0.007980       0.000000       0.002599      -0.000000
   83      F   Dyz       0.000000      -0.000000       0.000000      -0.000000      -0.000000
   84      F   Dzz       0.000000      -0.007980       0.000000       0.002599      -0.000000
   85      F   Dxx       0.000000      -0.002727       0.000000       0.002018      -0.000000
   86      F   Dxy       0.000000      -0.000000       0.000000       0.000000       0.000000
   87      F   Dxz       0.000000       0.000000      -0.000000      -0.000000       0.000000
   88      F   Dyy       0.000000      -0.002727       0.000000       0.002018      -0.000000
   89      F   Dyz       0.000000       0.000000       0.000000      -0.000000       0.000000
   90      F   Dzz       0.000000      -0.002727       0.000000       0.002016      -0.000000
   91      F  Fxxx       0.000000       0.000000      -0.000000      -0.000000      -0.000000
   92      F  Fxxy       0.000000      -0.000000       0.000000      -0.000000      -0.000000
   93      F  Fxxz       0.000000       0.000000       0.000000      -0.000000      -0.000000
   94      F  Fxyy       0.000000      -0.000000      -0.000000      -0.000000      -0.000000
   95      F  Fxyz       0.000000      -0.000000      -0.000000      -0.000000       0.000000
   96      F  Fxzz       0.000000       0.000000       0.000000      -0.000000      -0.000000
   97      F  Fyyy       0.000000      -0.000000      -0.000000      -0.000000      -0.000000
   98      F  Fyyz       0.000000       0.000000       0.000000      -0.000000      -0.000000
   99      F  Fyzz       0.000000      -0.000000       0.000000      -0.000000      -0.000000
  100      F  Fzzz       0.000000       0.000000       0.000000      -0.000000      -0.000000
  101      F  Fxxx      -0.000000      -0.000000       0.000000      -0.000000      -0.000000
  102      F  Fxxy       0.000000      -0.000000      -0.000000       0.000000      -0.000000
  103      F  Fxxz       0.000000       0.000000       0.000000      -0.000000       0.000000
  104      F  Fxyy       0.000000      -0.000000      -0.000000      -0.000000      -0.000000
  105      F  Fxyz       0.000000       0.000000       0.000000      -0.000000      -0.000000
  106      F  Fxzz       0.000000      -0.000000      -0.000000       0.000000      -0.000000
  107      F  Fyyy       0.000000      -0.000000       0.000000       0.000000      -0.000000
  108      F  Fyyz       0.000000       0.000000       0.000000      -0.000000       0.000000
  109      F  Fyzz       0.000000      -0.000000       0.000000       0.000000      -0.000000
  110      F  Fzzz       0.000000       0.000000       0.000000      -0.000000       0.000000
 
                          -0.6265        -0.1811        -0.1811        -0.1811   
 
    1      F     S       0.000000      -0.000000       0.000000      -0.000001
    2      F     S       0.000000      -0.000000       0.000000      -0.000002
    3      F     S      -0.000000       0.000000       0.000000      -0.000002
    4      F     S       0.000000       0.000000      -0.000000       0.000009
    5      F     S      -0.000000       0.000000      -0.000000       0.000007
    6      F    Px       0.394867       0.000000      -0.000000       0.000000
    7      F    Py      -0.057265      -0.000000      -0.000000       0.000000
    8      F    Pz      -0.000000       0.000000      -0.000000       0.000002
    9      F    Px       0.435622      -0.000000       0.000000      -0.000000
   10      F    Py      -0.063175       0.000000       0.000000      -0.000000
   11      F    Pz      -0.000000      -0.000000      -0.000000      -0.000002
   12      F    Px       0.308079      -0.000001       0.000000      -0.000000
   13      F    Py      -0.044679       0.000000       0.000001       0.000000
   14      F    Pz      -0.000000      -0.000000       0.000000      -0.000016
   15      F    Px       0.034633       0.000001      -0.000000      -0.000000
   16      F    Py      -0.005023      -0.000000      -0.000001      -0.000000
   17      F    Pz      -0.000000       0.000000      -0.000000       0.000020
   18      F   Dxx       0.000000       0.000000      -0.000000      -0.000000
   19      F   Dxy       0.000000      -0.000000       0.000000       0.000000
   20      F   Dxz      -0.000065       0.000000      -0.000000       0.000000
   21      F   Dyy       0.000000       0.000000      -0.000000      -0.000000
   22      F   Dyz       0.000009      -0.000000      -0.000000      -0.000000
   23      F   Dzz       0.000000       0.000000      -0.000000      -0.000000
   24      F   Dxx      -0.000000       0.000000       0.000000      -0.000002
   25      F   Dxy      -0.000000       0.000000      -0.000000      -0.000000
   26      F   Dxz      -0.000095      -0.000000       0.000000      -0.000000
   27      F   Dyy      -0.000000       0.000000       0.000000      -0.000002
   28      F   Dyz       0.000014       0.000000       0.000000       0.000000
   29      F   Dzz       0.000000       0.000000       0.000000      -0.000002
   30      F   Dxx       0.000000      -0.000000      -0.000000      -0.000004
   31      F   Dxy       0.000000       0.000000      -0.000000      -0.000000
   32      F   Dxz      -0.000978       0.000000      -0.000000       0.000000
   33      F   Dyy       0.000000       0.000000      -0.000000      -0.000004
   34      F   Dyz       0.000142      -0.000000      -0.000000      -0.000000
   35      F   Dzz       0.000000      -0.000000       0.000000      -0.000004
   36      F  Fxxx       0.017697       0.000000      -0.000000       0.000000
   37      F  Fxxy      -0.001148      -0.000000      -0.000000      -0.000000
   38      F  Fxxz      -0.000000       0.000000      -0.000000       0.000001
   39      F  Fxyy       0.007914       0.000000      -0.000000       0.000000
   40      F  Fxyz      -0.000000      -0.000000      -0.000000      -0.000000
   41      F  Fxzz       0.007067       0.000000      -0.000000       0.000000
   42      F  Fyyy      -0.002566      -0.000000      -0.000000       0.000000
   43      F  Fyyz      -0.000000      -0.000000      -0.000000       0.000001
   44      F  Fyzz      -0.001025      -0.000000      -0.000000       0.000000
   45      F  Fzzz      -0.000000       0.000000      -0.000000       0.000002
   46      F  Fxxx       0.023164       0.000000      -0.000000       0.000000
   47      F  Fxxy      -0.001502      -0.000000      -0.000000       0.000000
   48      F  Fxxz      -0.000000       0.000000      -0.000000       0.000003
   49      F  Fxyy       0.010359       0.000000      -0.000000       0.000000
   50      F  Fxyz      -0.000000      -0.000000       0.000000       0.000000
   51      F  Fxzz       0.009371       0.000000      -0.000000      -0.000000
   52      F  Fyyy      -0.003359      -0.000000      -0.000000       0.000000
   53      F  Fyyz      -0.000000       0.000000      -0.000000       0.000003
   54      F  Fyzz      -0.001359      -0.000000      -0.000000      -0.000000
   55      F  Fzzz      -0.000000       0.000000      -0.000000       0.000006
   56      F     S      -0.000000       0.000000       0.000000      -0.000003
   57      F     S      -0.000000      -0.000000       0.000000      -0.000015
   58      F     S       0.000000      -0.000000       0.000000      -0.000009
   59      F     S      -0.000000       0.000000      -0.000000       0.000003
   60      F     S      -0.000000       0.000000      -0.000000       0.000056
   61      F    Px       0.000000       0.368074      -0.017836      -0.000000
   62      F    Py      -0.000000      -0.017836      -0.368074      -0.000000
   63      F    Pz      -0.000000      -0.000000       0.000000      -0.368503
   64      F    Px      -0.000000       0.409107      -0.019824      -0.000000
   65      F    Py       0.000000      -0.019824      -0.409107      -0.000000
   66      F    Pz       0.000000      -0.000000       0.000000      -0.409583
   67      F    Px      -0.000000       0.346664      -0.016799      -0.000000
   68      F    Py       0.000000      -0.016799      -0.346664      -0.000000
   69      F    Pz      -0.000000      -0.000000       0.000000      -0.347067
   70      F    Px       0.000000       0.124501      -0.006033      -0.000000
   71      F    Py      -0.000000      -0.006033      -0.124501      -0.000000
   72      F    Pz       0.000000      -0.000000       0.000000      -0.124664
   73      F   Dxx       0.000000       0.000000       0.000000      -0.000000
   74      F   Dxy      -0.000000       0.000000       0.000000       0.000000
   75      F   Dxz      -0.000000      -0.000001       0.000000      -0.000000
   76      F   Dyy       0.000000      -0.000000       0.000000      -0.000000
   77      F   Dyz       0.000000       0.000000       0.000001       0.000000
   78      F   Dzz       0.000000      -0.000000       0.000000       0.000001
   79      F   Dxx       0.000000      -0.000000       0.000000      -0.000005
   80      F   Dxy      -0.000000      -0.000000       0.000000       0.000000
   81      F   Dxz       0.000000       0.000000      -0.000000       0.000000
   82      F   Dyy       0.000000      -0.000000       0.000000      -0.000005
   83      F   Dyz      -0.000000      -0.000000      -0.000000      -0.000000
   84      F   Dzz       0.000000      -0.000000       0.000000      -0.000006
   85      F   Dxx       0.000000      -0.000000       0.000000      -0.000016
   86      F   Dxy       0.000000       0.000000      -0.000000      -0.000000
   87      F   Dxz      -0.000000      -0.000008       0.000000       0.000000
   88      F   Dyy       0.000000      -0.000000       0.000000      -0.000016
   89      F   Dyz       0.000000       0.000000       0.000008       0.000000
   90      F   Dzz       0.000000      -0.000000       0.000000      -0.000000
   91      F  Fxxx       0.000000       0.014800      -0.000717      -0.000000
   92      F  Fxxy      -0.000000      -0.000321      -0.006619      -0.000000
   93      F  Fxxz      -0.000000      -0.000000       0.000000      -0.006627
   94      F  Fxyy       0.000000       0.006619      -0.000321      -0.000000
   95      F  Fxyz      -0.000000      -0.000000       0.000000       0.000000
   96      F  Fxzz       0.000000       0.006619      -0.000321      -0.000000
   97      F  Fyyy      -0.000000      -0.000717      -0.014800      -0.000000
   98      F  Fyyz      -0.000000      -0.000000       0.000000      -0.006627
   99      F  Fyzz      -0.000000      -0.000321      -0.006619      -0.000000
  100      F  Fzzz      -0.000000      -0.000000       0.000000      -0.014818
  101      F  Fxxx       0.000000       0.014740      -0.000714      -0.000000
  102      F  Fxxy      -0.000000      -0.000319      -0.006592      -0.000000
  103      F  Fxxz       0.000000      -0.000000       0.000000      -0.006600
  104      F  Fxyy       0.000000       0.006592      -0.000319      -0.000000
  105      F  Fxyz      -0.000000      -0.000000      -0.000000      -0.000000
  106      F  Fxzz       0.000000       0.006593      -0.000319      -0.000000
  107      F  Fyyy      -0.000000      -0.000714      -0.014740      -0.000000
  108      F  Fyyz      -0.000000      -0.000000       0.000000      -0.006600
  109      F  Fyzz      -0.000000      -0.000319      -0.006593      -0.000000
  110      F  Fzzz      -0.000000      -0.000000       0.000000      -0.014760
 
 
  end of eigenvectors 
 
  END OF EIGENVALUES AND EIGENVECTORS
 
 
  COMPONENTS OF KINETIC ENERGY: 
 -----------------------------
 
             E-ALPHA Kinetic energy =          101.328184982748
              E-BETA Kinetic energy =           97.510699417447
                                     _________________________
               Total kinetic energy =          198.838884400195
 
  COMPONENTS OF POTENTIAL ENERGY: 
 -------------------------------
 
          Fixed potential energy    =            4.329632039236
 
  Quantum/Fixed interaction energy: 
 ----------------------------------
 
     E-ALPHA/Fixed interact. energy =         -252.018687721404
      E-BETA/Fixed interact. energy =         -239.186563408342
                                     _________________________
               Total Q/Fixed energy =         -491.205251129746
 
  Coulomb energy: 
 ------------------
 
     E-ALPHA/E-ALPHA Hartree energy =           29.887488344232
       E-BETA/E-BETA Hartree energy =           25.116031016723
      E-ALPHA/E-BETA Hartree energy =           54.488072295502
                                     _________________________
               Total Hartree energy =          109.491591656457
 
  Exchange(HF) energy: 
 ----------------------
 
            E-ALPHA Exchange energy =          -10.573606902088
             E-BETA Exchange energy =           -9.740395099513
                                     _________________________
              Total Exchange energy =          -20.314002001602
 
  TOTAL ENERGY COMPONENTS: 
 ==========================
 
          TOTAL KINETIC ENERGY      =          198.838884400195
          TOTAL POTENTIAL ENERGY    =         -397.698029435655
                                     _________________________
                       TOTAL ENERGY =         -198.859145035460
 
                 VIRIAL RATIO (V/T) =            2.000101894734
 
 
  END ENERGY COMPONENTS
 
 
** TOTAL CPU Time SCF :      8.549 (s)
** TOTAL Elapsed Time SCF :      1.878 (s)
 
 We are calculating properties for E-ALPHA in the HF/KS ground state
 We are calculating properties for E-BETA in the HF/KS ground state
 
  POPULATION ANALYSES: 
 ====================
 
 MULLIKEN Population: for E-        
 ---------------------
 
                          total          spin      
 
    1      F     S       1.941029      -0.001245
    2      F     S       1.096606       0.019680
    3      F     S       0.276216       0.007292
    4      F     S       0.699220      -0.013191
    5      F     S       0.022590      -0.001847
    6      F    Px       0.604449       0.010675
    7      F    Py       0.604449       0.010675
    8      F    Pz       0.319665       0.319664
    9      F    Px       0.836918       0.012948
   10      F    Py       0.836918       0.012948
   11      F    Pz       0.444247       0.444245
   12      F    Px       0.443658      -0.016798
   13      F    Py       0.443658      -0.016798
   14      F    Pz       0.189377       0.189375
   15      F    Px       0.020804      -0.003703
   16      F    Py       0.020804      -0.003703
   17      F    Pz       0.003982       0.003982
   18      F   Dxx       0.002623      -0.004884
   19      F   Dxy       0.000000       0.000000
   20      F   Dxz       0.000000      -0.000000
   21      F   Dyy       0.002623      -0.004884
   22      F   Dyz       0.000000      -0.000000
   23      F   Dzz       0.001734       0.010118
   24      F   Dxx      -0.005373      -0.011897
   25      F   Dxy       0.000000      -0.000000
   26      F   Dxz       0.000000      -0.000000
   27      F   Dyy      -0.005373      -0.011897
   28      F   Dyz       0.000000      -0.000000
   29      F   Dzz      -0.007029       0.018253
   30      F   Dxx      -0.007048      -0.003350
   31      F   Dxy       0.000000      -0.000000
   32      F   Dxz       0.000002      -0.000000
   33      F   Dyy      -0.007048      -0.003350
   34      F   Dyz       0.000002      -0.000000
   35      F   Dzz      -0.010770       0.001208
   36      F  Fxxx       0.024654      -0.003347
   37      F  Fxxy       0.008218      -0.001116
   38      F  Fxxz       0.001657       0.001657
   39      F  Fxyy       0.008218      -0.001116
   40      F  Fxyz       0.000000       0.000000
   41      F  Fxzz       0.011823       0.003503
   42      F  Fyyy       0.024654      -0.003347
   43      F  Fyyz       0.001657       0.001657
   44      F  Fyzz       0.011823       0.003503
   45      F  Fzzz       0.017451       0.017451
   46      F  Fxxx       0.027885      -0.003711
   47      F  Fxxy       0.009295      -0.001237
   48      F  Fxxz       0.002508       0.002508
   49      F  Fxyy       0.009295      -0.001237
   50      F  Fxyz       0.000000       0.000000
   51      F  Fxzz       0.012295       0.002786
   52      F  Fyyy       0.027885      -0.003711
   53      F  Fyyz       0.002508       0.002508
   54      F  Fyzz       0.012295       0.002786
   55      F  Fzzz       0.016947       0.016947
   56      F     S       1.941349      -0.000001
   57      F     S       1.045644       0.000029
   58      F     S       0.262435       0.000010
   59      F     S       0.710818      -0.000013
   60      F     S       0.044751      -0.000013
   61      F    Px       0.517692       0.000047
   62      F    Py       0.517692       0.000047
   63      F    Pz       0.517686       0.000049
   64      F    Px       0.749510       0.000053
   65      F    Py       0.749510       0.000053
   66      F    Pz       0.749502       0.000055
   67      F    Px       0.549174      -0.000039
   68      F    Py       0.549174      -0.000039
   69      F    Pz       0.549169      -0.000041
   70      F    Px       0.111820      -0.000057
   71      F    Py       0.111820      -0.000057
   72      F    Pz       0.111835      -0.000060
   73      F   Dxx       0.002704      -0.000000
   74      F   Dxy       0.000000       0.000000
   75      F   Dxz       0.000000       0.000000
   76      F   Dyy       0.002704      -0.000000
   77      F   Dyz       0.000000       0.000000
   78      F   Dzz       0.002704       0.000000
   79      F   Dxx      -0.002853      -0.000002
   80      F   Dxy      -0.000000      -0.000000
   81      F   Dxz      -0.000000       0.000000
   82      F   Dyy      -0.002853      -0.000002
   83      F   Dyz      -0.000000       0.000000
   84      F   Dzz      -0.002853      -0.000002
   85      F   Dxx      -0.001517      -0.000002
   86      F   Dxy       0.000000       0.000000
   87      F   Dxz       0.000000      -0.000000
   88      F   Dyy      -0.001517      -0.000002
   89      F   Dyz       0.000000      -0.000000
   90      F   Dzz      -0.001516      -0.000003
   91      F  Fxxx       0.022479      -0.000000
   92      F  Fxxy       0.007493      -0.000000
   93      F  Fxxz       0.007493      -0.000000
   94      F  Fxyy       0.007493      -0.000000
   95      F  Fxyz       0.000000      -0.000000
   96      F  Fxzz       0.007493      -0.000000
   97      F  Fyyy       0.022479      -0.000000
   98      F  Fyyz       0.007493      -0.000000
   99      F  Fyzz       0.007493      -0.000000
  100      F  Fzzz       0.022479      -0.000000
  101      F  Fxxx       0.020603      -0.000002
  102      F  Fxxy       0.006868      -0.000001
  103      F  Fxxz       0.006868      -0.000001
  104      F  Fxyy       0.006868      -0.000001
  105      F  Fxyz       0.000000       0.000000
  106      F  Fxzz       0.006869      -0.000001
  107      F  Fyyy       0.020603      -0.000002
  108      F  Fyyz       0.006868      -0.000001
  109      F  Fyzz       0.006869      -0.000001
  110      F  Fzzz       0.020606      -0.000002
 
                           __________     __________
              Total =       19.000000       1.000000
 
  Atomic MULLIKEN Population: for E-        
            F                9.000000       1.000000
            F               10.000000       0.000000
 
 ...end of MULLIKEN Population
 
 
 END POPULATION ANALYSES 
 
 
  POPULATION ANALYSES: 
 ====================
 
 LOWDIN Population: for E-        
 ---------------------
 
                          total          spin      
 
    1      F     S       1.575420      -0.000286
    2      F     S       0.624742       0.005407
    3      F     S       0.422901       0.004864
    4      F     S       0.295499      -0.004323
    5      F     S       0.068687      -0.003140
    6      F    Px       0.543662       0.010443
    7      F    Py       0.543662       0.010443
    8      F    Pz       0.289458       0.289457
    9      F    Px       0.393925       0.003372
   10      F    Py       0.393925       0.003372
   11      F    Pz       0.204897       0.204896
   12      F    Px       0.249307      -0.009065
   13      F    Py       0.249307      -0.009065
   14      F    Pz       0.108287       0.108286
   15      F    Px       0.043285      -0.004020
   16      F    Py       0.043285      -0.004020
   17      F    Pz       0.014598       0.014598
   18      F   Dxx       0.163348      -0.002326
   19      F   Dxy      -0.000000       0.000000
   20      F   Dxz       0.000000      -0.000000
   21      F   Dyy       0.163348      -0.002326
   22      F   Dyz       0.000000      -0.000000
   23      F   Dzz       0.162419       0.013931
   24      F   Dxx       0.151801      -0.009860
   25      F   Dxy      -0.000000      -0.000000
   26      F   Dxz       0.000000      -0.000000
   27      F   Dyy       0.151801      -0.009860
   28      F   Dyz       0.000000      -0.000000
   29      F   Dzz       0.149086       0.014143
   30      F   Dxx       0.024319      -0.003789
   31      F   Dxy      -0.000000       0.000000
   32      F   Dxz       0.000002      -0.000000
   33      F   Dyy       0.024319      -0.003789
   34      F   Dyz       0.000002      -0.000000
   35      F   Dzz       0.022310       0.001360
   36      F  Fxxx       0.247912       0.000774
   37      F  Fxxy       0.108242       0.000464
   38      F  Fxxz       0.054807       0.054807
   39      F  Fxyy       0.108242       0.000464
   40      F  Fxyz       0.000000       0.000000
   41      F  Fxzz       0.111174       0.004249
   42      F  Fyyy       0.247912       0.000774
   43      F  Fyyz       0.054807       0.054807
   44      F  Fyzz       0.111174       0.004249
   45      F  Fzzz       0.133668       0.133668
   46      F  Fxxx       0.162045      -0.004995
   47      F  Fxxy       0.069085      -0.002123
   48      F  Fxxz       0.030641       0.030641
   49      F  Fxyy       0.069085      -0.002123
   50      F  Fxyz       0.000000       0.000000
   51      F  Fxzz       0.071362       0.000902
   52      F  Fyyy       0.162045      -0.004995
   53      F  Fyyz       0.030641       0.030641
   54      F  Fyzz       0.071362       0.000902
   55      F  Fzzz       0.078196       0.078195
   56      F     S       1.574930       0.000000
   57      F     S       0.608071       0.000009
   58      F     S       0.411737       0.000007
   59      F     S       0.305125      -0.000005
   60      F     S       0.084080      -0.000008
   61      F    Px       0.463731       0.000044
   62      F    Py       0.463731       0.000044
   63      F    Pz       0.463725       0.000046
   64      F    Px       0.354927       0.000021
   65      F    Py       0.354927       0.000021
   66      F    Pz       0.354924       0.000022
   67      F    Px       0.317053      -0.000031
   68      F    Py       0.317053      -0.000031
   69      F    Pz       0.317055      -0.000032
   70      F    Px       0.120967      -0.000048
   71      F    Py       0.120967      -0.000048
   72      F    Pz       0.120978      -0.000051
   73      F   Dxx       0.154859       0.000005
   74      F   Dxy       0.000000       0.000000
   75      F   Dxz       0.000000       0.000000
   76      F   Dyy       0.154859       0.000005
   77      F   Dyz       0.000000       0.000000
   78      F   Dzz       0.154859       0.000005
   79      F   Dxx       0.152907      -0.000002
   80      F   Dxy       0.000000       0.000000
   81      F   Dxz       0.000000      -0.000000
   82      F   Dyy       0.152907      -0.000002
   83      F   Dyz       0.000000      -0.000000
   84      F   Dzz       0.152908      -0.000002
   85      F   Dxx       0.030919      -0.000004
   86      F   Dxy       0.000000       0.000000
   87      F   Dxz       0.000000      -0.000000
   88      F   Dyy       0.030919      -0.000004
   89      F   Dyz       0.000000      -0.000000
   90      F   Dzz       0.030919      -0.000004
   91      F  Fxxx       0.221987       0.000014
   92      F  Fxxy       0.096836       0.000006
   93      F  Fxxz       0.096835       0.000007
   94      F  Fxyy       0.096836       0.000006
   95      F  Fxyz       0.000000       0.000000
   96      F  Fxzz       0.096836       0.000006
   97      F  Fyyy       0.221987       0.000014
   98      F  Fyyz       0.096835       0.000007
   99      F  Fyzz       0.096836       0.000006
  100      F  Fzzz       0.221985       0.000015
  101      F  Fxxx       0.175800      -0.000007
  102      F  Fxxy       0.075931      -0.000003
  103      F  Fxxz       0.075931      -0.000003
  104      F  Fxyy       0.075931      -0.000003
  105      F  Fxyz       0.000000       0.000000
  106      F  Fxzz       0.075932      -0.000003
  107      F  Fyyy       0.175800      -0.000007
  108      F  Fyyz       0.075931      -0.000003
  109      F  Fyzz       0.075932      -0.000003
  110      F  Fzzz       0.175800      -0.000007
 
                           __________     __________
              Total =       19.000000       1.000000
 
  Atomic LOWDIN Population: for E-        
            F                9.000000       1.000000
            F               10.000000       0.000000
 
 ...end of LOWDIN Population
 
 
 END POPULATION ANALYSES 
 
 
  EXPECTED POSITIONS OF QUANTUM SPECIES:
 ======================
 
 POSITIONS IN ANGSTROMS
 ------
 
                        <x>      <y>      <z>         
            E-ALPHA   0.0000   0.0000  49.4978
             E-BETA  -0.0000   0.0000  49.4977
 
 END EXPECTED POSITIONS
 
 
  ELECTROSTATIC MOMENTS:
 ======================
 
 
 DIPOLE: (A.U.)
 ------
 
                           <Dx>         <Dy>         <Dz>          |D|
            E-ALPHA  -0.00000000  -0.00000000 -93.53724100
             E-BETA   0.00000000  -0.00000000 -93.53716809
    Point charges:    0.00000000   0.00000000 168.37458551
                     ____________________________
      Total Dipole:   0.00000000  -0.00000000 -18.69982358  18.69982358
 
 DIPOLE: (DEBYE)
 ------
 
                           <Dx>         <Dy>         <Dz>          |D|
            E-ALPHA  -0.00000000  -0.00000000-237.74792121
             E-BETA   0.00000000  -0.00000000-237.74773588
    Point charges:    0.00000000   0.00000000 427.96545270
                     ____________________________
      Total Dipole:   0.00000000  -0.00000000 -47.53020439  47.53020439
 
 QUADRUPOLE NON-TRACELESS: (DEBYE ANGS)
 ------
 
                           <xx>         <yy>         <zz>         <xy>         <xz>         <yz>
            E-ALPHA   -6.15024623   -6.15024623-2359.97021982    0.00000000    0.00000000   -0.00000000
             E-BETA   -5.93860454   -5.93860454-2358.81507920    0.00000000    0.00000000    0.00000000
    Point charges:     0.00000000    0.00000000 4236.85749845    0.00000000    0.00000000    0.00000000
  Total Quadrupole:  -12.08885077  -12.08885077 -481.92780058    0.00000000    0.00000000    0.00000000
                     ____________________________
 
 END ELECTROSTATIC MOMENTS
 
 
 BEGIN FOUR-INDEX INTEGRALS TRANFORMATION:
 ========================================
 Selected method: C         
 
 --------------------------------------------------
    4N^5 Algorithm Four-index integral tranformation
 --------------------------------------------------
 
 Integrals transformation for: E-ALPHA
 
              Transformation boundaries 
                 orbital lower upper
                       p     1    10
                       q    11   110
                       r     1    10
                       s    11   110
 
         Loading AO integrals time(s):  0.571E-02
      Integral transformation time(s):  0.239E+01
       Non-zero transformed integrals:       100962
 
 Inter-species integrals transformation for: E-ALPHA/E-BETA
 
              Transformation boundaries 
                 orbital lower upper
                       p     1     9
                       q    10   110
                       r     1    10
                       s    11   110
 
         Loading AO integrals time(s):  0.697E-02
      Integral transformation time(s):  0.983E+01
 Non zero transformed coupling integrals:       155370
 
 Integrals transformation for: E-BETA
 
              Transformation boundaries 
                 orbital lower upper
                       p     1     9
                       q    10   110
                       r     1     9
                       s    10   110
 
         Loading AO integrals time(s):  0.408E-02
      Integral transformation time(s):  0.230E+01
       Non-zero transformed integrals:       139886
 
** TOTAL Elapsed Time for integrals transformation :     14.787 (s)
 
 
  POST HARTREE-FOCK CALCULATION
  MANY-BODY PERTURBATION THEORY:
 ==============================
 
              MOLLER-PLESSET FORMALISM 
               ORDER OF CORRECTION =     2
 
                E(0) + E(1) =    -198.859145035460
                       E(2) =      -0.547355777456
                             ____________________
                     E(MP2) =    -199.406500812916
 
              -----------------------------------
               E(n){ Specie }     E(n) / Hartree 
              -----------------------------------
 
            E(2){ E-ALPHA } =      -0.078044063005
             E(2){ E-BETA } =      -0.059664477149
 
     E(2){ E-ALPHA/E-BETA } =      -0.409647237302
 
** TOTAL CPU Time HF-MBPT :      0.583 (s)
** TOTAL Elapsed Time HF-MBPT :      0.348 (s)
 

  TOTAL CPU Time:      0.242 (s)
 TOTAL Wall Time:     17.076 (s)
  Elapsed Time:   0h  0m 17s  76ms
LOWDIN execution terminated normally at : Tue Feb  4 17:06:47 2025
-rw-rw-r-- 1 pohl pohl  11M feb  4 17:06 0E-ALPHA.E-BETA.ints
-rw-rw-r-- 1 pohl pohl 5.5M feb  4 17:06 0E-ALPHA.ints
-rw-rw-r-- 1 pohl pohl  11M feb  4 17:06 1E-ALPHA.E-BETA.ints
-rw-rw-r-- 1 pohl pohl 5.5M feb  4 17:06 1E-ALPHA.ints
-rw-rw-r-- 1 pohl pohl  11M feb  4 17:06 2E-ALPHA.E-BETA.ints
-rw-rw-r-- 1 pohl pohl 5.5M feb  4 17:06 2E-ALPHA.ints
-rw-rw-r-- 1 pohl pohl  11M feb  4 17:06 3E-ALPHA.E-BETA.ints
-rw-rw-r-- 1 pohl pohl 5.5M feb  4 17:06 3E-ALPHA.ints
-rw-rw-r-- 1 pohl pohl   12 feb  4 17:06 E-ALPHA.E-BETA.nints
-rw-rw-r-- 1 pohl pohl 4.9M feb  4 17:06 E-ALPHAmoint.dat
-rw-rw-r-- 1 pohl pohl 4.2M feb  4 17:06 E-BETA.E-ALPHAmoint.dat
-rw-rw-r-- 1 pohl pohl 4.2M feb  4 17:06 E-BETAmoint.dat
-rw-rw-r-- 1 pohl pohl   64 feb  4 17:06 gepol.inp
-rw-rw-r-- 1 pohl pohl  182 feb  4 17:06 gepol.xyzr
-rw-rw-r-- 1 pohl pohl  13K feb  4 17:06 lowdin.bas
-rw-rw-r-- 1 pohl pohl  16K feb  4 17:06 lowdin.dat
-rw-rw-r-- 1 pohl pohl 2.3M feb  4 17:06 lowdin.opints
-rw-rw-r-- 1 pohl pohl  46K feb  4 17:06 lowdin.sys
-rw-rw-r-- 1 pohl pohl 2.1M feb  4 17:06 lowdin.wfn
-rw-rw-r-- 1 pohl pohl  258 feb  4 17:06 usual_47
-rw-rw-r-- 1 pohl pohl 1.1K feb  4 17:06 usual_47.aux
-rw-rw-r-- 1 pohl pohl  266 feb  4 17:06 usual_47.lowdin
-rw-rw-r-- 1 pohl pohl  86K feb  4 17:06 usual_47.out
-rw-rw-r-- 1 pohl pohl 192K feb  4 17:06 usual_47.vec
