Begin job by input: usual_27.lowdin, for user:   at  mar 04 feb 2025 17:00:39 -05
under operating system Linux helios 5.19.0-46-generic #47-Ubuntu SMP PREEMPT_DYNAMIC Fri Jun 16 13:30:11 UTC 2023 x86_64 x86_64 x86_64 GNU/Linux
Compilation information
  commit: f31d3924f6ee2ce9d77f07edcc1ba27359319d14
  compilation date:  mar 17 sep 2024 16:16:17 -05

BEGIN INPUT INFO:
------------------------------------

GEOMETRY
	e-(F)	AUG-CC-PVTZ 0.0 0.0 0.0 multiplicity=2 addParticles=1 
	e-(F)	AUG-CC-PVTZ 0.0 0.0 5.9 
	F	Dirac 0.0 0.0 0.0
	F	Dirac 0.0 0.0 5.9
END GEOMETRY

TASKS
        method = "UHF"
	mollerPlessetCorrection=2
END TASKS

CONTROL
	units="ANGS"
END CONTROL






... END INPUT INFO


 LOWDIN execution started at : Tue Feb  4 17:00:39 2025
 ---------------------------------------------------------------
 
 ***************************************************************
 *                   LOWDIN 2.0  (May/2013)                    *
 *                                                             *
 *  R. FLORES-MORENO, E. F. POSADA, F. S. MONCADA, J.ROMERO,   *
 *  J. CHARRY, M. DIAZ-TINOCO, S. A. GONZALEZ, N. F. AGUIRRE,  *
 *  A. REYES                                                   *
 *                                                             *
 *  https://sites.google.com/site/lowdinproject/               *
 *                                                             *
 ***************************************************************
 
 PARSING INPUT... DONE!
 
 LOWDIN IS RUNNING WITH NEXT PARAMETERS: 
 ----------------------------------------
 
         METHOD TYPE:  UHF
         NUMBER OF CORES:     4
         MOLLER PLESSET CORRECTION:      2
         NONELECTRONIC DENSITY GUESS: HCORE
         ELECTRONIC DENSITY GUESS: HCORE
         CRITERIUM OF CONVERGENCE: ENERGY
         NONELECTRONIC ENERGY TOLERANCE IN SCFs:     0.10000E-07
         ELECTRONIC ENERGY TOLERANCE IN SCFs:     0.10000E-07
         TOTAL ENERGY TOLERANCE IN SCFs:     0.10000E-07
         SCHEME OF ITERATION: GLOBAL ITERATIONS
         SCF MAX. SUBITERATIONS - NONELECTRONS :     1
         SCF MAX. SUBITERATIONS - ELECTRONS :     1
         SCF MAX. ITERATIONS - INTERSPECIES :   200
         INTEGRAL STORAGE: DISK
         STACK SIZE FOR ERIS : 30000
         METHOD OF SCF CONVERGENCE: DAMPING
 
  MOLECULAR SYSTEM: usual_27
 -----------------
 
    DESCRIPTION   : usual_27
    CHARGE        :   0
    PUNTUAL GROUP : NONE
 
 
  INFORMATION OF PARTICLES :
 =========================
         Total number of particles   =      21
         Number of quantum particles =      19
         Number of puntual charges   =       2
         Number of quantum species   =       2
 
                 INFORMATION OF QUANTUM SPECIES 
    ----------------------------------------------------------------------
         ID      Symbol            mass     charge      omega     spin     multiplicity
    ----------------------------------------------------------------------
         1        E-ALPHA         1.0000     -1.00      0.00      0.50      2.00
         2         E-BETA         1.0000     -1.00      0.00      0.50      2.00
 
                   CONSTANTS OF COUPLING 
      ------------------------------------------------------------
              Symbol      kappa        eta     lambda occupation
      ------------------------------------------------------------
             E-ALPHA      -1.00       1.00       1.00      10.00
              E-BETA      -1.00       1.00       1.00       9.00
 
                   BASIS SET FOR SPECIES 
      ------------------------------------------------------------
           Symbol          N. Basis     N. Particles     Basis Set
      ------------------------------------------------------------
            E-ALPHA           28               10     AUG-CC-PVT
             E-BETA           28                9     AUG-CC-PVT
 
                                ATOMIC BASIS
         ------------------------------------------------------------
          PRIMITIVE   SHELL             EXPONENT         COEFFICIENT 
         ------------------------------------------------------------
 
    BEGIN DESCRIPTION OF BASIS FOR: E-ALP
    ==============================
 
 
             F BASIS SET:    AUG-CC-PVTZ
             1         S            19500.00000000          0.00050700
             2         S             2923.00000000          0.00392300
             3         S              664.50000000          0.02020000
             4         S              187.50000000          0.07901000
             5         S               60.62000000          0.23043900
             6         S               21.42000000          0.43287200
             7         S                7.95000000          0.34996400
             8         S                0.88150000         -0.00789200
             1         S            19500.00000000         -0.00011700
             2         S             2923.00000000         -0.00091200
             3         S              664.50000000         -0.00471700
             4         S              187.50000000         -0.01908600
             5         S               60.62000000         -0.05965500
             6         S               21.42000000         -0.14001000
             7         S                7.95000000         -0.17678200
             8         S                0.88150000          0.60504300
             1         S                2.25700000          1.00000000
             1         S                0.30410000          1.00000000
             1         S                0.09158000          1.00000000
             1         P               43.88000000          0.01666500
             2         P                9.92600000          0.10447200
             3         P                2.93000000          0.31726000
             1         P                0.91320000          1.00000000
             1         P                0.26720000          1.00000000
             1         P                0.07361000          1.00000000
             1         D                3.10700000          1.00000000
             1         D                0.85500000          1.00000000
             1         D                0.29200000          1.00000000
             1         F                1.91700000          1.00000000
             1         F                0.72400000          1.00000000
 
             F BASIS SET:    AUG-CC-PVTZ
             1         S            19500.00000000          0.00050700
             2         S             2923.00000000          0.00392300
             3         S              664.50000000          0.02020000
             4         S              187.50000000          0.07901000
             5         S               60.62000000          0.23043900
             6         S               21.42000000          0.43287200
             7         S                7.95000000          0.34996400
             8         S                0.88150000         -0.00789200
             1         S            19500.00000000         -0.00011700
             2         S             2923.00000000         -0.00091200
             3         S              664.50000000         -0.00471700
             4         S              187.50000000         -0.01908600
             5         S               60.62000000         -0.05965500
             6         S               21.42000000         -0.14001000
             7         S                7.95000000         -0.17678200
             8         S                0.88150000          0.60504300
             1         S                2.25700000          1.00000000
             1         S                0.30410000          1.00000000
             1         S                0.09158000          1.00000000
             1         P               43.88000000          0.01666500
             2         P                9.92600000          0.10447200
             3         P                2.93000000          0.31726000
             1         P                0.91320000          1.00000000
             1         P                0.26720000          1.00000000
             1         P                0.07361000          1.00000000
             1         D                3.10700000          1.00000000
             1         D                0.85500000          1.00000000
             1         D                0.29200000          1.00000000
             1         F                1.91700000          1.00000000
             1         F                0.72400000          1.00000000
    ... END DESCRIPTION OF BASIS
 
 
  END INFORMATION OF PARTICLES
 
 
  INFORMATION OF THE QUANTUM SYSTEM 
     ---------------------------------------------------------------------
                 ID     Occupied Orbitals     Basis size
     ---------------------------------------------------------------------
            E-ALPHA           10              110
             E-BETA            9              110
 
  END INFORMATION OF QUANTUM SYSTEM
 
                       INITIAL GEOMETRY: AMSTRONG
                 -----------------------------------
                       <x>                 <y>                 <z>
  E-ALPHAF        0.0000000000        0.0000000000        0.0000000000
  E-ALPHAF        0.0000000000        0.0000000000        5.9000000000
         F        0.0000000000        0.0000000000        0.0000000000
         F        0.0000000000        0.0000000000        5.9000000000
 
                     MATRIX OF DISTANCE: ANGSTROM
                 -----------------------------------
                          F(1)           F(2)      
 
        F(1)             0.000000       5.900000
        F(2)             5.900000       0.000000
 
--------------------------------------------------------------------------------
** PROGRAM: SCF (Hartree Fock).     Author: S.A. Gonzalez, E. Posada, F. Moncada
--------------------------------------------------------------------------------
INFO: RUNNING IN UHF MODE.
 
----------------------------------------------------------------------
** PROGRAM INTS                          Author: E. F. Posada, 2013   
----------------------------------------------------------------------
INFO: RUNNING IN ONE_PARTICLE MODE.
 
 Number of Overlap integrals for species E-ALPHA:  12100
 Number of Overlap integrals for species E-BETA:  12100
 Number of Kinetic integrals for species E-ALPHA:  12100
 Number of Kinetic integrals for species E-BETA:  12100
 Number of Nuclear integrals for species E-ALPHA:  12100
 Number of Nuclear integrals for species E-BETA:  12100
 Number of Moment integrals for species E-ALPHA:  36300
 Number of Moment integrals for species E-BETA:  36300
 
** TOTAL CPU Time INTS :      0.437 (s)
** TOTAL Elapsed Time INTS :      0.194 (s)
 
       Usign  HCORE density guess for species:    E-ALPHA
     number of    E-ALPHA     particles in guess density matrix:    10.000000
       Usign  HCORE density guess for species:     E-BETA
     number of     E-BETA     particles in guess density matrix:     9.000000
 Number of unique integrals for species: 1 = 1293876
 Number of unique integrals for species: 1 / 2 = 2584398 Screened: 24074
 
 TWO-BODY INTEGRAL SETUP: 
------------------------- 
 Storage:   DISK
 Scheme: LIBINT
 Stack size:  30000
 
 LIBINT library, Fermann, J. T.; Valeev, F. L. 2010                   
 LOWDIN-LIBINT Implementation V. 2.1  Posada E. F. ; Reyes A. 2016   
 ----------------------------------------------------------------------

*** TOTAL CPU time intra-species integrals :      0.723 (s)
*** TOTAL elapsed time intra-species integrals :      0.146 (s)


*** TOTAL CPU time inter-species integrals :      1.589 (s)
*** TOTAL elapsed time inter-species integrals :      0.368 (s)

INFO: RUNNING SCHEME SIMULTANEOUS
 
 Begin Multi-Species SCF calculation:
 
 --------------------------------------------------------------------------------------------------
      Iteration                   Energy            Energy Change           Density Change
 --------------------------------------------------------------------------------------------------
              1        -172.519766931230         172.519766931230           0.111468502767
              2        -172.260195375663          -0.259571555567           0.091981535859
              3        -193.943732735829          21.683537360166           0.024184469565
              4        -198.045754913681           4.102022177852           0.012588802618
              5        -198.368887286730           0.323132373049           0.004753879415
              6        -198.759335216352           0.390447929622           0.003125594159
              7        -198.789763786871           0.030428570519           0.000725922333
              8        -198.806905186612           0.017141399741           0.000686302381
              9        -198.808561309410           0.001656122798           0.000186842843
             10        -198.809489760271           0.000928450861           0.000162238541
             11        -198.809589266971           0.000099506700           0.000063839133
             12        -198.809636228620           0.000046961649           0.000046283451
             13        -198.809644801234           0.000008572614           0.000026396039
             14        -198.809647682802           0.000002881569           0.000016956482
             15        -198.809648672836           0.000000990033           0.000009615795
             16        -198.809649015424           0.000000342588           0.000006156389
             17        -198.809649134524           0.000000119099           0.000003436980
             18        -198.809649176080           0.000000041557           0.000002211574
             19        -198.809649190669           0.000000014589           0.000001229515
             20        -198.809649195963           0.000000005294           0.000000840243
 Total energy converged after  20 global iterations                                                  
 
 ...end Multi-Species SCF calculation
 
 
 Begin SCF calculation by: E-ALPHA
 -------------------------
 
 -----------------------------------------------------------------------------------
 Iteration                   Energy           Density Change         DIIS Error 
 -----------------------------------------------------------------------------------
    1         -96.439363354922           0.044537407864                 -- 
    2         -91.597802554696           0.011603134689                 -- 
    3         -73.260939362149           0.005424764756                 -- 
    4         -81.419788084330           0.001719966428                 -- 
    5         -79.462787416350           0.001323452950                 -- 
    6         -77.482548383272           0.000329432721                 -- 
    7         -77.836943867367           0.000314547388                 -- 
    8         -78.263146214418           0.000079252352                 -- 
    9         -78.170140689967           0.000057943944                 -- 
   10         -78.082041041793           0.000016964425                 -- 
   11         -78.111876800704           0.000010857944                 -- 
   12         -78.114414266888           0.000004440673                 -- 
   13         -78.109888070264           0.000003507565                 -- 
   14         -78.111174986816           0.000001474703                 -- 
   15         -78.109439033064           0.000001234660                 -- 
   16         -78.110029156357           0.000000504170                 -- 
   17         -78.109356485078           0.000000443033                 -- 
   18         -78.109619765698           0.000000180327                 -- 
   19         -78.109357772913           0.000000169055                 -- 
 
 ... end SCF calculation
 
 Begin SCF calculation by: E-BETA
 -------------------------
 
 -----------------------------------------------------------------------------------
 Iteration                   Energy           Density Change         DIIS Error 
 -----------------------------------------------------------------------------------
    1         -89.484208239200           0.047444127995                 -- 
    2         -84.582700190828           0.012581334875                 -- 
    3         -67.574919790568           0.007164037862                 -- 
    4         -74.497467135627           0.003033912986                 -- 
    5         -73.046953182204           0.001802141210                 -- 
    6         -71.381131861103           0.000396489611                 -- 
    7         -71.659927581104           0.000371754993                 -- 
    8         -72.030103346703           0.000107590491                 -- 
    9         -71.958974548982           0.000104294596                 -- 
   10         -71.883718825601           0.000046874708                 -- 
   11         -71.905624129061           0.000035425508                 -- 
   12         -71.912239659160           0.000021955366                 -- 
   13         -71.910818214294           0.000013448917                 -- 
   14         -71.913368018385           0.000008141092                 -- 
   15         -71.912698175097           0.000004921729                 -- 
   16         -71.913687970715           0.000002932810                 -- 
   17         -71.913381965458           0.000001768541                 -- 
   18         -71.913767327224           0.000001049188                 -- 
   19         -71.913630537657           0.000000671188                 -- 
 
 ... end SCF calculation
 
  EIGENVALUES AND EIGENVECTORS: 
 ==============================
 
 
  Eigenvalues for: E-ALPHA
 -----------------
 
    1         -26.092335892298
    2         -26.092280137980
    3          -1.349657701359
    4          -1.349609378868
    5          -0.494879815976
    6          -0.494810648533
    7          -0.426435611007
    8          -0.426435611007
    9          -0.426390734983
   10          -0.426390734983
   11           0.322188796169
   12           0.327878467571
   13           0.331969643027
   14           0.344811919167
   15           0.344811919167
   16           0.354940737481
   17           0.354940737481
   18           0.396688882317
   19           1.001987433187
   20           1.020197687000
   21           1.082081750627
   22           1.086154365000
   23           1.087460656719
   24           1.087460656719
   25           1.087745627071
   26           1.087745627071
   27           1.095124305444
   28           1.095124305462
   29           1.095148982257
   30           1.095148982271
   31           1.114497134175
   32           1.141365659147
   33           1.141365659147
   34           1.149622406959
   35           1.149622406959
   36           1.164805690614
   37           2.912028255472
   38           2.947876083289
   39           2.960583971680
   40           2.960583971680
   41           2.967856355953
   42           2.967856355953
   43           3.025597840561
   44           3.044670863865
   45           3.047130496075
   46           3.056585158268
   47           3.056585158268
   48           3.056651885628
   49           3.056651885628
   50           3.079580009643
   51           3.087940307473
   52           3.087940307480
   53           3.087976997161
   54           3.087976997165
   55           3.136346573821
   56           3.136437639023
   57           3.138980387676
   58           3.138980387676
   59           3.139020968336
   60           3.139020968336
   61           3.146828872857
   62           3.146828872862
   63           3.146862924445
   64           3.146862924450
   65           3.160834571994
   66           3.160834571994
   67           3.160866209693
   68           3.160866209693
   69           5.170449982038
   70           5.231004944588
   71           7.525968956533
   72           7.567137214153
   73           7.584698014488
   74           7.584698014488
   75           7.591459008374
   76           7.591459008374
   77           9.005177667258
   78           9.005236326670
   79           9.011358535812
   80           9.011358535812
   81           9.011406370264
   82           9.011406370264
   83           9.030006935583
   84           9.030006935594
   85           9.030052116549
   86           9.030052116559
   87           9.061551012577
   88           9.061551012577
   89           9.061592182456
   90           9.061592182456
   91           9.455408509185
   92           9.455465829660
   93           9.470657353781
   94           9.470657353781
   95           9.470708587889
   96           9.470708587889
   97           9.517715461099
   98           9.517715461109
   99           9.517761265595
  100           9.517761265604
  101          14.721570943542
  102          14.722165436546
  103          17.752192073571
  104          17.846366688704
  105          17.846366688710
  106          17.880725974854
  107          17.880725974858
  108          17.959098283869
  109          23.596324374894
  110          23.618465208980
 
 
  Eigenvalues for: E-BETA
 -----------------
 
    1         -26.059035155921
    2         -26.058981986525
    3          -1.226758038068
    4          -1.226215955068
    5          -0.390952557208
    6          -0.390952557208
    7          -0.390901764352
    8          -0.390901764352
    9          -0.029642976328
   10           0.065513920586
   11           0.321662490165
   12           0.330469194913
   13           0.345332026091
   14           0.345332026091
   15           0.355729482959
   16           0.355729482959
   17           0.356782182096
   18           0.422564151017
   19           1.011327306689
   20           1.030985376225
   21           1.089756959149
   22           1.090650406720
   23           1.090650406720
   24           1.091372718236
   25           1.091372718236
   26           1.091673445732
   27           1.091673445973
   28           1.091697940490
   29           1.091697940789
   30           1.092974421968
   31           1.147766871078
   32           1.147766871078
   33           1.156055760724
   34           1.156055760724
   35           1.181869313267
   36           1.231043280600
   37           2.972344174020
   38           2.972344174020
   39           2.979570658565
   40           2.979570658565
   41           2.988395448989
   42           3.018839859130
   43           3.050231723379
   44           3.094438988430
   45           3.094438988439
   46           3.094474942300
   47           3.094474942314
   48           3.098379337277
   49           3.110460891066
   50           3.110460891066
   51           3.110503390081
   52           3.110503390081
   53           3.117149260971
   54           3.125351672269
   55           3.148861343043
   56           3.148906698048
   57           3.149918747109
   58           3.149918747109
   59           3.149952382282
   60           3.149952382282
   61           3.153333353492
   62           3.153333353519
   63           3.153365867614
   64           3.153365867659
   65           3.159204664739
   66           3.159204664739
   67           3.159236062895
   68           3.159236062895
   69           5.179132609453
   70           5.239065341815
   71           7.600186093870
   72           7.600186093870
   73           7.606938249179
   74           7.606938249179
   75           7.610340943569
   76           7.651060809920
   77           9.051089918589
   78           9.051136446855
   79           9.052895117447
   80           9.052895117447
   81           9.052938455285
   82           9.052938455285
   83           9.058315053276
   84           9.058315053276
   85           9.058357377714
   86           9.058357377714
   87           9.067347782586
   88           9.067347782586
   89           9.067388512858
   90           9.067388512858
   91           9.534026469597
   92           9.534026469607
   93           9.534071301094
   94           9.534071301103
   95           9.543208830456
   96           9.543208830456
   97           9.543254561762
   98           9.543254561762
   99           9.546475651532
  100           9.546549518614
  101          14.739705567398
  102          14.740300959427
  103          17.768485684940
  104          17.850806865619
  105          17.850806865626
  106          17.885173654830
  107          17.885173654834
  108          17.975588320759
  109          23.619429939572
  110          23.641563580253
 
  end of eigenvalues 
 
  Occupied Eigenvectors for: E-ALPHA
 --------------------------- 
 
                         -26.0923       -26.0923        -1.3497        -1.3496        -0.4949   
 
    1      F     S      -0.970720      -0.000869       0.006326       0.000030      -0.000244
    2      F     S       0.010364       0.000022      -0.572683       0.000587      -0.001704
    3      F     S      -0.049904      -0.000018      -0.165688       0.000253      -0.000722
    4      F     S       0.016153      -0.000117      -0.392591      -0.000116      -0.000425
    5      F     S       0.001188      -0.000037      -0.023187      -0.000208       0.003997
    6      F    Px      -0.000000       0.000000       0.000000      -0.000000       0.000000
    7      F    Py       0.000000       0.000000      -0.000000       0.000000       0.000000
    8      F    Pz      -0.000000      -0.000011      -0.000289      -0.000025      -0.376217
    9      F    Px       0.000000      -0.000000      -0.000000       0.000000       0.000000
   10      F    Py      -0.000000      -0.000000       0.000000      -0.000000       0.000000
   11      F    Pz      -0.000033       0.000047      -0.000396       0.000083      -0.424173
   12      F    Px       0.000000      -0.000000      -0.000000       0.000000       0.000000
   13      F    Py      -0.000000      -0.000000       0.000000      -0.000000       0.000000
   14      F    Pz      -0.000012       0.000046       0.000987       0.000253      -0.284992
   15      F    Px      -0.000000      -0.000000       0.000000      -0.000000       0.000000
   16      F    Py       0.000000       0.000000      -0.000000       0.000000       0.000000
   17      F    Pz       0.000006      -0.000027       0.000175      -0.000207      -0.033436
   18      F   Dxx      -0.002459       0.000001       0.000862       0.000007       0.000010
   19      F   Dxy      -0.000000      -0.000000       0.000000      -0.000000      -0.000000
   20      F   Dxz       0.000000       0.000000       0.000000      -0.000000       0.000000
   21      F   Dyy      -0.002459       0.000001       0.000862       0.000007       0.000010
   22      F   Dyz       0.000000       0.000000       0.000000      -0.000000       0.000000
   23      F   Dzz      -0.003058       0.000000      -0.005765       0.000012      -0.000012
   24      F   Dxx      -0.007980       0.000026       0.009480       0.000110      -0.000078
   25      F   Dxy      -0.000000      -0.000000       0.000000       0.000000       0.000000
   26      F   Dxz      -0.000000      -0.000000       0.000000       0.000000      -0.000000
   27      F   Dyy      -0.007980       0.000026       0.009480       0.000110      -0.000078
   28      F   Dyz      -0.000000      -0.000000       0.000000       0.000000      -0.000000
   29      F   Dzz      -0.007788       0.000028      -0.003591       0.000125      -0.000139
   30      F   Dxx      -0.002697       0.000034       0.009513       0.000155      -0.000902
   31      F   Dxy      -0.000000      -0.000000      -0.000000       0.000000      -0.000000
   32      F   Dxz       0.000000       0.000000       0.000000      -0.000000      -0.000000
   33      F   Dyy      -0.002697       0.000034       0.009513       0.000155      -0.000902
   34      F   Dyz       0.000000      -0.000000       0.000000      -0.000000      -0.000000
   35      F   Dzz      -0.002775       0.000032       0.009244       0.000149       0.001789
   36      F  Fxxx      -0.000000       0.000000       0.000000      -0.000000      -0.000000
   37      F  Fxxy       0.000000       0.000000      -0.000000       0.000000       0.000000
   38      F  Fxxz       0.000007      -0.000010       0.000012      -0.000020      -0.003920
   39      F  Fxyy      -0.000000       0.000000       0.000000      -0.000000       0.000000
   40      F  Fxyz       0.000000       0.000000      -0.000000      -0.000000      -0.000000
   41      F  Fxzz      -0.000000       0.000000       0.000000      -0.000000       0.000000
   42      F  Fyyy       0.000000       0.000000      -0.000000       0.000000       0.000000
   43      F  Fyyz       0.000007      -0.000010       0.000012      -0.000020      -0.003920
   44      F  Fyzz       0.000000       0.000000      -0.000000       0.000000       0.000000
   45      F  Fzzz       0.000015      -0.000021       0.000035      -0.000044      -0.017515
   46      F  Fxxx      -0.000000       0.000000       0.000000      -0.000000       0.000000
   47      F  Fxxy       0.000000       0.000000      -0.000000       0.000000       0.000000
   48      F  Fxxz       0.000006      -0.000013       0.000026      -0.000049      -0.005276
   49      F  Fxyy      -0.000000       0.000000       0.000000      -0.000000       0.000000
   50      F  Fxyz       0.000000      -0.000000       0.000000       0.000000       0.000000
   51      F  Fxzz      -0.000000       0.000000       0.000000      -0.000000       0.000000
   52      F  Fyyy       0.000000       0.000000      -0.000000       0.000000       0.000000
   53      F  Fyyz       0.000006      -0.000013       0.000026      -0.000049      -0.005276
   54      F  Fyzz       0.000000       0.000000      -0.000000       0.000000       0.000000
   55      F  Fzzz       0.000013      -0.000029       0.000154      -0.000110      -0.018728
   56      F     S       0.000883      -0.970720      -0.000041      -0.006326      -0.000225
   57      F     S       0.000003       0.010364       0.000449       0.572680      -0.000894
   58      F     S       0.000072      -0.049904       0.000047       0.165687      -0.000601
   59      F     S      -0.000147       0.016153       0.000826       0.392591       0.001256
   60      F     S      -0.000039       0.001187       0.000250       0.023188       0.002603
   61      F    Px       0.000000      -0.000000      -0.000000      -0.000000       0.000000
   62      F    Py       0.000000       0.000000       0.000000       0.000000       0.000000
   63      F    Pz       0.000011       0.000000      -0.000026      -0.000289       0.141681
   64      F    Px      -0.000000       0.000000       0.000000       0.000000       0.000000
   65      F    Py      -0.000000      -0.000000      -0.000000      -0.000000       0.000000
   66      F    Pz      -0.000047       0.000033       0.000082      -0.000396       0.159985
   67      F    Px      -0.000000      -0.000000       0.000000       0.000000       0.000000
   68      F    Py       0.000000      -0.000000      -0.000000      -0.000000       0.000000
   69      F    Pz      -0.000046       0.000012       0.000254       0.000987       0.108231
   70      F    Px       0.000000      -0.000000      -0.000000      -0.000000       0.000000
   71      F    Py      -0.000000      -0.000000       0.000000      -0.000000       0.000000
   72      F    Pz       0.000027      -0.000006      -0.000207       0.000175       0.011696
   73      F   Dxx       0.000006      -0.002459      -0.000008      -0.000862      -0.000015
   74      F   Dxy      -0.000000       0.000000       0.000000      -0.000000       0.000000
   75      F   Dxz       0.000000      -0.000000      -0.000000       0.000000       0.000000
   76      F   Dyy       0.000006      -0.002459      -0.000008      -0.000862      -0.000015
   77      F   Dyz      -0.000000       0.000000       0.000000       0.000000      -0.000000
   78      F   Dzz       0.000006      -0.003058      -0.000002       0.005765      -0.000019
   79      F   Dxx       0.000041      -0.007980      -0.000127      -0.009479      -0.000395
   80      F   Dxy       0.000000      -0.000000      -0.000000      -0.000000       0.000000
   81      F   Dxz      -0.000000       0.000000       0.000000       0.000000      -0.000000
   82      F   Dyy       0.000041      -0.007980      -0.000127      -0.009479      -0.000395
   83      F   Dyz       0.000000      -0.000000      -0.000000       0.000000       0.000000
   84      F   Dzz       0.000042      -0.007788      -0.000119       0.003590      -0.000446
   85      F   Dxx       0.000039      -0.002697      -0.000173      -0.009512      -0.000965
   86      F   Dxy      -0.000000       0.000000      -0.000000       0.000000      -0.000000
   87      F   Dxz       0.000000       0.000000      -0.000000       0.000000       0.000000
   88      F   Dyy       0.000039      -0.002697      -0.000173      -0.009512      -0.000965
   89      F   Dyz      -0.000000      -0.000000       0.000000      -0.000000       0.000000
   90      F   Dzz       0.000037      -0.002775      -0.000166      -0.009243       0.000112
   91      F  Fxxx       0.000000      -0.000000      -0.000000      -0.000000      -0.000000
   92      F  Fxxy       0.000000       0.000000       0.000000       0.000000       0.000000
   93      F  Fxxz       0.000010      -0.000007      -0.000020       0.000012       0.001429
   94      F  Fxyy       0.000000      -0.000000      -0.000000      -0.000000      -0.000000
   95      F  Fxyz      -0.000000       0.000000       0.000000       0.000000      -0.000000
   96      F  Fxzz       0.000000      -0.000000      -0.000000      -0.000000       0.000000
   97      F  Fyyy       0.000000       0.000000       0.000000       0.000000       0.000000
   98      F  Fyyz       0.000010      -0.000007      -0.000020       0.000012       0.001429
   99      F  Fyzz       0.000000       0.000000       0.000000       0.000000       0.000000
  100      F  Fzzz       0.000021      -0.000015      -0.000044       0.000035       0.006494
  101      F  Fxxx       0.000000      -0.000000      -0.000000      -0.000000       0.000000
  102      F  Fxxy       0.000000       0.000000       0.000000       0.000000       0.000000
  103      F  Fxxz       0.000013      -0.000006      -0.000049       0.000026       0.001848
  104      F  Fxyy       0.000000       0.000000      -0.000000      -0.000000       0.000000
  105      F  Fxyz       0.000000      -0.000000      -0.000000      -0.000000       0.000000
  106      F  Fxzz       0.000000      -0.000000      -0.000000      -0.000000       0.000000
  107      F  Fyyy       0.000000       0.000000       0.000000       0.000000       0.000000
  108      F  Fyyz       0.000013      -0.000006      -0.000049       0.000026       0.001848
  109      F  Fyzz       0.000000       0.000000       0.000000       0.000000       0.000000
  110      F  Fzzz       0.000029      -0.000013      -0.000109       0.000154       0.006739
 
                          -0.4948        -0.4264        -0.4264        -0.4264        -0.4264   
 
    1      F     S       0.000085       0.000000      -0.000000       0.000000       0.000000
    2      F     S      -0.000307       0.000000       0.000000       0.000000       0.000000
    3      F     S       0.000166      -0.000000      -0.000000       0.000000       0.000000
    4      F     S      -0.002046       0.000000       0.000000      -0.000000      -0.000000
    5      F     S       0.000045       0.000000       0.000000      -0.000000       0.000000
    6      F    Px       0.000000       0.162158       0.357690      -0.027514       0.009694
    7      F    Py       0.000000      -0.357690       0.162158      -0.009694      -0.027514
    8      F    Pz      -0.141873       0.000000       0.000000      -0.000000       0.000000
    9      F    Px       0.000000       0.180555       0.398271      -0.030579       0.010774
   10      F    Py       0.000000      -0.398271       0.180555      -0.010774      -0.030579
   11      F    Pz      -0.159632       0.000000       0.000000      -0.000000       0.000000
   12      F    Px       0.000000       0.132640       0.292581      -0.022317       0.007863
   13      F    Py       0.000000      -0.292581       0.132640      -0.007863      -0.022317
   14      F    Pz      -0.106272       0.000000       0.000000      -0.000000       0.000000
   15      F    Px       0.000000       0.021557       0.047551      -0.003826       0.001348
   16      F    Py       0.000000      -0.047551       0.021557      -0.001348      -0.003826
   17      F    Pz      -0.013804       0.000000       0.000000      -0.000000       0.000000
   18      F   Dxx       0.000029      -0.000000      -0.000000       0.000000       0.000000
   19      F   Dxy      -0.000000       0.000000       0.000000      -0.000000       0.000000
   20      F   Dxz       0.000000       0.000003       0.000008      -0.000001       0.000000
   21      F   Dyy       0.000029      -0.000000      -0.000000       0.000000       0.000000
   22      F   Dyz       0.000000      -0.000008       0.000003      -0.000000      -0.000001
   23      F   Dzz       0.000015      -0.000000      -0.000000       0.000000       0.000000
   24      F   Dxx       0.000457      -0.000000      -0.000000       0.000000       0.000000
   25      F   Dxy       0.000000      -0.000000      -0.000000       0.000000      -0.000000
   26      F   Dxz      -0.000000       0.000034       0.000074      -0.000004       0.000001
   27      F   Dyy       0.000457      -0.000000      -0.000000       0.000000       0.000000
   28      F   Dyz      -0.000000      -0.000074       0.000034      -0.000001      -0.000004
   29      F   Dzz       0.000472      -0.000000      -0.000000       0.000000       0.000000
   30      F   Dxx       0.000492      -0.000000      -0.000000       0.000000       0.000000
   31      F   Dxy       0.000000      -0.000000       0.000000       0.000000       0.000000
   32      F   Dxz      -0.000000      -0.000693      -0.001529       0.000116      -0.000041
   33      F   Dyy       0.000492      -0.000000      -0.000000       0.000000       0.000000
   34      F   Dyz      -0.000000       0.001529      -0.000693       0.000041       0.000116
   35      F   Dzz       0.001422      -0.000000      -0.000000       0.000000       0.000000
   36      F  Fxxx       0.000000       0.005627       0.012411      -0.000978       0.000345
   37      F  Fxxy       0.000000      -0.005551       0.002516      -0.000154      -0.000437
   38      F  Fxxz      -0.001541      -0.000000      -0.000000       0.000000       0.000000
   39      F  Fxyy       0.000000       0.002516       0.005551      -0.000437       0.000154
   40      F  Fxyz      -0.000000       0.000000      -0.000000      -0.000000       0.000000
   41      F  Fxzz       0.000000       0.004212       0.009291      -0.000725       0.000255
   42      F  Fyyy       0.000000      -0.012411       0.005627      -0.000345      -0.000978
   43      F  Fyyz      -0.001541       0.000000       0.000000      -0.000000       0.000000
   44      F  Fyzz       0.000000      -0.009291       0.004212      -0.000255      -0.000725
   45      F  Fzzz      -0.006741       0.000000       0.000000      -0.000000       0.000000
   46      F  Fxxx       0.000000       0.006506       0.014352      -0.001172       0.000413
   47      F  Fxxy       0.000000      -0.006418       0.002910      -0.000185      -0.000524
   48      F  Fxxz      -0.002175      -0.000000       0.000000      -0.000000       0.000000
   49      F  Fxyy       0.000000       0.002910       0.006418      -0.000524       0.000185
   50      F  Fxyz       0.000000       0.000000      -0.000000       0.000000       0.000000
   51      F  Fxzz       0.000000       0.004349       0.009593      -0.000768       0.000271
   52      F  Fyyy       0.000000      -0.014352       0.006506      -0.000413      -0.001172
   53      F  Fyyz      -0.002175       0.000000       0.000000      -0.000000       0.000000
   54      F  Fyzz       0.000000      -0.009593       0.004349      -0.000271      -0.000768
   55      F  Fzzz      -0.007480       0.000000       0.000000      -0.000000       0.000000
   56      F     S       0.000127      -0.000000       0.000000       0.000000      -0.000000
   57      F     S       0.001482      -0.000000       0.000000       0.000000      -0.000000
   58      F     S       0.000433      -0.000000      -0.000000      -0.000000       0.000000
   59      F     S       0.001669       0.000000       0.000000       0.000000      -0.000000
   60      F     S      -0.003033       0.000000       0.000000      -0.000000      -0.000000
   61      F    Px      -0.000000       0.012029       0.026533       0.370412      -0.130507
   62      F    Py      -0.000000      -0.026533       0.012029       0.130507       0.370412
   63      F    Pz      -0.376285       0.000000      -0.000000      -0.000000      -0.000000
   64      F    Px      -0.000000       0.013418       0.029598       0.412428      -0.145311
   65      F    Py      -0.000000      -0.029598       0.013418       0.145311       0.412428
   66      F    Pz      -0.424036       0.000000      -0.000000      -0.000000      -0.000000
   67      F    Px      -0.000000       0.009921       0.021885       0.302966      -0.106744
   68      F    Py      -0.000000      -0.021885       0.009921       0.106744       0.302966
   69      F    Pz      -0.284261       0.000000      -0.000000      -0.000000      -0.000000
   70      F    Px      -0.000000       0.001526       0.003367       0.049273      -0.017360
   71      F    Py      -0.000000      -0.003367       0.001526       0.017360       0.049273
   72      F    Pz      -0.034236      -0.000000       0.000000      -0.000000      -0.000000
   73      F   Dxx      -0.000027      -0.000000      -0.000000      -0.000000       0.000000
   74      F   Dxy       0.000000       0.000000      -0.000000       0.000000      -0.000000
   75      F   Dxz       0.000000      -0.000000      -0.000000      -0.000008       0.000003
   76      F   Dyy      -0.000027      -0.000000       0.000000      -0.000000       0.000000
   77      F   Dyz      -0.000000       0.000000      -0.000000      -0.000003      -0.000008
   78      F   Dzz      -0.000000      -0.000000      -0.000000      -0.000000       0.000000
   79      F   Dxx      -0.000243      -0.000000       0.000000      -0.000000       0.000000
   80      F   Dxy      -0.000000      -0.000000      -0.000000      -0.000000       0.000000
   81      F   Dxz      -0.000000      -0.000003      -0.000007      -0.000077       0.000027
   82      F   Dyy      -0.000243      -0.000000      -0.000000      -0.000000       0.000000
   83      F   Dyz       0.000000       0.000007      -0.000003      -0.000027      -0.000077
   84      F   Dzz      -0.000207      -0.000000      -0.000000      -0.000000       0.000000
   85      F   Dxx       0.000353      -0.000000      -0.000000      -0.000000       0.000000
   86      F   Dxy      -0.000000      -0.000000       0.000000      -0.000000      -0.000000
   87      F   Dxz      -0.000000       0.000052       0.000115       0.001583      -0.000558
   88      F   Dyy       0.000353      -0.000000      -0.000000      -0.000000       0.000000
   89      F   Dyz      -0.000000      -0.000115       0.000052       0.000558       0.001583
   90      F   Dzz      -0.002282      -0.000000       0.000000      -0.000000       0.000000
   91      F  Fxxx      -0.000000       0.000407       0.000898       0.012856      -0.004530
   92      F  Fxxy      -0.000000      -0.000402       0.000182       0.002026       0.005750
   93      F  Fxxz      -0.003962      -0.000000       0.000000      -0.000000      -0.000000
   94      F  Fxyy      -0.000000       0.000182       0.000402       0.005750      -0.002026
   95      F  Fxyz       0.000000      -0.000000      -0.000000       0.000000       0.000000
   96      F  Fxzz      -0.000000       0.000308       0.000679       0.009623      -0.003390
   97      F  Fyyy      -0.000000      -0.000898       0.000407       0.004530       0.012856
   98      F  Fyyz      -0.003962      -0.000000       0.000000      -0.000000      -0.000000
   99      F  Fyzz      -0.000000      -0.000679       0.000308       0.003390       0.009623
  100      F  Fzzz      -0.017608      -0.000000       0.000000      -0.000000      -0.000000
  101      F  Fxxx      -0.000000       0.000453       0.001000       0.014872      -0.005240
  102      F  Fxxy      -0.000000      -0.000447       0.000203       0.002343       0.006651
  103      F  Fxxz      -0.005399       0.000000       0.000000      -0.000000      -0.000000
  104      F  Fxyy      -0.000000       0.000203       0.000447       0.006651      -0.002343
  105      F  Fxyz      -0.000000      -0.000000       0.000000       0.000000       0.000000
  106      F  Fxzz      -0.000000       0.000310       0.000683       0.009938      -0.003501
  107      F  Fyyy      -0.000000      -0.001000       0.000453       0.005240       0.014872
  108      F  Fyyz      -0.005399      -0.000000       0.000000      -0.000000      -0.000000
  109      F  Fyzz      -0.000000      -0.000683       0.000310       0.003501       0.009938
  110      F  Fzzz      -0.019006      -0.000000       0.000000      -0.000000      -0.000000
 
 
  Occupied Eigenvectors for: E-BETA
 --------------------------- 
 
                         -26.0590       -26.0590        -1.2268        -1.2262        -0.3910   
 
    1      F     S      -0.971175      -0.023846      -0.005694      -0.005289       0.000000
    2      F     S       0.011071       0.000259       0.406383       0.380998       0.000000
    3      F     S      -0.047941      -0.001204       0.116711       0.109474       0.000000
    4      F     S       0.016284       0.000533       0.290947       0.272559      -0.000000
    5      F     S       0.001142       0.000068       0.022604       0.020414      -0.000000
    6      F    Px      -0.000000      -0.000000       0.000000       0.000000      -0.322406
    7      F    Py       0.000000      -0.000000      -0.000000       0.000000      -0.174458
    8      F    Pz      -0.000023       0.000013      -0.000583      -0.001391      -0.000000
    9      F    Px       0.000000       0.000000      -0.000000      -0.000000      -0.356816
   10      F    Py      -0.000000       0.000000       0.000000      -0.000000      -0.193078
   11      F    Pz       0.000086      -0.000043      -0.000708      -0.001652      -0.000000
   12      F    Px       0.000000       0.000000       0.000000      -0.000000      -0.280480
   13      F    Py      -0.000000       0.000000      -0.000000      -0.000000      -0.151771
   14      F    Pz       0.000014      -0.000043      -0.000693      -0.001650      -0.000000
   15      F    Px      -0.000000       0.000000      -0.000000       0.000000      -0.054800
   16      F    Py       0.000000      -0.000000       0.000000      -0.000000      -0.029653
   17      F    Pz       0.000000       0.000029       0.000514      -0.000465      -0.000000
   18      F   Dxx      -0.003292      -0.000084       0.002721       0.002559       0.000000
   19      F   Dxy      -0.000000       0.000000       0.000000       0.000000      -0.000000
   20      F   Dxz      -0.000000      -0.000000       0.000000       0.000000       0.000101
   21      F   Dyy      -0.003292      -0.000084       0.002721       0.002559       0.000000
   22      F   Dyz      -0.000000      -0.000000       0.000000       0.000000       0.000055
   23      F   Dzz      -0.002390      -0.000062      -0.002899      -0.002735       0.000000
   24      F   Dxx      -0.008080      -0.000232       0.001564       0.001528       0.000000
   25      F   Dxy      -0.000000       0.000000       0.000000       0.000000       0.000000
   26      F   Dxz      -0.000000       0.000000       0.000000       0.000000       0.000109
   27      F   Dyy      -0.008080      -0.000232       0.001564       0.001528       0.000000
   28      F   Dyz      -0.000000       0.000000       0.000000       0.000000       0.000059
   29      F   Dzz      -0.007927      -0.000230      -0.009763      -0.009059       0.000000
   30      F   Dxx      -0.002716      -0.000104      -0.002638      -0.002180       0.000000
   31      F   Dxy      -0.000000       0.000000       0.000000       0.000000      -0.000000
   32      F   Dxz       0.000000      -0.000000       0.000000       0.000000       0.001412
   33      F   Dyy      -0.002716      -0.000104      -0.002638      -0.002180       0.000000
   34      F   Dyz       0.000000       0.000000       0.000000       0.000000       0.000764
   35      F   Dzz      -0.002689      -0.000100      -0.005934      -0.005656       0.000000
   36      F  Fxxx      -0.000000      -0.000000       0.000000       0.000000      -0.013665
   37      F  Fxxy       0.000000      -0.000000      -0.000000       0.000000      -0.003307
   38      F  Fxxz      -0.000014       0.000009      -0.000003      -0.000018      -0.000000
   39      F  Fxyy      -0.000000      -0.000000       0.000000       0.000000      -0.006111
   40      F  Fxyz       0.000000      -0.000000      -0.000000      -0.000000      -0.000000
   41      F  Fxzz      -0.000000      -0.000000       0.000000       0.000000      -0.005561
   42      F  Fyyy       0.000000      -0.000000      -0.000000       0.000000      -0.007394
   43      F  Fyyz      -0.000014       0.000009      -0.000003      -0.000018      -0.000000
   44      F  Fyzz       0.000000      -0.000000      -0.000000       0.000000      -0.003009
   45      F  Fzzz      -0.000033       0.000021      -0.000008      -0.000027      -0.000000
   46      F  Fxxx      -0.000000      -0.000000       0.000000       0.000000      -0.015431
   47      F  Fxxy       0.000000      -0.000000      -0.000000       0.000000      -0.003734
   48      F  Fxxz      -0.000012       0.000013      -0.000035      -0.000027      -0.000000
   49      F  Fxyy      -0.000000      -0.000000       0.000000       0.000000      -0.006901
   50      F  Fxyz       0.000000       0.000000      -0.000000      -0.000000      -0.000000
   51      F  Fxzz      -0.000000      -0.000000       0.000000       0.000000      -0.006509
   52      F  Fyyy       0.000000      -0.000000      -0.000000       0.000000      -0.008350
   53      F  Fyyz      -0.000012       0.000013      -0.000035      -0.000027      -0.000000
   54      F  Fyzz       0.000000      -0.000000       0.000000       0.000000      -0.003522
   55      F  Fzzz      -0.000028       0.000029       0.000048       0.000005      -0.000000
   56      F     S      -0.023832       0.971176      -0.005340       0.005647      -0.000000
   57      F     S       0.000284      -0.011070       0.380825      -0.406541       0.000000
   58      F     S      -0.001150       0.047943       0.109368      -0.116810       0.000000
   59      F     S       0.000267      -0.016291       0.272664      -0.290849      -0.000000
   60      F     S      -0.000012      -0.001144       0.021234      -0.021837      -0.000000
   61      F    Px       0.000000       0.000000       0.000000      -0.000000      -0.105327
   62      F    Py       0.000000      -0.000000      -0.000000       0.000000      -0.056994
   63      F    Pz       0.000014      -0.000022       0.000491      -0.001426       0.000000
   64      F    Px      -0.000000      -0.000000       0.000000       0.000000      -0.116611
   65      F    Py      -0.000000       0.000000       0.000000      -0.000000      -0.063100
   66      F    Pz      -0.000047       0.000084       0.000599      -0.001694       0.000000
   67      F    Px      -0.000000       0.000000      -0.000000      -0.000000      -0.091771
   68      F    Py       0.000000       0.000000       0.000000      -0.000000      -0.049659
   69      F    Pz      -0.000044       0.000012       0.000584      -0.001691       0.000000
   70      F    Px       0.000000       0.000000       0.000000       0.000000      -0.017803
   71      F    Py      -0.000000       0.000000      -0.000000       0.000000      -0.009634
   72      F    Pz       0.000029       0.000002      -0.000543      -0.000431       0.000000
   73      F   Dxx      -0.000077       0.003292       0.002549      -0.002730      -0.000000
   74      F   Dxy      -0.000000      -0.000000      -0.000000      -0.000000      -0.000000
   75      F   Dxz       0.000000      -0.000000      -0.000000       0.000000      -0.000032
   76      F   Dyy      -0.000077       0.003292       0.002549      -0.002730      -0.000000
   77      F   Dyz      -0.000000      -0.000000      -0.000000       0.000000      -0.000017
   78      F   Dzz      -0.000056       0.002390      -0.002715       0.002917       0.000000
   79      F   Dxx      -0.000165       0.008082       0.001461      -0.001626       0.000000
   80      F   Dxy       0.000000       0.000000       0.000000       0.000000      -0.000000
   81      F   Dxz      -0.000000      -0.000000      -0.000000       0.000000      -0.000038
   82      F   Dyy      -0.000165       0.008082       0.001461      -0.001626       0.000000
   83      F   Dyz       0.000000       0.000000      -0.000000       0.000000      -0.000020
   84      F   Dzz      -0.000160       0.007928      -0.009154       0.009672       0.000000
   85      F   Dxx      -0.000029       0.002718      -0.002491       0.002346      -0.000000
   86      F   Dxy      -0.000000      -0.000000      -0.000000      -0.000000      -0.000000
   87      F   Dxz       0.000000      -0.000000      -0.000000       0.000000      -0.000436
   88      F   Dyy      -0.000029       0.002718      -0.002491       0.002346      -0.000000
   89      F   Dyz      -0.000000       0.000000      -0.000000       0.000000      -0.000236
   90      F   Dzz      -0.000032       0.002691      -0.005554       0.006027       0.000000
   91      F  Fxxx       0.000000       0.000000      -0.000000      -0.000000      -0.004447
   92      F  Fxxy       0.000000      -0.000000      -0.000000       0.000000      -0.001076
   93      F  Fxxz       0.000010      -0.000014       0.000002      -0.000018       0.000000
   94      F  Fxyy       0.000000       0.000000      -0.000000      -0.000000      -0.001989
   95      F  Fxyz      -0.000000      -0.000000      -0.000000      -0.000000      -0.000000
   96      F  Fxzz       0.000000       0.000000      -0.000000      -0.000000      -0.001808
   97      F  Fyyy       0.000000      -0.000000      -0.000000       0.000000      -0.002406
   98      F  Fyyz       0.000010      -0.000014       0.000002      -0.000018       0.000000
   99      F  Fyzz       0.000000      -0.000000      -0.000000       0.000000      -0.000978
  100      F  Fzzz       0.000022      -0.000032       0.000006      -0.000027       0.000000
  101      F  Fxxx       0.000000       0.000000      -0.000000      -0.000000      -0.004989
  102      F  Fxxy       0.000000      -0.000000      -0.000000       0.000000      -0.001207
  103      F  Fxxz       0.000013      -0.000011       0.000033      -0.000030       0.000000
  104      F  Fxyy       0.000000      -0.000000       0.000000      -0.000000      -0.002231
  105      F  Fxyz       0.000000       0.000000       0.000000       0.000000       0.000000
  106      F  Fxzz       0.000000      -0.000000       0.000000       0.000000      -0.002107
  107      F  Fyyy       0.000000      -0.000000      -0.000000       0.000000      -0.002700
  108      F  Fyyz       0.000013      -0.000011       0.000033      -0.000030       0.000000
  109      F  Fyzz       0.000000      -0.000000      -0.000000       0.000000      -0.001140
  110      F  Fzzz       0.000030      -0.000026      -0.000048       0.000008       0.000000
 
                          -0.3910        -0.3909        -0.3909        -0.0296   
 
    1      F     S       0.000000      -0.000000      -0.000000       0.001598
    2      F     S       0.000000      -0.000000      -0.000000       0.004257
    3      F     S      -0.000000       0.000000      -0.000000       0.003614
    4      F     S       0.000000      -0.000000       0.000000      -0.007860
    5      F     S       0.000000      -0.000000      -0.000000      -0.024463
    6      F    Px       0.174458      -0.119386       0.010064       0.000000
    7      F    Py      -0.322406       0.010064       0.119386       0.000000
    8      F    Pz       0.000000      -0.000000       0.000000      -0.216228
    9      F    Px       0.193078      -0.132068       0.011133       0.000000
   10      F    Py      -0.356816       0.011133       0.132068       0.000000
   11      F    Pz       0.000000      -0.000000       0.000000      -0.239100
   12      F    Px       0.151771      -0.103666       0.008739       0.000000
   13      F    Py      -0.280480       0.008739       0.103666       0.000000
   14      F    Pz       0.000000      -0.000000       0.000000      -0.227218
   15      F    Px       0.029653      -0.020435       0.001723       0.000000
   16      F    Py      -0.054800       0.001723       0.020435       0.000000
   17      F    Pz       0.000000      -0.000000       0.000000      -0.228702
   18      F   Dxx      -0.000000       0.000000      -0.000000       0.000136
   19      F   Dxy      -0.000000      -0.000000      -0.000000      -0.000000
   20      F   Dxz      -0.000055       0.000040      -0.000003      -0.000000
   21      F   Dyy      -0.000000       0.000000      -0.000000       0.000136
   22      F   Dyz       0.000101      -0.000003      -0.000040      -0.000000
   23      F   Dzz      -0.000000       0.000000      -0.000000       0.000013
   24      F   Dxx      -0.000000       0.000000      -0.000000       0.003280
   25      F   Dxy       0.000000       0.000000       0.000000       0.000000
   26      F   Dxz      -0.000059       0.000038      -0.000003       0.000000
   27      F   Dyy      -0.000000       0.000000      -0.000000       0.003280
   28      F   Dyz       0.000109      -0.000003      -0.000038       0.000000
   29      F   Dzz      -0.000000       0.000000      -0.000000       0.003440
   30      F   Dxx      -0.000000       0.000000      -0.000000       0.007788
   31      F   Dxy      -0.000000       0.000000       0.000000      -0.000000
   32      F   Dxz      -0.000764       0.000559      -0.000047       0.000000
   33      F   Dyy      -0.000000       0.000000      -0.000000       0.007788
   34      F   Dyz       0.001412      -0.000047      -0.000559       0.000000
   35      F   Dzz      -0.000000       0.000000      -0.000000       0.005670
   36      F  Fxxx       0.007394      -0.005085       0.000429       0.000000
   37      F  Fxxy      -0.006111       0.000192       0.002274      -0.000000
   38      F  Fxxz       0.000000      -0.000000       0.000000      -0.005536
   39      F  Fxyy       0.003307      -0.002274       0.000192       0.000000
   40      F  Fxyz      -0.000000       0.000000       0.000000      -0.000000
   41      F  Fxzz       0.003009      -0.002071       0.000175       0.000000
   42      F  Fyyy      -0.013665       0.000429       0.005085      -0.000000
   43      F  Fyyz       0.000000      -0.000000       0.000000      -0.005536
   44      F  Fyzz      -0.005561       0.000175       0.002071      -0.000000
   45      F  Fzzz       0.000000      -0.000000       0.000000      -0.011230
   46      F  Fxxx       0.008350      -0.005788       0.000488       0.000000
   47      F  Fxxy      -0.006901       0.000218       0.002588       0.000000
   48      F  Fxxz       0.000000      -0.000000       0.000000      -0.007564
   49      F  Fxyy       0.003734      -0.002588       0.000218       0.000000
   50      F  Fxyz      -0.000000      -0.000000      -0.000000       0.000000
   51      F  Fxzz       0.003522      -0.002438       0.000206       0.000000
   52      F  Fyyy      -0.015431       0.000488       0.005788       0.000000
   53      F  Fyyz       0.000000      -0.000000      -0.000000      -0.007564
   54      F  Fyzz      -0.006509       0.000206       0.002438       0.000000
   55      F  Fzzz       0.000000      -0.000000       0.000000      -0.017093
   56      F     S       0.000000      -0.000000       0.000000       0.001598
   57      F     S       0.000000      -0.000000       0.000000       0.004256
   58      F     S      -0.000000      -0.000000       0.000000       0.003613
   59      F     S       0.000000       0.000000      -0.000000      -0.007860
   60      F     S       0.000000       0.000000      -0.000000      -0.024460
   61      F    Px       0.056994       0.365298      -0.030794       0.000000
   62      F    Py      -0.105327      -0.030794      -0.365298       0.000000
   63      F    Pz       0.000000      -0.000000       0.000000       0.216269
   64      F    Px       0.063100       0.404251      -0.034077       0.000000
   65      F    Py      -0.116611      -0.034077      -0.404251       0.000000
   66      F    Pz       0.000000      -0.000000       0.000000       0.239145
   67      F    Px       0.049659       0.317686      -0.026780       0.000000
   68      F    Py      -0.091771      -0.026780      -0.317686       0.000000
   69      F    Pz      -0.000000      -0.000000       0.000000       0.227261
   70      F    Px       0.009634       0.062182      -0.005242       0.000000
   71      F    Py      -0.017803      -0.005242      -0.062182       0.000000
   72      F    Pz       0.000000      -0.000000       0.000000       0.228731
   73      F   Dxx      -0.000000      -0.000000       0.000000       0.000136
   74      F   Dxy      -0.000000       0.000000       0.000000      -0.000000
   75      F   Dxz       0.000017       0.000116      -0.000010      -0.000000
   76      F   Dyy      -0.000000      -0.000000      -0.000000       0.000136
   77      F   Dyz      -0.000032      -0.000010      -0.000116      -0.000000
   78      F   Dzz      -0.000000      -0.000000      -0.000000       0.000013
   79      F   Dxx      -0.000000      -0.000000       0.000000       0.003279
   80      F   Dxy       0.000000      -0.000000      -0.000000      -0.000000
   81      F   Dxz       0.000020       0.000122      -0.000010       0.000000
   82      F   Dyy      -0.000000      -0.000000       0.000000       0.003279
   83      F   Dyz      -0.000038      -0.000010      -0.000122       0.000000
   84      F   Dzz      -0.000000      -0.000000       0.000000       0.003440
   85      F   Dxx      -0.000000      -0.000000       0.000000       0.007787
   86      F   Dxy      -0.000000      -0.000000      -0.000000       0.000000
   87      F   Dxz       0.000236       0.001621      -0.000137      -0.000000
   88      F   Dyy      -0.000000      -0.000000       0.000000       0.007787
   89      F   Dyz      -0.000436      -0.000137      -0.001621      -0.000000
   90      F   Dzz      -0.000000      -0.000000       0.000000       0.005669
   91      F  Fxxx       0.002406       0.015498      -0.001306       0.000000
   92      F  Fxxy      -0.001989      -0.000584      -0.006931       0.000000
   93      F  Fxxz      -0.000000      -0.000000       0.000000       0.005537
   94      F  Fxyy       0.001076       0.006931      -0.000584       0.000000
   95      F  Fxyz       0.000000      -0.000000       0.000000       0.000000
   96      F  Fxzz       0.000978       0.006308      -0.000532      -0.000000
   97      F  Fyyy      -0.004447      -0.001306      -0.015498       0.000000
   98      F  Fyyz       0.000000      -0.000000       0.000000       0.005537
   99      F  Fyzz      -0.001808      -0.000532      -0.006308       0.000000
  100      F  Fzzz      -0.000000      -0.000000       0.000000       0.011232
  101      F  Fxxx       0.002700       0.017527      -0.001477       0.000000
  102      F  Fxxy      -0.002231      -0.000661      -0.007838       0.000000
  103      F  Fxxz       0.000000      -0.000000       0.000000       0.007565
  104      F  Fxyy       0.001207       0.007838      -0.000661       0.000000
  105      F  Fxyz      -0.000000       0.000000       0.000000       0.000000
  106      F  Fxzz       0.001140       0.007392      -0.000623       0.000000
  107      F  Fyyy      -0.004989      -0.001477      -0.017527       0.000000
  108      F  Fyyz      -0.000000      -0.000000       0.000000       0.007565
  109      F  Fyzz      -0.002107      -0.000623      -0.007392       0.000000
  110      F  Fzzz       0.000000      -0.000000       0.000000       0.017095
 
 
  end of eigenvectors 
 
  END OF EIGENVALUES AND EIGENVECTORS
 
 
  COMPONENTS OF KINETIC ENERGY: 
 -----------------------------
 
             E-ALPHA Kinetic energy =          101.967620531906
              E-BETA Kinetic energy =           96.819525444830
                                     _________________________
               Total kinetic energy =          198.787145976736
 
  COMPONENTS OF POTENTIAL ENERGY: 
 -------------------------------
 
          Fixed potential energy    =            7.264975794651
 
  Quantum/Fixed interaction energy: 
 ----------------------------------
 
     E-ALPHA/Fixed interact. energy =         -256.658576365178
      E-BETA/Fixed interact. energy =         -240.533954135213
                                     _________________________
               Total Q/Fixed energy =         -497.192530500391
 
  Coulomb energy: 
 ------------------
 
     E-ALPHA/E-ALPHA Hartree energy =           31.213841069680
       E-BETA/E-BETA Hartree energy =           25.228652181362
      E-ALPHA/E-BETA Hartree energy =           56.051405665863
                                     _________________________
               Total Hartree energy =          112.493898916905
 
  Exchange(HF) energy: 
 ----------------------
 
            E-ALPHA Exchange energy =          -10.683753232948
             E-BETA Exchange energy =           -9.479386153431
                                     _________________________
              Total Exchange energy =          -20.163139386379
 
  TOTAL ENERGY COMPONENTS: 
 ==========================
 
          TOTAL KINETIC ENERGY      =          198.787145976736
          TOTAL POTENTIAL ENERGY    =         -397.596795175215
                                     _________________________
                       TOTAL ENERGY =         -198.809649198479
 
                 VIRIAL RATIO (V/T) =            2.000113202600
 
 
  END ENERGY COMPONENTS
 
 
** TOTAL CPU Time SCF :      5.625 (s)
** TOTAL Elapsed Time SCF :      1.455 (s)
 
 We are calculating properties for E-ALPHA in the HF/KS ground state
 We are calculating properties for E-BETA in the HF/KS ground state
 
  POPULATION ANALYSES: 
 ====================
 
 MULLIKEN Population: for E-        
 ---------------------
 
                          total          spin      
 
    1      F     S       1.941220      -0.000837
    2      F     S       1.073505       0.016929
    3      F     S       0.270106       0.006093
    4      F     S       0.705867      -0.008941
    5      F     S       0.031770      -0.005023
    6      F    Px       0.570809       0.010333
    7      F    Py       0.570809       0.010333
    8      F    Pz       0.394093       0.209150
    9      F    Px       0.805262       0.012392
   10      F    Py       0.805262       0.012392
   11      F    Pz       0.566836       0.281906
   12      F    Px       0.497597      -0.014716
   13      F    Py       0.497597      -0.014716
   14      F    Pz       0.358585       0.086757
   15      F    Px       0.044894      -0.006164
   16      F    Py       0.044894      -0.006164
   17      F    Pz       0.117713      -0.092734
   18      F   Dxx       0.002714      -0.003008
   19      F   Dxy       0.000000      -0.000000
   20      F   Dxz       0.000000      -0.000000
   21      F   Dyy       0.002714      -0.003008
   22      F   Dyz       0.000000      -0.000000
   23      F   Dzz       0.002074       0.006221
   24      F   Dxx      -0.004099      -0.007448
   25      F   Dxy       0.000000       0.000000
   26      F   Dxz       0.000000      -0.000000
   27      F   Dyy      -0.004099      -0.007448
   28      F   Dyz       0.000000      -0.000000
   29      F   Dzz      -0.005641       0.010789
   30      F   Dxx      -0.004740      -0.002098
   31      F   Dxy       0.000000       0.000000
   32      F   Dxz       0.000006      -0.000000
   33      F   Dyy      -0.004740      -0.002098
   34      F   Dyz       0.000006      -0.000000
   35      F   Dzz      -0.006433      -0.000307
   36      F  Fxxx       0.023281      -0.002031
   37      F  Fxxy       0.007760      -0.000677
   38      F  Fxxz       0.004461       0.000442
   39      F  Fxyy       0.007760      -0.000677
   40      F  Fxyz       0.000000       0.000000
   41      F  Fxzz       0.009806       0.002135
   42      F  Fyyy       0.023281      -0.002031
   43      F  Fyyz       0.004461       0.000442
   44      F  Fyzz       0.009806       0.002135
   45      F  Fzzz       0.020224       0.009296
   46      F  Fxxx       0.023414      -0.001995
   47      F  Fxxy       0.007805      -0.000665
   48      F  Fxxz       0.005641       0.000014
   49      F  Fxyy       0.007805      -0.000665
   50      F  Fxyz       0.000000       0.000000
   51      F  Fxzz       0.009366       0.001388
   52      F  Fyyy       0.023414      -0.001995
   53      F  Fyyz       0.005641       0.000014
   54      F  Fyzz       0.009366       0.001388
   55      F  Fzzz       0.022044       0.004986
   56      F     S       1.941220      -0.000837
   57      F     S       1.073500       0.016928
   58      F     S       0.270104       0.006093
   59      F     S       0.705869      -0.008940
   60      F     S       0.031772      -0.005023
   61      F    Px       0.570801       0.010333
   62      F    Py       0.570801       0.010333
   63      F    Pz       0.394123       0.209112
   64      F    Px       0.805255       0.012392
   65      F    Py       0.805255       0.012392
   66      F    Pz       0.566884       0.281850
   67      F    Px       0.497608      -0.014715
   68      F    Py       0.497608      -0.014715
   69      F    Pz       0.358640       0.086715
   70      F    Px       0.044900      -0.006164
   71      F    Py       0.044900      -0.006164
   72      F    Pz       0.117743      -0.092760
   73      F   Dxx       0.002714      -0.003008
   74      F   Dxy       0.000000       0.000000
   75      F   Dxz       0.000000      -0.000000
   76      F   Dyy       0.002714      -0.003008
   77      F   Dyz       0.000000      -0.000000
   78      F   Dzz       0.002074       0.006220
   79      F   Dxx      -0.004099      -0.007448
   80      F   Dxy       0.000000       0.000000
   81      F   Dxz       0.000000      -0.000000
   82      F   Dyy      -0.004099      -0.007448
   83      F   Dyz       0.000000      -0.000000
   84      F   Dzz      -0.005640       0.010787
   85      F   Dxx      -0.004740      -0.002098
   86      F   Dxy       0.000000      -0.000000
   87      F   Dxz       0.000006      -0.000000
   88      F   Dyy      -0.004740      -0.002098
   89      F   Dyz       0.000006      -0.000000
   90      F   Dzz      -0.006433      -0.000307
   91      F  Fxxx       0.023281      -0.002031
   92      F  Fxxy       0.007760      -0.000677
   93      F  Fxxz       0.004462       0.000441
   94      F  Fxyy       0.007760      -0.000677
   95      F  Fxyz       0.000000       0.000000
   96      F  Fxzz       0.009805       0.002135
   97      F  Fyyy       0.023281      -0.002031
   98      F  Fyyz       0.004462       0.000441
   99      F  Fyzz       0.009805       0.002135
  100      F  Fzzz       0.020225       0.009293
  101      F  Fxxx       0.023413      -0.001994
  102      F  Fxxy       0.007804      -0.000665
  103      F  Fxxz       0.005642       0.000013
  104      F  Fxyy       0.007804      -0.000665
  105      F  Fxyz       0.000000       0.000000
  106      F  Fxzz       0.009366       0.001387
  107      F  Fyyy       0.023413      -0.001994
  108      F  Fyyz       0.005642       0.000013
  109      F  Fyzz       0.009366       0.001387
  110      F  Fzzz       0.022046       0.004983
 
                           __________     __________
              Total =       19.000000       1.000000
 
  Atomic MULLIKEN Population: for E-        
            F                9.499914       0.500086
            F                9.500086       0.499914
 
 ...end of MULLIKEN Population
 
 
 END POPULATION ANALYSES 
 
 
  POPULATION ANALYSES: 
 ====================
 
 LOWDIN Population: for E-        
 ---------------------
 
                          total          spin      
 
    1      F     S       1.575220      -0.000149
    2      F     S       0.617356       0.004955
    3      F     S       0.417914       0.004137
    4      F     S       0.300093      -0.003380
    5      F     S       0.075428      -0.003914
    6      F    Px       0.512916       0.009954
    7      F    Py       0.512916       0.009954
    8      F    Pz       0.353766       0.190939
    9      F    Px       0.379817       0.003840
   10      F    Py       0.379817       0.003840
   11      F    Pz       0.266593       0.128002
   12      F    Px       0.278433      -0.008507
   13      F    Py       0.278433      -0.008507
   14      F    Pz       0.217333       0.032355
   15      F    Px       0.065214      -0.005865
   16      F    Py       0.065214      -0.005865
   17      F    Pz       0.118254      -0.072004
   18      F   Dxx       0.159597      -0.000580
   19      F   Dxy       0.000000      -0.000000
   20      F   Dxz       0.000000      -0.000000
   21      F   Dyy       0.159597      -0.000580
   22      F   Dyz       0.000000      -0.000000
   23      F   Dzz       0.158884       0.009225
   24      F   Dxx       0.152462      -0.005959
   25      F   Dxy       0.000000       0.000000
   26      F   Dxz       0.000001      -0.000000
   27      F   Dyy       0.152462      -0.005959
   28      F   Dyz       0.000001      -0.000000
   29      F   Dzz       0.150711       0.008093
   30      F   Dxx       0.027155      -0.002927
   31      F   Dxy       0.000000      -0.000000
   32      F   Dxz       0.000005      -0.000000
   33      F   Dyy       0.027155      -0.002927
   34      F   Dyz       0.000005      -0.000000
   35      F   Dzz       0.026141      -0.000178
   36      F  Fxxx       0.238506       0.001754
   37      F  Fxxy       0.104088       0.000841
   38      F  Fxxz       0.071892       0.034705
   39      F  Fxyy       0.104088       0.000841
   40      F  Fxyz       0.000000       0.000000
   41      F  Fxzz       0.105693       0.003018
   42      F  Fyyy       0.238506       0.001754
   43      F  Fyyz       0.071892       0.034705
   44      F  Fyzz       0.105693       0.003018
   45      F  Fzzz       0.169139       0.084364
   46      F  Fxxx       0.169132      -0.003555
   47      F  Fxxy       0.072483      -0.001560
   48      F  Fxxz       0.052676       0.014399
   49      F  Fxyy       0.072483      -0.001560
   50      F  Fxyz       0.000000       0.000000
   51      F  Fxzz       0.073712       0.000079
   52      F  Fyyy       0.169132      -0.003555
   53      F  Fyyz       0.052676       0.014399
   54      F  Fyzz       0.073712       0.000079
   55      F  Fzzz       0.125518       0.038364
   56      F     S       1.575220      -0.000149
   57      F     S       0.617355       0.004955
   58      F     S       0.417912       0.004137
   59      F     S       0.300094      -0.003380
   60      F     S       0.075429      -0.003914
   61      F    Px       0.512909       0.009954
   62      F    Py       0.512909       0.009954
   63      F    Pz       0.353793       0.190905
   64      F    Px       0.379814       0.003840
   65      F    Py       0.379814       0.003840
   66      F    Pz       0.266617       0.127975
   67      F    Px       0.278439      -0.008507
   68      F    Py       0.278439      -0.008507
   69      F    Pz       0.217369       0.032327
   70      F    Px       0.065219      -0.005865
   71      F    Py       0.065219      -0.005865
   72      F    Pz       0.118282      -0.072028
   73      F   Dxx       0.159596      -0.000579
   74      F   Dxy       0.000000       0.000000
   75      F   Dxz       0.000000      -0.000000
   76      F   Dyy       0.159596      -0.000579
   77      F   Dyz       0.000000      -0.000000
   78      F   Dzz       0.158883       0.009224
   79      F   Dxx       0.152462      -0.005959
   80      F   Dxy       0.000000      -0.000000
   81      F   Dxz       0.000001      -0.000000
   82      F   Dyy       0.152462      -0.005959
   83      F   Dyz       0.000001      -0.000000
   84      F   Dzz       0.150712       0.008092
   85      F   Dxx       0.027155      -0.002926
   86      F   Dxy       0.000000      -0.000000
   87      F   Dxz       0.000005      -0.000000
   88      F   Dyy       0.027155      -0.002926
   89      F   Dyz       0.000005      -0.000000
   90      F   Dzz       0.026142      -0.000178
   91      F  Fxxx       0.238504       0.001754
   92      F  Fxxy       0.104088       0.000842
   93      F  Fxxz       0.071899       0.034698
   94      F  Fxyy       0.104088       0.000842
   95      F  Fxyz       0.000000       0.000000
   96      F  Fxzz       0.105692       0.003018
   97      F  Fyyy       0.238504       0.001754
   98      F  Fyyz       0.071899       0.034698
   99      F  Fyzz       0.105692       0.003018
  100      F  Fzzz       0.169153       0.084348
  101      F  Fxxx       0.169134      -0.003555
  102      F  Fxxy       0.072484      -0.001559
  103      F  Fxxz       0.052684       0.014392
  104      F  Fxyy       0.072484      -0.001559
  105      F  Fxyz       0.000000       0.000000
  106      F  Fxzz       0.073712       0.000079
  107      F  Fyyy       0.169134      -0.003555
  108      F  Fyyz       0.052684       0.014392
  109      F  Fyzz       0.073712       0.000079
  110      F  Fzzz       0.125534       0.038349
 
                           __________     __________
              Total =       19.000000       1.000000
 
  Atomic LOWDIN Population: for E-        
            F                9.499914       0.500086
            F                9.500086       0.499914
 
 ...end of LOWDIN Population
 
 
 END POPULATION ANALYSES 
 
 
  EXPECTED POSITIONS OF QUANTUM SPECIES:
 ======================
 
 POSITIONS IN ANGSTROMS
 ------
 
                        <x>      <y>      <z>         
            E-ALPHA   0.0000  -0.0000  29.5000
             E-BETA  -0.0000  -0.0000  26.5505
 
 END EXPECTED POSITIONS
 
 
  ELECTROSTATIC MOMENTS:
 ======================
 
 
 DIPOLE: (A.U.)
 ------
 
                           <Dx>         <Dy>         <Dz>          |D|
            E-ALPHA  -0.00000000   0.00000000 -55.74691595
             E-BETA   0.00000000   0.00000000 -50.17317754
    Point charges:    0.00000000   0.00000000 100.34444995
                     ____________________________
      Total Dipole:   0.00000000   0.00000000  -5.57564354   5.57564354
 
 DIPOLE: (DEBYE)
 ------
 
                           <Dx>         <Dy>         <Dz>          |D|
            E-ALPHA  -0.00000000   0.00000000-141.69450840
             E-BETA   0.00000000   0.00000000-127.52748032
    Point charges:    0.00000000   0.00000000 255.05011828
                     ____________________________
      Total Dipole:   0.00000000   0.00000000 -14.17187045  14.17187045
 
 QUADRUPOLE NON-TRACELESS: (DEBYE ANGS)
 ------
 
                           <xx>         <yy>         <zz>         <xy>         <xz>         <yz>
            E-ALPHA   -5.66706769   -5.66706769 -841.88231120   -0.00000000   -0.00000000    0.00000000
             E-BETA   -6.30681969   -6.30681969 -758.21439293   -0.00000000    0.00000000    0.00000000
    Point charges:     0.00000000    0.00000000 1504.79552618    0.00000000    0.00000000    0.00000000
  Total Quadrupole:  -11.97388738  -11.97388738  -95.30117795   -0.00000000    0.00000000    0.00000000
                     ____________________________
 
 END ELECTROSTATIC MOMENTS
 
 
 BEGIN FOUR-INDEX INTEGRALS TRANFORMATION:
 ========================================
 Selected method: C         
 
 --------------------------------------------------
    4N^5 Algorithm Four-index integral tranformation
 --------------------------------------------------
 
 Integrals transformation for: E-ALPHA
 
              Transformation boundaries 
                 orbital lower upper
                       p     1    10
                       q    11   110
                       r     1    10
                       s    11   110
 
         Loading AO integrals time(s):  0.819E-02
      Integral transformation time(s):  0.241E+01
       Non-zero transformed integrals:       229454
 
 Inter-species integrals transformation for: E-ALPHA/E-BETA
 
              Transformation boundaries 
                 orbital lower upper
                       p     1     9
                       q    10   110
                       r     1    10
                       s    11   110
 
         Loading AO integrals time(s):  0.976E-02
      Integral transformation time(s):  0.977E+01
 Non zero transformed coupling integrals:       370268
 
 Integrals transformation for: E-BETA
 
              Transformation boundaries 
                 orbital lower upper
                       p     1     9
                       q    10   110
                       r     1     9
                       s    10   110
 
         Loading AO integrals time(s):  0.580E-02
      Integral transformation time(s):  0.230E+01
       Non-zero transformed integrals:       202822
 
** TOTAL Elapsed Time for integrals transformation :     14.741 (s)
 
 
  POST HARTREE-FOCK CALCULATION
  MANY-BODY PERTURBATION THEORY:
 ==============================
 
              MOLLER-PLESSET FORMALISM 
               ORDER OF CORRECTION =     2
 
                E(0) + E(1) =    -198.809649198479
                       E(2) =      -0.588606853983
                             ____________________
                     E(MP2) =    -199.398256052462
 
              -----------------------------------
               E(n){ Specie }     E(n) / Hartree 
              -----------------------------------
 
            E(2){ E-ALPHA } =      -0.075581510754
             E(2){ E-BETA } =      -0.080274897052
 
     E(2){ E-ALPHA/E-BETA } =      -0.432750446177
 
** TOTAL CPU Time HF-MBPT :      0.592 (s)
** TOTAL Elapsed Time HF-MBPT :      0.357 (s)
 

  TOTAL CPU Time:      0.241 (s)
 TOTAL Wall Time:     16.616 (s)
  Elapsed Time:   0h  0m 16s 617ms
LOWDIN execution terminated normally at : Tue Feb  4 17:00:56 2025
-rw-rw-r-- 1 pohl pohl  15M feb  4 17:00 0E-ALPHA.E-BETA.ints
-rw-rw-r-- 1 pohl pohl 7.6M feb  4 17:00 0E-ALPHA.ints
-rw-rw-r-- 1 pohl pohl  16M feb  4 17:00 1E-ALPHA.E-BETA.ints
-rw-rw-r-- 1 pohl pohl 7.6M feb  4 17:00 1E-ALPHA.ints
-rw-rw-r-- 1 pohl pohl  15M feb  4 17:00 2E-ALPHA.E-BETA.ints
-rw-rw-r-- 1 pohl pohl 7.6M feb  4 17:00 2E-ALPHA.ints
-rw-rw-r-- 1 pohl pohl  16M feb  4 17:00 3E-ALPHA.E-BETA.ints
-rw-rw-r-- 1 pohl pohl 7.6M feb  4 17:00 3E-ALPHA.ints
-rw-rw-r-- 1 pohl pohl   12 feb  4 17:00 E-ALPHA.E-BETA.nints
-rw-rw-r-- 1 pohl pohl 7.6M feb  4 17:00 E-ALPHAmoint.dat
-rw-rw-r-- 1 pohl pohl 9.0M feb  4 17:00 E-BETA.E-ALPHAmoint.dat
-rw-rw-r-- 1 pohl pohl 6.9M feb  4 17:00 E-BETAmoint.dat
-rw-rw-r-- 1 pohl pohl   64 feb  4 17:00 gepol.inp
-rw-rw-r-- 1 pohl pohl  182 feb  4 17:00 gepol.xyzr
-rw-rw-r-- 1 pohl pohl  13K feb  4 17:00 lowdin.bas
-rw-rw-r-- 1 pohl pohl  16K feb  4 17:00 lowdin.dat
-rw-rw-r-- 1 pohl pohl 2.3M feb  4 17:00 lowdin.opints
-rw-rw-r-- 1 pohl pohl  46K feb  4 17:00 lowdin.sys
-rw-rw-r-- 1 pohl pohl 2.1M feb  4 17:00 lowdin.wfn
-rw-rw-r-- 1 pohl pohl  258 feb  4 17:00 usual_27
-rw-rw-r-- 1 pohl pohl 1.1K feb  4 17:00 usual_27.aux
-rw-rw-r-- 1 pohl pohl  266 feb  4 17:00 usual_27.lowdin
-rw-rw-r-- 1 pohl pohl  82K feb  4 17:00 usual_27.out
-rw-rw-r-- 1 pohl pohl 192K feb  4 17:00 usual_27.vec
