Begin job by input: F-.lowdin, for user:   at  mar 25 feb 2025 14:37:52 -05
under operating system Linux helios 5.19.0-46-generic #47-Ubuntu SMP PREEMPT_DYNAMIC Fri Jun 16 13:30:11 UTC 2023 x86_64 x86_64 x86_64 GNU/Linux
Compilation information
  commit: f31d3924f6ee2ce9d77f07edcc1ba27359319d14
  compilation date:  mar 17 sep 2024 16:16:17 -05

BEGIN INPUT INFO:
------------------------------------

GEOMETRY
	e-(F)	AUG-CC-PVTZ 0.0 0.0 0.0 multiplicity=1 addParticles=1 
	F	Dirac 0.0 0.0 0.0
END GEOMETRY

TASKS
        method = "UHF"
	mollerPlessetCorrection=2
END TASKS

CONTROL
	buildMixedDensityMatrix=true
        !convergenceMethod=4
        !iterationScheme=1
        scfNonelectronicTypeGuess = "ones"
        !nonelectronicLevelShifting=-0.1
        !activateLevelShifting=true
        units="ANGS"
END CONTROL






... END INPUT INFO


 LOWDIN execution started at : Tue Feb 25 14:37:52 2025
 ---------------------------------------------------------------
 
 ***************************************************************
 *                   LOWDIN 2.0  (May/2013)                    *
 *                                                             *
 *  R. FLORES-MORENO, E. F. POSADA, F. S. MONCADA, J.ROMERO,   *
 *  J. CHARRY, M. DIAZ-TINOCO, S. A. GONZALEZ, N. F. AGUIRRE,  *
 *  A. REYES                                                   *
 *                                                             *
 *  https://sites.google.com/site/lowdinproject/               *
 *                                                             *
 ***************************************************************
 
 PARSING INPUT... DONE!
 
 LOWDIN IS RUNNING WITH NEXT PARAMETERS: 
 ----------------------------------------
 
         METHOD TYPE:  UHF
         NUMBER OF CORES:    10
         MOLLER PLESSET CORRECTION:      2
         NONELECTRONIC DENSITY GUESS: ONES
         ELECTRONIC DENSITY GUESS: HCORE
         CRITERIUM OF CONVERGENCE: ENERGY
         NONELECTRONIC ENERGY TOLERANCE IN SCFs:     0.10000E-07
         ELECTRONIC ENERGY TOLERANCE IN SCFs:     0.10000E-07
         TOTAL ENERGY TOLERANCE IN SCFs:     0.10000E-07
         SCHEME OF ITERATION: GLOBAL ITERATIONS
         SCF MAX. SUBITERATIONS - NONELECTRONS :     1
         SCF MAX. SUBITERATIONS - ELECTRONS :     1
         SCF MAX. ITERATIONS - INTERSPECIES :   200
         INTEGRAL STORAGE: DISK
         STACK SIZE FOR ERIS : 30000
         METHOD OF SCF CONVERGENCE: DAMPING
 
  MOLECULAR SYSTEM: F-
 -----------------
 
    DESCRIPTION   : F-
    CHARGE        :   1
    PUNTUAL GROUP : NONE
 
 
  INFORMATION OF PARTICLES :
 =========================
         Total number of particles   =      11
         Number of quantum particles =      10
         Number of puntual charges   =       1
         Number of quantum species   =       2
 
                 INFORMATION OF QUANTUM SPECIES 
    ----------------------------------------------------------------------
         ID      Symbol            mass     charge      omega     spin     multiplicity
    ----------------------------------------------------------------------
         1        E-ALPHA         1.0000     -1.00      0.00      0.50      1.00
         2         E-BETA         1.0000     -1.00      0.00      0.50      1.00
 
                   CONSTANTS OF COUPLING 
      ------------------------------------------------------------
              Symbol      kappa        eta     lambda occupation
      ------------------------------------------------------------
             E-ALPHA      -1.00       1.00       1.00       5.00
              E-BETA      -1.00       1.00       1.00       5.00
 
                   BASIS SET FOR SPECIES 
      ------------------------------------------------------------
           Symbol          N. Basis     N. Particles     Basis Set
      ------------------------------------------------------------
            E-ALPHA           14                5     AUG-CC-PVT
             E-BETA           14                5     AUG-CC-PVT
 
                                ATOMIC BASIS
         ------------------------------------------------------------
          PRIMITIVE   SHELL             EXPONENT         COEFFICIENT 
         ------------------------------------------------------------
 
    BEGIN DESCRIPTION OF BASIS FOR: E-ALP
    ==============================
 
 
             F BASIS SET:    AUG-CC-PVTZ
             1         S            19500.00000000          0.00050700
             2         S             2923.00000000          0.00392300
             3         S              664.50000000          0.02020000
             4         S              187.50000000          0.07901000
             5         S               60.62000000          0.23043900
             6         S               21.42000000          0.43287200
             7         S                7.95000000          0.34996400
             8         S                0.88150000         -0.00789200
             1         S            19500.00000000         -0.00011700
             2         S             2923.00000000         -0.00091200
             3         S              664.50000000         -0.00471700
             4         S              187.50000000         -0.01908600
             5         S               60.62000000         -0.05965500
             6         S               21.42000000         -0.14001000
             7         S                7.95000000         -0.17678200
             8         S                0.88150000          0.60504300
             1         S                2.25700000          1.00000000
             1         S                0.30410000          1.00000000
             1         S                0.09158000          1.00000000
             1         P               43.88000000          0.01666500
             2         P                9.92600000          0.10447200
             3         P                2.93000000          0.31726000
             1         P                0.91320000          1.00000000
             1         P                0.26720000          1.00000000
             1         P                0.07361000          1.00000000
             1         D                3.10700000          1.00000000
             1         D                0.85500000          1.00000000
             1         D                0.29200000          1.00000000
             1         F                1.91700000          1.00000000
             1         F                0.72400000          1.00000000
    ... END DESCRIPTION OF BASIS
 
 
  END INFORMATION OF PARTICLES
 
 
  INFORMATION OF THE QUANTUM SYSTEM 
     ---------------------------------------------------------------------
                 ID     Occupied Orbitals     Basis size
     ---------------------------------------------------------------------
            E-ALPHA            5               55
             E-BETA            5               55
 
  END INFORMATION OF QUANTUM SYSTEM
 
                       INITIAL GEOMETRY: AMSTRONG
                 -----------------------------------
                       <x>                 <y>                 <z>
  E-ALPHAF        0.0000000000        0.0000000000        0.0000000000
         F        0.0000000000        0.0000000000        0.0000000000
 
                     MATRIX OF DISTANCE: ANGSTROM
                 -----------------------------------
                          F(1)      
 
        F(1)             0.000000
 
--------------------------------------------------------------------------------
** PROGRAM: SCF (Hartree Fock).     Author: S.A. Gonzalez, E. Posada, F. Moncada
--------------------------------------------------------------------------------
INFO: RUNNING IN UHF MODE.
 
----------------------------------------------------------------------
** PROGRAM INTS                          Author: E. F. Posada, 2013   
----------------------------------------------------------------------
INFO: RUNNING IN ONE_PARTICLE MODE.
 
 Number of Overlap integrals for species E-ALPHA:   3025
 Number of Overlap integrals for species E-BETA:   3025
 Number of Kinetic integrals for species E-ALPHA:   3025
 Number of Kinetic integrals for species E-BETA:   3025
 Number of Nuclear integrals for species E-ALPHA:   3025
 Number of Nuclear integrals for species E-BETA:   3025
 Number of Moment integrals for species E-ALPHA:   9075
 Number of Moment integrals for species E-BETA:   9075
 
** TOTAL CPU Time INTS :      0.588 (s)
** TOTAL Elapsed Time INTS :      0.098 (s)
 
 Combination coefficients for E-ALPHA were read from F-.vec
     number of    E-ALPHA     particles in guess density matrix:     5.000000
 Combination coefficients for E-BETA were read from F-.vec
     number of     E-BETA     particles in guess density matrix:     5.000000
 Number of unique integrals for species: 1 = 157588
 Number of unique integrals for species: 1 / 2 = 313636 Screened: 0
 
 TWO-BODY INTEGRAL SETUP: 
------------------------- 
 Storage:   DISK
 Scheme: LIBINT
 Stack size:  30000
 
 LIBINT library, Fermann, J. T.; Valeev, F. L. 2010                   
 LOWDIN-LIBINT Implementation V. 2.1  Posada E. F. ; Reyes A. 2016   
 ----------------------------------------------------------------------

*** TOTAL CPU time intra-species integrals :      0.724 (s)
*** TOTAL elapsed time intra-species integrals :      0.116 (s)


*** TOTAL CPU time inter-species integrals :      0.949 (s)
*** TOTAL elapsed time inter-species integrals :      0.159 (s)

INFO: RUNNING SCHEME SIMULTANEOUS
 
 Begin Multi-Species SCF calculation:
 
 --------------------------------------------------------------------------------------------------
      Iteration                   Energy            Energy Change           Density Change
 --------------------------------------------------------------------------------------------------
              1         -99.451307368810          99.451307368810           0.000000564899
              2         -99.451307368964           0.000000000154           0.000000147889
 Total energy converged after   2 global iterations                                                  
 
 ...end Multi-Species SCF calculation
 
 
 Begin SCF calculation by: E-ALPHA
 -------------------------
 
 -----------------------------------------------------------------------------------
 Iteration                   Energy           Density Change         DIIS Error 
 -----------------------------------------------------------------------------------
    1         -36.020311344881           0.000000073962                 -- 
 
 ... end SCF calculation
 
 Begin SCF calculation by: E-BETA
 -------------------------
 
 -----------------------------------------------------------------------------------
 Iteration                   Energy           Density Change         DIIS Error 
 -----------------------------------------------------------------------------------
    1         -36.020311340204           0.000000073927                 -- 
 
 ... end SCF calculation
 
  EIGENVALUES AND EIGENVECTORS: 
 ==============================
 
 
  Eigenvalues for: E-ALPHA
 -----------------
 
    1         -25.831881399673
    2          -1.075906213476
    3          -0.181055558058
    4          -0.181055558058
    5          -0.181055558058
    6           0.415974937326
    7           0.427472842787
    8           0.427472842787
    9           0.427472842787
   10           1.146484007505
   11           1.228477163362
   12           1.228477163362
   13           1.228477163362
   14           1.228477163362
   15           1.228477163362
   16           1.292977183049
   17           1.292977183049
   18           1.292977183049
   19           3.152002778361
   20           3.152002778361
   21           3.152002778361
   22           3.216380888373
   23           3.283277685703
   24           3.283277685703
   25           3.283277685703
   26           3.283277685703
   27           3.283277685703
   28           3.331777068804
   29           3.331777068804
   30           3.331777068804
   31           3.331777068804
   32           3.331777068804
   33           3.331777068804
   34           3.331777068804
   35           5.357318714048
   36           7.808435225596
   37           7.808435225596
   38           7.808435225596
   39           9.267940757339
   40           9.267940757339
   41           9.267940757339
   42           9.267940757339
   43           9.267940757339
   44           9.267940757339
   45           9.267940757339
   46           9.745056087572
   47           9.745056087572
   48           9.745056087572
   49           9.745056087572
   50           9.745056087572
   51          14.942869203825
   52          18.052273394252
   53          18.052273394255
   54          18.052273394264
   55          23.852140265696
 
 
  Eigenvalues for: E-BETA
 -----------------
 
    1         -25.831881389506
    2          -1.075906209556
    3          -0.181055554633
    4          -0.181055554633
    5          -0.181055554633
    6           0.415974937585
    7           0.427472843050
    8           0.427472843050
    9           0.427472843050
   10           1.146484008456
   11           1.228477164084
   12           1.228477164084
   13           1.228477164084
   14           1.228477164084
   15           1.228477164084
   16           1.292977184277
   17           1.292977184277
   18           1.292977184277
   19           3.152002780852
   20           3.152002780852
   21           3.152002780852
   22           3.216380890676
   23           3.283277688248
   24           3.283277688248
   25           3.283277688248
   26           3.283277688248
   27           3.283277688248
   28           3.331777070179
   29           3.331777070179
   30           3.331777070179
   31           3.331777070179
   32           3.331777070179
   33           3.331777070179
   34           3.331777070179
   35           5.357318715415
   36           7.808435230806
   37           7.808435230806
   38           7.808435230806
   39           9.267940761286
   40           9.267940761286
   41           9.267940761286
   42           9.267940761286
   43           9.267940761286
   44           9.267940761286
   45           9.267940761286
   46           9.745056093116
   47           9.745056093116
   48           9.745056093116
   49           9.745056093116
   50           9.745056093116
   51          14.942869207637
   52          18.052273397712
   53          18.052273397715
   54          18.052273397725
   55          23.852140272774
 
  end of eigenvalues 
 
  Occupied Eigenvectors for: E-ALPHA
 --------------------------- 
 
                         -25.8319        -1.0759        -0.1811        -0.1811        -0.1811   
 
    1      F     S       0.971097      -0.009114      -0.000000      -0.000000      -0.000000
    2      F     S      -0.010668       0.552337      -0.000000      -0.000000      -0.000000
    3      F     S       0.048939       0.158729       0.000000       0.000000       0.000000
    4      F     S      -0.016221       0.394984      -0.000000      -0.000000      -0.000000
    5      F     S      -0.001155       0.037150       0.000000      -0.000000      -0.000000
    6      F    Px       0.000000       0.000000       0.078155      -0.359476      -0.021926
    7      F    Py       0.000000       0.000000       0.004568       0.023424      -0.367753
    8      F    Pz      -0.000000      -0.000000      -0.360115      -0.077719      -0.009424
    9      F    Px      -0.000000      -0.000000       0.086868      -0.399550      -0.024370
   10      F    Py      -0.000000      -0.000000       0.005078       0.026035      -0.408750
   11      F    Pz       0.000000       0.000000      -0.400261      -0.086384      -0.010474
   12      F    Px      -0.000000      -0.000000       0.073601      -0.338531      -0.020648
   13      F    Py      -0.000000       0.000000       0.004302       0.022059      -0.346326
   14      F    Pz       0.000000       0.000000      -0.339133      -0.073191      -0.008875
   15      F    Px       0.000000      -0.000000       0.026425      -0.121541      -0.007413
   16      F    Py      -0.000000      -0.000000       0.001545       0.007920      -0.124339
   17      F    Pz       0.000000       0.000000      -0.121757      -0.026277      -0.003186
   18      F   Dxx       0.002835       0.001454       0.000000       0.000000       0.000000
   19      F   Dxy      -0.000000      -0.000000      -0.000000       0.000000       0.000000
   20      F   Dxz      -0.000000      -0.000000      -0.000000       0.000000       0.000000
   21      F   Dyy       0.002835       0.001454       0.000000       0.000000       0.000000
   22      F   Dyz       0.000000      -0.000000      -0.000000      -0.000000       0.000000
   23      F   Dzz       0.002835       0.001454       0.000000       0.000000       0.000000
   24      F   Dxx       0.007980      -0.002601       0.000000       0.000000       0.000000
   25      F   Dxy      -0.000000       0.000000       0.000000      -0.000000       0.000000
   26      F   Dxz       0.000000       0.000000       0.000000      -0.000000      -0.000000
   27      F   Dyy       0.007980      -0.002601       0.000000       0.000000       0.000000
   28      F   Dyz       0.000000      -0.000000      -0.000000       0.000000      -0.000000
   29      F   Dzz       0.007980      -0.002601       0.000000       0.000000       0.000000
   30      F   Dxx       0.002727      -0.002021       0.000000       0.000000       0.000000
   31      F   Dxy      -0.000000      -0.000000      -0.000000       0.000000      -0.000000
   32      F   Dxz      -0.000000       0.000000      -0.000000       0.000000      -0.000000
   33      F   Dyy       0.002727      -0.002021       0.000000       0.000000       0.000000
   34      F   Dyz       0.000000      -0.000000       0.000000      -0.000000       0.000000
   35      F   Dzz       0.002727      -0.002021       0.000000       0.000000       0.000000
   36      F  Fxxx       0.000000       0.000000       0.003142      -0.014454      -0.000882
   37      F  Fxxy       0.000000       0.000000       0.000082       0.000421      -0.006613
   38      F  Fxxz      -0.000000      -0.000000      -0.006475      -0.001397      -0.000169
   39      F  Fxyy       0.000000       0.000000       0.001405      -0.006464      -0.000394
   40      F  Fxyz      -0.000000       0.000000       0.000000      -0.000000       0.000000
   41      F  Fxzz       0.000000       0.000000       0.001405      -0.006464      -0.000394
   42      F  Fyyy       0.000000       0.000000       0.000184       0.000942      -0.014786
   43      F  Fyyz      -0.000000      -0.000000      -0.006475      -0.001397      -0.000169
   44      F  Fyzz       0.000000       0.000000       0.000082       0.000421      -0.006613
   45      F  Fzzz      -0.000000      -0.000000      -0.014479      -0.003125      -0.000379
   46      F  Fxxx       0.000000       0.000000       0.003130      -0.014395      -0.000878
   47      F  Fxxy       0.000000       0.000000       0.000082       0.000419      -0.006586
   48      F  Fxxz      -0.000000      -0.000000      -0.006449      -0.001392      -0.000169
   49      F  Fxyy       0.000000       0.000000       0.001400      -0.006437      -0.000393
   50      F  Fxyz      -0.000000      -0.000000       0.000000      -0.000000      -0.000000
   51      F  Fxzz       0.000000       0.000000       0.001400      -0.006437      -0.000393
   52      F  Fyyy       0.000000       0.000000       0.000183       0.000938      -0.014726
   53      F  Fyyz      -0.000000       0.000000      -0.006449      -0.001392      -0.000169
   54      F  Fyzz       0.000000       0.000000       0.000082       0.000419      -0.006586
   55      F  Fzzz      -0.000000      -0.000000      -0.014420      -0.003112      -0.000377
 
 
  Occupied Eigenvectors for: E-BETA
 --------------------------- 
 
                         -25.8319        -1.0759        -0.1811        -0.1811        -0.1811   
 
    1      F     S      -0.971097      -0.009114       0.000000      -0.000000       0.000000
    2      F     S       0.010668       0.552337       0.000000      -0.000000       0.000000
    3      F     S      -0.048939       0.158729      -0.000000       0.000000      -0.000000
    4      F     S       0.016221       0.394984       0.000000      -0.000000       0.000000
    5      F     S       0.001155       0.037150      -0.000000      -0.000000      -0.000000
    6      F    Px      -0.000000       0.000000      -0.368107      -0.017332      -0.003037
    7      F    Py      -0.000000       0.000000       0.017595      -0.363149      -0.060210
    8      F    Pz       0.000000       0.000000       0.000161       0.060287      -0.363562
    9      F    Px       0.000000      -0.000000      -0.409143      -0.019264      -0.003376
   10      F    Py       0.000000      -0.000000       0.019557      -0.403633      -0.066923
   11      F    Pz      -0.000000       0.000000       0.000179       0.067007      -0.404092
   12      F    Px       0.000000      -0.000000      -0.346658      -0.016322      -0.002860
   13      F    Py       0.000000       0.000000       0.016570      -0.341990      -0.056702
   14      F    Pz      -0.000000      -0.000000       0.000152       0.056774      -0.342379
   15      F    Px      -0.000000      -0.000000      -0.124459      -0.005860      -0.001027
   16      F    Py       0.000000      -0.000000       0.005949      -0.122783      -0.020357
   17      F    Pz       0.000000       0.000000       0.000055       0.020383      -0.122922
   18      F   Dxx      -0.002835       0.001454      -0.000000       0.000000      -0.000000
   19      F   Dxy       0.000000      -0.000000      -0.000000       0.000000       0.000000
   20      F   Dxz       0.000000      -0.000000      -0.000000       0.000000       0.000000
   21      F   Dyy      -0.002835       0.001454      -0.000000       0.000000      -0.000000
   22      F   Dyz      -0.000000      -0.000000       0.000000      -0.000000      -0.000000
   23      F   Dzz      -0.002835       0.001454      -0.000000       0.000000      -0.000000
   24      F   Dxx      -0.007980      -0.002601      -0.000000       0.000000      -0.000000
   25      F   Dxy       0.000000       0.000000      -0.000000       0.000000       0.000000
   26      F   Dxz      -0.000000       0.000000      -0.000000      -0.000000      -0.000000
   27      F   Dyy      -0.007980      -0.002601      -0.000000       0.000000      -0.000000
   28      F   Dyz      -0.000000      -0.000000      -0.000000       0.000000      -0.000000
   29      F   Dzz      -0.007980      -0.002601      -0.000000       0.000000      -0.000000
   30      F   Dxx      -0.002727      -0.002021       0.000000       0.000000       0.000000
   31      F   Dxy       0.000000      -0.000000       0.000000       0.000000       0.000000
   32      F   Dxz       0.000000      -0.000000       0.000000       0.000000       0.000000
   33      F   Dyy      -0.002727      -0.002021       0.000000       0.000000       0.000000
   34      F   Dyz      -0.000000      -0.000000      -0.000000      -0.000000       0.000000
   35      F   Dzz      -0.002727      -0.002021       0.000000       0.000000       0.000000
   36      F  Fxxx      -0.000000       0.000000      -0.014801      -0.000697      -0.000122
   37      F  Fxxy      -0.000000       0.000000       0.000316      -0.006530      -0.001083
   38      F  Fxxz       0.000000      -0.000000       0.000003       0.001084      -0.006537
   39      F  Fxyy      -0.000000       0.000000      -0.006619      -0.000312      -0.000055
   40      F  Fxyz       0.000000       0.000000      -0.000000      -0.000000      -0.000000
   41      F  Fxzz      -0.000000       0.000000      -0.006619      -0.000312      -0.000055
   42      F  Fyyy      -0.000000       0.000000       0.000707      -0.014601      -0.002421
   43      F  Fyyz       0.000000      -0.000000       0.000003       0.001084      -0.006537
   44      F  Fyzz      -0.000000       0.000000       0.000316      -0.006530      -0.001083
   45      F  Fzzz       0.000000      -0.000000       0.000006       0.002424      -0.014618
   46      F  Fxxx      -0.000000       0.000000      -0.014740      -0.000694      -0.000122
   47      F  Fxxy      -0.000000       0.000000       0.000315      -0.006503      -0.001078
   48      F  Fxxz       0.000000       0.000000       0.000003       0.001080      -0.006511
   49      F  Fxyy      -0.000000       0.000000      -0.006592      -0.000310      -0.000054
   50      F  Fxyz       0.000000       0.000000      -0.000000       0.000000       0.000000
   51      F  Fxzz      -0.000000       0.000000      -0.006592      -0.000310      -0.000054
   52      F  Fyyy      -0.000000       0.000000       0.000705      -0.014542      -0.002411
   53      F  Fyyz       0.000000       0.000000       0.000003       0.001080      -0.006511
   54      F  Fyzz      -0.000000       0.000000       0.000315      -0.006503      -0.001078
   55      F  Fzzz       0.000000       0.000000       0.000006       0.002414      -0.014558
 
 
  end of eigenvectors 
 
  END OF EIGENVALUES AND EIGENVECTORS
 
 
  COMPONENTS OF KINETIC ENERGY: 
 -----------------------------
 
             E-ALPHA Kinetic energy =           49.718966034938
              E-BETA Kinetic energy =           49.718966012250
                                     _________________________
               Total kinetic energy =           99.437932047188
 
  COMPONENTS OF POTENTIAL ENERGY: 
 -------------------------------
 
          Fixed potential energy    =            0.000000000000
 
  Quantum/Fixed interaction energy: 
 ----------------------------------
 
     E-ALPHA/Fixed interact. energy =         -121.719247171443
      E-BETA/Fixed interact. energy =         -121.719247128111
                                     _________________________
               Total Q/Fixed energy =         -243.438494299554
 
  Coulomb energy: 
 ------------------
 
     E-ALPHA/E-ALPHA Hartree energy =           13.705375969342
       E-BETA/E-BETA Hartree energy =           13.705375957489
      E-ALPHA/E-BETA Hartree energy =           27.410751926831
                                     _________________________
               Total Hartree energy =           54.821503853661
 
  Exchange(HF) energy: 
 ----------------------
 
            E-ALPHA Exchange energy =           -5.136124486774
             E-BETA Exchange energy =           -5.136124483712
                                     _________________________
              Total Exchange energy =          -10.272248970486
 
  TOTAL ENERGY COMPONENTS: 
 ==========================
 
          TOTAL KINETIC ENERGY      =           99.437932047188
          TOTAL POTENTIAL ENERGY    =         -198.889239416379
                                     _________________________
                       TOTAL ENERGY =          -99.451307369191
 
                 VIRIAL RATIO (V/T) =            2.000134509253
 
 
  END ENERGY COMPONENTS
 
 
** TOTAL CPU Time SCF :      1.991 (s)
** TOTAL Elapsed Time SCF :      0.395 (s)
 
 We are calculating properties for E-ALPHA in the HF/KS ground state
 We are calculating properties for E-BETA in the HF/KS ground state
 
  POPULATION ANALYSES: 
 ====================
 
 MULLIKEN Population: for E-        
 ---------------------
 
                          total          spin      
 
    1      F     S       1.941349       0.000000
    2      F     S       1.045648       0.000000
    3      F     S       0.262437       0.000000
    4      F     S       0.710814      -0.000000
    5      F     S       0.044750      -0.000000
    6      F    Px       0.517695       0.000000
    7      F    Py       0.517695       0.000000
    8      F    Pz       0.517695       0.000000
    9      F    Px       0.749511       0.000000
   10      F    Py       0.749511       0.000000
   11      F    Pz       0.749511       0.000000
   12      F    Px       0.549167      -0.000000
   13      F    Py       0.549167      -0.000000
   14      F    Pz       0.549167      -0.000000
   15      F    Px       0.111822      -0.000000
   16      F    Py       0.111822      -0.000000
   17      F    Pz       0.111822      -0.000000
   18      F   Dxx       0.002704      -0.000000
   19      F   Dxy       0.000000       0.000000
   20      F   Dxz       0.000000      -0.000000
   21      F   Dyy       0.002704      -0.000000
   22      F   Dyz       0.000000       0.000000
   23      F   Dzz       0.002704      -0.000000
   24      F   Dxx      -0.002853      -0.000000
   25      F   Dxy       0.000000      -0.000000
   26      F   Dxz       0.000000      -0.000000
   27      F   Dyy      -0.002853      -0.000000
   28      F   Dyz       0.000000      -0.000000
   29      F   Dzz      -0.002853      -0.000000
   30      F   Dxx      -0.001517      -0.000000
   31      F   Dxy       0.000000       0.000000
   32      F   Dxz       0.000000      -0.000000
   33      F   Dyy      -0.001517      -0.000000
   34      F   Dyz       0.000000      -0.000000
   35      F   Dzz      -0.001517      -0.000000
   36      F  Fxxx       0.022479       0.000000
   37      F  Fxxy       0.007493       0.000000
   38      F  Fxxz       0.007493       0.000000
   39      F  Fxyy       0.007493       0.000000
   40      F  Fxyz       0.000000       0.000000
   41      F  Fxzz       0.007493       0.000000
   42      F  Fyyy       0.022479       0.000000
   43      F  Fyyz       0.007493       0.000000
   44      F  Fyzz       0.007493       0.000000
   45      F  Fzzz       0.022479       0.000000
   46      F  Fxxx       0.020604      -0.000000
   47      F  Fxxy       0.006868      -0.000000
   48      F  Fxxz       0.006868      -0.000000
   49      F  Fxyy       0.006868      -0.000000
   50      F  Fxyz       0.000000       0.000000
   51      F  Fxzz       0.006868      -0.000000
   52      F  Fyyy       0.020604      -0.000000
   53      F  Fyyz       0.006868      -0.000000
   54      F  Fyzz       0.006868      -0.000000
   55      F  Fzzz       0.020604      -0.000000
 
                           __________     __________
              Total =       10.000000       0.000000
 
  Atomic MULLIKEN Population: for E-        
            F               10.000000       0.000000
 
 ...end of MULLIKEN Population
 
 
 END POPULATION ANALYSES 
 
 
  POPULATION ANALYSES: 
 ====================
 
 LOWDIN Population: for E-        
 ---------------------
 
                          total          spin      
 
    1      F     S       1.574930       0.000000
    2      F     S       0.608072       0.000000
    3      F     S       0.411738       0.000000
    4      F     S       0.305124      -0.000000
    5      F     S       0.084080      -0.000000
    6      F    Px       0.463733       0.000000
    7      F    Py       0.463733       0.000000
    8      F    Pz       0.463733       0.000000
    9      F    Px       0.354928       0.000000
   10      F    Py       0.354928       0.000000
   11      F    Pz       0.354928       0.000000
   12      F    Px       0.317051      -0.000000
   13      F    Py       0.317051      -0.000000
   14      F    Pz       0.317051      -0.000000
   15      F    Px       0.120968      -0.000000
   16      F    Py       0.120968      -0.000000
   17      F    Pz       0.120968      -0.000000
   18      F   Dxx       0.154860       0.000000
   19      F   Dxy       0.000000      -0.000000
   20      F   Dxz       0.000000      -0.000000
   21      F   Dyy       0.154860       0.000000
   22      F   Dyz      -0.000000      -0.000000
   23      F   Dzz       0.154860       0.000000
   24      F   Dxx       0.152907      -0.000000
   25      F   Dxy       0.000000       0.000000
   26      F   Dxz      -0.000000      -0.000000
   27      F   Dyy       0.152907      -0.000000
   28      F   Dyz      -0.000000      -0.000000
   29      F   Dzz       0.152907      -0.000000
   30      F   Dxx       0.030918      -0.000000
   31      F   Dxy       0.000000       0.000000
   32      F   Dxz       0.000000      -0.000000
   33      F   Dyy       0.030918      -0.000000
   34      F   Dyz      -0.000000      -0.000000
   35      F   Dzz       0.030918      -0.000000
   36      F  Fxxx       0.221988       0.000000
   37      F  Fxxy       0.096836       0.000000
   38      F  Fxxz       0.096836       0.000000
   39      F  Fxyy       0.096836       0.000000
   40      F  Fxyz       0.000000       0.000000
   41      F  Fxzz       0.096836       0.000000
   42      F  Fyyy       0.221988       0.000000
   43      F  Fyyz       0.096836       0.000000
   44      F  Fyzz       0.096836       0.000000
   45      F  Fzzz       0.221988       0.000000
   46      F  Fxxx       0.175799      -0.000000
   47      F  Fxxy       0.075931      -0.000000
   48      F  Fxxz       0.075931      -0.000000
   49      F  Fxyy       0.075931      -0.000000
   50      F  Fxyz       0.000000       0.000000
   51      F  Fxzz       0.075931      -0.000000
   52      F  Fyyy       0.175799      -0.000000
   53      F  Fyyz       0.075931      -0.000000
   54      F  Fyzz       0.075931      -0.000000
   55      F  Fzzz       0.175799      -0.000000
 
                           __________     __________
              Total =       10.000000       0.000000
 
  Atomic LOWDIN Population: for E-        
            F               10.000000       0.000000
 
 ...end of LOWDIN Population
 
 
 END POPULATION ANALYSES 
 
 
  EXPECTED POSITIONS OF QUANTUM SPECIES:
 ======================
 
 POSITIONS IN ANGSTROMS
 ------
 
                        <x>      <y>      <z>         
            E-ALPHA   0.0000  -0.0000  -0.0000
             E-BETA  -0.0000  -0.0000  -0.0000
 
 END EXPECTED POSITIONS
 
 
  ELECTROSTATIC MOMENTS:
 ======================
 
 
 DIPOLE: (A.U.)
 ------
 
                           <Dx>         <Dy>         <Dz>          |D|
            E-ALPHA  -0.00000000   0.00000000   0.00000000
             E-BETA   0.00000000   0.00000000   0.00000000
    Point charges:    0.00000000   0.00000000   0.00000000
                     ____________________________
      Total Dipole:  -0.00000000   0.00000000   0.00000000   0.00000000
 
 DIPOLE: (DEBYE)
 ------
 
                           <Dx>         <Dy>         <Dz>          |D|
            E-ALPHA  -0.00000000   0.00000000   0.00000000
             E-BETA   0.00000000   0.00000000   0.00000000
    Point charges:    0.00000000   0.00000000   0.00000000
                     ____________________________
      Total Dipole:  -0.00000000   0.00000000   0.00000000   0.00000000
 
 QUADRUPOLE NON-TRACELESS: (DEBYE ANGS)
 ------
 
                           <xx>         <yy>         <zz>         <xy>         <xz>         <yz>
            E-ALPHA   -3.59159305   -3.59159305   -3.59159305   -0.00000000   -0.00000000   -0.00000000
             E-BETA   -3.59159307   -3.59159307   -3.59159307    0.00000000    0.00000000   -0.00000000
    Point charges:     0.00000000    0.00000000    0.00000000    0.00000000    0.00000000    0.00000000
  Total Quadrupole:   -7.18318612   -7.18318612   -7.18318612    0.00000000   -0.00000000   -0.00000000
                     ____________________________
 
 END ELECTROSTATIC MOMENTS
 
 
 BEGIN FOUR-INDEX INTEGRALS TRANFORMATION:
 ========================================
 Selected method: C         
 
 --------------------------------------------------
    4N^5 Algorithm Four-index integral tranformation
 --------------------------------------------------
 
 Integrals transformation for: E-ALPHA
 
              Transformation boundaries 
                 orbital lower upper
                       p     1     5
                       q     6    55
                       r     1     5
                       s     6    55
 
         Loading AO integrals time(s):  0.137E-01
      Integral transformation time(s):  0.730E-01
       Non-zero transformed integrals:       154125
 
 Inter-species integrals transformation for: E-ALPHA/E-BETA
 
              Transformation boundaries 
                 orbital lower upper
                       p     1     5
                       q     6    55
                       r     1     5
                       s     6    55
 
         Loading AO integrals time(s):  0.204E-02
      Integral transformation time(s):  0.226E+00
 Non zero transformed coupling integrals:        26866
 
 Integrals transformation for: E-BETA
 
              Transformation boundaries 
                 orbital lower upper
                       p     1     5
                       q     6    55
                       r     1     5
                       s     6    55
 
         Loading AO integrals time(s):  0.115E-02
      Integral transformation time(s):  0.560E-01
       Non-zero transformed integrals:       154125
 
** TOTAL Elapsed Time for integrals transformation :      0.391 (s)
 
 
  POST HARTREE-FOCK CALCULATION
  MANY-BODY PERTURBATION THEORY:
 ==============================
 
              MOLLER-PLESSET FORMALISM 
               ORDER OF CORRECTION =     2
 
                E(0) + E(1) =     -99.451307369191
                       E(2) =      -0.318856908180
                             ____________________
                     E(MP2) =     -99.770164277371
 
              -----------------------------------
               E(n){ Specie }     E(n) / Hartree 
              -----------------------------------
 
            E(2){ E-ALPHA } =      -0.041638134129
             E(2){ E-BETA } =      -0.041638134173
 
     E(2){ E-ALPHA/E-BETA } =      -0.235580639878
 
** TOTAL CPU Time HF-MBPT :      0.567 (s)
** TOTAL Elapsed Time HF-MBPT :      0.054 (s)
 

  TOTAL CPU Time:      0.472 (s)
 TOTAL Wall Time:      0.922 (s)
  Elapsed Time:   0h  0m  0s 922ms
LOWDIN execution terminated normally at : Tue Feb 25 14:37:53 2025
-rw-rw-r-- 1 pohl pohl 704K feb 25 14:37 0E-ALPHA.E-BETA.ints
-rw-rw-r-- 1 pohl pohl 704K feb 25 14:37 0E-ALPHA.ints
-rw-rw-r-- 1 pohl pohl 704K feb 25 14:37 1E-ALPHA.E-BETA.ints
-rw-rw-r-- 1 pohl pohl 704K feb 25 14:37 1E-ALPHA.ints
-rw-rw-r-- 1 pohl pohl 1,4M feb 25 14:37 2E-ALPHA.E-BETA.ints
-rw-rw-r-- 1 pohl pohl 704K feb 25 14:37 2E-ALPHA.ints
-rw-rw-r-- 1 pohl pohl 1,4M feb 25 14:37 3E-ALPHA.E-BETA.ints
-rw-rw-r-- 1 pohl pohl 704K feb 25 14:37 3E-ALPHA.ints
-rw-rw-r-- 1 pohl pohl 704K feb 25 14:37 4E-ALPHA.E-BETA.ints
-rw-rw-r-- 1 pohl pohl 704K feb 25 14:37 4E-ALPHA.ints
-rw-rw-r-- 1 pohl pohl 704K feb 25 14:37 5E-ALPHA.E-BETA.ints
-rw-rw-r-- 1 pohl pohl 704K feb 25 14:37 5E-ALPHA.ints
-rw-rw-r-- 1 pohl pohl 704K feb 25 14:37 6E-ALPHA.E-BETA.ints
-rw-rw-r-- 1 pohl pohl 704K feb 25 14:37 6E-ALPHA.ints
-rw-rw-r-- 1 pohl pohl 1,4M feb 25 14:37 7E-ALPHA.E-BETA.ints
-rw-rw-r-- 1 pohl pohl 704K feb 25 14:37 7E-ALPHA.ints
-rw-rw-r-- 1 pohl pohl 1,4M feb 25 14:37 8E-ALPHA.E-BETA.ints
-rw-rw-r-- 1 pohl pohl 704K feb 25 14:37 8E-ALPHA.ints
-rw-rw-r-- 1 pohl pohl 704K feb 25 14:37 9E-ALPHA.E-BETA.ints
-rw-rw-r-- 1 pohl pohl 704K feb 25 14:37 9E-ALPHA.ints
-rw-rw-r-- 1 pohl pohl 704K feb 25 14:37 E-ALPHA.E-BETAmoint.dat
-rw-rw-r-- 1 pohl pohl   12 feb 25 14:37 E-ALPHA.E-BETA.nints
-rw-rw-r-- 1 pohl pohl 6,9M feb 25 14:37 E-ALPHAmoint.dat
-rw-rw-r-- 1 pohl pohl 6,9M feb 25 14:37 E-BETAmoint.dat
-rw-rw-r-- 1 pohl pohl  285 feb 25 14:37 F-
-rw-rw-r-- 1 pohl pohl  875 feb 25 14:37 F-.aux
-rw-rw-r-- 1 pohl pohl 217K feb 25 14:37 F-e+F-.vec
-rw-rw-r-- 1 pohl pohl  426 feb 25 14:37 F-.lowdin
-rw-rw-r-- 1 pohl pohl  38K feb 25 14:37 F-.out
-rw-rw-r-- 1 pohl pohl  49K feb 25 14:37 F-.vec
-rw-rw-r-- 1 pohl pohl   58 feb 25 14:37 gepol.inp
-rw-rw-r-- 1 pohl pohl  100 feb 25 14:37 gepol.xyzr
-rw-rw-r-- 1 pohl pohl 6,3K feb 25 14:37 lowdin.bas
-rw-rw-r-- 1 pohl pohl  16K feb 25 14:37 lowdin.dat
-rw-rw-r-- 1 pohl pohl 573K feb 25 14:37 lowdin.opints
-rw-rw-r-- 1 pohl pohl  24K feb 25 14:37 lowdin.sys
-rw-rw-r-- 1 pohl pohl 524K feb 25 14:37 lowdin.wfn
