Begin job by input: F2-.lowdin, for user:   at  mar 25 feb 2025 14:37:03 -05
under operating system Linux helios 5.19.0-46-generic #47-Ubuntu SMP PREEMPT_DYNAMIC Fri Jun 16 13:30:11 UTC 2023 x86_64 x86_64 x86_64 GNU/Linux
Compilation information
  commit: f31d3924f6ee2ce9d77f07edcc1ba27359319d14
  compilation date:  mar 17 sep 2024 16:16:17 -05

BEGIN INPUT INFO:
------------------------------------

GEOMETRY
	e-(F)	AUG-CC-PVTZ -0.95 0.0 0.0 multiplicity=2 addParticles=1 
	e-(F)	AUG-CC-PVTZ 0.95 0.0 0.0 
	F	Dirac -0.95 0.0 0.0
	F	Dirac 0.95 0.0 0.0
END GEOMETRY

TASKS
        method = "UHF"
	mollerPlessetCorrection=2
END TASKS

CONTROL
	buildMixedDensityMatrix=true
        !convergenceMethod=4
        !iterationScheme=1
        scfNonelectronicTypeGuess = "ones"
        !nonelectronicLevelShifting=-0.1
        !activateLevelShifting=true
        units="ANGS"
END CONTROL






... END INPUT INFO


 LOWDIN execution started at : Tue Feb 25 14:37:03 2025
 ---------------------------------------------------------------
 
 ***************************************************************
 *                   LOWDIN 2.0  (May/2013)                    *
 *                                                             *
 *  R. FLORES-MORENO, E. F. POSADA, F. S. MONCADA, J.ROMERO,   *
 *  J. CHARRY, M. DIAZ-TINOCO, S. A. GONZALEZ, N. F. AGUIRRE,  *
 *  A. REYES                                                   *
 *                                                             *
 *  https://sites.google.com/site/lowdinproject/               *
 *                                                             *
 ***************************************************************
 
 PARSING INPUT... DONE!
 
 LOWDIN IS RUNNING WITH NEXT PARAMETERS: 
 ----------------------------------------
 
         METHOD TYPE:  UHF
         NUMBER OF CORES:    10
         MOLLER PLESSET CORRECTION:      2
         NONELECTRONIC DENSITY GUESS: ONES
         ELECTRONIC DENSITY GUESS: HCORE
         CRITERIUM OF CONVERGENCE: ENERGY
         NONELECTRONIC ENERGY TOLERANCE IN SCFs:     0.10000E-07
         ELECTRONIC ENERGY TOLERANCE IN SCFs:     0.10000E-07
         TOTAL ENERGY TOLERANCE IN SCFs:     0.10000E-07
         SCHEME OF ITERATION: GLOBAL ITERATIONS
         SCF MAX. SUBITERATIONS - NONELECTRONS :     1
         SCF MAX. SUBITERATIONS - ELECTRONS :     1
         SCF MAX. ITERATIONS - INTERSPECIES :   200
         INTEGRAL STORAGE: DISK
         STACK SIZE FOR ERIS : 30000
         METHOD OF SCF CONVERGENCE: DAMPING
 
  MOLECULAR SYSTEM: F2-
 -----------------
 
    DESCRIPTION   : F2-
    CHARGE        :   0
    PUNTUAL GROUP : NONE
 
 
  INFORMATION OF PARTICLES :
 =========================
         Total number of particles   =      21
         Number of quantum particles =      19
         Number of puntual charges   =       2
         Number of quantum species   =       2
 
                 INFORMATION OF QUANTUM SPECIES 
    ----------------------------------------------------------------------
         ID      Symbol            mass     charge      omega     spin     multiplicity
    ----------------------------------------------------------------------
         1        E-ALPHA         1.0000     -1.00      0.00      0.50      2.00
         2         E-BETA         1.0000     -1.00      0.00      0.50      2.00
 
                   CONSTANTS OF COUPLING 
      ------------------------------------------------------------
              Symbol      kappa        eta     lambda occupation
      ------------------------------------------------------------
             E-ALPHA      -1.00       1.00       1.00      10.00
              E-BETA      -1.00       1.00       1.00       9.00
 
                   BASIS SET FOR SPECIES 
      ------------------------------------------------------------
           Symbol          N. Basis     N. Particles     Basis Set
      ------------------------------------------------------------
            E-ALPHA           28               10     AUG-CC-PVT
             E-BETA           28                9     AUG-CC-PVT
 
                                ATOMIC BASIS
         ------------------------------------------------------------
          PRIMITIVE   SHELL             EXPONENT         COEFFICIENT 
         ------------------------------------------------------------
 
    BEGIN DESCRIPTION OF BASIS FOR: E-ALP
    ==============================
 
 
             F BASIS SET:    AUG-CC-PVTZ
             1         S            19500.00000000          0.00050700
             2         S             2923.00000000          0.00392300
             3         S              664.50000000          0.02020000
             4         S              187.50000000          0.07901000
             5         S               60.62000000          0.23043900
             6         S               21.42000000          0.43287200
             7         S                7.95000000          0.34996400
             8         S                0.88150000         -0.00789200
             1         S            19500.00000000         -0.00011700
             2         S             2923.00000000         -0.00091200
             3         S              664.50000000         -0.00471700
             4         S              187.50000000         -0.01908600
             5         S               60.62000000         -0.05965500
             6         S               21.42000000         -0.14001000
             7         S                7.95000000         -0.17678200
             8         S                0.88150000          0.60504300
             1         S                2.25700000          1.00000000
             1         S                0.30410000          1.00000000
             1         S                0.09158000          1.00000000
             1         P               43.88000000          0.01666500
             2         P                9.92600000          0.10447200
             3         P                2.93000000          0.31726000
             1         P                0.91320000          1.00000000
             1         P                0.26720000          1.00000000
             1         P                0.07361000          1.00000000
             1         D                3.10700000          1.00000000
             1         D                0.85500000          1.00000000
             1         D                0.29200000          1.00000000
             1         F                1.91700000          1.00000000
             1         F                0.72400000          1.00000000
 
             F BASIS SET:    AUG-CC-PVTZ
             1         S            19500.00000000          0.00050700
             2         S             2923.00000000          0.00392300
             3         S              664.50000000          0.02020000
             4         S              187.50000000          0.07901000
             5         S               60.62000000          0.23043900
             6         S               21.42000000          0.43287200
             7         S                7.95000000          0.34996400
             8         S                0.88150000         -0.00789200
             1         S            19500.00000000         -0.00011700
             2         S             2923.00000000         -0.00091200
             3         S              664.50000000         -0.00471700
             4         S              187.50000000         -0.01908600
             5         S               60.62000000         -0.05965500
             6         S               21.42000000         -0.14001000
             7         S                7.95000000         -0.17678200
             8         S                0.88150000          0.60504300
             1         S                2.25700000          1.00000000
             1         S                0.30410000          1.00000000
             1         S                0.09158000          1.00000000
             1         P               43.88000000          0.01666500
             2         P                9.92600000          0.10447200
             3         P                2.93000000          0.31726000
             1         P                0.91320000          1.00000000
             1         P                0.26720000          1.00000000
             1         P                0.07361000          1.00000000
             1         D                3.10700000          1.00000000
             1         D                0.85500000          1.00000000
             1         D                0.29200000          1.00000000
             1         F                1.91700000          1.00000000
             1         F                0.72400000          1.00000000
    ... END DESCRIPTION OF BASIS
 
 
  END INFORMATION OF PARTICLES
 
 
  INFORMATION OF THE QUANTUM SYSTEM 
     ---------------------------------------------------------------------
                 ID     Occupied Orbitals     Basis size
     ---------------------------------------------------------------------
            E-ALPHA           10              110
             E-BETA            9              110
 
  END INFORMATION OF QUANTUM SYSTEM
 
                       INITIAL GEOMETRY: AMSTRONG
                 -----------------------------------
                       <x>                 <y>                 <z>
  E-ALPHAF       -0.9500000000        0.0000000000        0.0000000000
  E-ALPHAF        0.9500000000        0.0000000000        0.0000000000
         F       -0.9500000000        0.0000000000        0.0000000000
         F        0.9500000000        0.0000000000        0.0000000000
 
                     MATRIX OF DISTANCE: ANGSTROM
                 -----------------------------------
                          F(1)           F(2)      
 
        F(1)             0.000000       1.900000
        F(2)             1.900000       0.000000
 
--------------------------------------------------------------------------------
** PROGRAM: SCF (Hartree Fock).     Author: S.A. Gonzalez, E. Posada, F. Moncada
--------------------------------------------------------------------------------
INFO: RUNNING IN UHF MODE.
 
----------------------------------------------------------------------
** PROGRAM INTS                          Author: E. F. Posada, 2013   
----------------------------------------------------------------------
INFO: RUNNING IN ONE_PARTICLE MODE.
 
 Number of Overlap integrals for species E-ALPHA:  12100
 Number of Overlap integrals for species E-BETA:  12100
 Number of Kinetic integrals for species E-ALPHA:  12100
 Number of Kinetic integrals for species E-BETA:  12100
 Number of Nuclear integrals for species E-ALPHA:  12100
 Number of Nuclear integrals for species E-BETA:  12100
 Number of Moment integrals for species E-ALPHA:  36300
 Number of Moment integrals for species E-BETA:  36300
 
** TOTAL CPU Time INTS :      0.769 (s)
** TOTAL Elapsed Time INTS :      0.228 (s)
 
 Combination coefficients for E-ALPHA were read from F2-.vec
     number of    E-ALPHA     particles in guess density matrix:    10.000000
 Combination coefficients for E-BETA were read from F2-.vec
     number of     E-BETA     particles in guess density matrix:     9.000000
 Number of unique integrals for species: 1 = 4330843
 Number of unique integrals for species: 1 / 2 = 8655997 Screened: 0
 
 TWO-BODY INTEGRAL SETUP: 
------------------------- 
 Storage:   DISK
 Scheme: LIBINT
 Stack size:  30000
 
 LIBINT library, Fermann, J. T.; Valeev, F. L. 2010                   
 LOWDIN-LIBINT Implementation V. 2.1  Posada E. F. ; Reyes A. 2016   
 ----------------------------------------------------------------------

*** TOTAL CPU time intra-species integrals :      2.076 (s)
*** TOTAL elapsed time intra-species integrals :      0.268 (s)


*** TOTAL CPU time inter-species integrals :      4.869 (s)
*** TOTAL elapsed time inter-species integrals :      0.587 (s)

INFO: RUNNING SCHEME SIMULTANEOUS
 
 Begin Multi-Species SCF calculation:
 
 --------------------------------------------------------------------------------------------------
      Iteration                   Energy            Energy Change           Density Change
 --------------------------------------------------------------------------------------------------
              1        -198.811726086161         198.811726086161           0.000000307325
              2        -198.811726093244           0.000000007084           0.000000232323
 Total energy converged after   2 global iterations                                                  
 
 ...end Multi-Species SCF calculation
 
 
 Begin SCF calculation by: E-ALPHA
 -------------------------
 
 -----------------------------------------------------------------------------------
 Iteration                   Energy           Density Change         DIIS Error 
 -----------------------------------------------------------------------------------
    1         -81.427938098779           0.000000112183                 -- 
 
 ... end SCF calculation
 
 Begin SCF calculation by: E-BETA
 -------------------------
 
 -----------------------------------------------------------------------------------
 Iteration                   Energy           Density Change         DIIS Error 
 -----------------------------------------------------------------------------------
    1         -75.386161357351           0.000000120139                 -- 
 
 ... end SCF calculation
 
  EIGENVALUES AND EIGENVECTORS: 
 ==============================
 
 
  Eigenvalues for: E-ALPHA
 -----------------
 
    1         -26.138174149464
    2         -25.821979236320
    3          -1.416047990159
    4          -1.084425559268
    5          -0.584178782326
    6          -0.481115608745
    7          -0.473312252627
    8          -0.187723358344
    9          -0.182351987138
   10          -0.165656314618
   11           0.304649642751
   12           0.368593057469
   13           0.377345063700
   14           0.384289410189
   15           0.447364506823
   16           0.449099423677
   17           0.467451262813
   18           0.595255451044
   19           1.035070617939
   20           1.060316646449
   21           1.061275782319
   22           1.107125904916
   23           1.115973391888
   24           1.128349691403
   25           1.143526553149
   26           1.152052053546
   27           1.266809394197
   28           1.267626936594
   29           1.276406125856
   30           1.305098292243
   31           1.307412310583
   32           1.349913364170
   33           1.506643176179
   34           1.556433393799
   35           1.569022867941
   36           2.042122860560
   37           2.675047108616
   38           2.851742809841
   39           2.882734824281
   40           2.937712533564
   41           2.959007113986
   42           2.990370734820
   43           3.003644327409
   44           3.006304891443
   45           3.041260546993
   46           3.041866925996
   47           3.105964558051
   48           3.106950963066
   49           3.113173425352
   50           3.176928979947
   51           3.185483888169
   52           3.199914180108
   53           3.240677316422
   54           3.251749876611
   55           3.281851601096
   56           3.281859205730
   57           3.328806728637
   58           3.328813302511
   59           3.396768534868
   60           3.403842068623
   61           3.468018991731
   62           3.514941270549
   63           3.515498151622
   64           3.778909971856
   65           4.077184677568
   66           4.094535955137
   67           4.097440024029
   68           4.708539271801
   69           5.279516720967
   70           6.167410509513
   71           7.494440584117
   72           7.569600239770
   73           7.761084706948
   74           7.834858421970
   75           7.840827289337
   76           8.086627667819
   77           8.950430798023
   78           8.951324831339
   79           8.970048429880
   80           8.972158187175
   81           9.059154304426
   82           9.105785170821
   83           9.264623059599
   84           9.264623574254
   85           9.325249343619
   86           9.331759769731
   87           9.356144792211
   88           9.416432741821
   89           9.419870999117
   90           9.478116892921
   91           9.551047716008
   92           9.608364431166
   93           9.629449068149
   94           9.650060338499
   95           9.752668800046
   96           9.752726112144
   97           9.821004440978
   98           9.825498655432
   99          10.009399083723
  100          10.397383438239
  101          14.765206494250
  102          15.145006189006
  103          17.813206325341
  104          17.860425680855
  105          18.262718026668
  106          18.279213350859
  107          18.723626053656
  108          19.383555107362
  109          23.634008493937
  110          24.093784231134
 
 
  Eigenvalues for: E-BETA
 -----------------
 
    1         -26.091204288130
    2         -25.819447296891
    3          -1.228480158683
    4          -1.072598014185
    5          -0.434519588981
    6          -0.423033620312
    7          -0.179220449242
    8          -0.168154841584
    9          -0.157593831256
   10           0.270188597711
   11           0.306873722549
   12           0.379079655583
   13           0.384887269405
   14           0.430680658841
   15           0.449134918558
   16           0.455156296576
   17           0.468065722531
   18           0.597029670140
   19           1.049165812678
   20           1.075016218513
   21           1.076182620662
   22           1.127914539553
   23           1.130157779050
   24           1.151818538218
   25           1.158308116797
   26           1.215107811704
   27           1.271752977295
   28           1.271804191226
   29           1.278660764655
   30           1.307817751221
   31           1.311324775722
   32           1.354013314604
   33           1.514150091718
   34           1.569066456798
   35           1.569282480598
   36           2.044328805739
   37           2.683791593433
   38           2.887524058270
   39           2.897458247139
   40           2.985201122759
   41           3.004951694377
   42           3.034420030115
   43           3.038302713303
   44           3.039134081150
   45           3.104951833259
   46           3.106352045169
   47           3.125721869499
   48           3.128118433424
   49           3.128351559709
   50           3.186748979253
   51           3.189128023177
   52           3.247905383496
   53           3.262144642072
   54           3.263368734267
   55           3.285601457524
   56           3.285610830656
   57           3.329609546209
   58           3.329612392360
   59           3.402618565857
   60           3.404344770636
   61           3.478058377885
   62           3.521198830722
   63           3.521281880736
   64           3.798419867172
   65           4.087113198268
   66           4.095252717363
   67           4.103234722424
   68           4.717313075741
   69           5.286685002321
   70           6.169805367773
   71           7.590327071860
   72           7.617105497562
   73           7.778632397001
   74           7.842838129042
   75           7.845088273254
   76           8.093247690399
   77           9.009818480493
   78           9.010088427206
   79           9.013586519626
   80           9.013643922805
   81           9.098457832085
   82           9.112203927859
   83           9.267680495866
   84           9.267680499789
   85           9.341813627890
   86           9.342042362422
   87           9.379316391134
   88           9.520574336283
   89           9.520827216090
   90           9.570027514823
   91           9.575687051274
   92           9.633177230121
   93           9.650349710621
   94           9.654467435731
   95           9.758728491392
   96           9.758731352306
   97           9.827013825880
   98           9.827511821476
   99          10.018574000195
  100          10.410170638991
  101          14.786955565786
  102          15.151448373890
  103          17.833549523110
  104          17.865381041200
  105          18.269386079202
  106          18.281169195778
  107          18.728097547881
  108          19.386576151460
  109          23.661143487181
  110          24.101395600961
 
  end of eigenvalues 
 
  Occupied Eigenvectors for: E-ALPHA
 --------------------------- 
 
                         -26.1382       -25.8220        -1.4160        -1.0844        -0.5842   
 
    1      F     S       0.970646       0.000092      -0.004817      -0.000201       0.000000
    2      F     S      -0.009930       0.000265       0.579684      -0.056893       0.000000
    3      F     S       0.050876       0.000361       0.166629      -0.016057       0.000000
    4      F     S      -0.017998      -0.001554       0.391177      -0.047722      -0.000000
    5      F     S      -0.002637      -0.001461       0.028151      -0.011094      -0.000000
    6      F    Px      -0.000754      -0.000043      -0.002610       0.021609       0.000000
    7      F    Py      -0.000000       0.000000      -0.000000      -0.000000      -0.411200
    8      F    Pz       0.000000      -0.000000      -0.000000       0.000000       0.000001
    9      F    Px       0.001852       0.000217      -0.006491       0.023026       0.000000
   10      F    Py       0.000000      -0.000000      -0.000000      -0.000000      -0.468272
   11      F    Pz      -0.000000      -0.000000       0.000000       0.000000       0.000002
   12      F    Px       0.000905       0.000469      -0.010685       0.010611       0.000000
   13      F    Py      -0.000000      -0.000000      -0.000000      -0.000000      -0.278635
   14      F    Pz      -0.000000      -0.000000       0.000000       0.000000       0.000001
   15      F    Px      -0.000575      -0.000429       0.002593      -0.002151       0.000000
   16      F    Py       0.000000       0.000000       0.000000       0.000000      -0.021391
   17      F    Pz       0.000000       0.000000      -0.000000       0.000000       0.000000
   18      F   Dxx       0.002302       0.000046      -0.002325       0.000748      -0.000000
   19      F   Dxy      -0.000000      -0.000000      -0.000000       0.000000       0.001132
   20      F   Dxz      -0.000000      -0.000000       0.000000       0.000000      -0.000000
   21      F   Dyy       0.003191       0.000033       0.008145      -0.000883       0.000000
   22      F   Dyz      -0.000000      -0.000000      -0.000000       0.000000      -0.000000
   23      F   Dzz       0.002269       0.000032      -0.002372       0.000164      -0.000000
   24      F   Dxx       0.008473       0.000370      -0.016040       0.003605      -0.000000
   25      F   Dxy       0.000000       0.000000      -0.000000       0.000000       0.003915
   26      F   Dxz       0.000000       0.000000       0.000000      -0.000000      -0.000000
   27      F   Dyy       0.008188       0.000464       0.007472      -0.000696       0.000000
   28      F   Dyz       0.000000      -0.000000      -0.000000       0.000000       0.000000
   29      F   Dzz       0.008488       0.000464      -0.014561       0.001526      -0.000000
   30      F   Dxx       0.003425       0.000679      -0.017940       0.002662      -0.000000
   31      F   Dxy      -0.000000      -0.000000      -0.000000      -0.000000       0.008429
   32      F   Dxz       0.000000      -0.000000      -0.000000       0.000000      -0.000000
   33      F   Dyy       0.003426       0.000570      -0.013710       0.002191      -0.000000
   34      F   Dyz      -0.000000      -0.000000      -0.000000       0.000000       0.000000
   35      F   Dzz       0.003299       0.000569      -0.015459       0.002196      -0.000000
   36      F  Fxxx      -0.000711      -0.000114       0.000356       0.000950       0.000000
   37      F  Fxxy      -0.000000       0.000000       0.000000      -0.000000      -0.002563
   38      F  Fxxz       0.000000       0.000000      -0.000000      -0.000000       0.000000
   39      F  Fxyy      -0.000321      -0.000042       0.000036       0.000778       0.000000
   40      F  Fxyz       0.000000      -0.000000       0.000000      -0.000000       0.000000
   41      F  Fxzz      -0.000319      -0.000042       0.000182       0.000432       0.000000
   42      F  Fyyy      -0.000000       0.000000       0.000000       0.000000      -0.021278
   43      F  Fyyz       0.000000       0.000000       0.000000      -0.000000       0.000000
   44      F  Fyzz      -0.000000       0.000000       0.000000       0.000000      -0.002736
   45      F  Fzzz       0.000000       0.000000      -0.000000      -0.000000       0.000000
   46      F  Fxxx      -0.000810      -0.000205      -0.000311       0.002054       0.000000
   47      F  Fxxy       0.000000       0.000000       0.000000      -0.000000      -0.003511
   48      F  Fxxz       0.000000       0.000000      -0.000000      -0.000000       0.000000
   49      F  Fxyy      -0.000346      -0.000060      -0.000351       0.000655       0.000000
   50      F  Fxyz      -0.000000      -0.000000       0.000000      -0.000000      -0.000000
   51      F  Fxzz      -0.000350      -0.000060      -0.000001       0.000052       0.000000
   52      F  Fyyy       0.000000       0.000000       0.000000       0.000000      -0.024597
   53      F  Fyyz       0.000000       0.000000      -0.000000      -0.000000       0.000000
   54      F  Fyzz       0.000000       0.000000       0.000000       0.000000      -0.004599
   55      F  Fzzz       0.000000       0.000000       0.000000      -0.000000       0.000000
   56      F     S      -0.000197      -0.971189      -0.000694      -0.009505      -0.000000
   57      F     S      -0.000284       0.010340       0.036337       0.548288      -0.000000
   58      F     S      -0.000356      -0.049477       0.011035       0.156772      -0.000000
   59      F     S       0.001523       0.018043       0.019061       0.396324      -0.000000
   60      F     S       0.001518       0.002539      -0.007288       0.042674      -0.000000
   61      F    Px      -0.000030      -0.000404      -0.006985      -0.004367      -0.000000
   62      F    Py       0.000000      -0.000000      -0.000000      -0.000000      -0.013213
   63      F    Pz       0.000000       0.000000      -0.000000      -0.000000       0.000000
   64      F    Px       0.000147       0.001146      -0.007110      -0.003959      -0.000000
   65      F    Py      -0.000000       0.000000      -0.000000      -0.000000      -0.014180
   66      F    Pz      -0.000000      -0.000000       0.000000      -0.000000       0.000000
   67      F    Px       0.000512       0.000684      -0.002769      -0.002565      -0.000000
   68      F    Py      -0.000000      -0.000000      -0.000000      -0.000000      -0.005324
   69      F    Pz      -0.000000       0.000000       0.000000       0.000000       0.000000
   70      F    Px      -0.000439      -0.000513       0.002680      -0.002277      -0.000000
   71      F    Py       0.000000       0.000000      -0.000000      -0.000000       0.000626
   72      F    Pz      -0.000000      -0.000000      -0.000000      -0.000000      -0.000000
   73      F   Dxx      -0.000047      -0.002865       0.000494       0.001366       0.000000
   74      F   Dxy      -0.000000      -0.000000       0.000000       0.000000       0.000226
   75      F   Dxz       0.000000      -0.000000      -0.000000       0.000000      -0.000000
   76      F   Dyy      -0.000028      -0.002857       0.000069       0.001704       0.000000
   77      F   Dyz       0.000000       0.000000      -0.000000      -0.000000       0.000000
   78      F   Dzz      -0.000027      -0.002815       0.000036       0.001250       0.000000
   79      F   Dxx      -0.000343      -0.008458       0.001777      -0.002668       0.000000
   80      F   Dxy       0.000000       0.000000       0.000000       0.000000       0.001702
   81      F   Dxz      -0.000000       0.000000      -0.000000       0.000000      -0.000000
   82      F   Dyy      -0.000453      -0.008449       0.000589      -0.002758      -0.000000
   83      F   Dyz      -0.000000      -0.000000      -0.000000      -0.000000      -0.000000
   84      F   Dzz      -0.000459      -0.008464       0.000534      -0.003624      -0.000000
   85      F   Dxx      -0.000719      -0.003436       0.001319      -0.002506      -0.000000
   86      F   Dxy      -0.000000      -0.000000       0.000000       0.000000      -0.002899
   87      F   Dxz      -0.000000      -0.000000      -0.000000       0.000000       0.000000
   88      F   Dyy      -0.000575      -0.003329       0.001548      -0.003266       0.000000
   89      F   Dyz       0.000000       0.000000      -0.000000      -0.000000       0.000000
   90      F   Dzz      -0.000562      -0.003323       0.001460      -0.003642      -0.000000
   91      F  Fxxx      -0.000092      -0.000444      -0.000479      -0.000537      -0.000000
   92      F  Fxxy       0.000000      -0.000000      -0.000000       0.000000      -0.000593
   93      F  Fxxz       0.000000       0.000000      -0.000000       0.000000       0.000000
   94      F  Fxyy      -0.000027      -0.000201      -0.000202      -0.000210      -0.000000
   95      F  Fxyz       0.000000       0.000000      -0.000000      -0.000000      -0.000000
   96      F  Fxzz      -0.000025      -0.000201      -0.000207      -0.000269      -0.000000
   97      F  Fyyy       0.000000      -0.000000       0.000000      -0.000000      -0.000742
   98      F  Fyyz       0.000000       0.000000      -0.000000      -0.000000       0.000000
   99      F  Fyzz       0.000000      -0.000000       0.000000      -0.000000      -0.000332
  100      F  Fzzz       0.000000       0.000000      -0.000000       0.000000       0.000000
  101      F  Fxxx      -0.000195      -0.000537      -0.000929      -0.001558      -0.000000
  102      F  Fxxy       0.000000       0.000000      -0.000000      -0.000000      -0.000712
  103      F  Fxxz       0.000000       0.000000      -0.000000      -0.000000       0.000000
  104      F  Fxyy      -0.000058      -0.000225      -0.000058      -0.000471      -0.000000
  105      F  Fxyz      -0.000000      -0.000000       0.000000       0.000000       0.000000
  106      F  Fxzz      -0.000065      -0.000225      -0.000002      -0.000278      -0.000000
  107      F  Fyyy       0.000000      -0.000000      -0.000000       0.000000      -0.001874
  108      F  Fyyz       0.000000       0.000000      -0.000000      -0.000000       0.000000
  109      F  Fyzz       0.000000      -0.000000       0.000000       0.000000      -0.000791
  110      F  Fzzz       0.000000      -0.000000      -0.000000      -0.000000       0.000000
 
                          -0.4811        -0.4733        -0.1877        -0.1824        -0.1657   
 
    1      F     S       0.001691      -0.000000      -0.000000      -0.000000      -0.003161
    2      F     S       0.016499      -0.000000      -0.000000       0.000000      -0.063697
    3      F     S       0.006084       0.000000      -0.000000       0.000000      -0.017006
    4      F     S       0.000516       0.000000      -0.000000       0.000000      -0.088385
    5      F     S      -0.005199       0.000000      -0.000000       0.000000      -0.076054
    6      F    Px       0.391303       0.000000      -0.000000       0.000000      -0.124653
    7      F    Py       0.000000      -0.000001       0.031985       0.000000      -0.000000
    8      F    Pz       0.000000      -0.401473      -0.000000       0.040810       0.000000
    9      F    Px       0.436788       0.000000      -0.000000      -0.000000      -0.142380
   10      F    Py       0.000000      -0.000001       0.037609       0.000000      -0.000000
   11      F    Pz       0.000000      -0.447740      -0.000000       0.046606       0.000000
   12      F    Px       0.296720       0.000000      -0.000000       0.000000      -0.121338
   13      F    Py       0.000000      -0.000001       0.026694       0.000000      -0.000000
   14      F    Pz       0.000000      -0.301434      -0.000000       0.037075       0.000000
   15      F    Px       0.041827       0.000000      -0.000000       0.000000      -0.055649
   16      F    Py       0.000000      -0.000000       0.011037       0.000000      -0.000000
   17      F    Pz       0.000000      -0.038900      -0.000000       0.016095       0.000000
   18      F   Dxx      -0.001484      -0.000000       0.000000      -0.000000       0.002675
   19      F   Dxy      -0.000000       0.000000      -0.000859      -0.000000       0.000000
   20      F   Dxz      -0.000000       0.001148       0.000000      -0.000843      -0.000000
   21      F   Dyy       0.000671       0.000000      -0.000000      -0.000000      -0.001119
   22      F   Dyz      -0.000000       0.000000      -0.000000      -0.000000       0.000000
   23      F   Dzz       0.000398       0.000000       0.000000       0.000000       0.000055
   24      F   Dxx      -0.005115      -0.000000       0.000000      -0.000000       0.013382
   25      F   Dxy      -0.000000       0.000000      -0.002825      -0.000000       0.000000
   26      F   Dxz      -0.000000       0.003381       0.000000      -0.002751      -0.000000
   27      F   Dyy       0.002888      -0.000000      -0.000000       0.000000      -0.001073
   28      F   Dyz      -0.000000       0.000000       0.000000      -0.000000       0.000000
   29      F   Dzz       0.002418      -0.000000       0.000000      -0.000000       0.001495
   30      F   Dxx      -0.008441      -0.000000       0.000000      -0.000000       0.013336
   31      F   Dxy      -0.000000       0.000000      -0.004931      -0.000000       0.000000
   32      F   Dxz      -0.000000       0.010232       0.000000      -0.004344       0.000000
   33      F   Dyy       0.000795      -0.000000       0.000000      -0.000000       0.004439
   34      F   Dyz       0.000000      -0.000000      -0.000000       0.000000      -0.000000
   35      F   Dzz       0.001267      -0.000000       0.000000      -0.000000       0.003502
   36      F  Fxxx       0.011634       0.000000      -0.000000       0.000000      -0.003308
   37      F  Fxxy      -0.000000      -0.000000      -0.000052       0.000000       0.000000
   38      F  Fxxz       0.000000      -0.005804       0.000000       0.000317       0.000000
   39      F  Fxyy       0.011929       0.000000      -0.000000      -0.000000      -0.003701
   40      F  Fxyz      -0.000000       0.000000      -0.000000      -0.000000       0.000000
   41      F  Fxzz       0.005447       0.000000      -0.000000       0.000000      -0.001607
   42      F  Fyyy       0.000000      -0.000000       0.001431       0.000000      -0.000000
   43      F  Fyyz       0.000000      -0.012553      -0.000000       0.001194       0.000000
   44      F  Fyzz       0.000000       0.000000       0.000084      -0.000000      -0.000000
   45      F  Fzzz       0.000000      -0.013207      -0.000000       0.001095      -0.000000
   46      F  Fxxx       0.012793       0.000000       0.000000       0.000000       0.000852
   47      F  Fxxy      -0.000000      -0.000000      -0.000815      -0.000000       0.000000
   48      F  Fxxz       0.000000      -0.006386       0.000000      -0.000420       0.000000
   49      F  Fxyy       0.012360       0.000000      -0.000000       0.000000      -0.004524
   50      F  Fxyz      -0.000000       0.000000      -0.000000      -0.000000       0.000000
   51      F  Fxzz       0.005787       0.000000      -0.000000      -0.000000      -0.003086
   52      F  Fyyy       0.000000      -0.000000       0.001801       0.000000      -0.000000
   53      F  Fyyz       0.000000      -0.014565      -0.000000       0.001229      -0.000000
   54      F  Fyzz       0.000000       0.000000       0.000571      -0.000000      -0.000000
   55      F  Fzzz       0.000000      -0.017127      -0.000000       0.001733       0.000000
   56      F     S      -0.000888      -0.000000       0.000000      -0.000000       0.000848
   57      F     S      -0.062563      -0.000000       0.000000      -0.000000       0.021448
   58      F     S      -0.016448      -0.000000       0.000000       0.000000       0.006335
   59      F     S      -0.071420       0.000000       0.000000      -0.000000       0.029480
   60      F     S      -0.035618      -0.000000       0.000000      -0.000000       0.042998
   61      F    Px      -0.080470      -0.000000      -0.000000       0.000000      -0.370098
   62      F    Py       0.000000      -0.000000      -0.367539      -0.000001       0.000000
   63      F    Pz       0.000000      -0.020796       0.000001      -0.366934      -0.000000
   64      F    Px      -0.089377      -0.000000      -0.000000       0.000000      -0.412604
   65      F    Py       0.000000      -0.000000      -0.409839      -0.000001       0.000000
   66      F    Pz       0.000000      -0.022799       0.000001      -0.408657      -0.000000
   67      F    Px      -0.040878      -0.000000      -0.000000       0.000000      -0.363598
   68      F    Py       0.000000      -0.000000      -0.350623      -0.000001       0.000000
   69      F    Pz      -0.000000      -0.013136       0.000001      -0.350866      -0.000000
   70      F    Px      -0.006978       0.000000      -0.000000       0.000000      -0.143897
   71      F    Py      -0.000000       0.000000      -0.125651      -0.000000       0.000000
   72      F    Pz       0.000000       0.001851       0.000000      -0.128587      -0.000000
   73      F   Dxx       0.000839       0.000000      -0.000000       0.000000      -0.000889
   74      F   Dxy      -0.000000       0.000000      -0.000144      -0.000000       0.000000
   75      F   Dxz       0.000000       0.000282       0.000000      -0.000184      -0.000000
   76      F   Dyy      -0.000018      -0.000000       0.000000       0.000000       0.000260
   77      F   Dyz       0.000000       0.000000       0.000000       0.000000      -0.000000
   78      F   Dzz       0.000002      -0.000000       0.000000       0.000000       0.000237
   79      F   Dxx       0.007048      -0.000000      -0.000000       0.000000      -0.001884
   80      F   Dxy      -0.000000       0.000000       0.000513       0.000000       0.000000
   81      F   Dxz       0.000000       0.001900      -0.000000       0.000520       0.000000
   82      F   Dyy       0.000511      -0.000000       0.000000       0.000000       0.000272
   83      F   Dyz       0.000000      -0.000000       0.000000       0.000000      -0.000000
   84      F   Dzz       0.000752      -0.000000      -0.000000       0.000000       0.000264
   85      F   Dxx      -0.007052      -0.000000       0.000000       0.000000       0.003880
   86      F   Dxy       0.000000      -0.000000       0.004032       0.000000      -0.000000
   87      F   Dxz      -0.000000      -0.002418      -0.000000       0.003436      -0.000000
   88      F   Dyy       0.001232      -0.000000       0.000000       0.000000      -0.000524
   89      F   Dyz      -0.000000       0.000000      -0.000000       0.000000      -0.000000
   90      F   Dzz       0.000613      -0.000000      -0.000000       0.000000      -0.000901
   91      F  Fxxx      -0.003483       0.000000      -0.000000      -0.000000      -0.014130
   92      F  Fxxy       0.000000      -0.000000      -0.006192      -0.000000       0.000000
   93      F  Fxxz      -0.000000      -0.000692       0.000000      -0.006346      -0.000000
   94      F  Fxyy      -0.001391       0.000000      -0.000000      -0.000000      -0.006768
   95      F  Fxyz       0.000000      -0.000000      -0.000000      -0.000000       0.000000
   96      F  Fxzz      -0.001385       0.000000      -0.000000      -0.000000      -0.006554
   97      F  Fyyy       0.000000      -0.000000      -0.015003      -0.000000       0.000000
   98      F  Fyyz      -0.000000      -0.000434       0.000000      -0.006848      -0.000000
   99      F  Fyzz       0.000000      -0.000000      -0.006470      -0.000000       0.000000
  100      F  Fzzz       0.000000      -0.000965       0.000000      -0.014777      -0.000000
  101      F  Fxxx      -0.008460       0.000000      -0.000000      -0.000000      -0.013144
  102      F  Fxxy       0.000000      -0.000000      -0.007119      -0.000000       0.000000
  103      F  Fxxz       0.000000      -0.000853       0.000000      -0.007291      -0.000000
  104      F  Fxyy      -0.002028      -0.000000      -0.000000      -0.000000      -0.006390
  105      F  Fxyz       0.000000      -0.000000      -0.000000      -0.000000       0.000000
  106      F  Fxzz      -0.001746      -0.000000      -0.000000      -0.000000      -0.005896
  107      F  Fyyy       0.000000      -0.000000      -0.014392      -0.000000       0.000000
  108      F  Fyyz       0.000000      -0.000848       0.000000      -0.006732      -0.000000
  109      F  Fyzz       0.000000      -0.000000      -0.006053      -0.000000       0.000000
  110      F  Fzzz       0.000000      -0.001759       0.000000      -0.014197      -0.000000
 
 
  Occupied Eigenvectors for: E-BETA
 --------------------------- 
 
                         -26.0912       -25.8194        -1.2285        -1.0726        -0.4345   
 
    1      F     S       0.971758       0.000112      -0.006093       0.000627      -0.001312
    2      F     S      -0.010968       0.000265       0.551691      -0.120285      -0.012902
    3      F     S       0.048000       0.000363       0.157980      -0.034189      -0.004650
    4      F     S      -0.018264      -0.001559       0.390402      -0.094772      -0.000701
    5      F     S      -0.002454      -0.001456       0.027306      -0.014131       0.008130
    6      F    Px      -0.000775      -0.000044       0.000691       0.020067      -0.377746
    7      F    Py      -0.000000       0.000000       0.000000       0.000000      -0.000000
    8      F    Pz       0.000000       0.000000       0.000000      -0.000000      -0.000000
    9      F    Px       0.001998       0.000222      -0.002554       0.021470      -0.417847
   10      F    Py       0.000000      -0.000000       0.000000       0.000000      -0.000000
   11      F    Pz      -0.000000      -0.000000       0.000000       0.000000      -0.000000
   12      F    Px       0.000981       0.000474      -0.010122       0.011243      -0.298572
   13      F    Py      -0.000000      -0.000000       0.000000      -0.000000      -0.000000
   14      F    Pz      -0.000000      -0.000000       0.000000       0.000000      -0.000000
   15      F    Px      -0.000519      -0.000427       0.000647      -0.001765      -0.054026
   16      F    Py       0.000000       0.000000      -0.000000      -0.000000      -0.000000
   17      F    Pz       0.000000       0.000000      -0.000000      -0.000000       0.000000
   18      F   Dxx       0.003572       0.000047       0.004912      -0.000535       0.001227
   19      F   Dxy       0.000000      -0.000000       0.000000      -0.000000       0.000000
   20      F   Dxz      -0.000000      -0.000000      -0.000000       0.000000       0.000000
   21      F   Dyy       0.002160       0.000032      -0.007117       0.001455      -0.000354
   22      F   Dyz       0.000000       0.000000       0.000000      -0.000000      -0.000000
   23      F   Dzz       0.003525       0.000033       0.004777      -0.001129      -0.000454
   24      F   Dxx       0.008615       0.000373       0.002908       0.001335       0.004478
   25      F   Dxy       0.000000       0.000000       0.000000      -0.000000       0.000000
   26      F   Dxz       0.000000       0.000000       0.000000      -0.000000       0.000000
   27      F   Dyy       0.008388       0.000463      -0.020061       0.004281      -0.001506
   28      F   Dyz       0.000000       0.000000       0.000000      -0.000000      -0.000000
   29      F   Dzz       0.008656       0.000466       0.004228      -0.000927      -0.001539
   30      F   Dxx       0.003493       0.000681      -0.006890       0.001787       0.015279
   31      F   Dxy       0.000000      -0.000000       0.000000      -0.000000       0.000000
   32      F   Dxz      -0.000000      -0.000000      -0.000000       0.000000       0.000000
   33      F   Dyy       0.003262       0.000568      -0.016037       0.004653      -0.001046
   34      F   Dyz       0.000000       0.000000       0.000000      -0.000000       0.000000
   35      F   Dzz       0.003320       0.000572      -0.004423       0.001112      -0.000680
   36      F  Fxxx      -0.000773      -0.000115       0.000343       0.001146      -0.015978
   37      F  Fxxy      -0.000000       0.000000       0.000000       0.000000      -0.000000
   38      F  Fxxz       0.000000       0.000000      -0.000000      -0.000000       0.000000
   39      F  Fxyy      -0.000339      -0.000043       0.000220       0.000365      -0.006378
   40      F  Fxyz      -0.000000      -0.000000       0.000000       0.000000      -0.000000
   41      F  Fxzz      -0.000345      -0.000043       0.000226       0.000502      -0.007221
   42      F  Fyyy      -0.000000       0.000000       0.000000       0.000000      -0.000000
   43      F  Fyyz       0.000000       0.000000       0.000000      -0.000000       0.000000
   44      F  Fyzz      -0.000000       0.000000       0.000000      -0.000000      -0.000000
   45      F  Fzzz       0.000000       0.000000      -0.000000      -0.000000       0.000000
   46      F  Fxxx      -0.000878      -0.000208      -0.000581       0.002390      -0.018556
   47      F  Fxxy      -0.000000       0.000000      -0.000000      -0.000000      -0.000000
   48      F  Fxxz       0.000000       0.000000      -0.000000      -0.000000       0.000000
   49      F  Fxyy      -0.000374      -0.000062       0.000427       0.000305      -0.008088
   50      F  Fxyz      -0.000000       0.000000      -0.000000      -0.000000      -0.000000
   51      F  Fxzz      -0.000380      -0.000060      -0.000350       0.000227      -0.008869
   52      F  Fyyy      -0.000000       0.000000       0.000000       0.000000      -0.000000
   53      F  Fyyz       0.000000       0.000000      -0.000000      -0.000000       0.000000
   54      F  Fyzz      -0.000000       0.000000       0.000000       0.000000      -0.000000
   55      F  Fzzz       0.000000       0.000000       0.000000      -0.000000       0.000000
   56      F     S      -0.000179      -0.971247      -0.001925      -0.009453       0.000648
   57      F     S      -0.000286       0.010391       0.097436       0.539539       0.060954
   58      F     S      -0.000361      -0.049329       0.028395       0.154102       0.015922
   59      F     S       0.001549       0.018057       0.061716       0.392524       0.070503
   60      F     S       0.001398       0.002527       0.000228       0.043662       0.044199
   61      F    Px      -0.000049      -0.000411      -0.010163      -0.003512       0.097644
   62      F    Py       0.000000       0.000000      -0.000000       0.000000      -0.000000
   63      F    Pz       0.000000       0.000000      -0.000000       0.000000      -0.000000
   64      F    Px       0.000236       0.001188      -0.010994      -0.002980       0.107834
   65      F    Py      -0.000000       0.000000      -0.000000       0.000000      -0.000000
   66      F    Pz      -0.000000      -0.000000       0.000000      -0.000000      -0.000000
   67      F    Px       0.000556       0.000701      -0.004057      -0.003027       0.062175
   68      F    Py      -0.000000      -0.000000      -0.000000       0.000000      -0.000000
   69      F    Pz      -0.000000       0.000000       0.000000       0.000000      -0.000000
   70      F    Px      -0.000401      -0.000511       0.001393      -0.002381       0.009996
   71      F    Py       0.000000       0.000000       0.000000      -0.000000       0.000000
   72      F    Pz      -0.000000      -0.000000      -0.000000       0.000000       0.000000
   73      F   Dxx      -0.000047      -0.002931       0.000734       0.001626      -0.000811
   74      F   Dxy      -0.000000       0.000000      -0.000000      -0.000000      -0.000000
   75      F   Dxz       0.000000      -0.000000      -0.000000       0.000000      -0.000000
   76      F   Dyy      -0.000027      -0.002807       0.000132       0.001023      -0.000004
   77      F   Dyz      -0.000000      -0.000000       0.000000       0.000000       0.000000
   78      F   Dzz      -0.000028      -0.002876       0.000175       0.001543       0.000089
   79      F   Dxx      -0.000355      -0.008463       0.001866      -0.002218      -0.007021
   80      F   Dxy       0.000000       0.000000       0.000000      -0.000000       0.000000
   81      F   Dxz       0.000000       0.000000       0.000000       0.000000       0.000000
   82      F   Dyy      -0.000464      -0.008463       0.000052      -0.003749      -0.000979
   83      F   Dyz      -0.000000      -0.000000       0.000000       0.000000       0.000000
   84      F   Dzz      -0.000465      -0.008472       0.000089      -0.002846      -0.000720
   85      F   Dxx      -0.000715      -0.003443       0.000183      -0.001583       0.002904
   86      F   Dxy      -0.000000      -0.000000       0.000000       0.000000      -0.000000
   87      F   Dxz      -0.000000      -0.000000      -0.000000       0.000000       0.000000
   88      F   Dyy      -0.000565      -0.003323       0.001378      -0.002868      -0.001878
   89      F   Dyz      -0.000000       0.000000      -0.000000      -0.000000       0.000000
   90      F   Dzz      -0.000571      -0.003323       0.000580      -0.003363      -0.001480
   91      F  Fxxx      -0.000120      -0.000462      -0.000631      -0.000429       0.004227
   92      F  Fxxy       0.000000      -0.000000       0.000000       0.000000      -0.000000
   93      F  Fxxz       0.000000       0.000000      -0.000000       0.000000      -0.000000
   94      F  Fxyy      -0.000046      -0.000207      -0.000135      -0.000228       0.001723
   95      F  Fxyz      -0.000000      -0.000000      -0.000000      -0.000000       0.000000
   96      F  Fxzz      -0.000047      -0.000208      -0.000194      -0.000269       0.001750
   97      F  Fyyy       0.000000      -0.000000      -0.000000       0.000000      -0.000000
   98      F  Fyyz       0.000000       0.000000      -0.000000       0.000000       0.000000
   99      F  Fyzz       0.000000      -0.000000      -0.000000       0.000000      -0.000000
  100      F  Fzzz       0.000000       0.000000      -0.000000       0.000000      -0.000000
  101      F  Fxxx      -0.000241      -0.000554      -0.000959      -0.001244       0.008844
  102      F  Fxxy       0.000000       0.000000      -0.000000      -0.000000      -0.000000
  103      F  Fxxz       0.000000       0.000000      -0.000000       0.000000       0.000000
  104      F  Fxyy      -0.000068      -0.000230      -0.000352      -0.000562       0.001902
  105      F  Fxyz       0.000000      -0.000000       0.000000       0.000000      -0.000000
  106      F  Fxzz      -0.000064      -0.000234      -0.000002      -0.000127       0.001761
  107      F  Fyyy       0.000000      -0.000000      -0.000000       0.000000      -0.000000
  108      F  Fyyz       0.000000       0.000000      -0.000000       0.000000       0.000000
  109      F  Fyzz       0.000000      -0.000000       0.000000       0.000000      -0.000000
  110      F  Fzzz       0.000000       0.000000      -0.000000       0.000000      -0.000000
 
                          -0.4230        -0.1792        -0.1682        -0.1576   
 
    1      F     S       0.000000       0.000000      -0.000000      -0.002752
    2      F     S       0.000000      -0.000000      -0.000000      -0.069429
    3      F     S      -0.000000       0.000000      -0.000000      -0.018404
    4      F     S      -0.000000      -0.000000      -0.000000      -0.095842
    5      F     S      -0.000000      -0.000000      -0.000000      -0.083621
    6      F    Px      -0.000000      -0.000000      -0.000000      -0.140862
    7      F    Py       0.000001       0.000000       0.032911      -0.000000
    8      F    Pz       0.392126       0.047894      -0.000000      -0.000000
    9      F    Px      -0.000000      -0.000000      -0.000000      -0.158965
   10      F    Py       0.000001       0.000000       0.036481      -0.000000
   11      F    Pz       0.433613       0.054019      -0.000000      -0.000000
   12      F    Px      -0.000000      -0.000000      -0.000000      -0.138921
   13      F    Py       0.000001       0.000000       0.037832      -0.000000
   14      F    Pz       0.315910       0.045213      -0.000000      -0.000000
   15      F    Px      -0.000000      -0.000000      -0.000000      -0.069160
   16      F    Py       0.000000       0.000000       0.014552      -0.000000
   17      F    Pz       0.051765       0.019951      -0.000000       0.000000
   18      F   Dxx      -0.000000       0.000000       0.000000       0.001926
   19      F   Dxy      -0.000000      -0.000000       0.000745      -0.000000
   20      F   Dxz      -0.001026      -0.000852      -0.000000       0.000000
   21      F   Dyy       0.000000       0.000000       0.000000       0.000463
   22      F   Dyz       0.000000      -0.000000       0.000000      -0.000000
   23      F   Dzz      -0.000000       0.000000      -0.000000      -0.000756
   24      F   Dxx       0.000000       0.000000       0.000000       0.011638
   25      F   Dxy      -0.000000      -0.000000       0.002380      -0.000000
   26      F   Dxz      -0.002865      -0.002757      -0.000000       0.000000
   27      F   Dyy       0.000000       0.000000       0.000000       0.001853
   28      F   Dyz       0.000000      -0.000000      -0.000000      -0.000000
   29      F   Dzz       0.000000       0.000000      -0.000000      -0.000177
   30      F   Dxx       0.000000       0.000000       0.000000       0.014999
   31      F   Dxy      -0.000000      -0.000000       0.005088      -0.000000
   32      F   Dxz      -0.011683      -0.004877      -0.000000      -0.000000
   33      F   Dyy       0.000000       0.000000       0.000000       0.004935
   34      F   Dyz      -0.000000       0.000000       0.000000      -0.000000
   35      F   Dzz       0.000000       0.000000       0.000000       0.001797
   36      F  Fxxx      -0.000000       0.000000      -0.000000      -0.005523
   37      F  Fxxy       0.000000       0.000000       0.000955      -0.000000
   38      F  Fxxz       0.007734       0.000667      -0.000000       0.000000
   39      F  Fxyy      -0.000000       0.000000      -0.000000      -0.002439
   40      F  Fxyz       0.000000       0.000000      -0.000000      -0.000000
   41      F  Fxzz      -0.000000       0.000000      -0.000000      -0.002564
   42      F  Fyyy       0.000000       0.000000       0.001504      -0.000000
   43      F  Fyyz       0.006905       0.000801      -0.000000       0.000000
   44      F  Fyzz       0.000000       0.000000       0.000854      -0.000000
   45      F  Fzzz       0.017386       0.001874      -0.000000       0.000000
   46      F  Fxxx      -0.000000      -0.000000      -0.000000      -0.001893
   47      F  Fxxy       0.000000      -0.000000       0.001863      -0.000000
   48      F  Fxxz       0.008564      -0.000045      -0.000000       0.000000
   49      F  Fxyy      -0.000000       0.000000      -0.000000      -0.003905
   50      F  Fxyz       0.000000       0.000000       0.000000      -0.000000
   51      F  Fxzz      -0.000000       0.000000      -0.000000      -0.004511
   52      F  Fyyy       0.000000       0.000000       0.001215      -0.000000
   53      F  Fyyz       0.009089       0.000963      -0.000000       0.000000
   54      F  Fyzz       0.000000       0.000000       0.000443      -0.000000
   55      F  Fzzz       0.022430       0.002688      -0.000000       0.000000
   56      F     S      -0.000000       0.000000       0.000000       0.000857
   57      F     S      -0.000000       0.000000       0.000000       0.025079
   58      F     S      -0.000000      -0.000000       0.000000       0.007301
   59      F     S       0.000000       0.000000       0.000000       0.034807
   60      F     S       0.000000      -0.000000       0.000000       0.052755
   61      F    Px       0.000000      -0.000000      -0.000000      -0.365557
   62      F    Py       0.000000      -0.000001       0.355355      -0.000000
   63      F    Pz       0.027111      -0.365672      -0.000001       0.000000
   64      F    Px       0.000000       0.000000      -0.000000      -0.407335
   65      F    Py       0.000000      -0.000001       0.396017      -0.000000
   66      F    Pz       0.029927      -0.406983      -0.000001       0.000000
   67      F    Px       0.000000      -0.000000      -0.000000      -0.361414
   68      F    Py       0.000000      -0.000001       0.348283      -0.000000
   69      F    Pz       0.019679      -0.351551      -0.000001       0.000000
   70      F    Px      -0.000000      -0.000000      -0.000000      -0.150385
   71      F    Py      -0.000000      -0.000000       0.136719      -0.000000
   72      F    Pz      -0.002307      -0.131636      -0.000000      -0.000000
   73      F   Dxx       0.000000      -0.000000      -0.000000      -0.000946
   74      F   Dxy      -0.000000      -0.000000      -0.000139       0.000000
   75      F   Dxz      -0.000318      -0.000156       0.000000      -0.000000
   76      F   Dyy       0.000000      -0.000000       0.000000       0.000299
   77      F   Dyz      -0.000000       0.000000      -0.000000      -0.000000
   78      F   Dzz       0.000000      -0.000000       0.000000       0.000248
   79      F   Dxx      -0.000000      -0.000000      -0.000000      -0.002566
   80      F   Dxy      -0.000000       0.000000      -0.001429       0.000000
   81      F   Dxz      -0.002021       0.000507       0.000000       0.000000
   82      F   Dyy      -0.000000      -0.000000      -0.000000       0.000164
   83      F   Dyz      -0.000000       0.000000      -0.000000      -0.000000
   84      F   Dzz       0.000000      -0.000000      -0.000000       0.000072
   85      F   Dxx      -0.000000       0.000000      -0.000000       0.002442
   86      F   Dxy       0.000000       0.000000      -0.005893       0.000000
   87      F   Dxz       0.002095       0.003527       0.000000       0.000000
   88      F   Dyy      -0.000000      -0.000000      -0.000000      -0.000630
   89      F   Dyz      -0.000000       0.000000      -0.000000      -0.000000
   90      F   Dzz      -0.000000      -0.000000      -0.000000      -0.001668
   91      F  Fxxx       0.000000      -0.000000      -0.000000      -0.014161
   92      F  Fxxy       0.000000      -0.000000       0.006343      -0.000000
   93      F  Fxxz       0.000785      -0.006423      -0.000000       0.000000
   94      F  Fxyy      -0.000000      -0.000000      -0.000000      -0.006472
   95      F  Fxyz      -0.000000       0.000000      -0.000000      -0.000000
   96      F  Fxzz       0.000000      -0.000000      -0.000000      -0.006591
   97      F  Fyyy       0.000000      -0.000000       0.014524      -0.000000
   98      F  Fyyz       0.000515      -0.006600      -0.000000       0.000000
   99      F  Fyzz       0.000000      -0.000000       0.006590      -0.000000
  100      F  Fzzz       0.001177      -0.014963      -0.000000       0.000000
  101      F  Fxxx       0.000000      -0.000000      -0.000000      -0.013070
  102      F  Fxxy       0.000000      -0.000000       0.007465      -0.000000
  103      F  Fxxz       0.000959      -0.007349      -0.000000       0.000000
  104      F  Fxyy       0.000000       0.000000      -0.000000      -0.006416
  105      F  Fxyz       0.000000      -0.000000       0.000000       0.000000
  106      F  Fxzz       0.000000      -0.000000      -0.000000      -0.005958
  107      F  Fyyy       0.000000      -0.000000       0.014115      -0.000000
  108      F  Fyyz       0.000856      -0.006669      -0.000000      -0.000000
  109      F  Fyzz       0.000000      -0.000000       0.006022      -0.000000
  110      F  Fzzz       0.001779      -0.014304      -0.000000      -0.000000
 
 
  end of eigenvectors 
 
  END OF EIGENVALUES AND EIGENVECTORS
 
 
  COMPONENTS OF KINETIC ENERGY: 
 -----------------------------
 
             E-ALPHA Kinetic energy =          101.529370690851
              E-BETA Kinetic energy =           97.594923435370
                                     _________________________
               Total kinetic energy =          199.124294126220
 
  COMPONENTS OF POTENTIAL ENERGY: 
 -------------------------------
 
          Fixed potential energy    =           22.559661678126
 
  Quantum/Fixed interaction energy: 
 ----------------------------------
 
     E-ALPHA/Fixed interact. energy =         -272.407516965001
      E-BETA/Fixed interact. energy =         -257.350337882755
                                     _________________________
               Total Q/Fixed energy =         -529.757854847757
 
  Coulomb energy: 
 ------------------
 
     E-ALPHA/E-ALPHA Hartree energy =           35.502480754571
       E-BETA/E-BETA Hartree energy =           29.558169886141
      E-ALPHA/E-BETA Hartree energy =           64.557290644507
                                     _________________________
               Total Hartree energy =          129.617941285219
 
  Exchange(HF) energy: 
 ----------------------
 
            E-ALPHA Exchange energy =          -10.609528135877
             E-BETA Exchange energy =           -9.746240199763
                                     _________________________
              Total Exchange energy =          -20.355768335639
 
  TOTAL ENERGY COMPONENTS: 
 ==========================
 
          TOTAL KINETIC ENERGY      =          199.124294126220
          TOTAL POTENTIAL ENERGY    =         -397.936020220050
                                     _________________________
                       TOTAL ENERGY =         -198.811726093830
 
                 VIRIAL RATIO (V/T) =            1.998430286803
 
 
  END ENERGY COMPONENTS
 
 
** TOTAL CPU Time SCF :      4.054 (s)
** TOTAL Elapsed Time SCF :      1.164 (s)
 
 We are calculating properties for E-ALPHA in the HF/KS ground state
 We are calculating properties for E-BETA in the HF/KS ground state
 
  POPULATION ANALYSES: 
 ====================
 
 MULLIKEN Population: for E-        
 ---------------------
 
                          total          spin      
 
    1      F     S       1.941319      -0.001223
    2      F     S       1.099172       0.018133
    3      F     S       0.276551       0.006647
    4      F     S       0.690299      -0.011460
    5      F     S       0.007591      -0.000427
    6      F    Px       0.616337       0.010060
    7      F    Py       0.317786       0.313168
    8      F    Pz       0.595078       0.010971
    9      F    Px       0.847016       0.012611
   10      F    Py       0.445848       0.437322
   11      F    Pz       0.829653       0.013532
   12      F    Px       0.430091      -0.010291
   13      F    Py       0.204619       0.188872
   14      F    Pz       0.456154      -0.016169
   15      F    Px       0.031749      -0.006276
   16      F    Py       0.008872       0.000707
   17      F    Pz       0.026874      -0.005178
   18      F   Dxx       0.002328      -0.004812
   19      F   Dxy       0.000016       0.000006
   20      F   Dxz       0.000021       0.000001
   21      F   Dyy       0.001703       0.009996
   22      F   Dyz       0.000000      -0.000000
   23      F   Dzz       0.002584      -0.004842
   24      F   Dxx      -0.005862      -0.011615
   25      F   Dxy       0.000276       0.000057
   26      F   Dxz       0.000309       0.000004
   27      F   Dyy      -0.007429       0.017794
   28      F   Dyz       0.000000      -0.000000
   29      F   Dzz      -0.005848      -0.012060
   30      F   Dxx       0.001061      -0.003814
   31      F   Dxy       0.002128       0.000030
   32      F   Dxz       0.002000      -0.000101
   33      F   Dyy      -0.010239       0.000900
   34      F   Dyz       0.000000      -0.000000
   35      F   Dzz      -0.006773      -0.003600
   36      F  Fxxx       0.022801      -0.003752
   37      F  Fxxy       0.001564       0.001425
   38      F  Fxxz       0.007897      -0.001124
   39      F  Fxyy       0.011432       0.003439
   40      F  Fxyz       0.000000       0.000000
   41      F  Fxzz       0.007843      -0.001158
   42      F  Fyyy       0.017081       0.016817
   43      F  Fyyz       0.011491       0.003411
   44      F  Fyzz       0.001657       0.001545
   45      F  Fzzz       0.024034      -0.003279
   46      F  Fxxx       0.021522      -0.004080
   47      F  Fxxy       0.002004       0.001471
   48      F  Fxxz       0.007539      -0.001154
   49      F  Fxyy       0.010791       0.002099
   50      F  Fxyz       0.000000       0.000000
   51      F  Fxzz       0.007818      -0.001764
   52      F  Fyyy       0.016365       0.016080
   53      F  Fyyz       0.011983       0.002750
   54      F  Fyzz       0.002270       0.002192
   55      F  Fzzz       0.026793      -0.003866
   56      F     S       1.941609      -0.000065
   57      F     S       1.046605       0.001408
   58      F     S       0.262252       0.000489
   59      F     S       0.709742      -0.000073
   60      F     S       0.034387       0.000737
   61      F    Px       0.544682       0.000431
   62      F    Py       0.500748       0.015830
   63      F    Pz       0.514841       0.001045
   64      F    Px       0.779068       0.000993
   65      F    Py       0.731870       0.019341
   66      F    Pz       0.748287       0.001345
   67      F    Px       0.521428      -0.000616
   68      F    Py       0.556034      -0.003339
   69      F    Pz       0.554631      -0.001138
   70      F    Px       0.102378      -0.001625
   71      F    Py       0.120592      -0.011643
   72      F    Pz       0.110787      -0.000866
   73      F   Dxx       0.002742      -0.000217
   74      F   Dxy       0.000001       0.000000
   75      F   Dxz       0.000002      -0.000000
   76      F   Dyy       0.002604       0.000427
   77      F   Dyz       0.000000      -0.000000
   78      F   Dzz       0.002650      -0.000201
   79      F   Dxx      -0.001550      -0.000519
   80      F   Dxy       0.000062       0.000032
   81      F   Dxz       0.000121      -0.000007
   82      F   Dyy      -0.003638       0.000644
   83      F   Dyz       0.000000       0.000000
   84      F   Dzz      -0.003620      -0.000512
   85      F   Dxx      -0.004253      -0.001191
   86      F   Dxy      -0.000309      -0.000663
   87      F   Dxz      -0.000877      -0.000024
   88      F   Dyy      -0.001976      -0.000239
   89      F   Dyz       0.000000       0.000000
   90      F   Dzz      -0.002352      -0.000145
   91      F  Fxxx       0.022603      -0.000171
   92      F  Fxxy       0.007040      -0.000005
   93      F  Fxxz       0.007267      -0.000048
   94      F  Fxyy       0.007827       0.000126
   95      F  Fxyz       0.000000       0.000000
   96      F  Fxzz       0.007775      -0.000067
   97      F  Fyyy       0.022206       0.000611
   98      F  Fyyz       0.007627       0.000142
   99      F  Fyzz       0.007317       0.000015
  100      F  Fzzz       0.022627      -0.000143
  101      F  Fxxx       0.021877      -0.000110
  102      F  Fxxy       0.007677      -0.000197
  103      F  Fxxz       0.007713      -0.000039
  104      F  Fxyy       0.006933       0.000011
  105      F  Fxyz       0.000000       0.000000
  106      F  Fxzz       0.006372      -0.000018
  107      F  Fyyy       0.019974       0.000283
  108      F  Fyyz       0.007049       0.000028
  109      F  Fyzz       0.006303       0.000043
  110      F  Fzzz       0.020098      -0.000093
 
                           __________     __________
              Total =       19.000000       1.000000
 
  Atomic MULLIKEN Population: for E-        
            F                9.014168       0.979995
            F                9.985832       0.020005
 
 ...end of MULLIKEN Population
 
 
 END POPULATION ANALYSES 
 
 
  POPULATION ANALYSES: 
 ====================
 
 LOWDIN Population: for E-        
 ---------------------
 
                          total          spin      
 
    1      F     S       1.574655      -0.000291
    2      F     S       0.624364       0.004947
    3      F     S       0.423171       0.004580
    4      F     S       0.283740      -0.003601
    5      F     S       0.073907      -0.002825
    6      F    Px       0.556211       0.010097
    7      F    Py       0.287736       0.283850
    8      F    Pz       0.535300       0.010746
    9      F    Px       0.396966       0.003076
   10      F    Py       0.205530       0.201732
   11      F    Pz       0.390575       0.003639
   12      F    Px       0.221138      -0.006201
   13      F    Py       0.116324       0.103553
   14      F    Pz       0.251827      -0.008887
   15      F    Px       0.059004      -0.003855
   16      F    Py       0.031651       0.007617
   17      F    Pz       0.054178      -0.004443
   18      F   Dxx       0.163031      -0.002459
   19      F   Dxy       0.000014       0.000006
   20      F   Dxz       0.000018       0.000001
   21      F   Dyy       0.163399       0.013631
   22      F   Dyz       0.000000      -0.000000
   23      F   Dzz       0.164302      -0.002474
   24      F   Dxx       0.143045      -0.008841
   25      F   Dxy       0.000257       0.000056
   26      F   Dxz       0.000304      -0.000002
   27      F   Dyy       0.148607       0.013889
   28      F   Dyz       0.000000      -0.000000
   29      F   Dzz       0.151292      -0.009910
   30      F   Dxx       0.082361      -0.003448
   31      F   Dxy       0.013057       0.000526
   32      F   Dxz       0.013954      -0.000232
   33      F   Dyy       0.020592       0.001341
   34      F   Dyz       0.000000      -0.000000
   35      F   Dzz       0.022450      -0.003524
   36      F  Fxxx       0.252481       0.000599
   37      F  Fxxy       0.054953       0.053924
   38      F  Fxxz       0.107261       0.000542
   39      F  Fxyy       0.113387       0.004160
   40      F  Fxyz       0.000000       0.000000
   41      F  Fxzz       0.110451       0.000387
   42      F  Fyyy       0.133888       0.131744
   43      F  Fyyz       0.110138       0.004263
   44      F  Fyzz       0.054973       0.054013
   45      F  Fzzz       0.245787       0.000999
   46      F  Fxxx       0.145749      -0.003933
   47      F  Fxxy       0.031993       0.027658
   48      F  Fxxz       0.066478      -0.001851
   49      F  Fxyy       0.070394       0.000895
   50      F  Fxyz       0.000000       0.000000
   51      F  Fxzz       0.068150      -0.002052
   52      F  Fyyy       0.081047       0.078259
   53      F  Fyyz       0.072564       0.000914
   54      F  Fyzz       0.031877       0.030586
   55      F  Fzzz       0.164876      -0.004981
   56      F     S       1.574143      -0.000010
   57      F     S       0.606718       0.000343
   58      F     S       0.410997       0.000296
   59      F     S       0.292080      -0.000244
   60      F     S       0.083081      -0.000833
   61      F    Px       0.489000       0.000422
   62      F    Py       0.448199       0.014652
   63      F    Pz       0.461082       0.001000
   64      F    Px       0.370446       0.000183
   65      F    Py       0.346900       0.008977
   66      F    Pz       0.355060       0.000454
   67      F    Px       0.256437      -0.000712
   68      F    Py       0.311045      -0.003120
   69      F    Pz       0.309650      -0.000834
   70      F    Px       0.095695      -0.001214
   71      F    Py       0.117580      -0.009615
   72      F    Pz       0.110608      -0.001103
   73      F   Dxx       0.154784      -0.000019
   74      F   Dxy       0.000001       0.000000
   75      F   Dxz       0.000002      -0.000000
   76      F   Dyy       0.154680       0.000612
   77      F   Dyz       0.000000      -0.000000
   78      F   Dzz       0.154705      -0.000025
   79      F   Dxx       0.145598      -0.000330
   80      F   Dxy       0.000033       0.000000
   81      F   Dxz       0.000050      -0.000005
   82      F   Dyy       0.151209       0.000383
   83      F   Dyz       0.000000       0.000000
   84      F   Dzz       0.151087      -0.000417
   85      F   Dxx       0.073404      -0.002143
   86      F   Dxy       0.002735       0.002734
   87      F   Dxz       0.007091      -0.000422
   88      F   Dyy       0.027714      -0.000159
   89      F   Dyz       0.000000      -0.000000
   90      F   Dzz       0.027546      -0.000213
   91      F  Fxxx       0.235196       0.000049
   92      F  Fxxy       0.095104       0.002453
   93      F  Fxxz       0.097430       0.000114
   94      F  Fxyy       0.102050       0.000145
   95      F  Fxyz       0.000000       0.000000
   96      F  Fxzz       0.101901       0.000022
   97      F  Fyyy       0.216624       0.006092
   98      F  Fyyz       0.096878       0.000244
   99      F  Fyzz       0.094349       0.002519
  100      F  Fzzz       0.221849       0.000260
  101      F  Fxxx       0.156611      -0.000231
  102      F  Fxxy       0.072873      -0.000483
  103      F  Fxxz       0.072608      -0.000107
  104      F  Fxyy       0.076224      -0.000037
  105      F  Fxyz       0.000000      -0.000000
  106      F  Fxzz       0.075845      -0.000057
  107      F  Fyyy       0.175661       0.001710
  108      F  Fyyz       0.076794      -0.000051
  109      F  Fyzz       0.075596       0.000557
  110      F  Fzzz       0.177637      -0.000257
 
                           __________     __________
              Total =       19.000000       1.000000
 
  Atomic LOWDIN Population: for E-        
            F                9.089408       0.978420
            F                9.910592       0.021580
 
 ...end of LOWDIN Population
 
 
 END POPULATION ANALYSES 
 
 
  EXPECTED POSITIONS OF QUANTUM SPECIES:
 ======================
 
 POSITIONS IN ANGSTROMS
 ------
 
                        <x>      <y>      <z>         
            E-ALPHA  -0.0160  -0.0000   0.0000
             E-BETA   0.8945  -0.0000   0.0000
 
 END EXPECTED POSITIONS
 
 
  ELECTROSTATIC MOMENTS:
 ======================
 
 
 DIPOLE: (A.U.)
 ------
 
                           <Dx>         <Dy>         <Dz>          |D|
            E-ALPHA   0.03028854   0.00000000  -0.00000000
             E-BETA  -1.69041251   0.00000000  -0.00000000
    Point charges:    0.00000000   0.00000000   0.00000000
                     ____________________________
      Total Dipole:  -1.66012397   0.00000000  -0.00000000   1.66012397
 
 DIPOLE: (DEBYE)
 ------
 
                           <Dx>         <Dy>         <Dz>          |D|
            E-ALPHA   0.07698578   0.00000000  -0.00000000
             E-BETA  -4.29659946   0.00000000  -0.00000000
    Point charges:    0.00000000   0.00000000   0.00000000
                     ____________________________
      Total Dipole:  -4.21961368   0.00000000  -0.00000000   4.21961368
 
 QUADRUPOLE NON-TRACELESS: (DEBYE ANGS)
 ------
 
                           <xx>         <yy>         <zz>         <xy>         <xz>         <yz>
            E-ALPHA  -47.07826540   -6.13129485   -6.12337087    0.00000000   -0.00000000    0.00000003
             E-BETA  -43.09376095   -5.15162510   -5.99619888   -0.00000000    0.00000000   -0.00000281
    Point charges:    78.02803576    0.00000000    0.00000000    0.00000000    0.00000000    0.00000000
  Total Quadrupole:  -12.14399059  -11.28291995  -12.11956975   -0.00000000    0.00000000   -0.00000279
                     ____________________________
 
 END ELECTROSTATIC MOMENTS
 
 
 BEGIN FOUR-INDEX INTEGRALS TRANFORMATION:
 ========================================
 Selected method: C         
 
 --------------------------------------------------
    4N^5 Algorithm Four-index integral tranformation
 --------------------------------------------------
 
 Integrals transformation for: E-ALPHA
 
              Transformation boundaries 
                 orbital lower upper
                       p     1    10
                       q    11   110
                       r     1    10
                       s    11   110
 
         Loading AO integrals time(s):  0.252E-01
      Integral transformation time(s):  0.162E+01
       Non-zero transformed integrals:       417155
 
 Inter-species integrals transformation for: E-ALPHA/E-BETA
 
              Transformation boundaries 
                 orbital lower upper
                       p     1     9
                       q    10   110
                       r     1    10
                       s    11   110
 
         Loading AO integrals time(s):  0.420E-01
      Integral transformation time(s):  0.978E+01
 Non zero transformed coupling integrals:       249248
 
 Integrals transformation for: E-BETA
 
              Transformation boundaries 
                 orbital lower upper
                       p     1     9
                       q    10   110
                       r     1     9
                       s    10   110
 
         Loading AO integrals time(s):  0.242E-01
      Integral transformation time(s):  0.143E+01
       Non-zero transformed integrals:       217675
 
** TOTAL Elapsed Time for integrals transformation :     13.185 (s)
 
 
  POST HARTREE-FOCK CALCULATION
  MANY-BODY PERTURBATION THEORY:
 ==============================
 
              MOLLER-PLESSET FORMALISM 
               ORDER OF CORRECTION =     2
 
                E(0) + E(1) =    -198.811726093830
                       E(2) =      -0.555092343704
                             ____________________
                     E(MP2) =    -199.366818437534
 
              -----------------------------------
               E(n){ Specie }     E(n) / Hartree 
              -----------------------------------
 
            E(2){ E-ALPHA } =      -0.078985053353
             E(2){ E-BETA } =      -0.062228188820
 
     E(2){ E-ALPHA/E-BETA } =      -0.413879101530
 
** TOTAL CPU Time HF-MBPT :      1.076 (s)
** TOTAL Elapsed Time HF-MBPT :      0.363 (s)
 

  TOTAL CPU Time:      0.563 (s)
 TOTAL Wall Time:     14.839 (s)
  Elapsed Time:   0h  0m 14s 839ms
LOWDIN execution terminated normally at : Tue Feb 25 14:37:18 2025
-rw-rw-r-- 1 pohl pohl  20M feb 25 14:37 0E-ALPHA.E-BETA.ints
-rw-rw-r-- 1 pohl pohl  11M feb 25 14:37 0E-ALPHA.ints
-rw-rw-r-- 1 pohl pohl  20M feb 25 14:37 1E-ALPHA.E-BETA.ints
-rw-rw-r-- 1 pohl pohl 9,7M feb 25 14:37 1E-ALPHA.ints
-rw-rw-r-- 1 pohl pohl  21M feb 25 14:37 2E-ALPHA.E-BETA.ints
-rw-rw-r-- 1 pohl pohl  11M feb 25 14:37 2E-ALPHA.ints
-rw-rw-r-- 1 pohl pohl  20M feb 25 14:37 3E-ALPHA.E-BETA.ints
-rw-rw-r-- 1 pohl pohl  11M feb 25 14:37 3E-ALPHA.ints
-rw-rw-r-- 1 pohl pohl  21M feb 25 14:37 4E-ALPHA.E-BETA.ints
-rw-rw-r-- 1 pohl pohl  11M feb 25 14:37 4E-ALPHA.ints
-rw-rw-r-- 1 pohl pohl  20M feb 25 14:37 5E-ALPHA.E-BETA.ints
-rw-rw-r-- 1 pohl pohl 9,7M feb 25 14:37 5E-ALPHA.ints
-rw-rw-r-- 1 pohl pohl  20M feb 25 14:37 6E-ALPHA.E-BETA.ints
-rw-rw-r-- 1 pohl pohl 9,7M feb 25 14:37 6E-ALPHA.ints
-rw-rw-r-- 1 pohl pohl  20M feb 25 14:37 7E-ALPHA.E-BETA.ints
-rw-rw-r-- 1 pohl pohl  11M feb 25 14:37 7E-ALPHA.ints
-rw-rw-r-- 1 pohl pohl  21M feb 25 14:37 8E-ALPHA.E-BETA.ints
-rw-rw-r-- 1 pohl pohl  11M feb 25 14:37 8E-ALPHA.ints
-rw-rw-r-- 1 pohl pohl  21M feb 25 14:37 9E-ALPHA.E-BETA.ints
-rw-rw-r-- 1 pohl pohl  11M feb 25 14:37 9E-ALPHA.ints
-rw-rw-r-- 1 pohl pohl   12 feb 25 14:37 E-ALPHA.E-BETA.nints
-rw-rw-r-- 1 pohl pohl 9,7M feb 25 14:37 E-ALPHAmoint.dat
-rw-rw-r-- 1 pohl pohl 6,2M feb 25 14:37 E-BETA.E-ALPHAmoint.dat
-rw-rw-r-- 1 pohl pohl 9,7M feb 25 14:37 E-BETAmoint.dat
-rw-rw-r-- 1 pohl pohl  344 feb 25 14:37 F2-
-rw-rw-r-- 1 pohl pohl 1,2K feb 25 14:37 F2-.aux
-rw-rw-r-- 1 pohl pohl 197K feb 25 14:37 F2-e+.vec
-rw-rw-r-- 1 pohl pohl  485 feb 25 14:37 F2-.lowdin
-rw-rw-r-- 1 pohl pohl  78K feb 25 14:37 F2-.out
-rw-rw-r-- 1 pohl pohl 192K feb 25 14:37 F2-.vec
-rw-rw-r-- 1 pohl pohl   59 feb 25 14:37 gepol.inp
-rw-rw-r-- 1 pohl pohl  182 feb 25 14:37 gepol.xyzr
-rw-rw-r-- 1 pohl pohl  13K feb 25 14:37 lowdin.bas
-rw-rw-r-- 1 pohl pohl  16K feb 25 14:37 lowdin.dat
-rw-rw-r-- 1 pohl pohl 2,3M feb 25 14:37 lowdin.opints
-rw-rw-r-- 1 pohl pohl  46K feb 25 14:37 lowdin.sys
-rw-rw-r-- 1 pohl pohl 2,1M feb 25 14:37 lowdin.wfn
