Begin job by input: F-.lowdin, for user:   at  mar 04 feb 2025 15:10:21 -05
under operating system Linux helios 5.19.0-46-generic #47-Ubuntu SMP PREEMPT_DYNAMIC Fri Jun 16 13:30:11 UTC 2023 x86_64 x86_64 x86_64 GNU/Linux
Compilation information
  commit: f31d3924f6ee2ce9d77f07edcc1ba27359319d14
  compilation date:  mar 17 sep 2024 16:16:17 -05

BEGIN INPUT INFO:
------------------------------------

GEOMETRY
	F	Dirac -0.645 0.0 0.0 
	e-(F)	AUG-CC-PVTZ -0.645 0.0 0.0 multiplicity=1 addParticles=1 
	E+	PSX-TZ -0.645 0.0 0.0
END GEOMETRY

TASKS
        method = "UHF"
END TASKS

CONTROL
	units="ANGS"
END CONTROL






... END INPUT INFO


 LOWDIN execution started at : Tue Feb  4 15:10:21 2025
 ---------------------------------------------------------------
 
 ***************************************************************
 *                   LOWDIN 2.0  (May/2013)                    *
 *                                                             *
 *  R. FLORES-MORENO, E. F. POSADA, F. S. MONCADA, J.ROMERO,   *
 *  J. CHARRY, M. DIAZ-TINOCO, S. A. GONZALEZ, N. F. AGUIRRE,  *
 *  A. REYES                                                   *
 *                                                             *
 *  https://sites.google.com/site/lowdinproject/               *
 *                                                             *
 ***************************************************************
 
 PARSING INPUT... DONE!
 
 LOWDIN IS RUNNING WITH NEXT PARAMETERS: 
 ----------------------------------------
 
         METHOD TYPE:  UHF
         NUMBER OF CORES:     4
         NONELECTRONIC DENSITY GUESS: HCORE
         ELECTRONIC DENSITY GUESS: HCORE
         CRITERIUM OF CONVERGENCE: ENERGY
         NONELECTRONIC ENERGY TOLERANCE IN SCFs:     0.10000E-07
         ELECTRONIC ENERGY TOLERANCE IN SCFs:     0.10000E-07
         TOTAL ENERGY TOLERANCE IN SCFs:     0.10000E-07
         SCHEME OF ITERATION: GLOBAL ITERATIONS
         SCF MAX. SUBITERATIONS - NONELECTRONS :     1
         SCF MAX. SUBITERATIONS - ELECTRONS :     1
         SCF MAX. ITERATIONS - INTERSPECIES :   200
         INTEGRAL STORAGE: DISK
         STACK SIZE FOR ERIS : 30000
         METHOD OF SCF CONVERGENCE: DAMPING
 
  MOLECULAR SYSTEM: F-
 -----------------
 
    DESCRIPTION   : F-
    CHARGE        :   2
    PUNTUAL GROUP : NONE
 
 
  INFORMATION OF PARTICLES :
 =========================
         Total number of particles   =      12
         Number of quantum particles =      11
         Number of puntual charges   =       1
         Number of quantum species   =       3
 
                 INFORMATION OF QUANTUM SPECIES 
    ----------------------------------------------------------------------
         ID      Symbol            mass     charge      omega     spin     multiplicity
    ----------------------------------------------------------------------
         1        E-ALPHA         1.0000     -1.00      0.00      0.50      1.00
         2         E-BETA         1.0000     -1.00      0.00      0.50      1.00
         3             E+         1.0000      1.00      0.00      0.50      1.00
 
                   CONSTANTS OF COUPLING 
      ------------------------------------------------------------
              Symbol      kappa        eta     lambda occupation
      ------------------------------------------------------------
             E-ALPHA      -1.00       1.00       1.00       5.00
              E-BETA      -1.00       1.00       1.00       5.00
                  E+      -1.00       1.00       1.00       1.00
 
                   BASIS SET FOR SPECIES 
      ------------------------------------------------------------
           Symbol          N. Basis     N. Particles     Basis Set
      ------------------------------------------------------------
            E-ALPHA           14                5     AUG-CC-PVT
             E-BETA           14                5     AUG-CC-PVT
                 E+           15                1         PSX-TZ
 
                                ATOMIC BASIS
         ------------------------------------------------------------
          PRIMITIVE   SHELL             EXPONENT         COEFFICIENT 
         ------------------------------------------------------------
 
    BEGIN DESCRIPTION OF BASIS FOR: E-ALP
    ==============================
 
 
             F BASIS SET:    AUG-CC-PVTZ
             1         S            19500.00000000          0.00050700
             2         S             2923.00000000          0.00392300
             3         S              664.50000000          0.02020000
             4         S              187.50000000          0.07901000
             5         S               60.62000000          0.23043900
             6         S               21.42000000          0.43287200
             7         S                7.95000000          0.34996400
             8         S                0.88150000         -0.00789200
             1         S            19500.00000000         -0.00011700
             2         S             2923.00000000         -0.00091200
             3         S              664.50000000         -0.00471700
             4         S              187.50000000         -0.01908600
             5         S               60.62000000         -0.05965500
             6         S               21.42000000         -0.14001000
             7         S                7.95000000         -0.17678200
             8         S                0.88150000          0.60504300
             1         S                2.25700000          1.00000000
             1         S                0.30410000          1.00000000
             1         S                0.09158000          1.00000000
             1         P               43.88000000          0.01666500
             2         P                9.92600000          0.10447200
             3         P                2.93000000          0.31726000
             1         P                0.91320000          1.00000000
             1         P                0.26720000          1.00000000
             1         P                0.07361000          1.00000000
             1         D                3.10700000          1.00000000
             1         D                0.85500000          1.00000000
             1         D                0.29200000          1.00000000
             1         F                1.91700000          1.00000000
             1         F                0.72400000          1.00000000
    ... END DESCRIPTION OF BASIS
 
 
    BEGIN DESCRIPTION OF BASIS FOR:    E+
    ==============================
 
 
            E+ BASIS SET:         PSX-TZ
             1         S                0.01706472          1.00000000
             1         S                0.04342701          1.00000000
             1         S                0.11051484          1.00000000
             1         S                0.28124275          1.00000000
             1         S                0.71571820          1.00000000
             1         S                1.82138931          1.00000000
             1         P                0.04963129          1.00000000
             1         P                0.12420747          1.00000000
             1         P                0.31084209          1.00000000
             1         P                0.77791460          1.00000000
             1         D                0.09506481          1.00000000
             1         D                0.23367773          1.00000000
             1         D                0.57440058          1.00000000
             1         F                0.15956751          1.00000000
             1         F                0.42730646          1.00000000
    ... END DESCRIPTION OF BASIS
 
 
  END INFORMATION OF PARTICLES
 
 
  INFORMATION OF THE QUANTUM SYSTEM 
     ---------------------------------------------------------------------
                 ID     Occupied Orbitals     Basis size
     ---------------------------------------------------------------------
            E-ALPHA            5               55
             E-BETA            5               55
                 E+            1               56
 
  END INFORMATION OF QUANTUM SYSTEM
 
                       INITIAL GEOMETRY: AMSTRONG
                 -----------------------------------
                       <x>                 <y>                 <z>
  E-ALPHAF       -0.6450000000        0.0000000000        0.0000000000
        E+       -0.6450000000        0.0000000000        0.0000000000
         F       -0.6450000000        0.0000000000        0.0000000000
 
                     MATRIX OF DISTANCE: ANGSTROM
                 -----------------------------------
                          F(1)      
 
        F(1)             0.000000
 
--------------------------------------------------------------------------------
** PROGRAM: SCF (Hartree Fock).     Author: S.A. Gonzalez, E. Posada, F. Moncada
--------------------------------------------------------------------------------
INFO: RUNNING IN UHF MODE.
 
----------------------------------------------------------------------
** PROGRAM INTS                          Author: E. F. Posada, 2013   
----------------------------------------------------------------------
INFO: RUNNING IN ONE_PARTICLE MODE.
 
 Number of Overlap integrals for species E-ALPHA:   3025
 Number of Overlap integrals for species E-BETA:   3025
 Number of Overlap integrals for species POSITRON:   3136
 Number of Kinetic integrals for species E-ALPHA:   3025
 Number of Kinetic integrals for species E-BETA:   3025
 Number of Kinetic integrals for species POSITRON:   3136
 Number of Nuclear integrals for species E-ALPHA:   3025
 Number of Nuclear integrals for species E-BETA:   3025
 Number of Nuclear integrals for species POSITRON:   3136
 Number of Moment integrals for species E-ALPHA:   9075
 Number of Moment integrals for species E-BETA:   9075
 Number of Moment integrals for species POSITRON:   9408
 
** TOTAL CPU Time INTS :      0.325 (s)
** TOTAL Elapsed Time INTS :      0.082 (s)
 
       Usign  HCORE density guess for species:    E-ALPHA
     number of    E-ALPHA     particles in guess density matrix:     5.000000
       Usign  HCORE density guess for species:     E-BETA
     number of     E-BETA     particles in guess density matrix:     5.000000
       Usign  HCORE density guess for species:   POSITRON
     number of   POSITRON     particles in guess density matrix:     1.000000
 Number of unique integrals for species: 1 = 157588
 Number of unique integrals for species: 3 = 170214
 Number of unique integrals for species: 1 / 2 = 313636 Screened: 0
 Number of unique integrals for species: 1 / 3 = 325956 Screened: 0
 
 TWO-BODY INTEGRAL SETUP: 
------------------------- 
 Storage:   DISK
 Scheme: LIBINT
 Stack size:  30000
 
 LIBINT library, Fermann, J. T.; Valeev, F. L. 2010                   
 LOWDIN-LIBINT Implementation V. 2.1  Posada E. F. ; Reyes A. 2016   
 ----------------------------------------------------------------------

*** TOTAL CPU time intra-species integrals :      0.444 (s)
*** TOTAL elapsed time intra-species integrals :      0.072 (s)


*** TOTAL CPU time inter-species integrals :      0.718 (s)
*** TOTAL elapsed time inter-species integrals :      0.155 (s)

INFO: RUNNING SCHEME SIMULTANEOUS
 
 Begin Multi-Species SCF calculation:
 
 --------------------------------------------------------------------------------------------------
      Iteration                   Energy            Energy Change           Density Change
 --------------------------------------------------------------------------------------------------
              1         -84.378916923503          84.378916923503           8.726005758212
              2         -81.856355864632          -2.522561058872           0.256148903582
              3         -93.479106578408          11.622750713777           0.077114271385
              4         -99.532909289625           6.053802711217           0.021327364250
              5         -99.579691526646           0.046782237021           0.005504857995
              6         -99.629186532524           0.049495005878           0.002302000072
              7         -99.631757482524           0.002570950000           0.000561879546
              8         -99.634385704586           0.002628222062           0.000578809019
              9         -99.634813942167           0.000428237581           0.000355659203
             10         -99.634910766578           0.000096824411           0.000731633989
             11         -99.635027838830           0.000117072252           0.000108421163
             12         -99.635031257615           0.000003418786           0.000033062766
             13         -99.635031590642           0.000000333027           0.000013847291
             14         -99.635031816176           0.000000225533           0.000008889128
             15         -99.635031843250           0.000000027074           0.000004528799
             16         -99.635031858685           0.000000015435           0.000001738538
             17         -99.635031859848           0.000000001163           0.000000445384
 Total energy converged after  17 global iterations                                                  
 
 ...end Multi-Species SCF calculation
 
 
 Begin SCF calculation by: E-ALPHA
 -------------------------
 
 -----------------------------------------------------------------------------------
 Iteration                   Energy           Density Change         DIIS Error 
 -----------------------------------------------------------------------------------
    1         -44.927978140004           0.111585189376                 -- 
    2         -47.981249541722           0.027796757076                 -- 
    3         -36.001934245253           0.004692780639                 -- 
    4         -38.223596724610           0.001323865228                 -- 
    5         -37.698720210800           0.001095571910                 -- 
    6         -37.204954882556           0.000252054942                 -- 
    7         -37.289873413526           0.000262604156                 -- 
    8         -37.422737714205           0.000137607941                 -- 
    9         -37.358895682461           0.000046221187                 -- 
   10         -37.405186075486           0.000032331339                 -- 
   11         -37.397204537214           0.000010177355                 -- 
   12         -37.401430273274           0.000002621245                 -- 
   13         -37.400887568308           0.000003040803                 -- 
   14         -37.399843780854           0.000000710663                 -- 
   15         -37.400230217178           0.000000581102                 -- 
   16         -37.400360507058           0.000000178368                 -- 
 
 ... end SCF calculation
 
 Begin SCF calculation by: E-BETA
 -------------------------
 
 -----------------------------------------------------------------------------------
 Iteration                   Energy           Density Change         DIIS Error 
 -----------------------------------------------------------------------------------
    1         -44.927978140004           0.111585189376                 -- 
    2         -47.981249541723           0.027796757076                 -- 
    3         -36.001934245253           0.004692780639                 -- 
    4         -38.223596724610           0.001323865228                 -- 
    5         -37.698720210800           0.001095571910                 -- 
    6         -37.204954882555           0.000252054942                 -- 
    7         -37.289873413522           0.000262604156                 -- 
    8         -37.422737714190           0.000137607941                 -- 
    9         -37.358895682411           0.000046221188                 -- 
   10         -37.405186075411           0.000032331339                 -- 
   11         -37.397204537162           0.000010177355                 -- 
   12         -37.401430273365           0.000002621246                 -- 
   13         -37.400887568585           0.000003040803                 -- 
   14         -37.399843780668           0.000000710666                 -- 
   15         -37.400230216424           0.000000581101                 -- 
   16         -37.400360502624           0.000000178333                 -- 
 
 ... end SCF calculation
 
 Begin SCF calculation by: POSITRON
 -------------------------
 
 -----------------------------------------------------------------------------------
 Iteration                   Energy           Density Change         DIIS Error 
 -----------------------------------------------------------------------------------
    1           0.673013262569           0.032978524831                 -- 
    2          -0.035393067794           0.021520757233                 -- 
    3          -0.196081777438           0.011941802973                 -- 
    4          -0.173501433321           0.002857127540                 -- 
    5          -0.181244395750           0.000110856252                 -- 
    6          -0.186584911261           0.000057769662                 -- 
    7          -0.185573177370           0.000053600707                 -- 
    8          -0.184554147972           0.000080443321                 -- 
    9          -0.185312071727           0.000639191614                 -- 
   10          -0.185103717569           0.000043758485                 -- 
   11          -0.185239367226           0.000012708057                 -- 
   12          -0.185215288291           0.000008604799                 -- 
   13          -0.185228973820           0.000002807522                 -- 
   14          -0.185244353217           0.000003107470                 -- 
   15          -0.185241650598           0.000000576335                 -- 
   16          -0.185241395469           0.000000088682                 -- 
 
 ... end SCF calculation
 
  EIGENVALUES AND EIGENVECTORS: 
 ==============================
 
 
  Eigenvalues for: E-ALPHA
 -----------------
 
    1         -26.085908090831
    2          -1.343886340832
    3          -0.449638193656
    4          -0.449638193656
    5          -0.449638193656
    6           0.195500223866
    7           0.221249966480
    8           0.221249966480
    9           0.221249966480
   10           0.901746971452
   11           0.967188926323
   12           0.967188926323
   13           0.967188926323
   14           0.967188926323
   15           0.967188926323
   16           1.042364481828
   17           1.042364481828
   18           1.042364481828
   19           2.890958983693
   20           2.890958983693
   21           2.890958983693
   22           2.966726453884
   23           3.015705673029
   24           3.015705673029
   25           3.015705673029
   26           3.015705673029
   27           3.015705673029
   28           3.060461924221
   29           3.060461924221
   30           3.060461924221
   31           3.060461924221
   32           3.060461924221
   33           3.060461924221
   34           3.060461924221
   35           5.102092025376
   36           7.547795486271
   37           7.547795486271
   38           7.547795486271
   39           9.001792732707
   40           9.001792732707
   41           9.001792732707
   42           9.001792732707
   43           9.001792732707
   44           9.001792732707
   45           9.001792732707
   46           9.483004082265
   47           9.483004082265
   48           9.483004082265
   49           9.483004082265
   50           9.483004082265
   51          14.677792337873
   52          17.791833181340
   53          17.791833181361
   54          17.791833181377
   55          23.593828602396
 
 
  Eigenvalues for: E-BETA
 -----------------
 
    1         -26.085908081177
    2          -1.343886338190
    3          -0.449638191239
    4          -0.449638191239
    5          -0.449638191239
    6           0.195500223726
    7           0.221249966489
    8           0.221249966489
    9           0.221249966489
   10           0.901746971692
   11           0.967188926198
   12           0.967188926198
   13           0.967188926198
   14           0.967188926198
   15           0.967188926198
   16           1.042364482297
   17           1.042364482297
   18           1.042364482297
   19           2.890958985141
   20           2.890958985142
   21           2.890958985142
   22           2.966726455334
   23           3.015705674362
   24           3.015705674362
   25           3.015705674362
   26           3.015705674362
   27           3.015705674362
   28           3.060461924388
   29           3.060461924388
   30           3.060461924388
   31           3.060461924388
   32           3.060461924388
   33           3.060461924388
   34           3.060461924388
   35           5.102092025791
   36           7.547795490449
   37           7.547795490449
   38           7.547795490449
   39           9.001792735297
   40           9.001792735297
   41           9.001792735297
   42           9.001792735298
   43           9.001792735298
   44           9.001792735298
   45           9.001792735298
   46           9.483004086613
   47           9.483004086613
   48           9.483004086613
   49           9.483004086613
   50           9.483004086613
   51          14.677792340487
   52          17.791833183745
   53          17.791833183766
   54          17.791833183782
   55          23.593828608491
 
 
  Eigenvalues for: POSITRON
 -----------------
 
    1          -0.185241395469
    2          -0.102293721369
    3          -0.102293721369
    4          -0.102293721369
    5          -0.066340253189
    6           0.048050333124
    7           0.067165350768
    8           0.067165350768
    9           0.067165350768
   10           0.067165350768
   11           0.067165350768
   12           0.109004292861
   13           0.109004292861
   14           0.109004292861
   15           0.292829883139
   16           0.413451185941
   17           0.413451185941
   18           0.413451185941
   19           0.413451185941
   20           0.413451185941
   21           0.413451185941
   22           0.413451185941
   23           0.611241136326
   24           0.611241136327
   25           0.611241136327
   26           0.663424015285
   27           0.663424015285
   28           0.663424015285
   29           0.663424015285
   30           0.663424015285
   31           0.740820847035
   32           1.519703357071
   33           1.597077166160
   34           1.597077166165
   35           1.597077166165
   36           1.917963996609
   37           1.917963996609
   38           1.917963996609
   39           1.917963996609
   40           1.917963996609
   41           1.917963996609
   42           1.917963996609
   43           2.667716443848
   44           2.667716443848
   45           2.667716443848
   46           2.667716443848
   47           2.667716443848
   48           2.900082670727
   49           3.245705410690
   50           3.245705410692
   51           3.245705410694
   52           5.667970270741
   53           7.623528749303
   54           7.623528749303
   55           7.623528749313
   56          18.782393542370
 
  end of eigenvalues 
 
  Occupied Eigenvectors for: E-ALPHA
 --------------------------- 
 
                         -26.0859        -1.3439        -0.4496        -0.4496        -0.4496   
 
    1      F     S       0.971067      -0.009462      -0.000000      -0.000000       0.000000
    2      F     S      -0.010643       0.550615      -0.000000      -0.000000       0.000000
    3      F     S       0.049012       0.157875      -0.000000      -0.000000       0.000000
    4      F     S      -0.016220       0.398506       0.000000       0.000000      -0.000000
    5      F     S      -0.001165       0.032022       0.000000       0.000000      -0.000000
    6      F    Px       0.000000      -0.000000       0.180572       0.092434      -0.308397
    7      F    Py       0.000000       0.000000       0.321939      -0.054977       0.172023
    8      F    Pz      -0.000000      -0.000000       0.002855       0.353118       0.107510
    9      F    Px      -0.000000       0.000000       0.201607       0.103202      -0.344323
   10      F    Py      -0.000000      -0.000000       0.359443      -0.061381       0.192062
   11      F    Pz       0.000000       0.000000       0.003188       0.394254       0.120034
   12      F    Px      -0.000000       0.000000       0.177098       0.090656      -0.302464
   13      F    Py       0.000000      -0.000000       0.315745      -0.053919       0.168713
   14      F    Pz       0.000000       0.000000       0.002801       0.346325       0.105441
   15      F    Px       0.000000      -0.000000       0.047912       0.024526      -0.081828
   16      F    Py      -0.000000      -0.000000       0.085421      -0.014587       0.045643
   17      F    Pz      -0.000000      -0.000000       0.000758       0.093694       0.028526
   18      F   Dxx       0.002827       0.001503       0.000000       0.000000      -0.000000
   19      F   Dxy       0.000000      -0.000000       0.000000      -0.000000       0.000000
   20      F   Dxz      -0.000000      -0.000000      -0.000000       0.000000       0.000000
   21      F   Dyy       0.002827       0.001503       0.000000       0.000000      -0.000000
   22      F   Dyz      -0.000000       0.000000       0.000000       0.000000       0.000000
   23      F   Dzz       0.002827       0.001503       0.000000       0.000000      -0.000000
   24      F   Dxx       0.007978      -0.002024      -0.000000      -0.000000       0.000000
   25      F   Dxy      -0.000000       0.000000      -0.000000       0.000000      -0.000000
   26      F   Dxz       0.000000       0.000000      -0.000000      -0.000000      -0.000000
   27      F   Dyy       0.007978      -0.002024      -0.000000      -0.000000       0.000000
   28      F   Dyz       0.000000       0.000000       0.000000       0.000000      -0.000000
   29      F   Dzz       0.007978      -0.002024      -0.000000      -0.000000       0.000000
   30      F   Dxx       0.002730      -0.001273      -0.000000      -0.000000       0.000000
   31      F   Dxy       0.000000       0.000000       0.000000      -0.000000      -0.000000
   32      F   Dxz      -0.000000      -0.000000      -0.000000      -0.000000       0.000000
   33      F   Dyy       0.002730      -0.001273      -0.000000      -0.000000       0.000000
   34      F   Dyz      -0.000000      -0.000000       0.000000       0.000000      -0.000000
   35      F   Dzz       0.002730      -0.001273      -0.000000      -0.000000       0.000000
   36      F  Fxxx       0.000000      -0.000000       0.006974       0.003570      -0.011912
   37      F  Fxxy       0.000000       0.000000       0.005561      -0.000950       0.002971
   38      F  Fxxz      -0.000000      -0.000000       0.000049       0.006100       0.001857
   39      F  Fxyy       0.000000      -0.000000       0.003119       0.001597      -0.005327
   40      F  Fxyz      -0.000000      -0.000000       0.000000      -0.000000       0.000000
   41      F  Fxzz       0.000000      -0.000000       0.003119       0.001597      -0.005327
   42      F  Fyyy       0.000000       0.000000       0.012435      -0.002123       0.006644
   43      F  Fyyz      -0.000000      -0.000000       0.000049       0.006100       0.001857
   44      F  Fyzz       0.000000       0.000000       0.005561      -0.000950       0.002971
   45      F  Fzzz      -0.000000      -0.000000       0.000110       0.013639       0.004152
   46      F  Fxxx       0.000000      -0.000000       0.006320       0.003235      -0.010794
   47      F  Fxxy      -0.000000       0.000000       0.005039      -0.000860       0.002692
   48      F  Fxxz      -0.000000      -0.000000       0.000045       0.005527       0.001683
   49      F  Fxyy       0.000000      -0.000000       0.002826       0.001447      -0.004827
   50      F  Fxyz       0.000000       0.000000      -0.000000       0.000000      -0.000000
   51      F  Fxzz       0.000000      -0.000000       0.002826       0.001447      -0.004827
   52      F  Fyyy       0.000000       0.000000       0.011268      -0.001924       0.006021
   53      F  Fyyz      -0.000000      -0.000000       0.000045       0.005527       0.001683
   54      F  Fyzz      -0.000000       0.000000       0.005039      -0.000860       0.002692
   55      F  Fzzz      -0.000000      -0.000000       0.000100       0.012359       0.003763
 
 
  Occupied Eigenvectors for: E-BETA
 --------------------------- 
 
                         -26.0859        -1.3439        -0.4496        -0.4496        -0.4496   
 
    1      F     S       0.971067       0.009462       0.000000      -0.000000       0.000000
    2      F     S      -0.010643      -0.550615      -0.000000      -0.000000       0.000000
    3      F     S       0.049012      -0.157875      -0.000000      -0.000000       0.000000
    4      F     S      -0.016220      -0.398506      -0.000000       0.000000      -0.000000
    5      F     S      -0.001165      -0.032022      -0.000000       0.000000      -0.000000
    6      F    Px       0.000000       0.000000      -0.018594       0.266961      -0.254254
    7      F    Py       0.000000      -0.000000      -0.006946       0.254278       0.267495
    8      F    Pz      -0.000000       0.000000      -0.368599      -0.018259       0.007785
    9      F    Px      -0.000000      -0.000000      -0.020760       0.298060      -0.283873
   10      F    Py      -0.000000       0.000000      -0.007755       0.283900       0.298656
   11      F    Pz       0.000000      -0.000000      -0.411538      -0.020386       0.008692
   12      F    Px      -0.000000      -0.000000      -0.018236       0.261825      -0.249362
   13      F    Py       0.000000       0.000000      -0.006813       0.249386       0.262348
   14      F    Pz       0.000000      -0.000000      -0.361507      -0.017908       0.007635
   15      F    Px       0.000000       0.000000      -0.004934       0.070834      -0.067462
   16      F    Py      -0.000000       0.000000      -0.001843       0.067468       0.070975
   17      F    Pz       0.000000       0.000000      -0.097801      -0.004845       0.002066
   18      F   Dxx       0.002827      -0.001503       0.000000       0.000000      -0.000000
   19      F   Dxy       0.000000      -0.000000      -0.000000       0.000000       0.000000
   20      F   Dxz      -0.000000       0.000000      -0.000000       0.000000       0.000000
   21      F   Dyy       0.002827      -0.001503       0.000000       0.000000      -0.000000
   22      F   Dyz      -0.000000      -0.000000      -0.000000       0.000000       0.000000
   23      F   Dzz       0.002827      -0.001503       0.000000       0.000000      -0.000000
   24      F   Dxx       0.007978       0.002024       0.000000      -0.000000       0.000000
   25      F   Dxy      -0.000000      -0.000000      -0.000000      -0.000000      -0.000000
   26      F   Dxz       0.000000      -0.000000       0.000000      -0.000000      -0.000000
   27      F   Dyy       0.007978       0.002024       0.000000      -0.000000       0.000000
   28      F   Dyz       0.000000      -0.000000      -0.000000      -0.000000      -0.000000
   29      F   Dzz       0.007978       0.002024       0.000000      -0.000000       0.000000
   30      F   Dxx       0.002730       0.001273       0.000000      -0.000000       0.000000
   31      F   Dxy       0.000000      -0.000000      -0.000000       0.000000       0.000000
   32      F   Dxz      -0.000000       0.000000      -0.000000       0.000000       0.000000
   33      F   Dyy       0.002730       0.001273       0.000000      -0.000000       0.000000
   34      F   Dyz      -0.000000       0.000000      -0.000000       0.000000      -0.000000
   35      F   Dzz       0.002730       0.001273       0.000000      -0.000000       0.000000
   36      F  Fxxx       0.000000       0.000000      -0.000718       0.010311      -0.009820
   37      F  Fxxy       0.000000      -0.000000      -0.000120       0.004392       0.004621
   38      F  Fxxz      -0.000000       0.000000      -0.006367      -0.000315       0.000134
   39      F  Fxyy       0.000000       0.000000      -0.000321       0.004611      -0.004392
   40      F  Fxyz      -0.000000      -0.000000       0.000000      -0.000000       0.000000
   41      F  Fxzz       0.000000       0.000000      -0.000321       0.004611      -0.004392
   42      F  Fyyy       0.000000      -0.000000      -0.000268       0.009821       0.010332
   43      F  Fyyz      -0.000000       0.000000      -0.006367      -0.000315       0.000134
   44      F  Fyzz       0.000000      -0.000000      -0.000120       0.004392       0.004621
   45      F  Fzzz      -0.000000       0.000000      -0.014237      -0.000705       0.000301
   46      F  Fxxx       0.000000       0.000000      -0.000651       0.009343      -0.008899
   47      F  Fxxy      -0.000000      -0.000000      -0.000109       0.003980       0.004187
   48      F  Fxxz      -0.000000       0.000000      -0.005769      -0.000286       0.000122
   49      F  Fxyy       0.000000       0.000000      -0.000291       0.004178      -0.003980
   50      F  Fxyz       0.000000       0.000000       0.000000       0.000000      -0.000000
   51      F  Fxzz       0.000000       0.000000      -0.000291       0.004178      -0.003980
   52      F  Fyyy       0.000000      -0.000000      -0.000243       0.008899       0.009362
   53      F  Fyyz      -0.000000       0.000000      -0.005769      -0.000286       0.000122
   54      F  Fyzz      -0.000000      -0.000000      -0.000109       0.003980       0.004187
   55      F  Fzzz      -0.000000       0.000000      -0.012901      -0.000639       0.000272
 
 
  Occupied Eigenvectors for: POSITRON
 --------------------------- 
 
                          -0.1852   
 
    1     E+     S      -0.194537
    2     E+     S      -0.761552
    3     E+     S      -0.337718
    4     E+     S       0.088860
    5     E+     S       0.108361
    6     E+     S       0.013721
    7     E+    Px       0.000000
    8     E+    Py       0.000000
    9     E+    Pz       0.000000
   10     E+    Px       0.000000
   11     E+    Py       0.000000
   12     E+    Pz       0.000000
   13     E+    Px       0.000000
   14     E+    Py      -0.000000
   15     E+    Pz       0.000000
   16     E+    Px      -0.000000
   17     E+    Py      -0.000000
   18     E+    Pz      -0.000000
   19     E+   Dxx       0.025162
   20     E+   Dxy       0.000000
   21     E+   Dxz      -0.000000
   22     E+   Dyy       0.025162
   23     E+   Dyz       0.000000
   24     E+   Dzz       0.025162
   25     E+   Dxx       0.036126
   26     E+   Dxy      -0.000000
   27     E+   Dxz       0.000000
   28     E+   Dyy       0.036126
   29     E+   Dyz      -0.000000
   30     E+   Dzz       0.036126
   31     E+   Dxx       0.016277
   32     E+   Dxy       0.000000
   33     E+   Dxz      -0.000000
   34     E+   Dyy       0.016277
   35     E+   Dyz       0.000000
   36     E+   Dzz       0.016277
   37     E+  Fxxx      -0.000000
   38     E+  Fxxy      -0.000000
   39     E+  Fxxz      -0.000000
   40     E+  Fxyy      -0.000000
   41     E+  Fxyz       0.000000
   42     E+  Fxzz      -0.000000
   43     E+  Fyyy      -0.000000
   44     E+  Fyyz      -0.000000
   45     E+  Fyzz      -0.000000
   46     E+  Fzzz      -0.000000
   47     E+  Fxxx      -0.000000
   48     E+  Fxxy      -0.000000
   49     E+  Fxxz      -0.000000
   50     E+  Fxyy      -0.000000
   51     E+  Fxyz      -0.000000
   52     E+  Fxzz      -0.000000
   53     E+  Fyyy      -0.000000
   54     E+  Fyyz      -0.000000
   55     E+  Fyzz      -0.000000
   56     E+  Fzzz      -0.000000
 
 
  end of eigenvectors 
 
  END OF EIGENVALUES AND EIGENVECTORS
 
 
  COMPONENTS OF KINETIC ENERGY: 
 -----------------------------
 
             E-ALPHA Kinetic energy =           49.775080541512
              E-BETA Kinetic energy =           49.775080520277
            POSITRON Kinetic energy =            0.070002680660
                                     _________________________
               Total kinetic energy =           99.620163742449
 
  COMPONENTS OF POTENTIAL ENERGY: 
 -------------------------------
 
          Fixed potential energy    =            0.000000000000
 
  Quantum/Fixed interaction energy: 
 ----------------------------------
 
     E-ALPHA/Fixed interact. energy =         -121.899515643761
      E-BETA/Fixed interact. energy =         -121.899515603502
    POSITRON/Fixed interact. energy =            2.651372162850
                                     _________________________
               Total Q/Fixed energy =         -241.147659084413
 
  Coulomb energy: 
 ------------------
 
     E-ALPHA/E-ALPHA Hartree energy =           13.777919312300
       E-BETA/E-BETA Hartree energy =           13.777919301324
   POSITRON/POSITRON Hartree energy =            0.000000000000
      E-ALPHA/E-BETA Hartree energy =           27.555838613624
    E-ALPHA/POSITRON Hartree energy =           -1.453308575739
     E-BETA/POSITRON Hartree energy =           -1.453308575644
                                     _________________________
               Total Hartree energy =           52.205060075864
 
  Exchange(HF) energy: 
 ----------------------
 
            E-ALPHA Exchange energy =           -5.156298298451
             E-BETA Exchange energy =           -5.156298295619
           POSITRON Exchange energy =            0.000000000000
                                     _________________________
              Total Exchange energy =          -10.312596594070
 
  TOTAL ENERGY COMPONENTS: 
 ==========================
 
          TOTAL KINETIC ENERGY      =           99.620163742449
          TOTAL POTENTIAL ENERGY    =         -199.255195602620
                                     _________________________
                       TOTAL ENERGY =          -99.635031860171
 
                 VIRIAL RATIO (V/T) =            2.000149248076
 
 
  END ENERGY COMPONENTS
 
 
** TOTAL CPU Time SCF :      1.418 (s)
** TOTAL Elapsed Time SCF :      0.414 (s)
 
 We are calculating properties for E-ALPHA in the HF/KS ground state
 We are calculating properties for E-BETA in the HF/KS ground state
 We are calculating properties for POSITRON in the HF/KS ground state
 
  POPULATION ANALYSES: 
 ====================
 
 MULLIKEN Population: for E-        
 ---------------------
 
                          total          spin      
 
    1      F     S       1.941307       0.000000
    2      F     S       1.042397       0.000000
    3      F     S       0.261212       0.000000
    4      F     S       0.717467      -0.000000
    5      F     S       0.038489      -0.000000
    6      F    Px       0.520722       0.000000
    7      F    Py       0.520722       0.000000
    8      F    Pz       0.520722       0.000000
    9      F    Px       0.757638       0.000000
   10      F    Py       0.757638       0.000000
   11      F    Pz       0.757638       0.000000
   12      F    Px       0.570926      -0.000000
   13      F    Py       0.570926      -0.000000
   14      F    Pz       0.570926      -0.000000
   15      F    Px       0.084345      -0.000000
   16      F    Py       0.084345      -0.000000
   17      F    Pz       0.084345      -0.000000
   18      F   Dxx       0.002761       0.000000
   19      F   Dxy       0.000000      -0.000000
   20      F   Dxz       0.000000       0.000000
   21      F   Dyy       0.002761       0.000000
   22      F   Dyz      -0.000000       0.000000
   23      F   Dzz       0.002761       0.000000
   24      F   Dxx      -0.002110      -0.000000
   25      F   Dxy       0.000000      -0.000000
   26      F   Dxz      -0.000000      -0.000000
   27      F   Dyy      -0.002110      -0.000000
   28      F   Dyz       0.000000       0.000000
   29      F   Dzz      -0.002110      -0.000000
   30      F   Dxx      -0.000942       0.000000
   31      F   Dxy       0.000000      -0.000000
   32      F   Dxz       0.000000       0.000000
   33      F   Dyy      -0.000942       0.000000
   34      F   Dyz       0.000000      -0.000000
   35      F   Dzz      -0.000942       0.000000
   36      F  Fxxx       0.021738       0.000000
   37      F  Fxxy       0.007246       0.000000
   38      F  Fxxz       0.007246       0.000000
   39      F  Fxyy       0.007246       0.000000
   40      F  Fxyz       0.000000      -0.000000
   41      F  Fxzz       0.007246       0.000000
   42      F  Fyyy       0.021738       0.000000
   43      F  Fyyz       0.007246       0.000000
   44      F  Fyzz       0.007246       0.000000
   45      F  Fzzz       0.021738       0.000000
   46      F  Fxxx       0.018084      -0.000000
   47      F  Fxxy       0.006028      -0.000000
   48      F  Fxxz       0.006028      -0.000000
   49      F  Fxyy       0.006028      -0.000000
   50      F  Fxyz       0.000000      -0.000000
   51      F  Fxzz       0.006028      -0.000000
   52      F  Fyyy       0.018084      -0.000000
   53      F  Fyyz       0.006028      -0.000000
   54      F  Fyzz       0.006028      -0.000000
   55      F  Fzzz       0.018084      -0.000000
 
                           __________     __________
              Total =       10.000000       0.000000
 
  Atomic MULLIKEN Population: for E-        
            F               10.000000       0.000000
 
 ...end of MULLIKEN Population
 
 
 END POPULATION ANALYSES 
 
 
  POPULATION ANALYSES: 
 ====================
 
 LOWDIN Population: for E-        
 ---------------------
 
                          total          spin      
 
    1      F     S       1.574849       0.000000
    2      F     S       0.607703       0.000000
    3      F     S       0.411124       0.000000
    4      F     S       0.306371      -0.000000
    5      F     S       0.082479      -0.000000
    6      F    Px       0.467266       0.000000
    7      F    Py       0.467266       0.000000
    8      F    Pz       0.467266       0.000000
    9      F    Px       0.358865       0.000000
   10      F    Py       0.358865       0.000000
   11      F    Pz       0.358865       0.000000
   12      F    Px       0.319008      -0.000000
   13      F    Py       0.319008      -0.000000
   14      F    Pz       0.319008      -0.000000
   15      F    Px       0.101645      -0.000000
   16      F    Py       0.101645      -0.000000
   17      F    Pz       0.101645      -0.000000
   18      F   Dxx       0.154464       0.000000
   19      F   Dxy       0.000000      -0.000000
   20      F   Dxz       0.000000       0.000000
   21      F   Dyy       0.154464       0.000000
   22      F   Dyz       0.000000      -0.000000
   23      F   Dzz       0.154464       0.000000
   24      F   Dxx       0.153751      -0.000000
   25      F   Dxy       0.000000      -0.000000
   26      F   Dxz       0.000000       0.000000
   27      F   Dyy       0.153751      -0.000000
   28      F   Dyz       0.000000      -0.000000
   29      F   Dzz       0.153751      -0.000000
   30      F   Dxx       0.030943      -0.000000
   31      F   Dxy       0.000000      -0.000000
   32      F   Dxz       0.000000       0.000000
   33      F   Dyy       0.030943      -0.000000
   34      F   Dyz       0.000000      -0.000000
   35      F   Dzz       0.030943      -0.000000
   36      F  Fxxx       0.224635       0.000000
   37      F  Fxxy       0.097957       0.000000
   38      F  Fxxz       0.097957       0.000000
   39      F  Fxyy       0.097957       0.000000
   40      F  Fxyz       0.000000      -0.000000
   41      F  Fxzz       0.097957       0.000000
   42      F  Fyyy       0.224635       0.000000
   43      F  Fyyz       0.097957       0.000000
   44      F  Fyzz       0.097957       0.000000
   45      F  Fzzz       0.224635       0.000000
   46      F  Fxxx       0.178591      -0.000000
   47      F  Fxxy       0.077038      -0.000000
   48      F  Fxxz       0.077038      -0.000000
   49      F  Fxyy       0.077038      -0.000000
   50      F  Fxyz       0.000000      -0.000000
   51      F  Fxzz       0.077038      -0.000000
   52      F  Fyyy       0.178591      -0.000000
   53      F  Fyyz       0.077038      -0.000000
   54      F  Fyzz       0.077038      -0.000000
   55      F  Fzzz       0.178591      -0.000000
 
                           __________     __________
              Total =       10.000000       0.000000
 
  Atomic LOWDIN Population: for E-        
            F               10.000000       0.000000
 
 ...end of LOWDIN Population
 
 
 END POPULATION ANALYSES 
 
 
  POPULATION ANALYSES: 
 ====================
 
 MULLIKEN Population: for POSITRON  
 ---------------------
 
                                    
 
    1     E+     S       0.173134
    2     E+     S       0.755061
    3     E+     S       0.273395
    4     E+     S      -0.042643
    5     E+     S      -0.023000
    6     E+     S      -0.001017
    7     E+    Px      -0.000000
    8     E+    Py      -0.000000
    9     E+    Pz       0.000000
   10     E+    Px      -0.000000
   11     E+    Py      -0.000000
   12     E+    Pz      -0.000000
   13     E+    Px      -0.000000
   14     E+    Py       0.000000
   15     E+    Pz      -0.000000
   16     E+    Px      -0.000000
   17     E+    Py       0.000000
   18     E+    Pz       0.000000
   19     E+   Dxx      -0.017962
   20     E+   Dxy       0.000000
   21     E+   Dxz       0.000000
   22     E+   Dyy      -0.017962
   23     E+   Dyz       0.000000
   24     E+   Dzz      -0.017962
   25     E+   Dxx      -0.021402
   26     E+   Dxy      -0.000000
   27     E+   Dxz      -0.000000
   28     E+   Dyy      -0.021402
   29     E+   Dyz      -0.000000
   30     E+   Dzz      -0.021402
   31     E+   Dxx      -0.005612
   32     E+   Dxy       0.000000
   33     E+   Dxz      -0.000000
   34     E+   Dyy      -0.005612
   35     E+   Dyz       0.000000
   36     E+   Dzz      -0.005612
   37     E+  Fxxx       0.000000
   38     E+  Fxxy       0.000000
   39     E+  Fxxz      -0.000000
   40     E+  Fxyy       0.000000
   41     E+  Fxyz       0.000000
   42     E+  Fxzz       0.000000
   43     E+  Fyyy       0.000000
   44     E+  Fyyz      -0.000000
   45     E+  Fyzz       0.000000
   46     E+  Fzzz       0.000000
   47     E+  Fxxx       0.000000
   48     E+  Fxxy       0.000000
   49     E+  Fxxz       0.000000
   50     E+  Fxyy       0.000000
   51     E+  Fxyz      -0.000000
   52     E+  Fxzz       0.000000
   53     E+  Fyyy       0.000000
   54     E+  Fyyz      -0.000000
   55     E+  Fyzz       0.000000
   56     E+  Fzzz       0.000000
 
                           __________
              Total =        1.000000
 
  Atomic MULLIKEN Population: for POSITRON  
            F                1.000000
 
 ...end of MULLIKEN Population
 
 
 END POPULATION ANALYSES 
 
 
  POPULATION ANALYSES: 
 ====================
 
 LOWDIN Population: for POSITRON  
 ---------------------
 
                                    
 
    1     E+     S       0.213496
    2     E+     S       0.220240
    3     E+     S       0.078384
    4     E+     S       0.014352
    5     E+     S       0.000318
    6     E+     S       0.000073
    7     E+    Px       0.000000
    8     E+    Py       0.000000
    9     E+    Pz       0.000000
   10     E+    Px       0.000000
   11     E+    Py      -0.000000
   12     E+    Pz      -0.000000
   13     E+    Px       0.000000
   14     E+    Py      -0.000000
   15     E+    Pz       0.000000
   16     E+    Px       0.000000
   17     E+    Py       0.000000
   18     E+    Pz      -0.000000
   19     E+   Dxx       0.106475
   20     E+   Dxy       0.000000
   21     E+   Dxz       0.000000
   22     E+   Dyy       0.106475
   23     E+   Dyz       0.000000
   24     E+   Dzz       0.106475
   25     E+   Dxx       0.043769
   26     E+   Dxy       0.000000
   27     E+   Dxz       0.000000
   28     E+   Dyy       0.043769
   29     E+   Dyz      -0.000000
   30     E+   Dzz       0.043769
   31     E+   Dxx       0.007468
   32     E+   Dxy      -0.000000
   33     E+   Dxz       0.000000
   34     E+   Dyy       0.007468
   35     E+   Dyz       0.000000
   36     E+   Dzz       0.007468
   37     E+  Fxxx       0.000000
   38     E+  Fxxy       0.000000
   39     E+  Fxxz      -0.000000
   40     E+  Fxyy       0.000000
   41     E+  Fxyz       0.000000
   42     E+  Fxzz       0.000000
   43     E+  Fyyy       0.000000
   44     E+  Fyyz      -0.000000
   45     E+  Fyzz       0.000000
   46     E+  Fzzz      -0.000000
   47     E+  Fxxx      -0.000000
   48     E+  Fxxy      -0.000000
   49     E+  Fxxz      -0.000000
   50     E+  Fxyy       0.000000
   51     E+  Fxyz      -0.000000
   52     E+  Fxzz      -0.000000
   53     E+  Fyyy      -0.000000
   54     E+  Fyyz      -0.000000
   55     E+  Fyzz      -0.000000
   56     E+  Fzzz      -0.000000
 
                           __________
              Total =        1.000000
 
  Atomic LOWDIN Population: for POSITRON  
            F                1.000000
 
 ...end of LOWDIN Population
 
 
 END POPULATION ANALYSES 
 
 
  EXPECTED POSITIONS OF QUANTUM SPECIES:
 ======================
 
 POSITIONS IN ANGSTROMS
 ------
 
                        <x>      <y>      <z>         
            E-ALPHA  -3.2250   0.0000  -0.0000
             E-BETA  -3.2250   0.0000  -0.0000
           POSITRON  -0.6450   0.0000  -0.0000
 
 END EXPECTED POSITIONS
 
 
  ELECTROSTATIC MOMENTS:
 ======================
 
 
 DIPOLE: (A.U.)
 ------
 
                           <Dx>         <Dy>         <Dz>          |D|
            E-ALPHA   6.09436631  -0.00000000   0.00000000
             E-BETA   6.09436631  -0.00000000   0.00000000
           POSITRON  -1.21887326   0.00000000  -0.00000000
    Point charges:  -10.96985936   0.00000000   0.00000000
                     ____________________________
      Total Dipole:  -0.00000000   0.00000000  -0.00000000   0.00000000
 
 DIPOLE: (DEBYE)
 ------
 
                           <Dx>         <Dy>         <Dz>          |D|
            E-ALPHA  15.49033204  -0.00000000   0.00000000
             E-BETA  15.49033204  -0.00000000   0.00000000
           POSITRON  -3.09806641   0.00000000  -0.00000000
    Point charges:  -27.88259768   0.00000000   0.00000000
                     ____________________________
      Total Dipole:  -0.00000000   0.00000000  -0.00000000   0.00000000
 
 QUADRUPOLE NON-TRACELESS: (DEBYE ANGS)
 ------
 
                           <xx>         <yy>         <zz>         <xy>         <xz>         <yz>
            E-ALPHA  -13.41965901   -3.42839598   -3.42839598   -0.00000000   -0.00000000   -0.00000000
             E-BETA  -13.41965902   -3.42839599   -3.42839599    0.00000000    0.00000000   -0.00000000
           POSITRON   10.79438203    8.79612942    8.79612942   -0.00000000    0.00000000   -0.00000000
    Point charges:    17.98427345    0.00000000    0.00000000    0.00000000    0.00000000    0.00000000
  Total Quadrupole:    1.93933746    1.93933746    1.93933746   -0.00000000    0.00000000   -0.00000000
                     ____________________________
 
 END ELECTROSTATIC MOMENTS
 

  TOTAL CPU Time:      0.250 (s)
 TOTAL Wall Time:      0.458 (s)
  Elapsed Time:   0h  0m  0s 459ms
LOWDIN execution terminated normally at : Tue Feb  4 15:10:22 2025
-rw-rw-r-- 1 pohl pohl 2,1M feb  4 15:10 0E-ALPHA.E-BETA.ints
-rw-rw-r-- 1 pohl pohl 1,4M feb  4 15:10 0E-ALPHA.ints
-rw-rw-r-- 1 pohl pohl 2,1M feb  4 15:10 0E-ALPHA.POSITRON.ints
-rw-rw-r-- 1 pohl pohl 1,4M feb  4 15:10 0POSITRON.ints
-rw-rw-r-- 1 pohl pohl 2,1M feb  4 15:10 1E-ALPHA.E-BETA.ints
-rw-rw-r-- 1 pohl pohl 1,4M feb  4 15:10 1E-ALPHA.ints
-rw-rw-r-- 1 pohl pohl 2,1M feb  4 15:10 1E-ALPHA.POSITRON.ints
-rw-rw-r-- 1 pohl pohl 1,4M feb  4 15:10 1POSITRON.ints
-rw-rw-r-- 1 pohl pohl 2,8M feb  4 15:10 2E-ALPHA.E-BETA.ints
-rw-rw-r-- 1 pohl pohl 1,4M feb  4 15:10 2E-ALPHA.ints
-rw-rw-r-- 1 pohl pohl 2,1M feb  4 15:10 2E-ALPHA.POSITRON.ints
-rw-rw-r-- 1 pohl pohl 1,4M feb  4 15:10 2POSITRON.ints
-rw-rw-r-- 1 pohl pohl 2,1M feb  4 15:10 3E-ALPHA.E-BETA.ints
-rw-rw-r-- 1 pohl pohl 1,4M feb  4 15:10 3E-ALPHA.ints
-rw-rw-r-- 1 pohl pohl 2,1M feb  4 15:10 3E-ALPHA.POSITRON.ints
-rw-rw-r-- 1 pohl pohl 1,4M feb  4 15:10 3POSITRON.ints
-rw-rw-r-- 1 pohl pohl   12 feb  4 15:10 E-ALPHA.E-BETA.nints
-rw-rw-r-- 1 pohl pohl   12 feb  4 15:10 E-ALPHA.POSITRON.nints
-rw-rw-r-- 1 pohl pohl  211 feb  4 15:10 F-
-rw-rw-r-- 1 pohl pohl  902 feb  4 15:10 F-.aux
-rw-rw-r-- 1 pohl pohl  219 feb  4 15:10 F-.lowdin
-rw-rw-r-- 1 pohl pohl  51K feb  4 15:10 F-.out
-rw-rw-r-- 1 pohl pohl  74K feb  4 15:10 F-.vec
-rw-rw-r-- 1 pohl pohl   58 feb  4 15:10 gepol.inp
-rw-rw-r-- 1 pohl pohl  100 feb  4 15:10 gepol.xyzr
-rw-rw-r-- 1 pohl pohl 8,7K feb  4 15:10 lowdin.bas
-rw-rw-r-- 1 pohl pohl  16K feb  4 15:10 lowdin.dat
-rw-rw-r-- 1 pohl pohl 870K feb  4 15:10 lowdin.opints
-rw-rw-r-- 1 pohl pohl  31K feb  4 15:10 lowdin.sys
-rw-rw-r-- 1 pohl pohl 796K feb  4 15:10 lowdin.wfn
