Begin job by input: usual_7.lowdin, for user:   at  jue 06 feb 2025 14:29:55 -05
under operating system Linux helios 5.19.0-46-generic #47-Ubuntu SMP PREEMPT_DYNAMIC Fri Jun 16 13:30:11 UTC 2023 x86_64 x86_64 x86_64 GNU/Linux
Compilation information
  commit: f31d3924f6ee2ce9d77f07edcc1ba27359319d14
  compilation date:  mar 17 sep 2024 16:16:17 -05

BEGIN INPUT INFO:
------------------------------------

GEOMETRY
	e-(C)	AUG-CC-PVTZ 0.0 0.0 0.0 multiplicity=2 addParticles=1 
	e-(C)	AUG-CC-PVTZ 0.0 0.0 1.9 
	C	Dirac 0.0 0.0 0.0
	C	Dirac 0.0 0.0 1.9
END GEOMETRY

TASKS
        method = "UHF"
	mollerPlessetCorrection=2
END TASKS

CONTROL
	units="ANGS"
END CONTROL






... END INPUT INFO


 LOWDIN execution started at : Thu Feb  6 14:29:55 2025
 ---------------------------------------------------------------
 
 ***************************************************************
 *                   LOWDIN 2.0  (May/2013)                    *
 *                                                             *
 *  R. FLORES-MORENO, E. F. POSADA, F. S. MONCADA, J.ROMERO,   *
 *  J. CHARRY, M. DIAZ-TINOCO, S. A. GONZALEZ, N. F. AGUIRRE,  *
 *  A. REYES                                                   *
 *                                                             *
 *  https://sites.google.com/site/lowdinproject/               *
 *                                                             *
 ***************************************************************
 
 PARSING INPUT... DONE!
 
 LOWDIN IS RUNNING WITH NEXT PARAMETERS: 
 ----------------------------------------
 
         METHOD TYPE:  UHF
         NUMBER OF CORES:     4
         MOLLER PLESSET CORRECTION:      2
         NONELECTRONIC DENSITY GUESS: HCORE
         ELECTRONIC DENSITY GUESS: HCORE
         CRITERIUM OF CONVERGENCE: ENERGY
         NONELECTRONIC ENERGY TOLERANCE IN SCFs:     0.10000E-07
         ELECTRONIC ENERGY TOLERANCE IN SCFs:     0.10000E-07
         TOTAL ENERGY TOLERANCE IN SCFs:     0.10000E-07
         SCHEME OF ITERATION: GLOBAL ITERATIONS
         SCF MAX. SUBITERATIONS - NONELECTRONS :     1
         SCF MAX. SUBITERATIONS - ELECTRONS :     1
         SCF MAX. ITERATIONS - INTERSPECIES :   200
         INTEGRAL STORAGE: DISK
         STACK SIZE FOR ERIS : 30000
         METHOD OF SCF CONVERGENCE: DAMPING
 
  MOLECULAR SYSTEM: usual_7
 -----------------
 
    DESCRIPTION   : usual_7
    CHARGE        :   0
    PUNTUAL GROUP : NONE
 
 
  INFORMATION OF PARTICLES :
 =========================
         Total number of particles   =      15
         Number of quantum particles =      13
         Number of puntual charges   =       2
         Number of quantum species   =       2
 
                 INFORMATION OF QUANTUM SPECIES 
    ----------------------------------------------------------------------
         ID      Symbol            mass     charge      omega     spin     multiplicity
    ----------------------------------------------------------------------
         1        E-ALPHA         1.0000     -1.00      0.00      0.50      2.00
         2         E-BETA         1.0000     -1.00      0.00      0.50      2.00
 
                   CONSTANTS OF COUPLING 
      ------------------------------------------------------------
              Symbol      kappa        eta     lambda occupation
      ------------------------------------------------------------
             E-ALPHA      -1.00       1.00       1.00       7.00
              E-BETA      -1.00       1.00       1.00       6.00
 
                   BASIS SET FOR SPECIES 
      ------------------------------------------------------------
           Symbol          N. Basis     N. Particles     Basis Set
      ------------------------------------------------------------
            E-ALPHA           28                7     AUG-CC-PVT
             E-BETA           28                6     AUG-CC-PVT
 
                                ATOMIC BASIS
         ------------------------------------------------------------
          PRIMITIVE   SHELL             EXPONENT         COEFFICIENT 
         ------------------------------------------------------------
 
    BEGIN DESCRIPTION OF BASIS FOR: E-ALP
    ==============================
 
 
             C BASIS SET:    AUG-CC-PVTZ
             1         S             8236.00000000          0.00053100
             2         S             1235.00000000          0.00410800
             3         S              280.80000000          0.02108700
             4         S               79.27000000          0.08185300
             5         S               25.59000000          0.23481700
             6         S                8.99700000          0.43440100
             7         S                3.31900000          0.34612900
             8         S                0.36430000         -0.00898300
             1         S             8236.00000000         -0.00011300
             2         S             1235.00000000         -0.00087800
             3         S              280.80000000         -0.00454000
             4         S               79.27000000         -0.01813300
             5         S               25.59000000         -0.05576000
             6         S                8.99700000         -0.12689500
             7         S                3.31900000         -0.17035200
             8         S                0.36430000          0.59868400
             1         S                0.90590000          1.00000000
             1         S                0.12850000          1.00000000
             1         S                0.04402000          1.00000000
             1         P               18.71000000          0.01403100
             2         P                4.13300000          0.08686600
             3         P                1.20000000          0.29021600
             1         P                0.38270000          1.00000000
             1         P                0.12090000          1.00000000
             1         P                0.03569000          1.00000000
             1         D                1.09700000          1.00000000
             1         D                0.31800000          1.00000000
             1         D                0.10000000          1.00000000
             1         F                0.76100000          1.00000000
             1         F                0.26800000          1.00000000
 
             C BASIS SET:    AUG-CC-PVTZ
             1         S             8236.00000000          0.00053100
             2         S             1235.00000000          0.00410800
             3         S              280.80000000          0.02108700
             4         S               79.27000000          0.08185300
             5         S               25.59000000          0.23481700
             6         S                8.99700000          0.43440100
             7         S                3.31900000          0.34612900
             8         S                0.36430000         -0.00898300
             1         S             8236.00000000         -0.00011300
             2         S             1235.00000000         -0.00087800
             3         S              280.80000000         -0.00454000
             4         S               79.27000000         -0.01813300
             5         S               25.59000000         -0.05576000
             6         S                8.99700000         -0.12689500
             7         S                3.31900000         -0.17035200
             8         S                0.36430000          0.59868400
             1         S                0.90590000          1.00000000
             1         S                0.12850000          1.00000000
             1         S                0.04402000          1.00000000
             1         P               18.71000000          0.01403100
             2         P                4.13300000          0.08686600
             3         P                1.20000000          0.29021600
             1         P                0.38270000          1.00000000
             1         P                0.12090000          1.00000000
             1         P                0.03569000          1.00000000
             1         D                1.09700000          1.00000000
             1         D                0.31800000          1.00000000
             1         D                0.10000000          1.00000000
             1         F                0.76100000          1.00000000
             1         F                0.26800000          1.00000000
    ... END DESCRIPTION OF BASIS
 
 
  END INFORMATION OF PARTICLES
 
 
  INFORMATION OF THE QUANTUM SYSTEM 
     ---------------------------------------------------------------------
                 ID     Occupied Orbitals     Basis size
     ---------------------------------------------------------------------
            E-ALPHA            7              110
             E-BETA            6              110
 
  END INFORMATION OF QUANTUM SYSTEM
 
                       INITIAL GEOMETRY: AMSTRONG
                 -----------------------------------
                       <x>                 <y>                 <z>
  E-ALPHAC        0.0000000000        0.0000000000        0.0000000000
  E-ALPHAC        0.0000000000        0.0000000000        1.9000000000
         C        0.0000000000        0.0000000000        0.0000000000
         C        0.0000000000        0.0000000000        1.9000000000
 
                     MATRIX OF DISTANCE: ANGSTROM
                 -----------------------------------
                          C(1)           C(2)      
 
        C(1)             0.000000       1.900000
        C(2)             1.900000       0.000000
 
--------------------------------------------------------------------------------
** PROGRAM: SCF (Hartree Fock).     Author: S.A. Gonzalez, E. Posada, F. Moncada
--------------------------------------------------------------------------------
INFO: RUNNING IN UHF MODE.
 
----------------------------------------------------------------------
** PROGRAM INTS                          Author: E. F. Posada, 2013   
----------------------------------------------------------------------
INFO: RUNNING IN ONE_PARTICLE MODE.
 
 Number of Overlap integrals for species E-ALPHA:  12100
 Number of Overlap integrals for species E-BETA:  12100
 Number of Kinetic integrals for species E-ALPHA:  12100
 Number of Kinetic integrals for species E-BETA:  12100
 Number of Nuclear integrals for species E-ALPHA:  12100
 Number of Nuclear integrals for species E-BETA:  12100
 Number of Moment integrals for species E-ALPHA:  36300
 Number of Moment integrals for species E-BETA:  36300
 
** TOTAL CPU Time INTS :      0.434 (s)
** TOTAL Elapsed Time INTS :      0.190 (s)
 
 Combination coefficients for E-ALPHA were read from usual_7.vec
     number of    E-ALPHA     particles in guess density matrix:     7.440344
 Warning!, density matrix with deviation from number of particles    7.000000
 Combination coefficients for E-BETA were read from usual_7.vec
     number of     E-BETA     particles in guess density matrix:     6.363192
 Warning!, density matrix with deviation from number of particles    6.000000
 Number of unique integrals for species: 1 = 4512352
 Number of unique integrals for species: 1 / 2 = 9018601 Screened: 0
 
 TWO-BODY INTEGRAL SETUP: 
------------------------- 
 Storage:   DISK
 Scheme: LIBINT
 Stack size:  30000
 
 LIBINT library, Fermann, J. T.; Valeev, F. L. 2010                   
 LOWDIN-LIBINT Implementation V. 2.1  Posada E. F. ; Reyes A. 2016   
 ----------------------------------------------------------------------

*** TOTAL CPU time intra-species integrals :      1.269 (s)
*** TOTAL elapsed time intra-species integrals :      0.283 (s)


*** TOTAL CPU time inter-species integrals :      2.850 (s)
*** TOTAL elapsed time inter-species integrals :      0.684 (s)

INFO: RUNNING SCHEME SIMULTANEOUS
 
 Begin Multi-Species SCF calculation:
 
 --------------------------------------------------------------------------------------------------
      Iteration                   Energy            Energy Change           Density Change
 --------------------------------------------------------------------------------------------------
              1         -75.194677794822          75.194677794822           0.011787319765
              2         -75.140640202161          -0.054037592661           0.004988239958
              3         -75.282567180582           0.141926978421           0.002024800394
              4         -75.329889649139           0.047322468558           0.001419864061
              5         -75.348140107514           0.018250458374           0.001198521748
              6         -75.353403423765           0.005263316251           0.000597520164
              7         -75.354820325573           0.001416901808           0.000327287771
              8         -75.355310612309           0.000490286736           0.000191349054
              9         -75.355502179448           0.000191567140           0.000116552577
             10         -75.355581358993           0.000079179544           0.000073785941
             11         -75.355614957983           0.000033598991           0.000047032671
             12         -75.355629397377           0.000014439394           0.000030427636
             13         -75.355635643351           0.000006245974           0.000019744130
             14         -75.355638355023           0.000002711672           0.000012895442
             15         -75.355639535007           0.000001179984           0.000008441581
             16         -75.355640049357           0.000000514350           0.000005544351
             17         -75.355640273894           0.000000224537           0.000003648064
             18         -75.355640372057           0.000000098163           0.000002405272
             19         -75.355640415038           0.000000042981           0.000001588300
             20         -75.355640433889           0.000000018851           0.000001050528
             21         -75.355640442171           0.000000008282           0.000000696039
 Total energy converged after  21 global iterations                                                  
 
 ...end Multi-Species SCF calculation
 
 
 Begin SCF calculation by: E-ALPHA
 -------------------------
 
 -----------------------------------------------------------------------------------
 Iteration                   Energy           Density Change         DIIS Error 
 -----------------------------------------------------------------------------------
    1         -33.295418050619           0.003009511640                 -- 
    2         -32.735138294346           0.001106802980                 -- 
    3         -32.412014337160           0.000641493963                 -- 
    4         -32.154212163238           0.000869712722                 -- 
    5         -32.017337826009           0.000365681677                 -- 
    6         -32.090472278890           0.000206878447                 -- 
    7         -32.079695048866           0.000114270824                 -- 
    8         -32.093627585405           0.000068064464                 -- 
    9         -32.094725397256           0.000041371914                 -- 
   10         -32.098054363570           0.000025762365                 -- 
   11         -32.099093456004           0.000016302583                 -- 
   12         -32.100062461258           0.000010423257                 -- 
   13         -32.100512522693           0.000006730786                 -- 
   14         -32.100822190586           0.000004370736                 -- 
   15         -32.100985327853           0.000002854690                 -- 
   16         -32.101083595298           0.000001871032                 -- 
   17         -32.101135481530           0.000001230647                 -- 
   18         -32.101163291573           0.000000811438                 -- 
   19         -32.101176342017           0.000000536343                 -- 
   20         -32.101181605792           0.000000355320                 -- 
 
 ... end SCF calculation
 
 Begin SCF calculation by: E-BETA
 -------------------------
 
 -----------------------------------------------------------------------------------
 Iteration                   Energy           Density Change         DIIS Error 
 -----------------------------------------------------------------------------------
    1         -30.372863452526           0.001978728318                 -- 
    2         -29.919359514240           0.000917997414                 -- 
    3         -29.697796723720           0.000778370099                 -- 
    4         -29.487671760805           0.000328809027                 -- 
    5         -29.296424612783           0.000231838486                 -- 
    6         -29.328790510251           0.000120409324                 -- 
    7         -29.298552640578           0.000077078231                 -- 
    8         -29.299393436851           0.000048488113                 -- 
    9         -29.293370925878           0.000032414027                 -- 
   10         -29.292240886740           0.000021270306                 -- 
   11         -29.290715670285           0.000014125053                 -- 
   12         -29.290133009347           0.000009320873                 -- 
   13         -29.289679092836           0.000006164656                 -- 
   14         -29.289456479506           0.000004070846                 -- 
   15         -29.289314606213           0.000002689661                 -- 
   16         -29.289240597215           0.000001777032                 -- 
   17         -29.289198898984           0.000001174625                 -- 
   18         -29.289178411003           0.000000776862                 -- 
   19         -29.289168909558           0.000000514186                 -- 
   20         -29.289165704616           0.000000340719                 -- 
 
 ... end SCF calculation
 
  EIGENVALUES AND EIGENVECTORS: 
 ==============================
 
 
  Eigenvalues for: E-ALPHA
 -----------------
 
    1         -11.151863125216
    2         -11.151459488296
    3          -0.637722374178
    4          -0.456675516572
    5          -0.216662729675
    6          -0.081586879618
    7          -0.081586879618
    8           0.174536391580
    9           0.203038200571
   10           0.219112882215
   11           0.219112882215
   12           0.243543667836
   13           0.243543667836
   14           0.258485630361
   15           0.292470322080
   16           0.292470322080
   17           0.312893268678
   18           0.387892524235
   19           0.479175589912
   20           0.479175589912
   21           0.485643376040
   22           0.516397879044
   23           0.539767171884
   24           0.547273635767
   25           0.547273635767
   26           0.570429591154
   27           0.570429591154
   28           0.583667830305
   29           0.583667830305
   30           0.638746194194
   31           0.638820163703
   32           0.638820163703
   33           0.749193103870
   34           0.749193103870
   35           0.754911881997
   36           0.875146055473
   37           1.179639057520
   38           1.179639057520
   39           1.186500436669
   40           1.209042523674
   41           1.209042523674
   42           1.262976856288
   43           1.262976856288
   44           1.275611894168
   45           1.281548415995
   46           1.281548415995
   47           1.289323418070
   48           1.330870029198
   49           1.330870029198
   50           1.358017797399
   51           1.358017797399
   52           1.359546691030
   53           1.359546691030
   54           1.425681638273
   55           1.425681638273
   56           1.478395154597
   57           1.510047593166
   58           1.510047593166
   59           1.587139495617
   60           1.609426633674
   61           1.609426633674
   62           1.683735162260
   63           1.683735162260
   64           1.711627805383
   65           1.940527002055
   66           2.061584490549
   67           2.061584490549
   68           2.212188214822
   69           2.369699841484
   70           2.925665454268
   71           3.235588912706
   72           3.235588912706
   73           3.236141460842
   74           3.347786807935
   75           3.347786807935
   76           3.578830111005
   77           3.578830111005
   78           3.625479158218
   79           3.633947389895
   80           3.633947389895
   81           3.656819131723
   82           3.656819131723
   83           3.684188208644
   84           3.684188208644
   85           3.703366725823
   86           3.703366725823
   87           3.712629542816
   88           3.712629542816
   89           3.742751676477
   90           3.742751676477
   91           3.753530230896
   92           3.856004668391
   93           3.856004668391
   94           3.998301118317
   95           3.998301118317
   96           4.112338583632
   97           4.112338583632
   98           4.154384839639
   99           4.217210462211
  100           4.908983092495
  101           6.835598944871
  102           6.874850432392
  103           7.396317208609
  104           7.396317208612
  105           7.835529203236
  106           7.835529203238
  107           7.995681545796
  108           8.804047703455
  109           8.818349413286
  110           9.881234022846
 
 
  Eigenvalues for: E-BETA
 -----------------
 
    1         -11.143688112589
    2         -11.143517643821
    3          -0.568657128137
    4          -0.354643203912
    5          -0.071461630326
    6          -0.071461630326
    7           0.175236549821
    8           0.183893136818
    9           0.222565506905
   10           0.222565506905
   11           0.244786898565
   12           0.244786898565
   13           0.253021446750
   14           0.266650902507
   15           0.301367735669
   16           0.301367735669
   17           0.313599745618
   18           0.411764239749
   19           0.477201084926
   20           0.477201084926
   21           0.503224085802
   22           0.554908866431
   23           0.554908866431
   24           0.559793400702
   25           0.570342247044
   26           0.570342247044
   27           0.585950476216
   28           0.585950476216
   29           0.608355633592
   30           0.642283495279
   31           0.642536787804
   32           0.642536787804
   33           0.751027481088
   34           0.751027481088
   35           0.767627281024
   36           0.913842198908
   37           1.211052331752
   38           1.211052331752
   39           1.211143001576
   40           1.222511850275
   41           1.222511850275
   42           1.262200221516
   43           1.262200221516
   44           1.298878322639
   45           1.298878322639
   46           1.310652896546
   47           1.312133423897
   48           1.335079176446
   49           1.335079176446
   50           1.363752041156
   51           1.363752041156
   52           1.365976031919
   53           1.365976031919
   54           1.425141411000
   55           1.425141411000
   56           1.509443386353
   57           1.516744958789
   58           1.516744958789
   59           1.608179718415
   60           1.621900609596
   61           1.621900609596
   62           1.685430827672
   63           1.685430827672
   64           1.727954496275
   65           1.955353470232
   66           2.077993162906
   67           2.077993162906
   68           2.236206824074
   69           2.400487084516
   70           2.927417386417
   71           3.245677264126
   72           3.245677264126
   73           3.281725489180
   74           3.352687900132
   75           3.352687900132
   76           3.601402292143
   77           3.601402292143
   78           3.639184398348
   79           3.639184398348
   80           3.653071679699
   81           3.670846787713
   82           3.670846787713
   83           3.684841786523
   84           3.684841786523
   85           3.707862389226
   86           3.707862389226
   87           3.743199053199
   88           3.743199053199
   89           3.746104197607
   90           3.746104197607
   91           3.777402762129
   92           3.868865453546
   93           3.868865453546
   94           4.025564813890
   95           4.025564813890
   96           4.135946688972
   97           4.135946688972
   98           4.189645394722
   99           4.257265160220
  100           4.940423268715
  101           6.840898661086
  102           6.880127875698
  103           7.398194490858
  104           7.398194490861
  105           7.837122962485
  106           7.837122962488
  107           8.005615942102
  108           8.810670542333
  109           8.825304575925
  110           9.894244350269
 
  end of eigenvalues 
 
  Occupied Eigenvectors for: E-ALPHA
 --------------------------- 
 
                         -11.1519       -11.1515        -0.6377        -0.4567        -0.2167   
 
    1      C     S      -0.688334      -0.691663       0.008245      -0.003644      -0.000683
    2      C     S       0.004793       0.004529      -0.368083       0.385820      -0.080405
    3      C     S      -0.031755      -0.033112      -0.089793       0.104212      -0.032478
    4      C     S       0.009610       0.024140      -0.210954       0.242183      -0.091601
    5      C     S       0.001774       0.012005      -0.016753       0.048486      -0.041747
    6      C    Px      -0.000000       0.000000      -0.000000       0.000000      -0.000000
    7      C    Py       0.000000      -0.000000       0.000000      -0.000000       0.000000
    8      C    Pz      -0.001469      -0.001718      -0.030538      -0.084547       0.234877
    9      C    Px       0.000000      -0.000000       0.000000       0.000000      -0.000000
   10      C    Py      -0.000000       0.000000      -0.000000      -0.000000       0.000000
   11      C    Pz       0.004369       0.005502      -0.030780      -0.110612       0.296933
   12      C    Px       0.000000      -0.000000       0.000000       0.000000      -0.000000
   13      C    Py       0.000000      -0.000000      -0.000000      -0.000000       0.000000
   14      C    Pz       0.001993       0.012072      -0.010052      -0.070533       0.178271
   15      C    Px       0.000000       0.000000      -0.000000       0.000000      -0.000000
   16      C    Py       0.000000      -0.000000       0.000000       0.000000      -0.000000
   17      C    Pz      -0.000115       0.002323      -0.000807       0.000977       0.026003
   18      C   Dxx      -0.001264      -0.001500       0.003705       0.000751      -0.004674
   19      C   Dxy      -0.000000      -0.000000      -0.000000       0.000000      -0.000000
   20      C   Dxz      -0.000000       0.000000       0.000000      -0.000000      -0.000000
   21      C   Dyy      -0.001264      -0.001500       0.003705       0.000751      -0.004674
   22      C   Dyz      -0.000000      -0.000000      -0.000000      -0.000000       0.000000
   23      C   Dzz      -0.001959      -0.002126      -0.012186       0.006532       0.003598
   24      C   Dxx      -0.005010      -0.006789       0.011563      -0.000527      -0.011574
   25      C   Dxy       0.000000       0.000000      -0.000000       0.000000      -0.000000
   26      C   Dxz       0.000000       0.000000       0.000000      -0.000000       0.000000
   27      C   Dyy      -0.005010      -0.006789       0.011563      -0.000527      -0.011574
   28      C   Dyz       0.000000      -0.000000      -0.000000       0.000000      -0.000000
   29      C   Dzz      -0.004987      -0.004841      -0.024550       0.008606       0.007354
   30      C   Dxx      -0.001646      -0.002906       0.002912      -0.006316       0.000731
   31      C   Dxy      -0.000000      -0.000000      -0.000000       0.000000      -0.000000
   32      C   Dxz       0.000000      -0.000000       0.000000       0.000000       0.000000
   33      C   Dyy      -0.001646      -0.002906       0.002912      -0.006316       0.000731
   34      C   Dyz       0.000000      -0.000000      -0.000000       0.000000      -0.000000
   35      C   Dzz      -0.001288       0.000641       0.001123      -0.007211      -0.010803
   36      C  Fxxx      -0.000000       0.000000      -0.000000       0.000000      -0.000000
   37      C  Fxxy       0.000000      -0.000000       0.000000       0.000000       0.000000
   38      C  Fxxz      -0.000821      -0.001152       0.000053      -0.000870       0.002392
   39      C  Fxyy      -0.000000       0.000000      -0.000000       0.000000      -0.000000
   40      C  Fxyz      -0.000000      -0.000000      -0.000000      -0.000000       0.000000
   41      C  Fxzz      -0.000000       0.000000      -0.000000       0.000000      -0.000000
   42      C  Fyyy       0.000000      -0.000000       0.000000       0.000000       0.000000
   43      C  Fyyz      -0.000821      -0.001152       0.000053      -0.000870       0.002392
   44      C  Fyzz       0.000000      -0.000000       0.000000      -0.000000       0.000000
   45      C  Fzzz      -0.002204      -0.002090      -0.010113      -0.005225       0.022095
   46      C  Fxxx      -0.000000       0.000000      -0.000000      -0.000000      -0.000000
   47      C  Fxxy      -0.000000       0.000000       0.000000       0.000000       0.000000
   48      C  Fxxz      -0.000887      -0.001405       0.000217      -0.001733       0.004458
   49      C  Fxyy      -0.000000       0.000000      -0.000000       0.000000      -0.000000
   50      C  Fxyz      -0.000000      -0.000000      -0.000000      -0.000000       0.000000
   51      C  Fxzz       0.000000       0.000000      -0.000000       0.000000      -0.000000
   52      C  Fyyy       0.000000       0.000000       0.000000       0.000000       0.000000
   53      C  Fyyz      -0.000887      -0.001405       0.000217      -0.001733       0.004458
   54      C  Fyzz       0.000000      -0.000000       0.000000       0.000000       0.000000
   55      C  Fzzz      -0.001712      -0.002054      -0.005767      -0.008317       0.022249
   56      C     S      -0.691427       0.688572       0.008245       0.003644      -0.000683
   57      C     S       0.004813      -0.004507      -0.368085      -0.385819      -0.080404
   58      C     S      -0.031903       0.032970      -0.089794      -0.104212      -0.032478
   59      C     S       0.009718      -0.024096      -0.210954      -0.242182      -0.091600
   60      C     S       0.001827      -0.011997      -0.016753      -0.048486      -0.041747
   61      C    Px      -0.000000      -0.000000      -0.000000      -0.000000      -0.000000
   62      C    Py      -0.000000      -0.000000      -0.000000       0.000000       0.000000
   63      C    Pz       0.001476      -0.001712       0.030538      -0.084548      -0.234877
   64      C    Px       0.000000       0.000000       0.000000      -0.000000      -0.000000
   65      C    Py       0.000000       0.000000       0.000000       0.000000       0.000000
   66      C    Pz      -0.004393       0.005482       0.030780      -0.110613      -0.296933
   67      C    Px       0.000000       0.000000      -0.000000      -0.000000      -0.000000
   68      C    Py       0.000000       0.000000       0.000000       0.000000       0.000000
   69      C    Pz      -0.002047       0.012063       0.010051      -0.070533      -0.178271
   70      C    Px      -0.000000       0.000000       0.000000      -0.000000      -0.000000
   71      C    Py      -0.000000      -0.000000      -0.000000      -0.000000       0.000000
   72      C    Pz       0.000105       0.002323       0.000807       0.000976      -0.026003
   73      C   Dxx      -0.001271       0.001494       0.003705      -0.000751      -0.004674
   74      C   Dxy       0.000000      -0.000000       0.000000       0.000000       0.000000
   75      C   Dxz      -0.000000       0.000000      -0.000000      -0.000000      -0.000000
   76      C   Dyy      -0.001271       0.001494       0.003705      -0.000751      -0.004674
   77      C   Dyz       0.000000      -0.000000       0.000000      -0.000000      -0.000000
   78      C   Dzz      -0.001969       0.002117      -0.012186      -0.006532       0.003598
   79      C   Dxx      -0.005040       0.006767       0.011563       0.000527      -0.011574
   80      C   Dxy       0.000000      -0.000000       0.000000       0.000000       0.000000
   81      C   Dxz       0.000000       0.000000      -0.000000      -0.000000      -0.000000
   82      C   Dyy      -0.005040       0.006767       0.011563       0.000527      -0.011574
   83      C   Dyz       0.000000      -0.000000       0.000000       0.000000       0.000000
   84      C   Dzz      -0.005009       0.004819      -0.024550      -0.008606       0.007354
   85      C   Dxx      -0.001659       0.002899       0.002912       0.006316       0.000731
   86      C   Dxy       0.000000      -0.000000       0.000000       0.000000       0.000000
   87      C   Dxz       0.000000      -0.000000       0.000000       0.000000      -0.000000
   88      C   Dyy      -0.001659       0.002899       0.002912       0.006316       0.000731
   89      C   Dyz       0.000000      -0.000000      -0.000000       0.000000      -0.000000
   90      C   Dzz      -0.001285      -0.000647       0.001123       0.007211      -0.010803
   91      C  Fxxx      -0.000000      -0.000000      -0.000000       0.000000      -0.000000
   92      C  Fxxy      -0.000000      -0.000000      -0.000000      -0.000000      -0.000000
   93      C  Fxxz       0.000826      -0.001149      -0.000053      -0.000870      -0.002392
   94      C  Fxyy      -0.000000      -0.000000      -0.000000       0.000000      -0.000000
   95      C  Fxyz       0.000000       0.000000      -0.000000       0.000000       0.000000
   96      C  Fxzz      -0.000000      -0.000000      -0.000000       0.000000      -0.000000
   97      C  Fyyy      -0.000000      -0.000000      -0.000000      -0.000000      -0.000000
   98      C  Fyyz       0.000826      -0.001149      -0.000053      -0.000870      -0.002392
   99      C  Fyzz      -0.000000      -0.000000      -0.000000      -0.000000       0.000000
  100      C  Fzzz       0.002213      -0.002080       0.010113      -0.005225      -0.022095
  101      C  Fxxx      -0.000000      -0.000000      -0.000000       0.000000      -0.000000
  102      C  Fxxy      -0.000000      -0.000000      -0.000000      -0.000000      -0.000000
  103      C  Fxxz       0.000894      -0.001401      -0.000217      -0.001733      -0.004458
  104      C  Fxyy      -0.000000      -0.000000      -0.000000       0.000000       0.000000
  105      C  Fxyz       0.000000       0.000000      -0.000000       0.000000       0.000000
  106      C  Fxzz      -0.000000      -0.000000      -0.000000       0.000000      -0.000000
  107      C  Fyyy      -0.000000      -0.000000      -0.000000      -0.000000      -0.000000
  108      C  Fyyz       0.000894      -0.001401      -0.000217      -0.001733      -0.004458
  109      C  Fyzz      -0.000000      -0.000000      -0.000000      -0.000000      -0.000000
  110      C  Fzzz       0.001721      -0.002047       0.005767      -0.008317      -0.022249
 
                          -0.0816        -0.0816   
 
    1      C     S       0.000000      -0.000000
    2      C     S      -0.000000       0.000000
    3      C     S       0.000000      -0.000000
    4      C     S      -0.000000      -0.000000
    5      C     S       0.000000       0.000000
    6      C    Px       0.197100      -0.006617
    7      C    Py       0.006617       0.197100
    8      C    Pz       0.000000      -0.000000
    9      C    Px       0.250730      -0.008418
   10      C    Py       0.008418       0.250730
   11      C    Pz       0.000000      -0.000000
   12      C    Px       0.222711      -0.007477
   13      C    Py       0.007477       0.222711
   14      C    Pz      -0.000000      -0.000000
   15      C    Px       0.092896      -0.003119
   16      C    Py       0.003119       0.092896
   17      C    Pz       0.000000       0.000000
   18      C   Dxx       0.000000       0.000000
   19      C   Dxy       0.000000       0.000000
   20      C   Dxz       0.004209      -0.000141
   21      C   Dyy       0.000000       0.000000
   22      C   Dyz       0.000141       0.004209
   23      C   Dzz       0.000000       0.000000
   24      C   Dxx       0.000000      -0.000000
   25      C   Dxy      -0.000000       0.000000
   26      C   Dxz       0.016451      -0.000552
   27      C   Dyy       0.000000      -0.000000
   28      C   Dyz       0.000552       0.016451
   29      C   Dzz       0.000000      -0.000000
   30      C   Dxx      -0.000000      -0.000000
   31      C   Dxy      -0.000000       0.000000
   32      C   Dxz       0.002767      -0.000093
   33      C   Dyy      -0.000000      -0.000000
   34      C   Dyz       0.000093       0.002767
   35      C   Dzz      -0.000000      -0.000000
   36      C  Fxxx       0.007049      -0.000237
   37      C  Fxxy       0.000106       0.003152
   38      C  Fxxz       0.000000      -0.000000
   39      C  Fxyy       0.003152      -0.000106
   40      C  Fxyz      -0.000000      -0.000000
   41      C  Fxzz       0.010643      -0.000357
   42      C  Fyyy       0.000237       0.007049
   43      C  Fyyz       0.000000       0.000000
   44      C  Fyzz       0.000357       0.010643
   45      C  Fzzz       0.000000      -0.000000
   46      C  Fxxx       0.008422      -0.000283
   47      C  Fxxy       0.000126       0.003766
   48      C  Fxxz       0.000000       0.000000
   49      C  Fxyy       0.003766      -0.000126
   50      C  Fxyz       0.000000      -0.000000
   51      C  Fxzz       0.012818      -0.000430
   52      C  Fyyy       0.000283       0.008422
   53      C  Fyyz       0.000000       0.000000
   54      C  Fyzz       0.000430       0.012818
   55      C  Fzzz       0.000000       0.000000
   56      C     S       0.000000      -0.000000
   57      C     S      -0.000000      -0.000000
   58      C     S      -0.000000       0.000000
   59      C     S       0.000000       0.000000
   60      C     S      -0.000000      -0.000000
   61      C    Px       0.197100      -0.006617
   62      C    Py       0.006617       0.197100
   63      C    Pz      -0.000000       0.000000
   64      C    Px       0.250731      -0.008418
   65      C    Py       0.008418       0.250731
   66      C    Pz       0.000000       0.000000
   67      C    Px       0.222711      -0.007477
   68      C    Py       0.007477       0.222711
   69      C    Pz      -0.000000      -0.000000
   70      C    Px       0.092896      -0.003119
   71      C    Py       0.003119       0.092896
   72      C    Pz       0.000000       0.000000
   73      C   Dxx      -0.000000       0.000000
   74      C   Dxy       0.000000       0.000000
   75      C   Dxz      -0.004209       0.000141
   76      C   Dyy      -0.000000       0.000000
   77      C   Dyz      -0.000141      -0.004209
   78      C   Dzz      -0.000000       0.000000
   79      C   Dxx      -0.000000       0.000000
   80      C   Dxy      -0.000000       0.000000
   81      C   Dxz      -0.016451       0.000552
   82      C   Dyy      -0.000000       0.000000
   83      C   Dyz      -0.000552      -0.016451
   84      C   Dzz      -0.000000       0.000000
   85      C   Dxx       0.000000       0.000000
   86      C   Dxy       0.000000      -0.000000
   87      C   Dxz      -0.002767       0.000093
   88      C   Dyy       0.000000       0.000000
   89      C   Dyz      -0.000093      -0.002767
   90      C   Dzz       0.000000       0.000000
   91      C  Fxxx       0.007049      -0.000237
   92      C  Fxxy       0.000106       0.003152
   93      C  Fxxz       0.000000       0.000000
   94      C  Fxyy       0.003152      -0.000106
   95      C  Fxyz      -0.000000       0.000000
   96      C  Fxzz       0.010643      -0.000357
   97      C  Fyyy       0.000237       0.007049
   98      C  Fyyz       0.000000       0.000000
   99      C  Fyzz       0.000357       0.010643
  100      C  Fzzz       0.000000       0.000000
  101      C  Fxxx       0.008422      -0.000283
  102      C  Fxxy       0.000126       0.003766
  103      C  Fxxz       0.000000       0.000000
  104      C  Fxyy       0.003766      -0.000126
  105      C  Fxyz      -0.000000       0.000000
  106      C  Fxzz       0.012818      -0.000430
  107      C  Fyyy       0.000283       0.008422
  108      C  Fyyz       0.000000       0.000000
  109      C  Fyzz       0.000430       0.012818
  110      C  Fzzz       0.000000       0.000000
 
 
  Occupied Eigenvectors for: E-BETA
 --------------------------- 
 
                         -11.1437       -11.1435        -0.5687        -0.3546        -0.0715   
 
    1      C     S      -0.686625      -0.694212      -0.008284      -0.003098      -0.000000
    2      C     S       0.005595       0.005314       0.365985       0.407892      -0.000000
    3      C     S      -0.030574      -0.032201       0.095231       0.109704       0.000000
    4      C     S       0.010899       0.021560       0.207493       0.321434      -0.000000
    5      C     S       0.001894       0.012513       0.017210       0.031852       0.000000
    6      C    Px      -0.000000       0.000000       0.000000      -0.000000       0.159583
    7      C    Py       0.000000      -0.000000       0.000000       0.000000      -0.108148
    8      C    Pz      -0.000710      -0.000859       0.032495      -0.026510       0.000000
    9      C    Px       0.000000      -0.000000      -0.000000      -0.000000       0.201336
   10      C    Py      -0.000000       0.000000      -0.000000       0.000000      -0.136444
   11      C    Pz       0.001219       0.000506       0.041115      -0.032686       0.000000
   12      C    Px       0.000000      -0.000000      -0.000000       0.000000       0.183840
   13      C    Py       0.000000      -0.000000       0.000000       0.000000      -0.124587
   14      C    Pz       0.000561       0.008460       0.012910       0.011339      -0.000000
   15      C    Px       0.000000       0.000000       0.000000       0.000000       0.087565
   16      C    Py       0.000000      -0.000000      -0.000000       0.000000      -0.059342
   17      C    Pz       0.000036       0.002285       0.000089      -0.002190       0.000000
   18      C   Dxx      -0.002023      -0.002308       0.002550       0.006067       0.000000
   19      C   Dxy       0.000000       0.000000      -0.000000      -0.000000       0.000000
   20      C   Dxz      -0.000000       0.000000       0.000000       0.000000       0.005881
   21      C   Dyy      -0.002023      -0.002308       0.002550       0.006067       0.000000
   22      C   Dyz      -0.000000      -0.000000      -0.000000      -0.000000      -0.003986
   23      C   Dzz      -0.001520      -0.001729       0.000858      -0.005813       0.000000
   24      C   Dxx      -0.005409      -0.007070       0.005583       0.013494       0.000000
   25      C   Dxy      -0.000000      -0.000000      -0.000000      -0.000000       0.000000
   26      C   Dxz       0.000000       0.000000       0.000000       0.000000       0.016089
   27      C   Dyy      -0.005409      -0.007070       0.005583       0.013494       0.000000
   28      C   Dyz       0.000000      -0.000000      -0.000000      -0.000000      -0.010903
   29      C   Dzz      -0.005367      -0.007362       0.000867      -0.017844       0.000000
   30      C   Dxx      -0.001798      -0.003310       0.003866       0.012025      -0.000000
   31      C   Dxy       0.000000       0.000000      -0.000000      -0.000000       0.000000
   32      C   Dxz       0.000000      -0.000000       0.000000       0.000000       0.006650
   33      C   Dyy      -0.001798      -0.003310       0.003866       0.012025      -0.000000
   34      C   Dyz       0.000000      -0.000000       0.000000       0.000000      -0.004506
   35      C   Dzz      -0.001654      -0.000713      -0.003218       0.007857      -0.000000
   36      C  Fxxx      -0.000000       0.000000       0.000000      -0.000000       0.007895
   37      C  Fxxy       0.000000      -0.000000       0.000000      -0.000000      -0.002393
   38      C  Fxxz      -0.000189      -0.000324       0.000143      -0.002009       0.000000
   39      C  Fxyy      -0.000000       0.000000       0.000000      -0.000000       0.003531
   40      C  Fxyz      -0.000000      -0.000000      -0.000000       0.000000      -0.000000
   41      C  Fxzz      -0.000000       0.000000       0.000000      -0.000000       0.004841
   42      C  Fyyy       0.000000      -0.000000       0.000000      -0.000000      -0.005350
   43      C  Fyyz      -0.000189      -0.000324       0.000143      -0.002009       0.000000
   44      C  Fyzz       0.000000      -0.000000       0.000000      -0.000000      -0.003281
   45      C  Fzzz      -0.000593      -0.000473       0.002695      -0.005016       0.000000
   46      C  Fxxx      -0.000000       0.000000       0.000000      -0.000000       0.009019
   47      C  Fxxy      -0.000000       0.000000      -0.000000      -0.000000      -0.002734
   48      C  Fxxz      -0.000306      -0.000820      -0.000180      -0.006758       0.000000
   49      C  Fxyy      -0.000000       0.000000       0.000000      -0.000000       0.004034
   50      C  Fxyz      -0.000000      -0.000000      -0.000000       0.000000       0.000000
   51      C  Fxzz      -0.000000       0.000000       0.000000      -0.000000       0.005949
   52      C  Fyyy       0.000000       0.000000      -0.000000      -0.000000      -0.006112
   53      C  Fyyz      -0.000306      -0.000820      -0.000180      -0.006758       0.000000
   54      C  Fyzz       0.000000      -0.000000      -0.000000       0.000000      -0.004032
   55      C  Fzzz      -0.000533      -0.001986      -0.003164      -0.018371       0.000000
   56      C     S      -0.693969       0.686871      -0.008284       0.003098      -0.000000
   57      C     S       0.005651      -0.005254       0.365986      -0.407891      -0.000000
   58      C     S      -0.030915       0.031874       0.095231      -0.109703      -0.000000
   59      C     S       0.011127      -0.021442       0.207494      -0.321433       0.000000
   60      C     S       0.002027      -0.012492       0.017211      -0.031852      -0.000000
   61      C    Px      -0.000000      -0.000000      -0.000000       0.000000       0.159583
   62      C    Py      -0.000000      -0.000000       0.000000      -0.000000      -0.108148
   63      C    Pz       0.000719      -0.000852      -0.032495      -0.026510      -0.000000
   64      C    Px       0.000000       0.000000       0.000000       0.000000       0.201336
   65      C    Py       0.000000       0.000000      -0.000000      -0.000000      -0.136444
   66      C    Pz      -0.001224       0.000493      -0.041115      -0.032687      -0.000000
   67      C    Px       0.000000       0.000000       0.000000      -0.000000       0.183841
   68      C    Py       0.000000       0.000000      -0.000000      -0.000000      -0.124587
   69      C    Pz      -0.000651       0.008453      -0.012910       0.011339      -0.000000
   70      C    Px      -0.000000      -0.000000      -0.000000      -0.000000       0.087565
   71      C    Py      -0.000000      -0.000000       0.000000      -0.000000      -0.059342
   72      C    Pz      -0.000060       0.002284      -0.000089      -0.002190      -0.000000
   73      C   Dxx      -0.002047       0.002287       0.002550      -0.006067      -0.000000
   74      C   Dxy      -0.000000       0.000000       0.000000      -0.000000      -0.000000
   75      C   Dxz       0.000000      -0.000000      -0.000000       0.000000      -0.005881
   76      C   Dyy      -0.002047       0.002287       0.002550      -0.006067      -0.000000
   77      C   Dyz       0.000000       0.000000       0.000000      -0.000000       0.003986
   78      C   Dzz      -0.001538       0.001713       0.000858       0.005813       0.000000
   79      C   Dxx      -0.005484       0.007012       0.005583      -0.013494      -0.000000
   80      C   Dxy       0.000000      -0.000000       0.000000      -0.000000       0.000000
   81      C   Dxz       0.000000       0.000000      -0.000000       0.000000      -0.016089
   82      C   Dyy      -0.005484       0.007012       0.005583      -0.013494      -0.000000
   83      C   Dyz       0.000000      -0.000000       0.000000      -0.000000       0.010903
   84      C   Dzz      -0.005444       0.007304       0.000867       0.017844      -0.000000
   85      C   Dxx      -0.001833       0.003290       0.003866      -0.012025       0.000000
   86      C   Dxy      -0.000000       0.000000       0.000000      -0.000000      -0.000000
   87      C   Dxz       0.000000      -0.000000      -0.000000       0.000000      -0.006650
   88      C   Dyy      -0.001833       0.003290       0.003866      -0.012025       0.000000
   89      C   Dyz       0.000000      -0.000000       0.000000       0.000000       0.004506
   90      C   Dzz      -0.001661       0.000696      -0.003218      -0.007857       0.000000
   91      C  Fxxx      -0.000000      -0.000000      -0.000000       0.000000       0.007895
   92      C  Fxxy      -0.000000      -0.000000       0.000000       0.000000      -0.002393
   93      C  Fxxz       0.000192      -0.000322      -0.000143      -0.002009      -0.000000
   94      C  Fxyy      -0.000000      -0.000000      -0.000000       0.000000       0.003531
   95      C  Fxyz       0.000000       0.000000      -0.000000      -0.000000      -0.000000
   96      C  Fxzz      -0.000000      -0.000000       0.000000       0.000000       0.004841
   97      C  Fyyy      -0.000000      -0.000000       0.000000      -0.000000      -0.005350
   98      C  Fyyz       0.000192      -0.000322      -0.000143      -0.002009       0.000000
   99      C  Fyzz      -0.000000      -0.000000       0.000000       0.000000      -0.003281
  100      C  Fzzz       0.000598      -0.000466      -0.002695      -0.005016       0.000000
  101      C  Fxxx      -0.000000      -0.000000      -0.000000       0.000000       0.009019
  102      C  Fxxy      -0.000000      -0.000000       0.000000      -0.000000      -0.002734
  103      C  Fxxz       0.000315      -0.000817       0.000180      -0.006758       0.000000
  104      C  Fxyy      -0.000000      -0.000000       0.000000       0.000000       0.004034
  105      C  Fxyz       0.000000       0.000000      -0.000000      -0.000000       0.000000
  106      C  Fxzz      -0.000000      -0.000000       0.000000       0.000000       0.005949
  107      C  Fyyy      -0.000000      -0.000000       0.000000       0.000000      -0.006112
  108      C  Fyyz       0.000315      -0.000817       0.000180      -0.006758       0.000000
  109      C  Fyzz      -0.000000      -0.000000       0.000000      -0.000000      -0.004032
  110      C  Fzzz       0.000554      -0.001980       0.003164      -0.018371       0.000000
 
                          -0.0715   
 
    1      C     S      -0.000000
    2      C     S       0.000000
    3      C     S       0.000000
    4      C     S      -0.000000
    5      C     S       0.000000
    6      C    Px       0.108148
    7      C    Py       0.159583
    8      C    Pz      -0.000000
    9      C    Px       0.136444
   10      C    Py       0.201336
   11      C    Pz      -0.000000
   12      C    Px       0.124587
   13      C    Py       0.183840
   14      C    Pz      -0.000000
   15      C    Px       0.059342
   16      C    Py       0.087565
   17      C    Pz       0.000000
   18      C   Dxx       0.000000
   19      C   Dxy       0.000000
   20      C   Dxz       0.003986
   21      C   Dyy       0.000000
   22      C   Dyz       0.005881
   23      C   Dzz       0.000000
   24      C   Dxx       0.000000
   25      C   Dxy      -0.000000
   26      C   Dxz       0.010903
   27      C   Dyy       0.000000
   28      C   Dyz       0.016089
   29      C   Dzz       0.000000
   30      C   Dxx      -0.000000
   31      C   Dxy       0.000000
   32      C   Dxz       0.004506
   33      C   Dyy      -0.000000
   34      C   Dyz       0.006650
   35      C   Dzz      -0.000000
   36      C  Fxxx       0.005350
   37      C  Fxxy       0.003531
   38      C  Fxxz       0.000000
   39      C  Fxyy       0.002393
   40      C  Fxyz      -0.000000
   41      C  Fxzz       0.003281
   42      C  Fyyy       0.007895
   43      C  Fyyz       0.000000
   44      C  Fyzz       0.004841
   45      C  Fzzz       0.000000
   46      C  Fxxx       0.006112
   47      C  Fxxy       0.004034
   48      C  Fxxz       0.000000
   49      C  Fxyy       0.002734
   50      C  Fxyz       0.000000
   51      C  Fxzz       0.004032
   52      C  Fyyy       0.009019
   53      C  Fyyz       0.000000
   54      C  Fyzz       0.005949
   55      C  Fzzz       0.000000
   56      C     S       0.000000
   57      C     S       0.000000
   58      C     S      -0.000000
   59      C     S       0.000000
   60      C     S      -0.000000
   61      C    Px       0.108148
   62      C    Py       0.159583
   63      C    Pz       0.000000
   64      C    Px       0.136444
   65      C    Py       0.201336
   66      C    Pz       0.000000
   67      C    Px       0.124587
   68      C    Py       0.183841
   69      C    Pz      -0.000000
   70      C    Px       0.059342
   71      C    Py       0.087565
   72      C    Pz       0.000000
   73      C   Dxx      -0.000000
   74      C   Dxy      -0.000000
   75      C   Dxz      -0.003986
   76      C   Dyy      -0.000000
   77      C   Dyz      -0.005881
   78      C   Dzz      -0.000000
   79      C   Dxx      -0.000000
   80      C   Dxy       0.000000
   81      C   Dxz      -0.010903
   82      C   Dyy      -0.000000
   83      C   Dyz      -0.016089
   84      C   Dzz      -0.000000
   85      C   Dxx       0.000000
   86      C   Dxy      -0.000000
   87      C   Dxz      -0.004506
   88      C   Dyy       0.000000
   89      C   Dyz      -0.006650
   90      C   Dzz       0.000000
   91      C  Fxxx       0.005350
   92      C  Fxxy       0.003531
   93      C  Fxxz       0.000000
   94      C  Fxyy       0.002393
   95      C  Fxyz       0.000000
   96      C  Fxzz       0.003281
   97      C  Fyyy       0.007895
   98      C  Fyyz       0.000000
   99      C  Fyzz       0.004841
  100      C  Fzzz       0.000000
  101      C  Fxxx       0.006112
  102      C  Fxxy       0.004034
  103      C  Fxxz       0.000000
  104      C  Fxyy       0.002734
  105      C  Fxyz      -0.000000
  106      C  Fxzz       0.004032
  107      C  Fyyy       0.009019
  108      C  Fyyz       0.000000
  109      C  Fyzz       0.005949
  110      C  Fzzz       0.000000
 
 
  end of eigenvectors 
 
  END OF EIGENVALUES AND EIGENVECTORS
 
 
  COMPONENTS OF KINETIC ENERGY: 
 -----------------------------
 
             E-ALPHA Kinetic energy =           37.908716962228
              E-BETA Kinetic energy =           36.750132778761
                                     _________________________
               Total kinetic energy =           74.658849740989
 
  COMPONENTS OF POTENTIAL ENERGY: 
 -------------------------------
 
          Fixed potential energy    =           10.026516301389
 
  Quantum/Fixed interaction energy: 
 ----------------------------------
 
     E-ALPHA/Fixed interact. energy =         -102.325333860722
      E-BETA/Fixed interact. energy =          -95.966843852026
                                     _________________________
               Total Q/Fixed energy =         -198.292177712748
 
  Coulomb energy: 
 ------------------
 
     E-ALPHA/E-ALPHA Hartree energy =           13.530930084723
       E-BETA/E-BETA Hartree energy =           10.698793369842
      E-ALPHA/E-BETA Hartree energy =           23.991809147402
                                     _________________________
               Total Hartree energy =           48.221532601967
 
  Exchange(HF) energy: 
 ----------------------
 
            E-ALPHA Exchange energy =           -5.207306173451
             E-BETA Exchange energy =           -4.763055203962
                                     _________________________
              Total Exchange energy =           -9.970361377413
 
  TOTAL ENERGY COMPONENTS: 
 ==========================
 
          TOTAL KINETIC ENERGY      =           74.658849740989
          TOTAL POTENTIAL ENERGY    =         -150.014490186805
                                     _________________________
                       TOTAL ENERGY =          -75.355640445816
 
                 VIRIAL RATIO (V/T) =            2.009332995449
 
 
  END ENERGY COMPONENTS
 
 
** TOTAL CPU Time SCF :     13.214 (s)
** TOTAL Elapsed Time SCF :      3.314 (s)
 
 We are calculating properties for E-ALPHA in the HF/KS ground state
 We are calculating properties for E-BETA in the HF/KS ground state
 
  POPULATION ANALYSES: 
 ====================
 
 MULLIKEN Population: for E-        
 ---------------------
 
                          total          spin      
 
    1      C     S       1.951515      -0.000642
    2      C     S       1.016933      -0.014284
    3      C     S       0.235588      -0.004111
    4      C     S       0.597358      -0.030552
    5      C     S       0.044226       0.009710
    6      C    Px       0.169469       0.003601
    7      C    Py       0.169469       0.003601
    8      C    Pz       0.144976       0.134655
    9      C    Px       0.328562       0.006873
   10      C    Py       0.328562       0.006873
   11      C    Pz       0.280079       0.247160
   12      C    Px       0.334202      -0.000870
   13      C    Py       0.334202      -0.000870
   14      C    Pz       0.132263       0.131542
   15      C    Px       0.111262      -0.009142
   16      C    Py       0.111262      -0.009142
   17      C    Pz       0.002930       0.000983
   18      C   Dxx       0.003721      -0.005044
   19      C   Dxy       0.000000      -0.000000
   20      C   Dxz       0.000489      -0.000148
   21      C   Dyy       0.003721      -0.005044
   22      C   Dyz       0.000489      -0.000148
   23      C   Dzz       0.007391       0.010915
   24      C   Dxx       0.004017      -0.012961
   25      C   Dxy       0.000000      -0.000000
   26      C   Dxz       0.006550      -0.000652
   27      C   Dyy       0.004017      -0.012961
   28      C   Dyz       0.006550      -0.000652
   29      C   Dzz       0.016547       0.022486
   30      C   Dxx       0.001312      -0.004873
   31      C   Dxy       0.000000      -0.000000
   32      C   Dxz       0.003481      -0.001731
   33      C   Dyy       0.001312      -0.004873
   34      C   Dyz       0.003481      -0.001731
   35      C   Dzz      -0.000519       0.006776
   36      C  Fxxx       0.008751      -0.001270
   37      C  Fxxy       0.002917      -0.000423
   38      C  Fxxz       0.001409       0.000981
   39      C  Fxyy       0.002917      -0.000423
   40      C  Fxyz       0.000000       0.000000
   41      C  Fxzz       0.007268       0.002202
   42      C  Fyyy       0.008751      -0.001270
   43      C  Fyyz       0.001409       0.000981
   44      C  Fyzz       0.007268       0.002202
   45      C  Fzzz       0.019082       0.016335
   46      C  Fxxx       0.011058      -0.001468
   47      C  Fxxy       0.003686      -0.000489
   48      C  Fxxz       0.003183       0.000777
   49      C  Fxyy       0.003686      -0.000489
   50      C  Fxyz      -0.000000       0.000000
   51      C  Fxzz       0.012304       0.003516
   52      C  Fyyy       0.011058      -0.001468
   53      C  Fyyz       0.003183       0.000777
   54      C  Fyzz       0.012304       0.003516
   55      C  Fzzz       0.024345       0.011269
   56      C     S       1.951515      -0.000642
   57      C     S       1.016933      -0.014284
   58      C     S       0.235588      -0.004111
   59      C     S       0.597358      -0.030552
   60      C     S       0.044226       0.009710
   61      C    Px       0.169469       0.003601
   62      C    Py       0.169469       0.003601
   63      C    Pz       0.144976       0.134655
   64      C    Px       0.328563       0.006873
   65      C    Py       0.328563       0.006873
   66      C    Pz       0.280080       0.247160
   67      C    Px       0.334202      -0.000869
   68      C    Py       0.334202      -0.000869
   69      C    Pz       0.132264       0.131542
   70      C    Px       0.111263      -0.009142
   71      C    Py       0.111263      -0.009142
   72      C    Pz       0.002930       0.000983
   73      C   Dxx       0.003721      -0.005044
   74      C   Dxy       0.000000      -0.000000
   75      C   Dxz       0.000489      -0.000148
   76      C   Dyy       0.003721      -0.005044
   77      C   Dyz       0.000489      -0.000148
   78      C   Dzz       0.007391       0.010915
   79      C   Dxx       0.004017      -0.012961
   80      C   Dxy       0.000000      -0.000000
   81      C   Dxz       0.006550      -0.000652
   82      C   Dyy       0.004017      -0.012961
   83      C   Dyz       0.006550      -0.000652
   84      C   Dzz       0.016547       0.022486
   85      C   Dxx       0.001312      -0.004873
   86      C   Dxy       0.000000      -0.000000
   87      C   Dxz       0.003481      -0.001731
   88      C   Dyy       0.001312      -0.004873
   89      C   Dyz       0.003481      -0.001731
   90      C   Dzz      -0.000519       0.006776
   91      C  Fxxx       0.008751      -0.001270
   92      C  Fxxy       0.002917      -0.000423
   93      C  Fxxz       0.001409       0.000981
   94      C  Fxyy       0.002917      -0.000423
   95      C  Fxyz       0.000000       0.000000
   96      C  Fxzz       0.007268       0.002202
   97      C  Fyyy       0.008751      -0.001270
   98      C  Fyyz       0.001409       0.000981
   99      C  Fyzz       0.007268       0.002202
  100      C  Fzzz       0.019082       0.016335
  101      C  Fxxx       0.011058      -0.001468
  102      C  Fxxy       0.003686      -0.000489
  103      C  Fxxz       0.003183       0.000777
  104      C  Fxyy       0.003686      -0.000489
  105      C  Fxyz      -0.000000       0.000000
  106      C  Fxzz       0.012304       0.003516
  107      C  Fyyy       0.011058      -0.001468
  108      C  Fyyz       0.003183       0.000777
  109      C  Fyzz       0.012304       0.003516
  110      C  Fzzz       0.024345       0.011269
 
                           __________     __________
              Total =       13.000000       1.000000
 
  Atomic MULLIKEN Population: for E-        
            C                6.499997       0.500000
            C                6.500003       0.500000
 
 ...end of MULLIKEN Population
 
 
 END POPULATION ANALYSES 
 
 
  POPULATION ANALYSES: 
 ====================
 
 LOWDIN Population: for E-        
 ---------------------
 
                          total          spin      
 
    1      C     S       1.600171      -0.000752
    2      C     S       0.535971      -0.004523
    3      C     S       0.383079      -0.001974
    4      C     S       0.231714      -0.000699
    5      C     S       0.077228       0.003336
    6      C    Px       0.149754       0.003451
    7      C    Py       0.149754       0.003451
    8      C    Pz       0.127114       0.120005
    9      C    Px       0.150220       0.002824
   10      C    Py       0.150220       0.002824
   11      C    Pz       0.139718       0.120615
   12      C    Px       0.179395      -0.001900
   13      C    Py       0.179395      -0.001900
   14      C    Pz       0.133789       0.048850
   15      C    Px       0.114459      -0.007266
   16      C    Py       0.114459      -0.007266
   17      C    Pz       0.044756       0.000267
   18      C   Dxx       0.145874      -0.007715
   19      C   Dxy       0.000000      -0.000000
   20      C   Dxz       0.000348      -0.000089
   21      C   Dyy       0.145874      -0.007715
   22      C   Dyz       0.000348      -0.000089
   23      C   Dzz       0.144476       0.010271
   24      C   Dxx       0.104986      -0.009609
   25      C   Dxy       0.000000      -0.000000
   26      C   Dxz       0.005042      -0.000433
   27      C   Dyy       0.104986      -0.009609
   28      C   Dyz       0.005042      -0.000433
   29      C   Dzz       0.121252       0.017185
   30      C   Dxx       0.010608      -0.001585
   31      C   Dxy       0.000000      -0.000000
   32      C   Dxz       0.018467      -0.001211
   33      C   Dyy       0.010608      -0.001585
   34      C   Dyz       0.018467      -0.001211
   35      C   Dzz       0.094311       0.004721
   36      C  Fxxx       0.090381       0.000991
   37      C  Fxxy       0.039675       0.000476
   38      C  Fxxz       0.032321       0.029668
   39      C  Fxyy       0.039675       0.000476
   40      C  Fxyz       0.000000       0.000000
   41      C  Fxzz       0.045995       0.002572
   42      C  Fyyy       0.090381       0.000991
   43      C  Fyyz       0.032321       0.029668
   44      C  Fyzz       0.045995       0.002572
   45      C  Fzzz       0.095511       0.083653
   46      C  Fxxx       0.088138      -0.001235
   47      C  Fxxy       0.038564      -0.000555
   48      C  Fxxz       0.024986       0.016848
   49      C  Fxyy       0.038564      -0.000555
   50      C  Fxyz       0.000000       0.000000
   51      C  Fxzz       0.079561       0.002374
   52      C  Fyyy       0.088138      -0.001235
   53      C  Fyyz       0.024986       0.016848
   54      C  Fyzz       0.079561       0.002374
   55      C  Fzzz       0.133358       0.043829
   56      C     S       1.600171      -0.000752
   57      C     S       0.535971      -0.004523
   58      C     S       0.383079      -0.001974
   59      C     S       0.231714      -0.000699
   60      C     S       0.077228       0.003336
   61      C    Px       0.149755       0.003451
   62      C    Py       0.149755       0.003451
   63      C    Pz       0.127114       0.120005
   64      C    Px       0.150221       0.002824
   65      C    Py       0.150221       0.002824
   66      C    Pz       0.139718       0.120616
   67      C    Px       0.179395      -0.001900
   68      C    Py       0.179395      -0.001900
   69      C    Pz       0.133789       0.048850
   70      C    Px       0.114459      -0.007265
   71      C    Py       0.114459      -0.007265
   72      C    Pz       0.044756       0.000267
   73      C   Dxx       0.145874      -0.007715
   74      C   Dxy       0.000000      -0.000000
   75      C   Dxz       0.000348      -0.000089
   76      C   Dyy       0.145874      -0.007715
   77      C   Dyz       0.000348      -0.000089
   78      C   Dzz       0.144476       0.010271
   79      C   Dxx       0.104986      -0.009609
   80      C   Dxy       0.000000      -0.000000
   81      C   Dxz       0.005042      -0.000433
   82      C   Dyy       0.104986      -0.009609
   83      C   Dyz       0.005042      -0.000433
   84      C   Dzz       0.121252       0.017185
   85      C   Dxx       0.010608      -0.001585
   86      C   Dxy       0.000000      -0.000000
   87      C   Dxz       0.018467      -0.001211
   88      C   Dyy       0.010608      -0.001585
   89      C   Dyz       0.018467      -0.001211
   90      C   Dzz       0.094311       0.004721
   91      C  Fxxx       0.090381       0.000991
   92      C  Fxxy       0.039676       0.000476
   93      C  Fxxz       0.032321       0.029668
   94      C  Fxyy       0.039676       0.000476
   95      C  Fxyz       0.000000       0.000000
   96      C  Fxzz       0.045995       0.002572
   97      C  Fyyy       0.090381       0.000991
   98      C  Fyyz       0.032321       0.029668
   99      C  Fyzz       0.045995       0.002572
  100      C  Fzzz       0.095511       0.083653
  101      C  Fxxx       0.088138      -0.001235
  102      C  Fxxy       0.038564      -0.000555
  103      C  Fxxz       0.024986       0.016848
  104      C  Fxyy       0.038564      -0.000555
  105      C  Fxyz       0.000000       0.000000
  106      C  Fxzz       0.079561       0.002374
  107      C  Fyyy       0.088138      -0.001235
  108      C  Fyyz       0.024986       0.016848
  109      C  Fyzz       0.079561       0.002374
  110      C  Fzzz       0.133358       0.043829
 
                           __________     __________
              Total =       13.000000       1.000000
 
  Atomic LOWDIN Population: for E-        
            C                6.499997       0.500000
            C                6.500003       0.500000
 
 ...end of LOWDIN Population
 
 
 END POPULATION ANALYSES 
 
 
  EXPECTED POSITIONS OF QUANTUM SPECIES:
 ======================
 
 POSITIONS IN ANGSTROMS
 ------
 
                        <x>      <y>      <z>         
            E-ALPHA   0.0000  -0.0000   6.6500
             E-BETA  -0.0000   0.0000   5.7000
 
 END EXPECTED POSITIONS
 
 
  ELECTROSTATIC MOMENTS:
 ======================
 
 
 DIPOLE: (A.U.)
 ------
 
                           <Dx>         <Dy>         <Dz>          |D|
            E-ALPHA  -0.00000000   0.00000000 -12.56668433
             E-BETA   0.00000000  -0.00000000 -10.77144350
    Point charges:    0.00000000   0.00000000  21.54287626
                     ____________________________
      Total Dipole:   0.00000000  -0.00000000  -1.79525157   1.79525157
 
 DIPOLE: (DEBYE)
 ------
 
                           <Dx>         <Dy>         <Dz>          |D|
            E-ALPHA  -0.00000000   0.00000000 -31.94132139
             E-BETA   0.00000000  -0.00000000 -27.37827493
    Point charges:    0.00000000   0.00000000  54.75652257
                     ____________________________
      Total Dipole:   0.00000000  -0.00000000  -4.56307375   4.56307375
 
 QUADRUPOLE NON-TRACELESS: (DEBYE ANGS)
 ------
 
                           <xx>         <yy>         <zz>         <xy>         <xz>         <yz>
            E-ALPHA  -10.76297871  -10.76297871  -71.64721818   -0.00000000   -0.00000000    0.00000000
             E-BETA  -10.60151096  -10.60151096  -56.63788195    0.00000000    0.00000000   -0.00000000
    Point charges:     0.00000000    0.00000000  104.03738101    0.00000000    0.00000000    0.00000000
  Total Quadrupole:  -21.36448967  -21.36448967  -24.24771912    0.00000000    0.00000000   -0.00000000
                     ____________________________
 
 END ELECTROSTATIC MOMENTS
 
 
 BEGIN FOUR-INDEX INTEGRALS TRANFORMATION:
 ========================================
 Selected method: C         
 
 --------------------------------------------------
    4N^5 Algorithm Four-index integral tranformation
 --------------------------------------------------
 
 Integrals transformation for: E-ALPHA
 
              Transformation boundaries 
                 orbital lower upper
                       p     1     7
                       q     8   110
                       r     1     7
                       s     8   110
 
         Loading AO integrals time(s):  0.280E-01
      Integral transformation time(s):  0.164E+01
       Non-zero transformed integrals:       164102
 
 Inter-species integrals transformation for: E-ALPHA/E-BETA
 
              Transformation boundaries 
                 orbital lower upper
                       p     1     6
                       q     7   110
                       r     1     7
                       s     8   110
 
         Loading AO integrals time(s):  0.296E-01
      Integral transformation time(s):  0.649E+01
 Non zero transformed coupling integrals:       172688
 
 Integrals transformation for: E-BETA
 
              Transformation boundaries 
                 orbital lower upper
                       p     1     6
                       q     7   110
                       r     1     6
                       s     7   110
 
         Loading AO integrals time(s):  0.195E-01
      Integral transformation time(s):  0.158E+01
       Non-zero transformed integrals:       163730
 
** TOTAL Elapsed Time for integrals transformation :     10.016 (s)
 
 
  POST HARTREE-FOCK CALCULATION
  MANY-BODY PERTURBATION THEORY:
 ==============================
 
              MOLLER-PLESSET FORMALISM 
               ORDER OF CORRECTION =     2
 
                E(0) + E(1) =     -75.355640445816
                       E(2) =      -0.410774553072
                             ____________________
                     E(MP2) =     -75.766414998888
 
              -----------------------------------
               E(n){ Specie }     E(n) / Hartree 
              -----------------------------------
 
            E(2){ E-ALPHA } =      -0.064497399232
             E(2){ E-BETA } =      -0.040214391178
 
     E(2){ E-ALPHA/E-BETA } =      -0.306062762662
 
** TOTAL CPU Time HF-MBPT :      0.565 (s)
** TOTAL Elapsed Time HF-MBPT :      0.329 (s)
 

  TOTAL CPU Time:      0.241 (s)
 TOTAL Wall Time:     13.721 (s)
  Elapsed Time:   0h  0m 13s 722ms
LOWDIN execution terminated normally at : Thu Feb  6 14:30:09 2025
-rw-rw-r-- 1 pohl pohl  53M feb  6 14:29 0E-ALPHA.E-BETA.ints
-rw-rw-r-- 1 pohl pohl  27M feb  6 14:29 0E-ALPHA.ints
-rw-rw-r-- 1 pohl pohl  52M feb  6 14:29 1E-ALPHA.E-BETA.ints
-rw-rw-r-- 1 pohl pohl  27M feb  6 14:29 1E-ALPHA.ints
-rw-rw-r-- 1 pohl pohl  53M feb  6 14:29 2E-ALPHA.E-BETA.ints
-rw-rw-r-- 1 pohl pohl  27M feb  6 14:29 2E-ALPHA.ints
-rw-rw-r-- 1 pohl pohl  52M feb  6 14:29 3E-ALPHA.E-BETA.ints
-rw-rw-r-- 1 pohl pohl  27M feb  6 14:29 3E-ALPHA.ints
-rw-rw-r-- 1 pohl pohl   12 feb  6 14:29 E-ALPHA.E-BETA.nints
-rw-rw-r-- 1 pohl pohl 4.9M feb  6 14:30 E-ALPHAmoint.dat
-rw-rw-r-- 1 pohl pohl 4.2M feb  6 14:30 E-BETA.E-ALPHAmoint.dat
-rw-rw-r-- 1 pohl pohl 4.2M feb  6 14:30 E-BETAmoint.dat
-rw-rw-r-- 1 pohl pohl   63 feb  6 14:29 gepol.inp
-rw-rw-r-- 1 pohl pohl  182 feb  6 14:29 gepol.xyzr
-rw-rw-r-- 1 pohl pohl  13K feb  6 14:29 lowdin.bas
-rw-rw-r-- 1 pohl pohl  16K feb  6 14:29 lowdin.dat
-rw-rw-r-- 1 pohl pohl 2.3M feb  6 14:29 lowdin.opints
-rw-rw-r-- 1 pohl pohl  46K feb  6 14:29 lowdin.sys
-rw-rw-r-- 1 pohl pohl 2.1M feb  6 14:29 lowdin.wfn
-rw-rw-r-- 1 pohl pohl  258 feb  6 14:29 usual_7
-rw-rw-r-- 1 pohl pohl 1.1K feb  6 14:29 usual_7.aux
-rw-rw-r-- 1 pohl pohl  266 feb  6 14:29 usual_7.lowdin
-rw-rw-r-- 1 pohl pohl  72K feb  6 14:30 usual_7.out
-rw-rw-r-- 1 pohl pohl 192K feb  6 14:29 usual_7.vec
