Begin job by input: usual_47.lowdin, for user:   at  jue 06 feb 2025 14:39:53 -05
under operating system Linux helios 5.19.0-46-generic #47-Ubuntu SMP PREEMPT_DYNAMIC Fri Jun 16 13:30:11 UTC 2023 x86_64 x86_64 x86_64 GNU/Linux
Compilation information
  commit: f31d3924f6ee2ce9d77f07edcc1ba27359319d14
  compilation date:  mar 17 sep 2024 16:16:17 -05

BEGIN INPUT INFO:
------------------------------------

GEOMETRY
	e-(C)	AUG-CC-PVTZ 0.0 0.0 0.0 multiplicity=2 addParticles=1 
	e-(C)	AUG-CC-PVTZ 0.0 0.0 9.9 
	C	Dirac 0.0 0.0 0.0
	C	Dirac 0.0 0.0 9.9
END GEOMETRY

TASKS
        method = "UHF"
	mollerPlessetCorrection=2
END TASKS

CONTROL
	units="ANGS"
END CONTROL






... END INPUT INFO


 LOWDIN execution started at : Thu Feb  6 14:39:53 2025
 ---------------------------------------------------------------
 
 ***************************************************************
 *                   LOWDIN 2.0  (May/2013)                    *
 *                                                             *
 *  R. FLORES-MORENO, E. F. POSADA, F. S. MONCADA, J.ROMERO,   *
 *  J. CHARRY, M. DIAZ-TINOCO, S. A. GONZALEZ, N. F. AGUIRRE,  *
 *  A. REYES                                                   *
 *                                                             *
 *  https://sites.google.com/site/lowdinproject/               *
 *                                                             *
 ***************************************************************
 
 PARSING INPUT... DONE!
 
 LOWDIN IS RUNNING WITH NEXT PARAMETERS: 
 ----------------------------------------
 
         METHOD TYPE:  UHF
         NUMBER OF CORES:     4
         MOLLER PLESSET CORRECTION:      2
         NONELECTRONIC DENSITY GUESS: HCORE
         ELECTRONIC DENSITY GUESS: HCORE
         CRITERIUM OF CONVERGENCE: ENERGY
         NONELECTRONIC ENERGY TOLERANCE IN SCFs:     0.10000E-07
         ELECTRONIC ENERGY TOLERANCE IN SCFs:     0.10000E-07
         TOTAL ENERGY TOLERANCE IN SCFs:     0.10000E-07
         SCHEME OF ITERATION: GLOBAL ITERATIONS
         SCF MAX. SUBITERATIONS - NONELECTRONS :     1
         SCF MAX. SUBITERATIONS - ELECTRONS :     1
         SCF MAX. ITERATIONS - INTERSPECIES :   200
         INTEGRAL STORAGE: DISK
         STACK SIZE FOR ERIS : 30000
         METHOD OF SCF CONVERGENCE: DAMPING
 
  MOLECULAR SYSTEM: usual_47
 -----------------
 
    DESCRIPTION   : usual_47
    CHARGE        :   0
    PUNTUAL GROUP : NONE
 
 
  INFORMATION OF PARTICLES :
 =========================
         Total number of particles   =      15
         Number of quantum particles =      13
         Number of puntual charges   =       2
         Number of quantum species   =       2
 
                 INFORMATION OF QUANTUM SPECIES 
    ----------------------------------------------------------------------
         ID      Symbol            mass     charge      omega     spin     multiplicity
    ----------------------------------------------------------------------
         1        E-ALPHA         1.0000     -1.00      0.00      0.50      2.00
         2         E-BETA         1.0000     -1.00      0.00      0.50      2.00
 
                   CONSTANTS OF COUPLING 
      ------------------------------------------------------------
              Symbol      kappa        eta     lambda occupation
      ------------------------------------------------------------
             E-ALPHA      -1.00       1.00       1.00       7.00
              E-BETA      -1.00       1.00       1.00       6.00
 
                   BASIS SET FOR SPECIES 
      ------------------------------------------------------------
           Symbol          N. Basis     N. Particles     Basis Set
      ------------------------------------------------------------
            E-ALPHA           28                7     AUG-CC-PVT
             E-BETA           28                6     AUG-CC-PVT
 
                                ATOMIC BASIS
         ------------------------------------------------------------
          PRIMITIVE   SHELL             EXPONENT         COEFFICIENT 
         ------------------------------------------------------------
 
    BEGIN DESCRIPTION OF BASIS FOR: E-ALP
    ==============================
 
 
             C BASIS SET:    AUG-CC-PVTZ
             1         S             8236.00000000          0.00053100
             2         S             1235.00000000          0.00410800
             3         S              280.80000000          0.02108700
             4         S               79.27000000          0.08185300
             5         S               25.59000000          0.23481700
             6         S                8.99700000          0.43440100
             7         S                3.31900000          0.34612900
             8         S                0.36430000         -0.00898300
             1         S             8236.00000000         -0.00011300
             2         S             1235.00000000         -0.00087800
             3         S              280.80000000         -0.00454000
             4         S               79.27000000         -0.01813300
             5         S               25.59000000         -0.05576000
             6         S                8.99700000         -0.12689500
             7         S                3.31900000         -0.17035200
             8         S                0.36430000          0.59868400
             1         S                0.90590000          1.00000000
             1         S                0.12850000          1.00000000
             1         S                0.04402000          1.00000000
             1         P               18.71000000          0.01403100
             2         P                4.13300000          0.08686600
             3         P                1.20000000          0.29021600
             1         P                0.38270000          1.00000000
             1         P                0.12090000          1.00000000
             1         P                0.03569000          1.00000000
             1         D                1.09700000          1.00000000
             1         D                0.31800000          1.00000000
             1         D                0.10000000          1.00000000
             1         F                0.76100000          1.00000000
             1         F                0.26800000          1.00000000
 
             C BASIS SET:    AUG-CC-PVTZ
             1         S             8236.00000000          0.00053100
             2         S             1235.00000000          0.00410800
             3         S              280.80000000          0.02108700
             4         S               79.27000000          0.08185300
             5         S               25.59000000          0.23481700
             6         S                8.99700000          0.43440100
             7         S                3.31900000          0.34612900
             8         S                0.36430000         -0.00898300
             1         S             8236.00000000         -0.00011300
             2         S             1235.00000000         -0.00087800
             3         S              280.80000000         -0.00454000
             4         S               79.27000000         -0.01813300
             5         S               25.59000000         -0.05576000
             6         S                8.99700000         -0.12689500
             7         S                3.31900000         -0.17035200
             8         S                0.36430000          0.59868400
             1         S                0.90590000          1.00000000
             1         S                0.12850000          1.00000000
             1         S                0.04402000          1.00000000
             1         P               18.71000000          0.01403100
             2         P                4.13300000          0.08686600
             3         P                1.20000000          0.29021600
             1         P                0.38270000          1.00000000
             1         P                0.12090000          1.00000000
             1         P                0.03569000          1.00000000
             1         D                1.09700000          1.00000000
             1         D                0.31800000          1.00000000
             1         D                0.10000000          1.00000000
             1         F                0.76100000          1.00000000
             1         F                0.26800000          1.00000000
    ... END DESCRIPTION OF BASIS
 
 
  END INFORMATION OF PARTICLES
 
 
  INFORMATION OF THE QUANTUM SYSTEM 
     ---------------------------------------------------------------------
                 ID     Occupied Orbitals     Basis size
     ---------------------------------------------------------------------
            E-ALPHA            7              110
             E-BETA            6              110
 
  END INFORMATION OF QUANTUM SYSTEM
 
                       INITIAL GEOMETRY: AMSTRONG
                 -----------------------------------
                       <x>                 <y>                 <z>
  E-ALPHAC        0.0000000000        0.0000000000        0.0000000000
  E-ALPHAC        0.0000000000        0.0000000000        9.9000000000
         C        0.0000000000        0.0000000000        0.0000000000
         C        0.0000000000        0.0000000000        9.9000000000
 
                     MATRIX OF DISTANCE: ANGSTROM
                 -----------------------------------
                          C(1)           C(2)      
 
        C(1)             0.000000       9.900000
        C(2)             9.900000       0.000000
 
--------------------------------------------------------------------------------
** PROGRAM: SCF (Hartree Fock).     Author: S.A. Gonzalez, E. Posada, F. Moncada
--------------------------------------------------------------------------------
INFO: RUNNING IN UHF MODE.
 
----------------------------------------------------------------------
** PROGRAM INTS                          Author: E. F. Posada, 2013   
----------------------------------------------------------------------
INFO: RUNNING IN ONE_PARTICLE MODE.
 
 Number of Overlap integrals for species E-ALPHA:  12100
 Number of Overlap integrals for species E-BETA:  12100
 Number of Kinetic integrals for species E-ALPHA:  12100
 Number of Kinetic integrals for species E-BETA:  12100
 Number of Nuclear integrals for species E-ALPHA:  12100
 Number of Nuclear integrals for species E-BETA:  12100
 Number of Moment integrals for species E-ALPHA:  36300
 Number of Moment integrals for species E-BETA:  36300
 
** TOTAL CPU Time INTS :      0.424 (s)
** TOTAL Elapsed Time INTS :      0.188 (s)
 
 Combination coefficients for E-ALPHA were read from usual_47.vec
     number of    E-ALPHA     particles in guess density matrix:     7.101557
 Warning!, density matrix with deviation from number of particles    7.000000
 Combination coefficients for E-BETA were read from usual_47.vec
     number of     E-BETA     particles in guess density matrix:     6.080647
 Warning!, density matrix with deviation from number of particles    6.000000
 Number of unique integrals for species: 1 = 1222096
 Number of unique integrals for species: 1 / 2 = 2453022 Screened: 37936
 
 TWO-BODY INTEGRAL SETUP: 
------------------------- 
 Storage:   DISK
 Scheme: LIBINT
 Stack size:  30000
 
 LIBINT library, Fermann, J. T.; Valeev, F. L. 2010                   
 LOWDIN-LIBINT Implementation V. 2.1  Posada E. F. ; Reyes A. 2016   
 ----------------------------------------------------------------------

*** TOTAL CPU time intra-species integrals :      0.694 (s)
*** TOTAL elapsed time intra-species integrals :      0.138 (s)


*** TOTAL CPU time inter-species integrals :      1.504 (s)
*** TOTAL elapsed time inter-species integrals :      0.346 (s)

INFO: RUNNING SCHEME SIMULTANEOUS
 
 Begin Multi-Species SCF calculation:
 
 --------------------------------------------------------------------------------------------------
      Iteration                   Energy            Energy Change           Density Change
 --------------------------------------------------------------------------------------------------
              1         -72.025188628034          72.025188628034           0.026847772043
              2         -64.676161051707          -7.349027576328           0.045448967680
              3         -66.421931937727           1.745770886021           0.051598676610
              4         -69.883803486883           3.461871549156           0.008874590639
              5         -73.047803280105           3.163999793222           0.013376421467
              6         -75.122173480786           2.074370200682           0.008416855031
              7         -75.343771337854           0.221597857068           0.002023885139
              8         -75.363237808613           0.019466470759           0.000899109769
              9         -75.366470890260           0.003233081647           0.000397339267
             10         -75.367282502950           0.000811612690           0.000235993997
             11         -75.367568883424           0.000286380473           0.000164328895
             12         -75.367706568702           0.000137685278           0.000127721615
             13         -75.367787733054           0.000081164352           0.000103904865
             14         -75.367840909468           0.000053176414           0.000086590736
             15         -75.367877410428           0.000036500961           0.000072780285
             16         -75.367902987610           0.000025577182           0.000061471176
             17         -75.367921085987           0.000018098377           0.000052025217
             18         -75.367933961195           0.000012875208           0.000044088883
             19         -75.367943151958           0.000009190763           0.000037392290
             20         -75.367949728828           0.000006576870           0.000031731342
             21         -75.367954444240           0.000004715412           0.000026939244
             22         -75.367957830303           0.000003386063           0.000022879044
             23         -75.367960264911           0.000002434608           0.000019436507
             24         -75.367962017299           0.000001752387           0.000016516042
             25         -75.367963279776           0.000001262478           0.000014037321
             26         -75.367964190001           0.000000910224           0.000011932710
             27         -75.367964846679           0.000000656678           0.000010145158
             28         -75.367965320696           0.000000474017           0.000008626478
             29         -75.367965663018           0.000000342322           0.000007335925
             30         -75.367965910330           0.000000247312           0.000006239012
             31         -75.367966089062           0.000000178731           0.000005306527
             32         -75.367966218266           0.000000129205           0.000004513707
             33         -75.367966311690           0.000000093424           0.000003839552
             34         -75.367966379256           0.000000067566           0.000003266241
             35         -75.367966428129           0.000000048873           0.000002778647
             36         -75.367966463486           0.000000035357           0.000002363923
             37         -75.367966489068           0.000000025582           0.000002011156
             38         -75.367966507580           0.000000018512           0.000001711074
             39         -75.367966520976           0.000000013397           0.000001455798
             40         -75.367966530672           0.000000009695           0.000001238629
 Total energy converged after  40 global iterations                                                  
 
 ...end Multi-Species SCF calculation
 
 
 Begin SCF calculation by: E-ALPHA
 -------------------------
 
 -----------------------------------------------------------------------------------
 Iteration                   Energy           Density Change         DIIS Error 
 -----------------------------------------------------------------------------------
    1         -20.896972486077           0.042537364150                 -- 
    2         -25.120152339316           0.049485635889                 -- 
    3         -26.386913097901           0.003376846996                 -- 
    4         -29.244500690769           0.005928844109                 -- 
    5         -31.263096192419           0.005473142822                 -- 
    6         -30.065211015783           0.001248826375                 -- 
    7         -30.293806754734           0.000368875981                 -- 
    8         -30.251985540151           0.000196002754                 -- 
    9         -30.260183085923           0.000098368918                 -- 
   10         -30.247231852440           0.000084784566                 -- 
   11         -30.240690404360           0.000067316750                 -- 
   12         -30.232709231691           0.000058858147                 -- 
   13         -30.226219564475           0.000050073251                 -- 
   14         -30.220396304093           0.000042990772                 -- 
   15         -30.215461902536           0.000036685113                 -- 
   16         -30.211240804080           0.000031307313                 -- 
   17         -30.207665097294           0.000026677170                 -- 
   18         -30.204634358223           0.000022723369                 -- 
   19         -30.202069394567           0.000019346997                 -- 
   20         -30.199897970734           0.000016469201                 -- 
   21         -30.198059399043           0.000014017424                 -- 
   22         -30.196501900265           0.000011929710                 -- 
   23         -30.195181881076           0.000010152391                 -- 
   24         -30.194062578137           0.000008639578                 -- 
   25         -30.193113039064           0.000007352027                 -- 
   26         -30.192307180531           0.000006256264                 -- 
   27         -30.191623009397           0.000005323759                 -- 
   28         -30.191041962810           0.000004530209                 -- 
   29         -30.190548358670           0.000003854920                 -- 
   30         -30.190128936353           0.000003280276                 -- 
   31         -30.189772473454           0.000002791282                 -- 
   32         -30.189469465356           0.000002375175                 -- 
   33         -30.189211856963           0.000002021093                 -- 
   34         -30.188992817693           0.000001719792                 -- 
   35         -30.188806552433           0.000001463406                 -- 
   36         -30.188648142447           0.000001245239                 -- 
   37         -30.188513411306           0.000001059596                 -- 
   38         -30.188398811731           0.000000901628                 -- 
   39         -30.188301330008           0.000000767209                 -- 
 
 ... end SCF calculation
 
 Begin SCF calculation by: E-BETA
 -------------------------
 
 -----------------------------------------------------------------------------------
 Iteration                   Energy           Density Change         DIIS Error 
 -----------------------------------------------------------------------------------
    1         -20.369609814818           0.002911603529                 -- 
    2         -22.186593191543           0.002113040721                 -- 
    3         -25.500188801961           0.005497743643                 -- 
    4         -29.052322535672           0.007447577358                 -- 
    5         -28.881612385125           0.002943712209                 -- 
    6         -27.504191581118           0.000775058764                 -- 
    7         -27.731253137473           0.000530233788                 -- 
    8         -27.680611679595           0.000201336513                 -- 
    9         -27.698383198450           0.000137625079                 -- 
   10         -27.700679925180           0.000079544328                 -- 
   11         -27.711170091969           0.000060404865                 -- 
   12         -27.719437841498           0.000045046718                 -- 
   13         -27.727698971526           0.000036517485                 -- 
   14         -27.734822087886           0.000029789513                 -- 
   15         -27.741082857880           0.000024786064                 -- 
   16         -27.746450987840           0.000020717903                 -- 
   17         -27.751050715936           0.000017411713                 -- 
   18         -27.754971505646           0.000014668921                 -- 
   19         -27.758310101408           0.000012384346                 -- 
   20         -27.761149548380           0.000010470044                 -- 
   21         -27.763563662055           0.000008861619                 -- 
   22         -27.765615725150           0.000007506797                 -- 
   23         -27.767360019305           0.000006363651                 -- 
   24         -27.768842772095           0.000005397743                 -- 
   25         -27.770103311235           0.000004580683                 -- 
   26         -27.771175044382           0.000003888894                 -- 
   27         -27.772086342225           0.000003302719                 -- 
   28         -27.772861293940           0.000002805717                 -- 
   29         -27.773520355340           0.000002384093                 -- 
   30         -27.774080899557           0.000002026251                 -- 
   31         -27.774557684538           0.000001722425                 -- 
   32         -27.774963249230           0.000001464377                 -- 
   33         -27.775308249283           0.000001245148                 -- 
   34         -27.775601741502           0.000001058855                 -- 
   35         -27.775851424965           0.000000900517                 -- 
   36         -27.776063845466           0.000000765917                 -- 
   37         -27.776244568936           0.000000651479                 -- 
   38         -27.776398328619           0.000000554171                 -- 
   39         -27.776529150000           0.000000471420                 -- 
 
 ... end SCF calculation
 
  EIGENVALUES AND EIGENVECTORS: 
 ==============================
 
 
  Eigenvalues for: E-ALPHA
 -----------------
 
    1         -11.292559903430
    2         -10.972057397859
    3          -0.775776327988
    4          -0.385194254976
    5          -0.385050481410
    6          -0.336014469778
    7          -0.039573277087
    8           0.070531320931
    9           0.115921626743
   10           0.142440949545
   11           0.149112641229
   12           0.167681457312
   13           0.230590289865
   14           0.231315824806
   15           0.231329793759
   16           0.256220313610
   17           0.352570906655
   18           0.357128231827
   19           0.358316306735
   20           0.358647335439
   21           0.358657162055
   22           0.361242832349
   23           0.415206113280
   24           0.415209243734
   25           0.458815054447
   26           0.461701501269
   27           0.495771383544
   28           0.520105201673
   29           0.529125117741
   30           0.529130923526
   31           0.537285756106
   32           0.545101009334
   33           0.545101010631
   34           0.656237781585
   35           0.733029829026
   36           0.733036075076
   37           1.072064293631
   38           1.072093452670
   39           1.086708519835
   40           1.087147414639
   41           1.090362691439
   42           1.121960135602
   43           1.133364624519
   44           1.134649566615
   45           1.135210011090
   46           1.140519352870
   47           1.140546926421
   48           1.148349342719
   49           1.148350297681
   50           1.169768720939
   51           1.171480899358
   52           1.196717781438
   53           1.351512968501
   54           1.359106738883
   55           1.365667094448
   56           1.365669766530
   57           1.370715008639
   58           1.374063585318
   59           1.374065902290
   60           1.381515428199
   61           1.381515428348
   62           1.393781466759
   63           1.393781466759
   64           1.410473975584
   65           1.410473975647
   66           1.417858055356
   67           1.472743119488
   68           1.472747513176
   69           1.918579757071
   70           2.122022837245
   71           3.080531570929
   72           3.081332415109
   73           3.097435380627
   74           3.368779800328
   75           3.418034577187
   76           3.418037074043
   77           3.430582992851
   78           3.430595540297
   79           3.436536740352
   80           3.436671972160
   81           3.438965771164
   82           3.486377975347
   83           3.488676939111
   84           3.488867194864
   85           3.496009181643
   86           3.496013711289
   87           3.508169218604
   88           3.508169436742
   89           3.756047706865
   90           3.769352291781
   91           3.769354035518
   92           3.796210854602
   93           3.800236321059
   94           3.800237879851
   95           3.812482326635
   96           3.812482326717
   97           3.812982271969
   98           3.812982271990
   99           3.833944283503
  100           3.833944283503
  101           6.119614485196
  102           6.416913075426
  103           7.272009241872
  104           7.300629630368
  105           7.301197642850
  106           7.543906696545
  107           7.549736810615
  108           7.549743488629
  109           8.501555639470
  110           8.797373806171
 
 
  Eigenvalues for: E-BETA
 -----------------
 
    1         -11.247520116022
    2         -10.991048056368
    3          -0.530389669553
    4          -0.449813595924
    5          -0.076515949890
    6          -0.076512716812
    7           0.090016323903
    8           0.111528545117
    9           0.113690916572
   10           0.129373376918
   11           0.184211447114
   12           0.219750731113
   13           0.220819721661
   14           0.228270247020
   15           0.235264046440
   16           0.249427724287
   17           0.249454495173
   18           0.362015340961
   19           0.368139006557
   20           0.369326476342
   21           0.379809271440
   22           0.380272613202
   23           0.381057946880
   24           0.401072962315
   25           0.511648872092
   26           0.513714663074
   27           0.513714669555
   28           0.515277990973
   29           0.531190782645
   30           0.531194837513
   31           0.540958840191
   32           0.542999273989
   33           0.546100471533
   34           0.643322086828
   35           0.643329689972
   36           0.721665891063
   37           1.132427375973
   38           1.144744146243
   39           1.144858930972
   40           1.145394633449
   41           1.149478945202
   42           1.150023002192
   43           1.161078788695
   44           1.161097598251
   45           1.168685131675
   46           1.178653567589
   47           1.178660025549
   48           1.181084951491
   49           1.181113235625
   50           1.216556623983
   51           1.256674963439
   52           1.257914246580
   53           1.311455473888
   54           1.311455473981
   55           1.335439057765
   56           1.356588080385
   57           1.356588080385
   58           1.358863547369
   59           1.358865247016
   60           1.369413823996
   61           1.369413824191
   62           1.375892236121
   63           1.375894786312
   64           1.376805361070
   65           1.379581764569
   66           1.403830321373
   67           1.403833642586
   68           1.462630035065
   69           1.932551792649
   70           2.113641157675
   71           3.117938803670
   72           3.169560328242
   73           3.170377694951
   74           3.355375586715
   75           3.355376753883
   76           3.405835142876
   77           3.495737192358
   78           3.511553675607
   79           3.511732631562
   80           3.523009257071
   81           3.529836732144
   82           3.530047953110
   83           3.550927181157
   84           3.550930671230
   85           3.562851393376
   86           3.562861941723
   87           3.587797683239
   88           3.587797858105
   89           3.714628537967
   90           3.714628537970
   91           3.756097919629
   92           3.756098202521
   93           3.768001989339
   94           3.768001989339
   95           3.771126663559
   96           3.786875807112
   97           3.786875807118
   98           3.798749415246
   99           3.798750300369
  100           3.802844263543
  101           6.161211891701
  102           6.398336192412
  103           7.279298455493
  104           7.320251836983
  105           7.320670194660
  106           7.535981964132
  107           7.535990605967
  108           7.550186633341
  109           8.531127202189
  110           8.784186943342
 
  end of eigenvalues 
 
  Occupied Eigenvectors for: E-ALPHA
 --------------------------- 
 
                         -11.2926       -10.9721        -0.7758        -0.3852        -0.3851   
 
    1      C     S      -0.000002       0.976027      -0.000008      -0.000000       0.000044
    2      C     S      -0.000004      -0.007676      -0.000016      -0.000000       0.000108
    3      C     S      -0.000018       0.044186      -0.000042      -0.000000       0.000196
    4      C     S       0.000071      -0.015549       0.000153       0.000000      -0.000608
    5      C     S       0.000044      -0.002985       0.000143       0.000000      -0.000822
    6      C    Px       0.000000       0.000000       0.000000       0.000000       0.000000
    7      C    Py      -0.000000      -0.000000      -0.000000      -0.000004       0.000000
    8      C    Pz       0.000007      -0.000001       0.000011       0.000000      -0.000037
    9      C    Px      -0.000000      -0.000000      -0.000000      -0.000000      -0.000000
   10      C    Py       0.000000       0.000000      -0.000000       0.000006      -0.000000
   11      C    Pz      -0.000025       0.000002      -0.000023      -0.000000       0.000071
   12      C    Px      -0.000000       0.000000      -0.000000      -0.000005      -0.000000
   13      C    Py       0.000000       0.000000       0.000000       0.000059       0.000000
   14      C    Pz      -0.000043       0.000003      -0.000141      -0.000000       0.000655
   15      C    Px       0.000000      -0.000000       0.000000       0.000003       0.000000
   16      C    Py       0.000000       0.000000      -0.000000      -0.000033      -0.000000
   17      C    Pz       0.000016      -0.000001       0.000070       0.000000      -0.000365
   18      C   Dxx      -0.000004       0.001716      -0.000007      -0.000000       0.000030
   19      C   Dxy       0.000000       0.000000      -0.000000      -0.000000      -0.000000
   20      C   Dxz      -0.000000       0.000000       0.000000       0.000000       0.000000
   21      C   Dyy      -0.000004       0.001716      -0.000007      -0.000000       0.000030
   22      C   Dyz      -0.000000       0.000000       0.000000      -0.000000      -0.000000
   23      C   Dzz      -0.000004       0.003796      -0.000007      -0.000000       0.000029
   24      C   Dxx      -0.000024       0.007569      -0.000056      -0.000000       0.000245
   25      C   Dxy      -0.000000      -0.000000       0.000000      -0.000000       0.000000
   26      C   Dxz       0.000000       0.000000      -0.000000      -0.000000      -0.000000
   27      C   Dyy      -0.000024       0.007569      -0.000056      -0.000000       0.000245
   28      C   Dyz       0.000000       0.000000      -0.000000       0.000001      -0.000000
   29      C   Dzz      -0.000025       0.007507      -0.000057      -0.000000       0.000259
   30      C   Dxx      -0.000025       0.002507      -0.000070      -0.000000       0.000371
   31      C   Dxy       0.000000       0.000000      -0.000000      -0.000000      -0.000000
   32      C   Dxz      -0.000000      -0.000000       0.000000       0.000000       0.000000
   33      C   Dyy      -0.000025       0.002507      -0.000070      -0.000000       0.000371
   34      C   Dyz      -0.000000      -0.000000       0.000000      -0.000001      -0.000000
   35      C   Dzz      -0.000024       0.002729      -0.000069      -0.000000       0.000352
   36      C  Fxxx       0.000000       0.000000       0.000000       0.000001       0.000000
   37      C  Fxxy      -0.000000      -0.000000      -0.000000      -0.000003       0.000000
   38      C  Fxxz       0.000006      -0.000001       0.000009       0.000000      -0.000034
   39      C  Fxyy       0.000000       0.000000       0.000000       0.000000       0.000000
   40      C  Fxyz      -0.000000       0.000000      -0.000000      -0.000000      -0.000000
   41      C  Fxzz       0.000000       0.000000       0.000000       0.000000       0.000000
   42      C  Fyyy      -0.000000      -0.000000       0.000000      -0.000007       0.000000
   43      C  Fyyz       0.000006      -0.000001       0.000009       0.000000      -0.000034
   44      C  Fyzz      -0.000000      -0.000000      -0.000000      -0.000003       0.000000
   45      C  Fzzz       0.000014      -0.000001       0.000020       0.000000      -0.000074
   46      C  Fxxx       0.000000      -0.000000       0.000000       0.000002       0.000000
   47      C  Fxxy      -0.000000      -0.000000      -0.000000      -0.000011       0.000000
   48      C  Fxxz       0.000011      -0.000001       0.000028       0.000000      -0.000121
   49      C  Fxyy       0.000000      -0.000000       0.000000       0.000001       0.000000
   50      C  Fxyz       0.000000       0.000000       0.000000       0.000000       0.000000
   51      C  Fxzz       0.000000      -0.000000       0.000000       0.000001      -0.000000
   52      C  Fyyy      -0.000000      -0.000000      -0.000000      -0.000025      -0.000000
   53      C  Fyyz       0.000011      -0.000001       0.000028       0.000000      -0.000121
   54      C  Fyzz      -0.000000      -0.000000      -0.000000      -0.000011       0.000000
   55      C  Fzzz       0.000024      -0.000002       0.000063       0.000000      -0.000271
   56      C     S       0.974578      -0.000002       0.004291       0.000000       0.000441
   57      C     S      -0.005271      -0.000004      -0.582396       0.000000       0.003269
   58      C     S       0.048306      -0.000019      -0.153910      -0.000000       0.001272
   59      C     S      -0.014148       0.000074      -0.344965       0.000000      -0.000336
   60      C     S      -0.002841       0.000047      -0.025665      -0.000000      -0.003845
   61      C    Px       0.000000       0.000000       0.000000      -0.027977       0.000000
   62      C    Py      -0.000000       0.000000      -0.000000       0.363545      -0.000000
   63      C    Pz       0.000018      -0.000008       0.000762      -0.000000      -0.364927
   64      C    Px      -0.000000      -0.000000      -0.000000      -0.037040       0.000000
   65      C    Py       0.000000      -0.000000       0.000000       0.481315      -0.000000
   66      C    Pz      -0.000103       0.000026       0.001019      -0.000000      -0.483124
   67      C    Px      -0.000000      -0.000000       0.000000      -0.022010       0.000000
   68      C    Py       0.000000      -0.000000       0.000000       0.286009      -0.000000
   69      C    Pz      -0.000037       0.000044      -0.001755      -0.000000      -0.286058
   70      C    Px       0.000000       0.000000      -0.000000      -0.001711       0.000000
   71      C    Py      -0.000000       0.000000      -0.000000       0.022236      -0.000000
   72      C    Pz       0.000006      -0.000017      -0.000350      -0.000000      -0.021715
   73      C   Dxx       0.000123      -0.000004       0.008933      -0.000000      -0.000026
   74      C   Dxy      -0.000173      -0.000000       0.001897       0.000000      -0.000003
   75      C   Dxz       0.000000      -0.000000      -0.000000       0.000007      -0.000000
   76      C   Dyy       0.002059      -0.000004      -0.012292      -0.000000       0.000002
   77      C   Dyz       0.000000       0.000000       0.000000      -0.000087       0.000000
   78      C   Dzz       0.002073      -0.000004      -0.012430      -0.000000       0.000141
   79      C   Dxx       0.006721      -0.000026       0.019643      -0.000000       0.000237
   80      C   Dxy      -0.000024       0.000000       0.003554      -0.000000       0.000002
   81      C   Dxz       0.000000       0.000000      -0.000000      -0.000037      -0.000000
   82      C   Dyy       0.006984      -0.000026      -0.020114      -0.000000       0.000213
   83      C   Dyz      -0.000000      -0.000000      -0.000000       0.000477      -0.000000
   84      C   Dzz       0.006985      -0.000026      -0.020176      -0.000000      -0.000625
   85      C   Dxx       0.002359      -0.000026       0.018521       0.000000       0.000741
   86      C   Dxy      -0.000007       0.000000       0.000966      -0.000000       0.000003
   87      C   Dxz       0.000000       0.000000      -0.000000      -0.000218      -0.000000
   88      C   Dyy       0.002432      -0.000026       0.007713      -0.000000       0.000710
   89      C   Dyz       0.000000       0.000000      -0.000000       0.002826      -0.000000
   90      C   Dzz       0.002432      -0.000025       0.008007      -0.000000      -0.004466
   91      C  Fxxx       0.000000       0.000000       0.000000      -0.000886      -0.000000
   92      C  Fxxy      -0.000000       0.000000      -0.000000       0.005164      -0.000000
   93      C  Fxxz       0.000021      -0.000007      -0.000033       0.000000      -0.005167
   94      C  Fxyy      -0.000000       0.000000       0.000000      -0.000683      -0.000000
   95      C  Fxyz      -0.000000      -0.000000       0.000000       0.000000       0.000111
   96      C  Fxzz      -0.000000       0.000000       0.000000      -0.000494      -0.000000
   97      C  Fyyy      -0.000000       0.000000      -0.000000       0.014276      -0.000000
   98      C  Fyyz       0.000022      -0.000007      -0.000034       0.000000      -0.006403
   99      C  Fyzz      -0.000000       0.000000      -0.000000       0.006417      -0.000000
  100      C  Fzzz       0.000049      -0.000015      -0.000070       0.000000      -0.014395
  101      C  Fxxx       0.000000       0.000000      -0.000000      -0.001696      -0.000000
  102      C  Fxxy      -0.000000       0.000000      -0.000000       0.009878      -0.000000
  103      C  Fxxz       0.000017      -0.000011       0.000007      -0.000000      -0.010071
  104      C  Fxyy       0.000000       0.000000      -0.000000      -0.001168       0.000000
  105      C  Fxyz      -0.000000      -0.000000       0.000014       0.000000       0.000158
  106      C  Fxzz       0.000000       0.000000      -0.000000      -0.000874       0.000000
  107      C  Fyyy      -0.000000       0.000000      -0.000000       0.025989      -0.000000
  108      C  Fyyz       0.000018      -0.000011      -0.000154      -0.000000      -0.011841
  109      C  Fyzz      -0.000000       0.000000      -0.000000       0.011357      -0.000000
  110      C  Fzzz       0.000041      -0.000025      -0.000414      -0.000000      -0.025861
 
                          -0.3360        -0.0396   
 
    1      C     S      -0.014010      -0.000009
    2      C     S       0.507876      -0.000008
    3      C     S       0.127566      -0.000030
    4      C     S       0.385930       0.000088
    5      C     S       0.060725       0.000207
    6      C    Px      -0.000000       0.000000
    7      C    Py      -0.000000       0.000000
    8      C    Pz      -0.000002       0.282101
    9      C    Px      -0.000000       0.000000
   10      C    Py       0.000000       0.000000
   11      C    Pz      -0.000000       0.358708
   12      C    Px       0.000000       0.000000
   13      C    Py       0.000000       0.000000
   14      C    Pz      -0.000007       0.355688
   15      C    Px      -0.000000       0.000000
   16      C    Py      -0.000000       0.000000
   17      C    Pz      -0.000010       0.260625
   18      C   Dxx      -0.006746      -0.000005
   19      C   Dxy       0.000000       0.000000
   20      C   Dxz       0.000000      -0.000000
   21      C   Dyy      -0.006746      -0.000005
   22      C   Dyz       0.000000       0.000000
   23      C   Dzz       0.023446      -0.000004
   24      C   Dxx      -0.014830      -0.000043
   25      C   Dxy       0.000000      -0.000000
   26      C   Dxz       0.000000       0.000000
   27      C   Dyy      -0.014831      -0.000042
   28      C   Dyz       0.000000      -0.000000
   29      C   Dzz       0.058227      -0.000043
   30      C   Dxx      -0.003682      -0.000078
   31      C   Dxy       0.000000       0.000000
   32      C   Dxz       0.000000       0.000000
   33      C   Dyy      -0.003685      -0.000082
   34      C   Dyz       0.000000       0.000000
   35      C   Dzz       0.043760      -0.000103
   36      C  Fxxx       0.000000       0.000000
   37      C  Fxxy      -0.000000       0.000000
   38      C  Fxxz      -0.000000       0.001596
   39      C  Fxyy       0.000000       0.000000
   40      C  Fxyz      -0.000000      -0.000000
   41      C  Fxzz       0.000000       0.000000
   42      C  Fyyy      -0.000000       0.000000
   43      C  Fyyz      -0.000000       0.001596
   44      C  Fyzz      -0.000000       0.000000
   45      C  Fzzz      -0.000001       0.022919
   46      C  Fxxx      -0.000000      -0.000000
   47      C  Fxxy      -0.000000      -0.000000
   48      C  Fxxz       0.000001      -0.002413
   49      C  Fxyy       0.000000      -0.000000
   50      C  Fxyz       0.000000       0.000000
   51      C  Fxzz      -0.000000       0.000000
   52      C  Fyyy      -0.000000      -0.000000
   53      C  Fyyz       0.000000      -0.002415
   54      C  Fyzz      -0.000000       0.000000
   55      C  Fzzz      -0.000004       0.038307
   56      C     S      -0.000038      -0.000481
   57      C     S      -0.000079      -0.001188
   58      C     S      -0.000163      -0.001714
   59      C     S       0.000462       0.001939
   60      C     S       0.000842       0.014962
   61      C    Px       0.000000       0.000000
   62      C    Py       0.000000       0.000000
   63      C    Pz      -0.000012       0.000004
   64      C    Px      -0.000000       0.000000
   65      C    Py       0.000000       0.000000
   66      C    Pz       0.000074       0.000380
   67      C    Px      -0.000000       0.000000
   68      C    Py      -0.000000      -0.000000
   69      C    Pz       0.000664       0.007215
   70      C    Px       0.000000       0.000000
   71      C    Py       0.000000       0.000000
   72      C    Pz      -0.000421      -0.006498
   73      C   Dxx      -0.000025      -0.000237
   74      C   Dxy       0.000000       0.000001
   75      C   Dxz      -0.000000       0.000000
   76      C   Dyy      -0.000025      -0.000244
   77      C   Dyz      -0.000000       0.000000
   78      C   Dzz      -0.000023      -0.000207
   79      C   Dxx      -0.000207      -0.002033
   80      C   Dxy       0.000000      -0.000000
   81      C   Dxz       0.000000      -0.000000
   82      C   Dyy      -0.000207      -0.002031
   83      C   Dyz      -0.000000       0.000000
   84      C   Dzz      -0.000217      -0.002197
   85      C   Dxx      -0.000348      -0.004947
   86      C   Dxy       0.000000       0.000003
   87      C   Dxz      -0.000000       0.000000
   88      C   Dyy      -0.000348      -0.004978
   89      C   Dyz      -0.000000       0.000000
   90      C   Dzz      -0.000319      -0.004358
   91      C  Fxxx       0.000000      -0.000000
   92      C  Fxxy      -0.000000       0.000000
   93      C  Fxxz      -0.000029      -0.000219
   94      C  Fxyy       0.000000      -0.000000
   95      C  Fxyz      -0.000000       0.000000
   96      C  Fxzz       0.000000      -0.000000
   97      C  Fyyy      -0.000000       0.000000
   98      C  Fyyz      -0.000029      -0.000221
   99      C  Fyzz      -0.000000       0.000000
  100      C  Fzzz      -0.000064      -0.000486
  101      C  Fxxx       0.000000      -0.000000
  102      C  Fxxy      -0.000000       0.000000
  103      C  Fxxz      -0.000115      -0.001096
  104      C  Fxyy      -0.000000      -0.000000
  105      C  Fxyz      -0.000000      -0.000000
  106      C  Fxzz       0.000000      -0.000000
  107      C  Fyyy      -0.000000       0.000000
  108      C  Fyyz      -0.000115      -0.001091
  109      C  Fyzz      -0.000000       0.000000
  110      C  Fzzz      -0.000258      -0.002470
 
 
  Occupied Eigenvectors for: E-BETA
 --------------------------- 
 
                         -11.2475       -10.9910        -0.5304        -0.4498        -0.0765   
 
    1      C     S      -0.000002      -0.975233      -0.000002       0.012421       0.000000
    2      C     S      -0.000004       0.006116      -0.000004      -0.529521       0.000000
    3      C     S      -0.000018      -0.046553      -0.000010      -0.134046      -0.000000
    4      C     S       0.000072       0.014718       0.000036      -0.380412       0.000000
    5      C     S       0.000045       0.002927       0.000034      -0.045886       0.000000
    6      C    Px       0.000000       0.000000      -0.000000      -0.000000       0.023472
    7      C    Py      -0.000000       0.000000      -0.000000       0.000000      -0.305005
    8      C    Pz       0.000008       0.000001       0.000002       0.000003       0.000000
    9      C    Px      -0.000000       0.000000       0.000000      -0.000000       0.030413
   10      C    Py       0.000000      -0.000000       0.000000      -0.000000      -0.395206
   11      C    Pz      -0.000026      -0.000002      -0.000004       0.000004       0.000000
   12      C    Px      -0.000000      -0.000000      -0.000000      -0.000000       0.028455
   13      C    Py      -0.000000      -0.000000       0.000000       0.000000      -0.369758
   14      C    Pz      -0.000044      -0.000003      -0.000029       0.000015       0.000000
   15      C    Px       0.000000       0.000000       0.000000       0.000000       0.013071
   16      C    Py       0.000000      -0.000000      -0.000000      -0.000000      -0.169856
   17      C    Pz       0.000017       0.000001       0.000015      -0.000001       0.000000
   18      C   Dxx      -0.000004      -0.002584      -0.000002      -0.014052      -0.000000
   19      C   Dxy       0.000000       0.000000      -0.000000       0.000000       0.000000
   20      C   Dxz      -0.000000       0.000000      -0.000000       0.000000      -0.000000
   21      C   Dyy      -0.000004      -0.002584      -0.000002      -0.014052      -0.000000
   22      C   Dyz      -0.000000       0.000000       0.000000       0.000000       0.000001
   23      C   Dzz      -0.000004      -0.000373      -0.000002       0.015244      -0.000000
   24      C   Dxx      -0.000025      -0.007178      -0.000013      -0.030780      -0.000000
   25      C   Dxy       0.000000       0.000000      -0.000000       0.000000      -0.000000
   26      C   Dxz       0.000000      -0.000000      -0.000000       0.000000       0.000000
   27      C   Dyy      -0.000025      -0.007178      -0.000013      -0.030780      -0.000000
   28      C   Dyz       0.000000      -0.000000       0.000000       0.000000      -0.000000
   29      C   Dzz      -0.000025      -0.007182      -0.000013       0.036653      -0.000000
   30      C   Dxx      -0.000025      -0.002582      -0.000016      -0.015492      -0.000000
   31      C   Dxy       0.000000      -0.000000      -0.000000      -0.000000       0.000000
   32      C   Dxz      -0.000000       0.000000      -0.000000       0.000000      -0.000001
   33      C   Dyy      -0.000025      -0.002582      -0.000016      -0.015489      -0.000000
   34      C   Dyz      -0.000000       0.000000       0.000000       0.000000       0.000017
   35      C   Dzz      -0.000024      -0.002378      -0.000017       0.016652      -0.000000
   36      C  Fxxx       0.000000      -0.000000      -0.000000       0.000000       0.001319
   37      C  Fxxy      -0.000000       0.000000      -0.000000       0.000000      -0.007665
   38      C  Fxxz       0.000007       0.000000       0.000002      -0.000000       0.000000
   39      C  Fxyy       0.000000       0.000000      -0.000000       0.000000       0.000590
   40      C  Fxyz      -0.000000      -0.000000       0.000000       0.000000       0.000000
   41      C  Fxzz       0.000000      -0.000000      -0.000000       0.000000      -0.000068
   42      C  Fyyy      -0.000000       0.000000      -0.000000       0.000000      -0.017139
   43      C  Fyyz       0.000007       0.000000       0.000002      -0.000000       0.000000
   44      C  Fyzz      -0.000000       0.000000      -0.000000       0.000000       0.000878
   45      C  Fzzz       0.000015       0.000001       0.000004      -0.000001       0.000000
   46      C  Fxxx       0.000000       0.000000      -0.000000       0.000000       0.001743
   47      C  Fxxy       0.000000       0.000000      -0.000000       0.000000      -0.010127
   48      C  Fxxz       0.000011       0.000001       0.000006      -0.000001       0.000000
   49      C  Fxyy       0.000000       0.000000      -0.000000       0.000000       0.000779
   50      C  Fxyz       0.000000      -0.000000      -0.000000      -0.000000       0.000000
   51      C  Fxzz       0.000000       0.000000      -0.000000       0.000000      -0.000642
   52      C  Fyyy       0.000000       0.000000      -0.000000       0.000000      -0.022642
   53      C  Fyyz       0.000011       0.000001       0.000006      -0.000001       0.000000
   54      C  Fyzz       0.000000       0.000000      -0.000000       0.000000       0.008342
   55      C  Fzzz       0.000025       0.000002       0.000013      -0.000004      -0.000000
   56      C     S       0.976510       0.000002       0.008720      -0.000008      -0.000000
   57      C     S      -0.008943       0.000004      -0.533868      -0.000014      -0.000000
   58      C     S       0.042555       0.000019      -0.136341      -0.000039      -0.000000
   59      C     S      -0.016078      -0.000074      -0.391485       0.000137       0.000000
   60      C     S      -0.002985      -0.000046      -0.022586       0.000140      -0.000000
   61      C    Px       0.000000      -0.000000       0.000000       0.000000       0.000002
   62      C    Py      -0.000000      -0.000000      -0.000000       0.000000      -0.000020
   63      C    Pz      -0.000030       0.000008      -0.002292      -0.000009      -0.000000
   64      C    Px      -0.000000       0.000000      -0.000000      -0.000000       0.000000
   65      C    Py       0.000000       0.000000       0.000000      -0.000000      -0.000001
   66      C    Pz       0.000132      -0.000027      -0.003074       0.000015       0.000000
   67      C    Px      -0.000000       0.000000      -0.000000      -0.000000      -0.000026
   68      C    Py       0.000000       0.000000       0.000000       0.000000       0.000341
   69      C    Pz       0.000048      -0.000045      -0.004275       0.000139      -0.000000
   70      C    Px       0.000000      -0.000000       0.000000       0.000000       0.000023
   71      C    Py      -0.000000      -0.000000      -0.000000       0.000000      -0.000298
   72      C    Pz      -0.000005       0.000017      -0.000681      -0.000076       0.000000
   73      C   Dxx       0.003543       0.000004      -0.015489      -0.000006      -0.000000
   74      C   Dxy       0.000098       0.000000      -0.001687       0.000000       0.000000
   75      C   Dxz       0.000000      -0.000000       0.000000       0.000000      -0.000000
   76      C   Dyy       0.002448       0.000004       0.003387      -0.000006      -0.000000
   77      C   Dyz       0.000000      -0.000000       0.000000       0.000000       0.000002
   78      C   Dzz       0.002440       0.000004       0.003524      -0.000006       0.000000
   79      C   Dxx       0.007495       0.000025      -0.036715      -0.000051      -0.000000
   80      C   Dxy      -0.000041      -0.000000      -0.003483       0.000000      -0.000000
   81      C   Dxz       0.000000       0.000000       0.000000      -0.000000       0.000001
   82      C   Dyy       0.007953       0.000025       0.002254      -0.000051      -0.000000
   83      C   Dyz      -0.000000       0.000000      -0.000000       0.000000      -0.000008
   84      C   Dzz       0.007956       0.000026       0.002594      -0.000051      -0.000000
   85      C   Dxx       0.002701       0.000026      -0.009313      -0.000067       0.000000
   86      C   Dxy       0.000015       0.000000      -0.000617      -0.000000       0.000000
   87      C   Dxz       0.000000      -0.000000       0.000000       0.000000      -0.000002
   88      C   Dyy       0.002533       0.000026      -0.002412      -0.000067       0.000000
   89      C   Dyz       0.000000      -0.000000       0.000000       0.000000       0.000027
   90      C   Dzz       0.002531       0.000025      -0.001875      -0.000066       0.000000
   91      C  Fxxx       0.000000      -0.000000       0.000000       0.000000       0.000002
   92      C  Fxxy      -0.000000      -0.000000      -0.000000       0.000000      -0.000012
   93      C  Fxxz      -0.000025       0.000007      -0.000095      -0.000007      -0.000000
   94      C  Fxyy       0.000000      -0.000000       0.000000       0.000000       0.000001
   95      C  Fxyz       0.000000      -0.000000      -0.000009       0.000000       0.000000
   96      C  Fxzz       0.000000      -0.000000       0.000000       0.000000       0.000001
   97      C  Fyyy      -0.000000      -0.000000      -0.000000       0.000000      -0.000028
   98      C  Fyyz      -0.000026       0.000007       0.000002      -0.000007       0.000000
   99      C  Fyzz      -0.000000      -0.000000      -0.000000       0.000000      -0.000012
  100      C  Fzzz      -0.000057       0.000015       0.000018      -0.000017      -0.000000
  101      C  Fxxx       0.000000      -0.000000       0.000000       0.000000       0.000010
  102      C  Fxxy      -0.000000      -0.000000      -0.000000      -0.000000      -0.000058
  103      C  Fxxz      -0.000022       0.000011      -0.000098      -0.000027       0.000000
  104      C  Fxyy       0.000000      -0.000000       0.000000       0.000000       0.000004
  105      C  Fxyz      -0.000000       0.000000      -0.000018      -0.000000      -0.000000
  106      C  Fxzz       0.000000      -0.000000       0.000000       0.000000       0.000004
  107      C  Fyyy      -0.000000      -0.000000      -0.000000       0.000000      -0.000127
  108      C  Fyyz      -0.000022       0.000011       0.000108      -0.000027       0.000000
  109      C  Fyzz      -0.000000      -0.000000      -0.000000       0.000000      -0.000058
  110      C  Fzzz      -0.000049       0.000025       0.000180      -0.000059       0.000000
 
                          -0.0765   
 
    1      C     S       0.000000
    2      C     S       0.000000
    3      C     S       0.000000
    4      C     S      -0.000000
    5      C     S      -0.000000
    6      C    Px       0.304999
    7      C    Py       0.023471
    8      C    Pz      -0.000000
    9      C    Px       0.395197
   10      C    Py       0.030412
   11      C    Pz      -0.000000
   12      C    Px       0.369742
   13      C    Py       0.028453
   14      C    Pz      -0.000000
   15      C    Px       0.169890
   16      C    Py       0.013074
   17      C    Pz      -0.000000
   18      C   Dxx       0.000000
   19      C   Dxy       0.000000
   20      C   Dxz      -0.000001
   21      C   Dyy       0.000000
   22      C   Dyz      -0.000000
   23      C   Dzz       0.000000
   24      C   Dxx       0.000000
   25      C   Dxy      -0.000000
   26      C   Dxz      -0.000001
   27      C   Dyy       0.000000
   28      C   Dyz      -0.000000
   29      C   Dzz       0.000000
   30      C   Dxx       0.000000
   31      C   Dxy       0.000000
   32      C   Dxz      -0.000014
   33      C   Dyy       0.000000
   34      C   Dyz      -0.000001
   35      C   Dzz       0.000000
   36      C  Fxxx       0.017140
   37      C  Fxxy       0.000590
   38      C  Fxxz      -0.000000
   39      C  Fxyy       0.007666
   40      C  Fxyz      -0.000000
   41      C  Fxzz      -0.000877
   42      C  Fyyy       0.001319
   43      C  Fyyz      -0.000000
   44      C  Fyzz      -0.000067
   45      C  Fzzz       0.000000
   46      C  Fxxx       0.022649
   47      C  Fxxy       0.000780
   48      C  Fxxz      -0.000000
   49      C  Fxyy       0.010127
   50      C  Fxyz      -0.000000
   51      C  Fxzz      -0.008340
   52      C  Fyyy       0.001743
   53      C  Fyyz      -0.000000
   54      C  Fyzz      -0.000642
   55      C  Fzzz       0.000000
   56      C     S      -0.000000
   57      C     S      -0.000000
   58      C     S       0.000000
   59      C     S      -0.000000
   60      C     S       0.000000
   61      C    Px       0.000023
   62      C    Py       0.000002
   63      C    Pz       0.000000
   64      C    Px       0.000005
   65      C    Py       0.000000
   66      C    Pz       0.000000
   67      C    Px      -0.000339
   68      C    Py      -0.000026
   69      C    Pz      -0.000000
   70      C    Px       0.000307
   71      C    Py       0.000024
   72      C    Pz       0.000000
   73      C   Dxx       0.000000
   74      C   Dxy       0.000000
   75      C   Dxz      -0.000002
   76      C   Dyy       0.000000
   77      C   Dyz      -0.000000
   78      C   Dzz       0.000000
   79      C   Dxx       0.000000
   80      C   Dxy      -0.000000
   81      C   Dxz       0.000009
   82      C   Dyy       0.000000
   83      C   Dyz       0.000001
   84      C   Dzz       0.000000
   85      C   Dxx      -0.000000
   86      C   Dxy      -0.000000
   87      C   Dxz      -0.000028
   88      C   Dyy       0.000000
   89      C   Dyz      -0.000002
   90      C   Dzz      -0.000000
   91      C  Fxxx       0.000028
   92      C  Fxxy       0.000001
   93      C  Fxxz       0.000000
   94      C  Fxyy       0.000012
   95      C  Fxyz       0.000000
   96      C  Fxzz       0.000012
   97      C  Fyyy       0.000002
   98      C  Fyyz      -0.000000
   99      C  Fyzz       0.000001
  100      C  Fzzz      -0.000000
  101      C  Fxxx       0.000130
  102      C  Fxxy       0.000005
  103      C  Fxxz      -0.000000
  104      C  Fxyy       0.000057
  105      C  Fxyz      -0.000000
  106      C  Fxzz       0.000059
  107      C  Fyyy       0.000010
  108      C  Fyyz      -0.000000
  109      C  Fyzz       0.000005
  110      C  Fzzz      -0.000000
 
 
  end of eigenvectors 
 
  END OF EIGENVALUES AND EIGENVECTORS
 
 
  COMPONENTS OF KINETIC ENERGY: 
 -----------------------------
 
             E-ALPHA Kinetic energy =           38.421167269119
              E-BETA Kinetic energy =           36.926444802593
                                     _________________________
               Total kinetic energy =           75.347612071712
 
  COMPONENTS OF POTENTIAL ENERGY: 
 -------------------------------
 
          Fixed potential energy    =            1.924280906327
 
  Quantum/Fixed interaction energy: 
 ----------------------------------
 
     E-ALPHA/Fixed interact. energy =          -93.938851264665
      E-BETA/Fixed interact. energy =          -88.435215333350
                                     _________________________
               Total Q/Fixed energy =         -182.374066598015
 
  Coulomb energy: 
 ------------------
 
     E-ALPHA/E-ALPHA Hartree energy =           11.395763036612
       E-BETA/E-BETA Hartree energy =            9.307100944353
      E-ALPHA/E-BETA Hartree energy =           19.327395127257
                                     _________________________
               Total Hartree energy =           40.030259108222
 
  Exchange(HF) energy: 
 ----------------------
 
            E-ALPHA Exchange energy =           -5.393719667710
             E-BETA Exchange energy =           -4.902332358225
                                     _________________________
              Total Exchange energy =          -10.296052025936
 
  TOTAL ENERGY COMPONENTS: 
 ==========================
 
          TOTAL KINETIC ENERGY      =           75.347612071712
          TOTAL POTENTIAL ENERGY    =         -150.715578609402
                                     _________________________
                       TOTAL ENERGY =          -75.367966537689
 
                 VIRIAL RATIO (V/T) =            2.000270140824
 
 
  END ENERGY COMPONENTS
 
 
** TOTAL CPU Time SCF :     10.729 (s)
** TOTAL Elapsed Time SCF :      2.303 (s)
 
 We are calculating properties for E-ALPHA in the HF/KS ground state
 We are calculating properties for E-BETA in the HF/KS ground state
 
  POPULATION ANALYSES: 
 ====================
 
 MULLIKEN Population: for E-        
 ---------------------
 
                          total          spin      
 
    1      C     S       1.950787       0.000886
    2      C     S       0.974156      -0.024762
    3      C     S       0.218188      -0.007129
    4      C     S       0.703386       0.008710
    5      C     S       0.071712       0.011311
    6      C    Px       0.200082      -0.200082
    7      C    Py       0.200089      -0.200089
    8      C    Pz       0.172588       0.172588
    9      C    Px       0.359870      -0.359870
   10      C    Py       0.359881      -0.359881
   11      C    Pz       0.314151       0.314151
   12      C    Px       0.314754      -0.314754
   13      C    Py       0.314766      -0.314766
   14      C    Pz       0.310194       0.310194
   15      C    Px       0.090961      -0.090961
   16      C    Py       0.090939      -0.090939
   17      C    Pz       0.158902       0.158902
   18      C   Dxx       0.005629      -0.013452
   19      C   Dxy       0.000000       0.000000
   20      C   Dxz       0.000000      -0.000000
   21      C   Dyy       0.005629      -0.013453
   22      C   Dyz       0.000000      -0.000000
   23      C   Dzz       0.006790       0.025255
   24      C   Dxx       0.011516      -0.029459
   25      C   Dxy      -0.000000       0.000000
   26      C   Dxz       0.000000      -0.000000
   27      C   Dyy       0.011516      -0.029459
   28      C   Dyz      -0.000000       0.000000
   29      C   Dzz       0.019172       0.062186
   30      C   Dxx       0.004377      -0.006924
   31      C   Dxy       0.000000       0.000000
   32      C   Dxz       0.000000      -0.000000
   33      C   Dyy       0.004375      -0.006924
   34      C   Dyz       0.000000      -0.000000
   35      C   Dzz       0.012767       0.023213
   36      C  Fxxx       0.013028      -0.013028
   37      C  Fxxy       0.004342      -0.004342
   38      C  Fxxz       0.000848       0.000848
   39      C  Fxyy       0.004343      -0.004343
   40      C  Fxyz      -0.000000      -0.000000
   41      C  Fxzz      -0.000486       0.000486
   42      C  Fyyy       0.013028      -0.013028
   43      C  Fyyz       0.000848       0.000848
   44      C  Fyzz      -0.000486       0.000486
   45      C  Fzzz       0.016745       0.016745
   46      C  Fxxx       0.016355      -0.016355
   47      C  Fxxy       0.005451      -0.005451
   48      C  Fxxz      -0.001286      -0.001286
   49      C  Fxyy       0.005451      -0.005451
   50      C  Fxyz       0.000000       0.000000
   51      C  Fxzz      -0.004359       0.004359
   52      C  Fyyy       0.016350      -0.016350
   53      C  Fyyz      -0.001287      -0.001287
   54      C  Fyzz      -0.004360       0.004360
   55      C  Fzzz       0.028217       0.028217
   56      C     S       1.950234      -0.002211
   57      C     S       1.064118       0.052281
   58      C     S       0.243330       0.018231
   59      C     S       0.663050      -0.051304
   60      C     S       0.030000       0.000915
   61      C    Px       0.001591       0.001591
   62      C    Py       0.268655       0.268655
   63      C    Pz       0.270628       0.270605
   64      C    Px       0.002702       0.002702
   65      C    Py       0.456201       0.456201
   66      C    Pz       0.459338       0.459292
   67      C    Px       0.001278       0.001278
   68      C    Py       0.215790       0.215790
   69      C    Pz       0.216320       0.216259
   70      C    Px       0.000048       0.000048
   71      C    Py       0.008055       0.008055
   72      C    Pz       0.007938       0.007933
   73      C   Dxx       0.004980      -0.016408
   74      C   Dxy       0.000014       0.000001
   75      C   Dxz      -0.000000      -0.000000
   76      C   Dyy       0.006677       0.010351
   77      C   Dyz      -0.000000      -0.000000
   78      C   Dzz       0.006686       0.010533
   79      C   Dxx       0.013006      -0.035924
   80      C   Dxy       0.000035       0.000002
   81      C   Dxz       0.000000       0.000000
   82      C   Dyy       0.011653       0.014083
   83      C   Dyz       0.000001       0.000001
   84      C   Dzz       0.011482       0.014335
   85      C   Dxx      -0.001927      -0.008525
   86      C   Dxy       0.000005       0.000001
   87      C   Dxz       0.000000       0.000000
   88      C   Dyy      -0.001550      -0.003171
   89      C   Dyz       0.000009       0.000009
   90      C   Dzz      -0.001790      -0.003054
   91      C  Fxxx       0.000054       0.000054
   92      C  Fxxy       0.003067       0.003067
   93      C  Fxxz       0.003079       0.003078
   94      C  Fxyy       0.000031       0.000031
   95      C  Fxyz       0.000000       0.000000
   96      C  Fxzz       0.000023       0.000023
   97      C  Fyyy       0.011405       0.011405
   98      C  Fyyz       0.003825       0.003825
   99      C  Fyzz       0.003820       0.003820
  100      C  Fzzz       0.011535       0.011535
  101      C  Fxxx       0.000084       0.000084
  102      C  Fxxy       0.004760       0.004760
  103      C  Fxxz       0.004866       0.004865
  104      C  Fxyy       0.000044       0.000044
  105      C  Fxyz       0.000000       0.000000
  106      C  Fxzz       0.000033       0.000033
  107      C  Fyyy       0.016860       0.016860
  108      C  Fyyz       0.005739       0.005740
  109      C  Fyzz       0.005490       0.005490
  110      C  Fzzz       0.016811       0.016813
 
                           __________     __________
              Total =       13.000000       1.000000
 
  Atomic MULLIKEN Population: for E-        
            C                6.999919      -1.000080
            C                6.000081       2.000080
 
 ...end of MULLIKEN Population
 
 
 END POPULATION ANALYSES 
 
 
  POPULATION ANALYSES: 
 ====================
 
 LOWDIN Population: for E-        
 ---------------------
 
                          total          spin      
 
    1      C     S       1.609867       0.000236
    2      C     S       0.562715      -0.008333
    3      C     S       0.397459      -0.006072
    4      C     S       0.321052       0.003474
    5      C     S       0.117155       0.007448
    6      C    Px       0.184156      -0.184156
    7      C    Py       0.184163      -0.184163
    8      C    Pz       0.157079       0.157079
    9      C    Px       0.174102      -0.174102
   10      C    Py       0.174107      -0.174107
   11      C    Pz       0.155414       0.155414
   12      C    Px       0.168165      -0.168165
   13      C    Py       0.168163      -0.168163
   14      C    Pz       0.180414       0.180414
   15      C    Px       0.088610      -0.088610
   16      C    Py       0.088594      -0.088594
   17      C    Pz       0.141468       0.141468
   18      C   Dxx       0.154185      -0.018765
   19      C   Dxy       0.000000       0.000000
   20      C   Dxz       0.000000      -0.000000
   21      C   Dyy       0.154185      -0.018766
   22      C   Dyz       0.000000      -0.000000
   23      C   Dzz       0.155876       0.025292
   24      C   Dxx       0.145379      -0.023304
   25      C   Dxy       0.000000       0.000000
   26      C   Dxz       0.000000      -0.000000
   27      C   Dyy       0.145378      -0.023305
   28      C   Dyz       0.000000      -0.000000
   29      C   Dzz       0.153321       0.051439
   30      C   Dxx       0.025785      -0.004147
   31      C   Dxy       0.000000       0.000000
   32      C   Dxz       0.000000      -0.000000
   33      C   Dyy       0.025784      -0.004147
   34      C   Dyz       0.000000      -0.000000
   35      C   Dzz       0.031858       0.018949
   36      C  Fxxx       0.112530      -0.112530
   37      C  Fxxy       0.048783      -0.048783
   38      C  Fxxz       0.039499       0.039499
   39      C  Fxyy       0.048781      -0.048781
   40      C  Fxyz       0.000000       0.000000
   41      C  Fxzz       0.044006      -0.044006
   42      C  Fyyy       0.112533      -0.112533
   43      C  Fyyz       0.039499       0.039499
   44      C  Fyzz       0.044007      -0.044007
   45      C  Fzzz       0.102185       0.102185
   46      C  Fxxx       0.100153      -0.100153
   47      C  Fxxy       0.043037      -0.043037
   48      C  Fxxz       0.038865       0.038865
   49      C  Fxyy       0.043036      -0.043036
   50      C  Fxyz       0.000000       0.000000
   51      C  Fxzz       0.036461      -0.036461
   52      C  Fyyy       0.100152      -0.100152
   53      C  Fyyz       0.038864       0.038864
   54      C  Fyzz       0.036461      -0.036461
   55      C  Fzzz       0.106651       0.106651
   56      C     S       1.610661      -0.000627
   57      C     S       0.592019       0.015087
   58      C     S       0.417280       0.013363
   59      C     S       0.308300      -0.012447
   60      C     S       0.091774      -0.009282
   61      C    Px       0.001481       0.001481
   62      C    Py       0.250026       0.250026
   63      C    Pz       0.251865       0.251843
   64      C    Px       0.001253       0.001253
   65      C    Py       0.211894       0.211894
   66      C    Pz       0.213320       0.213298
   67      C    Px       0.000687       0.000687
   68      C    Py       0.116112       0.116112
   69      C    Pz       0.116486       0.116459
   70      C    Px       0.000118       0.000118
   71      C    Py       0.019926       0.019926
   72      C    Pz       0.019891       0.019882
   73      C   Dxx       0.167172      -0.010744
   74      C   Dxy       0.000015       0.000001
   75      C   Dxz       0.000000       0.000000
   76      C   Dyy       0.168749       0.017836
   77      C   Dyz       0.000000       0.000000
   78      C   Dzz       0.168715       0.018013
   79      C   Dxx       0.142212      -0.031438
   80      C   Dxy       0.000031       0.000002
   81      C   Dxz       0.000000       0.000000
   82      C   Dyy       0.141661       0.006745
   83      C   Dyz       0.000002       0.000002
   84      C   Dzz       0.141450       0.006966
   85      C   Dxx       0.016997      -0.008458
   86      C   Dxy       0.000007       0.000001
   87      C   Dxz       0.000000       0.000000
   88      C   Dyy       0.016527      -0.002491
   89      C   Dyz       0.000008       0.000008
   90      C   Dzz       0.016422      -0.002401
   91      C  Fxxx       0.000790       0.000790
   92      C  Fxxy       0.058174       0.058174
   93      C  Fxxz       0.058572       0.058565
   94      C  Fxyy       0.000356       0.000356
   95      C  Fxyz       0.000000       0.000000
   96      C  Fxzz       0.000348       0.000348
   97      C  Fyyy       0.135214       0.135214
   98      C  Fyyz       0.059244       0.059238
   99      C  Fyzz       0.058817       0.058817
  100      C  Fzzz       0.136106       0.136092
  101      C  Fxxx       0.000455       0.000455
  102      C  Fxxy       0.032485       0.032485
  103      C  Fxxz       0.032650       0.032642
  104      C  Fxyy       0.000203       0.000203
  105      C  Fxyz       0.000000       0.000000
  106      C  Fxzz       0.000195       0.000195
  107      C  Fyyy       0.078444       0.078444
  108      C  Fyyz       0.033258       0.033252
  109      C  Fyzz       0.033011       0.033011
  110      C  Fzzz       0.078679       0.078664
 
                           __________     __________
              Total =       13.000000       1.000000
 
  Atomic LOWDIN Population: for E-        
            C                6.999938      -1.000062
            C                6.000062       2.000062
 
 ...end of LOWDIN Population
 
 
 END POPULATION ANALYSES 
 
 
  EXPECTED POSITIONS OF QUANTUM SPECIES:
 ======================
 
 POSITIONS IN ANGSTROMS
 ------
 
                        <x>      <y>      <z>         
            E-ALPHA  -0.0000  -0.0000  39.6110
             E-BETA  -0.0000   0.0000  19.8086
 
 END EXPECTED POSITIONS
 
 
  ELECTROSTATIC MOMENTS:
 ======================
 
 
 DIPOLE: (A.U.)
 ------
 
                           <Dx>         <Dy>         <Dz>          |D|
            E-ALPHA   0.00000000   0.00000000 -74.85395990
             E-BETA   0.00000000  -0.00000000 -37.43273800
    Point charges:    0.00000000   0.00000000 112.24972367
                     ____________________________
      Total Dipole:   0.00000000  -0.00000000  -0.03697423   0.03697423
 
 DIPOLE: (DEBYE)
 ------
 
                           <Dx>         <Dy>         <Dz>          |D|
            E-ALPHA   0.00000000   0.00000000-190.25976361
             E-BETA   0.00000000  -0.00000000 -95.14451730
    Point charges:    0.00000000   0.00000000 285.31030180
                     ____________________________
      Total Dipole:   0.00000000  -0.00000000  -0.09397911   0.09397911
 
 QUADRUPOLE NON-TRACELESS: (DEBYE ANGS)
 ------
 
                           <xx>         <yy>         <zz>         <xy>         <xz>         <yz>
            E-ALPHA   -6.84173713   -8.99241419-1897.96691319    0.16649202   -0.00000000   -0.00000000
             E-BETA  -10.02721348   -9.85334399 -948.34332521   -0.01345989    0.00000000    0.00000000
    Point charges:     0.00000000    0.00000000 2824.57166563    0.00000000    0.00000000    0.00000000
  Total Quadrupole:  -16.86895061  -18.84575817  -21.73857277    0.15303213   -0.00000000   -0.00000000
                     ____________________________
 
 END ELECTROSTATIC MOMENTS
 
 
 BEGIN FOUR-INDEX INTEGRALS TRANFORMATION:
 ========================================
 Selected method: C         
 
 --------------------------------------------------
    4N^5 Algorithm Four-index integral tranformation
 --------------------------------------------------
 
 Integrals transformation for: E-ALPHA
 
              Transformation boundaries 
                 orbital lower upper
                       p     1     7
                       q     8   110
                       r     1     7
                       s     8   110
 
         Loading AO integrals time(s):  0.784E-02
      Integral transformation time(s):  0.168E+01
       Non-zero transformed integrals:       126370
 
 Inter-species integrals transformation for: E-ALPHA/E-BETA
 
              Transformation boundaries 
                 orbital lower upper
                       p     1     6
                       q     7   110
                       r     1     7
                       s     8   110
 
         Loading AO integrals time(s):  0.920E-02
      Integral transformation time(s):  0.659E+01
 Non zero transformed coupling integrals:       118224
 
 Integrals transformation for: E-BETA
 
              Transformation boundaries 
                 orbital lower upper
                       p     1     6
                       q     7   110
                       r     1     6
                       s     7   110
 
         Loading AO integrals time(s):  0.556E-02
      Integral transformation time(s):  0.153E+01
       Non-zero transformed integrals:        74394
 
** TOTAL Elapsed Time for integrals transformation :     10.069 (s)
 
 
  POST HARTREE-FOCK CALCULATION
  MANY-BODY PERTURBATION THEORY:
 ==============================
 
              MOLLER-PLESSET FORMALISM 
               ORDER OF CORRECTION =     2
 
                E(0) + E(1) =     -75.367966537689
                       E(2) =      -0.191021023053
                             ____________________
                     E(MP2) =     -75.558987560742
 
              -----------------------------------
               E(n){ Specie }     E(n) / Hartree 
              -----------------------------------
 
            E(2){ E-ALPHA } =      -0.019230303446
             E(2){ E-BETA } =      -0.016192857299
 
     E(2){ E-ALPHA/E-BETA } =      -0.155597862307
 
** TOTAL CPU Time HF-MBPT :      0.568 (s)
** TOTAL Elapsed Time HF-MBPT :      0.333 (s)
 

  TOTAL CPU Time:      0.241 (s)
 TOTAL Wall Time:     12.767 (s)
  Elapsed Time:   0h  0m 12s 768ms
LOWDIN execution terminated normally at : Thu Feb  6 14:40:05 2025
-rw-rw-r-- 1 pohl pohl  14M feb  6 14:39 0E-ALPHA.E-BETA.ints
-rw-rw-r-- 1 pohl pohl 7.6M feb  6 14:39 0E-ALPHA.ints
-rw-rw-r-- 1 pohl pohl  15M feb  6 14:39 1E-ALPHA.E-BETA.ints
-rw-rw-r-- 1 pohl pohl 7.6M feb  6 14:39 1E-ALPHA.ints
-rw-rw-r-- 1 pohl pohl  14M feb  6 14:39 2E-ALPHA.E-BETA.ints
-rw-rw-r-- 1 pohl pohl 7.6M feb  6 14:39 2E-ALPHA.ints
-rw-rw-r-- 1 pohl pohl  15M feb  6 14:39 3E-ALPHA.E-BETA.ints
-rw-rw-r-- 1 pohl pohl 7.6M feb  6 14:39 3E-ALPHA.ints
-rw-rw-r-- 1 pohl pohl   12 feb  6 14:39 E-ALPHA.E-BETA.nints
-rw-rw-r-- 1 pohl pohl 4.2M feb  6 14:39 E-ALPHAmoint.dat
-rw-rw-r-- 1 pohl pohl 2.8M feb  6 14:40 E-BETA.E-ALPHAmoint.dat
-rw-rw-r-- 1 pohl pohl 4.2M feb  6 14:40 E-BETAmoint.dat
-rw-rw-r-- 1 pohl pohl   64 feb  6 14:39 gepol.inp
-rw-rw-r-- 1 pohl pohl  182 feb  6 14:39 gepol.xyzr
-rw-rw-r-- 1 pohl pohl  13K feb  6 14:39 lowdin.bas
-rw-rw-r-- 1 pohl pohl  16K feb  6 14:39 lowdin.dat
-rw-rw-r-- 1 pohl pohl 2.3M feb  6 14:39 lowdin.opints
-rw-rw-r-- 1 pohl pohl  46K feb  6 14:39 lowdin.sys
-rw-rw-r-- 1 pohl pohl 2.1M feb  6 14:39 lowdin.wfn
-rw-rw-r-- 1 pohl pohl  258 feb  6 14:39 usual_47
-rw-rw-r-- 1 pohl pohl 1.1K feb  6 14:39 usual_47.aux
-rw-rw-r-- 1 pohl pohl  266 feb  6 14:39 usual_47.lowdin
-rw-rw-r-- 1 pohl pohl  77K feb  6 14:40 usual_47.out
-rw-rw-r-- 1 pohl pohl 192K feb  6 14:39 usual_47.vec
