Begin job by input: usual_35.lowdin, for user:   at  jue 06 feb 2025 14:37:15 -05
under operating system Linux helios 5.19.0-46-generic #47-Ubuntu SMP PREEMPT_DYNAMIC Fri Jun 16 13:30:11 UTC 2023 x86_64 x86_64 x86_64 GNU/Linux
Compilation information
  commit: f31d3924f6ee2ce9d77f07edcc1ba27359319d14
  compilation date:  mar 17 sep 2024 16:16:17 -05

BEGIN INPUT INFO:
------------------------------------

GEOMETRY
	e-(C)	AUG-CC-PVTZ 0.0 0.0 0.0 multiplicity=2 addParticles=1 
	e-(C)	AUG-CC-PVTZ 0.0 0.0 7.5 
	C	Dirac 0.0 0.0 0.0
	C	Dirac 0.0 0.0 7.5
END GEOMETRY

TASKS
        method = "UHF"
	mollerPlessetCorrection=2
END TASKS

CONTROL
	units="ANGS"
END CONTROL






... END INPUT INFO


 LOWDIN execution started at : Thu Feb  6 14:37:15 2025
 ---------------------------------------------------------------
 
 ***************************************************************
 *                   LOWDIN 2.0  (May/2013)                    *
 *                                                             *
 *  R. FLORES-MORENO, E. F. POSADA, F. S. MONCADA, J.ROMERO,   *
 *  J. CHARRY, M. DIAZ-TINOCO, S. A. GONZALEZ, N. F. AGUIRRE,  *
 *  A. REYES                                                   *
 *                                                             *
 *  https://sites.google.com/site/lowdinproject/               *
 *                                                             *
 ***************************************************************
 
 PARSING INPUT... DONE!
 
 LOWDIN IS RUNNING WITH NEXT PARAMETERS: 
 ----------------------------------------
 
         METHOD TYPE:  UHF
         NUMBER OF CORES:     4
         MOLLER PLESSET CORRECTION:      2
         NONELECTRONIC DENSITY GUESS: HCORE
         ELECTRONIC DENSITY GUESS: HCORE
         CRITERIUM OF CONVERGENCE: ENERGY
         NONELECTRONIC ENERGY TOLERANCE IN SCFs:     0.10000E-07
         ELECTRONIC ENERGY TOLERANCE IN SCFs:     0.10000E-07
         TOTAL ENERGY TOLERANCE IN SCFs:     0.10000E-07
         SCHEME OF ITERATION: GLOBAL ITERATIONS
         SCF MAX. SUBITERATIONS - NONELECTRONS :     1
         SCF MAX. SUBITERATIONS - ELECTRONS :     1
         SCF MAX. ITERATIONS - INTERSPECIES :   200
         INTEGRAL STORAGE: DISK
         STACK SIZE FOR ERIS : 30000
         METHOD OF SCF CONVERGENCE: DAMPING
 
  MOLECULAR SYSTEM: usual_35
 -----------------
 
    DESCRIPTION   : usual_35
    CHARGE        :   0
    PUNTUAL GROUP : NONE
 
 
  INFORMATION OF PARTICLES :
 =========================
         Total number of particles   =      15
         Number of quantum particles =      13
         Number of puntual charges   =       2
         Number of quantum species   =       2
 
                 INFORMATION OF QUANTUM SPECIES 
    ----------------------------------------------------------------------
         ID      Symbol            mass     charge      omega     spin     multiplicity
    ----------------------------------------------------------------------
         1        E-ALPHA         1.0000     -1.00      0.00      0.50      2.00
         2         E-BETA         1.0000     -1.00      0.00      0.50      2.00
 
                   CONSTANTS OF COUPLING 
      ------------------------------------------------------------
              Symbol      kappa        eta     lambda occupation
      ------------------------------------------------------------
             E-ALPHA      -1.00       1.00       1.00       7.00
              E-BETA      -1.00       1.00       1.00       6.00
 
                   BASIS SET FOR SPECIES 
      ------------------------------------------------------------
           Symbol          N. Basis     N. Particles     Basis Set
      ------------------------------------------------------------
            E-ALPHA           28                7     AUG-CC-PVT
             E-BETA           28                6     AUG-CC-PVT
 
                                ATOMIC BASIS
         ------------------------------------------------------------
          PRIMITIVE   SHELL             EXPONENT         COEFFICIENT 
         ------------------------------------------------------------
 
    BEGIN DESCRIPTION OF BASIS FOR: E-ALP
    ==============================
 
 
             C BASIS SET:    AUG-CC-PVTZ
             1         S             8236.00000000          0.00053100
             2         S             1235.00000000          0.00410800
             3         S              280.80000000          0.02108700
             4         S               79.27000000          0.08185300
             5         S               25.59000000          0.23481700
             6         S                8.99700000          0.43440100
             7         S                3.31900000          0.34612900
             8         S                0.36430000         -0.00898300
             1         S             8236.00000000         -0.00011300
             2         S             1235.00000000         -0.00087800
             3         S              280.80000000         -0.00454000
             4         S               79.27000000         -0.01813300
             5         S               25.59000000         -0.05576000
             6         S                8.99700000         -0.12689500
             7         S                3.31900000         -0.17035200
             8         S                0.36430000          0.59868400
             1         S                0.90590000          1.00000000
             1         S                0.12850000          1.00000000
             1         S                0.04402000          1.00000000
             1         P               18.71000000          0.01403100
             2         P                4.13300000          0.08686600
             3         P                1.20000000          0.29021600
             1         P                0.38270000          1.00000000
             1         P                0.12090000          1.00000000
             1         P                0.03569000          1.00000000
             1         D                1.09700000          1.00000000
             1         D                0.31800000          1.00000000
             1         D                0.10000000          1.00000000
             1         F                0.76100000          1.00000000
             1         F                0.26800000          1.00000000
 
             C BASIS SET:    AUG-CC-PVTZ
             1         S             8236.00000000          0.00053100
             2         S             1235.00000000          0.00410800
             3         S              280.80000000          0.02108700
             4         S               79.27000000          0.08185300
             5         S               25.59000000          0.23481700
             6         S                8.99700000          0.43440100
             7         S                3.31900000          0.34612900
             8         S                0.36430000         -0.00898300
             1         S             8236.00000000         -0.00011300
             2         S             1235.00000000         -0.00087800
             3         S              280.80000000         -0.00454000
             4         S               79.27000000         -0.01813300
             5         S               25.59000000         -0.05576000
             6         S                8.99700000         -0.12689500
             7         S                3.31900000         -0.17035200
             8         S                0.36430000          0.59868400
             1         S                0.90590000          1.00000000
             1         S                0.12850000          1.00000000
             1         S                0.04402000          1.00000000
             1         P               18.71000000          0.01403100
             2         P                4.13300000          0.08686600
             3         P                1.20000000          0.29021600
             1         P                0.38270000          1.00000000
             1         P                0.12090000          1.00000000
             1         P                0.03569000          1.00000000
             1         D                1.09700000          1.00000000
             1         D                0.31800000          1.00000000
             1         D                0.10000000          1.00000000
             1         F                0.76100000          1.00000000
             1         F                0.26800000          1.00000000
    ... END DESCRIPTION OF BASIS
 
 
  END INFORMATION OF PARTICLES
 
 
  INFORMATION OF THE QUANTUM SYSTEM 
     ---------------------------------------------------------------------
                 ID     Occupied Orbitals     Basis size
     ---------------------------------------------------------------------
            E-ALPHA            7              110
             E-BETA            6              110
 
  END INFORMATION OF QUANTUM SYSTEM
 
                       INITIAL GEOMETRY: AMSTRONG
                 -----------------------------------
                       <x>                 <y>                 <z>
  E-ALPHAC        0.0000000000        0.0000000000        0.0000000000
  E-ALPHAC        0.0000000000        0.0000000000        7.5000000000
         C        0.0000000000        0.0000000000        0.0000000000
         C        0.0000000000        0.0000000000        7.5000000000
 
                     MATRIX OF DISTANCE: ANGSTROM
                 -----------------------------------
                          C(1)           C(2)      
 
        C(1)             0.000000       7.500000
        C(2)             7.500000       0.000000
 
--------------------------------------------------------------------------------
** PROGRAM: SCF (Hartree Fock).     Author: S.A. Gonzalez, E. Posada, F. Moncada
--------------------------------------------------------------------------------
INFO: RUNNING IN UHF MODE.
 
----------------------------------------------------------------------
** PROGRAM INTS                          Author: E. F. Posada, 2013   
----------------------------------------------------------------------
INFO: RUNNING IN ONE_PARTICLE MODE.
 
 Number of Overlap integrals for species E-ALPHA:  12100
 Number of Overlap integrals for species E-BETA:  12100
 Number of Kinetic integrals for species E-ALPHA:  12100
 Number of Kinetic integrals for species E-BETA:  12100
 Number of Nuclear integrals for species E-ALPHA:  12100
 Number of Nuclear integrals for species E-BETA:  12100
 Number of Moment integrals for species E-ALPHA:  36300
 Number of Moment integrals for species E-BETA:  36300
 
** TOTAL CPU Time INTS :      0.440 (s)
** TOTAL Elapsed Time INTS :      0.196 (s)
 
 Combination coefficients for E-ALPHA were read from usual_35.vec
     number of    E-ALPHA     particles in guess density matrix:     7.101559
 Warning!, density matrix with deviation from number of particles    7.000000
 Combination coefficients for E-BETA were read from usual_35.vec
     number of     E-BETA     particles in guess density matrix:     6.080662
 Warning!, density matrix with deviation from number of particles    6.000000
 Number of unique integrals for species: 1 = 1645781
 Number of unique integrals for species: 1 / 2 = 3288064 Screened: 13469
 
 TWO-BODY INTEGRAL SETUP: 
------------------------- 
 Storage:   DISK
 Scheme: LIBINT
 Stack size:  30000
 
 LIBINT library, Fermann, J. T.; Valeev, F. L. 2010                   
 LOWDIN-LIBINT Implementation V. 2.1  Posada E. F. ; Reyes A. 2016   
 ----------------------------------------------------------------------

*** TOTAL CPU time intra-species integrals :      0.804 (s)
*** TOTAL elapsed time intra-species integrals :      0.166 (s)


*** TOTAL CPU time inter-species integrals :      1.826 (s)
*** TOTAL elapsed time inter-species integrals :      0.428 (s)

INFO: RUNNING SCHEME SIMULTANEOUS
 
 Begin Multi-Species SCF calculation:
 
 --------------------------------------------------------------------------------------------------
      Iteration                   Energy            Energy Change           Density Change
 --------------------------------------------------------------------------------------------------
              1         -72.130359264109          72.130359264109           0.027768896169
              2         -65.024665539115          -7.105693724994           0.044481731733
              3         -66.742614146469           1.717948607354           0.051884802258
              4         -70.074744879230           3.332130732761           0.009364221210
              5         -73.146398265771           3.071653386541           0.013837834017
              6         -75.113701789363           1.967303523592           0.009530162309
              7         -75.343514324912           0.229812535549           0.002144710547
              8         -75.363111249305           0.019596924393           0.000935203872
              9         -75.366404798390           0.003293549085           0.000407098677
             10         -75.367234188163           0.000829389772           0.000239494951
             11         -75.367526284619           0.000292096457           0.000165774420
             12         -75.367666256104           0.000139971484           0.000129040955
             13         -75.367748668468           0.000082412364           0.000105329124
             14         -75.367802723259           0.000054054791           0.000088118254
             15         -75.367839928137           0.000037204878           0.000074359175
             16         -75.367866093952           0.000026165815           0.000063049712
             17         -75.367884687481           0.000018593528           0.000053565145
             18         -75.367897976496           0.000013289015           0.000045563606
             19         -75.367907509726           0.000009533230           0.000038784975
             20         -75.367914367220           0.000006857494           0.000033032323
             21         -75.367919310480           0.000004943260           0.000028144084
             22         -75.367922880029           0.000003569549           0.000023987004
             23         -75.367925461325           0.000002581296           0.000020449425
             24         -75.367927330226           0.000001868901           0.000017437494
             25         -75.367928684719           0.000001354494           0.000014872011
             26         -75.367929667240           0.000000982521           0.000012686021
             27         -75.367930380461           0.000000713220           0.000010822824
             28         -75.367930898515           0.000000518054           0.000009234347
             29         -75.367931275006           0.000000376491           0.000007879789
             30         -75.367931548741           0.000000273735           0.000006724488
             31         -75.367931747840           0.000000199099           0.000005738980
             32         -75.367931892701           0.000000144861           0.000004898197
             33         -75.367931998127           0.000000105427           0.000004180805
             34         -75.367932074873           0.000000076746           0.000003568638
             35         -75.367932130752           0.000000055878           0.000003046217
             36         -75.367932171444           0.000000040692           0.000002600356
             37         -75.367932201081           0.000000029637           0.000002219813
             38         -75.367932222670           0.000000021589           0.000001895002
             39         -75.367932238397           0.000000015727           0.000001617749
             40         -75.367932249855           0.000000011458           0.000001381083
             41         -75.367932258204           0.000000008349           0.000001179056
 Total energy converged after  41 global iterations                                                  
 
 ...end Multi-Species SCF calculation
 
 
 Begin SCF calculation by: E-ALPHA
 -------------------------
 
 -----------------------------------------------------------------------------------
 Iteration                   Energy           Density Change         DIIS Error 
 -----------------------------------------------------------------------------------
    1         -21.316891405954           0.041600125762                 -- 
    2         -25.435913861428           0.049771255706                 -- 
    3         -26.661496574287           0.003875294475                 -- 
    4         -29.431255402130           0.006412524722                 -- 
    5         -31.394171522785           0.006702758689                 -- 
    6         -30.209099255639           0.001355810462                 -- 
    7         -30.430840210344           0.000416061695                 -- 
    8         -30.392465613419           0.000206168273                 -- 
    9         -30.399628521639           0.000102979596                 -- 
   10         -30.387013740138           0.000085979138                 -- 
   11         -30.380336900487           0.000068540706                 -- 
   12         -30.372351011451           0.000060020511                 -- 
   13         -30.365803410482           0.000051349045                 -- 
   14         -30.359931390716           0.000044292981                 -- 
   15         -30.354940897104           0.000037984330                 -- 
   16         -30.350663990301           0.000032565635                 -- 
   17         -30.347032189585           0.000027873838                 -- 
   18         -30.343946617768           0.000023844620                 -- 
   19         -30.341328603984           0.000020386151                 -- 
   20         -30.339106472548           0.000017423931                 -- 
   21         -30.337219859680           0.000014888546                 -- 
   22         -30.335617206424           0.000012720055                 -- 
   23         -30.334255031490           0.000010866081                 -- 
   24         -30.333096606560           0.000009281487                 -- 
   25         -30.332110951939           0.000007927407                 -- 
   26         -30.331271910254           0.000006770488                 -- 
   27         -30.330557379418           0.000005782137                 -- 
   28         -30.329948662827           0.000004937872                 -- 
   29         -30.329429927980           0.000004216741                 -- 
   30         -30.328987753820           0.000003600824                 -- 
   31         -30.328610752772           0.000003074797                 -- 
   32         -30.328289254460           0.000002625560                 -- 
   33         -30.328015040636           0.000002241918                 -- 
   34         -30.327781122564           0.000001914304                 -- 
   35         -30.327581553717           0.000001634543                 -- 
   36         -30.327411271871           0.000001395650                 -- 
   37         -30.327265965789           0.000001191661                 -- 
   38         -30.327141962481           0.000001017478                 -- 
   39         -30.327036131746           0.000000868749                 -- 
   40         -30.326945805245           0.000000741755                 -- 
 
 ... end SCF calculation
 
 Begin SCF calculation by: E-BETA
 -------------------------
 
 -----------------------------------------------------------------------------------
 Iteration                   Energy           Density Change         DIIS Error 
 -----------------------------------------------------------------------------------
    1         -20.743213548431           0.002881605971                 -- 
    2         -22.538919499397           0.002113546551                 -- 
    3         -25.675661986993           0.005488926735                 -- 
    4         -29.112888853535           0.007425309294                 -- 
    5         -28.984379620615           0.002827403620                 -- 
    6         -27.613587605810           0.000788900085                 -- 
    7         -27.830760548195           0.000519142177                 -- 
    8         -27.783054430469           0.000200930404                 -- 
    9         -27.799556316362           0.000136515355                 -- 
   10         -27.802133987984           0.000079795282                 -- 
   11         -27.812480706734           0.000060500249                 -- 
   12         -27.820791519195           0.000045308613                 -- 
   13         -27.829071915993           0.000036769209                 -- 
   14         -27.836245927497           0.000030066193                 -- 
   15         -27.842563344294           0.000025065382                 -- 
   16         -27.847996003347           0.000020999510                 -- 
   17         -27.852663057631           0.000017689768                 -- 
   18         -27.856652346723           0.000014940355                 -- 
   19         -27.860058771666           0.000012646172                 -- 
   20         -27.862964253141           0.000010720153                 -- 
   21         -27.865441749736           0.000009098458                 -- 
   22         -27.867553982150           0.000007729369                 -- 
   23         -27.869354870458           0.000006571413                 -- 
   24         -27.870890444444           0.000005590524                 -- 
   25         -27.872199957151           0.000004758614                 -- 
   26         -27.873316835833           0.000004052336                 -- 
   27         -27.874269540687           0.000003452210                 -- 
   28         -27.875082301096           0.000002941917                 -- 
   29         -27.875775748263           0.000002507747                 -- 
   30         -27.876367453600           0.000002138156                 -- 
   31         -27.876872386534           0.000001823400                 -- 
   32         -27.877303303156           0.000001555246                 -- 
   33         -27.877671076176           0.000001326720                 -- 
   34         -27.877984975068           0.000001131914                 -- 
   35         -27.878252904061           0.000000965814                 -- 
   36         -27.878481604395           0.000000824163                 -- 
   37         -27.878676826316           0.000000703341                 -- 
   38         -27.878843475404           0.000000600271                 -- 
   39         -27.878985737128           0.000000512334                 -- 
   40         -27.879107182898           0.000000437301                 -- 
 
 ... end SCF calculation
 
  EIGENVALUES AND EIGENVECTORS: 
 ==============================
 
 
  Eigenvalues for: E-ALPHA
 -----------------
 
    1         -11.275248802259
    2         -10.972281703145
    3          -0.758459108918
    4          -0.367932385684
    5          -0.367575622547
    6          -0.336122976960
    7          -0.039474208338
    8           0.087123702325
    9           0.128621085769
   10           0.157623932260
   11           0.172686716265
   12           0.183135541124
   13           0.231626564443
   14           0.231722676785
   15           0.234158807483
   16           0.267775758814
   17           0.371016852887
   18           0.373394205151
   19           0.376047173702
   20           0.376323934105
   21           0.377838565420
   22           0.383555914445
   23           0.415288216859
   24           0.415312668605
   25           0.475496038529
   26           0.484724721647
   27           0.511970044825
   28           0.521969891044
   29           0.529341305791
   30           0.529755574367
   31           0.544934947526
   32           0.544934961463
   33           0.550202400997
   34           0.665739726827
   35           0.733155674341
   36           0.733171780368
   37           1.089594890169
   38           1.090900713546
   39           1.103591038936
   40           1.104659668405
   41           1.109208101977
   42           1.142713804991
   43           1.150393067185
   44           1.151451080823
   45           1.152889150407
   46           1.157844972059
   47           1.157978364652
   48           1.166020538420
   49           1.166026715121
   50           1.186926786363
   51           1.198874129264
   52           1.213858503406
   53           1.352059220876
   54           1.365607157244
   55           1.365614011696
   56           1.368280135438
   57           1.373892676135
   58           1.373901924888
   59           1.374099978603
   60           1.381328644784
   61           1.381328648085
   62           1.393590354988
   63           1.393590354988
   64           1.410284926324
   65           1.410284927085
   66           1.426882166270
   67           1.472860189949
   68           1.472875289177
   69           1.948074728068
   70           2.133459474266
   71           3.097890089580
   72           3.105454549455
   73           3.114760904171
   74           3.374106665845
   75           3.417981959432
   76           3.417991844087
   77           3.448116272561
   78           3.449816639774
   79           3.453717870853
   80           3.454167963132
   81           3.457154371880
   82           3.503611831003
   83           3.505805546010
   84           3.506326996996
   85           3.513317168747
   86           3.513341850631
   87           3.525600169437
   88           3.525687409004
   89           3.757580111522
   90           3.769202540259
   91           3.769209864004
   92           3.796066305164
   93           3.800024022649
   94           3.800030447764
   95           3.812278489014
   96           3.812278490039
   97           3.812796113107
   98           3.812796113421
   99           3.833756602398
  100           3.833756602398
  101           6.138150939477
  102           6.417747100837
  103           7.289433972779
  104           7.317952278341
  105           7.353236507088
  106           7.551702248886
  107           7.551822838494
  108           7.580132813058
  109           8.521017662687
  110           8.799387926809
 
 
  Eigenvalues for: E-BETA
 -----------------
 
    1         -11.230187138867
    2         -10.991326061612
    3          -0.513097429784
    4          -0.450130504998
    5          -0.076824099227
    6          -0.076810797909
    7           0.106303202679
    8           0.124373250305
    9           0.129541708141
   10           0.151839957940
   11           0.199957612258
   12           0.226324317545
   13           0.231296000250
   14           0.236109305284
   15           0.249882136646
   16           0.250825648095
   17           0.260413760193
   18           0.379340412979
   19           0.384408049931
   20           0.387261238091
   21           0.392773967737
   22           0.398220589891
   23           0.399159735243
   24           0.415712976003
   25           0.513574210088
   26           0.513574222888
   27           0.522229633965
   28           0.526242300221
   29           0.530849431016
   30           0.533350536547
   31           0.538400936409
   32           0.560118574063
   33           0.579274992023
   34           0.643579094555
   35           0.643648339924
   36           0.729179510833
   37           1.150540290914
   38           1.161598567489
   39           1.161868093548
   40           1.162884926230
   41           1.166293580438
   42           1.167570349383
   43           1.178448380283
   44           1.178536300135
   45           1.190493715604
   46           1.195776250535
   47           1.196286675617
   48           1.199119921314
   49           1.200046124645
   50           1.233702940878
   51           1.273742595604
   52           1.282334699984
   53           1.311237560575
   54           1.311237561252
   55           1.347360292999
   56           1.356407253614
   57           1.356407253615
   58           1.358746363289
   59           1.358776286106
   60           1.369227285532
   61           1.369227288687
   62           1.375707138545
   63           1.375718133895
   64           1.379100290928
   65           1.380918525460
   66           1.403971860312
   67           1.404004572496
   68           1.470752101074
   69           1.961389535406
   70           2.125489526882
   71           3.135258334600
   72           3.186860973877
   73           3.194266607385
   74           3.355373161694
   75           3.355392614829
   76           3.411425783193
   77           3.513581775568
   78           3.528715445116
   79           3.529178769115
   80           3.540269014625
   81           3.546967634323
   82           3.547558221461
   83           3.568246319419
   84           3.568263977060
   85           3.580277823356
   86           3.581820335999
   87           3.605235068725
   88           3.605298642616
   89           3.714376792182
   90           3.714376792282
   91           3.755852227506
   92           3.755854267495
   93           3.767782446333
   94           3.767782446333
   95           3.772550473685
   96           3.786624242524
   97           3.786624242775
   98           3.798481005606
   99           3.798484759657
  100           3.802707041076
  101           6.179717219392
  102           6.399190514507
  103           7.296653914191
  104           7.337417135101
  105           7.372678735377
  106           7.538009972268
  107           7.538217023562
  108           7.586495538668
  109           8.550621965076
  110           8.786157479172
 
  end of eigenvalues 
 
  Occupied Eigenvectors for: E-ALPHA
 --------------------------- 
 
                         -11.2752       -10.9723        -0.7585        -0.3679        -0.3676   
 
    1      C     S      -0.974585      -0.000012      -0.004314      -0.000000       0.000706
    2      C     S       0.005258      -0.000023       0.582361      -0.000000       0.005610
    3      C     S      -0.048338      -0.000030       0.153804       0.000000       0.001949
    4      C     S       0.014270       0.000088       0.345280      -0.000000       0.000150
    5      C     S       0.002952       0.000189       0.026255      -0.000000      -0.005081
    6      C    Px      -0.000000       0.000000      -0.000000       0.345376       0.000000
    7      C    Py       0.000000       0.000000       0.000000      -0.116368      -0.000000
    8      C    Pz       0.000043       0.000009       0.001351      -0.000000       0.365185
    9      C    Px       0.000000      -0.000000       0.000000       0.457271       0.000000
   10      C    Py      -0.000000      -0.000000      -0.000000      -0.154069      -0.000000
   11      C    Pz      -0.000219      -0.000023       0.001733      -0.000000       0.483327
   12      C    Px       0.000000      -0.000000      -0.000000       0.272193       0.000000
   13      C    Py       0.000000      -0.000000      -0.000000      -0.091710      -0.000000
   14      C    Pz      -0.000143      -0.000100      -0.003428      -0.000000       0.284448
   15      C    Px      -0.000000       0.000000      -0.000000       0.021510       0.000000
   16      C    Py      -0.000000       0.000000       0.000000      -0.007247      -0.000000
   17      C    Pz       0.000048       0.000069      -0.000391      -0.000000       0.022101
   18      C   Dxx      -0.001877      -0.000006       0.010205       0.000000      -0.000043
   19      C   Dxy       0.000684      -0.000000      -0.007501       0.000000      -0.000018
   20      C   Dxz       0.000000       0.000000      -0.000000       0.000149       0.000000
   21      C   Dyy      -0.000318      -0.000006      -0.006886       0.000000      -0.000084
   22      C   Dyz       0.000000       0.000000      -0.000000      -0.000050      -0.000000
   23      C   Dzz      -0.002079      -0.000000       0.012419       0.000000       0.000203
   24      C   Dxx      -0.007001      -0.000035       0.016182       0.000000       0.000032
   25      C   Dxy       0.000093       0.000000      -0.014057      -0.000000       0.000013
   26      C   Dxz       0.000000       0.000000      -0.000000      -0.000800      -0.000000
   27      C   Dyy      -0.006789      -0.000035      -0.015848       0.000000       0.000061
   28      C   Dyz       0.000000       0.000000      -0.000000       0.000269       0.000000
   29      C   Dzz      -0.007032      -0.000053       0.019851       0.000000      -0.001504
   30      C   Dxx      -0.002481      -0.000084      -0.008849       0.000000       0.000643
   31      C   Dxy       0.000026      -0.000000      -0.003838      -0.000000       0.000018
   32      C   Dxz       0.000000       0.000000       0.000000      -0.004621      -0.000000
   33      C   Dyy      -0.002422      -0.000084      -0.017594       0.000000       0.000685
   34      C   Dyz      -0.000000      -0.000000       0.000000       0.001557       0.000000
   35      C   Dzz      -0.002479      -0.000052      -0.008504       0.000000      -0.008505
   36      C  Fxxx      -0.000000       0.000000      -0.000000       0.013287       0.000000
   37      C  Fxxy       0.000000       0.000000       0.000000      -0.002721      -0.000000
   38      C  Fxxz       0.000048       0.000009      -0.000042      -0.000000       0.006312
   39      C  Fxyy      -0.000000       0.000000      -0.000000       0.005239       0.000000
   40      C  Fxyz      -0.000000       0.000000       0.000001       0.000000      -0.000436
   41      C  Fxzz      -0.000000       0.000000      -0.000000       0.006114       0.000000
   42      C  Fyyy       0.000000       0.000000       0.000000      -0.003765      -0.000000
   43      C  Fyyz       0.000047       0.000009      -0.000040      -0.000000       0.005318
   44      C  Fyzz       0.000000       0.000000       0.000000      -0.002060      -0.000000
   45      C  Fzzz       0.000107       0.000016      -0.000080      -0.000000       0.014533
   46      C  Fxxx      -0.000000       0.000000      -0.000000       0.024405       0.000000
   47      C  Fxxy      -0.000000       0.000000       0.000000      -0.004707      -0.000000
   48      C  Fxxz       0.000049       0.000018      -0.000156      -0.000000       0.012110
   49      C  Fxyy      -0.000000       0.000000      -0.000000       0.009907       0.000000
   50      C  Fxyz      -0.000001       0.000000       0.000098       0.000000      -0.000626
   51      C  Fxzz      -0.000000       0.000000      -0.000000       0.010492       0.000000
   52      C  Fyyy       0.000000       0.000000       0.000000      -0.007202      -0.000000
   53      C  Fyyz       0.000048       0.000018       0.000067      -0.000000       0.010683
   54      C  Fyzz       0.000000       0.000000       0.000000      -0.003535      -0.000000
   55      C  Fzzz       0.000113       0.000045      -0.000615      -0.000000       0.026000
   56      C     S       0.000014       0.976034       0.000063       0.000000       0.000084
   57      C     S       0.000026      -0.007667       0.000130       0.000000       0.000843
   58      C     S       0.000039       0.044213       0.000206      -0.000000       0.000427
   59      C     S      -0.000128      -0.015662      -0.000532       0.000000       0.000504
   60      C     S      -0.000210      -0.003087      -0.001280       0.000000      -0.003370
   61      C    Px      -0.000000       0.000000      -0.000000      -0.000027       0.000000
   62      C    Py       0.000000       0.000000       0.000000       0.000009       0.000000
   63      C    Pz       0.000013       0.000009       0.000038      -0.000000      -0.000066
   64      C    Px       0.000000      -0.000000       0.000000       0.000027      -0.000000
   65      C    Py      -0.000000      -0.000000      -0.000000      -0.000009      -0.000000
   66      C    Pz      -0.000036      -0.000029      -0.000056      -0.000000      -0.000075
   67      C    Px       0.000000      -0.000000       0.000000       0.000499       0.000000
   68      C    Py       0.000000      -0.000000      -0.000000      -0.000168      -0.000000
   69      C    Pz      -0.000120      -0.000074      -0.000752      -0.000000      -0.001398
   70      C    Px      -0.000000      -0.000000      -0.000000      -0.000348      -0.000000
   71      C    Py      -0.000000       0.000000       0.000000       0.000117       0.000000
   72      C    Pz       0.000075       0.000036       0.000500      -0.000000       0.001370
   73      C   Dxx       0.000008       0.001724       0.000033      -0.000000       0.000037
   74      C   Dxy      -0.000000       0.000000      -0.000000       0.000000      -0.000000
   75      C   Dxz       0.000000      -0.000000       0.000000       0.000006      -0.000000
   76      C   Dyy       0.000008       0.001724       0.000033      -0.000000       0.000037
   77      C   Dyz      -0.000000      -0.000000      -0.000000      -0.000002       0.000000
   78      C   Dzz       0.000002       0.003800       0.000020      -0.000000       0.000034
   79      C   Dxx       0.000048       0.007609       0.000245      -0.000000       0.000245
   80      C   Dxy       0.000000      -0.000000       0.000000      -0.000000       0.000000
   81      C   Dxz      -0.000000       0.000000      -0.000000      -0.000033       0.000000
   82      C   Dyy       0.000048       0.007609       0.000245      -0.000000       0.000245
   83      C   Dyz       0.000000      -0.000000       0.000000       0.000011      -0.000000
   84      C   Dzz       0.000067       0.007551       0.000309      -0.000000       0.000563
   85      C   Dxx       0.000097       0.002558       0.000540      -0.000000       0.001208
   86      C   Dxy      -0.000000       0.000000      -0.000000       0.000000      -0.000000
   87      C   Dxz       0.000000      -0.000000       0.000000       0.000078       0.000000
   88      C   Dyy       0.000097       0.002558       0.000540      -0.000000       0.001208
   89      C   Dyz      -0.000000      -0.000000      -0.000000      -0.000026      -0.000000
   90      C   Dzz       0.000065       0.002772       0.000402      -0.000000       0.000703
   91      C  Fxxx      -0.000000       0.000000      -0.000000      -0.000049       0.000000
   92      C  Fxxy       0.000000       0.000000       0.000000       0.000007       0.000000
   93      C  Fxxz       0.000012       0.000009       0.000035      -0.000000       0.000034
   94      C  Fxyy      -0.000000       0.000000      -0.000000      -0.000022       0.000000
   95      C  Fxyz      -0.000000      -0.000000      -0.000000      -0.000000       0.000000
   96      C  Fxzz      -0.000000       0.000000      -0.000000      -0.000019       0.000000
   97      C  Fyyy       0.000000       0.000000       0.000000       0.000017       0.000000
   98      C  Fyyz       0.000012       0.000009       0.000035       0.000000       0.000034
   99      C  Fyzz       0.000000       0.000000       0.000000       0.000007       0.000000
  100      C  Fzzz       0.000024       0.000019       0.000073      -0.000000       0.000047
  101      C  Fxxx      -0.000000       0.000000      -0.000000      -0.000192      -0.000000
  102      C  Fxxy      -0.000000       0.000000       0.000000       0.000029       0.000000
  103      C  Fxxz       0.000023       0.000016       0.000128       0.000000       0.000161
  104      C  Fxyy      -0.000000       0.000000      -0.000000      -0.000086      -0.000000
  105      C  Fxyz       0.000000      -0.000000       0.000000       0.000000      -0.000000
  106      C  Fxzz      -0.000000       0.000000      -0.000000      -0.000093      -0.000000
  107      C  Fyyy      -0.000000       0.000000       0.000000       0.000065       0.000000
  108      C  Fyyz       0.000023       0.000016       0.000128       0.000000       0.000161
  109      C  Fyzz       0.000000       0.000000       0.000000       0.000031       0.000000
  110      C  Fzzz       0.000057       0.000038       0.000299      -0.000000       0.000410
 
                          -0.3361        -0.0395   
 
    1      C     S      -0.000223       0.000809
    2      C     S      -0.000531       0.003375
    3      C     S      -0.000758       0.003108
    4      C     S       0.001310       0.001927
    5      C     S       0.005737      -0.032305
    6      C    Px      -0.000000       0.000000
    7      C    Py      -0.000000      -0.000000
    8      C    Pz      -0.000450       0.001554
    9      C    Px       0.000000       0.000000
   10      C    Py      -0.000000      -0.000000
   11      C    Pz      -0.000838       0.002411
   12      C    Px      -0.000000       0.000000
   13      C    Py       0.000000       0.000000
   14      C    Pz      -0.003321       0.007485
   15      C    Px       0.000000      -0.000000
   16      C    Py       0.000000      -0.000000
   17      C    Pz       0.002288      -0.008583
   18      C   Dxx      -0.000114       0.000404
   19      C   Dxy       0.000001      -0.000018
   20      C   Dxz       0.000000       0.000000
   21      C   Dyy      -0.000112       0.000364
   22      C   Dyz       0.000000      -0.000000
   23      C   Dzz      -0.000075       0.000342
   24      C   Dxx      -0.000872       0.003272
   25      C   Dxy       0.000001      -0.000007
   26      C   Dxz       0.000000      -0.000000
   27      C   Dyy      -0.000870       0.003257
   28      C   Dyz       0.000000       0.000000
   29      C   Dzz      -0.001059       0.003190
   30      C   Dxx      -0.002160       0.008842
   31      C   Dxy       0.000002      -0.000071
   32      C   Dxz      -0.000000      -0.000000
   33      C   Dyy      -0.002156       0.008681
   34      C   Dyz      -0.000000      -0.000000
   35      C   Dzz      -0.001596       0.007725
   36      C  Fxxx      -0.000000      -0.000000
   37      C  Fxxy       0.000000       0.000000
   38      C  Fxxz       0.000098      -0.000156
   39      C  Fxyy      -0.000000      -0.000000
   40      C  Fxyz       0.000001       0.000002
   41      C  Fxzz      -0.000000      -0.000000
   42      C  Fyyy       0.000000       0.000000
   43      C  Fyyz       0.000099      -0.000151
   44      C  Fyzz       0.000000       0.000000
   45      C  Fzzz       0.000207      -0.000358
   46      C  Fxxx      -0.000000      -0.000000
   47      C  Fxxy      -0.000000      -0.000000
   48      C  Fxxz       0.000445      -0.000812
   49      C  Fxyy      -0.000000      -0.000000
   50      C  Fxyz       0.000001      -0.000009
   51      C  Fxzz      -0.000000      -0.000000
   52      C  Fyyy      -0.000000      -0.000000
   53      C  Fyyz       0.000448      -0.000834
   54      C  Fyzz      -0.000000      -0.000000
   55      C  Fzzz       0.001038      -0.001873
   56      C     S      -0.013931      -0.000129
   57      C     S       0.508010      -0.000267
   58      C     S       0.127866      -0.000531
   59      C     S       0.385111       0.001518
   60      C     S       0.058955       0.002806
   61      C    Px       0.000000      -0.000000
   62      C    Py       0.000000      -0.000000
   63      C    Pz       0.000165       0.281726
   64      C    Px      -0.000000      -0.000000
   65      C    Py      -0.000000      -0.000000
   66      C    Pz       0.000059       0.358453
   67      C    Px       0.000000      -0.000000
   68      C    Py      -0.000000      -0.000000
   69      C    Pz      -0.001030       0.358331
   70      C    Px      -0.000000      -0.000000
   71      C    Py       0.000000      -0.000000
   72      C    Pz       0.000748       0.258942
   73      C   Dxx      -0.006695      -0.000078
   74      C   Dxy       0.000001      -0.000000
   75      C   Dxz      -0.000000      -0.000000
   76      C   Dyy      -0.006693      -0.000079
   77      C   Dyz      -0.000000       0.000000
   78      C   Dzz       0.023476      -0.000080
   79      C   Dxx      -0.014433      -0.000687
   80      C   Dxy       0.000001       0.000002
   81      C   Dxz      -0.000000      -0.000000
   82      C   Dyy      -0.014431      -0.000683
   83      C   Dyz      -0.000000      -0.000000
   84      C   Dzz       0.058624      -0.000710
   85      C   Dxx      -0.002948      -0.001193
   86      C   Dxy       0.000004      -0.000008
   87      C   Dxz      -0.000000      -0.000000
   88      C   Dyy      -0.002939      -0.001211
   89      C   Dyz      -0.000000       0.000000
   90      C   Dzz       0.044387      -0.001226
   91      C  Fxxx       0.000000       0.000000
   92      C  Fxxy       0.000000      -0.000000
   93      C  Fxxz       0.000052       0.001493
   94      C  Fxyy       0.000000       0.000000
   95      C  Fxyz       0.000000      -0.000000
   96      C  Fxzz       0.000000      -0.000000
   97      C  Fyyy       0.000000      -0.000000
   98      C  Fyyz       0.000052       0.001493
   99      C  Fyzz       0.000000      -0.000000
  100      C  Fzzz       0.000121       0.022679
  101      C  Fxxx      -0.000000       0.000000
  102      C  Fxxy       0.000000       0.000000
  103      C  Fxxz       0.000201      -0.002887
  104      C  Fxyy      -0.000000       0.000000
  105      C  Fxyz      -0.000001       0.000003
  106      C  Fxzz      -0.000000      -0.000000
  107      C  Fyyy       0.000000       0.000000
  108      C  Fyyz       0.000199      -0.002881
  109      C  Fyzz       0.000000      -0.000000
  110      C  Fzzz       0.000465       0.037239
 
 
  Occupied Eigenvectors for: E-BETA
 --------------------------- 
 
                         -11.2302       -10.9913        -0.5131        -0.4501        -0.0768   
 
    1      C     S      -0.976516      -0.000016      -0.008728       0.000034       0.000000
    2      C     S       0.008929      -0.000030       0.533771       0.000034       0.000000
    3      C     S      -0.042591      -0.000055       0.136295       0.000051       0.000000
    4      C     S       0.016205       0.000191       0.391470       0.000044      -0.000000
    5      C     S       0.003102       0.000255       0.022773      -0.000971       0.000000
    6      C    Px      -0.000000       0.000000       0.000000      -0.000000      -0.000044
    7      C    Py       0.000000       0.000000      -0.000000       0.000000       0.000015
    8      C    Pz      -0.000041       0.000019      -0.004010      -0.000014       0.000000
    9      C    Px       0.000000      -0.000000      -0.000000       0.000000      -0.000067
   10      C    Py      -0.000000      -0.000000      -0.000000      -0.000000       0.000023
   11      C    Pz       0.000192      -0.000055      -0.005384      -0.000023      -0.000000
   12      C    Px       0.000000      -0.000000      -0.000000       0.000000       0.000060
   13      C    Py       0.000000      -0.000000      -0.000000       0.000000      -0.000020
   14      C    Pz       0.000002      -0.000156      -0.007505       0.000492       0.000000
   15      C    Px      -0.000000       0.000000      -0.000000       0.000000      -0.000466
   16      C    Py      -0.000000       0.000000       0.000000      -0.000000       0.000157
   17      C    Pz       0.000030       0.000090      -0.001155      -0.000444      -0.000000
   18      C   Dxx      -0.002562      -0.000011      -0.001544       0.000009       0.000000
   19      C   Dxy      -0.000387      -0.000000       0.006670      -0.000000      -0.000000
   20      C   Dxz       0.000000       0.000000       0.000000       0.000000      -0.000006
   21      C   Dyy      -0.003443      -0.000011       0.013655       0.000008       0.000000
   22      C   Dyz       0.000000       0.000000       0.000000       0.000000       0.000002
   23      C   Dzz      -0.002444      -0.000005      -0.003540      -0.000005       0.000000
   24      C   Dxx      -0.007953      -0.000070       0.001558       0.000048       0.000000
   25      C   Dxy       0.000162       0.000000       0.013781      -0.000001      -0.000000
   26      C   Dxz       0.000000       0.000000       0.000000       0.000000       0.000024
   27      C   Dyy      -0.007584      -0.000070       0.032958       0.000046       0.000000
   28      C   Dyz       0.000000       0.000000       0.000000       0.000000      -0.000008
   29      C   Dzz      -0.008007      -0.000089      -0.002710       0.000122       0.000000
   30      C   Dxx      -0.002608      -0.000121       0.003257       0.000355      -0.000000
   31      C   Dxy      -0.000060      -0.000000       0.002454       0.000000       0.000000
   32      C   Dxz       0.000000       0.000000       0.000000      -0.000000      -0.000125
   33      C   Dyy      -0.002744      -0.000121       0.008848       0.000355      -0.000000
   34      C   Dyz      -0.000000      -0.000000       0.000000      -0.000000       0.000042
   35      C   Dzz      -0.002580      -0.000087       0.001434       0.000173      -0.000000
   36      C  Fxxx      -0.000000       0.000000       0.000000      -0.000000      -0.000004
   37      C  Fxxy       0.000000       0.000000       0.000000      -0.000000      -0.000000
   38      C  Fxxz      -0.000034       0.000017      -0.000015      -0.000013       0.000000
   39      C  Fxyy      -0.000000       0.000000       0.000000      -0.000000      -0.000003
   40      C  Fxyz       0.000000      -0.000000      -0.000060       0.000000      -0.000000
   41      C  Fxzz      -0.000000       0.000000       0.000000      -0.000000       0.000000
   42      C  Fyyy       0.000000       0.000000       0.000000      -0.000000       0.000002
   43      C  Fyyz      -0.000033       0.000017      -0.000152      -0.000013       0.000000
   44      C  Fyzz       0.000000       0.000000       0.000000      -0.000000      -0.000000
   45      C  Fzzz      -0.000077       0.000034       0.000039      -0.000023       0.000000
   46      C  Fxxx      -0.000000       0.000000       0.000000      -0.000000      -0.000019
   47      C  Fxxy      -0.000000       0.000000      -0.000000      -0.000000      -0.000001
   48      C  Fxxz      -0.000020       0.000031       0.000178      -0.000068       0.000000
   49      C  Fxyy      -0.000000       0.000000       0.000000      -0.000000      -0.000012
   50      C  Fxyz      -0.000000       0.000000      -0.000127       0.000000       0.000000
   51      C  Fxzz      -0.000000       0.000000       0.000000      -0.000000      -0.000019
   52      C  Fyyy       0.000000       0.000000       0.000000      -0.000000       0.000010
   53      C  Fyyz      -0.000020       0.000031      -0.000111      -0.000068       0.000000
   54      C  Fyzz       0.000000       0.000000       0.000000      -0.000000       0.000006
   55      C  Fzzz      -0.000042       0.000076       0.000290      -0.000169       0.000000
   56      C     S       0.000015       0.975240      -0.000002      -0.012431       0.000000
   57      C     S       0.000027      -0.006101       0.000021       0.529558       0.000000
   58      C     S       0.000046       0.046592      -0.000016       0.133995      -0.000000
   59      C     S      -0.000156      -0.014856       0.000144       0.380620       0.000000
   60      C     S      -0.000227      -0.003055      -0.000039       0.046238      -0.000000
   61      C    Px      -0.000000       0.000000       0.000000      -0.000000      -0.289997
   62      C    Py       0.000000       0.000000      -0.000000       0.000000       0.097709
   63      C    Pz       0.000016       0.000013      -0.000004      -0.000030      -0.000000
   64      C    Px       0.000000      -0.000000      -0.000000      -0.000000      -0.375776
   65      C    Py      -0.000000      -0.000000       0.000000      -0.000000       0.126611
   66      C    Pz      -0.000044      -0.000044       0.000017      -0.000007      -0.000000
   67      C    Px       0.000000      -0.000000      -0.000000       0.000000      -0.351480
   68      C    Py       0.000000      -0.000000      -0.000000      -0.000000       0.118425
   69      C    Pz      -0.000135      -0.000094      -0.000004       0.000307      -0.000000
   70      C    Px      -0.000000      -0.000000      -0.000000      -0.000000      -0.161047
   71      C    Py      -0.000000       0.000000       0.000000       0.000000       0.054262
   72      C    Pz       0.000081       0.000046       0.000034      -0.000172      -0.000000
   73      C   Dxx       0.000009       0.002591      -0.000003       0.014039      -0.000000
   74      C   Dxy       0.000000      -0.000000       0.000000      -0.000001      -0.000000
   75      C   Dxz       0.000000       0.000000       0.000000       0.000000       0.000004
   76      C   Dyy       0.000009       0.002591      -0.000003       0.014038      -0.000000
   77      C   Dyz      -0.000000       0.000000      -0.000000       0.000000      -0.000001
   78      C   Dzz       0.000004       0.000378      -0.000007      -0.015249      -0.000000
   79      C   Dxx       0.000058       0.007227      -0.000034       0.030672      -0.000000
   80      C   Dxy      -0.000000      -0.000000      -0.000000      -0.000001      -0.000000
   81      C   Dxz      -0.000000       0.000000      -0.000000       0.000000       0.000007
   82      C   Dyy       0.000058       0.007227      -0.000034       0.030671      -0.000000
   83      C   Dyz       0.000000      -0.000000       0.000000       0.000000      -0.000002
   84      C   Dzz       0.000076       0.007237      -0.000023      -0.036755      -0.000000
   85      C   Dxx       0.000106       0.002647       0.000005       0.015281       0.000000
   86      C   Dxy       0.000000       0.000000       0.000000       0.000005       0.000000
   87      C   Dxz       0.000000      -0.000000       0.000000       0.000000      -0.000070
   88      C   Dyy       0.000106       0.002647       0.000005       0.015293       0.000000
   89      C   Dyz      -0.000000       0.000000      -0.000000       0.000000       0.000024
   90      C   Dzz       0.000074       0.002432      -0.000030      -0.016808       0.000000
   91      C  Fxxx      -0.000000       0.000000       0.000000       0.000000      -0.016282
   92      C  Fxxy       0.000000       0.000000       0.000000       0.000000       0.002454
   93      C  Fxxz       0.000014       0.000012      -0.000003      -0.000013      -0.000000
   94      C  Fxyy      -0.000000       0.000000       0.000000       0.000000      -0.007281
   95      C  Fxyz       0.000000      -0.000000       0.000000       0.000000      -0.000000
   96      C  Fxzz      -0.000000       0.000000       0.000000      -0.000000       0.000831
   97      C  Fyyy       0.000000       0.000000      -0.000000       0.000000       0.005485
   98      C  Fyyz       0.000014       0.000012      -0.000003      -0.000013       0.000000
   99      C  Fyzz       0.000000       0.000000      -0.000000       0.000000      -0.000280
  100      C  Fzzz       0.000028       0.000026      -0.000008      -0.000027       0.000000
  101      C  Fxxx      -0.000000       0.000000       0.000000      -0.000000      -0.021495
  102      C  Fxxy       0.000000       0.000000       0.000000       0.000000       0.003235
  103      C  Fxxz       0.000027       0.000021      -0.000005      -0.000048      -0.000000
  104      C  Fxyy      -0.000000       0.000000       0.000000      -0.000000      -0.009616
  105      C  Fxyz      -0.000000      -0.000000      -0.000000      -0.000001      -0.000000
  106      C  Fxzz      -0.000000       0.000000       0.000000      -0.000000       0.007933
  107      C  Fyyy       0.000000       0.000000       0.000000       0.000000       0.007246
  108      C  Fyyz       0.000027       0.000021      -0.000005      -0.000050       0.000000
  109      C  Fyzz       0.000000       0.000000       0.000000       0.000000      -0.002673
  110      C  Fzzz       0.000065       0.000049      -0.000007      -0.000111       0.000000
 
                          -0.0768   
 
    1      C     S      -0.000000
    2      C     S      -0.000000
    3      C     S      -0.000000
    4      C     S       0.000000
    5      C     S       0.000000
    6      C    Px      -0.000025
    7      C    Py      -0.000074
    8      C    Pz      -0.000000
    9      C    Px      -0.000036
   10      C    Py      -0.000107
   11      C    Pz      -0.000000
   12      C    Px       0.000013
   13      C    Py       0.000038
   14      C    Pz      -0.000000
   15      C    Px      -0.000182
   16      C    Py      -0.000541
   17      C    Pz       0.000000
   18      C   Dxx      -0.000000
   19      C   Dxy      -0.000000
   20      C   Dxz      -0.000002
   21      C   Dyy      -0.000000
   22      C   Dyz      -0.000007
   23      C   Dzz      -0.000000
   24      C   Dxx      -0.000000
   25      C   Dxy      -0.000000
   26      C   Dxz       0.000009
   27      C   Dyy      -0.000000
   28      C   Dyz       0.000025
   29      C   Dzz      -0.000000
   30      C   Dxx      -0.000000
   31      C   Dxy      -0.000000
   32      C   Dxz      -0.000048
   33      C   Dyy      -0.000000
   34      C   Dyz      -0.000141
   35      C   Dzz      -0.000000
   36      C  Fxxx      -0.000002
   37      C  Fxxy      -0.000003
   38      C  Fxxz      -0.000000
   39      C  Fxyy      -0.000003
   40      C  Fxyz      -0.000000
   41      C  Fxzz       0.000000
   42      C  Fyyy      -0.000009
   43      C  Fyyz       0.000000
   44      C  Fyzz       0.000000
   45      C  Fzzz       0.000000
   46      C  Fxxx      -0.000007
   47      C  Fxxy      -0.000011
   48      C  Fxxz       0.000000
   49      C  Fxyy      -0.000011
   50      C  Fxyz      -0.000000
   51      C  Fxzz      -0.000007
   52      C  Fyyy      -0.000036
   53      C  Fyyz       0.000000
   54      C  Fyzz      -0.000021
   55      C  Fzzz       0.000000
   56      C     S       0.000000
   57      C     S       0.000000
   58      C     S      -0.000000
   59      C     S       0.000000
   60      C     S       0.000000
   61      C    Px      -0.097702
   62      C    Py      -0.289975
   63      C    Pz      -0.000000
   64      C    Px      -0.126600
   65      C    Py      -0.375745
   66      C    Pz      -0.000000
   67      C    Px      -0.118404
   68      C    Py      -0.351417
   69      C    Pz      -0.000000
   70      C    Px      -0.054306
   71      C    Py      -0.161177
   72      C    Pz      -0.000000
   73      C   Dxx      -0.000000
   74      C   Dxy       0.000000
   75      C   Dxz       0.000002
   76      C   Dyy      -0.000000
   77      C   Dyz       0.000005
   78      C   Dzz      -0.000000
   79      C   Dxx      -0.000000
   80      C   Dxy      -0.000000
   81      C   Dxz       0.000001
   82      C   Dyy      -0.000000
   83      C   Dyz       0.000004
   84      C   Dzz      -0.000000
   85      C   Dxx      -0.000000
   86      C   Dxy       0.000000
   87      C   Dxz      -0.000017
   88      C   Dyy      -0.000000
   89      C   Dyz      -0.000051
   90      C   Dzz      -0.000000
   91      C  Fxxx      -0.005488
   92      C  Fxxy      -0.007283
   93      C  Fxxz      -0.000000
   94      C  Fxyy      -0.002453
   95      C  Fxyz      -0.000000
   96      C  Fxzz       0.000279
   97      C  Fyyy      -0.016285
   98      C  Fyyz      -0.000000
   99      C  Fyzz       0.000829
  100      C  Fzzz       0.000000
  101      C  Fxxx      -0.007247
  102      C  Fxxy      -0.009620
  103      C  Fxxz      -0.000000
  104      C  Fxyy      -0.003246
  105      C  Fxyz      -0.000000
  106      C  Fxzz       0.002671
  107      C  Fyyy      -0.021518
  108      C  Fyyz      -0.000000
  109      C  Fyzz       0.007926
  110      C  Fzzz       0.000000
 
 
  end of eigenvectors 
 
  END OF EIGENVALUES AND EIGENVECTORS
 
 
  COMPONENTS OF KINETIC ENERGY: 
 -----------------------------
 
             E-ALPHA Kinetic energy =           38.420124693237
              E-BETA Kinetic energy =           36.927470036187
                                     _________________________
               Total kinetic energy =           75.347594729424
 
  COMPONENTS OF POTENTIAL ENERGY: 
 -------------------------------
 
          Fixed potential energy    =            2.540050796352
 
  Quantum/Fixed interaction energy: 
 ----------------------------------
 
     E-ALPHA/Fixed interact. energy =          -94.658749962214
      E-BETA/Fixed interact. energy =          -89.049327259428
                                     _________________________
               Total Q/Fixed energy =         -183.708077221642
 
  Coulomb energy: 
 ------------------
 
     E-ALPHA/E-ALPHA Hartree energy =           11.603050273383
       E-BETA/E-BETA Hartree energy =            9.443403081379
      E-ALPHA/E-BETA Hartree energy =           19.701909844133
                                     _________________________
               Total Hartree energy =           40.748363198895
 
  Exchange(HF) energy: 
 ----------------------
 
            E-ALPHA Exchange energy =           -5.393228510107
             E-BETA Exchange energy =           -4.902635257209
                                     _________________________
              Total Exchange energy =          -10.295863767316
 
  TOTAL ENERGY COMPONENTS: 
 ==========================
 
          TOTAL KINETIC ENERGY      =           75.347594729424
          TOTAL POTENTIAL ENERGY    =         -150.715526993711
                                     _________________________
                       TOTAL ENERGY =          -75.367932264287
 
                 VIRIAL RATIO (V/T) =            2.000269916179
 
 
  END ENERGY COMPONENTS
 
 
** TOTAL CPU Time SCF :     14.126 (s)
** TOTAL Elapsed Time SCF :      3.020 (s)
 
 We are calculating properties for E-ALPHA in the HF/KS ground state
 We are calculating properties for E-BETA in the HF/KS ground state
 
  POPULATION ANALYSES: 
 ====================
 
 MULLIKEN Population: for E-        
 ---------------------
 
                          total          spin      
 
    1      C     S       1.950249      -0.002210
    2      C     S       1.063952       0.052404
    3      C     S       0.243263       0.018209
    4      C     S       0.663253      -0.051002
    5      C     S       0.031126       0.001812
    6      C    Px       0.242512       0.242512
    7      C    Py       0.027531       0.027531
    8      C    Pz       0.270936       0.270864
    9      C    Px       0.411905       0.411905
   10      C    Py       0.046761       0.046761
   11      C    Pz       0.459590       0.459450
   12      C    Px       0.195271       0.195271
   13      C    Py       0.022168       0.022168
   14      C    Pz       0.215020       0.214832
   15      C    Px       0.007420       0.007413
   16      C    Py       0.000846       0.000838
   17      C    Pz       0.008552       0.008542
   18      C   Dxx       0.006404       0.007719
   19      C   Dxy       0.000212       0.000021
   20      C   Dxz      -0.000000      -0.000000
   21      C   Dyy       0.005036      -0.013827
   22      C   Dyz      -0.000000      -0.000000
   23      C   Dzz       0.006670       0.010535
   24      C   Dxx       0.011507       0.009153
   25      C   Dxy       0.000543       0.000026
   26      C   Dxz       0.000003       0.000003
   27      C   Dyy       0.012602      -0.031143
   28      C   Dyz       0.000000       0.000000
   29      C   Dzz       0.011203       0.014197
   30      C   Dxx      -0.001650      -0.003848
   31      C   Dxy       0.000077       0.000022
   32      C   Dxz       0.000024       0.000023
   33      C   Dyy      -0.001949      -0.008187
   34      C   Dyz       0.000003       0.000002
   35      C   Dzz      -0.002163      -0.003133
   36      C  Fxxx       0.010086       0.010086
   37      C  Fxxy       0.000521       0.000521
   38      C  Fxxz       0.003770       0.003770
   39      C  Fxyy       0.002960       0.002960
   40      C  Fxyz       0.000000       0.000000
   41      C  Fxzz       0.003459       0.003459
   42      C  Fyyy       0.000961       0.000961
   43      C  Fyyz       0.003171       0.003169
   44      C  Fyzz       0.000393       0.000393
   45      C  Fzzz       0.011644       0.011645
   46      C  Fxxx       0.015049       0.015049
   47      C  Fxxy       0.000733       0.000733
   48      C  Fxxz       0.005866       0.005868
   49      C  Fxyy       0.004544       0.004544
   50      C  Fxyz       0.000001       0.000001
   51      C  Fxzz       0.004820       0.004820
   52      C  Fyyy       0.001492       0.001492
   53      C  Fyyz       0.005162       0.005160
   54      C  Fyzz       0.000547       0.000547
   55      C  Fzzz       0.016891       0.016897
   56      C     S       1.950799       0.000884
   57      C     S       0.974319      -0.024692
   58      C     S       0.218387      -0.006917
   59      C     S       0.702766       0.007780
   60      C     S       0.070699       0.009859
   61      C    Px       0.200213      -0.200213
   62      C    Py       0.200191      -0.200191
   63      C    Pz       0.172233       0.172233
   64      C    Px       0.360071      -0.360071
   65      C    Py       0.360036      -0.360036
   66      C    Pz       0.313754       0.313754
   67      C    Px       0.314750      -0.314750
   68      C    Py       0.314713      -0.314713
   69      C    Pz       0.312447       0.312447
   70      C    Px       0.090667      -0.090668
   71      C    Py       0.090739      -0.090739
   72      C    Pz       0.158174       0.158174
   73      C   Dxx       0.005654      -0.013413
   74      C   Dxy       0.000000       0.000000
   75      C   Dxz      -0.000000      -0.000000
   76      C   Dyy       0.005654      -0.013411
   77      C   Dyz      -0.000000      -0.000000
   78      C   Dzz       0.006807       0.025278
   79      C   Dxx       0.011692      -0.029142
   80      C   Dxy      -0.000000      -0.000000
   81      C   Dxz      -0.000000       0.000000
   82      C   Dyy       0.011692      -0.029139
   83      C   Dyz      -0.000000       0.000000
   84      C   Dzz       0.019390       0.062521
   85      C   Dxx       0.004556      -0.006590
   86      C   Dxy       0.000000       0.000000
   87      C   Dxz      -0.000000      -0.000000
   88      C   Dyy       0.004563      -0.006591
   89      C   Dyz       0.000000      -0.000000
   90      C   Dzz       0.012982       0.023523
   91      C  Fxxx       0.013024      -0.013024
   92      C  Fxxy       0.004342      -0.004342
   93      C  Fxxz       0.000793       0.000793
   94      C  Fxyy       0.004341      -0.004341
   95      C  Fxyz      -0.000000      -0.000000
   96      C  Fxzz      -0.000484       0.000484
   97      C  Fyyy       0.013025      -0.013025
   98      C  Fyyz       0.000793       0.000793
   99      C  Fyzz      -0.000483       0.000483
  100      C  Fzzz       0.016559       0.016559
  101      C  Fxxx       0.016330      -0.016330
  102      C  Fxxy       0.005446      -0.005446
  103      C  Fxxz      -0.001538      -0.001538
  104      C  Fxyy       0.005446      -0.005446
  105      C  Fxyz       0.000000       0.000000
  106      C  Fxzz      -0.004361       0.004361
  107      C  Fyyy       0.016346      -0.016346
  108      C  Fyyz      -0.001534      -0.001534
  109      C  Fyzz      -0.004359       0.004359
  110      C  Fzzz       0.027424       0.027424
 
                           __________     __________
              Total =       13.000000       1.000000
 
  Atomic MULLIKEN Population: for E-        
            C                6.000945       2.000938
            C                6.999055      -1.000938
 
 ...end of MULLIKEN Population
 
 
 END POPULATION ANALYSES 
 
 
  POPULATION ANALYSES: 
 ====================
 
 LOWDIN Population: for E-        
 ---------------------
 
                          total          spin      
 
    1      C     S       1.610648      -0.000624
    2      C     S       0.591976       0.015150
    3      C     S       0.417253       0.013400
    4      C     S       0.308233      -0.012427
    5      C     S       0.092107      -0.009109
    6      C    Px       0.225696       0.225696
    7      C    Py       0.025622       0.025622
    8      C    Pz       0.252117       0.252049
    9      C    Px       0.191305       0.191305
   10      C    Py       0.021693       0.021693
   11      C    Pz       0.213460       0.213391
   12      C    Px       0.105018       0.105018
   13      C    Py       0.011906       0.011906
   14      C    Pz       0.116035       0.115950
   15      C    Px       0.018122       0.018109
   16      C    Py       0.002063       0.002049
   17      C    Pz       0.020757       0.020733
   18      C   Dxx       0.168493       0.015076
   19      C   Dxy       0.000233       0.000020
   20      C   Dxz       0.000000       0.000000
   21      C   Dyy       0.167221      -0.007943
   22      C   Dyz       0.000000       0.000000
   23      C   Dzz       0.168658       0.018038
   24      C   Dxx       0.141567       0.003034
   25      C   Dxy       0.000488       0.000028
   26      C   Dxz       0.000004       0.000004
   27      C   Dyy       0.142011      -0.027745
   28      C   Dyz       0.000001       0.000000
   29      C   Dzz       0.141222       0.006969
   30      C   Dxx       0.016579      -0.003089
   31      C   Dxy       0.000110       0.000021
   32      C   Dxz       0.000022       0.000021
   33      C   Dyy       0.016961      -0.007913
   34      C   Dyz       0.000003       0.000002
   35      C   Dzz       0.016450      -0.002262
   36      C  Fxxx       0.121950       0.121950
   37      C  Fxxy       0.006151       0.006151
   38      C  Fxxz       0.059237       0.059218
   39      C  Fxyy       0.052708       0.052708
   40      C  Fxyz       0.000000       0.000000
   41      C  Fxzz       0.053087       0.053087
   42      C  Fyyy       0.013701       0.013701
   43      C  Fyyz       0.058697       0.058676
   44      C  Fyzz       0.006027       0.006027
   45      C  Fzzz       0.136164       0.136122
   46      C  Fxxx       0.070821       0.070821
   47      C  Fxxy       0.003506       0.003506
   48      C  Fxxz       0.033232       0.033213
   49      C  Fxyy       0.029546       0.029546
   50      C  Fxyz       0.000001       0.000001
   51      C  Fxzz       0.029775       0.029775
   52      C  Fyyy       0.007907       0.007907
   53      C  Fyyz       0.032743       0.032720
   54      C  Fyzz       0.003380       0.003380
   55      C  Fzzz       0.078517       0.078473
   56      C     S       1.609856       0.000236
   57      C     S       0.562739      -0.008369
   58      C     S       0.397475      -0.006088
   59      C     S       0.321022       0.003516
   60      C     S       0.117161       0.007390
   61      C    Px       0.184285      -0.184285
   62      C    Py       0.184262      -0.184262
   63      C    Pz       0.156844       0.156844
   64      C    Px       0.174188      -0.174188
   65      C    Py       0.174172      -0.174172
   66      C    Pz       0.155155       0.155155
   67      C    Px       0.168094      -0.168094
   68      C    Py       0.168100      -0.168100
   69      C    Pz       0.180454       0.180453
   70      C    Px       0.088382      -0.088382
   71      C    Py       0.088434      -0.088434
   72      C    Pz       0.141093       0.141093
   73      C   Dxx       0.154193      -0.018783
   74      C   Dxy       0.000000       0.000000
   75      C   Dxz       0.000000       0.000000
   76      C   Dyy       0.154193      -0.018781
   77      C   Dyz       0.000000      -0.000000
   78      C   Dzz       0.155880       0.025263
   79      C   Dxx       0.145382      -0.023275
   80      C   Dxy       0.000000       0.000000
   81      C   Dxz       0.000000       0.000000
   82      C   Dyy       0.145385      -0.023274
   83      C   Dyz       0.000000       0.000000
   84      C   Dzz       0.153295       0.051429
   85      C   Dxx       0.025765      -0.004123
   86      C   Dxy       0.000000       0.000000
   87      C   Dxz       0.000000       0.000000
   88      C   Dyy       0.025769      -0.004124
   89      C   Dyz       0.000000       0.000000
   90      C   Dzz       0.031875       0.018973
   91      C  Fxxx       0.112586      -0.112586
   92      C  Fxxy       0.048801      -0.048801
   93      C  Fxxz       0.039443       0.039443
   94      C  Fxyy       0.048806      -0.048806
   95      C  Fxyz       0.000000       0.000000
   96      C  Fxzz       0.044033      -0.044033
   97      C  Fyyy       0.112575      -0.112575
   98      C  Fyyz       0.039444       0.039444
   99      C  Fyzz       0.044028      -0.044028
  100      C  Fzzz       0.102045       0.102045
  101      C  Fxxx       0.100135      -0.100135
  102      C  Fxxy       0.043027      -0.043027
  103      C  Fxxz       0.038858       0.038858
  104      C  Fxyy       0.043029      -0.043029
  105      C  Fxyz       0.000000       0.000000
  106      C  Fxzz       0.036456      -0.036456
  107      C  Fyyy       0.100137      -0.100137
  108      C  Fyyz       0.038860       0.038860
  109      C  Fyzz       0.036456      -0.036456
  110      C  Fzzz       0.106646       0.106646
 
                           __________     __________
              Total =       13.000000       1.000000
 
  Atomic LOWDIN Population: for E-        
            C                6.001183       2.001154
            C                6.998817      -1.001154
 
 ...end of LOWDIN Population
 
 
 END POPULATION ANALYSES 
 
 
  EXPECTED POSITIONS OF QUANTUM SPECIES:
 ======================
 
 POSITIONS IN ANGSTROMS
 ------
 
                        <x>      <y>      <z>         
            E-ALPHA   0.0000   0.0000  22.4764
             E-BETA   0.0000  -0.0000  29.9850
 
 END EXPECTED POSITIONS
 
 
  ELECTROSTATIC MOMENTS:
 ======================
 
 
 DIPOLE: (A.U.)
 ------
 
                           <Dx>         <Dy>         <Dz>          |D|
            E-ALPHA  -0.00000000  -0.00000000 -42.47431635
             E-BETA  -0.00000000   0.00000000 -56.66350704
    Point charges:    0.00000000   0.00000000  85.03766945
                     ____________________________
      Total Dipole:  -0.00000000   0.00000000 -14.10015394  14.10015394
 
 DIPOLE: (DEBYE)
 ------
 
                           <Dx>         <Dy>         <Dz>          |D|
            E-ALPHA  -0.00000000  -0.00000000-107.95892960
             E-BETA  -0.00000000   0.00000000-144.02425028
    Point charges:    0.00000000   0.00000000 216.14416803
                     ____________________________
      Total Dipole:  -0.00000000   0.00000000 -35.83901184  35.83901184
 
 QUADRUPOLE NON-TRACELESS: (DEBYE ANGS)
 ------
 
                           <xx>         <yy>         <zz>         <xy>         <xz>         <yz>
            E-ALPHA   -8.79418476   -7.05914402 -824.15707583    0.65945450    0.00000000    0.00000000
             E-BETA   -9.86370668  -10.00471580-1086.72386038   -0.05359476   -0.00000000   -0.00000000
    Point charges:     0.00000000    0.00000000 1621.08107532    0.00000000    0.00000000    0.00000000
  Total Quadrupole:  -18.65789144  -17.06385982 -289.79986090    0.60585974    0.00000000    0.00000000
                     ____________________________
 
 END ELECTROSTATIC MOMENTS
 
 
 BEGIN FOUR-INDEX INTEGRALS TRANFORMATION:
 ========================================
 Selected method: C         
 
 --------------------------------------------------
    4N^5 Algorithm Four-index integral tranformation
 --------------------------------------------------
 
 Integrals transformation for: E-ALPHA
 
              Transformation boundaries 
                 orbital lower upper
                       p     1     7
                       q     8   110
                       r     1     7
                       s     8   110
 
         Loading AO integrals time(s):  0.105E-01
      Integral transformation time(s):  0.169E+01
       Non-zero transformed integrals:        95650
 
 Inter-species integrals transformation for: E-ALPHA/E-BETA
 
              Transformation boundaries 
                 orbital lower upper
                       p     1     6
                       q     7   110
                       r     1     7
                       s     8   110
 
         Loading AO integrals time(s):  0.120E-01
      Integral transformation time(s):  0.664E+01
 Non zero transformed coupling integrals:       137680
 
 Integrals transformation for: E-BETA
 
              Transformation boundaries 
                 orbital lower upper
                       p     1     6
                       q     7   110
                       r     1     6
                       s     7   110
 
         Loading AO integrals time(s):  0.739E-02
      Integral transformation time(s):  0.155E+01
       Non-zero transformed integrals:       108282
 
** TOTAL Elapsed Time for integrals transformation :     10.153 (s)
 
 
  POST HARTREE-FOCK CALCULATION
  MANY-BODY PERTURBATION THEORY:
 ==============================
 
              MOLLER-PLESSET FORMALISM 
               ORDER OF CORRECTION =     2
 
                E(0) + E(1) =     -75.367932264287
                       E(2) =      -0.191095475503
                             ____________________
                     E(MP2) =     -75.559027739790
 
              -----------------------------------
               E(n){ Specie }     E(n) / Hartree 
              -----------------------------------
 
            E(2){ E-ALPHA } =      -0.019244467762
             E(2){ E-BETA } =      -0.016192655883
 
     E(2){ E-ALPHA/E-BETA } =      -0.155658351858
 
** TOTAL CPU Time HF-MBPT :      0.568 (s)
** TOTAL Elapsed Time HF-MBPT :      0.332 (s)
 

  TOTAL CPU Time:      0.240 (s)
 TOTAL Wall Time:     13.567 (s)
  Elapsed Time:   0h  0m 13s 568ms
LOWDIN execution terminated normally at : Thu Feb  6 14:37:28 2025
-rw-rw-r-- 1 pohl pohl  19M feb  6 14:37 0E-ALPHA.E-BETA.ints
-rw-rw-r-- 1 pohl pohl 9.7M feb  6 14:37 0E-ALPHA.ints
-rw-rw-r-- 1 pohl pohl  20M feb  6 14:37 1E-ALPHA.E-BETA.ints
-rw-rw-r-- 1 pohl pohl 9.7M feb  6 14:37 1E-ALPHA.ints
-rw-rw-r-- 1 pohl pohl  19M feb  6 14:37 2E-ALPHA.E-BETA.ints
-rw-rw-r-- 1 pohl pohl 9.7M feb  6 14:37 2E-ALPHA.ints
-rw-rw-r-- 1 pohl pohl  20M feb  6 14:37 3E-ALPHA.E-BETA.ints
-rw-rw-r-- 1 pohl pohl 9.7M feb  6 14:37 3E-ALPHA.ints
-rw-rw-r-- 1 pohl pohl   12 feb  6 14:37 E-ALPHA.E-BETA.nints
-rw-rw-r-- 1 pohl pohl 4.9M feb  6 14:37 E-ALPHAmoint.dat
-rw-rw-r-- 1 pohl pohl 3.5M feb  6 14:37 E-BETA.E-ALPHAmoint.dat
-rw-rw-r-- 1 pohl pohl 4.2M feb  6 14:37 E-BETAmoint.dat
-rw-rw-r-- 1 pohl pohl   64 feb  6 14:37 gepol.inp
-rw-rw-r-- 1 pohl pohl  182 feb  6 14:37 gepol.xyzr
-rw-rw-r-- 1 pohl pohl  13K feb  6 14:37 lowdin.bas
-rw-rw-r-- 1 pohl pohl  16K feb  6 14:37 lowdin.dat
-rw-rw-r-- 1 pohl pohl 2.3M feb  6 14:37 lowdin.opints
-rw-rw-r-- 1 pohl pohl  46K feb  6 14:37 lowdin.sys
-rw-rw-r-- 1 pohl pohl 2.1M feb  6 14:37 lowdin.wfn
-rw-rw-r-- 1 pohl pohl  258 feb  6 14:37 usual_35
-rw-rw-r-- 1 pohl pohl 1.1K feb  6 14:37 usual_35.aux
-rw-rw-r-- 1 pohl pohl  266 feb  6 14:37 usual_35.lowdin
-rw-rw-r-- 1 pohl pohl  77K feb  6 14:37 usual_35.out
-rw-rw-r-- 1 pohl pohl 192K feb  6 14:37 usual_35.vec
