Begin job by input: usual_24.lowdin, for user:   at  jue 06 feb 2025 14:34:37 -05
under operating system Linux helios 5.19.0-46-generic #47-Ubuntu SMP PREEMPT_DYNAMIC Fri Jun 16 13:30:11 UTC 2023 x86_64 x86_64 x86_64 GNU/Linux
Compilation information
  commit: f31d3924f6ee2ce9d77f07edcc1ba27359319d14
  compilation date:  mar 17 sep 2024 16:16:17 -05

BEGIN INPUT INFO:
------------------------------------

GEOMETRY
	e-(C)	AUG-CC-PVTZ 0.0 0.0 0.0 multiplicity=2 addParticles=1 
	e-(C)	AUG-CC-PVTZ 0.0 0.0 5.3 
	C	Dirac 0.0 0.0 0.0
	C	Dirac 0.0 0.0 5.3
END GEOMETRY

TASKS
        method = "UHF"
	mollerPlessetCorrection=2
END TASKS

CONTROL
	units="ANGS"
END CONTROL






... END INPUT INFO


 LOWDIN execution started at : Thu Feb  6 14:34:37 2025
 ---------------------------------------------------------------
 
 ***************************************************************
 *                   LOWDIN 2.0  (May/2013)                    *
 *                                                             *
 *  R. FLORES-MORENO, E. F. POSADA, F. S. MONCADA, J.ROMERO,   *
 *  J. CHARRY, M. DIAZ-TINOCO, S. A. GONZALEZ, N. F. AGUIRRE,  *
 *  A. REYES                                                   *
 *                                                             *
 *  https://sites.google.com/site/lowdinproject/               *
 *                                                             *
 ***************************************************************
 
 PARSING INPUT... DONE!
 
 LOWDIN IS RUNNING WITH NEXT PARAMETERS: 
 ----------------------------------------
 
         METHOD TYPE:  UHF
         NUMBER OF CORES:     4
         MOLLER PLESSET CORRECTION:      2
         NONELECTRONIC DENSITY GUESS: HCORE
         ELECTRONIC DENSITY GUESS: HCORE
         CRITERIUM OF CONVERGENCE: ENERGY
         NONELECTRONIC ENERGY TOLERANCE IN SCFs:     0.10000E-07
         ELECTRONIC ENERGY TOLERANCE IN SCFs:     0.10000E-07
         TOTAL ENERGY TOLERANCE IN SCFs:     0.10000E-07
         SCHEME OF ITERATION: GLOBAL ITERATIONS
         SCF MAX. SUBITERATIONS - NONELECTRONS :     1
         SCF MAX. SUBITERATIONS - ELECTRONS :     1
         SCF MAX. ITERATIONS - INTERSPECIES :   200
         INTEGRAL STORAGE: DISK
         STACK SIZE FOR ERIS : 30000
         METHOD OF SCF CONVERGENCE: DAMPING
 
  MOLECULAR SYSTEM: usual_24
 -----------------
 
    DESCRIPTION   : usual_24
    CHARGE        :   0
    PUNTUAL GROUP : NONE
 
 
  INFORMATION OF PARTICLES :
 =========================
         Total number of particles   =      15
         Number of quantum particles =      13
         Number of puntual charges   =       2
         Number of quantum species   =       2
 
                 INFORMATION OF QUANTUM SPECIES 
    ----------------------------------------------------------------------
         ID      Symbol            mass     charge      omega     spin     multiplicity
    ----------------------------------------------------------------------
         1        E-ALPHA         1.0000     -1.00      0.00      0.50      2.00
         2         E-BETA         1.0000     -1.00      0.00      0.50      2.00
 
                   CONSTANTS OF COUPLING 
      ------------------------------------------------------------
              Symbol      kappa        eta     lambda occupation
      ------------------------------------------------------------
             E-ALPHA      -1.00       1.00       1.00       7.00
              E-BETA      -1.00       1.00       1.00       6.00
 
                   BASIS SET FOR SPECIES 
      ------------------------------------------------------------
           Symbol          N. Basis     N. Particles     Basis Set
      ------------------------------------------------------------
            E-ALPHA           28                7     AUG-CC-PVT
             E-BETA           28                6     AUG-CC-PVT
 
                                ATOMIC BASIS
         ------------------------------------------------------------
          PRIMITIVE   SHELL             EXPONENT         COEFFICIENT 
         ------------------------------------------------------------
 
    BEGIN DESCRIPTION OF BASIS FOR: E-ALP
    ==============================
 
 
             C BASIS SET:    AUG-CC-PVTZ
             1         S             8236.00000000          0.00053100
             2         S             1235.00000000          0.00410800
             3         S              280.80000000          0.02108700
             4         S               79.27000000          0.08185300
             5         S               25.59000000          0.23481700
             6         S                8.99700000          0.43440100
             7         S                3.31900000          0.34612900
             8         S                0.36430000         -0.00898300
             1         S             8236.00000000         -0.00011300
             2         S             1235.00000000         -0.00087800
             3         S              280.80000000         -0.00454000
             4         S               79.27000000         -0.01813300
             5         S               25.59000000         -0.05576000
             6         S                8.99700000         -0.12689500
             7         S                3.31900000         -0.17035200
             8         S                0.36430000          0.59868400
             1         S                0.90590000          1.00000000
             1         S                0.12850000          1.00000000
             1         S                0.04402000          1.00000000
             1         P               18.71000000          0.01403100
             2         P                4.13300000          0.08686600
             3         P                1.20000000          0.29021600
             1         P                0.38270000          1.00000000
             1         P                0.12090000          1.00000000
             1         P                0.03569000          1.00000000
             1         D                1.09700000          1.00000000
             1         D                0.31800000          1.00000000
             1         D                0.10000000          1.00000000
             1         F                0.76100000          1.00000000
             1         F                0.26800000          1.00000000
 
             C BASIS SET:    AUG-CC-PVTZ
             1         S             8236.00000000          0.00053100
             2         S             1235.00000000          0.00410800
             3         S              280.80000000          0.02108700
             4         S               79.27000000          0.08185300
             5         S               25.59000000          0.23481700
             6         S                8.99700000          0.43440100
             7         S                3.31900000          0.34612900
             8         S                0.36430000         -0.00898300
             1         S             8236.00000000         -0.00011300
             2         S             1235.00000000         -0.00087800
             3         S              280.80000000         -0.00454000
             4         S               79.27000000         -0.01813300
             5         S               25.59000000         -0.05576000
             6         S                8.99700000         -0.12689500
             7         S                3.31900000         -0.17035200
             8         S                0.36430000          0.59868400
             1         S                0.90590000          1.00000000
             1         S                0.12850000          1.00000000
             1         S                0.04402000          1.00000000
             1         P               18.71000000          0.01403100
             2         P                4.13300000          0.08686600
             3         P                1.20000000          0.29021600
             1         P                0.38270000          1.00000000
             1         P                0.12090000          1.00000000
             1         P                0.03569000          1.00000000
             1         D                1.09700000          1.00000000
             1         D                0.31800000          1.00000000
             1         D                0.10000000          1.00000000
             1         F                0.76100000          1.00000000
             1         F                0.26800000          1.00000000
    ... END DESCRIPTION OF BASIS
 
 
  END INFORMATION OF PARTICLES
 
 
  INFORMATION OF THE QUANTUM SYSTEM 
     ---------------------------------------------------------------------
                 ID     Occupied Orbitals     Basis size
     ---------------------------------------------------------------------
            E-ALPHA            7              110
             E-BETA            6              110
 
  END INFORMATION OF QUANTUM SYSTEM
 
                       INITIAL GEOMETRY: AMSTRONG
                 -----------------------------------
                       <x>                 <y>                 <z>
  E-ALPHAC        0.0000000000        0.0000000000        0.0000000000
  E-ALPHAC        0.0000000000        0.0000000000        5.3000000000
         C        0.0000000000        0.0000000000        0.0000000000
         C        0.0000000000        0.0000000000        5.3000000000
 
                     MATRIX OF DISTANCE: ANGSTROM
                 -----------------------------------
                          C(1)           C(2)      
 
        C(1)             0.000000       5.300000
        C(2)             5.300000       0.000000
 
--------------------------------------------------------------------------------
** PROGRAM: SCF (Hartree Fock).     Author: S.A. Gonzalez, E. Posada, F. Moncada
--------------------------------------------------------------------------------
INFO: RUNNING IN UHF MODE.
 
----------------------------------------------------------------------
** PROGRAM INTS                          Author: E. F. Posada, 2013   
----------------------------------------------------------------------
INFO: RUNNING IN ONE_PARTICLE MODE.
 
 Number of Overlap integrals for species E-ALPHA:  12100
 Number of Overlap integrals for species E-BETA:  12100
 Number of Kinetic integrals for species E-ALPHA:  12100
 Number of Kinetic integrals for species E-BETA:  12100
 Number of Nuclear integrals for species E-ALPHA:  12100
 Number of Nuclear integrals for species E-BETA:  12100
 Number of Moment integrals for species E-ALPHA:  36300
 Number of Moment integrals for species E-BETA:  36300
 
** TOTAL CPU Time INTS :      0.437 (s)
** TOTAL Elapsed Time INTS :      0.193 (s)
 
 Combination coefficients for E-ALPHA were read from usual_24.vec
     number of    E-ALPHA     particles in guess density matrix:     7.108550
 Warning!, density matrix with deviation from number of particles    7.000000
 Combination coefficients for E-BETA were read from usual_24.vec
     number of     E-BETA     particles in guess density matrix:     6.090719
 Warning!, density matrix with deviation from number of particles    6.000000
 Number of unique integrals for species: 1 = 2572476
 Number of unique integrals for species: 1 / 2 = 5140728 Screened: 213
 
 TWO-BODY INTEGRAL SETUP: 
------------------------- 
 Storage:   DISK
 Scheme: LIBINT
 Stack size:  30000
 
 LIBINT library, Fermann, J. T.; Valeev, F. L. 2010                   
 LOWDIN-LIBINT Implementation V. 2.1  Posada E. F. ; Reyes A. 2016   
 ----------------------------------------------------------------------

*** TOTAL CPU time intra-species integrals :      1.005 (s)
*** TOTAL elapsed time intra-species integrals :      0.216 (s)


*** TOTAL CPU time inter-species integrals :      2.249 (s)
*** TOTAL elapsed time inter-species integrals :      0.533 (s)

INFO: RUNNING SCHEME SIMULTANEOUS
 
 Begin Multi-Species SCF calculation:
 
 --------------------------------------------------------------------------------------------------
      Iteration                   Energy            Energy Change           Density Change
 --------------------------------------------------------------------------------------------------
              1         -74.502786397010          74.502786397010           0.018193429189
              2         -70.264378492518          -4.238407904493           0.008724629165
              3         -73.102785790377           2.838407297859           0.004844475254
              4         -73.572194150654           0.469408360277           0.009262430485
              5         -75.051436894605           1.479242743950           0.009614678355
              6         -74.680072844512          -0.371364050093           0.003104356133
              7         -74.981309477859           0.301236633347           0.004138193035
              8         -75.212854221376           0.231544743517           0.003709220407
              9         -75.269404259142           0.056550037766           0.002332830991
             10         -75.290259681829           0.020855422687           0.001410126149
             11         -75.298242622428           0.007982940599           0.001125257173
             12         -75.302895487683           0.004652865254           0.001068973295
             13         -75.307633291271           0.004737803588           0.001214974020
             14         -75.314212459827           0.006579168557           0.001341807396
             15         -75.323428034052           0.009215574225           0.001424827761
             16         -75.334514131629           0.011086097577           0.001411218326
             17         -75.345015883478           0.010501751849           0.001291072275
             18         -75.352964131478           0.007948248001           0.001100454878
             19         -75.358247536502           0.005283405024           0.000899132433
             20         -75.361623300385           0.003375763883           0.000722918123
             21         -75.363789189192           0.002165888807           0.000578731877
             22         -75.365192883250           0.001403694057           0.000462484405
             23         -75.366104602049           0.000911718799           0.000368921769
             24         -75.366694048451           0.000589446402           0.000293876732
             25         -75.367072697084           0.000378648633           0.000234045978
             26         -75.367314845047           0.000242147963           0.000186636580
             27         -75.367469574613           0.000154729566           0.000149238958
             28         -75.367568758487           0.000099183874           0.000119806958
             29         -75.367632760741           0.000064002254           0.000096646017
             30         -75.367674444026           0.000041683285           0.000078384553
             31         -75.367701886603           0.000027442577           0.000063932520
             32         -75.367720161066           0.000018274463           0.000052435838
             33         -75.367732467387           0.000012306322           0.000043232630
             34         -75.367740841270           0.000008373883           0.000035814192
             35         -75.367746592183           0.000005750913           0.000029791697
             36         -75.367750573149           0.000003980966           0.000024868665
             37         -75.367753347185           0.000002774036           0.000020818811
             38         -75.367755290668           0.000001943483           0.000017468661
             39         -75.367756658182           0.000001367514           0.000014684223
             40         -75.367757623734           0.000000965551           0.000012360989
             41         -75.367758307316           0.000000683582           0.000010416546
             42         -75.367758792292           0.000000484976           0.000008785163
             43         -75.367759136928           0.000000344636           0.000007413857
             44         -75.367759382146           0.000000245218           0.000006259505
             45         -75.367759556797           0.000000174651           0.000005286721
             46         -75.367759681283           0.000000124486           0.000004466273
             47         -75.367759770066           0.000000088783           0.000003773880
             48         -75.367759833414           0.000000063348           0.000003189286
             49         -75.367759878631           0.000000045217           0.000002695538
             50         -75.367759910915           0.000000032284           0.000002278413
             51         -75.367759933970           0.000000023055           0.000001925952
             52         -75.367759950437           0.000000016468           0.000001628089
             53         -75.367759962202           0.000000011764           0.000001376339
             54         -75.367759970606           0.000000008405           0.000001163547
 Total energy converged after  54 global iterations                                                  
 
 ...end Multi-Species SCF calculation
 
 
 Begin SCF calculation by: E-ALPHA
 -------------------------
 
 -----------------------------------------------------------------------------------
 Iteration                   Energy           Density Change         DIIS Error 
 -----------------------------------------------------------------------------------
    1         -27.088043846006           0.002655884516                 -- 
    2         -28.556771665852           0.002448776615                 -- 
    3         -30.185147636591           0.005601331676                 -- 
    4         -31.116275773536           0.004785171974                 -- 
    5         -29.884166314313           0.001620343674                 -- 
    6         -30.317867990524           0.001956808377                 -- 
    7         -30.475154017982           0.001896124717                 -- 
    8         -30.350995768399           0.000895359990                 -- 
    9         -30.478118329619           0.000890920969                 -- 
   10         -30.416388913426           0.000352528390                 -- 
   11         -30.544086861727           0.000430068763                 -- 
   12         -30.612921374998           0.000342850680                 -- 
   13         -30.723367546965           0.000388956313                 -- 
   14         -30.810105264973           0.000383102038                 -- 
   15         -30.862713325285           0.000365189546                 -- 
   16         -30.868316385424           0.000305814295                 -- 
   17         -30.842183542654           0.000245729488                 -- 
   18         -30.804643004511           0.000203965032                 -- 
   19         -30.767192944024           0.000176630827                 -- 
   20         -30.734228640347           0.000155329657                 -- 
   21         -30.706594285608           0.000136484620                 -- 
   22         -30.683899034730           0.000119132686                 -- 
   23         -30.665384796319           0.000103222395                 -- 
   24         -30.650286492940           0.000088865974                 -- 
   25         -30.637940813263           0.000076127436                 -- 
   26         -30.627807579616           0.000064979036                 -- 
   27         -30.619456977548           0.000055322110                 -- 
   28         -30.612549470926           0.000047017578                 -- 
   29         -30.606816469023           0.000039911342                 -- 
   30         -30.602044423940           0.000033850647                 -- 
   31         -30.598062418150           0.000028693088                 -- 
   32         -30.594732705298           0.000024310609                 -- 
   33         -30.591943538675           0.000020590536                 -- 
   34         -30.589603721310           0.000017435043                 -- 
   35         -30.587638434722           0.000014759889                 -- 
   36         -30.585986017472           0.000012492904                 -- 
   37         -30.584595452886           0.000010572457                 -- 
   38         -30.583424390997           0.000008946028                 -- 
   39         -30.582437577006           0.000007568929                 -- 
   40         -30.581605592432           0.000006403173                 -- 
   41         -30.580903839277           0.000005416498                 -- 
   42         -30.580311714972           0.000004581520                 -- 
   43         -30.579811938449           0.000003875008                 -- 
   44         -30.579389996923           0.000003277266                 -- 
   45         -30.579033689837           0.000002771596                 -- 
   46         -30.578732751491           0.000002343854                 -- 
   47         -30.578478537811           0.000001982055                 -- 
   48         -30.578263765630           0.000001676054                 -- 
   49         -30.578082295178           0.000001417258                 -- 
   50         -30.577928948264           0.000001198396                 -- 
   51         -30.577799356018           0.000001013313                 -- 
   52         -30.577689831220           0.000000856801                 -- 
   53         -30.577597261103           0.000000724453                 -- 
 
 ... end SCF calculation
 
 Begin SCF calculation by: E-BETA
 -------------------------
 
 -----------------------------------------------------------------------------------
 Iteration                   Energy           Density Change         DIIS Error 
 -----------------------------------------------------------------------------------
    1         -25.772433538037           0.006068744649                 -- 
    2         -26.965254130435           0.002395698639                 -- 
    3         -28.258346153378           0.003661098809                 -- 
    4         -28.779232049023           0.004829506381                 -- 
    5         -27.183337383798           0.001484012459                 -- 
    6         -27.613577842143           0.002181384659                 -- 
    7         -27.877672934822           0.001813095689                 -- 
    8         -27.928825137312           0.001437471001                 -- 
    9         -27.944726929908           0.000519205180                 -- 
   10         -27.861376720766           0.000772728783                 -- 
   11         -27.867486508910           0.000638904532                 -- 
   12         -27.826260598860           0.000872123340                 -- 
   13         -27.809899497438           0.000952851083                 -- 
   14         -27.795633127561           0.001041725723                 -- 
   15         -27.789937485152           0.001046028780                 -- 
   16         -27.793639871528           0.000985257980                 -- 
   17         -27.807862773806           0.000854725390                 -- 
   18         -27.829604134288           0.000695167401                 -- 
   19         -27.853980495452           0.000546287296                 -- 
   20         -27.878039339009           0.000423402220                 -- 
   21         -27.900368756055           0.000325999785                 -- 
   22         -27.920439703859           0.000249789083                 -- 
   23         -27.938112684356           0.000190654337                 -- 
   24         -27.953455397200           0.000145180003                 -- 
   25         -27.966642192805           0.000110509144                 -- 
   26         -27.977897626371           0.000084259922                 -- 
   27         -27.987459694029           0.000064484848                 -- 
   28         -27.995558517223           0.000049628439                 -- 
   29         -28.002405106694           0.000038473211                 -- 
   30         -28.008186770690           0.000030081874                 -- 
   31         -28.013066385840           0.000023742750                 -- 
   32         -28.017183742315           0.000018922020                 -- 
   33         -28.020657831485           0.000015223656                 -- 
   34         -28.023589430491           0.000012356654                 -- 
   35         -28.026063637996           0.000010108776                 -- 
   36         -28.028152197864           0.000008325907                 -- 
   37         -28.029915549454           0.000006896204                 -- 
   38         -28.031404597281           0.000005738195                 -- 
   39         -28.032662218713           0.000004792061                 -- 
   40         -28.033724538771           0.000004013373                 -- 
   41         -28.034622003512           0.000003368666                 -- 
   42         -28.035380281880           0.000002832338                 -- 
   43         -28.036021022819           0.000002384496                 -- 
   44         -28.036562490807           0.000002009455                 -- 
   45         -28.037020099528           0.000001694677                 -- 
   46         -28.037406860260           0.000001430026                 -- 
   47         -28.037733758842           0.000001207231                 -- 
   48         -28.038010072825           0.000001019484                 -- 
   49         -28.038243638451           0.000000861155                 -- 
   50         -28.038441075543           0.000000727556                 -- 
   51         -28.038607977028           0.000000614776                 -- 
   52         -28.038749068737           0.000000519538                 -- 
   53         -28.038868344202           0.000000439094                 -- 
 
 ... end SCF calculation
 
  EIGENVALUES AND EIGENVECTORS: 
 ==============================
 
 
  Eigenvalues for: E-ALPHA
 -----------------
 
    1         -11.246152084036
    2         -10.971886693158
    3          -0.729324669283
    4          -0.338943558188
    5          -0.338374804987
    6          -0.336223088754
    7          -0.041152593683
    8           0.113669218170
    9           0.145797900294
   10           0.179759116820
   11           0.206404138269
   12           0.208535323486
   13           0.234506405031
   14           0.234908729822
   15           0.243403818922
   16           0.286645892118
   17           0.392721988282
   18           0.399244244094
   19           0.400786918858
   20           0.404309179531
   21           0.404461539748
   22           0.418225729144
   23           0.418338183071
   24           0.427767364788
   25           0.503022706917
   26           0.506348070837
   27           0.536610724575
   28           0.539421193190
   29           0.542759551547
   30           0.545001519791
   31           0.545003070163
   32           0.546356135542
   33           0.607548297317
   34           0.667352286458
   35           0.734545805194
   36           0.734654320801
   37           1.122283876603
   38           1.126750120133
   39           1.131421310993
   40           1.137107919936
   41           1.154009988391
   42           1.173044612065
   43           1.178421758123
   44           1.178995543275
   45           1.180879749268
   46           1.186999077636
   47           1.187951116528
   48           1.193985297992
   49           1.196445713876
   50           1.216209179260
   51           1.231786397202
   52           1.243062448847
   53           1.366707300416
   54           1.369819540211
   55           1.369889924675
   56           1.376355485473
   57           1.376390284313
   58           1.381455891757
   59           1.381455969273
   60           1.381914261590
   61           1.393706075394
   62           1.393706075404
   63           1.410439851781
   64           1.410439872540
   65           1.417822572496
   66           1.455448009272
   67           1.474253548845
   68           1.474335377513
   69           1.996583971041
   70           2.162029090787
   71           3.127774821331
   72           3.140804218330
   73           3.144516838372
   74           3.381391568197
   75           3.419581089942
   76           3.419631924611
   77           3.479515139261
   78           3.482112403277
   79           3.482452501967
   80           3.485473428083
   81           3.502313816537
   82           3.532577923825
   83           3.534394685705
   84           3.537652659757
   85           3.542433313986
   86           3.542777852653
   87           3.555381578704
   88           3.559510268700
   89           3.772260655621
   90           3.772314247412
   91           3.779385348196
   92           3.800771802793
   93           3.800812719999
   94           3.807254797381
   95           3.812505312809
   96           3.812505404387
   97           3.812895743164
   98           3.812895784074
   99           3.833845887268
  100           3.833845887272
  101           6.171147510146
  102           6.421057460222
  103           7.322750829651
  104           7.350979144677
  105           7.376720824769
  106           7.561309786058
  107           7.561782093657
  108           7.671036376283
  109           8.554995036295
  110           8.804707803070
 
 
  Eigenvalues for: E-BETA
 -----------------
 
    1         -11.201002484272
    2         -10.990520027519
    3          -0.484048396661
    4          -0.448983704035
    5          -0.075820045832
    6          -0.075731539614
    7           0.131898861923
    8           0.141234723979
    9           0.153800424358
   10           0.188476132441
   11           0.224729103266
   12           0.228502437920
   13           0.250732410284
   14           0.252987874435
   15           0.265650964868
   16           0.267321164375
   17           0.275753781716
   18           0.400133257844
   19           0.408689328671
   20           0.410270146881
   21           0.417546048451
   22           0.421887916516
   23           0.427882429306
   24           0.453829482708
   25           0.513437918740
   26           0.513439312583
   27           0.526640399132
   28           0.540549424267
   29           0.541906133119
   30           0.556808725594
   31           0.584082849591
   32           0.587851574670
   33           0.633173857961
   34           0.645769744100
   35           0.645965557572
   36           0.732271605101
   37           1.183321221838
   38           1.189280470693
   39           1.190262402243
   40           1.193909468908
   41           1.194409499610
   42           1.194922716937
   43           1.207779323172
   44           1.208322053047
   45           1.211216640259
   46           1.225714786555
   47           1.227276366496
   48           1.230856420158
   49           1.251219557480
   50           1.262986984203
   51           1.302750313256
   52           1.305313076495
   53           1.311658754319
   54           1.311662005207
   55           1.356442444415
   56           1.356442444552
   57           1.364708649478
   58           1.365193289513
   59           1.369325489960
   60           1.369325760301
   61           1.370922978803
   62           1.376762980461
   63           1.377003293465
   64           1.386771686675
   65           1.406620303308
   66           1.406763722686
   67           1.442850746573
   68           1.492269598946
   69           2.007940368750
   70           2.155821034120
   71           3.164987919301
   72           3.216556792187
   73           3.228642491574
   74           3.357336033326
   75           3.357395135384
   76           3.420630979589
   77           3.546154833542
   78           3.557388236178
   79           3.560389193997
   80           3.569325888212
   81           3.575583761307
   82           3.578129061316
   83           3.597403794307
   84           3.597625590354
   85           3.611170335131
   86           3.624383006415
   87           3.634909130005
   88           3.638648511099
   89           3.715036410166
   90           3.715037399666
   91           3.759982186317
   92           3.760232718266
   93           3.768122559135
   94           3.768122559137
   95           3.787229635175
   96           3.787229662121
   97           3.793390893096
   98           3.799778024718
   99           3.799835075825
  100           3.817728255923
  101           6.212763620571
  102           6.403105502471
  103           7.329786137508
  104           7.370001813611
  105           7.393795218617
  106           7.547898735514
  107           7.548705149587
  108           7.679987518935
  109           8.584666883955
  110           8.791717975880
 
  end of eigenvalues 
 
  Occupied Eigenvectors for: E-ALPHA
 --------------------------- 
 
                         -11.2462       -10.9719        -0.7293        -0.3389        -0.3384   
 
    1      C     S       0.974600      -0.000043       0.004367      -0.000000      -0.001072
    2      C     S      -0.005233      -0.000084      -0.582305      -0.000000      -0.008994
    3      C     S       0.048397      -0.000121      -0.153618      -0.000000      -0.002695
    4      C     S      -0.014479       0.000494      -0.345352       0.000000       0.001068
    5      C     S      -0.003253       0.000475      -0.028706      -0.000000      -0.000425
    6      C    Px      -0.000000       0.000000      -0.000000      -0.361511       0.000000
    7      C    Py      -0.000000       0.000000      -0.000000      -0.041907      -0.000000
    8      C    Pz      -0.000094       0.000046      -0.002704      -0.000000      -0.328949
    9      C    Px       0.000000       0.000000      -0.000000      -0.478634       0.000000
   10      C    Py       0.000000      -0.000000       0.000000      -0.055484      -0.000000
   11      C    Pz       0.000461      -0.000155      -0.003435      -0.000000      -0.435097
   12      C    Px       0.000000       0.000000      -0.000000      -0.286064       0.000000
   13      C    Py       0.000000      -0.000000      -0.000000      -0.033161      -0.000000
   14      C    Pz       0.000303      -0.000248       0.007042      -0.000000      -0.251709
   15      C    Px      -0.000000      -0.000000       0.000000      -0.024294       0.000000
   16      C    Py      -0.000000       0.000000       0.000000      -0.002816      -0.000000
   17      C    Pz      -0.000151       0.000115       0.000058      -0.000000      -0.023656
   18      C   Dxx       0.002060      -0.000014      -0.012047       0.000000       0.000184
   19      C   Dxy       0.000258      -0.000000      -0.002831       0.000000      -0.000010
   20      C   Dxz      -0.000000      -0.000000       0.000000      -0.000335       0.000000
   21      C   Dyy       0.000159      -0.000014       0.008819       0.000000       0.000258
   22      C   Dyz       0.000000       0.000000      -0.000000      -0.000039      -0.000000
   23      C   Dzz       0.002094      -0.000025      -0.012415       0.000000      -0.000312
   24      C   Dxx       0.007109      -0.000182      -0.019743      -0.000000       0.000557
   25      C   Dxy       0.000035      -0.000000      -0.005315       0.000000       0.000010
   26      C   Dxz      -0.000000       0.000000       0.000000       0.001739      -0.000000
   27      C   Dyy       0.006849      -0.000182       0.019426      -0.000000       0.000483
   28      C   Dyz      -0.000000      -0.000000      -0.000000       0.000202       0.000000
   29      C   Dzz       0.007126      -0.000143      -0.018904      -0.000000       0.003855
   30      C   Dxx       0.002613      -0.000192       0.008199       0.000000       0.001580
   31      C   Dxy       0.000010      -0.000000      -0.001472       0.000000       0.000015
   32      C   Dxz      -0.000000       0.000000       0.000000       0.009047      -0.000000
   33      C   Dyy       0.002541      -0.000192       0.019046       0.000000       0.001467
   34      C   Dyz       0.000000       0.000000      -0.000000       0.001049       0.000000
   35      C   Dzz       0.002568      -0.000245       0.009749       0.000000       0.016530
   36      C  Fxxx      -0.000000      -0.000000       0.000000      -0.014128       0.000000
   37      C  Fxxy      -0.000000       0.000000      -0.000000      -0.001017      -0.000000
   38      C  Fxxz      -0.000101       0.000032       0.000081      -0.000000      -0.005828
   39      C  Fxyy      -0.000000       0.000000       0.000000      -0.005142       0.000000
   40      C  Fxyz      -0.000000       0.000000       0.000001      -0.000000      -0.000147
   41      C  Fxzz      -0.000000      -0.000000      -0.000000      -0.006453       0.000000
   42      C  Fyyy      -0.000000       0.000000      -0.000000      -0.001324      -0.000000
   43      C  Fyyz      -0.000099       0.000032       0.000075      -0.000000      -0.004741
   44      C  Fyzz      -0.000000       0.000000      -0.000000      -0.000748      -0.000000
   45      C  Fzzz      -0.000225       0.000096       0.000151      -0.000000      -0.013327
   46      C  Fxxx      -0.000000       0.000000       0.000000      -0.026246       0.000000
   47      C  Fxxy      -0.000000       0.000000      -0.000000      -0.001771      -0.000000
   48      C  Fxxz      -0.000104       0.000084       0.000261      -0.000000      -0.012015
   49      C  Fxyy      -0.000000       0.000000       0.000000      -0.010040       0.000000
   50      C  Fxyz      -0.000001      -0.000000       0.000071      -0.000000      -0.000213
   51      C  Fxzz      -0.000000      -0.000000       0.000000      -0.010128       0.000000
   52      C  Fyyy      -0.000000       0.000000      -0.000000      -0.002590      -0.000000
   53      C  Fyyz      -0.000100       0.000085      -0.000260      -0.000000      -0.010446
   54      C  Fyzz      -0.000000       0.000000       0.000000      -0.001174      -0.000000
   55      C  Fzzz      -0.000237       0.000134       0.001292      -0.000000      -0.023458
   56      C     S      -0.000043       0.976037      -0.000081       0.000000       0.005880
   57      C     S      -0.000081      -0.007636      -0.000323      -0.000000      -0.220499
   58      C     S      -0.000114       0.044289      -0.000270      -0.000000      -0.055481
   59      C     S       0.000431      -0.015854       0.000117      -0.000000      -0.169320
   60      C     S       0.000535      -0.003300       0.002673       0.000000      -0.016312
   61      C    Px       0.000000      -0.000000       0.000000       0.000030      -0.000000
   62      C    Py      -0.000000      -0.000000      -0.000000       0.000003      -0.000000
   63      C    Pz      -0.000038       0.000038       0.000065       0.000000       0.001359
   64      C    Px      -0.000000       0.000000      -0.000000      -0.000035      -0.000000
   65      C    Py       0.000000       0.000000      -0.000000      -0.000004       0.000000
   66      C    Pz       0.000128      -0.000125       0.000154       0.000000       0.001339
   67      C    Px      -0.000000       0.000000      -0.000000      -0.000963      -0.000000
   68      C    Py       0.000000       0.000000       0.000000      -0.000112       0.000000
   69      C    Pz       0.000225      -0.000158       0.000564       0.000000       0.003597
   70      C    Px       0.000000       0.000000       0.000000       0.001271      -0.000000
   71      C    Py       0.000000      -0.000000      -0.000000       0.000147       0.000000
   72      C    Pz      -0.000144       0.000096      -0.000937      -0.000000      -0.003338
   73      C   Dxx      -0.000015       0.001726      -0.000028       0.000000       0.002927
   74      C   Dxy      -0.000000      -0.000000       0.000000      -0.000000       0.000001
   75      C   Dxz      -0.000000      -0.000000      -0.000000      -0.000022       0.000000
   76      C   Dyy      -0.000014       0.001726      -0.000030       0.000000       0.002922
   77      C   Dyz       0.000000       0.000000       0.000000      -0.000003      -0.000000
   78      C   Dzz      -0.000020       0.003816      -0.000031      -0.000000      -0.010157
   79      C   Dxx      -0.000166       0.007681      -0.000274       0.000000       0.006436
   80      C   Dxy       0.000000       0.000000      -0.000001       0.000000       0.000001
   81      C   Dxz      -0.000000       0.000000       0.000000       0.000160       0.000000
   82      C   Dyy      -0.000166       0.007681      -0.000266       0.000000       0.006427
   83      C   Dyz      -0.000000      -0.000000      -0.000000       0.000019      -0.000000
   84      C   Dzz      -0.000145       0.007627      -0.000383      -0.000000      -0.025863
   85      C   Dxx      -0.000209       0.002648      -0.000806      -0.000000      -0.000737
   86      C   Dxy      -0.000000      -0.000000       0.000002       0.000000       0.000003
   87      C   Dxz      -0.000000      -0.000000       0.000000      -0.000439       0.000000
   88      C   Dyy      -0.000209       0.002648      -0.000823      -0.000000      -0.000761
   89      C   Dyz       0.000000      -0.000000       0.000000      -0.000051      -0.000000
   90      C   Dzz      -0.000225       0.002850      -0.000530      -0.000000      -0.020434
   91      C  Fxxx       0.000000      -0.000000       0.000000       0.000076       0.000000
   92      C  Fxxy      -0.000000      -0.000000      -0.000000       0.000004      -0.000000
   93      C  Fxxz      -0.000027       0.000029      -0.000015      -0.000000       0.000037
   94      C  Fxyy       0.000000      -0.000000       0.000000       0.000034      -0.000000
   95      C  Fxyz      -0.000000       0.000000       0.000000      -0.000000       0.000000
   96      C  Fxzz       0.000000      -0.000000       0.000000       0.000027      -0.000000
   97      C  Fyyy      -0.000000      -0.000000      -0.000000       0.000009      -0.000000
   98      C  Fyyz      -0.000027       0.000029      -0.000016      -0.000000       0.000035
   99      C  Fyzz      -0.000000      -0.000000      -0.000000       0.000003      -0.000000
  100      C  Fzzz      -0.000080       0.000065      -0.000042      -0.000000       0.000101
  101      C  Fxxx       0.000000      -0.000000       0.000000       0.000336       0.000000
  102      C  Fxxy      -0.000000      -0.000000      -0.000000       0.000017       0.000000
  103      C  Fxxz      -0.000072       0.000043      -0.000100      -0.000000      -0.000376
  104      C  Fxyy       0.000000      -0.000000       0.000000       0.000150       0.000000
  105      C  Fxyz       0.000000       0.000000      -0.000000      -0.000000      -0.000001
  106      C  Fxzz       0.000000      -0.000000       0.000000       0.000159       0.000000
  107      C  Fyyy      -0.000000      -0.000000      -0.000000       0.000039      -0.000000
  108      C  Fyyz      -0.000072       0.000043      -0.000098      -0.000000      -0.000367
  109      C  Fyzz      -0.000000      -0.000000      -0.000000       0.000018       0.000000
  110      C  Fzzz      -0.000119       0.000096      -0.000153      -0.000000      -0.000232
 
                          -0.3362        -0.0412   
 
    1      C     S      -0.000768       0.000667
    2      C     S      -0.006370       0.010484
    3      C     S      -0.002511       0.003354
    4      C     S      -0.000999       0.023446
    5      C     S       0.010263      -0.029329
    6      C    Px      -0.000000      -0.000000
    7      C    Py      -0.000000       0.000000
    8      C    Pz      -0.159931       0.009752
    9      C    Px       0.000000       0.000000
   10      C    Py      -0.000000       0.000000
   11      C    Pz      -0.211898       0.011746
   12      C    Px       0.000000       0.000000
   13      C    Py      -0.000000       0.000000
   14      C    Pz      -0.123413       0.010841
   15      C    Px       0.000000      -0.000000
   16      C    Py      -0.000000       0.000000
   17      C    Pz      -0.007840       0.001609
   18      C   Dxx      -0.000075       0.000371
   19      C   Dxy      -0.000011       0.000034
   20      C   Dxz       0.000000      -0.000000
   21      C   Dyy       0.000008       0.000118
   22      C   Dyz      -0.000000       0.000000
   23      C   Dzz      -0.000228      -0.000112
   24      C   Dxx      -0.000699       0.000609
   25      C   Dxy      -0.000004       0.000025
   26      C   Dxz      -0.000000       0.000000
   27      C   Dyy      -0.000672       0.000428
   28      C   Dyz       0.000000      -0.000000
   29      C   Dzz       0.000778       0.000371
   30      C   Dxx      -0.002197       0.008123
   31      C   Dxy      -0.000004       0.000125
   32      C   Dxz       0.000000      -0.000000
   33      C   Dyy      -0.002169       0.007200
   34      C   Dyz       0.000000       0.000000
   35      C   Dzz       0.006827       0.003875
   36      C  Fxxx      -0.000000      -0.000000
   37      C  Fxxy      -0.000000      -0.000000
   38      C  Fxxz      -0.002757       0.000251
   39      C  Fxyy      -0.000000      -0.000000
   40      C  Fxyz      -0.000071      -0.000004
   41      C  Fxzz      -0.000000      -0.000000
   42      C  Fyyy       0.000000      -0.000000
   43      C  Fyyz      -0.002237       0.000280
   44      C  Fyzz      -0.000000      -0.000000
   45      C  Fzzz      -0.006349       0.000779
   46      C  Fxxx      -0.000000      -0.000000
   47      C  Fxxy      -0.000000       0.000000
   48      C  Fxxz      -0.005780       0.000981
   49      C  Fxyy      -0.000000      -0.000000
   50      C  Fxyz      -0.000105       0.000019
   51      C  Fxzz      -0.000000      -0.000000
   52      C  Fyyy      -0.000000       0.000000
   53      C  Fyyz      -0.005007       0.000839
   54      C  Fyzz      -0.000000       0.000000
   55      C  Fzzz      -0.010969       0.000939
   56      C     S      -0.012376      -0.000443
   57      C     S       0.458416      -0.000942
   58      C     S       0.116032      -0.001341
   59      C     S       0.345883      -0.000748
   60      C     S       0.048023       0.017733
   61      C    Px       0.000000      -0.000000
   62      C    Py      -0.000000       0.000000
   63      C    Pz       0.000453       0.283574
   64      C    Px      -0.000000      -0.000000
   65      C    Py       0.000000       0.000000
   66      C    Pz       0.000112       0.360767
   67      C    Px      -0.000000      -0.000000
   68      C    Py      -0.000000       0.000000
   69      C    Pz      -0.002584       0.364557
   70      C    Px       0.000000      -0.000000
   71      C    Py       0.000000       0.000000
   72      C    Pz       0.002936       0.248672
   73      C   Dxx      -0.005937      -0.000200
   74      C   Dxy      -0.000001       0.000001
   75      C   Dxz      -0.000000       0.000000
   76      C   Dyy      -0.005926      -0.000208
   77      C   Dyz       0.000000       0.000000
   78      C   Dzz       0.021302      -0.000094
   79      C   Dxx      -0.012292      -0.001428
   80      C   Dxy      -0.000002      -0.000005
   81      C   Dxz      -0.000000       0.000000
   82      C   Dyy      -0.012278      -0.001391
   83      C   Dyz       0.000000      -0.000000
   84      C   Dzz       0.054070      -0.001993
   85      C   Dxx      -0.000577      -0.005488
   86      C   Dxy      -0.000008       0.000023
   87      C   Dxz      -0.000000      -0.000000
   88      C   Dyy      -0.000517      -0.005655
   89      C   Dyz       0.000000      -0.000000
   90      C   Dzz       0.040887      -0.003330
   91      C  Fxxx       0.000000      -0.000000
   92      C  Fxxy       0.000000       0.000000
   93      C  Fxxz       0.000168       0.001363
   94      C  Fxyy       0.000000      -0.000000
   95      C  Fxyz      -0.000001       0.000001
   96      C  Fxzz       0.000000      -0.000000
   97      C  Fyyy       0.000000       0.000000
   98      C  Fyyz       0.000172       0.001359
   99      C  Fyzz      -0.000000       0.000000
  100      C  Fzzz       0.000305       0.022553
  101      C  Fxxx       0.000000       0.000000
  102      C  Fxxy      -0.000000      -0.000000
  103      C  Fxxz       0.000404      -0.003508
  104      C  Fxyy       0.000000       0.000000
  105      C  Fxyz       0.000003      -0.000007
  106      C  Fxzz       0.000000      -0.000000
  107      C  Fyyy      -0.000000      -0.000000
  108      C  Fyyz       0.000385      -0.003456
  109      C  Fyzz       0.000000       0.000000
  110      C  Fzzz       0.001337       0.035696
 
 
  Occupied Eigenvectors for: E-BETA
 --------------------------- 
 
                         -11.2010       -10.9905        -0.4840        -0.4490        -0.0758   
 
    1      C     S       0.976529      -0.000041      -0.008754      -0.000141      -0.000000
    2      C     S      -0.008900      -0.000080       0.533392       0.002525      -0.000000
    3      C     S       0.042661      -0.000101       0.136137       0.000630      -0.000000
    4      C     S      -0.016393       0.000326       0.391204       0.002206       0.000000
    5      C     S      -0.003454       0.000632       0.023642       0.001489      -0.000000
    6      C    Px      -0.000000       0.000000       0.000000       0.000000      -0.000525
    7      C    Py      -0.000000       0.000000       0.000000      -0.000000      -0.000061
    8      C    Pz       0.000075       0.000027      -0.007945      -0.000029       0.000000
    9      C    Px       0.000000       0.000000      -0.000000      -0.000000      -0.000506
   10      C    Py       0.000000      -0.000000      -0.000000       0.000000      -0.000059
   11      C    Pz      -0.000368      -0.000080      -0.010674      -0.000182      -0.000000
   12      C    Px       0.000000       0.000000       0.000000      -0.000000      -0.001020
   13      C    Py       0.000000      -0.000000       0.000000       0.000000      -0.000118
   14      C    Pz       0.000019      -0.000202      -0.014827      -0.000673      -0.000000
   15      C    Px      -0.000000      -0.000000      -0.000000       0.000000       0.000968
   16      C    Py      -0.000000       0.000000      -0.000000       0.000000       0.000112
   17      C    Pz      -0.000136       0.000193      -0.002070       0.000532       0.000000
   18      C   Dxx       0.002477      -0.000014      -0.003211       0.000005      -0.000000
   19      C   Dxy      -0.000146       0.000000      -0.002516      -0.000013      -0.000000
   20      C   Dxz      -0.000000      -0.000000       0.000000       0.000000       0.000040
   21      C   Dyy       0.003553      -0.000014       0.015336       0.000100      -0.000000
   22      C   Dyz      -0.000000       0.000000      -0.000000      -0.000000       0.000005
   23      C   Dzz       0.002446      -0.000012      -0.003573      -0.000026      -0.000000
   24      C   Dxx       0.008072      -0.000138      -0.001849      -0.000128      -0.000000
   25      C   Dxy       0.000061      -0.000000      -0.005212      -0.000027       0.000000
   26      C   Dxz      -0.000000       0.000000       0.000000       0.000000      -0.000409
   27      C   Dyy       0.007622      -0.000138       0.036563       0.000072      -0.000000
   28      C   Dyz       0.000000      -0.000000      -0.000000      -0.000000      -0.000047
   29      C   Dzz       0.008109      -0.000144      -0.003069      -0.000011      -0.000000
   30      C   Dxx       0.002736      -0.000235       0.003071      -0.000254      -0.000000
   31      C   Dxy      -0.000022      -0.000000      -0.000944      -0.000003      -0.000000
   32      C   Dxz      -0.000000       0.000000       0.000000       0.000000       0.001211
   33      C   Dyy       0.002902      -0.000235       0.010030      -0.000234      -0.000000
   34      C   Dyz      -0.000000       0.000000      -0.000000       0.000000       0.000140
   35      C   Dzz       0.002669      -0.000197       0.000202      -0.000405      -0.000000
   36      C  Fxxx      -0.000000      -0.000000       0.000000       0.000000      -0.000035
   37      C  Fxxy      -0.000000       0.000000      -0.000000      -0.000000       0.000002
   38      C  Fxxz       0.000064       0.000018      -0.000014       0.000018       0.000000
   39      C  Fxyy      -0.000000       0.000000       0.000000       0.000000      -0.000030
   40      C  Fxyz       0.000000       0.000000       0.000045       0.000000      -0.000000
   41      C  Fxzz      -0.000000      -0.000000       0.000000      -0.000000      -0.000055
   42      C  Fyyy      -0.000000       0.000000      -0.000000      -0.000000      -0.000008
   43      C  Fyyz       0.000063       0.000018      -0.000345       0.000016       0.000000
   44      C  Fyzz      -0.000000       0.000000       0.000000      -0.000000      -0.000006
   45      C  Fzzz       0.000147       0.000055       0.000097       0.000099       0.000000
   46      C  Fxxx      -0.000000       0.000000      -0.000000       0.000000      -0.000003
   47      C  Fxxy      -0.000000       0.000000      -0.000000      -0.000000       0.000016
   48      C  Fxxz       0.000036       0.000056       0.000485       0.000209       0.000000
   49      C  Fxyy      -0.000000       0.000000      -0.000000       0.000000      -0.000070
   50      C  Fxyz      -0.000000      -0.000000       0.000093       0.000002       0.000000
   51      C  Fxzz      -0.000000      -0.000000      -0.000000       0.000000       0.000110
   52      C  Fyyy      -0.000000       0.000000      -0.000000      -0.000000      -0.000019
   53      C  Fyyz       0.000036       0.000056      -0.000201       0.000196       0.000000
   54      C  Fyzz      -0.000000       0.000000       0.000000      -0.000000       0.000013
   55      C  Fzzz       0.000072       0.000097       0.000434       0.000291       0.000000
   56      C     S      -0.000040       0.975265      -0.000060       0.012536      -0.000000
   57      C     S      -0.000077      -0.006079       0.002293      -0.528883      -0.000000
   58      C     S      -0.000091       0.046645       0.000375      -0.133620      -0.000000
   59      C     S       0.000306      -0.015069       0.002434      -0.381082       0.000000
   60      C     S       0.000555      -0.003480       0.000494      -0.047771       0.000000
   61      C    Px       0.000000      -0.000000      -0.000000      -0.000000      -0.303235
   62      C    Py      -0.000000      -0.000000      -0.000000       0.000000      -0.035152
   63      C    Pz      -0.000027       0.000039      -0.000036      -0.000027      -0.000000
   64      C    Px      -0.000000       0.000000       0.000000       0.000000      -0.392778
   65      C    Py       0.000000       0.000000       0.000000      -0.000000      -0.045532
   66      C    Pz       0.000078      -0.000110       0.000078      -0.000178      -0.000000
   67      C    Px      -0.000000       0.000000       0.000000       0.000000      -0.367954
   68      C    Py       0.000000       0.000000      -0.000000       0.000000      -0.042654
   69      C    Pz       0.000198      -0.000230      -0.000031      -0.000495      -0.000000
   70      C    Px       0.000000       0.000000      -0.000000      -0.000000      -0.171763
   71      C    Py       0.000000      -0.000000       0.000000       0.000000      -0.019911
   72      C    Pz      -0.000166       0.000190       0.000044       0.000581      -0.000000
   73      C   Dxx      -0.000011       0.002611       0.000020      -0.014029       0.000000
   74      C   Dxy       0.000000       0.000000       0.000000      -0.000001       0.000000
   75      C   Dxz      -0.000000       0.000000      -0.000000      -0.000000      -0.000017
   76      C   Dyy      -0.000012       0.002610       0.000020      -0.014018      -0.000000
   77      C   Dyz       0.000000      -0.000000       0.000000       0.000000      -0.000002
   78      C   Dzz      -0.000011       0.000388      -0.000112       0.015317      -0.000000
   79      C   Dxx      -0.000127       0.007317      -0.000148      -0.030589      -0.000000
   80      C   Dxy      -0.000000       0.000000      -0.000001      -0.000002      -0.000000
   81      C   Dxz      -0.000000       0.000000       0.000000      -0.000000      -0.000043
   82      C   Dyy      -0.000126       0.007317      -0.000144      -0.030575      -0.000000
   83      C   Dyz      -0.000000      -0.000000       0.000000       0.000000      -0.000005
   84      C   Dzz      -0.000125       0.007360      -0.000420       0.037006      -0.000000
   85      C   Dxx      -0.000206       0.002819      -0.000103      -0.015103      -0.000000
   86      C   Dxy       0.000000      -0.000000       0.000000       0.000010       0.000000
   87      C   Dxz      -0.000000      -0.000000       0.000000      -0.000000       0.000257
   88      C   Dyy      -0.000207       0.002819      -0.000107      -0.015179      -0.000000
   89      C   Dyz       0.000000      -0.000000      -0.000000       0.000000       0.000030
   90      C   Dzz      -0.000188       0.002533      -0.000325       0.017039      -0.000000
   91      C  Fxxx       0.000000      -0.000000      -0.000000      -0.000000      -0.017165
   92      C  Fxxy      -0.000000      -0.000000       0.000000       0.000000      -0.000891
   93      C  Fxxz      -0.000017       0.000030      -0.000023       0.000032      -0.000000
   94      C  Fxyy       0.000000      -0.000000      -0.000000      -0.000000      -0.007670
   95      C  Fxyz       0.000000       0.000000       0.000000       0.000000       0.000000
   96      C  Fxzz       0.000000      -0.000000      -0.000000      -0.000000       0.000890
   97      C  Fyyy      -0.000000      -0.000000       0.000000       0.000000      -0.001988
   98      C  Fyyz      -0.000017       0.000030      -0.000024       0.000029      -0.000000
   99      C  Fyzz      -0.000000      -0.000000      -0.000000       0.000000       0.000103
  100      C  Fzzz      -0.000055       0.000062      -0.000037       0.000075       0.000000
  101      C  Fxxx       0.000000      -0.000000      -0.000000      -0.000000      -0.022794
  102      C  Fxxy      -0.000000      -0.000000       0.000000      -0.000000      -0.001174
  103      C  Fxxz      -0.000057       0.000049       0.000003       0.000105      -0.000000
  104      C  Fxyy       0.000000      -0.000000      -0.000000      -0.000000      -0.010227
  105      C  Fxyz      -0.000000       0.000000       0.000000      -0.000003       0.000000
  106      C  Fxzz       0.000000      -0.000000      -0.000000      -0.000000       0.008250
  107      C  Fyyy      -0.000000      -0.000000       0.000000       0.000000      -0.002651
  108      C  Fyyz      -0.000057       0.000049       0.000003       0.000126      -0.000000
  109      C  Fyzz      -0.000000      -0.000000       0.000000       0.000000       0.000956
  110      C  Fzzz      -0.000094       0.000121      -0.000023       0.000239       0.000000
 
                          -0.0757   
 
    1      C     S      -0.000000
    2      C     S      -0.000000
    3      C     S       0.000000
    4      C     S      -0.000000
    5      C     S       0.000000
    6      C    Px       0.000100
    7      C    Py      -0.000861
    8      C    Pz      -0.000000
    9      C    Px       0.000113
   10      C    Py      -0.000972
   11      C    Pz       0.000000
   12      C    Px       0.000173
   13      C    Py      -0.001495
   14      C    Pz      -0.000000
   15      C    Px      -0.000034
   16      C    Py       0.000296
   17      C    Pz       0.000000
   18      C   Dxx       0.000000
   19      C   Dxy      -0.000000
   20      C   Dxz      -0.000004
   21      C   Dyy       0.000000
   22      C   Dyz       0.000033
   23      C   Dzz       0.000000
   24      C   Dxx       0.000000
   25      C   Dxy      -0.000000
   26      C   Dxz       0.000046
   27      C   Dyy       0.000000
   28      C   Dyz      -0.000395
   29      C   Dzz       0.000000
   30      C   Dxx       0.000000
   31      C   Dxy       0.000000
   32      C   Dxz      -0.000120
   33      C   Dyy       0.000000
   34      C   Dyz       0.001033
   35      C   Dzz       0.000000
   36      C  Fxxx       0.000004
   37      C  Fxxy      -0.000015
   38      C  Fxxz      -0.000000
   39      C  Fxyy       0.000011
   40      C  Fxyz       0.000000
   41      C  Fxzz       0.000006
   42      C  Fyyy      -0.000090
   43      C  Fyyz      -0.000000
   44      C  Fyzz      -0.000048
   45      C  Fzzz      -0.000000
   46      C  Fxxx      -0.000006
   47      C  Fxxy       0.000020
   48      C  Fxxz       0.000000
   49      C  Fxyy       0.000030
   50      C  Fxyz      -0.000000
   51      C  Fxzz      -0.000012
   52      C  Fyyy      -0.000156
   53      C  Fyyz       0.000000
   54      C  Fyzz       0.000106
   55      C  Fzzz       0.000000
   56      C     S      -0.000000
   57      C     S      -0.000000
   58      C     S       0.000000
   59      C     S      -0.000000
   60      C     S       0.000000
   61      C    Px       0.035134
   62      C    Py      -0.303086
   63      C    Pz       0.000000
   64      C    Px       0.045509
   65      C    Py      -0.392580
   66      C    Pz       0.000000
   67      C    Px       0.042627
   68      C    Py      -0.367723
   69      C    Pz       0.000000
   70      C    Px       0.019988
   71      C    Py      -0.172424
   72      C    Pz       0.000000
   73      C   Dxx       0.000000
   74      C   Dxy       0.000000
   75      C   Dxz       0.000001
   76      C   Dyy       0.000000
   77      C   Dyz      -0.000009
   78      C   Dzz       0.000000
   79      C   Dxx       0.000000
   80      C   Dxy      -0.000000
   81      C   Dxz       0.000008
   82      C   Dyy       0.000000
   83      C   Dyz      -0.000065
   84      C   Dzz       0.000000
   85      C   Dxx      -0.000000
   86      C   Dxy       0.000000
   87      C   Dxz      -0.000047
   88      C   Dyy      -0.000000
   89      C   Dyz       0.000407
   90      C   Dzz      -0.000000
   91      C  Fxxx       0.001991
   92      C  Fxxy      -0.007683
   93      C  Fxxz       0.000000
   94      C  Fxyy       0.000888
   95      C  Fxyz      -0.000000
   96      C  Fxzz      -0.000102
   97      C  Fyyy      -0.017166
   98      C  Fyyz       0.000000
   99      C  Fyzz       0.000883
  100      C  Fzzz      -0.000000
  101      C  Fxxx       0.002644
  102      C  Fxxy      -0.010203
  103      C  Fxxz       0.000000
  104      C  Fxyy       0.001195
  105      C  Fxyz      -0.000000
  106      C  Fxzz      -0.000954
  107      C  Fyyy      -0.022888
  108      C  Fyyz       0.000000
  109      C  Fyzz       0.008229
  110      C  Fzzz      -0.000000
 
 
  end of eigenvectors 
 
  END OF EIGENVALUES AND EIGENVECTORS
 
 
  COMPONENTS OF KINETIC ENERGY: 
 -----------------------------
 
             E-ALPHA Kinetic energy =           38.432459453622
              E-BETA Kinetic energy =           36.916018998413
                                     _________________________
               Total kinetic energy =           75.348478452035
 
  COMPONENTS OF POTENTIAL ENERGY: 
 -------------------------------
 
          Fixed potential energy    =            3.594411504272
 
  Quantum/Fixed interaction energy: 
 ----------------------------------
 
     E-ALPHA/Fixed interact. energy =          -95.931204274046
      E-BETA/Fixed interact. energy =          -90.063446502479
                                     _________________________
               Total Q/Fixed energy =         -185.994650776525
 
  Coulomb energy: 
 ------------------
 
     E-ALPHA/E-ALPHA Hartree energy =           11.972326247974
       E-BETA/E-BETA Hartree energy =            9.662718978689
      E-ALPHA/E-BETA Hartree energy =           20.345690451622
                                     _________________________
               Total Hartree energy =           41.980735678286
 
  Exchange(HF) energy: 
 ----------------------
 
            E-ALPHA Exchange energy =           -5.396815032460
             E-BETA Exchange energy =           -4.899919802219
                                     _________________________
              Total Exchange energy =          -10.296734834679
 
  TOTAL ENERGY COMPONENTS: 
 ==========================
 
          TOTAL KINETIC ENERGY      =           75.348478452035
          TOTAL POTENTIAL ENERGY    =         -150.716238428647
                                     _________________________
                       TOTAL ENERGY =          -75.367759976612
 
                 VIRIAL RATIO (V/T) =            2.000255897995
 
 
  END ENERGY COMPONENTS
 
 
** TOTAL CPU Time SCF :     25.276 (s)
** TOTAL Elapsed Time SCF :      4.846 (s)
 
 We are calculating properties for E-ALPHA in the HF/KS ground state
 We are calculating properties for E-BETA in the HF/KS ground state
 
  POPULATION ANALYSES: 
 ====================
 
 MULLIKEN Population: for E-        
 ---------------------
 
                          total          spin      
 
    1      C     S       1.950278      -0.002207
    2      C     S       1.063430       0.053018
    3      C     S       0.243104       0.018273
    4      C     S       0.662587      -0.051002
    5      C     S       0.035333       0.004972
    6      C    Px       0.265823       0.265821
    7      C    Py       0.003574       0.003570
    8      C    Pz       0.271824       0.271540
    9      C    Px       0.451807       0.451804
   10      C    Py       0.006075       0.006067
   11      C    Pz       0.460473       0.459922
   12      C    Px       0.215417       0.215399
   13      C    Py       0.002910       0.002879
   14      C    Pz       0.211639       0.210903
   15      C    Px       0.008775       0.008868
   16      C    Py       0.000103       0.000134
   17      C    Pz       0.008997       0.009040
   18      C   Dxx       0.006630       0.010073
   19      C   Dxy       0.000030       0.000003
   20      C   Dxz      -0.000001      -0.000001
   21      C   Dyy       0.004947      -0.016227
   22      C   Dyz      -0.000000       0.000000
   23      C   Dzz       0.006647       0.010551
   24      C   Dxx       0.011681       0.013600
   25      C   Dxy       0.000078       0.000004
   26      C   Dxz       0.000013       0.000011
   27      C   Dyy       0.013030      -0.035710
   28      C   Dyz       0.000001      -0.000001
   29      C   Dzz       0.010408       0.013841
   30      C   Dxx      -0.001733      -0.003800
   31      C   Dxy       0.000011       0.000003
   32      C   Dxz       0.000068       0.000116
   33      C   Dyy      -0.002056      -0.009178
   34      C   Dyz      -0.000020       0.000022
   35      C   Dzz      -0.002929      -0.003095
   36      C  Fxxx       0.011240       0.011240
   37      C  Fxxy       0.000070       0.000070
   38      C  Fxxz       0.003856       0.003856
   39      C  Fxyy       0.003042       0.003042
   40      C  Fxyz       0.000000       0.000000
   41      C  Fxzz       0.003824       0.003823
   42      C  Fyyy       0.000122       0.000122
   43      C  Fyyz       0.003134       0.003123
   44      C  Fyzz       0.000051       0.000051
   45      C  Fzzz       0.011835       0.011839
   46      C  Fxxx       0.016994       0.016994
   47      C  Fxxy       0.000100       0.000100
   48      C  Fxxz       0.006447       0.006462
   49      C  Fxyy       0.004830       0.004829
   50      C  Fxyz       0.000000       0.000000
   51      C  Fxzz       0.004877       0.004878
   52      C  Fyyy       0.000195       0.000193
   53      C  Fyyz       0.005591       0.005585
   54      C  Fyzz       0.000065       0.000066
   55      C  Fzzz       0.016772       0.016791
   56      C     S       1.950824       0.000852
   57      C     S       0.974251      -0.023253
   58      C     S       0.218664      -0.006115
   59      C     S       0.703179       0.007182
   60      C     S       0.065622       0.002736
   61      C    Px       0.199336      -0.199336
   62      C    Py       0.199162      -0.199162
   63      C    Pz       0.174398       0.174398
   64      C    Px       0.358711      -0.358711
   65      C    Py       0.358450      -0.358450
   66      C    Pz       0.317096       0.317096
   67      C    Px       0.314680      -0.314677
   68      C    Py       0.314538      -0.314538
   69      C    Pz       0.317739       0.317739
   70      C    Px       0.092628      -0.092679
   71      C    Py       0.093111      -0.093112
   72      C    Pz       0.148796       0.148803
   73      C   Dxx       0.005693      -0.013359
   74      C   Dxy       0.000000       0.000000
   75      C   Dxz      -0.000000      -0.000000
   76      C   Dyy       0.005693      -0.013345
   77      C   Dyz      -0.000000       0.000000
   78      C   Dzz       0.006862       0.025403
   79      C   Dxx       0.011999      -0.028744
   80      C   Dxy      -0.000000      -0.000000
   81      C   Dxz       0.000000       0.000000
   82      C   Dyy       0.012000      -0.028726
   83      C   Dyz      -0.000000       0.000000
   84      C   Dzz       0.020154       0.063584
   85      C   Dxx       0.005455      -0.005582
   86      C   Dxy       0.000000       0.000000
   87      C   Dxz      -0.000003      -0.000003
   88      C   Dyy       0.005506      -0.005588
   89      C   Dyz       0.000000      -0.000000
   90      C   Dzz       0.013436       0.024146
   91      C  Fxxx       0.013084      -0.013084
   92      C  Fxxy       0.004364      -0.004364
   93      C  Fxxz       0.000728       0.000728
   94      C  Fxyy       0.004358      -0.004358
   95      C  Fxyz      -0.000000      -0.000000
   96      C  Fxzz      -0.000494       0.000494
   97      C  Fyyy       0.013081      -0.013081
   98      C  Fyyz       0.000726       0.000726
   99      C  Fyzz      -0.000490       0.000490
  100      C  Fzzz       0.016542       0.016542
  101      C  Fxxx       0.016533      -0.016533
  102      C  Fxxy       0.005515      -0.005515
  103      C  Fxxz      -0.001871      -0.001871
  104      C  Fxyy       0.005529      -0.005530
  105      C  Fxyz       0.000000       0.000000
  106      C  Fxzz      -0.004330       0.004330
  107      C  Fyyy       0.016602      -0.016602
  108      C  Fyyz      -0.001843      -0.001843
  109      C  Fyzz      -0.004320       0.004320
  110      C  Fzzz       0.026310       0.026310
 
                           __________     __________
              Total =       13.000000       1.000000
 
  Atomic MULLIKEN Population: for E-        
            C                6.001998       2.002280
            C                6.998002      -1.002280
 
 ...end of MULLIKEN Population
 
 
 END POPULATION ANALYSES 
 
 
  POPULATION ANALYSES: 
 ====================
 
 LOWDIN Population: for E-        
 ---------------------
 
                          total          spin      
 
    1      C     S       1.610596      -0.000613
    2      C     S       0.591879       0.015457
    3      C     S       0.417172       0.013588
    4      C     S       0.307556      -0.012285
    5      C     S       0.094352      -0.007763
    6      C    Px       0.247374       0.247373
    7      C    Py       0.003326       0.003323
    8      C    Pz       0.252895       0.252628
    9      C    Px       0.209912       0.209911
   10      C    Py       0.002819       0.002815
   11      C    Pz       0.213833       0.213565
   12      C    Px       0.115838       0.115834
   13      C    Py       0.001558       0.001550
   14      C    Pz       0.115002       0.114656
   15      C    Px       0.020708       0.020103
   16      C    Py       0.000606      -0.000058
   17      C    Pz       0.026599       0.025704
   18      C   Dxx       0.168753       0.017786
   19      C   Dxy       0.000033       0.000003
   20      C   Dxz       0.000000       0.000000
   21      C   Dyy       0.167185      -0.010336
   22      C   Dyz       0.000000      -0.000000
   23      C   Dzz       0.168512       0.018140
   24      C   Dxx       0.141942       0.006564
   25      C   Dxy       0.000070       0.000004
   26      C   Dxz       0.000018       0.000018
   27      C   Dyy       0.142476      -0.031138
   28      C   Dyz       0.000000       0.000000
   29      C   Dzz       0.140240       0.007003
   30      C   Dxx       0.016682      -0.002524
   31      C   Dxy       0.000016       0.000003
   32      C   Dxz       0.000131       0.000036
   33      C   Dyy       0.017166      -0.008462
   34      C   Dyz       0.000051      -0.000049
   35      C   Dzz       0.018497      -0.000026
   36      C  Fxxx       0.133982       0.133982
   37      C  Fxxy       0.000802       0.000801
   38      C  Fxxz       0.059463       0.059391
   39      C  Fxyy       0.057660       0.057659
   40      C  Fxyz       0.000000       0.000000
   41      C  Fxzz       0.058160       0.058159
   42      C  Fyyy       0.001779       0.001777
   43      C  Fyyz       0.058808       0.058726
   44      C  Fyzz       0.000782       0.000781
   45      C  Fzzz       0.136306       0.136138
   46      C  Fxxx       0.078287       0.078286
   47      C  Fxxy       0.000461       0.000460
   48      C  Fxxz       0.033366       0.033291
   49      C  Fxyy       0.032438       0.032438
   50      C  Fxyz       0.000000       0.000000
   51      C  Fxzz       0.032577       0.032574
   52      C  Fyyy       0.001032       0.001030
   53      C  Fyyz       0.032771       0.032680
   54      C  Fyzz       0.000440       0.000435
   55      C  Fzzz       0.077856       0.077674
   56      C     S       1.609809       0.000242
   57      C     S       0.562627      -0.008071
   58      C     S       0.397381      -0.005817
   59      C     S       0.320797       0.003633
   60      C     S       0.116971       0.006341
   61      C    Px       0.183422      -0.183422
   62      C    Py       0.183251      -0.183251
   63      C    Pz       0.159029       0.159029
   64      C    Px       0.173629      -0.173629
   65      C    Py       0.173508      -0.173508
   66      C    Pz       0.156873       0.156873
   67      C    Px       0.168514      -0.168514
   68      C    Py       0.168561      -0.168561
   69      C    Pz       0.179977       0.179971
   70      C    Px       0.089446      -0.089425
   71      C    Py       0.089792      -0.089792
   72      C    Pz       0.126879       0.126221
   73      C   Dxx       0.154084      -0.018683
   74      C   Dxy       0.000000       0.000000
   75      C   Dxz       0.000000      -0.000000
   76      C   Dyy       0.154085      -0.018670
   77      C   Dyz       0.000000      -0.000000
   78      C   Dzz       0.155903       0.025509
   79      C   Dxx       0.145431      -0.023340
   80      C   Dxy       0.000000       0.000000
   81      C   Dxz       0.000000       0.000000
   82      C   Dyy       0.145450      -0.023329
   83      C   Dyz       0.000000      -0.000000
   84      C   Dzz       0.153141       0.051573
   85      C   Dxx       0.025680      -0.004235
   86      C   Dxy       0.000000       0.000000
   87      C   Dxz       0.000000       0.000000
   88      C   Dyy       0.025705      -0.004238
   89      C   Dyz       0.000000      -0.000000
   90      C   Dzz       0.031730       0.018716
   91      C  Fxxx       0.112221      -0.112221
   92      C  Fxxy       0.048608      -0.048608
   93      C  Fxxz       0.039897       0.039897
   94      C  Fxyy       0.048647      -0.048647
   95      C  Fxyz       0.000000       0.000000
   96      C  Fxzz       0.043857      -0.043857
   97      C  Fyyy       0.112139      -0.112139
   98      C  Fyyz       0.039901       0.039901
   99      C  Fyzz       0.043824      -0.043824
  100      C  Fzzz       0.103324       0.103324
  101      C  Fxxx       0.100314      -0.100314
  102      C  Fxxy       0.043109      -0.043109
  103      C  Fxxz       0.039181       0.039180
  104      C  Fxyy       0.043123      -0.043123
  105      C  Fxyz       0.000000       0.000000
  106      C  Fxzz       0.036482      -0.036482
  107      C  Fyyy       0.100327      -0.100327
  108      C  Fyyz       0.039197       0.039196
  109      C  Fyzz       0.036485      -0.036485
  110      C  Fzzz       0.106925       0.106924
 
                           __________     __________
              Total =       13.000000       1.000000
 
  Atomic LOWDIN Population: for E-        
            C                6.010767       2.009092
            C                6.989233      -1.009092
 
 ...end of LOWDIN Population
 
 
 END POPULATION ANALYSES 
 
 
  EXPECTED POSITIONS OF QUANTUM SPECIES:
 ======================
 
 POSITIONS IN ANGSTROMS
 ------
 
                        <x>      <y>      <z>         
            E-ALPHA   0.0000  -0.0000  15.8704
             E-BETA   0.0000  -0.0000  21.1700
 
 END EXPECTED POSITIONS
 
 
  ELECTROSTATIC MOMENTS:
 ======================
 
 
 DIPOLE: (A.U.)
 ------
 
                           <Dx>         <Dy>         <Dz>          |D|
            E-ALPHA  -0.00000000   0.00000000 -29.99070463
             E-BETA  -0.00000000   0.00000000 -40.00559630
    Point charges:    0.00000000   0.00000000  60.09328641
                     ____________________________
      Total Dipole:  -0.00000000   0.00000000  -9.90301452   9.90301452
 
 DIPOLE: (DEBYE)
 ------
 
                           <Dx>         <Dy>         <Dz>          |D|
            E-ALPHA  -0.00000000   0.00000000 -76.22875771
             E-BETA  -0.00000000   0.00000000-101.68406995
    Point charges:    0.00000000   0.00000000 152.74187874
                     ____________________________
      Total Dipole:  -0.00000000   0.00000000 -25.17094892  25.17094892
 
 QUADRUPOLE NON-TRACELESS: (DEBYE ANGS)
 ------
 
                           <xx>         <yy>         <zz>         <xy>         <xz>         <yz>
            E-ALPHA   -8.95005710   -6.81879137 -418.82550492   -0.25042610    0.00000000   -0.00000000
             E-BETA   -9.91136617  -10.09033775 -545.69585982    0.02102936   -0.00000000    0.00000000
    Point charges:     0.00000000    0.00000000  809.53186499    0.00000000    0.00000000    0.00000000
  Total Quadrupole:  -18.86142327  -16.90912912 -154.98949975   -0.22939674    0.00000000   -0.00000000
                     ____________________________
 
 END ELECTROSTATIC MOMENTS
 
 
 BEGIN FOUR-INDEX INTEGRALS TRANFORMATION:
 ========================================
 Selected method: C         
 
 --------------------------------------------------
    4N^5 Algorithm Four-index integral tranformation
 --------------------------------------------------
 
 Integrals transformation for: E-ALPHA
 
              Transformation boundaries 
                 orbital lower upper
                       p     1     7
                       q     8   110
                       r     1     7
                       s     8   110
 
         Loading AO integrals time(s):  0.164E-01
      Integral transformation time(s):  0.164E+01
       Non-zero transformed integrals:       138694
 
 Inter-species integrals transformation for: E-ALPHA/E-BETA
 
              Transformation boundaries 
                 orbital lower upper
                       p     1     6
                       q     7   110
                       r     1     7
                       s     8   110
 
         Loading AO integrals time(s):  0.181E-01
      Integral transformation time(s):  0.655E+01
 Non zero transformed coupling integrals:       147461
 
 Integrals transformation for: E-BETA
 
              Transformation boundaries 
                 orbital lower upper
                       p     1     6
                       q     7   110
                       r     1     6
                       s     7   110
 
         Loading AO integrals time(s):  0.115E-01
      Integral transformation time(s):  0.157E+01
       Non-zero transformed integrals:       118326
 
** TOTAL Elapsed Time for integrals transformation :     10.039 (s)
 
 
  POST HARTREE-FOCK CALCULATION
  MANY-BODY PERTURBATION THEORY:
 ==============================
 
              MOLLER-PLESSET FORMALISM 
               ORDER OF CORRECTION =     2
 
                E(0) + E(1) =     -75.367759976612
                       E(2) =      -0.191234799791
                             ____________________
                     E(MP2) =     -75.558994776402
 
              -----------------------------------
               E(n){ Specie }     E(n) / Hartree 
              -----------------------------------
 
            E(2){ E-ALPHA } =      -0.019292619090
             E(2){ E-BETA } =      -0.016239020779
 
     E(2){ E-ALPHA/E-BETA } =      -0.155703159922
 
** TOTAL CPU Time HF-MBPT :      0.569 (s)
** TOTAL Elapsed Time HF-MBPT :      0.333 (s)
 

  TOTAL CPU Time:      0.240 (s)
 TOTAL Wall Time:     15.283 (s)
  Elapsed Time:   0h  0m 15s 282ms
LOWDIN execution terminated normally at : Thu Feb  6 14:34:52 2025
-rw-rw-r-- 1 pohl pohl  31M feb  6 14:34 0E-ALPHA.E-BETA.ints
-rw-rw-r-- 1 pohl pohl  16M feb  6 14:34 0E-ALPHA.ints
-rw-rw-r-- 1 pohl pohl  30M feb  6 14:34 1E-ALPHA.E-BETA.ints
-rw-rw-r-- 1 pohl pohl  16M feb  6 14:34 1E-ALPHA.ints
-rw-rw-r-- 1 pohl pohl  31M feb  6 14:34 2E-ALPHA.E-BETA.ints
-rw-rw-r-- 1 pohl pohl  16M feb  6 14:34 2E-ALPHA.ints
-rw-rw-r-- 1 pohl pohl  30M feb  6 14:34 3E-ALPHA.E-BETA.ints
-rw-rw-r-- 1 pohl pohl  16M feb  6 14:34 3E-ALPHA.ints
-rw-rw-r-- 1 pohl pohl   12 feb  6 14:34 E-ALPHA.E-BETA.nints
-rw-rw-r-- 1 pohl pohl 4.9M feb  6 14:34 E-ALPHAmoint.dat
-rw-rw-r-- 1 pohl pohl 3.5M feb  6 14:34 E-BETA.E-ALPHAmoint.dat
-rw-rw-r-- 1 pohl pohl 4.2M feb  6 14:34 E-BETAmoint.dat
-rw-rw-r-- 1 pohl pohl   64 feb  6 14:34 gepol.inp
-rw-rw-r-- 1 pohl pohl  182 feb  6 14:34 gepol.xyzr
-rw-rw-r-- 1 pohl pohl  13K feb  6 14:34 lowdin.bas
-rw-rw-r-- 1 pohl pohl  16K feb  6 14:34 lowdin.dat
-rw-rw-r-- 1 pohl pohl 2.3M feb  6 14:34 lowdin.opints
-rw-rw-r-- 1 pohl pohl  46K feb  6 14:34 lowdin.sys
-rw-rw-r-- 1 pohl pohl 2.1M feb  6 14:34 lowdin.wfn
-rw-rw-r-- 1 pohl pohl  258 feb  6 14:34 usual_24
-rw-rw-r-- 1 pohl pohl 1.1K feb  6 14:34 usual_24.aux
-rw-rw-r-- 1 pohl pohl  266 feb  6 14:34 usual_24.lowdin
-rw-rw-r-- 1 pohl pohl  80K feb  6 14:34 usual_24.out
-rw-rw-r-- 1 pohl pohl 192K feb  6 14:34 usual_24.vec
