Begin job by input: usual_8.lowdin, for user:   at  jue 06 feb 2025 14:30:09 -05
under operating system Linux helios 5.19.0-46-generic #47-Ubuntu SMP PREEMPT_DYNAMIC Fri Jun 16 13:30:11 UTC 2023 x86_64 x86_64 x86_64 GNU/Linux
Compilation information
  commit: f31d3924f6ee2ce9d77f07edcc1ba27359319d14
  compilation date:  mar 17 sep 2024 16:16:17 -05

BEGIN INPUT INFO:
------------------------------------

GEOMETRY
	e-(C)	AUG-CC-PVTZ 0.0 0.0 0.0 multiplicity=2 addParticles=1 
	e-(C)	AUG-CC-PVTZ 0.0 0.0 2.1 
	C	Dirac 0.0 0.0 0.0
	C	Dirac 0.0 0.0 2.1
END GEOMETRY

TASKS
        method = "UHF"
	mollerPlessetCorrection=2
END TASKS

CONTROL
	units="ANGS"
END CONTROL






... END INPUT INFO


 LOWDIN execution started at : Thu Feb  6 14:30:09 2025
 ---------------------------------------------------------------
 
 ***************************************************************
 *                   LOWDIN 2.0  (May/2013)                    *
 *                                                             *
 *  R. FLORES-MORENO, E. F. POSADA, F. S. MONCADA, J.ROMERO,   *
 *  J. CHARRY, M. DIAZ-TINOCO, S. A. GONZALEZ, N. F. AGUIRRE,  *
 *  A. REYES                                                   *
 *                                                             *
 *  https://sites.google.com/site/lowdinproject/               *
 *                                                             *
 ***************************************************************
 
 PARSING INPUT... DONE!
 
 LOWDIN IS RUNNING WITH NEXT PARAMETERS: 
 ----------------------------------------
 
         METHOD TYPE:  UHF
         NUMBER OF CORES:     4
         MOLLER PLESSET CORRECTION:      2
         NONELECTRONIC DENSITY GUESS: HCORE
         ELECTRONIC DENSITY GUESS: HCORE
         CRITERIUM OF CONVERGENCE: ENERGY
         NONELECTRONIC ENERGY TOLERANCE IN SCFs:     0.10000E-07
         ELECTRONIC ENERGY TOLERANCE IN SCFs:     0.10000E-07
         TOTAL ENERGY TOLERANCE IN SCFs:     0.10000E-07
         SCHEME OF ITERATION: GLOBAL ITERATIONS
         SCF MAX. SUBITERATIONS - NONELECTRONS :     1
         SCF MAX. SUBITERATIONS - ELECTRONS :     1
         SCF MAX. ITERATIONS - INTERSPECIES :   200
         INTEGRAL STORAGE: DISK
         STACK SIZE FOR ERIS : 30000
         METHOD OF SCF CONVERGENCE: DAMPING
 
  MOLECULAR SYSTEM: usual_8
 -----------------
 
    DESCRIPTION   : usual_8
    CHARGE        :   0
    PUNTUAL GROUP : NONE
 
 
  INFORMATION OF PARTICLES :
 =========================
         Total number of particles   =      15
         Number of quantum particles =      13
         Number of puntual charges   =       2
         Number of quantum species   =       2
 
                 INFORMATION OF QUANTUM SPECIES 
    ----------------------------------------------------------------------
         ID      Symbol            mass     charge      omega     spin     multiplicity
    ----------------------------------------------------------------------
         1        E-ALPHA         1.0000     -1.00      0.00      0.50      2.00
         2         E-BETA         1.0000     -1.00      0.00      0.50      2.00
 
                   CONSTANTS OF COUPLING 
      ------------------------------------------------------------
              Symbol      kappa        eta     lambda occupation
      ------------------------------------------------------------
             E-ALPHA      -1.00       1.00       1.00       7.00
              E-BETA      -1.00       1.00       1.00       6.00
 
                   BASIS SET FOR SPECIES 
      ------------------------------------------------------------
           Symbol          N. Basis     N. Particles     Basis Set
      ------------------------------------------------------------
            E-ALPHA           28                7     AUG-CC-PVT
             E-BETA           28                6     AUG-CC-PVT
 
                                ATOMIC BASIS
         ------------------------------------------------------------
          PRIMITIVE   SHELL             EXPONENT         COEFFICIENT 
         ------------------------------------------------------------
 
    BEGIN DESCRIPTION OF BASIS FOR: E-ALP
    ==============================
 
 
             C BASIS SET:    AUG-CC-PVTZ
             1         S             8236.00000000          0.00053100
             2         S             1235.00000000          0.00410800
             3         S              280.80000000          0.02108700
             4         S               79.27000000          0.08185300
             5         S               25.59000000          0.23481700
             6         S                8.99700000          0.43440100
             7         S                3.31900000          0.34612900
             8         S                0.36430000         -0.00898300
             1         S             8236.00000000         -0.00011300
             2         S             1235.00000000         -0.00087800
             3         S              280.80000000         -0.00454000
             4         S               79.27000000         -0.01813300
             5         S               25.59000000         -0.05576000
             6         S                8.99700000         -0.12689500
             7         S                3.31900000         -0.17035200
             8         S                0.36430000          0.59868400
             1         S                0.90590000          1.00000000
             1         S                0.12850000          1.00000000
             1         S                0.04402000          1.00000000
             1         P               18.71000000          0.01403100
             2         P                4.13300000          0.08686600
             3         P                1.20000000          0.29021600
             1         P                0.38270000          1.00000000
             1         P                0.12090000          1.00000000
             1         P                0.03569000          1.00000000
             1         D                1.09700000          1.00000000
             1         D                0.31800000          1.00000000
             1         D                0.10000000          1.00000000
             1         F                0.76100000          1.00000000
             1         F                0.26800000          1.00000000
 
             C BASIS SET:    AUG-CC-PVTZ
             1         S             8236.00000000          0.00053100
             2         S             1235.00000000          0.00410800
             3         S              280.80000000          0.02108700
             4         S               79.27000000          0.08185300
             5         S               25.59000000          0.23481700
             6         S                8.99700000          0.43440100
             7         S                3.31900000          0.34612900
             8         S                0.36430000         -0.00898300
             1         S             8236.00000000         -0.00011300
             2         S             1235.00000000         -0.00087800
             3         S              280.80000000         -0.00454000
             4         S               79.27000000         -0.01813300
             5         S               25.59000000         -0.05576000
             6         S                8.99700000         -0.12689500
             7         S                3.31900000         -0.17035200
             8         S                0.36430000          0.59868400
             1         S                0.90590000          1.00000000
             1         S                0.12850000          1.00000000
             1         S                0.04402000          1.00000000
             1         P               18.71000000          0.01403100
             2         P                4.13300000          0.08686600
             3         P                1.20000000          0.29021600
             1         P                0.38270000          1.00000000
             1         P                0.12090000          1.00000000
             1         P                0.03569000          1.00000000
             1         D                1.09700000          1.00000000
             1         D                0.31800000          1.00000000
             1         D                0.10000000          1.00000000
             1         F                0.76100000          1.00000000
             1         F                0.26800000          1.00000000
    ... END DESCRIPTION OF BASIS
 
 
  END INFORMATION OF PARTICLES
 
 
  INFORMATION OF THE QUANTUM SYSTEM 
     ---------------------------------------------------------------------
                 ID     Occupied Orbitals     Basis size
     ---------------------------------------------------------------------
            E-ALPHA            7              110
             E-BETA            6              110
 
  END INFORMATION OF QUANTUM SYSTEM
 
                       INITIAL GEOMETRY: AMSTRONG
                 -----------------------------------
                       <x>                 <y>                 <z>
  E-ALPHAC        0.0000000000        0.0000000000        0.0000000000
  E-ALPHAC        0.0000000000        0.0000000000        2.1000000000
         C        0.0000000000        0.0000000000        0.0000000000
         C        0.0000000000        0.0000000000        2.1000000000
 
                     MATRIX OF DISTANCE: ANGSTROM
                 -----------------------------------
                          C(1)           C(2)      
 
        C(1)             0.000000       2.100000
        C(2)             2.100000       0.000000
 
--------------------------------------------------------------------------------
** PROGRAM: SCF (Hartree Fock).     Author: S.A. Gonzalez, E. Posada, F. Moncada
--------------------------------------------------------------------------------
INFO: RUNNING IN UHF MODE.
 
----------------------------------------------------------------------
** PROGRAM INTS                          Author: E. F. Posada, 2013   
----------------------------------------------------------------------
INFO: RUNNING IN ONE_PARTICLE MODE.
 
 Number of Overlap integrals for species E-ALPHA:  12100
 Number of Overlap integrals for species E-BETA:  12100
 Number of Kinetic integrals for species E-ALPHA:  12100
 Number of Kinetic integrals for species E-BETA:  12100
 Number of Nuclear integrals for species E-ALPHA:  12100
 Number of Nuclear integrals for species E-BETA:  12100
 Number of Moment integrals for species E-ALPHA:  36300
 Number of Moment integrals for species E-BETA:  36300
 
** TOTAL CPU Time INTS :      0.442 (s)
** TOTAL Elapsed Time INTS :      0.198 (s)
 
 Combination coefficients for E-ALPHA were read from usual_8.vec
     number of    E-ALPHA     particles in guess density matrix:     7.140499
 Warning!, density matrix with deviation from number of particles    7.000000
 Combination coefficients for E-BETA were read from usual_8.vec
     number of     E-BETA     particles in guess density matrix:     6.313465
 Warning!, density matrix with deviation from number of particles    6.000000
 Number of unique integrals for species: 1 = 4512148
 Number of unique integrals for species: 1 / 2 = 9018203 Screened: 0
 
 TWO-BODY INTEGRAL SETUP: 
------------------------- 
 Storage:   DISK
 Scheme: LIBINT
 Stack size:  30000
 
 LIBINT library, Fermann, J. T.; Valeev, F. L. 2010                   
 LOWDIN-LIBINT Implementation V. 2.1  Posada E. F. ; Reyes A. 2016   
 ----------------------------------------------------------------------

*** TOTAL CPU time intra-species integrals :      1.254 (s)
*** TOTAL elapsed time intra-species integrals :      0.278 (s)


*** TOTAL CPU time inter-species integrals :      2.821 (s)
*** TOTAL elapsed time inter-species integrals :      0.676 (s)

INFO: RUNNING SCHEME SIMULTANEOUS
 
 Begin Multi-Species SCF calculation:
 
 --------------------------------------------------------------------------------------------------
      Iteration                   Energy            Energy Change           Density Change
 --------------------------------------------------------------------------------------------------
              1         -75.178670774364          75.178670774364           1.429526934256
              2         -75.005144404071          -0.173526370293           0.103058173622
              3         -75.088455306620           0.083310902549           0.068344623796
              4         -75.129332118854           0.040876812234           0.042565333705
              5         -75.152840909419           0.023508790565           0.025873897323
              6         -75.172112666583           0.019271757164           0.016882700676
              7         -75.181264469815           0.009151803232           0.011936354375
              8         -75.182532333225           0.001267863410           0.006729804306
              9         -75.182997996479           0.000465663253           0.003502119352
             10         -75.183214914749           0.000216918270           0.001776070281
             11         -75.183320722401           0.000105807652           0.000892850735
             12         -75.183373022259           0.000052299858           0.000447403591
             13         -75.183399020877           0.000025998618           0.000223908006
             14         -75.183411981659           0.000012960781           0.000111997810
             15         -75.183418452277           0.000006470619           0.000056007752
             16         -75.183421685121           0.000003232844           0.000028005303
             17         -75.183423300926           0.000001615805           0.000014002646
             18         -75.183424108676           0.000000807750           0.000007001140
             19         -75.183424512510           0.000000403833           0.000003500431
             20         -75.183424714421           0.000000201911           0.000001750136
             21         -75.183424815373           0.000000100952           0.000000875035
             22         -75.183424865847           0.000000050474           0.000000437554
             23         -75.183424891083           0.000000025236           0.000000219017
             24         -75.183424903705           0.000000012622           0.000000110245
             25         -75.183424910013           0.000000006309           0.000000056502
 Total energy converged after  25 global iterations                                                  
 
 ...end Multi-Species SCF calculation
 
 
 Begin SCF calculation by: E-ALPHA
 -------------------------
 
 -----------------------------------------------------------------------------------
 Iteration                   Energy           Density Change         DIIS Error 
 -----------------------------------------------------------------------------------
    1         -32.231290900931           0.101877561171                 -- 
    2         -31.917432905970           0.067702167230                 -- 
    3         -31.718610653539           0.042084786787                 -- 
    4         -31.566145005087           0.025226253444                 -- 
    5         -31.370679419933           0.016184943385                 -- 
    6         -31.179087678752           0.011742430598                 -- 
    7         -31.143828845037           0.006660282967                 -- 
    8         -31.136673071667           0.003472223148                 -- 
    9         -31.135442594202           0.001762065823                 -- 
   10         -31.135424835260           0.000886101689                 -- 
   11         -31.135580258594           0.000444109797                 -- 
   12         -31.135705910450           0.000222288184                 -- 
   13         -31.135783444830           0.000111197460                 -- 
   14         -31.135826925253           0.000055611255                 -- 
   15         -31.135850233608           0.000027808620                 -- 
   16         -31.135862426766           0.000013905033                 -- 
   17         -31.135868713975           0.000006952692                 -- 
   18         -31.135871926778           0.000003476389                 -- 
   19         -31.135873558934           0.000001738206                 -- 
   20         -31.135874384832           0.000000869105                 -- 
   21         -31.135874801623           0.000000434553                 -- 
   22         -31.135875011560           0.000000217277                 -- 
   23         -31.135875117170           0.000000108638                 -- 
   24         -31.135875170243           0.000000054319                 -- 
 
 ... end SCF calculation
 
 Begin SCF calculation by: E-BETA
 -------------------------
 
 -----------------------------------------------------------------------------------
 Iteration                   Energy           Density Change         DIIS Error 
 -----------------------------------------------------------------------------------
    1         -31.072260842777           0.001180612452                 -- 
    2         -30.949756038170           0.000642456567                 -- 
    3         -30.882610675837           0.000480546918                 -- 
    4         -30.876282219121           0.000647643879                 -- 
    5         -30.860793387439           0.000697757291                 -- 
    6         -30.785270943325           0.000193923777                 -- 
    7         -30.764572315650           0.000069521339                 -- 
    8         -30.756982158356           0.000029896204                 -- 
    9         -30.753795547009           0.000014004458                 -- 
   10         -30.752357475558           0.000006749046                 -- 
   11         -30.751681341227           0.000003293794                 -- 
   12         -30.751355864825           0.000001619821                 -- 
   13         -30.751197018086           0.000000800350                 -- 
   14         -30.751118853561           0.000000396497                 -- 
   15         -30.751080195154           0.000000196683                 -- 
   16         -30.751061013800           0.000000097613                 -- 
   17         -30.751051476374           0.000000048448                 -- 
   18         -30.751046727427           0.000000024042                 -- 
   19         -30.751044360509           0.000000011930                 -- 
   20         -30.751043180025           0.000000005930                 -- 
   21         -30.751042590990           0.000000003001                 -- 
   22         -30.751042296978           0.000000001740                 -- 
   23         -30.751042150190           0.000000001607                 -- 
   24         -30.751042076893           0.000000002182                 -- 
 
 ... end SCF calculation
 
  EIGENVALUES AND EIGENVECTORS: 
 ==============================
 
 
  Eigenvalues for: E-ALPHA
 -----------------
 
    1         -10.843347182752
    2         -10.842752180581
    3          -0.491627775199
    4          -0.303523777207
    5          -0.113650828046
    6           0.041719573632
    7           0.189211686887
    8           0.244069945129
    9           0.255621656940
   10           0.271058802908
   11           0.275157608326
   12           0.289819926713
   13           0.297655062224
   14           0.302317965567
   15           0.363711243617
   16           0.385864046838
   17           0.402287444654
   18           0.470897507675
   19           0.527666233638
   20           0.545562781660
   21           0.545631270682
   22           0.559255489223
   23           0.610282393427
   24           0.612357405332
   25           0.622411542624
   26           0.625399202308
   27           0.625505328076
   28           0.665827983672
   29           0.683928212069
   30           0.698149341135
   31           0.715989978449
   32           0.755714569095
   33           0.806779551909
   34           0.817497044967
   35           0.821656659691
   36           0.939274223501
   37           1.297288980408
   38           1.307125614601
   39           1.325333249521
   40           1.331451717946
   41           1.333705700882
   42           1.354562111590
   43           1.354568205327
   44           1.380609975571
   45           1.394091951772
   46           1.407301618534
   47           1.413408504496
   48           1.433200714081
   49           1.433271468902
   50           1.445598665724
   51           1.445628875770
   52           1.476425875428
   53           1.487044665095
   54           1.487046153616
   55           1.495237112118
   56           1.539307237285
   57           1.591017368954
   58           1.595958879117
   59           1.610775535552
   60           1.659091102400
   61           1.667631477138
   62           1.722059161360
   63           1.722457117148
   64           1.793022512191
   65           1.944787247067
   66           2.088831981243
   67           2.094904651988
   68           2.236583517841
   69           2.442231216864
   70           2.849240521419
   71           3.390417805313
   72           3.459989827585
   73           3.467494107761
   74           3.514599549158
   75           3.521245945532
   76           3.729972068635
   77           3.802498451397
   78           3.806918904555
   79           3.829749126636
   80           3.829824537095
   81           3.842323244767
   82           3.842330255875
   83           3.861463090145
   84           3.862357632444
   85           3.885291497352
   86           3.885357322101
   87           3.888352721550
   88           3.888353443411
   89           3.903620735459
   90           3.907849976544
   91           3.913519821225
   92           3.961104598007
   93           3.961194622969
   94           4.101583379862
   95           4.112064627876
   96           4.116551035849
   97           4.120136075118
   98           4.205464064837
   99           4.285900278977
  100           4.824554173482
  101           6.769371079514
  102           7.288359930815
  103           7.528868512182
  104           7.546119549899
  105           7.885624488543
  106           7.902288629487
  107           8.078931328108
  108           8.864447663064
  109           9.051453701396
  110           9.580907800232
 
 
  Eigenvalues for: E-BETA
 -----------------
 
    1         -11.375609138899
    2         -11.375446152378
    3          -0.757706491708
    4          -0.590384951739
    5          -0.267602332517
    6          -0.236861225185
    7           0.047396363104
    8           0.075946596765
    9           0.089367530007
   10           0.180196588232
   11           0.180634915069
   12           0.192730374990
   13           0.199663171241
   14           0.225337899883
   15           0.230369486065
   16           0.239459201105
   17           0.274684034123
   18           0.317060123561
   19           0.382160995644
   20           0.383682393364
   21           0.414757583100
   22           0.469072740977
   23           0.469441046616
   24           0.481028939089
   25           0.485403413444
   26           0.485895429723
   27           0.512655361325
   28           0.516425039382
   29           0.517664886110
   30           0.526799564136
   31           0.528684780537
   32           0.557040690808
   33           0.641895339925
   34           0.654545842096
   35           0.674657403922
   36           0.824130181054
   37           1.036805462985
   38           1.054118703534
   39           1.054832475828
   40           1.057390740840
   41           1.129383992956
   42           1.132476144295
   43           1.132556749801
   44           1.174986008165
   45           1.175919575226
   46           1.176555666612
   47           1.189751050376
   48           1.201422553152
   49           1.202388214153
   50           1.203107610649
   51           1.208718972833
   52           1.218229744774
   53           1.227428205936
   54           1.270316994445
   55           1.270497534957
   56           1.319882299274
   57           1.332047676168
   58           1.352629620031
   59           1.363854796354
   60           1.444954712236
   61           1.460955521761
   62           1.500274064744
   63           1.501010671347
   64           1.590517489294
   65           1.678574207485
   66           1.833540337549
   67           1.852504404822
   68           2.063617613067
   69           2.193487443733
   70           2.656934321612
   71           3.071658495900
   72           3.082605189993
   73           3.091931859766
   74           3.124443727021
   75           3.144897433717
   76           3.401166096048
   77           3.425640685128
   78           3.425641217927
   79           3.464227572992
   80           3.482424580088
   81           3.485944004742
   82           3.485956974265
   83           3.496528516196
   84           3.497222938141
   85           3.530238070086
   86           3.532691004945
   87           3.543810790741
   88           3.543824617712
   89           3.551679581592
   90           3.571624746056
   91           3.599085054984
   92           3.628444198926
   93           3.628633019694
   94           3.753462272895
   95           3.773576879328
   96           3.773799146481
   97           3.793200605137
   98           3.873049906424
   99           3.944462177545
  100           4.493762163906
  101           6.405645527455
  102           6.936053163993
  103           7.231230915728
  104           7.250753478161
  105           7.581720035131
  106           7.600695694277
  107           7.772629207549
  108           8.495058239901
  109           8.690974305400
  110           9.228947447231
 
  end of eigenvalues 
 
  Occupied Eigenvectors for: E-ALPHA
 --------------------------- 
 
                         -10.8433       -10.8428        -0.4916        -0.3035        -0.1137   
 
    1      C     S       0.689573      -0.689873       0.010027      -0.007173      -0.001598
    2      C     S      -0.003352       0.003046      -0.348831       0.363336       0.100139
    3      C     S       0.033682      -0.034598      -0.085109       0.091116       0.025822
    4      C     S      -0.010785       0.016632      -0.216856       0.279171       0.116519
    5      C     S      -0.002003       0.013170      -0.011614       0.023225       0.063860
    6      C    Px       0.000000       0.000000      -0.000000      -0.000000      -0.000000
    7      C    Py       0.000000       0.000000      -0.000000      -0.000000      -0.000000
    8      C    Pz       0.000021       0.000159      -0.055213      -0.077862      -0.225334
    9      C    Px      -0.000000      -0.000000       0.000000      -0.000000      -0.000000
   10      C    Py      -0.000000      -0.000000      -0.000000      -0.000000      -0.000000
   11      C    Pz       0.000207       0.000620      -0.066960      -0.102597      -0.287008
   12      C    Px      -0.000000       0.000000       0.000000      -0.000000      -0.000000
   13      C    Py      -0.000000      -0.000000      -0.000000      -0.000000      -0.000000
   14      C    Pz      -0.000216       0.002256      -0.027500      -0.062793      -0.197511
   15      C    Px       0.000000      -0.000000      -0.000000      -0.000000      -0.000000
   16      C    Py       0.000000      -0.000000      -0.000000      -0.000000      -0.000000
   17      C    Pz      -0.000068       0.002431      -0.001614      -0.010280      -0.050907
   18      C   Dxx       0.000911      -0.001073       0.001252       0.000721       0.001502
   19      C   Dxy      -0.000185       0.000179       0.001689      -0.001458      -0.000376
   20      C   Dxz      -0.000000      -0.000000      -0.000000       0.000000       0.000000
   21      C   Dyy       0.000388      -0.000565       0.006028      -0.003403       0.000438
   22      C   Dyz       0.000000      -0.000000      -0.000000       0.000000       0.000000
   23      C   Dzz       0.002094      -0.002398      -0.014067       0.010836       0.000864
   24      C   Dxx       0.005192      -0.006707       0.001078       0.002041       0.001397
   25      C   Dxy      -0.000039       0.000020       0.003422      -0.002243      -0.000570
   26      C   Dxz      -0.000000       0.000000      -0.000000       0.000000       0.000000
   27      C   Dyy       0.005083      -0.006649       0.010756      -0.004303      -0.000217
   28      C   Dyz      -0.000000       0.000000      -0.000000       0.000000       0.000000
   29      C   Dzz       0.005086      -0.005293      -0.026332       0.017178       0.003589
   30      C   Dxx       0.001839      -0.004173      -0.002502       0.003552      -0.005311
   31      C   Dxy      -0.000012       0.000010       0.002039      -0.001173      -0.000514
   32      C   Dxz      -0.000000      -0.000000       0.000000       0.000000       0.000000
   33      C   Dyy       0.001804      -0.004145       0.003267       0.000235      -0.006765
   34      C   Dyz      -0.000000      -0.000000      -0.000000       0.000000       0.000000
   35      C   Dzz       0.001740      -0.002650      -0.003605       0.012201       0.013164
   36      C  Fxxx       0.000000       0.000000      -0.000000       0.000000      -0.000000
   37      C  Fxxy       0.000000       0.000000      -0.000000      -0.000000       0.000000
   38      C  Fxxz      -0.000018      -0.000032      -0.000017      -0.000868      -0.002037
   39      C  Fxyy       0.000000       0.000000      -0.000000       0.000000       0.000000
   40      C  Fxyz      -0.000004       0.000001       0.000103       0.000041       0.000050
   41      C  Fxzz       0.000000      -0.000000      -0.000000       0.000000      -0.000000
   42      C  Fyyy       0.000000       0.000000      -0.000000      -0.000000       0.000000
   43      C  Fyyz      -0.000030      -0.000030       0.000273      -0.000754      -0.001897
   44      C  Fyzz       0.000000       0.000000      -0.000000      -0.000000       0.000000
   45      C  Fzzz       0.000213       0.000058      -0.005386      -0.005734      -0.015146
   46      C  Fxxx       0.000000      -0.000000      -0.000000       0.000000       0.000000
   47      C  Fxxy       0.000000       0.000000       0.000000      -0.000000       0.000000
   48      C  Fxxz       0.000198       0.000075      -0.000682      -0.003301      -0.004187
   49      C  Fxyy       0.000000      -0.000000      -0.000000       0.000000       0.000000
   50      C  Fxyz      -0.000007      -0.000002       0.000499       0.000128       0.000007
   51      C  Fxzz      -0.000000       0.000000       0.000000       0.000000      -0.000000
   52      C  Fyyy       0.000000       0.000000       0.000000      -0.000000       0.000000
   53      C  Fyyz       0.000177       0.000069       0.000729      -0.002940      -0.004166
   54      C  Fyzz       0.000000       0.000000      -0.000000       0.000000       0.000000
   55      C  Fzzz      -0.000130       0.001035      -0.003313      -0.011800      -0.017438
   56      C     S       0.689564       0.689882       0.010027       0.007173      -0.001598
   57      C     S      -0.003352      -0.003046      -0.348831      -0.363336       0.100139
   58      C     S       0.033681       0.034598      -0.085109      -0.091116       0.025822
   59      C     S      -0.010785      -0.016632      -0.216856      -0.279171       0.116519
   60      C     S      -0.002002      -0.013170      -0.011614      -0.023225       0.063860
   61      C    Px      -0.000000      -0.000000      -0.000000       0.000000      -0.000000
   62      C    Py       0.000000      -0.000000       0.000000      -0.000000       0.000000
   63      C    Pz      -0.000021       0.000159       0.055213      -0.077862       0.225334
   64      C    Px       0.000000       0.000000       0.000000      -0.000000      -0.000000
   65      C    Py      -0.000000       0.000000      -0.000000      -0.000000       0.000000
   66      C    Pz      -0.000207       0.000620       0.066960      -0.102597       0.287008
   67      C    Px       0.000000       0.000000      -0.000000      -0.000000      -0.000000
   68      C    Py       0.000000       0.000000      -0.000000      -0.000000      -0.000000
   69      C    Pz       0.000216       0.002256       0.027500      -0.062793       0.197511
   70      C    Px      -0.000000      -0.000000       0.000000       0.000000      -0.000000
   71      C    Py      -0.000000       0.000000       0.000000      -0.000000       0.000000
   72      C    Pz       0.000068       0.002431       0.001614      -0.010280       0.050907
   73      C   Dxx       0.000911       0.001073       0.001252      -0.000721       0.001502
   74      C   Dxy      -0.000185      -0.000179       0.001689       0.001458      -0.000376
   75      C   Dxz      -0.000000       0.000000       0.000000       0.000000       0.000000
   76      C   Dyy       0.000388       0.000565       0.006028       0.003403       0.000438
   77      C   Dyz      -0.000000      -0.000000       0.000000      -0.000000      -0.000000
   78      C   Dzz       0.002093       0.002398      -0.014067      -0.010836       0.000864
   79      C   Dxx       0.005192       0.006707       0.001078      -0.002041       0.001397
   80      C   Dxy      -0.000039      -0.000020       0.003422       0.002243      -0.000570
   81      C   Dxz       0.000000       0.000000       0.000000       0.000000       0.000000
   82      C   Dyy       0.005083       0.006649       0.010756       0.004303      -0.000217
   83      C   Dyz      -0.000000       0.000000      -0.000000       0.000000       0.000000
   84      C   Dzz       0.005086       0.005293      -0.026332      -0.017178       0.003589
   85      C   Dxx       0.001839       0.004173      -0.002502      -0.003552      -0.005311
   86      C   Dxy      -0.000012      -0.000010       0.002039       0.001173      -0.000514
   87      C   Dxz       0.000000      -0.000000       0.000000       0.000000      -0.000000
   88      C   Dyy       0.001804       0.004145       0.003267      -0.000235      -0.006765
   89      C   Dyz      -0.000000       0.000000      -0.000000      -0.000000       0.000000
   90      C   Dzz       0.001740       0.002650      -0.003605      -0.012201       0.013164
   91      C  Fxxx      -0.000000      -0.000000      -0.000000       0.000000       0.000000
   92      C  Fxxy       0.000000      -0.000000       0.000000      -0.000000      -0.000000
   93      C  Fxxz       0.000018      -0.000032       0.000017      -0.000868       0.002037
   94      C  Fxyy      -0.000000      -0.000000      -0.000000       0.000000       0.000000
   95      C  Fxyz       0.000004       0.000001      -0.000103       0.000041      -0.000050
   96      C  Fxzz      -0.000000      -0.000000       0.000000       0.000000      -0.000000
   97      C  Fyyy       0.000000      -0.000000       0.000000      -0.000000      -0.000000
   98      C  Fyyz       0.000030      -0.000030      -0.000273      -0.000754       0.001897
   99      C  Fyzz       0.000000      -0.000000       0.000000      -0.000000      -0.000000
  100      C  Fzzz      -0.000213       0.000058       0.005386      -0.005734       0.015146
  101      C  Fxxx      -0.000000      -0.000000       0.000000       0.000000       0.000000
  102      C  Fxxy      -0.000000      -0.000000       0.000000      -0.000000      -0.000000
  103      C  Fxxz      -0.000198       0.000075       0.000682      -0.003301       0.004187
  104      C  Fxyy      -0.000000      -0.000000      -0.000000       0.000000      -0.000000
  105      C  Fxyz       0.000007      -0.000002      -0.000499       0.000128      -0.000007
  106      C  Fxzz      -0.000000      -0.000000      -0.000000       0.000000       0.000000
  107      C  Fyyy      -0.000000      -0.000000       0.000000      -0.000000      -0.000000
  108      C  Fyyz      -0.000177       0.000069      -0.000729      -0.002940       0.004166
  109      C  Fyzz      -0.000000      -0.000000       0.000000      -0.000000      -0.000000
  110      C  Fzzz       0.000130       0.001035       0.003313      -0.011800       0.017438
 
                           0.0417         0.1892   
 
    1      C     S      -0.000000      -0.028549
    2      C     S       0.000000       0.028745
    3      C     S      -0.000000      -0.003397
    4      C     S      -0.000000       0.636621
    5      C     S       0.000000       7.113677
    6      C    Px       0.179968       0.000000
    7      C    Py      -0.050725       0.000000
    8      C    Pz      -0.000000       0.048872
    9      C    Px       0.231093       0.000000
   10      C    Py      -0.065135       0.000000
   11      C    Pz      -0.000000      -0.019140
   12      C    Px       0.214474       0.000000
   13      C    Py      -0.060450      -0.000000
   14      C    Pz      -0.000000       1.537932
   15      C    Px       0.122192       0.000000
   16      C    Py      -0.034441       0.000000
   17      C    Pz      -0.000000       3.050714
   18      C   Dxx      -0.000000       0.002545
   19      C   Dxy       0.000000      -0.000338
   20      C   Dxz       0.003109      -0.000000
   21      C   Dyy      -0.000000       0.001591
   22      C   Dyz      -0.000876      -0.000000
   23      C   Dzz      -0.000000      -0.000274
   24      C   Dxx      -0.000000      -0.023958
   25      C   Dxy      -0.000000      -0.000219
   26      C   Dxz       0.010693       0.000000
   27      C   Dyy      -0.000000      -0.024576
   28      C   Dyz      -0.003014       0.000000
   29      C   Dzz      -0.000000      -0.009844
   30      C   Dxx      -0.000000      -0.296175
   31      C   Dxy       0.000000      -0.001127
   32      C   Dxz      -0.000722       0.000000
   33      C   Dyy      -0.000000      -0.299364
   34      C   Dyz       0.000204      -0.000000
   35      C   Dzz      -0.000000       0.539854
   36      C  Fxxx       0.007921      -0.000000
   37      C  Fxxy      -0.001112      -0.000000
   38      C  Fxxz      -0.000000       0.000555
   39      C  Fxyy       0.003389      -0.000000
   40      C  Fxyz       0.000000       0.000006
   41      C  Fxzz       0.008685      -0.000000
   42      C  Fyyy      -0.002115      -0.000000
   43      C  Fyyz      -0.000000       0.000574
   44      C  Fyzz      -0.002448      -0.000000
   45      C  Fzzz      -0.000000      -0.009989
   46      C  Fxxx       0.013058      -0.000000
   47      C  Fxxy      -0.001546       0.000000
   48      C  Fxxz       0.000000      -0.083931
   49      C  Fxyy       0.005974      -0.000000
   50      C  Fxyz      -0.000000       0.000095
   51      C  Fxzz       0.012193       0.000000
   52      C  Fyyy      -0.003783       0.000000
   53      C  Fyyz       0.000000      -0.083662
   54      C  Fyzz      -0.003437       0.000000
   55      C  Fzzz       0.000000      -0.094615
   56      C     S      -0.000000       0.028549
   57      C     S       0.000000      -0.028745
   58      C     S       0.000000       0.003397
   59      C     S       0.000000      -0.636621
   60      C     S      -0.000000      -7.113677
   61      C    Px       0.179968      -0.000000
   62      C    Py      -0.050725      -0.000000
   63      C    Pz       0.000000       0.048872
   64      C    Px       0.231093       0.000000
   65      C    Py      -0.065135       0.000000
   66      C    Pz       0.000000      -0.019140
   67      C    Px       0.214474       0.000000
   68      C    Py      -0.060450       0.000000
   69      C    Pz      -0.000000       1.537932
   70      C    Px       0.122192      -0.000000
   71      C    Py      -0.034441       0.000000
   72      C    Pz       0.000000       3.050714
   73      C   Dxx       0.000000      -0.002545
   74      C   Dxy       0.000000       0.000338
   75      C   Dxz      -0.003109      -0.000000
   76      C   Dyy      -0.000000      -0.001591
   77      C   Dyz       0.000876      -0.000000
   78      C   Dzz       0.000000       0.000274
   79      C   Dxx       0.000000       0.023958
   80      C   Dxy      -0.000000       0.000219
   81      C   Dxz      -0.010693       0.000000
   82      C   Dyy       0.000000       0.024576
   83      C   Dyz       0.003014       0.000000
   84      C   Dzz      -0.000000       0.009844
   85      C   Dxx       0.000000       0.296175
   86      C   Dxy       0.000000       0.001127
   87      C   Dxz       0.000722       0.000000
   88      C   Dyy       0.000000       0.299364
   89      C   Dyz      -0.000204      -0.000000
   90      C   Dzz       0.000000      -0.539854
   91      C  Fxxx       0.007921      -0.000000
   92      C  Fxxy      -0.001112      -0.000000
   93      C  Fxxz       0.000000       0.000555
   94      C  Fxyy       0.003389      -0.000000
   95      C  Fxyz       0.000000       0.000006
   96      C  Fxzz       0.008685      -0.000000
   97      C  Fyyy      -0.002115      -0.000000
   98      C  Fyyz       0.000000       0.000574
   99      C  Fyzz      -0.002448      -0.000000
  100      C  Fzzz       0.000000      -0.009989
  101      C  Fxxx       0.013058      -0.000000
  102      C  Fxxy      -0.001546      -0.000000
  103      C  Fxxz       0.000000      -0.083931
  104      C  Fxyy       0.005974      -0.000000
  105      C  Fxyz      -0.000000       0.000095
  106      C  Fxzz       0.012193      -0.000000
  107      C  Fyyy      -0.003783      -0.000000
  108      C  Fyyz       0.000000      -0.083662
  109      C  Fyzz      -0.003437      -0.000000
  110      C  Fzzz       0.000000      -0.094615
 
 
  Occupied Eigenvectors for: E-BETA
 --------------------------- 
 
                         -11.3756       -11.3754        -0.7577        -0.5904        -0.2676   
 
    1      C     S       0.690421      -0.690525      -0.004820       0.000181       0.000000
    2      C     S      -0.005456       0.005317       0.388342       0.440607       0.000000
    3      C     S       0.030803      -0.031686       0.108094       0.123167       0.000000
    4      C     S      -0.011657       0.015805       0.200066       0.287928      -0.000000
    5      C     S      -0.002103       0.011687       0.009823       0.043442      -0.000000
    6      C    Px       0.000000       0.000000       0.000000       0.000000       0.060872
    7      C    Py       0.000000       0.000000       0.000000       0.000000       0.215971
    8      C    Pz       0.000086      -0.000114       0.034430      -0.002066      -0.000000
    9      C    Px      -0.000000      -0.000000      -0.000000       0.000000       0.080416
   10      C    Py      -0.000000      -0.000000      -0.000000       0.000000       0.285312
   11      C    Pz       0.000708      -0.001046       0.047438      -0.001215      -0.000000
   12      C    Px       0.000000       0.000000      -0.000000       0.000000       0.056497
   13      C    Py      -0.000000       0.000000       0.000000       0.000000       0.200447
   14      C    Pz       0.000152       0.002622       0.019275       0.038583       0.000000
   15      C    Px       0.000000      -0.000000       0.000000      -0.000000       0.007233
   16      C    Py       0.000000      -0.000000       0.000000      -0.000000       0.025662
   17      C    Pz      -0.000123       0.002091       0.000470       0.006483      -0.000000
   18      C   Dxx       0.002100      -0.002296       0.003099       0.004993       0.000000
   19      C   Dxy       0.000078      -0.000079       0.001422       0.001619      -0.000000
   20      C   Dxz      -0.000000      -0.000000      -0.000000      -0.000000       0.001985
   21      C   Dyy       0.002322      -0.002520       0.007121       0.009571       0.000000
   22      C   Dyz       0.000000      -0.000000      -0.000000      -0.000000       0.007041
   23      C   Dzz       0.001346      -0.001585      -0.002256      -0.007376       0.000000
   24      C   Dxx       0.005615      -0.006774       0.002564       0.005703       0.000000
   25      C   Dxy      -0.000027       0.000031       0.003550       0.003889       0.000000
   26      C   Dxz      -0.000000       0.000000      -0.000000      -0.000000       0.007769
   27      C   Dyy       0.005539      -0.006687       0.012604       0.016703       0.000000
   28      C   Dyz      -0.000000       0.000000      -0.000000       0.000000       0.027565
   29      C   Dzz       0.005580      -0.007337      -0.003122      -0.026617       0.000000
   30      C   Dxx       0.001908      -0.003696      -0.002953      -0.006085       0.000000
   31      C   Dxy       0.000009      -0.000013       0.000501       0.000666      -0.000000
   32      C   Dxz      -0.000000      -0.000000      -0.000000      -0.000000       0.006085
   33      C   Dyy       0.001934      -0.003733      -0.001536      -0.004202       0.000000
   34      C   Dyz      -0.000000      -0.000000       0.000000      -0.000000       0.021589
   35      C   Dzz       0.001862      -0.002428      -0.004680      -0.002683       0.000000
   36      C  Fxxx       0.000000       0.000000       0.000000      -0.000000       0.001629
   37      C  Fxxy       0.000000       0.000000       0.000000       0.000000       0.002954
   38      C  Fxxz      -0.000145       0.000123       0.000385      -0.000813      -0.000000
   39      C  Fxyy       0.000000       0.000000       0.000000      -0.000000       0.002643
   40      C  Fxyz       0.000002      -0.000002       0.000266       0.000081      -0.000000
   41      C  Fxzz       0.000000      -0.000000       0.000000      -0.000000       0.000776
   42      C  Fyyy       0.000000       0.000000       0.000000      -0.000000       0.010566
   43      C  Fyyz      -0.000140       0.000117       0.001138      -0.000584      -0.000000
   44      C  Fyzz       0.000000       0.000000       0.000000       0.000000       0.002752
   45      C  Fzzz      -0.000313       0.000272       0.001569      -0.003666      -0.000000
   46      C  Fxxx       0.000000      -0.000000       0.000000      -0.000000       0.001356
   47      C  Fxxy       0.000000      -0.000000       0.000000       0.000000       0.003058
   48      C  Fxxz      -0.000012      -0.000121       0.000379      -0.004485      -0.000000
   49      C  Fxyy       0.000000       0.000000       0.000000      -0.000000       0.005303
   50      C  Fxyz       0.000001       0.000003       0.000619       0.000245      -0.000000
   51      C  Fxzz      -0.000000       0.000000      -0.000000      -0.000000       0.002647
   52      C  Fyyy       0.000000      -0.000000       0.000000       0.000000       0.016556
   53      C  Fyyz      -0.000008      -0.000113       0.002131      -0.003791      -0.000000
   54      C  Fyzz       0.000000       0.000000       0.000000       0.000000       0.009393
   55      C  Fzzz      -0.000189      -0.000589       0.000955      -0.016395      -0.000000
   56      C     S       0.690389       0.690556      -0.004820      -0.000181       0.000000
   57      C     S      -0.005456      -0.005317       0.388342      -0.440607       0.000000
   58      C     S       0.030802       0.031688       0.108094      -0.123167       0.000000
   59      C     S      -0.011657      -0.015806       0.200066      -0.287928      -0.000000
   60      C     S      -0.002102      -0.011688       0.009823      -0.043442      -0.000000
   61      C    Px      -0.000000      -0.000000      -0.000000      -0.000000       0.060873
   62      C    Py       0.000000      -0.000000      -0.000000      -0.000000       0.215972
   63      C    Pz      -0.000086      -0.000114      -0.034430      -0.002066       0.000000
   64      C    Px       0.000000       0.000000       0.000000      -0.000000       0.080417
   65      C    Py      -0.000000       0.000000       0.000000      -0.000000       0.285312
   66      C    Pz      -0.000708      -0.001046      -0.047438      -0.001215       0.000000
   67      C    Px       0.000000       0.000000       0.000000      -0.000000       0.056497
   68      C    Py       0.000000       0.000000       0.000000       0.000000       0.200448
   69      C    Pz      -0.000152       0.002622      -0.019275       0.038583       0.000000
   70      C    Px      -0.000000      -0.000000      -0.000000       0.000000       0.007233
   71      C    Py      -0.000000      -0.000000      -0.000000       0.000000       0.025662
   72      C    Pz       0.000123       0.002091      -0.000470       0.006483       0.000000
   73      C   Dxx       0.002100       0.002296       0.003099      -0.004993       0.000000
   74      C   Dxy       0.000078       0.000079       0.001422      -0.001619      -0.000000
   75      C   Dxz       0.000000       0.000000       0.000000      -0.000000      -0.001985
   76      C   Dyy       0.002322       0.002520       0.007121      -0.009571       0.000000
   77      C   Dyz      -0.000000      -0.000000       0.000000      -0.000000      -0.007041
   78      C   Dzz       0.001346       0.001585      -0.002256       0.007376      -0.000000
   79      C   Dxx       0.005614       0.006774       0.002564      -0.005703       0.000000
   80      C   Dxy      -0.000027      -0.000031       0.003550      -0.003889      -0.000000
   81      C   Dxz       0.000000       0.000000       0.000000      -0.000000      -0.007769
   82      C   Dyy       0.005538       0.006687       0.012604      -0.016703       0.000000
   83      C   Dyz      -0.000000       0.000000      -0.000000       0.000000      -0.027565
   84      C   Dzz       0.005580       0.007337      -0.003122       0.026617       0.000000
   85      C   Dxx       0.001908       0.003696      -0.002953       0.006085       0.000000
   86      C   Dxy       0.000009       0.000013       0.000501      -0.000666       0.000000
   87      C   Dxz       0.000000      -0.000000       0.000000       0.000000      -0.006085
   88      C   Dyy       0.001934       0.003733      -0.001536       0.004202       0.000000
   89      C   Dyz      -0.000000       0.000000       0.000000      -0.000000      -0.021589
   90      C   Dzz       0.001861       0.002428      -0.004680       0.002683      -0.000000
   91      C  Fxxx      -0.000000      -0.000000      -0.000000       0.000000       0.001629
   92      C  Fxxy       0.000000      -0.000000      -0.000000      -0.000000       0.002954
   93      C  Fxxz       0.000145       0.000123      -0.000385      -0.000813      -0.000000
   94      C  Fxyy      -0.000000      -0.000000      -0.000000      -0.000000       0.002643
   95      C  Fxyz      -0.000002      -0.000002      -0.000266       0.000081      -0.000000
   96      C  Fxzz      -0.000000      -0.000000      -0.000000       0.000000       0.000776
   97      C  Fyyy       0.000000      -0.000000      -0.000000      -0.000000       0.010566
   98      C  Fyyz       0.000140       0.000117      -0.001138      -0.000584       0.000000
   99      C  Fyzz       0.000000      -0.000000      -0.000000      -0.000000       0.002752
  100      C  Fzzz       0.000313       0.000272      -0.001569      -0.003666      -0.000000
  101      C  Fxxx      -0.000000      -0.000000      -0.000000       0.000000       0.001356
  102      C  Fxxy      -0.000000      -0.000000      -0.000000      -0.000000       0.003058
  103      C  Fxxz       0.000012      -0.000121      -0.000379      -0.004485      -0.000000
  104      C  Fxyy      -0.000000      -0.000000      -0.000000       0.000000       0.005303
  105      C  Fxyz      -0.000001       0.000003      -0.000619       0.000245       0.000000
  106      C  Fxzz      -0.000000      -0.000000      -0.000000       0.000000       0.002647
  107      C  Fyyy      -0.000000      -0.000000      -0.000000      -0.000000       0.016556
  108      C  Fyyz       0.000008      -0.000113      -0.002131      -0.003791      -0.000000
  109      C  Fyzz      -0.000000      -0.000000      -0.000000      -0.000000       0.009393
  110      C  Fzzz       0.000189      -0.000589      -0.000955      -0.016395      -0.000000
 
                          -0.2369   
 
    1      C     S      -0.000000
    2      C     S      -0.000000
    3      C     S      -0.000000
    4      C     S       0.000000
    5      C     S       0.000000
    6      C    Px      -0.215468
    7      C    Py       0.060731
    8      C    Pz       0.000000
    9      C    Px      -0.279755
   10      C    Py       0.078850
   11      C    Pz       0.000000
   12      C    Px      -0.205702
   13      C    Py       0.057978
   14      C    Pz       0.000000
   15      C    Px      -0.031108
   16      C    Py       0.008768
   17      C    Pz       0.000000
   18      C   Dxx      -0.000000
   19      C   Dxy      -0.000000
   20      C   Dxz      -0.006938
   21      C   Dyy      -0.000000
   22      C   Dyz       0.001956
   23      C   Dzz       0.000000
   24      C   Dxx      -0.000000
   25      C   Dxy      -0.000000
   26      C   Dxz      -0.025973
   27      C   Dyy      -0.000000
   28      C   Dyz       0.007321
   29      C   Dzz       0.000000
   30      C   Dxx       0.000000
   31      C   Dxy      -0.000000
   32      C   Dxz      -0.020051
   33      C   Dyy       0.000000
   34      C   Dyz       0.005651
   35      C   Dzz       0.000000
   36      C  Fxxx      -0.007968
   37      C  Fxxy      -0.000291
   38      C  Fxxz      -0.000000
   39      C  Fxyy      -0.005313
   40      C  Fxyz       0.000000
   41      C  Fxzz      -0.004012
   42      C  Fyyy       0.003579
   43      C  Fyyz       0.000000
   44      C  Fyzz       0.001131
   45      C  Fzzz      -0.000000
   46      C  Fxxx      -0.009617
   47      C  Fxxy      -0.002120
   48      C  Fxxz      -0.000000
   49      C  Fxyy      -0.008804
   50      C  Fxyz       0.000000
   51      C  Fxzz      -0.009581
   52      C  Fyyy       0.006140
   53      C  Fyyz      -0.000000
   54      C  Fyzz       0.002700
   55      C  Fzzz      -0.000000
   56      C     S       0.000000
   57      C     S      -0.000000
   58      C     S       0.000000
   59      C     S      -0.000000
   60      C     S      -0.000000
   61      C    Px      -0.215468
   62      C    Py       0.060731
   63      C    Pz      -0.000000
   64      C    Px      -0.279754
   65      C    Py       0.078850
   66      C    Pz      -0.000000
   67      C    Px      -0.205701
   68      C    Py       0.057978
   69      C    Pz       0.000000
   70      C    Px      -0.031108
   71      C    Py       0.008768
   72      C    Pz       0.000000
   73      C   Dxx       0.000000
   74      C   Dxy      -0.000000
   75      C   Dxz       0.006938
   76      C   Dyy       0.000000
   77      C   Dyz      -0.001956
   78      C   Dzz       0.000000
   79      C   Dxx       0.000000
   80      C   Dxy       0.000000
   81      C   Dxz       0.025973
   82      C   Dyy       0.000000
   83      C   Dyz      -0.007321
   84      C   Dzz       0.000000
   85      C   Dxx       0.000000
   86      C   Dxy       0.000000
   87      C   Dxz       0.020051
   88      C   Dyy       0.000000
   89      C   Dyz      -0.005651
   90      C   Dzz      -0.000000
   91      C  Fxxx      -0.007968
   92      C  Fxxy      -0.000291
   93      C  Fxxz      -0.000000
   94      C  Fxyy      -0.005313
   95      C  Fxyz      -0.000000
   96      C  Fxzz      -0.004012
   97      C  Fyyy       0.003579
   98      C  Fyyz      -0.000000
   99      C  Fyzz       0.001131
  100      C  Fzzz      -0.000000
  101      C  Fxxx      -0.009617
  102      C  Fxxy      -0.002120
  103      C  Fxxz      -0.000000
  104      C  Fxyy      -0.008804
  105      C  Fxyz      -0.000000
  106      C  Fxzz      -0.009581
  107      C  Fyyy       0.006140
  108      C  Fyyz      -0.000000
  109      C  Fyzz       0.002700
  110      C  Fzzz      -0.000000
 
 
  end of eigenvectors 
 
  END OF EIGENVALUES AND EIGENVECTORS
 
 
  COMPONENTS OF KINETIC ENERGY: 
 -----------------------------
 
             E-ALPHA Kinetic energy =           36.880051547124
              E-BETA Kinetic energy =           37.474402983719
                                     _________________________
               Total kinetic energy =           74.354454530844
 
  COMPONENTS OF POTENTIAL ENERGY: 
 -------------------------------
 
          Fixed potential energy    =            9.071609986971
 
  Quantum/Fixed interaction energy: 
 ----------------------------------
 
     E-ALPHA/Fixed interact. energy =          -96.979635513702
      E-BETA/Fixed interact. energy =          -96.740994470438
                                     _________________________
               Total Q/Fixed energy =         -193.720629984140
 
  Coulomb energy: 
 ------------------
 
     E-ALPHA/E-ALPHA Hartree energy =           11.495282615142
       E-BETA/E-BETA Hartree energy =           11.020386661156
      E-ALPHA/E-BETA Hartree energy =           22.368117667272
                                     _________________________
               Total Hartree energy =           44.883786943570
 
  Exchange(HF) energy: 
 ----------------------
 
            E-ALPHA Exchange energy =           -4.899691503032
             E-BETA Exchange energy =           -4.872954887383
                                     _________________________
              Total Exchange energy =           -9.772646390415
 
  TOTAL ENERGY COMPONENTS: 
 ==========================
 
          TOTAL KINETIC ENERGY      =           74.354454530844
          TOTAL POTENTIAL ENERGY    =         -149.537879444013
                                     _________________________
                       TOTAL ENERGY =          -75.183424913169
 
                 VIRIAL RATIO (V/T) =            2.011148900057
 
 
  END ENERGY COMPONENTS
 
 
** TOTAL CPU Time SCF :     15.261 (s)
** TOTAL Elapsed Time SCF :      3.739 (s)
 
 We are calculating properties for E-ALPHA in the HF/KS ground state
 We are calculating properties for E-BETA in the HF/KS ground state
 
  POPULATION ANALYSES: 
 ====================
 
 MULLIKEN Population: for E-        
 ---------------------
 
                          total          spin      
 
    1      C     S       1.951211      -0.000798
    2      C     S       1.035097      -0.082354
    3      C     S       0.242085      -0.029154
    4      C     S       0.606253       0.027888
    5      C     S      -1.223225      -1.252029
    6      C    Px       0.179243      -0.034284
    7      C    Py       0.113238      -0.101722
    8      C    Pz       0.138411       0.132058
    9      C    Px       0.339700      -0.054954
   10      C    Py       0.212493      -0.189872
   11      C    Pz       0.256228       0.236516
   12      C    Px       0.299551       0.005864
   13      C    Py       0.154959      -0.130696
   14      C    Pz       0.352243       0.363937
   15      C    Px       0.083685       0.055466
   16      C    Py       0.017249      -0.006195
   17      C    Pz       1.670595       1.674461
   18      C   Dxx       0.004594      -0.003851
   19      C   Dxy       0.000022       0.000000
   20      C   Dxz       0.000395      -0.000234
   21      C   Dyy       0.004732      -0.012097
   22      C   Dyz       0.000332      -0.000319
   23      C   Dzz       0.007724       0.015902
   24      C   Dxx       0.003382      -0.004108
   25      C   Dxy       0.000066      -0.000006
   26      C   Dxz       0.006029      -0.003292
   27      C   Dyy       0.005773      -0.020423
   28      C   Dyz       0.005083      -0.004865
   29      C   Dzz       0.015681       0.031226
   30      C   Dxx       0.025966       0.029289
   31      C   Dxy       0.000019       0.000012
   32      C   Dxz       0.006476      -0.006886
   33      C   Dyy       0.025041       0.027117
   34      C   Dyz       0.007131      -0.007164
   35      C   Dzz      -0.145058      -0.140923
   36      C  Fxxx       0.008340      -0.000546
   37      C  Fxxy       0.001246      -0.001016
   38      C  Fxxz       0.001100       0.000962
   39      C  Fxyy       0.003647      -0.001162
   40      C  Fxyz       0.000000      -0.000000
   41      C  Fxzz       0.005253       0.001663
   42      C  Fyyy       0.006448      -0.005861
   43      C  Fyyz       0.001052       0.000784
   44      C  Fyzz       0.001579      -0.001030
   45      C  Fzzz       0.011199       0.010048
   46      C  Fxxx       0.012161       0.001982
   47      C  Fxxy       0.001104      -0.000753
   48      C  Fxxz      -0.003890      -0.004999
   49      C  Fxyy       0.006372      -0.001548
   50      C  Fxyz       0.000002       0.000000
   51      C  Fxzz       0.012351       0.001134
   52      C  Fyyy       0.009904      -0.008749
   53      C  Fyyz      -0.004062      -0.005558
   54      C  Fyzz       0.006033      -0.004961
   55      C  Fzzz       0.017758       0.006102
   56      C     S       1.951211      -0.000798
   57      C     S       1.035097      -0.082354
   58      C     S       0.242085      -0.029154
   59      C     S       0.606253       0.027888
   60      C     S      -1.223225      -1.252029
   61      C    Px       0.179243      -0.034284
   62      C    Py       0.113238      -0.101722
   63      C    Pz       0.138411       0.132058
   64      C    Px       0.339700      -0.054954
   65      C    Py       0.212493      -0.189872
   66      C    Pz       0.256228       0.236516
   67      C    Px       0.299550       0.005864
   68      C    Py       0.154959      -0.130696
   69      C    Pz       0.352243       0.363937
   70      C    Px       0.083685       0.055466
   71      C    Py       0.017249      -0.006195
   72      C    Pz       1.670595       1.674461
   73      C   Dxx       0.004594      -0.003851
   74      C   Dxy       0.000022       0.000000
   75      C   Dxz       0.000395      -0.000234
   76      C   Dyy       0.004732      -0.012097
   77      C   Dyz       0.000332      -0.000319
   78      C   Dzz       0.007724       0.015902
   79      C   Dxx       0.003382      -0.004108
   80      C   Dxy       0.000066      -0.000006
   81      C   Dxz       0.006029      -0.003292
   82      C   Dyy       0.005773      -0.020423
   83      C   Dyz       0.005083      -0.004865
   84      C   Dzz       0.015681       0.031226
   85      C   Dxx       0.025966       0.029289
   86      C   Dxy       0.000019       0.000012
   87      C   Dxz       0.006476      -0.006886
   88      C   Dyy       0.025041       0.027117
   89      C   Dyz       0.007131      -0.007164
   90      C   Dzz      -0.145058      -0.140923
   91      C  Fxxx       0.008340      -0.000546
   92      C  Fxxy       0.001246      -0.001016
   93      C  Fxxz       0.001100       0.000962
   94      C  Fxyy       0.003647      -0.001162
   95      C  Fxyz       0.000000      -0.000000
   96      C  Fxzz       0.005253       0.001663
   97      C  Fyyy       0.006448      -0.005861
   98      C  Fyyz       0.001052       0.000784
   99      C  Fyzz       0.001579      -0.001030
  100      C  Fzzz       0.011199       0.010048
  101      C  Fxxx       0.012161       0.001982
  102      C  Fxxy       0.001104      -0.000753
  103      C  Fxxz      -0.003890      -0.004999
  104      C  Fxyy       0.006372      -0.001548
  105      C  Fxyz       0.000002       0.000000
  106      C  Fxzz       0.012351       0.001134
  107      C  Fyyy       0.009904      -0.008749
  108      C  Fyyz      -0.004062      -0.005558
  109      C  Fyzz       0.006033      -0.004961
  110      C  Fzzz       0.017758       0.006102
 
                           __________     __________
              Total =       13.000000       1.000000
 
  Atomic MULLIKEN Population: for E-        
            C                6.500000       0.500000
            C                6.500000       0.500000
 
 ...end of MULLIKEN Population
 
 
 END POPULATION ANALYSES 
 
 
  POPULATION ANALYSES: 
 ====================
 
 LOWDIN Population: for E-        
 ---------------------
 
                          total          spin      
 
    1      C     S       1.604498      -0.002052
    2      C     S       0.559200      -0.017539
    3      C     S       0.400430      -0.016157
    4      C     S       0.244311       0.010347
    5      C     S       0.080185       0.015029
    6      C    Px       0.161216      -0.032238
    7      C    Py       0.102743      -0.092497
    8      C    Pz       0.123006       0.118478
    9      C    Px       0.155511      -0.022886
   10      C    Py       0.095926      -0.085391
   11      C    Pz       0.123776       0.115784
   12      C    Px       0.161533       0.009524
   13      C    Py       0.081562      -0.067972
   14      C    Pz       0.129193       0.072912
   15      C    Px       0.091998       0.043613
   16      C    Py       0.027498      -0.016725
   17      C    Pz       0.487132       0.453282
   18      C   Dxx       0.155777      -0.014764
   19      C   Dxy       0.000024      -0.000001
   20      C   Dxz       0.000339      -0.000225
   21      C   Dyy       0.156574      -0.023610
   22      C   Dyz       0.000303      -0.000294
   23      C   Dzz       0.154017       0.005597
   24      C   Dxx       0.114638       0.003084
   25      C   Dxy       0.000059      -0.000004
   26      C   Dxz       0.004306      -0.002445
   27      C   Dyy       0.115461      -0.008637
   28      C   Dyz       0.003670      -0.003522
   29      C   Dzz       0.117856       0.026803
   30      C   Dxx       0.015474       0.008453
   31      C   Dxy       0.000022       0.000011
   32      C   Dxz       0.018182      -0.005087
   33      C   Dyy       0.014599       0.006285
   34      C   Dyz       0.012498      -0.011458
   35      C   Dzz       0.095566       0.010101
   36      C  Fxxx       0.094796      -0.014519
   37      C  Fxxy       0.025291      -0.022488
   38      C  Fxxz       0.030235       0.029153
   39      C  Fxyy       0.042460      -0.007343
   40      C  Fxyz       0.000000      -0.000000
   41      C  Fxzz       0.045516      -0.005739
   42      C  Fyyy       0.060088      -0.053722
   43      C  Fyyz       0.030185       0.029010
   44      C  Fyzz       0.027220      -0.024060
   45      C  Fzzz       0.081483       0.077122
   46      C  Fxxx       0.082289       0.002065
   47      C  Fxxy       0.017989      -0.015060
   48      C  Fxxz       0.024134       0.021488
   49      C  Fxyy       0.037198      -0.000181
   50      C  Fxyz       0.000003       0.000000
   51      C  Fxzz       0.067856      -0.001336
   52      C  Fyyy       0.045071      -0.038360
   53      C  Fyyz       0.024058       0.021069
   54      C  Fyzz       0.036939      -0.031654
   55      C  Fzzz       0.118104       0.058755
   56      C     S       1.604498      -0.002052
   57      C     S       0.559200      -0.017539
   58      C     S       0.400430      -0.016157
   59      C     S       0.244311       0.010347
   60      C     S       0.080185       0.015029
   61      C    Px       0.161216      -0.032238
   62      C    Py       0.102743      -0.092497
   63      C    Pz       0.123006       0.118478
   64      C    Px       0.155511      -0.022886
   65      C    Py       0.095926      -0.085391
   66      C    Pz       0.123776       0.115784
   67      C    Px       0.161533       0.009524
   68      C    Py       0.081563      -0.067973
   69      C    Pz       0.129193       0.072912
   70      C    Px       0.091998       0.043613
   71      C    Py       0.027498      -0.016725
   72      C    Pz       0.487132       0.453282
   73      C   Dxx       0.155777      -0.014764
   74      C   Dxy       0.000024      -0.000001
   75      C   Dxz       0.000339      -0.000225
   76      C   Dyy       0.156574      -0.023611
   77      C   Dyz       0.000303      -0.000294
   78      C   Dzz       0.154017       0.005597
   79      C   Dxx       0.114638       0.003084
   80      C   Dxy       0.000059      -0.000004
   81      C   Dxz       0.004306      -0.002445
   82      C   Dyy       0.115461      -0.008637
   83      C   Dyz       0.003670      -0.003522
   84      C   Dzz       0.117856       0.026803
   85      C   Dxx       0.015474       0.008453
   86      C   Dxy       0.000022       0.000011
   87      C   Dxz       0.018182      -0.005087
   88      C   Dyy       0.014599       0.006285
   89      C   Dyz       0.012498      -0.011458
   90      C   Dzz       0.095566       0.010101
   91      C  Fxxx       0.094796      -0.014519
   92      C  Fxxy       0.025291      -0.022488
   93      C  Fxxz       0.030235       0.029153
   94      C  Fxyy       0.042460      -0.007343
   95      C  Fxyz       0.000000      -0.000000
   96      C  Fxzz       0.045515      -0.005739
   97      C  Fyyy       0.060088      -0.053722
   98      C  Fyyz       0.030185       0.029010
   99      C  Fyzz       0.027220      -0.024060
  100      C  Fzzz       0.081483       0.077122
  101      C  Fxxx       0.082289       0.002065
  102      C  Fxxy       0.017989      -0.015060
  103      C  Fxxz       0.024134       0.021488
  104      C  Fxyy       0.037198      -0.000181
  105      C  Fxyz       0.000003       0.000000
  106      C  Fxzz       0.067856      -0.001336
  107      C  Fyyy       0.045072      -0.038360
  108      C  Fyyz       0.024058       0.021069
  109      C  Fyzz       0.036939      -0.031654
  110      C  Fzzz       0.118104       0.058755
 
                           __________     __________
              Total =       13.000000       1.000000
 
  Atomic LOWDIN Population: for E-        
            C                6.500000       0.500000
            C                6.500000       0.500000
 
 ...end of LOWDIN Population
 
 
 END POPULATION ANALYSES 
 
 
  EXPECTED POSITIONS OF QUANTUM SPECIES:
 ======================
 
 POSITIONS IN ANGSTROMS
 ------
 
                        <x>      <y>      <z>         
            E-ALPHA  -0.0000  -0.0000   7.3500
             E-BETA   0.0000   0.0000   6.3000
 
 END EXPECTED POSITIONS
 
 
  ELECTROSTATIC MOMENTS:
 ======================
 
 
 DIPOLE: (A.U.)
 ------
 
                           <Dx>         <Dy>         <Dz>          |D|
            E-ALPHA   0.00000000   0.00000000 -13.88948588
             E-BETA  -0.00000000  -0.00000000 -11.90527376
    Point charges:    0.00000000   0.00000000  23.81054745
                     ____________________________
      Total Dipole:  -0.00000000  -0.00000000  -1.98421220   1.98421220
 
 DIPOLE: (DEBYE)
 ------
 
                           <Dx>         <Dy>         <Dz>          |D|
            E-ALPHA   0.00000000   0.00000000 -35.30354712
             E-BETA  -0.00000000  -0.00000000 -30.26018361
    Point charges:    0.00000000   0.00000000  60.52036705
                     ____________________________
      Total Dipole:  -0.00000000  -0.00000000  -5.04336369   5.04336369
 
 QUADRUPOLE NON-TRACELESS: (DEBYE ANGS)
 ------
 
                           <xx>         <yy>         <zz>         <xy>         <xz>         <yz>
            E-ALPHA  -24.33103440  -20.63138138 -162.20975123    1.13275192    0.00000000   -0.00000000
             E-BETA   -7.67459790   -7.81430588  -64.90801609   -0.04277549   -0.00000000   -0.00000000
    Point charges:     0.00000000    0.00000000  127.09275630    0.00000000    0.00000000    0.00000000
  Total Quadrupole:  -32.00563231  -28.44568726 -100.02501102    1.08997642    0.00000000   -0.00000000
                     ____________________________
 
 END ELECTROSTATIC MOMENTS
 
 
 BEGIN FOUR-INDEX INTEGRALS TRANFORMATION:
 ========================================
 Selected method: C         
 
 --------------------------------------------------
    4N^5 Algorithm Four-index integral tranformation
 --------------------------------------------------
 
 Integrals transformation for: E-ALPHA
 
              Transformation boundaries 
                 orbital lower upper
                       p     1     7
                       q     8   110
                       r     1     7
                       s     8   110
 
         Loading AO integrals time(s):  0.276E-01
      Integral transformation time(s):  0.164E+01
       Non-zero transformed integrals:        89446
 
 Inter-species integrals transformation for: E-ALPHA/E-BETA
 
              Transformation boundaries 
                 orbital lower upper
                       p     1     6
                       q     7   110
                       r     1     7
                       s     8   110
 
         Loading AO integrals time(s):  0.292E-01
      Integral transformation time(s):  0.646E+01
 Non zero transformed coupling integrals:       120727
 
 Integrals transformation for: E-BETA
 
              Transformation boundaries 
                 orbital lower upper
                       p     1     6
                       q     7   110
                       r     1     6
                       s     7   110
 
         Loading AO integrals time(s):  0.196E-01
      Integral transformation time(s):  0.153E+01
       Non-zero transformed integrals:        72794
 
** TOTAL Elapsed Time for integrals transformation :      9.941 (s)
 
 
  POST HARTREE-FOCK CALCULATION
  MANY-BODY PERTURBATION THEORY:
 ==============================
 
              MOLLER-PLESSET FORMALISM 
               ORDER OF CORRECTION =     2
 
                E(0) + E(1) =     -75.183424913169
                       E(2) =      -0.353480921616
                             ____________________
                     E(MP2) =     -75.536905834786
 
              -----------------------------------
               E(n){ Specie }     E(n) / Hartree 
              -----------------------------------
 
            E(2){ E-ALPHA } =      -0.036344949825
             E(2){ E-BETA } =      -0.049066527553
 
     E(2){ E-ALPHA/E-BETA } =      -0.268069444238
 
** TOTAL CPU Time HF-MBPT :      0.555 (s)
** TOTAL Elapsed Time HF-MBPT :      0.320 (s)
 

  TOTAL CPU Time:      0.239 (s)
 TOTAL Wall Time:     14.063 (s)
  Elapsed Time:   0h  0m 14s  62ms
LOWDIN execution terminated normally at : Thu Feb  6 14:30:23 2025
-rw-rw-r-- 1 pohl pohl  53M feb  6 14:30 0E-ALPHA.E-BETA.ints
-rw-rw-r-- 1 pohl pohl  27M feb  6 14:30 0E-ALPHA.ints
-rw-rw-r-- 1 pohl pohl  52M feb  6 14:30 1E-ALPHA.E-BETA.ints
-rw-rw-r-- 1 pohl pohl  27M feb  6 14:30 1E-ALPHA.ints
-rw-rw-r-- 1 pohl pohl  53M feb  6 14:30 2E-ALPHA.E-BETA.ints
-rw-rw-r-- 1 pohl pohl  27M feb  6 14:30 2E-ALPHA.ints
-rw-rw-r-- 1 pohl pohl  52M feb  6 14:30 3E-ALPHA.E-BETA.ints
-rw-rw-r-- 1 pohl pohl  27M feb  6 14:30 3E-ALPHA.ints
-rw-rw-r-- 1 pohl pohl   12 feb  6 14:30 E-ALPHA.E-BETA.nints
-rw-rw-r-- 1 pohl pohl 4.2M feb  6 14:30 E-ALPHAmoint.dat
-rw-rw-r-- 1 pohl pohl 3.5M feb  6 14:30 E-BETA.E-ALPHAmoint.dat
-rw-rw-r-- 1 pohl pohl 4.2M feb  6 14:30 E-BETAmoint.dat
-rw-rw-r-- 1 pohl pohl   63 feb  6 14:30 gepol.inp
-rw-rw-r-- 1 pohl pohl  182 feb  6 14:30 gepol.xyzr
-rw-rw-r-- 1 pohl pohl  13K feb  6 14:30 lowdin.bas
-rw-rw-r-- 1 pohl pohl  16K feb  6 14:30 lowdin.dat
-rw-rw-r-- 1 pohl pohl 2.3M feb  6 14:30 lowdin.opints
-rw-rw-r-- 1 pohl pohl  46K feb  6 14:30 lowdin.sys
-rw-rw-r-- 1 pohl pohl 2.1M feb  6 14:30 lowdin.wfn
-rw-rw-r-- 1 pohl pohl  258 feb  6 14:30 usual_8
-rw-rw-r-- 1 pohl pohl 1.1K feb  6 14:30 usual_8.aux
-rw-rw-r-- 1 pohl pohl  266 feb  6 14:30 usual_8.lowdin
-rw-rw-r-- 1 pohl pohl  73K feb  6 14:30 usual_8.out
-rw-rw-r-- 1 pohl pohl 192K feb  6 14:30 usual_8.vec
