Begin job by input: c_step_2.lowdin, for user:   at  mié 09 abr 2025 12:58:42 -05
under operating system Linux helios 5.19.0-46-generic #47-Ubuntu SMP PREEMPT_DYNAMIC Fri Jun 16 13:30:11 UTC 2023 x86_64 x86_64 x86_64 GNU/Linux
Compilation information
  commit: 6a3709673387fd8573bee61a2c94c1c2ec4e2445
  compilation date:  lun 07 abr 2025 11:57:06 -05

BEGIN INPUT INFO:
------------------------------------

GEOMETRY
	e-(F)	AUG-CC-PVTZ 0.0 0.0 14.0  multiplicity=2 addParticles=2 
	e-(F)	AUG-CC-PVTZ -0.95 0.0 0.0
	e-(F)	AUG-CC-PVTZ 0.95 0.0 0.0 
	F	Dirac 0.0 0.0 14.0
	F	Dirac -0.95 0.0 0.0
	F	Dirac 0.95 0.0 0.0
	E+	PSX-TZ 0.0 0.0 14.0 addParticles=-3
	E+	PSX-TZ 0.0 0.0 0.0
	E+	PSX-TZ -0.95 0.0 0.0
	E+	PSX-TZ 0.95 0.0 0.0
END GEOMETRY

TASKS
        method = "UHF"
END TASKS

CONTROL
	readCoefficients=F
	iterationScheme=1
	convergenceMethod=1
	scfNonElectronicTypeGuess="ONES"
	units="ANGS"
END CONTROL








... END INPUT INFO


 LOWDIN execution started at : Wed Apr  9 12:58:42 2025
 ---------------------------------------------------------------
 
 ***************************************************************
 *                   LOWDIN 2.0  (May/2013)                    *
 *                                                             *
 *  R. FLORES-MORENO, E. F. POSADA, F. S. MONCADA, J.ROMERO,   *
 *  J. CHARRY, M. DIAZ-TINOCO, S. A. GONZALEZ, N. F. AGUIRRE,  *
 *  A. REYES                                                   *
 *                                                             *
 *  https://sites.google.com/site/lowdinproject/               *
 *                                                             *
 ***************************************************************
 
 PARSING INPUT... DONE!
 
 LOWDIN IS RUNNING WITH NEXT PARAMETERS: 
 ----------------------------------------
 
         METHOD TYPE:  UHF
         NUMBER OF CORES:     9
         NONELECTRONIC DENSITY GUESS: ONES
         ELECTRONIC DENSITY GUESS: HCORE
         CRITERIUM OF CONVERGENCE: ENERGY
         NONELECTRONIC ENERGY TOLERANCE IN SCFs:     0.10000E-07
         ELECTRONIC ENERGY TOLERANCE IN SCFs:     0.10000E-07
         TOTAL ENERGY TOLERANCE IN SCFs:     0.10000E-07
         SCHEME OF ITERATION: ELECTRONIC FULLY PER GLOBAL ITERATION
         SCF MAX. SUBITERATIONS - NONELECTRONS :     1
         SCF MAX. SUBITERATIONS - ELECTRONS :    50
         SCF MAX. ITERATIONS - INTERSPECIES :   200
         INTEGRAL STORAGE: DISK
         STACK SIZE FOR ERIS : 30000
         METHOD OF SCF CONVERGENCE: DAMPING
 
  MOLECULAR SYSTEM: c_step_2
 -----------------
 
    DESCRIPTION   : c_step_2
    CHARGE        :   5
    MASS (m_e)    :  1.0393E+05
    PUNTUAL GROUP : NONE
 
 
  INFORMATION OF PARTICLES :
 =========================
         Total number of particles   =      33
         Number of quantum particles =      30
         Number of puntual charges   =       3
         Number of quantum species   =       3
 
                 INFORMATION OF QUANTUM SPECIES 
    -------------------------------------------------------------------------------------
         ID      Symbol            mass     charge      omega     spin     multiplicity
    -------------------------------------------------------------------------------------
         1        E-ALPHA         1.0000     -1.00      0.00      0.50      2.00
         2         E-BETA         1.0000     -1.00      0.00      0.50      2.00
         3             E+         1.0000      1.00      0.00      0.50      1.00
 
                   CONSTANTS OF COUPLING 
      ------------------------------------------------------------
              Symbol      kappa        eta     lambda occupation
      ------------------------------------------------------------
             E-ALPHA      -1.00       1.00       1.00      15.00
              E-BETA      -1.00       1.00       1.00      14.00
                  E+      -1.00       1.00       1.00       1.00
 
                   BASIS SET FOR SPECIES 
      ----------------------------------------------------------------------
           Symbol          N. Basis     N. Particles                Basis Set
      ----------------------------------------------------------------------
            E-ALPHA           42               15              AUG-CC-PVTZ
             E-BETA           42               14              AUG-CC-PVTZ
                 E+           60                1                   PSX-TZ
 
                                ATOMIC BASIS
         ------------------------------------------------------------
          PRIMITIVE   SHELL             EXPONENT         COEFFICIENT 
         ------------------------------------------------------------
 
    BEGIN DESCRIPTION OF BASIS FOR: E-ALP
    ==============================
 
 
             F BASIS SET:    AUG-CC-PVTZ
             1         S            19500.00000000          0.00050700
             2         S             2923.00000000          0.00392300
             3         S              664.50000000          0.02020000
             4         S              187.50000000          0.07901000
             5         S               60.62000000          0.23043900
             6         S               21.42000000          0.43287200
             7         S                7.95000000          0.34996400
             8         S                0.88150000         -0.00789200
             1         S            19500.00000000         -0.00011700
             2         S             2923.00000000         -0.00091200
             3         S              664.50000000         -0.00471700
             4         S              187.50000000         -0.01908600
             5         S               60.62000000         -0.05965500
             6         S               21.42000000         -0.14001000
             7         S                7.95000000         -0.17678200
             8         S                0.88150000          0.60504300
             1         S                2.25700000          1.00000000
             1         S                0.30410000          1.00000000
             1         S                0.09158000          1.00000000
             1         P               43.88000000          0.01666500
             2         P                9.92600000          0.10447200
             3         P                2.93000000          0.31726000
             1         P                0.91320000          1.00000000
             1         P                0.26720000          1.00000000
             1         P                0.07361000          1.00000000
             1         D                3.10700000          1.00000000
             1         D                0.85500000          1.00000000
             1         D                0.29200000          1.00000000
             1         F                1.91700000          1.00000000
             1         F                0.72400000          1.00000000
 
             F BASIS SET:    AUG-CC-PVTZ
             1         S            19500.00000000          0.00050700
             2         S             2923.00000000          0.00392300
             3         S              664.50000000          0.02020000
             4         S              187.50000000          0.07901000
             5         S               60.62000000          0.23043900
             6         S               21.42000000          0.43287200
             7         S                7.95000000          0.34996400
             8         S                0.88150000         -0.00789200
             1         S            19500.00000000         -0.00011700
             2         S             2923.00000000         -0.00091200
             3         S              664.50000000         -0.00471700
             4         S              187.50000000         -0.01908600
             5         S               60.62000000         -0.05965500
             6         S               21.42000000         -0.14001000
             7         S                7.95000000         -0.17678200
             8         S                0.88150000          0.60504300
             1         S                2.25700000          1.00000000
             1         S                0.30410000          1.00000000
             1         S                0.09158000          1.00000000
             1         P               43.88000000          0.01666500
             2         P                9.92600000          0.10447200
             3         P                2.93000000          0.31726000
             1         P                0.91320000          1.00000000
             1         P                0.26720000          1.00000000
             1         P                0.07361000          1.00000000
             1         D                3.10700000          1.00000000
             1         D                0.85500000          1.00000000
             1         D                0.29200000          1.00000000
             1         F                1.91700000          1.00000000
             1         F                0.72400000          1.00000000
 
             F BASIS SET:    AUG-CC-PVTZ
             1         S            19500.00000000          0.00050700
             2         S             2923.00000000          0.00392300
             3         S              664.50000000          0.02020000
             4         S              187.50000000          0.07901000
             5         S               60.62000000          0.23043900
             6         S               21.42000000          0.43287200
             7         S                7.95000000          0.34996400
             8         S                0.88150000         -0.00789200
             1         S            19500.00000000         -0.00011700
             2         S             2923.00000000         -0.00091200
             3         S              664.50000000         -0.00471700
             4         S              187.50000000         -0.01908600
             5         S               60.62000000         -0.05965500
             6         S               21.42000000         -0.14001000
             7         S                7.95000000         -0.17678200
             8         S                0.88150000          0.60504300
             1         S                2.25700000          1.00000000
             1         S                0.30410000          1.00000000
             1         S                0.09158000          1.00000000
             1         P               43.88000000          0.01666500
             2         P                9.92600000          0.10447200
             3         P                2.93000000          0.31726000
             1         P                0.91320000          1.00000000
             1         P                0.26720000          1.00000000
             1         P                0.07361000          1.00000000
             1         D                3.10700000          1.00000000
             1         D                0.85500000          1.00000000
             1         D                0.29200000          1.00000000
             1         F                1.91700000          1.00000000
             1         F                0.72400000          1.00000000
    ... END DESCRIPTION OF BASIS
 
 
    BEGIN DESCRIPTION OF BASIS FOR:    E+
    ==============================
 
 
            E+ BASIS SET:         PSX-TZ
             1         S                0.01706472          1.00000000
             1         S                0.04342701          1.00000000
             1         S                0.11051484          1.00000000
             1         S                0.28124275          1.00000000
             1         S                0.71571820          1.00000000
             1         S                1.82138931          1.00000000
             1         P                0.04963129          1.00000000
             1         P                0.12420747          1.00000000
             1         P                0.31084209          1.00000000
             1         P                0.77791460          1.00000000
             1         D                0.09506481          1.00000000
             1         D                0.23367773          1.00000000
             1         D                0.57440058          1.00000000
             1         F                0.15956751          1.00000000
             1         F                0.42730646          1.00000000
 
            E+ BASIS SET:         PSX-TZ
             1         S                0.01706472          1.00000000
             1         S                0.04342701          1.00000000
             1         S                0.11051484          1.00000000
             1         S                0.28124275          1.00000000
             1         S                0.71571820          1.00000000
             1         S                1.82138931          1.00000000
             1         P                0.04963129          1.00000000
             1         P                0.12420747          1.00000000
             1         P                0.31084209          1.00000000
             1         P                0.77791460          1.00000000
             1         D                0.09506481          1.00000000
             1         D                0.23367773          1.00000000
             1         D                0.57440058          1.00000000
             1         F                0.15956751          1.00000000
             1         F                0.42730646          1.00000000
 
            E+ BASIS SET:         PSX-TZ
             1         S                0.01706472          1.00000000
             1         S                0.04342701          1.00000000
             1         S                0.11051484          1.00000000
             1         S                0.28124275          1.00000000
             1         S                0.71571820          1.00000000
             1         S                1.82138931          1.00000000
             1         P                0.04963129          1.00000000
             1         P                0.12420747          1.00000000
             1         P                0.31084209          1.00000000
             1         P                0.77791460          1.00000000
             1         D                0.09506481          1.00000000
             1         D                0.23367773          1.00000000
             1         D                0.57440058          1.00000000
             1         F                0.15956751          1.00000000
             1         F                0.42730646          1.00000000
 
            E+ BASIS SET:         PSX-TZ
             1         S                0.01706472          1.00000000
             1         S                0.04342701          1.00000000
             1         S                0.11051484          1.00000000
             1         S                0.28124275          1.00000000
             1         S                0.71571820          1.00000000
             1         S                1.82138931          1.00000000
             1         P                0.04963129          1.00000000
             1         P                0.12420747          1.00000000
             1         P                0.31084209          1.00000000
             1         P                0.77791460          1.00000000
             1         D                0.09506481          1.00000000
             1         D                0.23367773          1.00000000
             1         D                0.57440058          1.00000000
             1         F                0.15956751          1.00000000
             1         F                0.42730646          1.00000000
    ... END DESCRIPTION OF BASIS
 
 
  END INFORMATION OF PARTICLES
 
 
  INFORMATION OF THE QUANTUM SYSTEM 
     ---------------------------------------------------------------------
                 ID     Occupied Orbitals     Basis size
     ---------------------------------------------------------------------
            E-ALPHA           15              165
             E-BETA           14              165
                 E+            1              224
 
  END INFORMATION OF QUANTUM SYSTEM
 
                       INITIAL GEOMETRY: ANGSTROM
                 -----------------------------------
                       <x>                 <y>                 <z>
  E-ALPHAF        0.0000000000        0.0000000000       14.0000000000
  E-ALPHAF       -0.9500000000        0.0000000000        0.0000000000
  E-ALPHAF        0.9500000000        0.0000000000        0.0000000000
        E+        0.0000000000        0.0000000000       14.0000000000
        E+        0.0000000000        0.0000000000        0.0000000000
        E+       -0.9500000000        0.0000000000        0.0000000000
        E+        0.9500000000        0.0000000000        0.0000000000
         F        0.0000000000        0.0000000000       14.0000000000
         F       -0.9500000000        0.0000000000        0.0000000000
         F        0.9500000000        0.0000000000        0.0000000000
 
                     MATRIX OF DISTANCE: ANGSTROM
                 -----------------------------------
                          E+(1)          F(2)           F(3)           F(4)      
 
        E+(1)            0.000000      14.000000       0.950000       0.950000
        F(2)            14.000000       0.000000      14.032195      14.032195
        F(3)             0.950000      14.032195       0.000000       1.900000
        F(4)             0.950000      14.032195       1.900000       0.000000
 
--------------------------------------------------------------------------------
** PROGRAM: SCF (Hartree Fock).     Author: S.A. Gonzalez, E. Posada, F. Moncada
--------------------------------------------------------------------------------
INFO: RUNNING IN UHF MODE.
 
----------------------------------------------------------------------
** PROGRAM INTS                          Author: E. F. Posada, 2013   
----------------------------------------------------------------------
INFO: RUNNING IN ONE_PARTICLE MODE.
 
 Number of Overlap integrals for species E-ALPHA:  27225
 Number of Overlap integrals for species E-BETA:  27225
 Number of Overlap integrals for species E+:  50176
 Number of Kinetic integrals for species E-ALPHA:  27225
 Number of Kinetic integrals for species E-BETA:  27225
 Number of Kinetic integrals for species E+:  50176
 Number of Nuclear integrals for species E-ALPHA:  27225
 Number of Nuclear integrals for species E-BETA:  27225
 Number of Nuclear integrals for species E+:  50176
 Number of Moment integrals for species E-ALPHA:  81675
 Number of Moment integrals for species E-BETA:  81675
 Number of Moment integrals for species E+: 150528
 
** TOTAL CPU Time INTS :      1.292 (s)
** TOTAL Elapsed Time INTS :      0.795 (s)
 
Removed     1 orbitals for species E+ with overlap eigen threshold of  1.000E-08
       Usign  HCORE density guess for species:    E-ALPHA
     number of    E-ALPHA     particles in guess density matrix:    15.000000
       Usign  HCORE density guess for species:     E-BETA
     number of     E-BETA     particles in guess density matrix:    14.000000
       Usign   ONES density guess for species:         E+
     number of         E+     particles in guess density matrix:   224.000000
 Warning!, density matrix with deviation from number of particles    1.000000
               The first energy in the SCF will not be a variational estimate
 Number of unique integrals for species: 1 = 8250126
 Number of unique integrals for species: 3 = 38869822
 Number of unique integrals for species: 1 / 2 = 16493023 Screened: 417570
 Number of unique integrals for species: 1 / 3 = 36919422 Screened: 628768
 
 TWO-BODY INTEGRAL SETUP: 
------------------------- 
 Storage:   DISK
 Scheme: LIBINT
 Stack size:  30000
 
 LIBINT library, Fermann, J. T.; Valeev, F. L. 2010                   
 LOWDIN-LIBINT Implementation V. 2.1  Posada E. F. ; Reyes A. 2016   
 ----------------------------------------------------------------------

*** TOTAL CPU time intra-species integrals :     11.742 (s)
*** TOTAL elapsed time intra-species integrals :      1.472 (s)


*** TOTAL CPU time inter-species integrals :     25.281 (s)
*** TOTAL elapsed time inter-species integrals :      3.240 (s)

 We are calculating properties for E-ALPHA in the HF/KS ground state
 We are calculating properties for E-BETA in the HF/KS ground state
 We are calculating properties for E+ in the HF/KS ground state
 
  POPULATION ANALYSES: 
 ====================
 
 MULLIKEN Population: for E-        
 ---------------------
 
                          total          spin      
 
    1      F     S       2.037887      -0.000008
    2      F     S       1.119683       0.055229
    3      F     S       1.148158       0.060749
    4      F     S      -0.063579      -0.002796
    5      F     S      -0.021930      -0.001089
    6      F    Px       2.010183       0.000000
    7      F    Py       2.010183       0.000000
    8      F    Pz       1.100131       0.910033
    9      F    Px      -0.357298       0.000000
   10      F    Py      -0.357298       0.000000
   11      F    Pz      -0.195254      -0.162121
   12      F    Px      -0.058599       0.000000
   13      F    Py      -0.058599       0.000000
   14      F    Pz      -0.032061      -0.026573
   15      F    Px       0.002556       0.000000
   16      F    Py       0.002556       0.000000
   17      F    Pz       0.001399       0.001161
   18      F   Dxx      -0.059515      -0.003411
   19      F   Dxy       0.000000       0.000000
   20      F   Dxz       0.000002       0.000000
   21      F   Dyy      -0.059515      -0.003411
   22      F   Dyz       0.000002       0.000000
   23      F   Dzz      -0.059219      -0.003667
   24      F   Dxx      -0.053561      -0.002608
   25      F   Dxy       0.000000       0.000000
   26      F   Dxz       0.000001       0.000000
   27      F   Dyy      -0.053561      -0.002608
   28      F   Dyz       0.000001       0.000000
   29      F   Dzz      -0.053427      -0.002704
   30      F   Dxx       0.007888       0.000414
   31      F   Dxy       0.000000       0.000000
   32      F   Dxz      -0.000000       0.000000
   33      F   Dyy       0.007888       0.000414
   34      F   Dyz      -0.000000       0.000000
   35      F   Dzz       0.007886       0.000416
   36      F  Fxxx       0.177642       0.000000
   37      F  Fxxy       0.059214       0.000000
   38      F  Fxxz       0.032414       0.026809
   39      F  Fxyy       0.059214       0.000000
   40      F  Fxyz       0.000000       0.000000
   41      F  Fxzz       0.059232       0.000000
   42      F  Fyyy       0.177642       0.000000
   43      F  Fyyz       0.032414       0.026809
   44      F  Fyzz       0.059231       0.000000
   45      F  Fzzz       0.097272       0.080450
   46      F  Fxxx       0.064238       0.000000
   47      F  Fxxy       0.021413       0.000000
   48      F  Fxxz       0.011719       0.009701
   49      F  Fxyy       0.021413       0.000000
   50      F  Fxyz       0.000000       0.000000
   51      F  Fxzz       0.021418       0.000000
   52      F  Fyyy       0.064238       0.000000
   53      F  Fyyz       0.011719       0.009701
   54      F  Fyzz       0.021418       0.000000
   55      F  Fzzz       0.035165       0.029111
   56      F     S       2.040333       0.000000
   57      F     S       1.199414       0.000000
   58      F     S       1.236991       0.000000
   59      F     S      -0.164437       0.000000
   60      F     S      -0.048902       0.000000
   61      F    Px       2.015835       0.000000
   62      F    Py       2.009567       0.000000
   63      F    Pz       2.009556       0.000000
   64      F    Px      -0.395408       0.000000
   65      F    Py      -0.355593       0.000000
   66      F    Pz      -0.355627       0.000000
   67      F    Px      -0.090122       0.000000
   68      F    Py      -0.059455       0.000000
   69      F    Pz      -0.059471       0.000000
   70      F    Px       0.011183       0.000000
   71      F    Py       0.002445       0.000000
   72      F    Pz       0.002446       0.000000
   73      F   Dxx      -0.055656       0.000000
   74      F   Dxy       0.001172       0.000000
   75      F   Dxz       0.001173       0.000000
   76      F   Dyy      -0.064178       0.000000
   77      F   Dyz       0.000000       0.000000
   78      F   Dzz      -0.064158       0.000000
   79      F   Dxx      -0.035656       0.000000
   80      F   Dxy       0.000771       0.000000
   81      F   Dxz       0.000772       0.000000
   82      F   Dyy      -0.041099       0.000000
   83      F   Dyz       0.000000       0.000000
   84      F   Dzz      -0.041080       0.000000
   85      F   Dxx       0.011951       0.000000
   86      F   Dxy       0.000257       0.000000
   87      F   Dxz       0.000257       0.000000
   88      F   Dyy       0.014642       0.000000
   89      F   Dyz      -0.000000       0.000000
   90      F   Dzz       0.014643       0.000000
   91      F  Fxxx       0.201849       0.000000
   92      F  Fxxy       0.062526       0.000000
   93      F  Fxxz       0.062531       0.000000
   94      F  Fxyy       0.062531       0.000000
   95      F  Fxyz       0.000000       0.000000
   96      F  Fxzz       0.062540       0.000000
   97      F  Fyyy       0.173696       0.000000
   98      F  Fyyz       0.057903       0.000000
   99      F  Fyzz       0.057907       0.000000
  100      F  Fzzz       0.173734       0.000000
  101      F  Fxxx       0.078811       0.000000
  102      F  Fxxy       0.021913       0.000000
  103      F  Fxxz       0.021916       0.000000
  104      F  Fxyy       0.024986       0.000000
  105      F  Fxyz       0.000000       0.000000
  106      F  Fxzz       0.024988       0.000000
  107      F  Fyyy       0.063592       0.000000
  108      F  Fyyz       0.021201       0.000000
  109      F  Fyzz       0.021200       0.000000
  110      F  Fzzz       0.063609       0.000000
  111      F     S       2.040333       0.000000
  112      F     S       1.199414       0.000000
  113      F     S       1.236991       0.000000
  114      F     S      -0.164437       0.000000
  115      F     S      -0.048902       0.000000
  116      F    Px       2.015835       0.000000
  117      F    Py       2.009567       0.000000
  118      F    Pz       2.009556       0.000000
  119      F    Px      -0.395408       0.000000
  120      F    Py      -0.355593       0.000000
  121      F    Pz      -0.355627       0.000000
  122      F    Px      -0.090122       0.000000
  123      F    Py      -0.059455       0.000000
  124      F    Pz      -0.059471       0.000000
  125      F    Px       0.011183       0.000000
  126      F    Py       0.002445       0.000000
  127      F    Pz       0.002446       0.000000
  128      F   Dxx      -0.055656       0.000000
  129      F   Dxy       0.001172       0.000000
  130      F   Dxz       0.001173       0.000000
  131      F   Dyy      -0.064178       0.000000
  132      F   Dyz       0.000000       0.000000
  133      F   Dzz      -0.064158       0.000000
  134      F   Dxx      -0.035656       0.000000
  135      F   Dxy       0.000771       0.000000
  136      F   Dxz       0.000772       0.000000
  137      F   Dyy      -0.041099       0.000000
  138      F   Dyz       0.000000       0.000000
  139      F   Dzz      -0.041080       0.000000
  140      F   Dxx       0.011951       0.000000
  141      F   Dxy       0.000257       0.000000
  142      F   Dxz       0.000257       0.000000
  143      F   Dyy       0.014642       0.000000
  144      F   Dyz      -0.000000       0.000000
  145      F   Dzz       0.014643       0.000000
  146      F  Fxxx       0.201849       0.000000
  147      F  Fxxy       0.062526       0.000000
  148      F  Fxxz       0.062531       0.000000
  149      F  Fxyy       0.062531       0.000000
  150      F  Fxyz       0.000000       0.000000
  151      F  Fxzz       0.062540       0.000000
  152      F  Fyyy       0.173696       0.000000
  153      F  Fyyz       0.057903       0.000000
  154      F  Fyzz       0.057907       0.000000
  155      F  Fzzz       0.173734       0.000000
  156      F  Fxxx       0.078811       0.000000
  157      F  Fxxy       0.021913       0.000000
  158      F  Fxxz       0.021916       0.000000
  159      F  Fxyy       0.024986       0.000000
  160      F  Fxyz       0.000000       0.000000
  161      F  Fxzz       0.024988       0.000000
  162      F  Fyyy       0.063592       0.000000
  163      F  Fyyz       0.021201       0.000000
  164      F  Fyzz       0.021200       0.000000
  165      F  Fzzz       0.063609       0.000000
 
                           __________     __________
              Total =       29.000000       1.000000
 
  Atomic MULLIKEN Population: for E-        
            F                9.000000       1.000000
            F               10.000000       0.000000
            F               10.000000       0.000000
 
 ...end of MULLIKEN Population
 
 
 END POPULATION ANALYSES 
 
 
  POPULATION ANALYSES: 
 ====================
 
 LOWDIN Population: for E-        
 ---------------------
 
                          total          spin      
 
    1      F     S       1.634067       0.001484
    2      F     S       0.617078       0.022067
    3      F     S       0.745375       0.028159
    4      F     S       0.111013       0.004835
    5      F     S       0.014488       0.000644
    6      F    Px       1.587537       0.000000
    7      F    Py       1.587537       0.000000
    8      F    Pz       0.868867       0.718626
    9      F    Px       0.194790       0.000000
   10      F    Py       0.194790       0.000000
   11      F    Pz       0.106731       0.088076
   12      F    Px       0.009002       0.000000
   13      F    Py       0.009002       0.000000
   14      F    Pz       0.004939       0.004063
   15      F    Px       0.000242       0.000000
   16      F    Py       0.000242       0.000000
   17      F    Pz       0.000133       0.000110
   18      F   Dxx       0.237381       0.011571
   19      F   Dxy       0.000000      -0.000000
   20      F   Dxz       0.000002       0.000000
   21      F   Dyy       0.237380       0.011571
   22      F   Dyz       0.000002       0.000000
   23      F   Dzz       0.237685       0.011317
   24      F   Dxx       0.023233       0.001106
   25      F   Dxy       0.000000       0.000000
   26      F   Dxz       0.000001       0.000000
   27      F   Dyy       0.023233       0.001106
   28      F   Dyz       0.000001       0.000000
   29      F   Dzz       0.023315       0.001046
   30      F   Dxx       0.000278       0.000005
   31      F   Dxy       0.000000       0.000000
   32      F   Dxz       0.000000       0.000000
   33      F   Dyy       0.000278       0.000005
   34      F   Dyz       0.000000       0.000000
   35      F   Dzz       0.000279       0.000004
   36      F  Fxxx       0.103097       0.000000
   37      F  Fxxy       0.049690       0.000000
   38      F  Fxxz       0.027232       0.022460
   39      F  Fxyy       0.049690       0.000000
   40      F  Fxyz       0.000000       0.000000
   41      F  Fxzz       0.049701       0.000000
   42      F  Fyyy       0.103097       0.000000
   43      F  Fyyz       0.027232       0.022460
   44      F  Fyzz       0.049701       0.000000
   45      F  Fzzz       0.056521       0.046605
   46      F  Fxxx       0.003299       0.000000
   47      F  Fxxy       0.001319       0.000000
   48      F  Fxxz       0.000724       0.000595
   49      F  Fxyy       0.001319       0.000000
   50      F  Fxyz       0.000000       0.000000
   51      F  Fxzz       0.001320       0.000000
   52      F  Fyyy       0.003299       0.000000
   53      F  Fyyz       0.000724       0.000595
   54      F  Fyzz       0.001320       0.000000
   55      F  Fzzz       0.001814       0.001490
   56      F     S       1.634628       0.000000
   57      F     S       0.637787       0.000000
   58      F     S       0.771611       0.000000
   59      F     S       0.113206       0.000000
   60      F     S       0.015060       0.000000
   61      F    Px       1.576828       0.000000
   62      F    Py       1.587255       0.000000
   63      F    Pz       1.587233       0.000000
   64      F    Px       0.197349       0.000000
   65      F    Py       0.193990       0.000000
   66      F    Pz       0.193998       0.000000
   67      F    Px       0.011120       0.000000
   68      F    Py       0.009041       0.000000
   69      F    Pz       0.009041       0.000000
   70      F    Px       0.005438       0.000000
   71      F    Py       0.000258       0.000000
   72      F    Pz       0.000258       0.000000
   73      F   Dxx       0.254554       0.000000
   74      F   Dxy       0.001165       0.000000
   75      F   Dxz       0.001165       0.000000
   76      F   Dyy       0.244949       0.000000
   77      F   Dyz       0.000000       0.000000
   78      F   Dzz       0.244974       0.000000
   79      F   Dxx       0.027939       0.000000
   80      F   Dxy       0.000682       0.000000
   81      F   Dxz       0.000682       0.000000
   82      F   Dyy       0.022747       0.000000
   83      F   Dyz       0.000000       0.000000
   84      F   Dzz       0.022756       0.000000
   85      F   Dxx       0.005784       0.000000
   86      F   Dxy       0.000121       0.000000
   87      F   Dxz       0.000121       0.000000
   88      F   Dyy       0.000323       0.000000
   89      F   Dyz       0.000000       0.000000
   90      F   Dzz       0.000323       0.000000
   91      F  Fxxx       0.107830       0.000000
   92      F  Fxxy       0.051430       0.000000
   93      F  Fxxz       0.051431       0.000000
   94      F  Fxyy       0.048961       0.000000
   95      F  Fxyz       0.000000       0.000000
   96      F  Fxzz       0.048966       0.000000
   97      F  Fyyy       0.101301       0.000000
   98      F  Fyyz       0.048955       0.000000
   99      F  Fyzz       0.048959       0.000000
  100      F  Fzzz       0.101315       0.000000
  101      F  Fxxx       0.004412       0.000000
  102      F  Fxxy       0.001550       0.000000
  103      F  Fxxz       0.001550       0.000000
  104      F  Fxyy       0.001226       0.000000
  105      F  Fxyz       0.000000       0.000000
  106      F  Fxzz       0.001226       0.000000
  107      F  Fyyy       0.003030       0.000000
  108      F  Fyyz       0.001219       0.000000
  109      F  Fyzz       0.001219       0.000000
  110      F  Fzzz       0.003032       0.000000
  111      F     S       1.634628       0.000000
  112      F     S       0.637787       0.000000
  113      F     S       0.771611       0.000000
  114      F     S       0.113206       0.000000
  115      F     S       0.015060       0.000000
  116      F    Px       1.576828       0.000000
  117      F    Py       1.587255       0.000000
  118      F    Pz       1.587233       0.000000
  119      F    Px       0.197349       0.000000
  120      F    Py       0.193990       0.000000
  121      F    Pz       0.193998       0.000000
  122      F    Px       0.011120       0.000000
  123      F    Py       0.009041       0.000000
  124      F    Pz       0.009041       0.000000
  125      F    Px       0.005438       0.000000
  126      F    Py       0.000258       0.000000
  127      F    Pz       0.000258       0.000000
  128      F   Dxx       0.254554       0.000000
  129      F   Dxy       0.001165       0.000000
  130      F   Dxz       0.001165       0.000000
  131      F   Dyy       0.244949       0.000000
  132      F   Dyz       0.000000       0.000000
  133      F   Dzz       0.244974       0.000000
  134      F   Dxx       0.027939       0.000000
  135      F   Dxy       0.000682       0.000000
  136      F   Dxz       0.000682       0.000000
  137      F   Dyy       0.022747       0.000000
  138      F   Dyz       0.000000       0.000000
  139      F   Dzz       0.022756       0.000000
  140      F   Dxx       0.005784       0.000000
  141      F   Dxy       0.000121       0.000000
  142      F   Dxz       0.000121       0.000000
  143      F   Dyy       0.000323       0.000000
  144      F   Dyz       0.000000       0.000000
  145      F   Dzz       0.000323       0.000000
  146      F  Fxxx       0.107830       0.000000
  147      F  Fxxy       0.051430       0.000000
  148      F  Fxxz       0.051431       0.000000
  149      F  Fxyy       0.048961       0.000000
  150      F  Fxyz       0.000000       0.000000
  151      F  Fxzz       0.048966       0.000000
  152      F  Fyyy       0.101301       0.000000
  153      F  Fyyz       0.048955       0.000000
  154      F  Fyzz       0.048959       0.000000
  155      F  Fzzz       0.101315       0.000000
  156      F  Fxxx       0.004412       0.000000
  157      F  Fxxy       0.001550       0.000000
  158      F  Fxxz       0.001550       0.000000
  159      F  Fxyy       0.001226       0.000000
  160      F  Fxyz       0.000000       0.000000
  161      F  Fxzz       0.001226       0.000000
  162      F  Fyyy       0.003030       0.000000
  163      F  Fyyz       0.001219       0.000000
  164      F  Fyzz       0.001219       0.000000
  165      F  Fzzz       0.003032       0.000000
 
                           __________     __________
              Total =       29.000000       1.000000
 
  Atomic LOWDIN Population: for E-        
            F                9.000000       1.000000
            F               10.000000       0.000000
            F               10.000000       0.000000
 
 ...end of LOWDIN Population
 
 
 END POPULATION ANALYSES 
 
 
  POPULATION ANALYSES: 
 ====================
 
 MULLIKEN Population: for E+        
 ---------------------
 
                                    
 
    1     E+     S       1.000000
    2     E+     S       1.000000
    3     E+     S       1.000000
    4     E+     S       1.000000
    5     E+     S       1.000000
    6     E+     S       1.000000
    7     E+    Px       1.000000
    8     E+    Py       1.000000
    9     E+    Pz       1.000000
   10     E+    Px       1.000000
   11     E+    Py       1.000000
   12     E+    Pz       1.000000
   13     E+    Px       1.000000
   14     E+    Py       1.000000
   15     E+    Pz       1.000000
   16     E+    Px       1.000000
   17     E+    Py       1.000000
   18     E+    Pz       1.000000
   19     E+   Dxx       1.000000
   20     E+   Dxy       1.000000
   21     E+   Dxz       1.000000
   22     E+   Dyy       1.000000
   23     E+   Dyz       1.000000
   24     E+   Dzz       1.000000
   25     E+   Dxx       1.000000
   26     E+   Dxy       1.000000
   27     E+   Dxz       1.000000
   28     E+   Dyy       1.000000
   29     E+   Dyz       1.000000
   30     E+   Dzz       1.000000
   31     E+   Dxx       1.000000
   32     E+   Dxy       1.000000
   33     E+   Dxz       1.000000
   34     E+   Dyy       1.000000
   35     E+   Dyz       1.000000
   36     E+   Dzz       1.000000
   37     E+  Fxxx       1.000000
   38     E+  Fxxy       1.000000
   39     E+  Fxxz       1.000000
   40     E+  Fxyy       1.000000
   41     E+  Fxyz       1.000000
   42     E+  Fxzz       1.000000
   43     E+  Fyyy       1.000000
   44     E+  Fyyz       1.000000
   45     E+  Fyzz       1.000000
   46     E+  Fzzz       1.000000
   47     E+  Fxxx       1.000000
   48     E+  Fxxy       1.000000
   49     E+  Fxxz       1.000000
   50     E+  Fxyy       1.000000
   51     E+  Fxyz       1.000000
   52     E+  Fxzz       1.000000
   53     E+  Fyyy       1.000000
   54     E+  Fyyz       1.000000
   55     E+  Fyzz       1.000000
   56     E+  Fzzz       1.000000
   57     E+     S       1.000000
   58     E+     S       1.000000
   59     E+     S       1.000000
   60     E+     S       1.000000
   61     E+     S       1.000000
   62     E+     S       1.000000
   63     E+    Px       1.000000
   64     E+    Py       1.000000
   65     E+    Pz       1.000000
   66     E+    Px       1.000000
   67     E+    Py       1.000000
   68     E+    Pz       1.000000
   69     E+    Px       1.000000
   70     E+    Py       1.000000
   71     E+    Pz       1.000000
   72     E+    Px       1.000000
   73     E+    Py       1.000000
   74     E+    Pz       1.000000
   75     E+   Dxx       1.000000
   76     E+   Dxy       1.000000
   77     E+   Dxz       1.000000
   78     E+   Dyy       1.000000
   79     E+   Dyz       1.000000
   80     E+   Dzz       1.000000
   81     E+   Dxx       1.000000
   82     E+   Dxy       1.000000
   83     E+   Dxz       1.000000
   84     E+   Dyy       1.000000
   85     E+   Dyz       1.000000
   86     E+   Dzz       1.000000
   87     E+   Dxx       1.000000
   88     E+   Dxy       1.000000
   89     E+   Dxz       1.000000
   90     E+   Dyy       1.000000
   91     E+   Dyz       1.000000
   92     E+   Dzz       1.000000
   93     E+  Fxxx       1.000000
   94     E+  Fxxy       1.000000
   95     E+  Fxxz       1.000000
   96     E+  Fxyy       1.000000
   97     E+  Fxyz       1.000000
   98     E+  Fxzz       1.000000
   99     E+  Fyyy       1.000000
  100     E+  Fyyz       1.000000
  101     E+  Fyzz       1.000000
  102     E+  Fzzz       1.000000
  103     E+  Fxxx       1.000000
  104     E+  Fxxy       1.000000
  105     E+  Fxxz       1.000000
  106     E+  Fxyy       1.000000
  107     E+  Fxyz       1.000000
  108     E+  Fxzz       1.000000
  109     E+  Fyyy       1.000000
  110     E+  Fyyz       1.000000
  111     E+  Fyzz       1.000000
  112     E+  Fzzz       1.000000
  113     E+     S       1.000000
  114     E+     S       1.000000
  115     E+     S       1.000000
  116     E+     S       1.000000
  117     E+     S       1.000000
  118     E+     S       1.000000
  119     E+    Px       1.000000
  120     E+    Py       1.000000
  121     E+    Pz       1.000000
  122     E+    Px       1.000000
  123     E+    Py       1.000000
  124     E+    Pz       1.000000
  125     E+    Px       1.000000
  126     E+    Py       1.000000
  127     E+    Pz       1.000000
  128     E+    Px       1.000000
  129     E+    Py       1.000000
  130     E+    Pz       1.000000
  131     E+   Dxx       1.000000
  132     E+   Dxy       1.000000
  133     E+   Dxz       1.000000
  134     E+   Dyy       1.000000
  135     E+   Dyz       1.000000
  136     E+   Dzz       1.000000
  137     E+   Dxx       1.000000
  138     E+   Dxy       1.000000
  139     E+   Dxz       1.000000
  140     E+   Dyy       1.000000
  141     E+   Dyz       1.000000
  142     E+   Dzz       1.000000
  143     E+   Dxx       1.000000
  144     E+   Dxy       1.000000
  145     E+   Dxz       1.000000
  146     E+   Dyy       1.000000
  147     E+   Dyz       1.000000
  148     E+   Dzz       1.000000
  149     E+  Fxxx       1.000000
  150     E+  Fxxy       1.000000
  151     E+  Fxxz       1.000000
  152     E+  Fxyy       1.000000
  153     E+  Fxyz       1.000000
  154     E+  Fxzz       1.000000
  155     E+  Fyyy       1.000000
  156     E+  Fyyz       1.000000
  157     E+  Fyzz       1.000000
  158     E+  Fzzz       1.000000
  159     E+  Fxxx       1.000000
  160     E+  Fxxy       1.000000
  161     E+  Fxxz       1.000000
  162     E+  Fxyy       1.000000
  163     E+  Fxyz       1.000000
  164     E+  Fxzz       1.000000
  165     E+  Fyyy       1.000000
  166     E+  Fyyz       1.000000
  167     E+  Fyzz       1.000000
  168     E+  Fzzz       1.000000
  169     E+     S       1.000000
  170     E+     S       1.000000
  171     E+     S       1.000000
  172     E+     S       1.000000
  173     E+     S       1.000000
  174     E+     S       1.000000
  175     E+    Px       1.000000
  176     E+    Py       1.000000
  177     E+    Pz       1.000000
  178     E+    Px       1.000000
  179     E+    Py       1.000000
  180     E+    Pz       1.000000
  181     E+    Px       1.000000
  182     E+    Py       1.000000
  183     E+    Pz       1.000000
  184     E+    Px       1.000000
  185     E+    Py       1.000000
  186     E+    Pz       1.000000
  187     E+   Dxx       1.000000
  188     E+   Dxy       1.000000
  189     E+   Dxz       1.000000
  190     E+   Dyy       1.000000
  191     E+   Dyz       1.000000
  192     E+   Dzz       1.000000
  193     E+   Dxx       1.000000
  194     E+   Dxy       1.000000
  195     E+   Dxz       1.000000
  196     E+   Dyy       1.000000
  197     E+   Dyz       1.000000
  198     E+   Dzz       1.000000
  199     E+   Dxx       1.000000
  200     E+   Dxy       1.000000
  201     E+   Dxz       1.000000
  202     E+   Dyy       1.000000
  203     E+   Dyz       1.000000
  204     E+   Dzz       1.000000
  205     E+  Fxxx       1.000000
  206     E+  Fxxy       1.000000
  207     E+  Fxxz       1.000000
  208     E+  Fxyy       1.000000
  209     E+  Fxyz       1.000000
  210     E+  Fxzz       1.000000
  211     E+  Fyyy       1.000000
  212     E+  Fyyz       1.000000
  213     E+  Fyzz       1.000000
  214     E+  Fzzz       1.000000
  215     E+  Fxxx       1.000000
  216     E+  Fxxy       1.000000
  217     E+  Fxxz       1.000000
  218     E+  Fxyy       1.000000
  219     E+  Fxyz       1.000000
  220     E+  Fxzz       1.000000
  221     E+  Fyyy       1.000000
  222     E+  Fyyz       1.000000
  223     E+  Fyzz       1.000000
  224     E+  Fzzz       1.000000
 
                           __________
              Total =      224.000000
 
  Atomic MULLIKEN Population: for E+        
            F               56.000000
            E+              56.000000
            F               56.000000
            F               56.000000
 
 ...end of MULLIKEN Population
 
 
 END POPULATION ANALYSES 
 
 
  POPULATION ANALYSES: 
 ====================
 
 LOWDIN Population: for E+        
 ---------------------
 
                                    
 
    1     E+     S       1.000000
    2     E+     S       1.000000
    3     E+     S       1.000000
    4     E+     S       1.000000
    5     E+     S       1.000000
    6     E+     S       1.000000
    7     E+    Px       1.000000
    8     E+    Py       1.000000
    9     E+    Pz       1.000000
   10     E+    Px       1.000000
   11     E+    Py       1.000000
   12     E+    Pz       1.000000
   13     E+    Px       1.000000
   14     E+    Py       1.000000
   15     E+    Pz       1.000000
   16     E+    Px       1.000000
   17     E+    Py       1.000000
   18     E+    Pz       1.000000
   19     E+   Dxx       1.000000
   20     E+   Dxy       1.000000
   21     E+   Dxz       1.000000
   22     E+   Dyy       1.000000
   23     E+   Dyz       1.000000
   24     E+   Dzz       1.000000
   25     E+   Dxx       1.000000
   26     E+   Dxy       1.000000
   27     E+   Dxz       1.000000
   28     E+   Dyy       1.000000
   29     E+   Dyz       1.000000
   30     E+   Dzz       1.000000
   31     E+   Dxx       1.000000
   32     E+   Dxy       1.000000
   33     E+   Dxz       1.000000
   34     E+   Dyy       1.000000
   35     E+   Dyz       1.000000
   36     E+   Dzz       1.000000
   37     E+  Fxxx       1.000000
   38     E+  Fxxy       1.000000
   39     E+  Fxxz       1.000000
   40     E+  Fxyy       1.000000
   41     E+  Fxyz       1.000000
   42     E+  Fxzz       1.000000
   43     E+  Fyyy       1.000000
   44     E+  Fyyz       1.000000
   45     E+  Fyzz       1.000000
   46     E+  Fzzz       1.000000
   47     E+  Fxxx       1.000000
   48     E+  Fxxy       1.000000
   49     E+  Fxxz       1.000000
   50     E+  Fxyy       1.000000
   51     E+  Fxyz       1.000000
   52     E+  Fxzz       1.000000
   53     E+  Fyyy       1.000000
   54     E+  Fyyz       1.000000
   55     E+  Fyzz       1.000000
   56     E+  Fzzz       1.000000
   57     E+     S       1.000000
   58     E+     S       1.000000
   59     E+     S       1.000000
   60     E+     S       1.000000
   61     E+     S       1.000000
   62     E+     S       1.000000
   63     E+    Px       1.000000
   64     E+    Py       1.000000
   65     E+    Pz       1.000000
   66     E+    Px       1.000000
   67     E+    Py       1.000000
   68     E+    Pz       1.000000
   69     E+    Px       1.000000
   70     E+    Py       1.000000
   71     E+    Pz       1.000000
   72     E+    Px       1.000000
   73     E+    Py       1.000000
   74     E+    Pz       1.000000
   75     E+   Dxx       1.000000
   76     E+   Dxy       1.000000
   77     E+   Dxz       1.000000
   78     E+   Dyy       1.000000
   79     E+   Dyz       1.000000
   80     E+   Dzz       1.000000
   81     E+   Dxx       1.000000
   82     E+   Dxy       1.000000
   83     E+   Dxz       1.000000
   84     E+   Dyy       1.000000
   85     E+   Dyz       1.000000
   86     E+   Dzz       1.000000
   87     E+   Dxx       1.000000
   88     E+   Dxy       1.000000
   89     E+   Dxz       1.000000
   90     E+   Dyy       1.000000
   91     E+   Dyz       1.000000
   92     E+   Dzz       1.000000
   93     E+  Fxxx       1.000000
   94     E+  Fxxy       1.000000
   95     E+  Fxxz       1.000000
   96     E+  Fxyy       1.000000
   97     E+  Fxyz       1.000000
   98     E+  Fxzz       1.000000
   99     E+  Fyyy       1.000000
  100     E+  Fyyz       1.000000
  101     E+  Fyzz       1.000000
  102     E+  Fzzz       1.000000
  103     E+  Fxxx       1.000000
  104     E+  Fxxy       1.000000
  105     E+  Fxxz       1.000000
  106     E+  Fxyy       1.000000
  107     E+  Fxyz       1.000000
  108     E+  Fxzz       1.000000
  109     E+  Fyyy       1.000000
  110     E+  Fyyz       1.000000
  111     E+  Fyzz       1.000000
  112     E+  Fzzz       1.000000
  113     E+     S       1.000000
  114     E+     S       1.000000
  115     E+     S       1.000000
  116     E+     S       1.000000
  117     E+     S       1.000000
  118     E+     S       1.000000
  119     E+    Px       1.000000
  120     E+    Py       1.000000
  121     E+    Pz       1.000000
  122     E+    Px       1.000000
  123     E+    Py       1.000000
  124     E+    Pz       1.000000
  125     E+    Px       1.000000
  126     E+    Py       1.000000
  127     E+    Pz       1.000000
  128     E+    Px       1.000000
  129     E+    Py       1.000000
  130     E+    Pz       1.000000
  131     E+   Dxx       1.000000
  132     E+   Dxy       1.000000
  133     E+   Dxz       1.000000
  134     E+   Dyy       1.000000
  135     E+   Dyz       1.000000
  136     E+   Dzz       1.000000
  137     E+   Dxx       1.000000
  138     E+   Dxy       1.000000
  139     E+   Dxz       1.000000
  140     E+   Dyy       1.000000
  141     E+   Dyz       1.000000
  142     E+   Dzz       1.000000
  143     E+   Dxx       1.000000
  144     E+   Dxy       1.000000
  145     E+   Dxz       1.000000
  146     E+   Dyy       1.000000
  147     E+   Dyz       1.000000
  148     E+   Dzz       1.000000
  149     E+  Fxxx       1.000000
  150     E+  Fxxy       1.000000
  151     E+  Fxxz       1.000000
  152     E+  Fxyy       1.000000
  153     E+  Fxyz       1.000000
  154     E+  Fxzz       1.000000
  155     E+  Fyyy       1.000000
  156     E+  Fyyz       1.000000
  157     E+  Fyzz       1.000000
  158     E+  Fzzz       1.000000
  159     E+  Fxxx       1.000000
  160     E+  Fxxy       1.000000
  161     E+  Fxxz       1.000000
  162     E+  Fxyy       1.000000
  163     E+  Fxyz       1.000000
  164     E+  Fxzz       1.000000
  165     E+  Fyyy       1.000000
  166     E+  Fyyz       1.000000
  167     E+  Fyzz       1.000000
  168     E+  Fzzz       1.000000
  169     E+     S       1.000000
  170     E+     S       1.000000
  171     E+     S       1.000000
  172     E+     S       1.000000
  173     E+     S       1.000000
  174     E+     S       1.000000
  175     E+    Px       1.000000
  176     E+    Py       1.000000
  177     E+    Pz       1.000000
  178     E+    Px       1.000000
  179     E+    Py       1.000000
  180     E+    Pz       1.000000
  181     E+    Px       1.000000
  182     E+    Py       1.000000
  183     E+    Pz       1.000000
  184     E+    Px       1.000000
  185     E+    Py       1.000000
  186     E+    Pz       1.000000
  187     E+   Dxx       1.000000
  188     E+   Dxy       1.000000
  189     E+   Dxz       1.000000
  190     E+   Dyy       1.000000
  191     E+   Dyz       1.000000
  192     E+   Dzz       1.000000
  193     E+   Dxx       1.000000
  194     E+   Dxy       1.000000
  195     E+   Dxz       1.000000
  196     E+   Dyy       1.000000
  197     E+   Dyz       1.000000
  198     E+   Dzz       1.000000
  199     E+   Dxx       1.000000
  200     E+   Dxy       1.000000
  201     E+   Dxz       1.000000
  202     E+   Dyy       1.000000
  203     E+   Dyz       1.000000
  204     E+   Dzz       1.000000
  205     E+  Fxxx       1.000000
  206     E+  Fxxy       1.000000
  207     E+  Fxxz       1.000000
  208     E+  Fxyy       1.000000
  209     E+  Fxyz       1.000000
  210     E+  Fxzz       1.000000
  211     E+  Fyyy       1.000000
  212     E+  Fyyz       1.000000
  213     E+  Fyzz       1.000000
  214     E+  Fzzz       1.000000
  215     E+  Fxxx       1.000000
  216     E+  Fxxy       1.000000
  217     E+  Fxxz       1.000000
  218     E+  Fxyy       1.000000
  219     E+  Fxyz       1.000000
  220     E+  Fxzz       1.000000
  221     E+  Fyyy       1.000000
  222     E+  Fyyz       1.000000
  223     E+  Fyzz       1.000000
  224     E+  Fzzz       1.000000
 
                           __________
              Total =      224.000000
 
  Atomic LOWDIN Population: for E+        
            F               56.000000
            E+              56.000000
            F               56.000000
            F               56.000000
 
 ...end of LOWDIN Population
 
 
 END POPULATION ANALYSES 
 
 
  EXPECTED POSITIONS OF QUANTUM SPECIES:
 ======================
 
 POSITIONS IN ANGSTROMS
 ------
 
                        <x>      <y>      <z>         
            E-ALPHA   0.0000  -0.0000  70.0000
             E-BETA   0.0000  -0.0000  55.8955
                 E+   0.0000   0.0000 784.0000
 
 END EXPECTED POSITIONS
 
 
  EXPECTED RMS RADIUS OF QUANTUM SPECIES:
 ======================
 Relative to the position expectation value
 Computed as sqrt(<R^2 - <R>>)
 
                   IN ANGSTROM
                   -----------
            E-ALPHA  254.342856
             E-BETA  195.660229
                 E+11681.837984
 
 END EXPECTED RMS RADIUS
 
 
  ELECTROSTATIC MOMENTS:
 ======================
 
 
 DIPOLE: (A.U.)
 ------
 
                           <Dx>         <Dy>         <Dz>          |D|
            E-ALPHA  -0.00000000   0.00000000-132.28082005
             E-BETA  -0.00000000   0.00000000-105.62716373
                 E+   0.00000000   0.000000001481.54528271
    Point charges:    0.00000000   0.00000000 238.10549186
                     ____________________________
      Total Dipole:  -0.00000000   0.000000001481.742790791481.74279079
 
 DIPOLE: (DEBYE)
 ------
 
                           <Dx>         <Dy>         <Dz>          |D|
            E-ALPHA  -0.00000000   0.00000000-336.22430761
             E-BETA  -0.00000000   0.00000000-268.47747070
                 E+   0.00000000   0.000000003765.71249466
    Point charges:    0.00000000   0.00000000 605.20379378
                     ____________________________
      Total Dipole:  -0.00000000   0.000000003766.214510133766.21451013
 
 QUADRUPOLE NON-TRACELESS: (DEBYE ANGS)
 ------
 
                           <xx>         <yy>         <zz>         <xy>         <xz>         <yz>
            E-ALPHA  -46.91669071   -2.31620345-4709.27496311   -0.00000000   -0.00000000    0.00000000
             E-BETA  -46.79997392   -2.19948670-3753.48701974   -0.00000000   -0.00000000    0.00000000
                 E+ 1493.55342757 1008.0454952253728.02042039    0.00000000    0.00000000    0.00000000
    Point charges:    78.02806056    0.00000000 8472.85311297    0.00000000    0.00000000    0.00000000
  Total Quadrupole: 1477.86482350 1003.5298050753738.11155052   -0.00000000   -0.00000000    0.00000000
                     ____________________________
 
 END ELECTROSTATIC MOMENTS
 

  TOTAL CPU Time:      0.733 (s)
 TOTAL Wall Time:     14.051 (s)
  Elapsed Time:   0h  0m 14s  51ms
LOWDIN execution terminated normally at : Wed Apr  9 12:58:56 2025
-rw-rw-r-- 1 pohl pohl  42M abr  9 12:58 0E-ALPHA.E-BETA.ints
-rw-rw-r-- 1 pohl pohl  22M abr  9 12:58 0E-ALPHA.ints
-rw-rw-r-- 1 pohl pohl  82M abr  9 12:58 0E-ALPHA.POSITRON.ints
-rw-rw-r-- 1 pohl pohl  96M abr  9 12:58 0POSITRON.ints
-rw-rw-r-- 1 pohl pohl  44M abr  9 12:58 1E-ALPHA.E-BETA.ints
-rw-rw-r-- 1 pohl pohl  22M abr  9 12:58 1E-ALPHA.ints
-rw-rw-r-- 1 pohl pohl 108M abr  9 12:58 1E-ALPHA.POSITRON.ints
-rw-rw-r-- 1 pohl pohl  99M abr  9 12:58 1POSITRON.ints
-rw-rw-r-- 1 pohl pohl  41M abr  9 12:58 2E-ALPHA.E-BETA.ints
-rw-rw-r-- 1 pohl pohl  21M abr  9 12:58 2E-ALPHA.ints
-rw-rw-r-- 1 pohl pohl  94M abr  9 12:58 2E-ALPHA.POSITRON.ints
-rw-rw-r-- 1 pohl pohl 101M abr  9 12:58 2POSITRON.ints
-rw-rw-r-- 1 pohl pohl  43M abr  9 12:58 3E-ALPHA.E-BETA.ints
-rw-rw-r-- 1 pohl pohl  21M abr  9 12:58 3E-ALPHA.ints
-rw-rw-r-- 1 pohl pohl  83M abr  9 12:58 3E-ALPHA.POSITRON.ints
-rw-rw-r-- 1 pohl pohl  95M abr  9 12:58 3POSITRON.ints
-rw-rw-r-- 1 pohl pohl  44M abr  9 12:58 4E-ALPHA.E-BETA.ints
-rw-rw-r-- 1 pohl pohl  22M abr  9 12:58 4E-ALPHA.ints
-rw-rw-r-- 1 pohl pohl 108M abr  9 12:58 4E-ALPHA.POSITRON.ints
-rw-rw-r-- 1 pohl pohl 103M abr  9 12:58 4POSITRON.ints
-rw-rw-r-- 1 pohl pohl  41M abr  9 12:58 5E-ALPHA.E-BETA.ints
-rw-rw-r-- 1 pohl pohl  22M abr  9 12:58 5E-ALPHA.ints
-rw-rw-r-- 1 pohl pohl  93M abr  9 12:58 5E-ALPHA.POSITRON.ints
-rw-rw-r-- 1 pohl pohl 104M abr  9 12:58 5POSITRON.ints
-rw-rw-r-- 1 pohl pohl  43M abr  9 12:58 6E-ALPHA.E-BETA.ints
-rw-rw-r-- 1 pohl pohl  21M abr  9 12:58 6E-ALPHA.ints
-rw-rw-r-- 1 pohl pohl  82M abr  9 12:58 6E-ALPHA.POSITRON.ints
-rw-rw-r-- 1 pohl pohl  95M abr  9 12:58 6POSITRON.ints
-rw-rw-r-- 1 pohl pohl  44M abr  9 12:58 7E-ALPHA.E-BETA.ints
-rw-rw-r-- 1 pohl pohl  22M abr  9 12:58 7E-ALPHA.ints
-rw-rw-r-- 1 pohl pohl 108M abr  9 12:58 7E-ALPHA.POSITRON.ints
-rw-rw-r-- 1 pohl pohl  99M abr  9 12:58 7POSITRON.ints
-rw-rw-r-- 1 pohl pohl  41M abr  9 12:58 8E-ALPHA.E-BETA.ints
-rw-rw-r-- 1 pohl pohl  22M abr  9 12:58 8E-ALPHA.ints
-rw-rw-r-- 1 pohl pohl  93M abr  9 12:58 8E-ALPHA.POSITRON.ints
-rw-rw-r-- 1 pohl pohl 104M abr  9 12:58 8POSITRON.ints
-rw-rw-r-- 1 pohl pohl  498 abr  9 12:58 c_step_2
-rw-rw-r-- 1 pohl pohl 2.3K abr  9 12:58 c_step_2.aux
-rw-rw-r-- 1 pohl pohl  508 abr  9 12:58 c_step_2.lowdin
-rw-rw-r-- 1 pohl pohl  56K abr  9 12:58 c_step_2.out
-rw-rw-r-- 1 pohl pohl   12 abr  9 12:58 E-ALPHA.E-BETA.nints
-rw-rw-r-- 1 pohl pohl   12 abr  9 12:58 E-ALPHA.POSITRON.nints
-rw-rw-r-- 1 pohl pohl   64 abr  9 12:58 gepol.inp
-rw-rw-r-- 1 pohl pohl  264 abr  9 12:58 gepol.xyzr
-rw-rw-r-- 1 pohl pohl  29K abr  9 12:58 lowdin.bas
-rw-rw-r-- 1 pohl pohl  16K abr  9 12:58 lowdin.dat
-rw-rw-r-- 1 pohl pohl 9.6M abr  9 12:58 lowdin.opints
-rw-rw-r-- 1 pohl pohl  96K abr  9 12:58 lowdin.sys
-rw-rw-r-- 1 pohl pohl 818K abr  9 12:58 lowdin.wfn
