Begin job by input: C2-e+.lowdin, for user:   at  jue 06 feb 2025 15:35:13 -05
under operating system Linux helios 5.19.0-46-generic #47-Ubuntu SMP PREEMPT_DYNAMIC Fri Jun 16 13:30:11 UTC 2023 x86_64 x86_64 x86_64 GNU/Linux
Compilation information
  commit: f31d3924f6ee2ce9d77f07edcc1ba27359319d14
  compilation date:  mar 17 sep 2024 16:16:17 -05

BEGIN INPUT INFO:
------------------------------------

GEOMETRY
	e-(C)	AUG-CC-PVTZ -0.8 0.0 0.0 multiplicity=2 addParticles=1 
	e-(C)	AUG-CC-PVTZ 0.8 0.0 0.0 
	C	Dirac -0.8 0.0 0.0
	C	Dirac 0.8 0.0 0.0
	E+	PSX-TZ -0.8 0.0 0.0 addParticles=-1
	E+	PSX-TZ 0.8 0.0 0.0
END GEOMETRY

TASKS
        method = "UHF"
	mollerPlessetCorrection=2
END TASKS

CONTROL
	units="ANGS"
END CONTROL






... END INPUT INFO


 LOWDIN execution started at : Thu Feb  6 15:35:13 2025
 ---------------------------------------------------------------
 
 ***************************************************************
 *                   LOWDIN 2.0  (May/2013)                    *
 *                                                             *
 *  R. FLORES-MORENO, E. F. POSADA, F. S. MONCADA, J.ROMERO,   *
 *  J. CHARRY, M. DIAZ-TINOCO, S. A. GONZALEZ, N. F. AGUIRRE,  *
 *  A. REYES                                                   *
 *                                                             *
 *  https://sites.google.com/site/lowdinproject/               *
 *                                                             *
 ***************************************************************
 
 PARSING INPUT... DONE!
 
 LOWDIN IS RUNNING WITH NEXT PARAMETERS: 
 ----------------------------------------
 
         METHOD TYPE:  UHF
         NUMBER OF CORES:     4
         MOLLER PLESSET CORRECTION:      2
         NONELECTRONIC DENSITY GUESS: HCORE
         ELECTRONIC DENSITY GUESS: HCORE
         CRITERIUM OF CONVERGENCE: ENERGY
         NONELECTRONIC ENERGY TOLERANCE IN SCFs:     0.10000E-07
         ELECTRONIC ENERGY TOLERANCE IN SCFs:     0.10000E-07
         TOTAL ENERGY TOLERANCE IN SCFs:     0.10000E-07
         SCHEME OF ITERATION: GLOBAL ITERATIONS
         SCF MAX. SUBITERATIONS - NONELECTRONS :     1
         SCF MAX. SUBITERATIONS - ELECTRONS :     1
         SCF MAX. ITERATIONS - INTERSPECIES :   200
         INTEGRAL STORAGE: DISK
         STACK SIZE FOR ERIS : 30000
         METHOD OF SCF CONVERGENCE: DAMPING
 
  MOLECULAR SYSTEM: C2-e+
 -----------------
 
    DESCRIPTION   : C2-e+
    CHARGE        :   2
    PUNTUAL GROUP : NONE
 
 
  INFORMATION OF PARTICLES :
 =========================
         Total number of particles   =      16
         Number of quantum particles =      14
         Number of puntual charges   =       2
         Number of quantum species   =       3
 
                 INFORMATION OF QUANTUM SPECIES 
    ----------------------------------------------------------------------
         ID      Symbol            mass     charge      omega     spin     multiplicity
    ----------------------------------------------------------------------
         1        E-ALPHA         1.0000     -1.00      0.00      0.50      2.00
         2         E-BETA         1.0000     -1.00      0.00      0.50      2.00
         3             E+         1.0000      1.00      0.00      0.50      1.00
 
                   CONSTANTS OF COUPLING 
      ------------------------------------------------------------
              Symbol      kappa        eta     lambda occupation
      ------------------------------------------------------------
             E-ALPHA      -1.00       1.00       1.00       7.00
              E-BETA      -1.00       1.00       1.00       6.00
                  E+      -1.00       1.00       1.00       1.00
 
                   BASIS SET FOR SPECIES 
      ------------------------------------------------------------
           Symbol          N. Basis     N. Particles     Basis Set
      ------------------------------------------------------------
            E-ALPHA           28                7     AUG-CC-PVT
             E-BETA           28                6     AUG-CC-PVT
                 E+           30                1         PSX-TZ
 
                                ATOMIC BASIS
         ------------------------------------------------------------
          PRIMITIVE   SHELL             EXPONENT         COEFFICIENT 
         ------------------------------------------------------------
 
    BEGIN DESCRIPTION OF BASIS FOR: E-ALP
    ==============================
 
 
             C BASIS SET:    AUG-CC-PVTZ
             1         S             8236.00000000          0.00053100
             2         S             1235.00000000          0.00410800
             3         S              280.80000000          0.02108700
             4         S               79.27000000          0.08185300
             5         S               25.59000000          0.23481700
             6         S                8.99700000          0.43440100
             7         S                3.31900000          0.34612900
             8         S                0.36430000         -0.00898300
             1         S             8236.00000000         -0.00011300
             2         S             1235.00000000         -0.00087800
             3         S              280.80000000         -0.00454000
             4         S               79.27000000         -0.01813300
             5         S               25.59000000         -0.05576000
             6         S                8.99700000         -0.12689500
             7         S                3.31900000         -0.17035200
             8         S                0.36430000          0.59868400
             1         S                0.90590000          1.00000000
             1         S                0.12850000          1.00000000
             1         S                0.04402000          1.00000000
             1         P               18.71000000          0.01403100
             2         P                4.13300000          0.08686600
             3         P                1.20000000          0.29021600
             1         P                0.38270000          1.00000000
             1         P                0.12090000          1.00000000
             1         P                0.03569000          1.00000000
             1         D                1.09700000          1.00000000
             1         D                0.31800000          1.00000000
             1         D                0.10000000          1.00000000
             1         F                0.76100000          1.00000000
             1         F                0.26800000          1.00000000
 
             C BASIS SET:    AUG-CC-PVTZ
             1         S             8236.00000000          0.00053100
             2         S             1235.00000000          0.00410800
             3         S              280.80000000          0.02108700
             4         S               79.27000000          0.08185300
             5         S               25.59000000          0.23481700
             6         S                8.99700000          0.43440100
             7         S                3.31900000          0.34612900
             8         S                0.36430000         -0.00898300
             1         S             8236.00000000         -0.00011300
             2         S             1235.00000000         -0.00087800
             3         S              280.80000000         -0.00454000
             4         S               79.27000000         -0.01813300
             5         S               25.59000000         -0.05576000
             6         S                8.99700000         -0.12689500
             7         S                3.31900000         -0.17035200
             8         S                0.36430000          0.59868400
             1         S                0.90590000          1.00000000
             1         S                0.12850000          1.00000000
             1         S                0.04402000          1.00000000
             1         P               18.71000000          0.01403100
             2         P                4.13300000          0.08686600
             3         P                1.20000000          0.29021600
             1         P                0.38270000          1.00000000
             1         P                0.12090000          1.00000000
             1         P                0.03569000          1.00000000
             1         D                1.09700000          1.00000000
             1         D                0.31800000          1.00000000
             1         D                0.10000000          1.00000000
             1         F                0.76100000          1.00000000
             1         F                0.26800000          1.00000000
    ... END DESCRIPTION OF BASIS
 
 
    BEGIN DESCRIPTION OF BASIS FOR:    E+
    ==============================
 
 
            E+ BASIS SET:         PSX-TZ
             1         S                0.01706472          1.00000000
             1         S                0.04342701          1.00000000
             1         S                0.11051484          1.00000000
             1         S                0.28124275          1.00000000
             1         S                0.71571820          1.00000000
             1         S                1.82138931          1.00000000
             1         P                0.04963129          1.00000000
             1         P                0.12420747          1.00000000
             1         P                0.31084209          1.00000000
             1         P                0.77791460          1.00000000
             1         D                0.09506481          1.00000000
             1         D                0.23367773          1.00000000
             1         D                0.57440058          1.00000000
             1         F                0.15956751          1.00000000
             1         F                0.42730646          1.00000000
 
            E+ BASIS SET:         PSX-TZ
             1         S                0.01706472          1.00000000
             1         S                0.04342701          1.00000000
             1         S                0.11051484          1.00000000
             1         S                0.28124275          1.00000000
             1         S                0.71571820          1.00000000
             1         S                1.82138931          1.00000000
             1         P                0.04963129          1.00000000
             1         P                0.12420747          1.00000000
             1         P                0.31084209          1.00000000
             1         P                0.77791460          1.00000000
             1         D                0.09506481          1.00000000
             1         D                0.23367773          1.00000000
             1         D                0.57440058          1.00000000
             1         F                0.15956751          1.00000000
             1         F                0.42730646          1.00000000
    ... END DESCRIPTION OF BASIS
 
 
  END INFORMATION OF PARTICLES
 
 
  INFORMATION OF THE QUANTUM SYSTEM 
     ---------------------------------------------------------------------
                 ID     Occupied Orbitals     Basis size
     ---------------------------------------------------------------------
            E-ALPHA            7              110
             E-BETA            6              110
                 E+            1              112
 
  END INFORMATION OF QUANTUM SYSTEM
 
                       INITIAL GEOMETRY: AMSTRONG
                 -----------------------------------
                       <x>                 <y>                 <z>
  E-ALPHAC       -0.8000000000        0.0000000000        0.0000000000
  E-ALPHAC        0.8000000000        0.0000000000        0.0000000000
        E+       -0.8000000000        0.0000000000        0.0000000000
        E+        0.8000000000        0.0000000000        0.0000000000
         C       -0.8000000000        0.0000000000        0.0000000000
         C        0.8000000000        0.0000000000        0.0000000000
 
                     MATRIX OF DISTANCE: ANGSTROM
                 -----------------------------------
                          C(1)           C(2)      
 
        C(1)             0.000000       1.600000
        C(2)             1.600000       0.000000
 
--------------------------------------------------------------------------------
** PROGRAM: SCF (Hartree Fock).     Author: S.A. Gonzalez, E. Posada, F. Moncada
--------------------------------------------------------------------------------
INFO: RUNNING IN UHF MODE.
 
----------------------------------------------------------------------
** PROGRAM INTS                          Author: E. F. Posada, 2013   
----------------------------------------------------------------------
INFO: RUNNING IN ONE_PARTICLE MODE.
 
 Number of Overlap integrals for species E-ALPHA:  12100
 Number of Overlap integrals for species E-BETA:  12100
 Number of Overlap integrals for species POSITRON:  12544
 Number of Kinetic integrals for species E-ALPHA:  12100
 Number of Kinetic integrals for species E-BETA:  12100
 Number of Kinetic integrals for species POSITRON:  12544
 Number of Nuclear integrals for species E-ALPHA:  12100
 Number of Nuclear integrals for species E-BETA:  12100
 Number of Nuclear integrals for species POSITRON:  12544
 Number of Moment integrals for species E-ALPHA:  36300
 Number of Moment integrals for species E-BETA:  36300
 Number of Moment integrals for species POSITRON:  37632
 
** TOTAL CPU Time INTS :      0.494 (s)
** TOTAL Elapsed Time INTS :      0.257 (s)
 
       Usign  HCORE density guess for species:    E-ALPHA
     number of    E-ALPHA     particles in guess density matrix:     7.000000
       Usign  HCORE density guess for species:     E-BETA
     number of     E-BETA     particles in guess density matrix:     6.000000
       Usign  HCORE density guess for species:   POSITRON
     number of   POSITRON     particles in guess density matrix:     1.000000
 Number of unique integrals for species: 1 = 4512377
 Number of unique integrals for species: 3 = 4868476
 Number of unique integrals for species: 1 / 2 = 9018649 Screened: 0
 Number of unique integrals for species: 1 / 3 = 9367264 Screened: 0
 
 TWO-BODY INTEGRAL SETUP: 
------------------------- 
 Storage:   DISK
 Scheme: LIBINT
 Stack size:  30000
 
 LIBINT library, Fermann, J. T.; Valeev, F. L. 2010                   
 LOWDIN-LIBINT Implementation V. 2.1  Posada E. F. ; Reyes A. 2016   
 ----------------------------------------------------------------------

*** TOTAL CPU time intra-species integrals :      2.023 (s)
*** TOTAL elapsed time intra-species integrals :      0.505 (s)


*** TOTAL CPU time inter-species integrals :      4.993 (s)
*** TOTAL elapsed time inter-species integrals :      1.262 (s)

INFO: RUNNING SCHEME SIMULTANEOUS
 
 Begin Multi-Species SCF calculation:
 
 --------------------------------------------------------------------------------------------------
      Iteration                   Energy            Energy Change           Density Change
 --------------------------------------------------------------------------------------------------
              1         -64.841730296627          64.841730296627          15.647046341560
              2         -61.030742973552          -3.810987323075          10.344256292080
              3         -72.201628117276          11.170885143723           0.111541023136
              4         -75.220806262591           3.019178145315           0.014689087230
              5         -75.612871399287           0.392065136696           0.007227081865
              6         -75.633782975268           0.020911575981           0.001145940083
              7         -75.635563825614           0.001780850346           0.000663709686
              8         -75.635810102504           0.000246276889           0.000132249894
              9         -75.635854073456           0.000043970953           0.000054099581
             10         -75.635863673342           0.000009599886           0.000031609917
             11         -75.635866490698           0.000002817356           0.000030969083
             12         -75.635867493201           0.000001002502           0.000009511900
             13         -75.635867833801           0.000000340600           0.000005802420
             14         -75.635867969224           0.000000135423           0.000003814510
             15         -75.635868026011           0.000000056787           0.000002328670
             16         -75.635868050484           0.000000024473           0.000001601631
             17         -75.635868061188           0.000000010704           0.000001026258
             18         -75.635868065909           0.000000004721           0.000000691177
 Total energy converged after  18 global iterations                                                  
 
 ...end Multi-Species SCF calculation
 
 
 Begin SCF calculation by: E-ALPHA
 -------------------------
 
 -----------------------------------------------------------------------------------
 Iteration                   Energy           Density Change         DIIS Error 
 -----------------------------------------------------------------------------------
    1         -42.809639610544           5.169647856384                 -- 
    2         -41.161188836127           0.052071865831                 -- 
    3         -33.555897539792           0.003891490741                 -- 
    4         -34.020158443190           0.001889845281                 -- 
    5         -33.696552830095           0.000508796906                 -- 
    6         -33.769137305886           0.000106342684                 -- 
    7         -33.722013873266           0.000050296471                 -- 
    8         -33.729958397675           0.000015290114                 -- 
    9         -33.723094819751           0.000008696765                 -- 
   10         -33.721686246992           0.000004147303                 -- 
   11         -33.719275291706           0.000003201803                 -- 
   12         -33.718755010274           0.000001815196                 -- 
   13         -33.718100006168           0.000001334357                 -- 
   14         -33.717798340553           0.000000882019                 -- 
   15         -33.717555888535           0.000000617441                 -- 
   16         -33.717414221003           0.000000417547                 -- 
   17         -33.717314544254           0.000000285890                 -- 
 
 ... end SCF calculation
 
 Begin SCF calculation by: E-BETA
 -------------------------
 
 -----------------------------------------------------------------------------------
 Iteration                   Energy           Density Change         DIIS Error 
 -----------------------------------------------------------------------------------
    1         -39.994242713454           5.168027295085                 -- 
    2         -37.466817618750           0.052431426552                 -- 
    3         -30.352035500270           0.004474980885                 -- 
    4         -30.977635104220           0.001982260903                 -- 
    5         -30.749632459616           0.000468652427                 -- 
    6         -30.846947534562           0.000127686511                 -- 
    7         -30.820456110130           0.000042133957                 -- 
    8         -30.837711983312           0.000028247372                 -- 
    9         -30.837280391598           0.000012330486                 -- 
   10         -30.839813107410           0.000007935760                 -- 
   11         -30.840030752117           0.000004256786                 -- 
   12         -30.841078720516           0.000002912285                 -- 
   13         -30.841457151648           0.000001778290                 -- 
   14         -30.841816846620           0.000001186650                 -- 
   15         -30.842009468769           0.000000765038                 -- 
   16         -30.842151762127           0.000000507853                 -- 
   17         -30.842239382287           0.000000334128                 -- 
 
 ... end SCF calculation
 
 Begin SCF calculation by: POSITRON
 -------------------------
 
 -----------------------------------------------------------------------------------
 Iteration                   Energy           Density Change         DIIS Error 
 -----------------------------------------------------------------------------------
    1           2.807710272226           0.006581140611                 -- 
    2           0.719944493347           0.007037730753                 -- 
    3          -0.146850142218           0.006322615604                 -- 
    4          -0.130033064858           0.003354975682                 -- 
    5          -0.129812147524           0.000168490750                 -- 
    6          -0.128295257875           0.000429680490                 -- 
    7          -0.128410944348           0.000039819466                 -- 
    8          -0.128227233212           0.000010562095                 -- 
    9          -0.128253414277           0.000010582667                 -- 
   10          -0.128239164609           0.000018886021                 -- 
   11          -0.128239999583           0.000002053311                 -- 
   12          -0.128235042567           0.000001074939                 -- 
   13          -0.128235540842           0.000000701863                 -- 
   14          -0.128235068808           0.000000260001                 -- 
   15          -0.128235255509           0.000000219152                 -- 
   16          -0.128235257747           0.000000100858                 -- 
   17          -0.128235326259           0.000000071159                 -- 
 
 ... end SCF calculation
 
  EIGENVALUES AND EIGENVECTORS: 
 ==============================
 
 
  Eigenvalues for: E-ALPHA
 -----------------
 
    1         -11.250644260264
    2         -11.249856889750
    3          -0.865769852839
    4          -0.536239900080
    5          -0.332219859098
    6          -0.319494211129
    7          -0.280897832889
    8           0.066202670190
    9           0.079614492234
   10           0.092074307681
   11           0.098673723974
   12           0.100824273893
   13           0.104431924698
   14           0.121150995929
   15           0.166693876739
   16           0.183653019420
   17           0.188058700686
   18           0.296864954521
   19           0.303445126918
   20           0.304746760545
   21           0.339882159792
   22           0.386587122680
   23           0.403452163056
   24           0.411811798253
   25           0.414951188044
   26           0.415567465750
   27           0.434728866763
   28           0.443971504872
   29           0.453461466489
   30           0.458928670757
   31           0.470593418642
   32           0.532626397027
   33           0.610019614922
   34           0.612025980884
   35           0.622089148575
   36           0.804075804203
   37           0.993242955571
   38           1.007669163474
   39           1.009775843669
   40           1.053440457697
   41           1.066678637501
   42           1.067460891609
   43           1.077095910778
   44           1.079942933417
   45           1.125812778671
   46           1.130426033000
   47           1.137715293003
   48           1.175329549595
   49           1.175758466807
   50           1.180447217231
   51           1.203477672219
   52           1.245007151898
   53           1.245610407969
   54           1.280505772013
   55           1.280578816077
   56           1.392402329003
   57           1.402089015619
   58           1.413798236354
   59           1.528238974030
   60           1.546276510153
   61           1.572530240331
   62           1.596273069330
   63           1.607246760815
   64           1.613682013126
   65           1.862878129932
   66           1.955969014430
   67           2.030604876344
   68           2.052672959544
   69           2.399662205826
   70           3.058738263722
   71           3.081224557337
   72           3.231505178466
   73           3.262105346396
   74           3.265271815287
   75           3.287302352644
   76           3.311269332860
   77           3.337303204763
   78           3.354224943691
   79           3.354677515521
   80           3.486754894379
   81           3.486818943694
   82           3.507409065945
   83           3.507545085638
   84           3.575512130504
   85           3.575713256731
   86           3.606208514590
   87           3.606234054044
   88           3.613460159060
   89           3.648282361930
   90           3.742054200795
   91           3.764767543452
   92           3.890486138476
   93           3.891508061155
   94           3.969461038392
   95           3.991162208202
   96           4.206233846079
   97           4.353675321145
   98           4.354598858490
   99           4.378454553837
  100           4.897053606060
  101           7.233321986627
  102           7.255023789244
  103           7.697924485789
  104           7.955781439478
  105           7.976690241817
  106           8.359057654536
  107           8.580561793935
  108           9.252807765452
  109           9.492724886815
  110          14.872719029570
 
 
  Eigenvalues for: E-BETA
 -----------------
 
    1         -11.243552834526
    2         -11.242941659261
    3          -0.795702941534
    4          -0.500250127955
    5          -0.324159913878
    6          -0.265990556522
    7           0.048493373720
    8           0.066665352661
    9           0.081604219285
   10           0.101773629784
   11           0.105502989162
   12           0.108863794870
   13           0.123109358520
   14           0.140343293365
   15           0.185030590029
   16           0.194621319311
   17           0.251640328712
   18           0.300104901107
   19           0.319106650187
   20           0.319247219381
   21           0.347880701894
   22           0.390041961347
   23           0.412075912339
   24           0.415508721065
   25           0.419503960179
   26           0.419636648551
   27           0.446388665498
   28           0.461295931115
   29           0.461574259582
   30           0.474178043735
   31           0.490968530907
   32           0.549938574750
   33           0.616689259968
   34           0.623977341764
   35           0.629079293224
   36           0.807292998205
   37           1.003347366953
   38           1.045636296797
   39           1.045703679917
   40           1.079390630828
   41           1.081910999036
   42           1.081961355171
   43           1.087394533369
   44           1.090752878600
   45           1.138440284824
   46           1.139313414449
   47           1.143379428888
   48           1.193122852927
   49           1.193138435769
   50           1.208117982237
   51           1.215559265799
   52           1.253988236134
   53           1.254131567791
   54           1.289282327207
   55           1.289289341807
   56           1.409758075431
   57           1.413506917755
   58           1.416712546194
   59           1.543313525350
   60           1.548300594404
   61           1.577342892491
   62           1.603786851900
   63           1.618545331761
   64           1.620838662100
   65           1.871686251044
   66           1.962877259440
   67           2.051429027860
   68           2.055651469629
   69           2.411017136412
   70           3.085057460733
   71           3.086360657112
   72           3.235885938743
   73           3.271076134155
   74           3.290930051478
   75           3.292432591430
   76           3.338633467631
   77           3.341293638906
   78           3.372551281223
   79           3.372604989839
   80           3.504463563463
   81           3.504463812412
   82           3.529610901259
   83           3.529636703379
   84           3.598007385306
   85           3.598020823551
   86           3.620528453231
   87           3.623101400509
   88           3.623101486593
   89           3.657719786670
   90           3.761679928864
   91           3.767128565866
   92           3.904003465242
   93           3.904164464133
   94           3.987381718222
   95           3.993193219571
   96           4.213488740070
   97           4.358840254036
   98           4.371215279016
   99           4.380999328924
  100           4.903608666294
  101           7.240639922370
  102           7.256752130380
  103           7.707014065403
  104           7.963172085985
  105           7.978387901215
  106           8.361921002338
  107           8.587049943162
  108           9.257576345606
  109           9.495634814374
  110          14.874628746833
 
 
  Eigenvalues for: POSITRON
 -----------------
 
    1          -0.128235326259
    2          -0.094760566424
    3          -0.079369997368
    4          -0.068938621605
    5          -0.040772061864
    6          -0.022271984298
    7          -0.021918771478
    8          -0.020924294410
    9          -0.016547518781
   10           0.032286753523
   11           0.086495408979
   12           0.087482216723
   13           0.098656291641
   14           0.123867030038
   15           0.155731503985
   16           0.172817213439
   17           0.173453146079
   18           0.175159654144
   19           0.176408073019
   20           0.178732138015
   21           0.178798782725
   22           0.182959490878
   23           0.183054965648
   24           0.233749068118
   25           0.328097892306
   26           0.338982957445
   27           0.339452515010
   28           0.370413289772
   29           0.408955603708
   30           0.431798318173
   31           0.431814772475
   32           0.556464357126
   33           0.556867230238
   34           0.569822412649
   35           0.580261229386
   36           0.580268376003
   37           0.637812832082
   38           0.642454674310
   39           0.649671384643
   40           0.651955830566
   41           0.679832193117
   42           0.680436352769
   43           0.703607118409
   44           0.717763809121
   45           0.721239712192
   46           0.737761592417
   47           0.762283862553
   48           0.762400917994
   49           0.841636482016
   50           0.886180252726
   51           0.894352511789
   52           0.897684330460
   53           0.906915117045
   54           0.912208274379
   55           0.917572791830
   56           1.005908224307
   57           1.006082059738
   58           1.192768808518
   59           1.472072639382
   60           1.475744315984
   61           1.490290471189
   62           1.605324977584
   63           1.651350161835
   64           1.743649160900
   65           1.758463197199
   66           1.782256785026
   67           1.796957146810
   68           1.879295782540
   69           1.903223433251
   70           2.079975791729
   71           2.079989459876
   72           2.097178426853
   73           2.097428247483
   74           2.201119523490
   75           2.286852164333
   76           2.286865431396
   77           2.519584791087
   78           2.545193285335
   79           2.568600493977
   80           2.568639241212
   81           2.712366120230
   82           2.729250446683
   83           2.920114888782
   84           2.976475827798
   85           2.996264336967
   86           3.025484845763
   87           3.025676898000
   88           3.045191387218
   89           3.069580574419
   90           3.210869145088
   91           3.211542794894
   92           3.225269762948
   93           3.310314382227
   94           3.551307117655
   95           3.578812558016
   96           3.591766036190
   97           3.618170555876
   98           3.761483200072
   99           3.844412000745
  100           3.907493696822
  101           3.933079172928
  102           5.135548545832
  103           5.946202425493
  104           6.032745721136
  105           7.724938599908
  106           7.750011509700
  107           7.824591741553
  108           7.849740225240
  109           7.929170512650
  110           8.009225358030
  111          16.143581955230
  112          16.215205801383
 
  end of eigenvalues 
 
  Occupied Eigenvectors for: E-ALPHA
 --------------------------- 
 
                         -11.2506       -11.2499        -0.8658        -0.5362        -0.3322   
 
    1      C     S       0.689795       0.690247       0.013452      -0.003506      -0.002307
    2      C     S      -0.004660      -0.004165      -0.347412       0.373704      -0.102148
    3      C     S       0.032028       0.034086      -0.082393       0.095214      -0.029509
    4      C     S      -0.009606      -0.043756      -0.170300       0.294891      -0.170876
    5      C     S      -0.001957      -0.011351      -0.004879       0.073241      -0.074846
    6      C    Px       0.001981       0.002195      -0.072402      -0.085833       0.233286
    7      C    Py      -0.000000      -0.000000      -0.000000      -0.000000       0.000000
    8      C    Pz       0.000000       0.000000       0.000000      -0.000000       0.000000
    9      C    Px      -0.003823      -0.004502      -0.079040      -0.095807       0.273698
   10      C    Py      -0.000000       0.000000       0.000000      -0.000000       0.000000
   11      C    Pz      -0.000000       0.000000       0.000000      -0.000000       0.000000
   12      C    Px      -0.001977      -0.024624      -0.023941      -0.062470       0.186125
   13      C    Py       0.000000       0.000000       0.000000      -0.000000       0.000000
   14      C    Pz      -0.000000      -0.000000       0.000000      -0.000000       0.000000
   15      C    Px      -0.000067      -0.002216       0.001948       0.003457       0.028553
   16      C    Py      -0.000000       0.000000       0.000000       0.000000       0.000000
   17      C    Pz      -0.000000      -0.000000       0.000000       0.000000       0.000000
   18      C   Dxx       0.001773       0.001655      -0.012039      -0.002986       0.013230
   19      C   Dxy       0.000000      -0.000000      -0.000000       0.000000       0.000000
   20      C   Dxz       0.000000      -0.000000      -0.000000       0.000000       0.000000
   21      C   Dyy       0.001301       0.001761       0.004606       0.002160      -0.005820
   22      C   Dyz       0.000049       0.000050      -0.000794       0.000803      -0.000185
   23      C   Dzz       0.001598       0.002061      -0.000161       0.006979      -0.006933
   24      C   Dxx       0.005077       0.007164      -0.014732      -0.004328       0.020390
   25      C   Dxy      -0.000000      -0.000000      -0.000000      -0.000000       0.000000
   26      C   Dxz      -0.000000       0.000000      -0.000000       0.000000       0.000000
   27      C   Dyy       0.005040       0.007715       0.008629       0.002230      -0.012668
   28      C   Dyz      -0.000015      -0.000023      -0.002075       0.002236      -0.000552
   29      C   Dzz       0.004952       0.007575      -0.003822       0.015650      -0.015979
   30      C   Dxx       0.001177      -0.004044      -0.000949      -0.005263       0.002474
   31      C   Dxy       0.000000       0.000000       0.000000      -0.000000       0.000000
   32      C   Dxz      -0.000000      -0.000000       0.000000       0.000000       0.000000
   33      C   Dyy       0.001766       0.001504      -0.001484      -0.002742      -0.004304
   34      C   Dyz       0.000005       0.000007      -0.000152       0.000652      -0.000578
   35      C   Dzz       0.001796       0.001543      -0.002394       0.001171      -0.007771
   36      C  Fxxx       0.001787       0.002458      -0.010583      -0.004063       0.017484
   37      C  Fxxy      -0.000000      -0.000000      -0.000000       0.000000       0.000000
   38      C  Fxxz       0.000000      -0.000000      -0.000000      -0.000000       0.000000
   39      C  Fxyy       0.000792       0.001202       0.000124      -0.002899       0.003737
   40      C  Fxyz       0.000003       0.000003      -0.000433      -0.000092       0.000636
   41      C  Fxzz       0.000810       0.001219      -0.002473      -0.003451       0.007555
   42      C  Fyyy       0.000000      -0.000000      -0.000000       0.000000       0.000000
   43      C  Fyyz       0.000000       0.000000      -0.000000      -0.000000       0.000000
   44      C  Fyzz       0.000000      -0.000000      -0.000000       0.000000       0.000000
   45      C  Fzzz       0.000000       0.000000      -0.000000      -0.000000       0.000000
   46      C  Fxxx       0.001511       0.005213       0.000809      -0.006568       0.014216
   47      C  Fxxy      -0.000000      -0.000000      -0.000000      -0.000000       0.000000
   48      C  Fxxz      -0.000000       0.000000      -0.000000       0.000000       0.000000
   49      C  Fxyy       0.000774       0.002578      -0.000556      -0.003769       0.005829
   50      C  Fxyz       0.000001      -0.000008      -0.000411       0.000035       0.000687
   51      C  Fxzz       0.000778       0.002527      -0.003023      -0.003559       0.009950
   52      C  Fyyy      -0.000000      -0.000000      -0.000000       0.000000      -0.000000
   53      C  Fyyz       0.000000       0.000000      -0.000000       0.000000      -0.000000
   54      C  Fyzz      -0.000000      -0.000000      -0.000000       0.000000       0.000000
   55      C  Fzzz       0.000000       0.000000      -0.000000      -0.000000       0.000000
   56      C     S       0.689800      -0.690242       0.013452       0.003506      -0.002307
   57      C     S      -0.004660       0.004165      -0.347412      -0.373704      -0.102148
   58      C     S       0.032028      -0.034085      -0.082393      -0.095214      -0.029509
   59      C     S      -0.009606       0.043756      -0.170300      -0.294891      -0.170876
   60      C     S      -0.001957       0.011351      -0.004879      -0.073241      -0.074846
   61      C    Px      -0.001981       0.002195       0.072402      -0.085833      -0.233286
   62      C    Py       0.000000       0.000000       0.000000       0.000000       0.000000
   63      C    Pz       0.000000      -0.000000       0.000000       0.000000       0.000000
   64      C    Px       0.003823      -0.004501       0.079040      -0.095807      -0.273698
   65      C    Py      -0.000000       0.000000      -0.000000       0.000000       0.000000
   66      C    Pz      -0.000000      -0.000000       0.000000       0.000000       0.000000
   67      C    Px       0.001977      -0.024624       0.023941      -0.062470      -0.186125
   68      C    Py      -0.000000      -0.000000      -0.000000       0.000000       0.000000
   69      C    Pz       0.000000       0.000000      -0.000000       0.000000       0.000000
   70      C    Px       0.000067      -0.002216      -0.001948       0.003457      -0.028553
   71      C    Py       0.000000      -0.000000      -0.000000       0.000000       0.000000
   72      C    Pz       0.000000       0.000000      -0.000000      -0.000000       0.000000
   73      C   Dxx       0.001773      -0.001655      -0.012039       0.002986       0.013230
   74      C   Dxy      -0.000000       0.000000       0.000000       0.000000      -0.000000
   75      C   Dxz      -0.000000      -0.000000       0.000000       0.000000      -0.000000
   76      C   Dyy       0.001301      -0.001761       0.004606      -0.002160      -0.005820
   77      C   Dyz       0.000049      -0.000050      -0.000794      -0.000803      -0.000185
   78      C   Dzz       0.001598      -0.002061      -0.000161      -0.006979      -0.006933
   79      C   Dxx       0.005077      -0.007164      -0.014732       0.004328       0.020390
   80      C   Dxy      -0.000000      -0.000000       0.000000      -0.000000      -0.000000
   81      C   Dxz      -0.000000       0.000000       0.000000       0.000000      -0.000000
   82      C   Dyy       0.005040      -0.007715       0.008629      -0.002230      -0.012668
   83      C   Dyz      -0.000015       0.000023      -0.002075      -0.002236      -0.000552
   84      C   Dzz       0.004952      -0.007575      -0.003822      -0.015650      -0.015979
   85      C   Dxx       0.001177       0.004044      -0.000949       0.005263       0.002474
   86      C   Dxy       0.000000       0.000000       0.000000      -0.000000       0.000000
   87      C   Dxz      -0.000000      -0.000000       0.000000       0.000000      -0.000000
   88      C   Dyy       0.001766      -0.001504      -0.001484       0.002742      -0.004304
   89      C   Dyz       0.000005      -0.000007      -0.000152      -0.000652      -0.000578
   90      C   Dzz       0.001796      -0.001543      -0.002394      -0.001171      -0.007771
   91      C  Fxxx      -0.001787       0.002458       0.010583      -0.004063      -0.017484
   92      C  Fxxy       0.000000      -0.000000       0.000000      -0.000000       0.000000
   93      C  Fxxz       0.000000      -0.000000      -0.000000       0.000000       0.000000
   94      C  Fxyy      -0.000792       0.001202      -0.000124      -0.002899      -0.003737
   95      C  Fxyz      -0.000003       0.000003       0.000433      -0.000092      -0.000636
   96      C  Fxzz      -0.000810       0.001219       0.002473      -0.003451      -0.007555
   97      C  Fyyy       0.000000       0.000000       0.000000      -0.000000      -0.000000
   98      C  Fyyz       0.000000      -0.000000       0.000000       0.000000       0.000000
   99      C  Fyzz       0.000000      -0.000000       0.000000       0.000000       0.000000
  100      C  Fzzz       0.000000      -0.000000       0.000000       0.000000       0.000000
  101      C  Fxxx      -0.001511       0.005213      -0.000809      -0.006568      -0.014216
  102      C  Fxxy       0.000000       0.000000       0.000000       0.000000       0.000000
  103      C  Fxxz       0.000000      -0.000000      -0.000000      -0.000000       0.000000
  104      C  Fxyy      -0.000774       0.002578       0.000556      -0.003769      -0.005829
  105      C  Fxyz      -0.000001      -0.000008       0.000411       0.000035      -0.000687
  106      C  Fxzz      -0.000778       0.002527       0.003023      -0.003559      -0.009950
  107      C  Fyyy       0.000000       0.000000       0.000000      -0.000000       0.000000
  108      C  Fyyz       0.000000      -0.000000       0.000000      -0.000000      -0.000000
  109      C  Fyzz       0.000000       0.000000       0.000000      -0.000000       0.000000
  110      C  Fzzz       0.000000      -0.000000       0.000000      -0.000000       0.000000
 
                          -0.3195        -0.2809   
 
    1      C     S       0.000000      -0.000000
    2      C     S       0.000000      -0.000000
    3      C     S       0.000000      -0.000000
    4      C     S       0.000000       0.000000
    5      C     S       0.000000      -0.000000
    6      C    Px      -0.000000      -0.000000
    7      C    Py       0.027673       0.193769
    8      C    Pz       0.195671      -0.027404
    9      C    Px      -0.000000      -0.000000
   10      C    Py       0.035255       0.240396
   11      C    Pz       0.249279      -0.033999
   12      C    Px      -0.000000       0.000000
   13      C    Py       0.030926       0.228503
   14      C    Pz       0.218672      -0.032317
   15      C    Px      -0.000000      -0.000000
   16      C    Py       0.005833       0.054589
   17      C    Pz       0.041244      -0.007720
   18      C   Dxx      -0.000000      -0.000000
   19      C   Dxy       0.001596       0.010880
   20      C   Dxz       0.011287      -0.001539
   21      C   Dyy       0.000000      -0.000000
   22      C   Dyz       0.000000      -0.000000
   23      C   Dzz       0.000000      -0.000000
   24      C   Dxx      -0.000000      -0.000000
   25      C   Dxy       0.004662       0.028556
   26      C   Dxz       0.032966      -0.004039
   27      C   Dyy       0.000000      -0.000000
   28      C   Dyz      -0.000000      -0.000000
   29      C   Dzz       0.000000      -0.000000
   30      C   Dxx       0.000000       0.000000
   31      C   Dxy       0.002661       0.015924
   32      C   Dxz       0.018813      -0.002252
   33      C   Dyy       0.000000       0.000000
   34      C   Dyz       0.000000       0.000000
   35      C   Dzz       0.000000       0.000000
   36      C  Fxxx      -0.000000      -0.000000
   37      C  Fxxy       0.001102       0.008787
   38      C  Fxxz       0.007793      -0.001243
   39      C  Fxyy      -0.000000      -0.000000
   40      C  Fxyz      -0.000000       0.000000
   41      C  Fxzz      -0.000000      -0.000000
   42      C  Fyyy       0.000743       0.007822
   43      C  Fyyz       0.002464       0.000297
   44      C  Fyzz       0.001542       0.006129
   45      C  Fzzz       0.011545      -0.001974
   46      C  Fxxx      -0.000000      -0.000000
   47      C  Fxxy       0.001095       0.005820
   48      C  Fxxz       0.007741      -0.000823
   49      C  Fxyy      -0.000000      -0.000000
   50      C  Fxyz      -0.000000       0.000000
   51      C  Fxzz      -0.000000      -0.000000
   52      C  Fyyy      -0.000298       0.001715
   53      C  Fyyz      -0.000652       0.002029
   54      C  Fyzz       0.002910       0.007870
   55      C  Fzzz       0.013719      -0.002585
   56      C     S       0.000000       0.000000
   57      C     S       0.000000       0.000000
   58      C     S       0.000000       0.000000
   59      C     S       0.000000      -0.000000
   60      C     S       0.000000       0.000000
   61      C    Px       0.000000       0.000000
   62      C    Py       0.027673       0.193769
   63      C    Pz       0.195671      -0.027404
   64      C    Px       0.000000      -0.000000
   65      C    Py       0.035255       0.240396
   66      C    Pz       0.249279      -0.033999
   67      C    Px       0.000000       0.000000
   68      C    Py       0.030926       0.228503
   69      C    Pz       0.218672      -0.032317
   70      C    Px       0.000000      -0.000000
   71      C    Py       0.005833       0.054589
   72      C    Pz       0.041244      -0.007720
   73      C   Dxx      -0.000000      -0.000000
   74      C   Dxy      -0.001596      -0.010880
   75      C   Dxz      -0.011287       0.001539
   76      C   Dyy       0.000000       0.000000
   77      C   Dyz      -0.000000      -0.000000
   78      C   Dzz       0.000000       0.000000
   79      C   Dxx      -0.000000       0.000000
   80      C   Dxy      -0.004662      -0.028556
   81      C   Dxz      -0.032966       0.004039
   82      C   Dyy       0.000000       0.000000
   83      C   Dyz       0.000000      -0.000000
   84      C   Dzz       0.000000       0.000000
   85      C   Dxx      -0.000000      -0.000000
   86      C   Dxy      -0.002661      -0.015924
   87      C   Dxz      -0.018813       0.002252
   88      C   Dyy      -0.000000      -0.000000
   89      C   Dyz       0.000000       0.000000
   90      C   Dzz      -0.000000      -0.000000
   91      C  Fxxx       0.000000      -0.000000
   92      C  Fxxy       0.001102       0.008787
   93      C  Fxxz       0.007793      -0.001243
   94      C  Fxyy       0.000000      -0.000000
   95      C  Fxyz      -0.000000      -0.000000
   96      C  Fxzz       0.000000      -0.000000
   97      C  Fyyy       0.000743       0.007822
   98      C  Fyyz       0.002464       0.000297
   99      C  Fyzz       0.001542       0.006129
  100      C  Fzzz       0.011545      -0.001974
  101      C  Fxxx       0.000000      -0.000000
  102      C  Fxxy       0.001095       0.005820
  103      C  Fxxz       0.007741      -0.000823
  104      C  Fxyy       0.000000      -0.000000
  105      C  Fxyz       0.000000      -0.000000
  106      C  Fxzz       0.000000      -0.000000
  107      C  Fyyy      -0.000298       0.001715
  108      C  Fyyz      -0.000652       0.002029
  109      C  Fyzz       0.002910       0.007870
  110      C  Fzzz       0.013719      -0.002585
 
 
  Occupied Eigenvectors for: E-BETA
 --------------------------- 
 
                         -11.2436       -11.2429        -0.7957        -0.5003        -0.3242   
 
    1      C     S      -0.690074       0.690416      -0.012920       0.003460       0.001858
    2      C     S       0.004978      -0.004670       0.349572      -0.363506       0.101786
    3      C     S      -0.031448       0.033278       0.083668      -0.094011       0.029702
    4      C     S       0.009992      -0.043263       0.168443      -0.268875       0.163777
    5      C     S       0.001980      -0.011744       0.005039      -0.079100       0.076337
    6      C    Px      -0.001958       0.002205       0.077223       0.092418      -0.232822
    7      C    Py      -0.000000      -0.000000       0.000000      -0.000000       0.000000
    8      C    Pz      -0.000000      -0.000000       0.000000      -0.000000       0.000000
    9      C    Px       0.003823      -0.005192       0.079806       0.100383      -0.270567
   10      C    Py       0.000000       0.000000      -0.000000      -0.000000       0.000000
   11      C    Pz       0.000000       0.000000      -0.000000      -0.000000       0.000000
   12      C    Px       0.002037      -0.023969       0.022946       0.089751      -0.188546
   13      C    Py      -0.000000       0.000000      -0.000000       0.000000      -0.000000
   14      C    Pz       0.000000      -0.000000      -0.000000      -0.000000       0.000000
   15      C    Px       0.000075      -0.002268      -0.003089      -0.002245      -0.031319
   16      C    Py       0.000000       0.000000      -0.000000      -0.000000      -0.000000
   17      C    Pz       0.000000      -0.000000      -0.000000      -0.000000       0.000000
   18      C   Dxx      -0.002217       0.002057       0.017004      -0.000462      -0.012046
   19      C   Dxy      -0.000000      -0.000000      -0.000000       0.000000      -0.000000
   20      C   Dxz      -0.000000      -0.000000      -0.000000       0.000000       0.000000
   21      C   Dyy      -0.001666       0.002081      -0.001749      -0.004721       0.006333
   22      C   Dyz       0.000070      -0.000065      -0.000999       0.000674      -0.000183
   23      C   Dzz      -0.001243       0.001693      -0.007744      -0.000674       0.005237
   24      C   Dxx      -0.005107       0.006739       0.020428      -0.008814      -0.012501
   25      C   Dxy       0.000000      -0.000000      -0.000000       0.000000      -0.000000
   26      C   Dxz       0.000000       0.000000      -0.000000       0.000000       0.000000
   27      C   Dyy      -0.005238       0.007669       0.000468      -0.010119       0.014478
   28      C   Dyz       0.000025      -0.000011      -0.002702       0.001435      -0.000431
   29      C   Dzz      -0.005089       0.007600      -0.015747      -0.001505       0.011889
   30      C   Dxx      -0.001173      -0.003811       0.002182       0.004245       0.005380
   31      C   Dxy      -0.000000       0.000000      -0.000000       0.000000      -0.000000
   32      C   Dxz       0.000000      -0.000000      -0.000000       0.000000       0.000000
   33      C   Dyy      -0.001829       0.001677       0.005254      -0.001227       0.006711
   34      C   Dyz       0.000004      -0.000002      -0.001435       0.001031      -0.000731
   35      C   Dzz      -0.001804       0.001664      -0.003359       0.004961       0.002326
   36      C  Fxxx      -0.001803       0.002608       0.013143       0.004964      -0.019631
   37      C  Fxxy      -0.000000      -0.000000       0.000000      -0.000000       0.000000
   38      C  Fxxz      -0.000000      -0.000000       0.000000       0.000000       0.000000
   39      C  Fxyy      -0.000818       0.001246       0.000986       0.003250      -0.004849
   40      C  Fxyz       0.000010      -0.000004      -0.000279      -0.000003       0.000068
   41      C  Fxzz      -0.000758       0.001221      -0.000686       0.003233      -0.004439
   42      C  Fyyy      -0.000000      -0.000000       0.000000      -0.000000       0.000000
   43      C  Fyyz      -0.000000      -0.000000       0.000000       0.000000      -0.000000
   44      C  Fyzz      -0.000000      -0.000000       0.000000      -0.000000       0.000000
   45      C  Fzzz      -0.000000      -0.000000       0.000000       0.000000      -0.000000
   46      C  Fxxx      -0.001402       0.004807      -0.002543       0.003307      -0.014172
   47      C  Fxxy       0.000000      -0.000000       0.000000      -0.000000      -0.000000
   48      C  Fxxz       0.000000       0.000000       0.000000      -0.000000       0.000000
   49      C  Fxyy      -0.000794       0.002460       0.001520       0.003013      -0.006906
   50      C  Fxyz       0.000003       0.000002      -0.000581      -0.000016       0.000083
   51      C  Fxzz      -0.000775       0.002472      -0.001965       0.002919      -0.006405
   52      C  Fyyy       0.000000      -0.000000       0.000000      -0.000000       0.000000
   53      C  Fyyz      -0.000000       0.000000       0.000000      -0.000000       0.000000
   54      C  Fyzz       0.000000      -0.000000       0.000000      -0.000000       0.000000
   55      C  Fzzz      -0.000000       0.000000       0.000000       0.000000       0.000000
   56      C     S      -0.690081      -0.690410      -0.012920      -0.003460       0.001858
   57      C     S       0.004978       0.004670       0.349572       0.363506       0.101786
   58      C     S      -0.031448      -0.033278       0.083668       0.094011       0.029702
   59      C     S       0.009993       0.043262       0.168443       0.268875       0.163777
   60      C     S       0.001980       0.011744       0.005039       0.079100       0.076337
   61      C    Px       0.001958       0.002205      -0.077223       0.092418       0.232822
   62      C    Py      -0.000000       0.000000      -0.000000       0.000000       0.000000
   63      C    Pz      -0.000000      -0.000000       0.000000       0.000000       0.000000
   64      C    Px      -0.003823      -0.005192      -0.079806       0.100383       0.270567
   65      C    Py       0.000000       0.000000       0.000000      -0.000000       0.000000
   66      C    Pz       0.000000      -0.000000       0.000000       0.000000       0.000000
   67      C    Px      -0.002038      -0.023969      -0.022946       0.089751       0.188546
   68      C    Py       0.000000      -0.000000       0.000000      -0.000000       0.000000
   69      C    Pz      -0.000000       0.000000       0.000000       0.000000       0.000000
   70      C    Px      -0.000075      -0.002268       0.003089      -0.002245       0.031319
   71      C    Py      -0.000000      -0.000000       0.000000       0.000000       0.000000
   72      C    Pz      -0.000000       0.000000       0.000000       0.000000       0.000000
   73      C   Dxx      -0.002217      -0.002057       0.017004       0.000462      -0.012046
   74      C   Dxy       0.000000       0.000000      -0.000000       0.000000       0.000000
   75      C   Dxz      -0.000000      -0.000000       0.000000       0.000000      -0.000000
   76      C   Dyy      -0.001666      -0.002081      -0.001749       0.004721       0.006333
   77      C   Dyz       0.000070       0.000065      -0.000999      -0.000674      -0.000183
   78      C   Dzz      -0.001243      -0.001693      -0.007744       0.000674       0.005237
   79      C   Dxx      -0.005107      -0.006739       0.020428       0.008814      -0.012501
   80      C   Dxy       0.000000      -0.000000       0.000000       0.000000      -0.000000
   81      C   Dxz       0.000000       0.000000       0.000000       0.000000      -0.000000
   82      C   Dyy      -0.005239      -0.007669       0.000468       0.010119       0.014478
   83      C   Dyz       0.000025       0.000011      -0.002702      -0.001435      -0.000431
   84      C   Dzz      -0.005089      -0.007600      -0.015747       0.001505       0.011889
   85      C   Dxx      -0.001173       0.003811       0.002182      -0.004245       0.005380
   86      C   Dxy      -0.000000       0.000000      -0.000000       0.000000      -0.000000
   87      C   Dxz       0.000000      -0.000000      -0.000000       0.000000       0.000000
   88      C   Dyy      -0.001829      -0.001677       0.005254       0.001227       0.006711
   89      C   Dyz       0.000004       0.000002      -0.001435      -0.001031      -0.000731
   90      C   Dzz      -0.001804      -0.001664      -0.003359      -0.004961       0.002326
   91      C  Fxxx       0.001803       0.002608      -0.013143       0.004964       0.019631
   92      C  Fxxy      -0.000000       0.000000      -0.000000       0.000000       0.000000
   93      C  Fxxz      -0.000000       0.000000      -0.000000      -0.000000       0.000000
   94      C  Fxyy       0.000818       0.001246      -0.000986       0.003250       0.004849
   95      C  Fxyz      -0.000010      -0.000004       0.000279      -0.000003      -0.000068
   96      C  Fxzz       0.000758       0.001221       0.000686       0.003233       0.004439
   97      C  Fyyy      -0.000000       0.000000      -0.000000       0.000000       0.000000
   98      C  Fyyz      -0.000000       0.000000       0.000000      -0.000000       0.000000
   99      C  Fyzz      -0.000000      -0.000000      -0.000000       0.000000       0.000000
  100      C  Fzzz      -0.000000       0.000000       0.000000      -0.000000       0.000000
  101      C  Fxxx       0.001402       0.004807       0.002543       0.003307       0.014172
  102      C  Fxxy      -0.000000       0.000000      -0.000000       0.000000       0.000000
  103      C  Fxxz      -0.000000      -0.000000      -0.000000       0.000000       0.000000
  104      C  Fxyy       0.000794       0.002460      -0.001520       0.003013       0.006906
  105      C  Fxyz      -0.000003       0.000002       0.000581      -0.000016      -0.000083
  106      C  Fxzz       0.000775       0.002472       0.001965       0.002919       0.006405
  107      C  Fyyy      -0.000000       0.000000      -0.000000       0.000000      -0.000000
  108      C  Fyyz      -0.000000      -0.000000      -0.000000       0.000000       0.000000
  109      C  Fyzz      -0.000000       0.000000      -0.000000       0.000000      -0.000000
  110      C  Fzzz      -0.000000      -0.000000      -0.000000       0.000000       0.000000
 
                          -0.2660   
 
    1      C     S       0.000000
    2      C     S       0.000000
    3      C     S       0.000000
    4      C     S      -0.000000
    5      C     S       0.000000
    6      C    Px       0.000000
    7      C    Py      -0.192425
    8      C    Pz       0.027214
    9      C    Px       0.000000
   10      C    Py      -0.236405
   11      C    Pz       0.033434
   12      C    Px      -0.000000
   13      C    Py      -0.232330
   14      C    Pz       0.032858
   15      C    Px       0.000000
   16      C    Py      -0.061483
   17      C    Pz       0.008695
   18      C   Dxx       0.000000
   19      C   Dxy      -0.010667
   20      C   Dxz       0.001509
   21      C   Dyy       0.000000
   22      C   Dyz      -0.000000
   23      C   Dzz       0.000000
   24      C   Dxx       0.000000
   25      C   Dxy      -0.025992
   26      C   Dxz       0.003676
   27      C   Dyy       0.000000
   28      C   Dyz      -0.000000
   29      C   Dzz       0.000000
   30      C   Dxx      -0.000000
   31      C   Dxy      -0.013015
   32      C   Dxz       0.001841
   33      C   Dyy      -0.000000
   34      C   Dyz      -0.000000
   35      C   Dzz      -0.000000
   36      C  Fxxx       0.000000
   37      C  Fxxy      -0.009692
   38      C  Fxxz       0.001371
   39      C  Fxyy       0.000000
   40      C  Fxyz       0.000000
   41      C  Fxzz       0.000000
   42      C  Fyyy      -0.009099
   43      C  Fyyz       0.000696
   44      C  Fyzz      -0.003667
   45      C  Fzzz       0.001154
   46      C  Fxxx       0.000000
   47      C  Fxxy      -0.005422
   48      C  Fxxz       0.000767
   49      C  Fxyy       0.000000
   50      C  Fxyz       0.000000
   51      C  Fxzz       0.000000
   52      C  Fyyy      -0.005149
   53      C  Fyyz       0.000863
   54      C  Fyzz      -0.000518
   55      C  Fzzz       0.000140
   56      C     S      -0.000000
   57      C     S      -0.000000
   58      C     S      -0.000000
   59      C     S       0.000000
   60      C     S      -0.000000
   61      C    Px       0.000000
   62      C    Py      -0.192425
   63      C    Pz       0.027214
   64      C    Px       0.000000
   65      C    Py      -0.236405
   66      C    Pz       0.033434
   67      C    Px      -0.000000
   68      C    Py      -0.232330
   69      C    Pz       0.032858
   70      C    Px       0.000000
   71      C    Py      -0.061483
   72      C    Pz       0.008695
   73      C   Dxx      -0.000000
   74      C   Dxy       0.010667
   75      C   Dxz      -0.001509
   76      C   Dyy      -0.000000
   77      C   Dyz      -0.000000
   78      C   Dzz      -0.000000
   79      C   Dxx      -0.000000
   80      C   Dxy       0.025992
   81      C   Dxz      -0.003676
   82      C   Dyy      -0.000000
   83      C   Dyz      -0.000000
   84      C   Dzz      -0.000000
   85      C   Dxx       0.000000
   86      C   Dxy       0.013015
   87      C   Dxz      -0.001841
   88      C   Dyy       0.000000
   89      C   Dyz      -0.000000
   90      C   Dzz       0.000000
   91      C  Fxxx       0.000000
   92      C  Fxxy      -0.009692
   93      C  Fxxz       0.001371
   94      C  Fxyy       0.000000
   95      C  Fxyz      -0.000000
   96      C  Fxzz       0.000000
   97      C  Fyyy      -0.009099
   98      C  Fyyz       0.000696
   99      C  Fyzz      -0.003667
  100      C  Fzzz       0.001154
  101      C  Fxxx       0.000000
  102      C  Fxxy      -0.005422
  103      C  Fxxz       0.000767
  104      C  Fxyy       0.000000
  105      C  Fxyz      -0.000000
  106      C  Fxzz       0.000000
  107      C  Fyyy      -0.005149
  108      C  Fyyz       0.000863
  109      C  Fyzz      -0.000518
  110      C  Fzzz       0.000140
 
 
  Occupied Eigenvectors for: POSITRON
 --------------------------- 
 
                          -0.1282   
 
    1     E+     S       0.370822
    2     E+     S       0.264208
    3     E+     S      -0.077930
    4     E+     S      -0.071307
    5     E+     S      -0.022147
    6     E+     S      -0.002533
    7     E+    Px      -0.001274
    8     E+    Py       0.000000
    9     E+    Pz       0.000000
   10     E+    Px      -0.012525
   11     E+    Py       0.000000
   12     E+    Pz       0.000000
   13     E+    Px       0.001313
   14     E+    Py       0.000000
   15     E+    Pz      -0.000000
   16     E+    Px       0.001689
   17     E+    Py      -0.000000
   18     E+    Pz      -0.000000
   19     E+   Dxx       0.009326
   20     E+   Dxy       0.000000
   21     E+   Dxz      -0.000000
   22     E+   Dyy       0.005475
   23     E+   Dyz      -0.005646
   24     E+   Dzz      -0.028406
   25     E+   Dxx      -0.003930
   26     E+   Dxy      -0.000000
   27     E+   Dxz      -0.000000
   28     E+   Dyy      -0.014573
   29     E+   Dyz       0.000631
   30     E+   Dzz      -0.010785
   31     E+   Dxx      -0.003752
   32     E+   Dxy      -0.000000
   33     E+   Dxz       0.000000
   34     E+   Dyy      -0.004971
   35     E+   Dyz      -0.000131
   36     E+   Dzz      -0.005758
   37     E+  Fxxx       0.004805
   38     E+  Fxxy      -0.000000
   39     E+  Fxxz      -0.000000
   40     E+  Fxyy       0.001703
   41     E+  Fxyz      -0.000175
   42     E+  Fxzz       0.000653
   43     E+  Fyyy       0.000000
   44     E+  Fyyz      -0.000000
   45     E+  Fyzz      -0.000000
   46     E+  Fzzz      -0.000000
   47     E+  Fxxx       0.001296
   48     E+  Fxxy      -0.000000
   49     E+  Fxxz      -0.000000
   50     E+  Fxyy      -0.000023
   51     E+  Fxyz      -0.000017
   52     E+  Fxzz      -0.000125
   53     E+  Fyyy      -0.000000
   54     E+  Fyyz      -0.000000
   55     E+  Fyzz      -0.000000
   56     E+  Fzzz      -0.000000
   57     E+     S       0.370822
   58     E+     S       0.264208
   59     E+     S      -0.077930
   60     E+     S      -0.071307
   61     E+     S      -0.022147
   62     E+     S      -0.002533
   63     E+    Px       0.001274
   64     E+    Py       0.000000
   65     E+    Pz       0.000000
   66     E+    Px       0.012525
   67     E+    Py       0.000000
   68     E+    Pz       0.000000
   69     E+    Px      -0.001313
   70     E+    Py      -0.000000
   71     E+    Pz      -0.000000
   72     E+    Px      -0.001689
   73     E+    Py      -0.000000
   74     E+    Pz      -0.000000
   75     E+   Dxx       0.009326
   76     E+   Dxy       0.000000
   77     E+   Dxz      -0.000000
   78     E+   Dyy       0.005475
   79     E+   Dyz      -0.005646
   80     E+   Dzz      -0.028406
   81     E+   Dxx      -0.003930
   82     E+   Dxy      -0.000000
   83     E+   Dxz      -0.000000
   84     E+   Dyy      -0.014573
   85     E+   Dyz       0.000631
   86     E+   Dzz      -0.010785
   87     E+   Dxx      -0.003752
   88     E+   Dxy       0.000000
   89     E+   Dxz       0.000000
   90     E+   Dyy      -0.004971
   91     E+   Dyz      -0.000131
   92     E+   Dzz      -0.005758
   93     E+  Fxxx      -0.004805
   94     E+  Fxxy      -0.000000
   95     E+  Fxxz      -0.000000
   96     E+  Fxyy      -0.001703
   97     E+  Fxyz       0.000175
   98     E+  Fxzz      -0.000653
   99     E+  Fyyy      -0.000000
  100     E+  Fyyz      -0.000000
  101     E+  Fyzz      -0.000000
  102     E+  Fzzz      -0.000000
  103     E+  Fxxx      -0.001296
  104     E+  Fxxy      -0.000000
  105     E+  Fxxz      -0.000000
  106     E+  Fxyy       0.000023
  107     E+  Fxyz       0.000017
  108     E+  Fxzz       0.000125
  109     E+  Fyyy      -0.000000
  110     E+  Fyyz      -0.000000
  111     E+  Fyzz      -0.000000
  112     E+  Fzzz      -0.000000
 
 
  end of eigenvectors 
 
  END OF EIGENVALUES AND EIGENVECTORS
 
 
  COMPONENTS OF KINETIC ENERGY: 
 -----------------------------
 
             E-ALPHA Kinetic energy =           37.918505063795
              E-BETA Kinetic energy =           37.024745875614
            POSITRON Kinetic energy =            0.038328959819
                                     _________________________
               Total kinetic energy =           74.981579899227
 
  COMPONENTS OF POTENTIAL ENERGY: 
 -------------------------------
 
          Fixed potential energy    =           11.906488107900
 
  Quantum/Fixed interaction energy: 
 ----------------------------------
 
     E-ALPHA/Fixed interact. energy =         -104.517425054071
      E-BETA/Fixed interact. energy =          -98.526552325795
    POSITRON/Fixed interact. energy =            2.313644349875
                                     _________________________
               Total Q/Fixed energy =         -200.730333029991
 
  Coulomb energy: 
 ------------------
 
     E-ALPHA/E-ALPHA Hartree energy =           14.154358193162
       E-BETA/E-BETA Hartree energy =           11.392708363937
   POSITRON/POSITRON Hartree energy =            0.000000000000
      E-ALPHA/E-BETA Hartree energy =           25.334776571558
    E-ALPHA/POSITRON Hartree energy =           -1.335289561733
     E-BETA/POSITRON Hartree energy =           -1.144919101421
                                     _________________________
               Total Hartree energy =           48.401634465504
 
  Exchange(HF) energy: 
 ----------------------
 
            E-ALPHA Exchange energy =           -5.272195092707
             E-BETA Exchange energy =           -4.923042417934
           POSITRON Exchange energy =            0.000000000000
                                     _________________________
              Total Exchange energy =          -10.195237510641
 
  TOTAL ENERGY COMPONENTS: 
 ==========================
 
          TOTAL KINETIC ENERGY      =           74.981579899227
          TOTAL POTENTIAL ENERGY    =         -150.617447967228
                                     _________________________
                       TOTAL ENERGY =          -75.635868068001
 
                 VIRIAL RATIO (V/T) =            2.008725985364
 
 
  END ENERGY COMPONENTS
 
 
** TOTAL CPU Time SCF :     17.222 (s)
** TOTAL Elapsed Time SCF :      5.115 (s)
 
 We are calculating properties for E-ALPHA in the HF/KS ground state
 We are calculating properties for E-BETA in the HF/KS ground state
 We are calculating properties for POSITRON in the HF/KS ground state
 
  POPULATION ANALYSES: 
 ====================
 
 MULLIKEN Population: for E-        
 ---------------------
 
                          total          spin      
 
    1      C     S       1.951441      -0.000329
    2      C     S       0.959230       0.006807
    3      C     S       0.214924       0.001094
    4      C     S       0.583323       0.014394
    5      C     S       0.087028      -0.002218
    6      C    Px       0.307198      -0.003074
    7      C    Py       0.173099       0.002979
    8      C    Pz       0.091715       0.088313
    9      C    Px       0.519327      -0.000338
   10      C    Py       0.337382       0.007041
   11      C    Pz       0.183098       0.176490
   12      C    Px       0.246264      -0.016874
   13      C    Py       0.356284      -0.000557
   14      C    Pz       0.172209       0.165072
   15      C    Px      -0.004883      -0.000225
   16      C    Py       0.059335      -0.003833
   17      C    Pz       0.020808       0.019545
   18      C   Dxx       0.013813      -0.004157
   19      C   Dxy       0.001660       0.000063
   20      C   Dxz       0.000959       0.000927
   21      C   Dyy       0.002269      -0.002440
   22      C   Dyz       0.000007      -0.000001
   23      C   Dzz       0.002163       0.006446
   24      C   Dxx       0.022450      -0.007316
   25      C   Dxy       0.014521       0.001030
   26      C   Dxz       0.009397       0.009128
   27      C   Dyy       0.005876      -0.007514
   28      C   Dyz       0.000030      -0.000005
   29      C   Dzz       0.006388       0.015022
   30      C   Dxx       0.005797      -0.003721
   31      C   Dxy       0.009911       0.001161
   32      C   Dxz       0.006660       0.006485
   33      C   Dyy       0.003691      -0.002059
   34      C   Dyz       0.000011      -0.000008
   35      C   Dzz       0.001207       0.003410
   36      C  Fxxx       0.034683      -0.002613
   37      C  Fxxy       0.009037      -0.000342
   38      C  Fxxz       0.004009       0.003822
   39      C  Fxyy       0.005098      -0.000804
   40      C  Fxyz       0.000002       0.000001
   41      C  Fxzz       0.006897       0.002048
   42      C  Fyyy       0.009336      -0.000634
   43      C  Fyyz       0.001037       0.000956
   44      C  Fyzz       0.004124       0.001137
   45      C  Fzzz       0.006687       0.006509
   46      C  Fxxx       0.012571       0.002457
   47      C  Fxxy       0.007542       0.000364
   48      C  Fxxz       0.005272       0.005129
   49      C  Fxyy       0.006156      -0.000389
   50      C  Fxyz       0.000003      -0.000000
   51      C  Fxzz       0.007037       0.002403
   52      C  Fyyy       0.004039      -0.002070
   53      C  Fyyz      -0.000348      -0.000457
   54      C  Fyzz       0.003923       0.003467
   55      C  Fzzz       0.008302       0.008279
   56      C     S       1.951441      -0.000329
   57      C     S       0.959230       0.006807
   58      C     S       0.214924       0.001094
   59      C     S       0.583323       0.014394
   60      C     S       0.087028      -0.002218
   61      C    Px       0.307198      -0.003074
   62      C    Py       0.173099       0.002979
   63      C    Pz       0.091715       0.088313
   64      C    Px       0.519327      -0.000338
   65      C    Py       0.337382       0.007041
   66      C    Pz       0.183098       0.176490
   67      C    Px       0.246264      -0.016874
   68      C    Py       0.356284      -0.000557
   69      C    Pz       0.172209       0.165072
   70      C    Px      -0.004883      -0.000225
   71      C    Py       0.059335      -0.003833
   72      C    Pz       0.020808       0.019545
   73      C   Dxx       0.013813      -0.004157
   74      C   Dxy       0.001660       0.000063
   75      C   Dxz       0.000959       0.000927
   76      C   Dyy       0.002269      -0.002440
   77      C   Dyz       0.000007      -0.000001
   78      C   Dzz       0.002163       0.006446
   79      C   Dxx       0.022450      -0.007316
   80      C   Dxy       0.014521       0.001030
   81      C   Dxz       0.009397       0.009128
   82      C   Dyy       0.005876      -0.007514
   83      C   Dyz       0.000030      -0.000005
   84      C   Dzz       0.006388       0.015022
   85      C   Dxx       0.005797      -0.003721
   86      C   Dxy       0.009911       0.001161
   87      C   Dxz       0.006660       0.006485
   88      C   Dyy       0.003691      -0.002059
   89      C   Dyz       0.000011      -0.000008
   90      C   Dzz       0.001207       0.003410
   91      C  Fxxx       0.034683      -0.002613
   92      C  Fxxy       0.009037      -0.000342
   93      C  Fxxz       0.004009       0.003822
   94      C  Fxyy       0.005098      -0.000804
   95      C  Fxyz       0.000002       0.000001
   96      C  Fxzz       0.006897       0.002048
   97      C  Fyyy       0.009336      -0.000634
   98      C  Fyyz       0.001037       0.000956
   99      C  Fyzz       0.004124       0.001137
  100      C  Fzzz       0.006687       0.006509
  101      C  Fxxx       0.012571       0.002457
  102      C  Fxxy       0.007542       0.000364
  103      C  Fxxz       0.005272       0.005129
  104      C  Fxyy       0.006156      -0.000389
  105      C  Fxyz       0.000003      -0.000000
  106      C  Fxzz       0.007037       0.002403
  107      C  Fyyy       0.004039      -0.002070
  108      C  Fyyz      -0.000348      -0.000457
  109      C  Fyzz       0.003923       0.003467
  110      C  Fzzz       0.008302       0.008279
 
                           __________     __________
              Total =       13.000000       1.000000
 
  Atomic MULLIKEN Population: for E-        
            C                6.500000       0.500000
            C                6.500000       0.500000
 
 ...end of MULLIKEN Population
 
 
 END POPULATION ANALYSES 
 
 
  POPULATION ANALYSES: 
 ====================
 
 LOWDIN Population: for E-        
 ---------------------
 
                          total          spin      
 
    1      C     S       1.585440      -0.000076
    2      C     S       0.504320       0.002759
    3      C     S       0.348279       0.001651
    4      C     S       0.216935       0.000812
    5      C     S       0.094482      -0.000235
    6      C    Px       0.264630      -0.002437
    7      C    Py       0.148916       0.002707
    8      C    Pz       0.079250       0.076326
    9      C    Px       0.280956      -0.001617
   10      C    Py       0.153725       0.002740
   11      C    Pz       0.082777       0.079762
   12      C    Px       0.182483      -0.002628
   13      C    Py       0.175081      -0.000179
   14      C    Pz       0.086121       0.082622
   15      C    Px       0.045132      -0.001454
   16      C    Py       0.074612      -0.003039
   17      C    Pz       0.030080       0.028527
   18      C   Dxx       0.131704      -0.003256
   19      C   Dxy       0.001160       0.000069
   20      C   Dxz       0.000723       0.000701
   21      C   Dyy       0.125738      -0.001401
   22      C   Dyz       0.000008      -0.000001
   23      C   Dzz       0.125771       0.008264
   24      C   Dxx       0.138476      -0.004642
   25      C   Dxy       0.013641       0.000851
   26      C   Dxz       0.008563       0.008308
   27      C   Dyy       0.094437      -0.003797
   28      C   Dyz       0.000026      -0.000005
   29      C   Dzz       0.093919       0.010446
   30      C   Dxx       0.127330      -0.000382
   31      C   Dxy       0.023784       0.000898
   32      C   Dxz       0.013400       0.012943
   33      C   Dyy       0.015166      -0.001273
   34      C   Dyz       0.000012      -0.000008
   35      C   Dzz       0.014362       0.002030
   36      C  Fxxx       0.200605      -0.002159
   37      C  Fxxy       0.052100       0.000750
   38      C  Fxxz       0.027609       0.026581
   39      C  Fxyy       0.068287      -0.000975
   40      C  Fxyz       0.000002       0.000001
   41      C  Fxzz       0.069676       0.001427
   42      C  Fyyy       0.089945       0.000985
   43      C  Fyyz       0.020663       0.019861
   44      C  Fyzz       0.040626       0.001868
   45      C  Fzzz       0.049680       0.047923
   46      C  Fxxx       0.178890      -0.001023
   47      C  Fxxy       0.091529       0.000835
   48      C  Fxxz       0.047560       0.045747
   49      C  Fxyy       0.045992      -0.001640
   50      C  Fxyz       0.000005      -0.000000
   51      C  Fxzz       0.046938       0.001616
   52      C  Fyyy       0.085899      -0.000874
   53      C  Fyyz       0.017828       0.017030
   54      C  Fyzz       0.039176       0.002194
   55      C  Fzzz       0.045551       0.043865
   56      C     S       1.585440      -0.000076
   57      C     S       0.504320       0.002759
   58      C     S       0.348279       0.001651
   59      C     S       0.216935       0.000812
   60      C     S       0.094482      -0.000235
   61      C    Px       0.264630      -0.002437
   62      C    Py       0.148916       0.002707
   63      C    Pz       0.079250       0.076326
   64      C    Px       0.280956      -0.001617
   65      C    Py       0.153725       0.002740
   66      C    Pz       0.082777       0.079762
   67      C    Px       0.182483      -0.002628
   68      C    Py       0.175081      -0.000179
   69      C    Pz       0.086121       0.082622
   70      C    Px       0.045132      -0.001454
   71      C    Py       0.074612      -0.003039
   72      C    Pz       0.030080       0.028527
   73      C   Dxx       0.131704      -0.003256
   74      C   Dxy       0.001160       0.000069
   75      C   Dxz       0.000723       0.000701
   76      C   Dyy       0.125738      -0.001401
   77      C   Dyz       0.000008      -0.000001
   78      C   Dzz       0.125771       0.008264
   79      C   Dxx       0.138476      -0.004642
   80      C   Dxy       0.013641       0.000851
   81      C   Dxz       0.008563       0.008308
   82      C   Dyy       0.094437      -0.003797
   83      C   Dyz       0.000026      -0.000005
   84      C   Dzz       0.093919       0.010446
   85      C   Dxx       0.127330      -0.000382
   86      C   Dxy       0.023784       0.000898
   87      C   Dxz       0.013400       0.012943
   88      C   Dyy       0.015166      -0.001273
   89      C   Dyz       0.000012      -0.000008
   90      C   Dzz       0.014362       0.002030
   91      C  Fxxx       0.200605      -0.002159
   92      C  Fxxy       0.052100       0.000750
   93      C  Fxxz       0.027609       0.026581
   94      C  Fxyy       0.068287      -0.000975
   95      C  Fxyz       0.000002       0.000001
   96      C  Fxzz       0.069676       0.001427
   97      C  Fyyy       0.089945       0.000985
   98      C  Fyyz       0.020663       0.019861
   99      C  Fyzz       0.040626       0.001868
  100      C  Fzzz       0.049680       0.047923
  101      C  Fxxx       0.178890      -0.001023
  102      C  Fxxy       0.091529       0.000835
  103      C  Fxxz       0.047560       0.045747
  104      C  Fxyy       0.045992      -0.001640
  105      C  Fxyz       0.000005      -0.000000
  106      C  Fxzz       0.046938       0.001616
  107      C  Fyyy       0.085899      -0.000874
  108      C  Fyyz       0.017828       0.017030
  109      C  Fyzz       0.039176       0.002194
  110      C  Fzzz       0.045551       0.043865
 
                           __________     __________
              Total =       13.000000       1.000000
 
  Atomic LOWDIN Population: for E-        
            C                6.500000       0.500000
            C                6.500000       0.500000
 
 ...end of LOWDIN Population
 
 
 END POPULATION ANALYSES 
 
 
  POPULATION ANALYSES: 
 ====================
 
 MULLIKEN Population: for POSITRON  
 ---------------------
 
                                    
 
    1     E+     S       0.358640
    2     E+     S       0.217977
    3     E+     S      -0.038568
    4     E+     S      -0.015772
    5     E+     S      -0.001766
    6     E+     S      -0.000063
    7     E+    Px      -0.000138
    8     E+    Py       0.000000
    9     E+    Pz       0.000000
   10     E+    Px      -0.000034
   11     E+    Py       0.000000
   12     E+    Pz       0.000000
   13     E+    Px      -0.000032
   14     E+    Py       0.000000
   15     E+    Pz      -0.000000
   16     E+    Px      -0.000020
   17     E+    Py      -0.000000
   18     E+    Pz      -0.000000
   19     E+   Dxx       0.005483
   20     E+   Dxy       0.000000
   21     E+   Dxz      -0.000000
   22     E+   Dyy       0.003409
   23     E+   Dyz       0.000049
   24     E+   Dzz      -0.016691
   25     E+   Dxx      -0.001264
   26     E+   Dxy       0.000000
   27     E+   Dxz      -0.000000
   28     E+   Dyy      -0.005356
   29     E+   Dyz      -0.000003
   30     E+   Dzz      -0.003725
   31     E+   Dxx      -0.000526
   32     E+   Dxy       0.000000
   33     E+   Dxz      -0.000000
   34     E+   Dyy      -0.000791
   35     E+   Dyz       0.000000
   36     E+   Dzz      -0.000870
   37     E+  Fxxx       0.000026
   38     E+  Fxxy      -0.000000
   39     E+  Fxxz      -0.000000
   40     E+  Fxyy       0.000060
   41     E+  Fxyz       0.000000
   42     E+  Fxzz       0.000016
   43     E+  Fyyy       0.000000
   44     E+  Fyyz      -0.000000
   45     E+  Fyzz      -0.000000
   46     E+  Fzzz      -0.000000
   47     E+  Fxxx      -0.000043
   48     E+  Fxxy      -0.000000
   49     E+  Fxxz      -0.000000
   50     E+  Fxyy       0.000000
   51     E+  Fxyz       0.000000
   52     E+  Fxzz       0.000001
   53     E+  Fyyy      -0.000000
   54     E+  Fyyz      -0.000000
   55     E+  Fyzz      -0.000000
   56     E+  Fzzz      -0.000000
   57     E+     S       0.358640
   58     E+     S       0.217977
   59     E+     S      -0.038568
   60     E+     S      -0.015772
   61     E+     S      -0.001766
   62     E+     S      -0.000063
   63     E+    Px      -0.000138
   64     E+    Py       0.000000
   65     E+    Pz       0.000000
   66     E+    Px      -0.000034
   67     E+    Py       0.000000
   68     E+    Pz       0.000000
   69     E+    Px      -0.000032
   70     E+    Py      -0.000000
   71     E+    Pz      -0.000000
   72     E+    Px      -0.000020
   73     E+    Py      -0.000000
   74     E+    Pz      -0.000000
   75     E+   Dxx       0.005483
   76     E+   Dxy      -0.000000
   77     E+   Dxz       0.000000
   78     E+   Dyy       0.003409
   79     E+   Dyz       0.000049
   80     E+   Dzz      -0.016691
   81     E+   Dxx      -0.001264
   82     E+   Dxy       0.000000
   83     E+   Dxz       0.000000
   84     E+   Dyy      -0.005356
   85     E+   Dyz      -0.000003
   86     E+   Dzz      -0.003725
   87     E+   Dxx      -0.000526
   88     E+   Dxy       0.000000
   89     E+   Dxz       0.000000
   90     E+   Dyy      -0.000791
   91     E+   Dyz       0.000000
   92     E+   Dzz      -0.000870
   93     E+  Fxxx       0.000026
   94     E+  Fxxy      -0.000000
   95     E+  Fxxz      -0.000000
   96     E+  Fxyy       0.000060
   97     E+  Fxyz       0.000000
   98     E+  Fxzz       0.000016
   99     E+  Fyyy      -0.000000
  100     E+  Fyyz      -0.000000
  101     E+  Fyzz      -0.000000
  102     E+  Fzzz      -0.000000
  103     E+  Fxxx      -0.000043
  104     E+  Fxxy      -0.000000
  105     E+  Fxxz      -0.000000
  106     E+  Fxyy       0.000000
  107     E+  Fxyz       0.000000
  108     E+  Fxzz       0.000001
  109     E+  Fyyy      -0.000000
  110     E+  Fyyz      -0.000000
  111     E+  Fyzz      -0.000000
  112     E+  Fzzz      -0.000000
 
                           __________
              Total =        1.000000
 
  Atomic MULLIKEN Population: for POSITRON  
            C                0.500000
            C                0.500000
 
 ...end of MULLIKEN Population
 
 
 END POPULATION ANALYSES 
 
 
  POPULATION ANALYSES: 
 ====================
 
 LOWDIN Population: for POSITRON  
 ---------------------
 
                                    
 
    1     E+     S       0.264207
    2     E+     S       0.094515
    3     E+     S       0.008675
    4     E+     S       0.000224
    5     E+     S       0.000164
    6     E+     S       0.000117
    7     E+    Px       0.000111
    8     E+    Py       0.000000
    9     E+    Pz       0.000000
   10     E+    Px       0.000668
   11     E+    Py       0.000000
   12     E+    Pz       0.000000
   13     E+    Px       0.000128
   14     E+    Py       0.000000
   15     E+    Pz       0.000000
   16     E+    Px       0.000002
   17     E+    Py      -0.000000
   18     E+    Pz      -0.000000
   19     E+   Dxx       0.029147
   20     E+   Dxy       0.000000
   21     E+   Dxz       0.000000
   22     E+   Dyy       0.050982
   23     E+   Dyz       0.000041
   24     E+   Dzz       0.037858
   25     E+   Dxx       0.002473
   26     E+   Dxy       0.000000
   27     E+   Dxz       0.000000
   28     E+   Dyy       0.004931
   29     E+   Dyz       0.000005
   30     E+   Dzz       0.003520
   31     E+   Dxx       0.000071
   32     E+   Dxy      -0.000000
   33     E+   Dxz       0.000000
   34     E+   Dyy       0.000136
   35     E+   Dyz       0.000000
   36     E+   Dzz       0.000094
   37     E+  Fxxx       0.001399
   38     E+  Fxxy       0.000000
   39     E+  Fxxz       0.000000
   40     E+  Fxyy       0.000047
   41     E+  Fxyz       0.000001
   42     E+  Fxzz       0.000134
   43     E+  Fyyy       0.000000
   44     E+  Fyyz       0.000000
   45     E+  Fyzz       0.000000
   46     E+  Fzzz       0.000000
   47     E+  Fxxx       0.000298
   48     E+  Fxxy      -0.000000
   49     E+  Fxxz       0.000000
   50     E+  Fxyy       0.000023
   51     E+  Fxyz       0.000000
   52     E+  Fxzz       0.000029
   53     E+  Fyyy      -0.000000
   54     E+  Fyyz       0.000000
   55     E+  Fyzz      -0.000000
   56     E+  Fzzz       0.000000
   57     E+     S       0.264207
   58     E+     S       0.094515
   59     E+     S       0.008675
   60     E+     S       0.000224
   61     E+     S       0.000164
   62     E+     S       0.000117
   63     E+    Px       0.000111
   64     E+    Py       0.000000
   65     E+    Pz       0.000000
   66     E+    Px       0.000668
   67     E+    Py       0.000000
   68     E+    Pz       0.000000
   69     E+    Px       0.000128
   70     E+    Py      -0.000000
   71     E+    Pz       0.000000
   72     E+    Px       0.000002
   73     E+    Py      -0.000000
   74     E+    Pz       0.000000
   75     E+   Dxx       0.029147
   76     E+   Dxy      -0.000000
   77     E+   Dxz       0.000000
   78     E+   Dyy       0.050982
   79     E+   Dyz       0.000041
   80     E+   Dzz       0.037858
   81     E+   Dxx       0.002473
   82     E+   Dxy      -0.000000
   83     E+   Dxz       0.000000
   84     E+   Dyy       0.004931
   85     E+   Dyz       0.000005
   86     E+   Dzz       0.003520
   87     E+   Dxx       0.000071
   88     E+   Dxy      -0.000000
   89     E+   Dxz       0.000000
   90     E+   Dyy       0.000136
   91     E+   Dyz       0.000000
   92     E+   Dzz       0.000094
   93     E+  Fxxx       0.001399
   94     E+  Fxxy       0.000000
   95     E+  Fxxz       0.000000
   96     E+  Fxyy       0.000047
   97     E+  Fxyz       0.000001
   98     E+  Fxzz       0.000134
   99     E+  Fyyy       0.000000
  100     E+  Fyyz       0.000000
  101     E+  Fyzz       0.000000
  102     E+  Fzzz       0.000000
  103     E+  Fxxx       0.000298
  104     E+  Fxxy      -0.000000
  105     E+  Fxxz       0.000000
  106     E+  Fxyy       0.000023
  107     E+  Fxyz       0.000000
  108     E+  Fxzz       0.000029
  109     E+  Fyyy      -0.000000
  110     E+  Fyyz       0.000000
  111     E+  Fyzz      -0.000000
  112     E+  Fzzz       0.000000
 
                           __________
              Total =        1.000000
 
  Atomic LOWDIN Population: for POSITRON  
            C                0.500000
            C                0.500000
 
 ...end of LOWDIN Population
 
 
 END POPULATION ANALYSES 
 
 
  EXPECTED POSITIONS OF QUANTUM SPECIES:
 ======================
 
 POSITIONS IN ANGSTROMS
 ------
 
                        <x>      <y>      <z>         
            E-ALPHA   0.0000  -0.0000  -0.0000
             E-BETA   0.0000   0.0000   0.0000
           POSITRON  -0.0000   0.0000   0.0000
 
 END EXPECTED POSITIONS
 
 
  ELECTROSTATIC MOMENTS:
 ======================
 
 
 DIPOLE: (A.U.)
 ------
 
                           <Dx>         <Dy>         <Dz>          |D|
            E-ALPHA  -0.00000001   0.00000000   0.00000000
             E-BETA  -0.00000001  -0.00000000  -0.00000000
           POSITRON  -0.00000006   0.00000000   0.00000000
    Point charges:    0.00000000   0.00000000   0.00000000
                     ____________________________
      Total Dipole:  -0.00000008   0.00000000   0.00000000   0.00000008
 
 DIPOLE: (DEBYE)
 ------
 
                           <Dx>         <Dy>         <Dz>          |D|
            E-ALPHA  -0.00000004   0.00000000   0.00000000
             E-BETA  -0.00000002  -0.00000000  -0.00000000
           POSITRON  -0.00000015   0.00000000   0.00000000
    Point charges:    0.00000000   0.00000000   0.00000000
                     ____________________________
      Total Dipole:  -0.00000021   0.00000000   0.00000000   0.00000021
 
 QUADRUPOLE NON-TRACELESS: (DEBYE ANGS)
 ------
 
                           <xx>         <yy>         <zz>         <xy>         <xz>         <yz>
            E-ALPHA  -32.19336158   -9.91527104  -10.02932094   -0.00000000   -0.00000000   -0.01645904
             E-BETA  -24.94073398   -8.83268303   -5.53705101   -0.00000000    0.00000000    0.47560710
           POSITRON   25.10325771   17.76229671   16.80478870   -0.00000000    0.00000000   -0.13818218
    Point charges:    36.88860047    0.00000000    0.00000000    0.00000000    0.00000000    0.00000000
  Total Quadrupole:    4.85776262   -0.98565736    1.23841675   -0.00000000    0.00000000    0.32096588
                     ____________________________
 
 END ELECTROSTATIC MOMENTS
 
 
 BEGIN FOUR-INDEX INTEGRALS TRANFORMATION:
 ========================================
 Selected method: C         
 
 --------------------------------------------------
    4N^5 Algorithm Four-index integral tranformation
 --------------------------------------------------
 
 Integrals transformation for: E-ALPHA
 
              Transformation boundaries 
                 orbital lower upper
                       p     1     7
                       q     8   110
                       r     1     7
                       s     8   110
 
         Loading AO integrals time(s):  0.286E-01
      Integral transformation time(s):  0.175E+01
       Non-zero transformed integrals:        70042
 
 Inter-species integrals transformation for: E-ALPHA/E-BETA
 
              Transformation boundaries 
                 orbital lower upper
                       p     1     6
                       q     7   110
                       r     1     7
                       s     8   110
 
         Loading AO integrals time(s):  0.313E-01
      Integral transformation time(s):  0.710E+01
 Non zero transformed coupling integrals:        99064
 
 Inter-species integrals transformation for: E-ALPHA/POSITRON
 
              Transformation boundaries 
                 orbital lower upper
                       p     1     1
                       q     2   112
                       r     1     7
                       s     8   110
 
         Loading AO integrals time(s):  0.326E-01
      Integral transformation time(s):  0.126E+01
 Non zero transformed coupling integrals:        14295
 
 Integrals transformation for: E-BETA
 
              Transformation boundaries 
                 orbital lower upper
                       p     1     6
                       q     7   110
                       r     1     6
                       s     7   110
 
         Loading AO integrals time(s):  0.203E-01
      Integral transformation time(s):  0.170E+01
       Non-zero transformed integrals:       112022
 
 Inter-species integrals transformation for: E-BETA/POSITRON
 
              Transformation boundaries 
                 orbital lower upper
                       p     1     1
                       q     2   112
                       r     1     6
                       s     7   110
 
         Loading AO integrals time(s):  0.325E-01
      Integral transformation time(s):  0.125E+01
 Non zero transformed coupling integrals:        12872
 
 Integrals transformation for: POSITRON
 
              Transformation boundaries 
                 orbital lower upper
                       p     1     1
                       q     2   112
                       r     1     1
                       s     2   112
 
         Loading AO integrals time(s):  0.220E-01
      Integral transformation time(s):  0.813E+00
       Non-zero transformed integrals:         8034
 
** TOTAL Elapsed Time for integrals transformation :     14.581 (s)
 
 
  POST HARTREE-FOCK CALCULATION
  MANY-BODY PERTURBATION THEORY:
 ==============================
 
              MOLLER-PLESSET FORMALISM 
               ORDER OF CORRECTION =     2
 
                E(0) + E(1) =     -75.635868068001
                       E(2) =      -0.365460217020
                             ____________________
                     E(MP2) =     -76.001328285020
 
              -----------------------------------
               E(n){ Specie }     E(n) / Hartree 
              -----------------------------------
 
            E(2){ E-ALPHA } =      -0.053126279276
             E(2){ E-BETA } =      -0.024231440148
           E(2){ POSITRON } =       0.000000000000
 
     E(2){ E-ALPHA/E-BETA } =      -0.252166092786
   E(2){ E-ALPHA/POSITRON } =      -0.020393713845
    E(2){ E-BETA/POSITRON } =      -0.015542690966
 
** TOTAL CPU Time HF-MBPT :      0.968 (s)
** TOTAL Elapsed Time HF-MBPT :      0.732 (s)
 

  TOTAL CPU Time:      0.264 (s)
 TOTAL Wall Time:     20.526 (s)
  Elapsed Time:   0h  0m 20s 527ms
LOWDIN execution terminated normally at : Thu Feb  6 15:35:33 2025
-rw-rw-r-- 1 pohl pohl  53M feb  6 15:35 0E-ALPHA.E-BETA.ints
-rw-rw-r-- 1 pohl pohl  27M feb  6 15:35 0E-ALPHA.ints
-rw-rw-r-- 1 pohl pohl  55M feb  6 15:35 0E-ALPHA.POSITRON.ints
-rw-rw-r-- 1 pohl pohl  29M feb  6 15:35 0POSITRON.ints
-rw-rw-r-- 1 pohl pohl  52M feb  6 15:35 1E-ALPHA.E-BETA.ints
-rw-rw-r-- 1 pohl pohl  27M feb  6 15:35 1E-ALPHA.ints
-rw-rw-r-- 1 pohl pohl  54M feb  6 15:35 1E-ALPHA.POSITRON.ints
-rw-rw-r-- 1 pohl pohl  29M feb  6 15:35 1POSITRON.ints
-rw-rw-r-- 1 pohl pohl  53M feb  6 15:35 2E-ALPHA.E-BETA.ints
-rw-rw-r-- 1 pohl pohl  27M feb  6 15:35 2E-ALPHA.ints
-rw-rw-r-- 1 pohl pohl  54M feb  6 15:35 2E-ALPHA.POSITRON.ints
-rw-rw-r-- 1 pohl pohl  29M feb  6 15:35 2POSITRON.ints
-rw-rw-r-- 1 pohl pohl  52M feb  6 15:35 3E-ALPHA.E-BETA.ints
-rw-rw-r-- 1 pohl pohl  27M feb  6 15:35 3E-ALPHA.ints
-rw-rw-r-- 1 pohl pohl  55M feb  6 15:35 3E-ALPHA.POSITRON.ints
-rw-rw-r-- 1 pohl pohl  29M feb  6 15:35 3POSITRON.ints
-rw-rw-r-- 1 pohl pohl  323 feb  6 15:35 C2-e+
-rw-rw-r-- 1 pohl pohl 1,5K feb  6 15:35 C2-e+.aux
-rw-rw-r-- 1 pohl pohl  331 feb  6 15:35 C2-e+.lowdin
-rw-rw-r-- 1 pohl pohl  94K feb  6 15:35 C2-e+.out
-rw-rw-r-- 1 pohl pohl 291K feb  6 15:35 C2-e+.vec
-rw-rw-r-- 1 pohl pohl   12 feb  6 15:35 E-ALPHA.E-BETA.nints
-rw-rw-r-- 1 pohl pohl 4,2M feb  6 15:35 E-ALPHAmoint.dat
-rw-rw-r-- 1 pohl pohl   12 feb  6 15:35 E-ALPHA.POSITRON.nints
-rw-rw-r-- 1 pohl pohl 2,8M feb  6 15:35 E-BETA.E-ALPHAmoint.dat
-rw-rw-r-- 1 pohl pohl 3,5M feb  6 15:35 E-BETAmoint.dat
-rw-rw-r-- 1 pohl pohl   61 feb  6 15:35 gepol.inp
-rw-rw-r-- 1 pohl pohl  182 feb  6 15:35 gepol.xyzr
-rw-rw-r-- 1 pohl pohl  18K feb  6 15:35 lowdin.bas
-rw-rw-r-- 1 pohl pohl  16K feb  6 15:35 lowdin.dat
-rw-rw-r-- 1 pohl pohl 3,4M feb  6 15:35 lowdin.opints
-rw-rw-r-- 1 pohl pohl  60K feb  6 15:35 lowdin.sys
-rw-rw-r-- 1 pohl pohl 3,1M feb  6 15:35 lowdin.wfn
-rw-rw-r-- 1 pohl pohl 704K feb  6 15:35 POSITRON.E-ALPHAmoint.dat
-rw-rw-r-- 1 pohl pohl 704K feb  6 15:35 POSITRON.E-BETAmoint.dat
-rw-rw-r-- 1 pohl pohl 2,8M feb  6 15:35 POSITRONmoint.dat
