Begin job by input: F-.lowdin, for user:   at  jue 06 feb 2025 15:38:26 -05
under operating system Linux helios 5.19.0-46-generic #47-Ubuntu SMP PREEMPT_DYNAMIC Fri Jun 16 13:30:11 UTC 2023 x86_64 x86_64 x86_64 GNU/Linux
Compilation information
  commit: f31d3924f6ee2ce9d77f07edcc1ba27359319d14
  compilation date:  mar 17 sep 2024 16:16:17 -05

BEGIN INPUT INFO:
------------------------------------

GEOMETRY
	e-(F)	AUG-CC-PVTZ 0.0 0.0 0.0 multiplicity=1 addParticles=1 
	F	Dirac 0.0 0.0 0.0
END GEOMETRY

TASKS
        method = "UHF"
	mollerPlessetCorrection=2
END TASKS

CONTROL
	units="ANGS"
END CONTROL






... END INPUT INFO


 LOWDIN execution started at : Thu Feb  6 15:38:26 2025
 ---------------------------------------------------------------
 
 ***************************************************************
 *                   LOWDIN 2.0  (May/2013)                    *
 *                                                             *
 *  R. FLORES-MORENO, E. F. POSADA, F. S. MONCADA, J.ROMERO,   *
 *  J. CHARRY, M. DIAZ-TINOCO, S. A. GONZALEZ, N. F. AGUIRRE,  *
 *  A. REYES                                                   *
 *                                                             *
 *  https://sites.google.com/site/lowdinproject/               *
 *                                                             *
 ***************************************************************
 
 PARSING INPUT... DONE!
 
 LOWDIN IS RUNNING WITH NEXT PARAMETERS: 
 ----------------------------------------
 
         METHOD TYPE:  UHF
         NUMBER OF CORES:     4
         MOLLER PLESSET CORRECTION:      2
         NONELECTRONIC DENSITY GUESS: HCORE
         ELECTRONIC DENSITY GUESS: HCORE
         CRITERIUM OF CONVERGENCE: ENERGY
         NONELECTRONIC ENERGY TOLERANCE IN SCFs:     0.10000E-07
         ELECTRONIC ENERGY TOLERANCE IN SCFs:     0.10000E-07
         TOTAL ENERGY TOLERANCE IN SCFs:     0.10000E-07
         SCHEME OF ITERATION: GLOBAL ITERATIONS
         SCF MAX. SUBITERATIONS - NONELECTRONS :     1
         SCF MAX. SUBITERATIONS - ELECTRONS :     1
         SCF MAX. ITERATIONS - INTERSPECIES :   200
         INTEGRAL STORAGE: DISK
         STACK SIZE FOR ERIS : 30000
         METHOD OF SCF CONVERGENCE: DAMPING
 
  MOLECULAR SYSTEM: F-
 -----------------
 
    DESCRIPTION   : F-
    CHARGE        :   1
    PUNTUAL GROUP : NONE
 
 
  INFORMATION OF PARTICLES :
 =========================
         Total number of particles   =      11
         Number of quantum particles =      10
         Number of puntual charges   =       1
         Number of quantum species   =       2
 
                 INFORMATION OF QUANTUM SPECIES 
    ----------------------------------------------------------------------
         ID      Symbol            mass     charge      omega     spin     multiplicity
    ----------------------------------------------------------------------
         1        E-ALPHA         1.0000     -1.00      0.00      0.50      1.00
         2         E-BETA         1.0000     -1.00      0.00      0.50      1.00
 
                   CONSTANTS OF COUPLING 
      ------------------------------------------------------------
              Symbol      kappa        eta     lambda occupation
      ------------------------------------------------------------
             E-ALPHA      -1.00       1.00       1.00       5.00
              E-BETA      -1.00       1.00       1.00       5.00
 
                   BASIS SET FOR SPECIES 
      ------------------------------------------------------------
           Symbol          N. Basis     N. Particles     Basis Set
      ------------------------------------------------------------
            E-ALPHA           14                5     AUG-CC-PVT
             E-BETA           14                5     AUG-CC-PVT
 
                                ATOMIC BASIS
         ------------------------------------------------------------
          PRIMITIVE   SHELL             EXPONENT         COEFFICIENT 
         ------------------------------------------------------------
 
    BEGIN DESCRIPTION OF BASIS FOR: E-ALP
    ==============================
 
 
             F BASIS SET:    AUG-CC-PVTZ
             1         S            19500.00000000          0.00050700
             2         S             2923.00000000          0.00392300
             3         S              664.50000000          0.02020000
             4         S              187.50000000          0.07901000
             5         S               60.62000000          0.23043900
             6         S               21.42000000          0.43287200
             7         S                7.95000000          0.34996400
             8         S                0.88150000         -0.00789200
             1         S            19500.00000000         -0.00011700
             2         S             2923.00000000         -0.00091200
             3         S              664.50000000         -0.00471700
             4         S              187.50000000         -0.01908600
             5         S               60.62000000         -0.05965500
             6         S               21.42000000         -0.14001000
             7         S                7.95000000         -0.17678200
             8         S                0.88150000          0.60504300
             1         S                2.25700000          1.00000000
             1         S                0.30410000          1.00000000
             1         S                0.09158000          1.00000000
             1         P               43.88000000          0.01666500
             2         P                9.92600000          0.10447200
             3         P                2.93000000          0.31726000
             1         P                0.91320000          1.00000000
             1         P                0.26720000          1.00000000
             1         P                0.07361000          1.00000000
             1         D                3.10700000          1.00000000
             1         D                0.85500000          1.00000000
             1         D                0.29200000          1.00000000
             1         F                1.91700000          1.00000000
             1         F                0.72400000          1.00000000
    ... END DESCRIPTION OF BASIS
 
 
  END INFORMATION OF PARTICLES
 
 
  INFORMATION OF THE QUANTUM SYSTEM 
     ---------------------------------------------------------------------
                 ID     Occupied Orbitals     Basis size
     ---------------------------------------------------------------------
            E-ALPHA            5               55
             E-BETA            5               55
 
  END INFORMATION OF QUANTUM SYSTEM
 
                       INITIAL GEOMETRY: AMSTRONG
                 -----------------------------------
                       <x>                 <y>                 <z>
  E-ALPHAF        0.0000000000        0.0000000000        0.0000000000
         F        0.0000000000        0.0000000000        0.0000000000
 
                     MATRIX OF DISTANCE: ANGSTROM
                 -----------------------------------
                          F(1)      
 
        F(1)             0.000000
 
--------------------------------------------------------------------------------
** PROGRAM: SCF (Hartree Fock).     Author: S.A. Gonzalez, E. Posada, F. Moncada
--------------------------------------------------------------------------------
INFO: RUNNING IN UHF MODE.
 
----------------------------------------------------------------------
** PROGRAM INTS                          Author: E. F. Posada, 2013   
----------------------------------------------------------------------
INFO: RUNNING IN ONE_PARTICLE MODE.
 
 Number of Overlap integrals for species E-ALPHA:   3025
 Number of Overlap integrals for species E-BETA:   3025
 Number of Kinetic integrals for species E-ALPHA:   3025
 Number of Kinetic integrals for species E-BETA:   3025
 Number of Nuclear integrals for species E-ALPHA:   3025
 Number of Nuclear integrals for species E-BETA:   3025
 Number of Moment integrals for species E-ALPHA:   9075
 Number of Moment integrals for species E-BETA:   9075
 
** TOTAL CPU Time INTS :      0.279 (s)
** TOTAL Elapsed Time INTS :      0.076 (s)
 
       Usign  HCORE density guess for species:    E-ALPHA
     number of    E-ALPHA     particles in guess density matrix:     5.000000
       Usign  HCORE density guess for species:     E-BETA
     number of     E-BETA     particles in guess density matrix:     5.000000
 Number of unique integrals for species: 1 = 157588
 Number of unique integrals for species: 1 / 2 = 313636 Screened: 0
 
 TWO-BODY INTEGRAL SETUP: 
------------------------- 
 Storage:   DISK
 Scheme: LIBINT
 Stack size:  30000
 
 LIBINT library, Fermann, J. T.; Valeev, F. L. 2010                   
 LOWDIN-LIBINT Implementation V. 2.1  Posada E. F. ; Reyes A. 2016   
 ----------------------------------------------------------------------

*** TOTAL CPU time intra-species integrals :      0.408 (s)
*** TOTAL elapsed time intra-species integrals :      0.095 (s)


*** TOTAL CPU time inter-species integrals :      0.573 (s)
*** TOTAL elapsed time inter-species integrals :      0.146 (s)

INFO: RUNNING SCHEME SIMULTANEOUS
 
 Begin Multi-Species SCF calculation:
 
 --------------------------------------------------------------------------------------------------
      Iteration                   Energy            Energy Change           Density Change
 --------------------------------------------------------------------------------------------------
              1         -84.353065010513          84.353065010513           0.253065279967
              2         -83.420186649552          -0.932878360961           0.220189270856
              3         -93.383688510988           9.963501861437           0.060218747056
              4         -99.361366806375           5.977678295386           0.009710275574
              5         -99.399600349569           0.038233543195           0.002729799698
              6         -99.446032152481           0.046431802912           0.002157504514
              7         -99.447972615434           0.001940462953           0.000487638998
              8         -99.450658776801           0.002686161367           0.000465909450
              9         -99.451277408965           0.000618632164           0.000169825459
             10         -99.451288576154           0.000011167189           0.000037596123
             11         -99.451303911030           0.000015334875           0.000036614690
             12         -99.451307025592           0.000003114562           0.000017938799
             13         -99.451307152754           0.000000127162           0.000004029832
             14         -99.451307329297           0.000000176543           0.000003896942
             15         -99.451307365497           0.000000036200           0.000001864240
             16         -99.451307366886           0.000000001389           0.000000420804
 Total energy converged after  16 global iterations                                                  
 
 ...end Multi-Species SCF calculation
 
 
 Begin SCF calculation by: E-ALPHA
 -------------------------
 
 -----------------------------------------------------------------------------------
 Iteration                   Energy           Density Change         DIIS Error 
 -----------------------------------------------------------------------------------
    1         -42.783842473205           0.110094635428                 -- 
    2         -46.672959385362           0.030109373528                 -- 
    3         -34.877171339160           0.004855137787                 -- 
    4         -36.773711529978           0.001364899849                 -- 
    5         -36.335930335495           0.001078752257                 -- 
    6         -35.841799758303           0.000243819499                 -- 
    7         -35.926654524430           0.000232954725                 -- 
    8         -36.043988339519           0.000084912729                 -- 
    9         -36.006882893800           0.000018798062                 -- 
   10         -36.013337893622           0.000018307345                 -- 
   11         -36.022807909809           0.000008969400                 -- 
   12         -36.018822886920           0.000002014916                 -- 
   13         -36.019515849131           0.000001948473                 -- 
   14         -36.020524879232           0.000000932120                 -- 
   15         -36.020108680642           0.000000210405                 -- 
 
 ... end SCF calculation
 
 Begin SCF calculation by: E-BETA
 -------------------------
 
 -----------------------------------------------------------------------------------
 Iteration                   Energy           Density Change         DIIS Error 
 -----------------------------------------------------------------------------------
    1         -42.783842473205           0.110094635428                 -- 
    2         -46.672959385361           0.030109373528                 -- 
    3         -34.877171339160           0.004855137787                 -- 
    4         -36.773711529977           0.001364899849                 -- 
    5         -36.335930335495           0.001078752257                 -- 
    6         -35.841799758303           0.000243819499                 -- 
    7         -35.926654524431           0.000232954725                 -- 
    8         -36.043988339519           0.000084912729                 -- 
    9         -36.006882893812           0.000018798062                 -- 
   10         -36.013337893654           0.000018307345                 -- 
   11         -36.022807909837           0.000008969400                 -- 
   12         -36.018822887069           0.000002014915                 -- 
   13         -36.019515849841           0.000001948470                 -- 
   14         -36.020524880391           0.000000932120                 -- 
   15         -36.020108682268           0.000000210399                 -- 
 
 ... end SCF calculation
 
  EIGENVALUES AND EIGENVECTORS: 
 ==============================
 
 
  Eigenvalues for: E-ALPHA
 -----------------
 
    1         -25.831947287160
    2          -1.075933614215
    3          -0.181078455707
    4          -0.181078455707
    5          -0.181078455707
    6           0.415972474827
    7           0.427470842976
    8           0.427470842976
    9           0.427470842976
   10           1.146476736625
   11           1.228471193754
   12           1.228471193754
   13           1.228471193754
   14           1.228471193754
   15           1.228471193754
   16           1.292968220892
   17           1.292968220892
   18           1.292968220892
   19           3.151985315337
   20           3.151985315337
   21           3.151985315337
   22           3.216364704973
   23           3.283259614443
   24           3.283259614443
   25           3.283259614443
   26           3.283259614443
   27           3.283259614443
   28           3.331766333496
   29           3.331766333496
   30           3.331766333496
   31           3.331766333496
   32           3.331766333496
   33           3.331766333496
   34           3.331766333496
   35           5.357308442286
   36           7.808400393715
   37           7.808400393715
   38           7.808400393715
   39           9.267913533519
   40           9.267913533519
   41           9.267913533519
   42           9.267913533519
   43           9.267913533519
   44           9.267913533519
   45           9.267913533519
   46           9.745018967474
   47           9.745018967474
   48           9.745018967474
   49           9.745018967474
   50           9.745018967474
   51          14.942842913006
   52          18.052249587950
   53          18.052249587957
   54          18.052249587960
   55          23.852093452123
 
 
  Eigenvalues for: E-BETA
 -----------------
 
    1         -25.831947288991
    2          -1.075933614999
    3          -0.181078456384
    4          -0.181078456384
    5          -0.181078456384
    6           0.415972474777
    7           0.427470842920
    8           0.427470842920
    9           0.427470842920
   10           1.146476736441
   11           1.228471193624
   12           1.228471193624
   13           1.228471193624
   14           1.228471193624
   15           1.228471193624
   16           1.292968220646
   17           1.292968220646
   18           1.292968220646
   19           3.151985314860
   20           3.151985314860
   21           3.151985314860
   22           3.216364704532
   23           3.283259613962
   24           3.283259613962
   25           3.283259613962
   26           3.283259613962
   27           3.283259613962
   28           3.331766333236
   29           3.331766333236
   30           3.331766333236
   31           3.331766333236
   32           3.331766333236
   33           3.331766333236
   34           3.331766333236
   35           5.357308442023
   36           7.808400392755
   37           7.808400392755
   38           7.808400392755
   39           9.267913532786
   40           9.267913532786
   41           9.267913532786
   42           9.267913532786
   43           9.267913532786
   44           9.267913532786
   45           9.267913532786
   46           9.745018966441
   47           9.745018966441
   48           9.745018966441
   49           9.745018966441
   50           9.745018966441
   51          14.942842912301
   52          18.052249587315
   53          18.052249587321
   54          18.052249587323
   55          23.852093450842
 
  end of eigenvalues 
 
  Occupied Eigenvectors for: E-ALPHA
 --------------------------- 
 
                         -25.8319        -1.0759        -0.1811        -0.1811        -0.1811   
 
    1      F     S       0.971097       0.009114      -0.000000       0.000000      -0.000000
    2      F     S      -0.010668      -0.552339      -0.000000       0.000000      -0.000000
    3      F     S       0.048939      -0.158731      -0.000000       0.000000      -0.000000
    4      F     S      -0.016221      -0.394981       0.000000      -0.000000       0.000000
    5      F     S      -0.001155      -0.037150       0.000000      -0.000000       0.000000
    6      F    Px       0.000000       0.000000       0.368403       0.000614      -0.009672
    7      F    Py      -0.000000      -0.000000      -0.009671      -0.001047      -0.368402
    8      F    Pz       0.000000       0.000000       0.000641      -0.368528       0.001031
    9      F    Px      -0.000000       0.000000       0.409470       0.000682      -0.010751
   10      F    Py      -0.000000       0.000000      -0.010749      -0.001164      -0.409469
   11      F    Pz      -0.000000      -0.000000       0.000713      -0.409610       0.001145
   12      F    Px      -0.000000       0.000000       0.346930       0.000578      -0.009109
   13      F    Py       0.000000       0.000000      -0.009107      -0.000986      -0.346929
   14      F    Pz      -0.000000       0.000000       0.000604      -0.347048       0.000971
   15      F    Px       0.000000       0.000000       0.124554       0.000208      -0.003270
   16      F    Py      -0.000000      -0.000000      -0.003270      -0.000354      -0.124554
   17      F    Pz       0.000000      -0.000000       0.000217      -0.124597       0.000348
   18      F   Dxx       0.002835      -0.001454      -0.000000      -0.000000       0.000000
   19      F   Dxy       0.000000      -0.000000       0.000000       0.000000       0.000000
   20      F   Dxz       0.000000       0.000000      -0.000000       0.000000      -0.000000
   21      F   Dyy       0.002835      -0.001454      -0.000000      -0.000000       0.000000
   22      F   Dyz       0.000000       0.000000       0.000000      -0.000000      -0.000000
   23      F   Dzz       0.002835      -0.001454      -0.000000       0.000000       0.000000
   24      F   Dxx       0.007980       0.002601      -0.000000       0.000000      -0.000000
   25      F   Dxy      -0.000000      -0.000000       0.000000       0.000000      -0.000000
   26      F   Dxz      -0.000000       0.000000       0.000000      -0.000000      -0.000000
   27      F   Dyy       0.007980       0.002601      -0.000000       0.000000       0.000000
   28      F   Dyz      -0.000000       0.000000      -0.000000      -0.000000      -0.000000
   29      F   Dzz       0.007980       0.002601      -0.000000       0.000000      -0.000000
   30      F   Dxx       0.002727       0.002022      -0.000000       0.000000      -0.000000
   31      F   Dxy       0.000000      -0.000000      -0.000000       0.000000       0.000000
   32      F   Dxz       0.000000      -0.000000      -0.000000      -0.000000       0.000000
   33      F   Dyy       0.002727       0.002022      -0.000000       0.000000      -0.000000
   34      F   Dyz       0.000000       0.000000      -0.000000       0.000000       0.000000
   35      F   Dzz       0.002727       0.002022      -0.000000       0.000000      -0.000000
   36      F  Fxxx       0.000000      -0.000000       0.014812       0.000025      -0.000389
   37      F  Fxxy       0.000000      -0.000000      -0.000174      -0.000019      -0.006624
   38      F  Fxxz       0.000000      -0.000000       0.000012      -0.006627       0.000019
   39      F  Fxyy       0.000000      -0.000000       0.006624       0.000011      -0.000174
   40      F  Fxyz      -0.000000      -0.000000      -0.000000      -0.000000      -0.000000
   41      F  Fxzz       0.000000      -0.000000       0.006624       0.000011      -0.000174
   42      F  Fyyy       0.000000      -0.000000      -0.000389      -0.000042      -0.014812
   43      F  Fyyz       0.000000       0.000000       0.000012      -0.006627       0.000019
   44      F  Fyzz       0.000000      -0.000000      -0.000174      -0.000019      -0.006624
   45      F  Fzzz       0.000000       0.000000       0.000026      -0.014817       0.000041
   46      F  Fxxx       0.000000      -0.000000       0.014752       0.000025      -0.000387
   47      F  Fxxy       0.000000      -0.000000      -0.000173      -0.000019      -0.006597
   48      F  Fxxz       0.000000       0.000000       0.000011      -0.006600       0.000018
   49      F  Fxyy       0.000000       0.000000       0.006597       0.000011      -0.000173
   50      F  Fxyz       0.000000       0.000000       0.000000       0.000000       0.000000
   51      F  Fxzz       0.000000      -0.000000       0.006597       0.000011      -0.000173
   52      F  Fyyy      -0.000000      -0.000000      -0.000387      -0.000042      -0.014752
   53      F  Fyyz       0.000000      -0.000000       0.000011      -0.006600       0.000018
   54      F  Fyzz       0.000000      -0.000000      -0.000173      -0.000019      -0.006597
   55      F  Fzzz       0.000000       0.000000       0.000026      -0.014757       0.000041
 
 
  Occupied Eigenvectors for: E-BETA
 --------------------------- 
 
                         -25.8319        -1.0759        -0.1811        -0.1811        -0.1811   
 
    1      F     S      -0.971097       0.009114      -0.000000      -0.000000      -0.000000
    2      F     S       0.010668      -0.552339      -0.000000      -0.000000      -0.000000
    3      F     S      -0.048939      -0.158731      -0.000000       0.000000      -0.000000
    4      F     S       0.016221      -0.394981       0.000000      -0.000000       0.000000
    5      F     S       0.001155      -0.037150       0.000000      -0.000000       0.000000
    6      F    Px      -0.000000       0.000000       0.003184      -0.367969       0.020087
    7      F    Py       0.000000      -0.000000       0.015833       0.020206       0.367635
    8      F    Pz       0.000000       0.000000       0.368176       0.002313      -0.015984
    9      F    Px       0.000000      -0.000000       0.003539      -0.408988       0.022326
   10      F    Py       0.000000       0.000000       0.017599       0.022458       0.408617
   11      F    Pz       0.000000      -0.000000       0.409219       0.002571      -0.017766
   12      F    Px       0.000000      -0.000000       0.002999      -0.346521       0.018916
   13      F    Py      -0.000000       0.000000       0.014911       0.019028       0.346207
   14      F    Pz      -0.000000      -0.000000       0.346717       0.002179      -0.015052
   15      F    Px      -0.000000       0.000000       0.001077      -0.124408       0.006791
   16      F    Py       0.000000      -0.000000       0.005353       0.006831       0.124295
   17      F    Pz      -0.000000       0.000000       0.124478       0.000782      -0.005404
   18      F   Dxx      -0.002835      -0.001454      -0.000000       0.000000       0.000000
   19      F   Dxy      -0.000000       0.000000      -0.000000      -0.000000      -0.000000
   20      F   Dxz      -0.000000       0.000000      -0.000000      -0.000000       0.000000
   21      F   Dyy      -0.002835      -0.001454      -0.000000       0.000000       0.000000
   22      F   Dyz      -0.000000      -0.000000       0.000000       0.000000       0.000000
   23      F   Dzz      -0.002835      -0.001454      -0.000000       0.000000       0.000000
   24      F   Dxx      -0.007980       0.002601      -0.000000       0.000000      -0.000000
   25      F   Dxy       0.000000       0.000000      -0.000000      -0.000000      -0.000000
   26      F   Dxz       0.000000      -0.000000      -0.000000       0.000000       0.000000
   27      F   Dyy      -0.007980       0.002601      -0.000000       0.000000      -0.000000
   28      F   Dyz       0.000000       0.000000       0.000000      -0.000000      -0.000000
   29      F   Dzz      -0.007980       0.002601      -0.000000       0.000000      -0.000000
   30      F   Dxx      -0.002727       0.002022      -0.000000       0.000000      -0.000000
   31      F   Dxy      -0.000000      -0.000000      -0.000000      -0.000000       0.000000
   32      F   Dxz      -0.000000      -0.000000      -0.000000      -0.000000      -0.000000
   33      F   Dyy      -0.002727       0.002022      -0.000000       0.000000      -0.000000
   34      F   Dyz      -0.000000       0.000000       0.000000       0.000000       0.000000
   35      F   Dzz      -0.002727       0.002022      -0.000000      -0.000000      -0.000000
   36      F  Fxxx      -0.000000      -0.000000       0.000128      -0.014795       0.000808
   37      F  Fxxy      -0.000000      -0.000000       0.000285       0.000363       0.006611
   38      F  Fxxz      -0.000000       0.000000       0.006620       0.000042      -0.000287
   39      F  Fxyy      -0.000000      -0.000000       0.000057      -0.006617       0.000361
   40      F  Fxyz       0.000000      -0.000000      -0.000000      -0.000000      -0.000000
   41      F  Fxzz      -0.000000      -0.000000       0.000057      -0.006617       0.000361
   42      F  Fyyy      -0.000000      -0.000000       0.000637       0.000812       0.014782
   43      F  Fyyz      -0.000000       0.000000       0.006620       0.000042      -0.000287
   44      F  Fyzz      -0.000000      -0.000000       0.000285       0.000363       0.006611
   45      F  Fzzz      -0.000000       0.000000       0.014803       0.000093      -0.000643
   46      F  Fxxx      -0.000000       0.000000       0.000128      -0.014735       0.000804
   47      F  Fxxy      -0.000000      -0.000000       0.000284       0.000362       0.006584
   48      F  Fxxz      -0.000000       0.000000       0.006593       0.000041      -0.000286
   49      F  Fxyy      -0.000000       0.000000       0.000057      -0.006590       0.000360
   50      F  Fxyz      -0.000000       0.000000       0.000000       0.000000       0.000000
   51      F  Fxzz      -0.000000       0.000000       0.000057      -0.006590       0.000360
   52      F  Fyyy       0.000000      -0.000000       0.000634       0.000809       0.014721
   53      F  Fyyz       0.000000       0.000000       0.006593       0.000041      -0.000286
   54      F  Fyzz      -0.000000      -0.000000       0.000284       0.000362       0.006584
   55      F  Fzzz      -0.000000       0.000000       0.014743       0.000093      -0.000640
 
 
  end of eigenvectors 
 
  END OF EIGENVALUES AND EIGENVECTORS
 
 
  COMPONENTS OF KINETIC ENERGY: 
 -----------------------------
 
             E-ALPHA Kinetic energy =           49.719108352822
              E-BETA Kinetic energy =           49.719108358138
                                     _________________________
               Total kinetic energy =           99.438216710961
 
  COMPONENTS OF POTENTIAL ENERGY: 
 -------------------------------
 
          Fixed potential energy    =            0.000000000000
 
  Quantum/Fixed interaction energy: 
 ----------------------------------
 
     E-ALPHA/Fixed interact. energy =         -121.719513353267
      E-BETA/Fixed interact. energy =         -121.719513363495
                                     _________________________
               Total Q/Fixed energy =         -243.439026716762
 
  Coulomb energy: 
 ------------------
 
     E-ALPHA/E-ALPHA Hartree energy =           13.705447093327
       E-BETA/E-BETA Hartree energy =           13.705447096147
      E-ALPHA/E-BETA Hartree energy =           27.410894189474
                                     _________________________
               Total Hartree energy =           54.821788378947
 
  Exchange(HF) energy: 
 ----------------------
 
            E-ALPHA Exchange energy =           -5.136142870614
             E-BETA Exchange energy =           -5.136142871342
                                     _________________________
              Total Exchange energy =          -10.272285741956
 
  TOTAL ENERGY COMPONENTS: 
 ==========================
 
          TOTAL KINETIC ENERGY      =           99.438216710961
          TOTAL POTENTIAL ENERGY    =         -198.889524079771
                                     _________________________
                       TOTAL ENERGY =          -99.451307368810
 
                 VIRIAL RATIO (V/T) =            2.000131646145
 
 
  END ENERGY COMPONENTS
 
 
** TOTAL CPU Time SCF :      1.335 (s)
** TOTAL Elapsed Time SCF :      0.377 (s)
 
 We are calculating properties for E-ALPHA in the HF/KS ground state
 We are calculating properties for E-BETA in the HF/KS ground state
 
  POPULATION ANALYSES: 
 ====================
 
 MULLIKEN Population: for E-        
 ---------------------
 
                          total          spin      
 
    1      F     S       1.941349      -0.000000
    2      F     S       1.045654      -0.000000
    3      F     S       0.262440      -0.000000
    4      F     S       0.710809       0.000000
    5      F     S       0.044750       0.000000
    6      F    Px       0.517703      -0.000000
    7      F    Py       0.517703      -0.000000
    8      F    Pz       0.517703      -0.000000
    9      F    Px       0.749516      -0.000000
   10      F    Py       0.749516      -0.000000
   11      F    Pz       0.749516      -0.000000
   12      F    Px       0.549158       0.000000
   13      F    Py       0.549158       0.000000
   14      F    Pz       0.549158       0.000000
   15      F    Px       0.111818       0.000000
   16      F    Py       0.111818       0.000000
   17      F    Pz       0.111818       0.000000
   18      F   Dxx       0.002704       0.000000
   19      F   Dxy      -0.000000       0.000000
   20      F   Dxz       0.000000      -0.000000
   21      F   Dyy       0.002704       0.000000
   22      F   Dyz       0.000000       0.000000
   23      F   Dzz       0.002704       0.000000
   24      F   Dxx      -0.002854       0.000000
   25      F   Dxy       0.000000      -0.000000
   26      F   Dxz       0.000000       0.000000
   27      F   Dyy      -0.002854       0.000000
   28      F   Dyz       0.000000       0.000000
   29      F   Dzz      -0.002854       0.000000
   30      F   Dxx      -0.001517       0.000000
   31      F   Dxy       0.000000      -0.000000
   32      F   Dxz       0.000000      -0.000000
   33      F   Dyy      -0.001517       0.000000
   34      F   Dyz       0.000000       0.000000
   35      F   Dzz      -0.001517       0.000000
   36      F  Fxxx       0.022479      -0.000000
   37      F  Fxxy       0.007493      -0.000000
   38      F  Fxxz       0.007493      -0.000000
   39      F  Fxyy       0.007493      -0.000000
   40      F  Fxyz       0.000000       0.000000
   41      F  Fxzz       0.007493      -0.000000
   42      F  Fyyy       0.022479      -0.000000
   43      F  Fyyz       0.007493      -0.000000
   44      F  Fyzz       0.007493      -0.000000
   45      F  Fzzz       0.022479      -0.000000
   46      F  Fxxx       0.020605       0.000000
   47      F  Fxxy       0.006868       0.000000
   48      F  Fxxz       0.006868       0.000000
   49      F  Fxyy       0.006868       0.000000
   50      F  Fxyz       0.000000       0.000000
   51      F  Fxzz       0.006868       0.000000
   52      F  Fyyy       0.020605       0.000000
   53      F  Fyyz       0.006868       0.000000
   54      F  Fyzz       0.006868       0.000000
   55      F  Fzzz       0.020605       0.000000
 
                           __________     __________
              Total =       10.000000      -0.000000
 
  Atomic MULLIKEN Population: for E-        
            F               10.000000      -0.000000
 
 ...end of MULLIKEN Population
 
 
 END POPULATION ANALYSES 
 
 
  POPULATION ANALYSES: 
 ====================
 
 LOWDIN Population: for E-        
 ---------------------
 
                          total          spin      
 
    1      F     S       1.574930      -0.000000
    2      F     S       0.608074      -0.000000
    3      F     S       0.411739      -0.000000
    4      F     S       0.305123       0.000000
    5      F     S       0.084079       0.000000
    6      F    Px       0.463740      -0.000000
    7      F    Py       0.463740      -0.000000
    8      F    Pz       0.463740      -0.000000
    9      F    Px       0.354930      -0.000000
   10      F    Py       0.354930      -0.000000
   11      F    Pz       0.354930      -0.000000
   12      F    Px       0.317046       0.000000
   13      F    Py       0.317046       0.000000
   14      F    Pz       0.317046       0.000000
   15      F    Px       0.120964       0.000000
   16      F    Py       0.120964       0.000000
   17      F    Pz       0.120964       0.000000
   18      F   Dxx       0.154861      -0.000000
   19      F   Dxy       0.000000      -0.000000
   20      F   Dxz      -0.000000      -0.000000
   21      F   Dyy       0.154861      -0.000000
   22      F   Dyz      -0.000000      -0.000000
   23      F   Dzz       0.154861      -0.000000
   24      F   Dxx       0.152906       0.000000
   25      F   Dxy       0.000000      -0.000000
   26      F   Dxz      -0.000000      -0.000000
   27      F   Dyy       0.152906       0.000000
   28      F   Dyz      -0.000000      -0.000000
   29      F   Dzz       0.152906       0.000000
   30      F   Dxx       0.030918       0.000000
   31      F   Dxy       0.000000       0.000000
   32      F   Dxz       0.000000      -0.000000
   33      F   Dyy       0.030918       0.000000
   34      F   Dyz      -0.000000       0.000000
   35      F   Dzz       0.030918       0.000000
   36      F  Fxxx       0.221989      -0.000000
   37      F  Fxxy       0.096836      -0.000000
   38      F  Fxxz       0.096836      -0.000000
   39      F  Fxyy       0.096836      -0.000000
   40      F  Fxyz       0.000000       0.000000
   41      F  Fxzz       0.096836      -0.000000
   42      F  Fyyy       0.221989      -0.000000
   43      F  Fyyz       0.096836      -0.000000
   44      F  Fyzz       0.096836      -0.000000
   45      F  Fzzz       0.221989      -0.000000
   46      F  Fxxx       0.175797       0.000000
   47      F  Fxxy       0.075930       0.000000
   48      F  Fxxz       0.075930       0.000000
   49      F  Fxyy       0.075930       0.000000
   50      F  Fxyz       0.000000       0.000000
   51      F  Fxzz       0.075930       0.000000
   52      F  Fyyy       0.175797       0.000000
   53      F  Fyyz       0.075930       0.000000
   54      F  Fyzz       0.075930       0.000000
   55      F  Fzzz       0.175797       0.000000
 
                           __________     __________
              Total =       10.000000      -0.000000
 
  Atomic LOWDIN Population: for E-        
            F               10.000000      -0.000000
 
 ...end of LOWDIN Population
 
 
 END POPULATION ANALYSES 
 
 
  EXPECTED POSITIONS OF QUANTUM SPECIES:
 ======================
 
 POSITIONS IN ANGSTROMS
 ------
 
                        <x>      <y>      <z>         
            E-ALPHA   0.0000   0.0000  -0.0000
             E-BETA  -0.0000   0.0000   0.0000
 
 END EXPECTED POSITIONS
 
 
  ELECTROSTATIC MOMENTS:
 ======================
 
 
 DIPOLE: (A.U.)
 ------
 
                           <Dx>         <Dy>         <Dz>          |D|
            E-ALPHA  -0.00000000  -0.00000000   0.00000000
             E-BETA   0.00000000  -0.00000000  -0.00000000
    Point charges:    0.00000000   0.00000000   0.00000000
                     ____________________________
      Total Dipole:  -0.00000000  -0.00000000  -0.00000000   0.00000000
 
 DIPOLE: (DEBYE)
 ------
 
                           <Dx>         <Dy>         <Dz>          |D|
            E-ALPHA  -0.00000000  -0.00000000   0.00000000
             E-BETA   0.00000000  -0.00000000  -0.00000000
    Point charges:    0.00000000   0.00000000   0.00000000
                     ____________________________
      Total Dipole:  -0.00000000  -0.00000000  -0.00000000   0.00000000
 
 QUADRUPOLE NON-TRACELESS: (DEBYE ANGS)
 ------
 
                           <xx>         <yy>         <zz>         <xy>         <xz>         <yz>
            E-ALPHA   -3.59153425   -3.59153425   -3.59153425    0.00000000   -0.00000000    0.00000000
             E-BETA   -3.59153424   -3.59153424   -3.59153424   -0.00000000   -0.00000000    0.00000000
    Point charges:     0.00000000    0.00000000    0.00000000    0.00000000    0.00000000    0.00000000
  Total Quadrupole:   -7.18306849   -7.18306849   -7.18306849    0.00000000   -0.00000000    0.00000000
                     ____________________________
 
 END ELECTROSTATIC MOMENTS
 
 
 BEGIN FOUR-INDEX INTEGRALS TRANFORMATION:
 ========================================
 Selected method: C         
 
 --------------------------------------------------
    4N^5 Algorithm Four-index integral tranformation
 --------------------------------------------------
 
 Integrals transformation for: E-ALPHA
 
              Transformation boundaries 
                 orbital lower upper
                       p     1     5
                       q     6    55
                       r     1     5
                       s     6    55
 
         Loading AO integrals time(s):  0.145E-02
      Integral transformation time(s):  0.109E+00
       Non-zero transformed integrals:        61638
 
 Inter-species integrals transformation for: E-ALPHA/E-BETA
 
              Transformation boundaries 
                 orbital lower upper
                       p     1     5
                       q     6    55
                       r     1     5
                       s     6    55
 
         Loading AO integrals time(s):  0.212E-02
      Integral transformation time(s):  0.302E+00
 Non zero transformed coupling integrals:        26866
 
 Integrals transformation for: E-BETA
 
              Transformation boundaries 
                 orbital lower upper
                       p     1     5
                       q     6    55
                       r     1     5
                       s     6    55
 
         Loading AO integrals time(s):  0.133E-02
      Integral transformation time(s):  0.899E-01
       Non-zero transformed integrals:        61638
 
** TOTAL Elapsed Time for integrals transformation :      0.524 (s)
 
 
  POST HARTREE-FOCK CALCULATION
  MANY-BODY PERTURBATION THEORY:
 ==============================
 
              MOLLER-PLESSET FORMALISM 
               ORDER OF CORRECTION =     2
 
                E(0) + E(1) =     -99.451307368810
                       E(2) =      -0.318855368979
                             ____________________
                     E(MP2) =     -99.770162737789
 
              -----------------------------------
               E(n){ Specie }     E(n) / Hartree 
              -----------------------------------
 
            E(2){ E-ALPHA } =      -0.041637911348
             E(2){ E-BETA } =      -0.041637911338
 
     E(2){ E-ALPHA/E-BETA } =      -0.235579546293
 
** TOTAL CPU Time HF-MBPT :      0.122 (s)
** TOTAL Elapsed Time HF-MBPT :      0.029 (s)
 

  TOTAL CPU Time:      0.224 (s)
 TOTAL Wall Time:      0.999 (s)
  Elapsed Time:   0h  0m  0s 999ms
LOWDIN execution terminated normally at : Thu Feb  6 15:38:27 2025
-rw-rw-r-- 1 pohl pohl 2,1M feb  6 15:38 0E-ALPHA.E-BETA.ints
-rw-rw-r-- 1 pohl pohl 1,4M feb  6 15:38 0E-ALPHA.ints
-rw-rw-r-- 1 pohl pohl 2,1M feb  6 15:38 1E-ALPHA.E-BETA.ints
-rw-rw-r-- 1 pohl pohl 1,4M feb  6 15:38 1E-ALPHA.ints
-rw-rw-r-- 1 pohl pohl 2,8M feb  6 15:38 2E-ALPHA.E-BETA.ints
-rw-rw-r-- 1 pohl pohl 1,4M feb  6 15:38 2E-ALPHA.ints
-rw-rw-r-- 1 pohl pohl 2,1M feb  6 15:38 3E-ALPHA.E-BETA.ints
-rw-rw-r-- 1 pohl pohl 1,4M feb  6 15:38 3E-ALPHA.ints
-rw-rw-r-- 1 pohl pohl 704K feb  6 15:38 E-ALPHA.E-BETAmoint.dat
-rw-rw-r-- 1 pohl pohl   12 feb  6 15:38 E-ALPHA.E-BETA.nints
-rw-rw-r-- 1 pohl pohl 2,8M feb  6 15:38 E-ALPHAmoint.dat
-rw-rw-r-- 1 pohl pohl 2,8M feb  6 15:38 E-BETAmoint.dat
-rw-rw-r-- 1 pohl pohl  205 feb  6 15:38 F-
-rw-rw-r-- 1 pohl pohl  773 feb  6 15:38 F-.aux
-rw-rw-r-- 1 pohl pohl  213 feb  6 15:38 F-.lowdin
-rw-rw-r-- 1 pohl pohl  41K feb  6 15:38 F-.out
-rw-rw-r-- 1 pohl pohl  49K feb  6 15:38 F-.vec
-rw-rw-r-- 1 pohl pohl   58 feb  6 15:38 gepol.inp
-rw-rw-r-- 1 pohl pohl  100 feb  6 15:38 gepol.xyzr
-rw-rw-r-- 1 pohl pohl 6,3K feb  6 15:38 lowdin.bas
-rw-rw-r-- 1 pohl pohl  16K feb  6 15:38 lowdin.dat
-rw-rw-r-- 1 pohl pohl 573K feb  6 15:38 lowdin.opints
-rw-rw-r-- 1 pohl pohl  24K feb  6 15:38 lowdin.sys
-rw-rw-r-- 1 pohl pohl 524K feb  6 15:38 lowdin.wfn
