Begin job by input: PsF.lowdin, for user:   at  mar 25 feb 2025 14:21:55 -05
under operating system Linux helios 5.19.0-46-generic #47-Ubuntu SMP PREEMPT_DYNAMIC Fri Jun 16 13:30:11 UTC 2023 x86_64 x86_64 x86_64 GNU/Linux
Compilation information
  commit: f31d3924f6ee2ce9d77f07edcc1ba27359319d14
  compilation date:  mar 17 sep 2024 16:16:17 -05

BEGIN INPUT INFO:
------------------------------------

GEOMETRY
	e-(F)	AUG-CC-PVTZ 0.0 0.0 0.0 multiplicity=1 addParticles=1 
	F	Dirac 0.0 0.0 0.0
	E+	PSX-TZ	0.0 0.0 0.0		
END GEOMETRY

TASKS
        method = "UHF"
	mollerPlessetCorrection=2
END TASKS

CONTROL
	buildMixedDensityMatrix=true
        !convergenceMethod=4
        !iterationScheme=1
        scfNonelectronicTypeGuess = "ones"
        !nonelectronicLevelShifting=-0.1
        !activateLevelShifting=true
        units="ANGS"
END CONTROL






... END INPUT INFO


 LOWDIN execution started at : Tue Feb 25 14:21:55 2025
 ---------------------------------------------------------------
 
 ***************************************************************
 *                   LOWDIN 2.0  (May/2013)                    *
 *                                                             *
 *  R. FLORES-MORENO, E. F. POSADA, F. S. MONCADA, J.ROMERO,   *
 *  J. CHARRY, M. DIAZ-TINOCO, S. A. GONZALEZ, N. F. AGUIRRE,  *
 *  A. REYES                                                   *
 *                                                             *
 *  https://sites.google.com/site/lowdinproject/               *
 *                                                             *
 ***************************************************************
 
 PARSING INPUT... DONE!
 
 LOWDIN IS RUNNING WITH NEXT PARAMETERS: 
 ----------------------------------------
 
         METHOD TYPE:  UHF
         NUMBER OF CORES:     4
         MOLLER PLESSET CORRECTION:      2
         NONELECTRONIC DENSITY GUESS: ONES
         ELECTRONIC DENSITY GUESS: HCORE
         CRITERIUM OF CONVERGENCE: ENERGY
         NONELECTRONIC ENERGY TOLERANCE IN SCFs:     0.10000E-07
         ELECTRONIC ENERGY TOLERANCE IN SCFs:     0.10000E-07
         TOTAL ENERGY TOLERANCE IN SCFs:     0.10000E-07
         SCHEME OF ITERATION: GLOBAL ITERATIONS
         SCF MAX. SUBITERATIONS - NONELECTRONS :     1
         SCF MAX. SUBITERATIONS - ELECTRONS :     1
         SCF MAX. ITERATIONS - INTERSPECIES :   200
         INTEGRAL STORAGE: DISK
         STACK SIZE FOR ERIS : 30000
         METHOD OF SCF CONVERGENCE: DAMPING
 
  MOLECULAR SYSTEM: PsF
 -----------------
 
    DESCRIPTION   : PsF
    CHARGE        :   2
    PUNTUAL GROUP : NONE
 
 
  INFORMATION OF PARTICLES :
 =========================
         Total number of particles   =      12
         Number of quantum particles =      11
         Number of puntual charges   =       1
         Number of quantum species   =       3
 
                 INFORMATION OF QUANTUM SPECIES 
    ----------------------------------------------------------------------
         ID      Symbol            mass     charge      omega     spin     multiplicity
    ----------------------------------------------------------------------
         1        E-ALPHA         1.0000     -1.00      0.00      0.50      1.00
         2         E-BETA         1.0000     -1.00      0.00      0.50      1.00
         3             E+         1.0000      1.00      0.00      0.50      1.00
 
                   CONSTANTS OF COUPLING 
      ------------------------------------------------------------
              Symbol      kappa        eta     lambda occupation
      ------------------------------------------------------------
             E-ALPHA      -1.00       1.00       1.00       5.00
              E-BETA      -1.00       1.00       1.00       5.00
                  E+      -1.00       1.00       1.00       1.00
 
                   BASIS SET FOR SPECIES 
      ------------------------------------------------------------
           Symbol          N. Basis     N. Particles     Basis Set
      ------------------------------------------------------------
            E-ALPHA           14                5     AUG-CC-PVT
             E-BETA           14                5     AUG-CC-PVT
                 E+           15                1         PSX-TZ
 
                                ATOMIC BASIS
         ------------------------------------------------------------
          PRIMITIVE   SHELL             EXPONENT         COEFFICIENT 
         ------------------------------------------------------------
 
    BEGIN DESCRIPTION OF BASIS FOR: E-ALP
    ==============================
 
 
             F BASIS SET:    AUG-CC-PVTZ
             1         S            19500.00000000          0.00050700
             2         S             2923.00000000          0.00392300
             3         S              664.50000000          0.02020000
             4         S              187.50000000          0.07901000
             5         S               60.62000000          0.23043900
             6         S               21.42000000          0.43287200
             7         S                7.95000000          0.34996400
             8         S                0.88150000         -0.00789200
             1         S            19500.00000000         -0.00011700
             2         S             2923.00000000         -0.00091200
             3         S              664.50000000         -0.00471700
             4         S              187.50000000         -0.01908600
             5         S               60.62000000         -0.05965500
             6         S               21.42000000         -0.14001000
             7         S                7.95000000         -0.17678200
             8         S                0.88150000          0.60504300
             1         S                2.25700000          1.00000000
             1         S                0.30410000          1.00000000
             1         S                0.09158000          1.00000000
             1         P               43.88000000          0.01666500
             2         P                9.92600000          0.10447200
             3         P                2.93000000          0.31726000
             1         P                0.91320000          1.00000000
             1         P                0.26720000          1.00000000
             1         P                0.07361000          1.00000000
             1         D                3.10700000          1.00000000
             1         D                0.85500000          1.00000000
             1         D                0.29200000          1.00000000
             1         F                1.91700000          1.00000000
             1         F                0.72400000          1.00000000
    ... END DESCRIPTION OF BASIS
 
 
    BEGIN DESCRIPTION OF BASIS FOR:    E+
    ==============================
 
 
            E+ BASIS SET:         PSX-TZ
             1         S                0.01706472          1.00000000
             1         S                0.04342701          1.00000000
             1         S                0.11051484          1.00000000
             1         S                0.28124275          1.00000000
             1         S                0.71571820          1.00000000
             1         S                1.82138931          1.00000000
             1         P                0.04963129          1.00000000
             1         P                0.12420747          1.00000000
             1         P                0.31084209          1.00000000
             1         P                0.77791460          1.00000000
             1         D                0.09506481          1.00000000
             1         D                0.23367773          1.00000000
             1         D                0.57440058          1.00000000
             1         F                0.15956751          1.00000000
             1         F                0.42730646          1.00000000
    ... END DESCRIPTION OF BASIS
 
 
  END INFORMATION OF PARTICLES
 
 
  INFORMATION OF THE QUANTUM SYSTEM 
     ---------------------------------------------------------------------
                 ID     Occupied Orbitals     Basis size
     ---------------------------------------------------------------------
            E-ALPHA            5               55
             E-BETA            5               55
                 E+            1               56
 
  END INFORMATION OF QUANTUM SYSTEM
 
                       INITIAL GEOMETRY: AMSTRONG
                 -----------------------------------
                       <x>                 <y>                 <z>
  E-ALPHAF        0.0000000000        0.0000000000        0.0000000000
        E+        0.0000000000        0.0000000000        0.0000000000
         F        0.0000000000        0.0000000000        0.0000000000
 
                     MATRIX OF DISTANCE: ANGSTROM
                 -----------------------------------
                          F(1)      
 
        F(1)             0.000000
 
--------------------------------------------------------------------------------
** PROGRAM: SCF (Hartree Fock).     Author: S.A. Gonzalez, E. Posada, F. Moncada
--------------------------------------------------------------------------------
INFO: RUNNING IN UHF MODE.
 
----------------------------------------------------------------------
** PROGRAM INTS                          Author: E. F. Posada, 2013   
----------------------------------------------------------------------
INFO: RUNNING IN ONE_PARTICLE MODE.
 
 Number of Overlap integrals for species E-ALPHA:   3025
 Number of Overlap integrals for species E-BETA:   3025
 Number of Overlap integrals for species POSITRON:   3136
 Number of Kinetic integrals for species E-ALPHA:   3025
 Number of Kinetic integrals for species E-BETA:   3025
 Number of Kinetic integrals for species POSITRON:   3136
 Number of Nuclear integrals for species E-ALPHA:   3025
 Number of Nuclear integrals for species E-BETA:   3025
 Number of Nuclear integrals for species POSITRON:   3136
 Number of Moment integrals for species E-ALPHA:   9075
 Number of Moment integrals for species E-BETA:   9075
 Number of Moment integrals for species POSITRON:   9408
 
** TOTAL CPU Time INTS :      0.333 (s)
** TOTAL Elapsed Time INTS :      0.088 (s)
 
 Combination coefficients for E-ALPHA were read from PsF.vec
     number of    E-ALPHA     particles in guess density matrix:     5.000000
 Combination coefficients for E-BETA were read from PsF.vec
     number of     E-BETA     particles in guess density matrix:     5.000000
 Combination coefficients for POSITRON were read from PsF.vec
     number of   POSITRON     particles in guess density matrix:     1.000000
 Number of unique integrals for species: 1 = 157588
 Number of unique integrals for species: 3 = 170214
 Number of unique integrals for species: 1 / 2 = 313636 Screened: 0
 Number of unique integrals for species: 1 / 3 = 325956 Screened: 0
 
 TWO-BODY INTEGRAL SETUP: 
------------------------- 
 Storage:   DISK
 Scheme: LIBINT
 Stack size:  30000
 
 LIBINT library, Fermann, J. T.; Valeev, F. L. 2010                   
 LOWDIN-LIBINT Implementation V. 2.1  Posada E. F. ; Reyes A. 2016   
 ----------------------------------------------------------------------

*** TOTAL CPU time intra-species integrals :      0.445 (s)
*** TOTAL elapsed time intra-species integrals :      0.071 (s)


*** TOTAL CPU time inter-species integrals :      0.717 (s)
*** TOTAL elapsed time inter-species integrals :      0.154 (s)

INFO: RUNNING SCHEME SIMULTANEOUS
 
 Begin Multi-Species SCF calculation:
 
 --------------------------------------------------------------------------------------------------
      Iteration                   Energy            Energy Change           Density Change
 --------------------------------------------------------------------------------------------------
              1         -99.635031860171          99.635031860171           0.000000335114
              2         -99.635031860189           0.000000000018           0.000000063173
 Total energy converged after   2 global iterations                                                  
 
 ...end Multi-Species SCF calculation
 
 
 Begin SCF calculation by: E-ALPHA
 -------------------------
 
 -----------------------------------------------------------------------------------
 Iteration                   Energy           Density Change         DIIS Error 
 -----------------------------------------------------------------------------------
    1         -37.400305965353           0.000000021859                 -- 
 
 ... end SCF calculation
 
 Begin SCF calculation by: E-BETA
 -------------------------
 
 -----------------------------------------------------------------------------------
 Iteration                   Energy           Density Change         DIIS Error 
 -----------------------------------------------------------------------------------
    1         -37.400305922661           0.000000021436                 -- 
 
 ... end SCF calculation
 
 Begin SCF calculation by: POSITRON
 -------------------------
 
 -----------------------------------------------------------------------------------
 Iteration                   Energy           Density Change         DIIS Error 
 -----------------------------------------------------------------------------------
    1          -0.185242226914           0.000000019878                 -- 
 
 ... end SCF calculation
 
  EIGENVALUES AND EIGENVECTORS: 
 ==============================
 
 
  Eigenvalues for: E-ALPHA
 -----------------
 
    1         -26.085899427465
    2          -1.343879571254
    3          -0.449632873754
    4          -0.449632873754
    5          -0.449632873754
    6           0.195501731212
    7           0.221250837695
    8           0.221250837695
    9           0.221250837695
   10           0.901749756178
   11           0.967191985745
   12           0.967191985745
   13           0.967191985745
   14           0.967191985745
   15           0.967191985745
   16           1.042367544828
   17           1.042367544828
   18           1.042367544828
   19           2.890963784931
   20           2.890963784931
   21           2.890963784931
   22           2.966730676993
   23           3.015711011773
   24           3.015711011773
   25           3.015711011773
   26           3.015711011773
   27           3.015711011773
   28           3.060466534672
   29           3.060466534672
   30           3.060466534672
   31           3.060466534672
   32           3.060466534672
   33           3.060466534672
   34           3.060466534672
   35           5.102095812748
   36           7.547802143576
   37           7.547802143576
   38           7.547802143576
   39           9.001799444908
   40           9.001799444908
   41           9.001799444908
   42           9.001799444908
   43           9.001799444908
   44           9.001799444908
   45           9.001799444908
   46           9.483011396588
   47           9.483011396588
   48           9.483011396588
   49           9.483011396588
   50           9.483011396588
   51          14.677798597932
   52          17.791838742568
   53          17.791838742575
   54          17.791838742577
   55          23.593836429581
 
 
  Eigenvalues for: E-BETA
 -----------------
 
    1         -26.085899320102
    2          -1.343879525601
    3          -0.449632830899
    4          -0.449632830899
    5          -0.449632830899
    6           0.195501737034
    7           0.221250842982
    8           0.221250842982
    9           0.221250842982
   10           0.901749771077
   11           0.967191999787
   12           0.967191999787
   13           0.967191999787
   14           0.967191999787
   15           0.967191999787
   16           1.042367562891
   17           1.042367562891
   18           1.042367562891
   19           2.890963816647
   20           2.890963816647
   21           2.890963816647
   22           2.966730705661
   23           3.015711044752
   24           3.015711044752
   25           3.015711044752
   26           3.015711044752
   27           3.015711044752
   28           3.060466556192
   29           3.060466556192
   30           3.060466556192
   31           3.060466556192
   32           3.060466556192
   33           3.060466556192
   34           3.060466556192
   35           5.102095832390
   36           7.547802202372
   37           7.547802202372
   38           7.547802202372
   39           9.001799491763
   40           9.001799491763
   41           9.001799491763
   42           9.001799491763
   43           9.001799491763
   44           9.001799491763
   45           9.001799491763
   46           9.483011458944
   47           9.483011458944
   48           9.483011458944
   49           9.483011458944
   50           9.483011458944
   51          14.677798642947
   52          17.791838783847
   53          17.791838783853
   54          17.791838783855
   55          23.593836506715
 
 
  Eigenvalues for: POSITRON
 -----------------
 
    1          -0.185242226914
    2          -0.102294037719
    3          -0.102294037719
    4          -0.102294037719
    5          -0.066340517744
    6           0.048049788341
    7           0.067165109817
    8           0.067165109817
    9           0.067165109817
   10           0.067165109817
   11           0.067165109817
   12           0.109003567665
   13           0.109003567665
   14           0.109003567665
   15           0.292828881456
   16           0.413450814195
   17           0.413450814195
   18           0.413450814195
   19           0.413450814195
   20           0.413450814195
   21           0.413450814195
   22           0.413450814195
   23           0.611239528910
   24           0.611239528911
   25           0.611239528911
   26           0.663422625821
   27           0.663422625821
   28           0.663422625821
   29           0.663422625821
   30           0.663422625821
   31           0.740819191773
   32           1.519700641715
   33           1.597074443913
   34           1.597074443914
   35           1.597074443917
   36           1.917961140984
   37           1.917961140984
   38           1.917961140984
   39           1.917961140984
   40           1.917961140984
   41           1.917961140984
   42           1.917961140984
   43           2.667710493360
   44           2.667710493360
   45           2.667710493360
   46           2.667710493360
   47           2.667710493360
   48           2.900078109987
   49           3.245700594151
   50           3.245700594157
   51           3.245700594162
   52           5.667960513509
   53           7.623515707459
   54           7.623515707468
   55           7.623515707479
   56          18.782371430354
 
  end of eigenvalues 
 
  Occupied Eigenvectors for: E-ALPHA
 --------------------------- 
 
                         -26.0859        -1.3439        -0.4496        -0.4496        -0.4496   
 
    1      F     S       0.971067       0.009462       0.000000       0.000000      -0.000000
    2      F     S      -0.010643      -0.550615       0.000000       0.000000      -0.000000
    3      F     S       0.049012      -0.157875       0.000000      -0.000000       0.000000
    4      F     S      -0.016220      -0.398507      -0.000000       0.000000      -0.000000
    5      F     S      -0.001165      -0.032021      -0.000000       0.000000      -0.000000
    6      F    Px       0.000000      -0.000000      -0.261397       0.259771       0.021202
    7      F    Py      -0.000000      -0.000000      -0.259815      -0.257333      -0.050349
    8      F    Pz      -0.000000       0.000000       0.020652       0.050577      -0.365068
    9      F    Px      -0.000000       0.000000      -0.291848       0.290032       0.023672
   10      F    Py      -0.000000       0.000000      -0.290081      -0.287310      -0.056214
   11      F    Pz       0.000000      -0.000000       0.023058       0.056469      -0.407595
   12      F    Px      -0.000000      -0.000000      -0.256370       0.254774       0.020794
   13      F    Py       0.000000       0.000000      -0.254818      -0.252383      -0.049381
   14      F    Pz       0.000000      -0.000000       0.020255       0.049605      -0.358046
   15      F    Px       0.000000       0.000000      -0.069356       0.068925       0.005626
   16      F    Py      -0.000000      -0.000000      -0.068937      -0.068278      -0.013359
   17      F    Pz      -0.000000       0.000000       0.005480       0.013420      -0.096863
   18      F   Dxx       0.002827      -0.001503       0.000000      -0.000000       0.000000
   19      F   Dxy       0.000000       0.000000      -0.000000       0.000000       0.000000
   20      F   Dxz       0.000000      -0.000000      -0.000000      -0.000000       0.000000
   21      F   Dyy       0.002827      -0.001503       0.000000      -0.000000       0.000000
   22      F   Dyz       0.000000       0.000000      -0.000000      -0.000000      -0.000000
   23      F   Dzz       0.002827      -0.001503       0.000000      -0.000000       0.000000
   24      F   Dxx       0.007978       0.002024       0.000000      -0.000000       0.000000
   25      F   Dxy      -0.000000       0.000000       0.000000      -0.000000       0.000000
   26      F   Dxz      -0.000000       0.000000      -0.000000       0.000000       0.000000
   27      F   Dyy       0.007978       0.002024       0.000000      -0.000000       0.000000
   28      F   Dyz      -0.000000       0.000000       0.000000      -0.000000      -0.000000
   29      F   Dzz       0.007978       0.002024       0.000000      -0.000000       0.000000
   30      F   Dxx       0.002730       0.001272       0.000000      -0.000000       0.000000
   31      F   Dxy       0.000000      -0.000000      -0.000000       0.000000       0.000000
   32      F   Dxz       0.000000      -0.000000       0.000000      -0.000000      -0.000000
   33      F   Dyy       0.002730       0.001272       0.000000      -0.000000       0.000000
   34      F   Dyz       0.000000       0.000000      -0.000000      -0.000000       0.000000
   35      F   Dzz       0.002730       0.001272       0.000000      -0.000000       0.000000
   36      F  Fxxx       0.000000      -0.000000      -0.010096       0.010033       0.000819
   37      F  Fxxy       0.000000      -0.000000      -0.004488      -0.004445      -0.000870
   38      F  Fxxz      -0.000000       0.000000       0.000357       0.000874      -0.006306
   39      F  Fxyy       0.000000      -0.000000      -0.004515       0.004487       0.000366
   40      F  Fxyz      -0.000000       0.000000       0.000000      -0.000000      -0.000000
   41      F  Fxzz       0.000000      -0.000000      -0.004515       0.004487       0.000366
   42      F  Fyyy       0.000000      -0.000000      -0.010035      -0.009939      -0.001945
   43      F  Fyyz      -0.000000       0.000000       0.000357       0.000874      -0.006306
   44      F  Fyzz       0.000000      -0.000000      -0.004488      -0.004445      -0.000870
   45      F  Fzzz      -0.000000       0.000000       0.000798       0.001954      -0.014100
   46      F  Fxxx       0.000000      -0.000000      -0.009148       0.009092       0.000742
   47      F  Fxxy       0.000000      -0.000000      -0.004067      -0.004028      -0.000788
   48      F  Fxxz      -0.000000       0.000000       0.000323       0.000792      -0.005714
   49      F  Fxyy       0.000000       0.000000      -0.004091       0.004066       0.000332
   50      F  Fxyz       0.000000       0.000000      -0.000000       0.000000       0.000000
   51      F  Fxzz       0.000000      -0.000000      -0.004091       0.004066       0.000332
   52      F  Fyyy      -0.000000      -0.000000      -0.009093      -0.009006      -0.001762
   53      F  Fyyz      -0.000000       0.000000       0.000323       0.000792      -0.005714
   54      F  Fyzz      -0.000000      -0.000000      -0.004067      -0.004028      -0.000788
   55      F  Fzzz      -0.000000       0.000000       0.000723       0.001770      -0.012777
 
 
  Occupied Eigenvectors for: E-BETA
 --------------------------- 
 
                         -26.0859        -1.3439        -0.4496        -0.4496        -0.4496   
 
    1      F     S      -0.971067       0.009462      -0.000000      -0.000000       0.000000
    2      F     S       0.010643      -0.550615      -0.000000      -0.000000       0.000000
    3      F     S      -0.049012      -0.157875       0.000000       0.000000       0.000000
    4      F     S       0.016220      -0.398507      -0.000000      -0.000000      -0.000000
    5      F     S       0.001165      -0.032021      -0.000000       0.000000      -0.000000
    6      F    Px      -0.000000       0.000000       0.001843      -0.368839       0.014615
    7      F    Py       0.000000      -0.000000       0.024064      -0.014464      -0.368063
    8      F    Pz       0.000000       0.000000      -0.368343      -0.002790      -0.023972
    9      F    Px       0.000000       0.000000       0.002057      -0.411805       0.016318
   10      F    Py       0.000000       0.000000       0.026867      -0.016149      -0.410940
   11      F    Pz      -0.000000      -0.000000      -0.411252      -0.003115      -0.026765
   12      F    Px       0.000000      -0.000000       0.001807      -0.361745       0.014334
   13      F    Py      -0.000000       0.000000       0.023601      -0.014186      -0.360984
   14      F    Pz      -0.000000      -0.000000      -0.361259      -0.002737      -0.023511
   15      F    Px      -0.000000       0.000000       0.000489      -0.097864       0.003878
   16      F    Py       0.000000      -0.000000       0.006385      -0.003838      -0.097658
   17      F    Pz       0.000000      -0.000000      -0.097732      -0.000740      -0.006361
   18      F   Dxx      -0.002827      -0.001503       0.000000       0.000000       0.000000
   19      F   Dxy      -0.000000      -0.000000      -0.000000      -0.000000       0.000000
   20      F   Dxz      -0.000000      -0.000000       0.000000      -0.000000       0.000000
   21      F   Dyy      -0.002827      -0.001503       0.000000       0.000000       0.000000
   22      F   Dyz      -0.000000       0.000000      -0.000000       0.000000      -0.000000
   23      F   Dzz      -0.002827      -0.001503       0.000000       0.000000       0.000000
   24      F   Dxx      -0.007978       0.002024       0.000000       0.000000       0.000000
   25      F   Dxy       0.000000       0.000000      -0.000000       0.000000       0.000000
   26      F   Dxz       0.000000       0.000000       0.000000       0.000000       0.000000
   27      F   Dyy      -0.007978       0.002024       0.000000       0.000000       0.000000
   28      F   Dyz       0.000000       0.000000      -0.000000       0.000000      -0.000000
   29      F   Dzz      -0.007978       0.002024       0.000000       0.000000       0.000000
   30      F   Dxx      -0.002730       0.001272       0.000000       0.000000       0.000000
   31      F   Dxy      -0.000000      -0.000000      -0.000000       0.000000      -0.000000
   32      F   Dxz      -0.000000      -0.000000       0.000000      -0.000000      -0.000000
   33      F   Dyy      -0.002730       0.001272       0.000000      -0.000000       0.000000
   34      F   Dyz      -0.000000       0.000000       0.000000      -0.000000       0.000000
   35      F   Dzz      -0.002730       0.001272       0.000000       0.000000       0.000000
   36      F  Fxxx      -0.000000      -0.000000       0.000071      -0.014246       0.000564
   37      F  Fxxy      -0.000000      -0.000000       0.000416      -0.000250      -0.006358
   38      F  Fxxz       0.000000       0.000000      -0.006362      -0.000048      -0.000414
   39      F  Fxyy      -0.000000      -0.000000       0.000032      -0.006371       0.000252
   40      F  Fxyz       0.000000      -0.000000      -0.000000      -0.000000       0.000000
   41      F  Fxzz      -0.000000      -0.000000       0.000032      -0.006371       0.000252
   42      F  Fyyy      -0.000000      -0.000000       0.000929      -0.000559      -0.014216
   43      F  Fyyz       0.000000       0.000000      -0.006362      -0.000048      -0.000414
   44      F  Fyzz      -0.000000      -0.000000       0.000416      -0.000250      -0.006358
   45      F  Fzzz       0.000000       0.000000      -0.014227      -0.000108      -0.000926
   46      F  Fxxx      -0.000000       0.000000       0.000064      -0.012909       0.000512
   47      F  Fxxy       0.000000      -0.000000       0.000377      -0.000226      -0.005761
   48      F  Fxxz       0.000000       0.000000      -0.005765      -0.000044      -0.000375
   49      F  Fxyy      -0.000000       0.000000       0.000029      -0.005773       0.000229
   50      F  Fxyz      -0.000000       0.000000      -0.000000       0.000000      -0.000000
   51      F  Fxzz      -0.000000       0.000000       0.000029      -0.005773       0.000229
   52      F  Fyyy       0.000000      -0.000000       0.000842      -0.000506      -0.012882
   53      F  Fyyz       0.000000       0.000000      -0.005765      -0.000044      -0.000375
   54      F  Fyzz       0.000000      -0.000000       0.000377      -0.000226      -0.005761
   55      F  Fzzz       0.000000       0.000000      -0.012891      -0.000098      -0.000839
 
 
  Occupied Eigenvectors for: POSITRON
 --------------------------- 
 
                          -0.1852   
 
    1     E+     S      -0.194533
    2     E+     S      -0.761549
    3     E+     S      -0.337722
    4     E+     S       0.088858
    5     E+     S       0.108362
    6     E+     S       0.013721
    7     E+    Px      -0.000000
    8     E+    Py       0.000000
    9     E+    Pz      -0.000000
   10     E+    Px      -0.000000
   11     E+    Py       0.000000
   12     E+    Pz      -0.000000
   13     E+    Px      -0.000000
   14     E+    Py      -0.000000
   15     E+    Pz       0.000000
   16     E+    Px       0.000000
   17     E+    Py      -0.000000
   18     E+    Pz      -0.000000
   19     E+   Dxx       0.025162
   20     E+   Dxy       0.000000
   21     E+   Dxz      -0.000000
   22     E+   Dyy       0.025162
   23     E+   Dyz      -0.000000
   24     E+   Dzz       0.025162
   25     E+   Dxx       0.036126
   26     E+   Dxy      -0.000000
   27     E+   Dxz      -0.000000
   28     E+   Dyy       0.036126
   29     E+   Dyz       0.000000
   30     E+   Dzz       0.036126
   31     E+   Dxx       0.016277
   32     E+   Dxy       0.000000
   33     E+   Dxz       0.000000
   34     E+   Dyy       0.016277
   35     E+   Dyz      -0.000000
   36     E+   Dzz       0.016277
   37     E+  Fxxx       0.000000
   38     E+  Fxxy      -0.000000
   39     E+  Fxxz       0.000000
   40     E+  Fxyy       0.000000
   41     E+  Fxyz       0.000000
   42     E+  Fxzz       0.000000
   43     E+  Fyyy      -0.000000
   44     E+  Fyyz       0.000000
   45     E+  Fyzz      -0.000000
   46     E+  Fzzz       0.000000
   47     E+  Fxxx       0.000000
   48     E+  Fxxy      -0.000000
   49     E+  Fxxz       0.000000
   50     E+  Fxyy       0.000000
   51     E+  Fxyz      -0.000000
   52     E+  Fxzz       0.000000
   53     E+  Fyyy      -0.000000
   54     E+  Fyyz       0.000000
   55     E+  Fyzz      -0.000000
   56     E+  Fzzz       0.000000
 
 
  end of eigenvectors 
 
  END OF EIGENVALUES AND EIGENVECTORS
 
 
  COMPONENTS OF KINETIC ENERGY: 
 -----------------------------
 
             E-ALPHA Kinetic energy =           49.775064162614
              E-BETA Kinetic energy =           49.775063946607
            POSITRON Kinetic energy =            0.070003246455
                                     _________________________
               Total kinetic energy =           99.620131355675
 
  COMPONENTS OF POTENTIAL ENERGY: 
 -------------------------------
 
          Fixed potential energy    =            0.000000000000
 
  Quantum/Fixed interaction energy: 
 ----------------------------------
 
     E-ALPHA/Fixed interact. energy =         -121.899488138269
      E-BETA/Fixed interact. energy =         -121.899487718957
    POSITRON/Fixed interact. energy =            2.651384131679
                                     _________________________
               Total Q/Fixed energy =         -241.147591725547
 
  Coulomb energy: 
 ------------------
 
     E-ALPHA/E-ALPHA Hartree energy =           13.777912939561
       E-BETA/E-BETA Hartree energy =           13.777912822166
   POSITRON/POSITRON Hartree energy =            0.000000000000
      E-ALPHA/E-BETA Hartree energy =           27.555825761727
    E-ALPHA/POSITRON Hartree energy =           -1.453314859083
     E-BETA/POSITRON Hartree energy =           -1.453314857999
                                     _________________________
               Total Hartree energy =           52.205021806373
 
  Exchange(HF) energy: 
 ----------------------
 
            E-ALPHA Exchange energy =           -5.156296663551
             E-BETA Exchange energy =           -5.156296633148
           POSITRON Exchange energy =            0.000000000000
                                     _________________________
              Total Exchange energy =          -10.312593296698
 
  TOTAL ENERGY COMPONENTS: 
 ==========================
 
          TOTAL KINETIC ENERGY      =           99.620131355675
          TOTAL POTENTIAL ENERGY    =         -199.255163215872
                                     _________________________
                       TOTAL ENERGY =          -99.635031860197
 
                 VIRIAL RATIO (V/T) =            2.000149573227
 
 
  END ENERGY COMPONENTS
 
 
** TOTAL CPU Time SCF :      0.604 (s)
** TOTAL Elapsed Time SCF :      0.287 (s)
 
 We are calculating properties for E-ALPHA in the HF/KS ground state
 We are calculating properties for E-BETA in the HF/KS ground state
 We are calculating properties for POSITRON in the HF/KS ground state
 
  POPULATION ANALYSES: 
 ====================
 
 MULLIKEN Population: for E-        
 ---------------------
 
                          total          spin      
 
    1      F     S       1.941307       0.000000
    2      F     S       1.042396       0.000000
    3      F     S       0.261211       0.000000
    4      F     S       0.717468      -0.000000
    5      F     S       0.038489      -0.000000
    6      F    Px       0.520721       0.000000
    7      F    Py       0.520721       0.000000
    8      F    Pz       0.520721       0.000000
    9      F    Px       0.757637       0.000000
   10      F    Py       0.757637       0.000000
   11      F    Pz       0.757637       0.000000
   12      F    Px       0.570929      -0.000000
   13      F    Py       0.570929      -0.000000
   14      F    Pz       0.570929      -0.000000
   15      F    Px       0.084343      -0.000000
   16      F    Py       0.084343      -0.000000
   17      F    Pz       0.084343      -0.000000
   18      F   Dxx       0.002761       0.000000
   19      F   Dxy      -0.000000      -0.000000
   20      F   Dxz       0.000000      -0.000000
   21      F   Dyy       0.002761       0.000000
   22      F   Dyz       0.000000      -0.000000
   23      F   Dzz       0.002761       0.000000
   24      F   Dxx      -0.002110      -0.000000
   25      F   Dxy       0.000000       0.000000
   26      F   Dxz       0.000000       0.000000
   27      F   Dyy      -0.002110      -0.000000
   28      F   Dyz       0.000000       0.000000
   29      F   Dzz      -0.002110      -0.000000
   30      F   Dxx      -0.000942       0.000000
   31      F   Dxy       0.000000      -0.000000
   32      F   Dxz       0.000000       0.000000
   33      F   Dyy      -0.000942       0.000000
   34      F   Dyz       0.000000      -0.000000
   35      F   Dzz      -0.000942       0.000000
   36      F  Fxxx       0.021738       0.000000
   37      F  Fxxy       0.007246       0.000000
   38      F  Fxxz       0.007246       0.000000
   39      F  Fxyy       0.007246       0.000000
   40      F  Fxyz       0.000000       0.000000
   41      F  Fxzz       0.007246       0.000000
   42      F  Fyyy       0.021738       0.000000
   43      F  Fyyz       0.007246       0.000000
   44      F  Fyzz       0.007246       0.000000
   45      F  Fzzz       0.021738       0.000000
   46      F  Fxxx       0.018084      -0.000000
   47      F  Fxxy       0.006028      -0.000000
   48      F  Fxxz       0.006028      -0.000000
   49      F  Fxyy       0.006028      -0.000000
   50      F  Fxyz       0.000000      -0.000000
   51      F  Fxzz       0.006028      -0.000000
   52      F  Fyyy       0.018084      -0.000000
   53      F  Fyyz       0.006028      -0.000000
   54      F  Fyzz       0.006028      -0.000000
   55      F  Fzzz       0.018084      -0.000000
 
                           __________     __________
              Total =       10.000000      -0.000000
 
  Atomic MULLIKEN Population: for E-        
            F               10.000000      -0.000000
 
 ...end of MULLIKEN Population
 
 
 END POPULATION ANALYSES 
 
 
  POPULATION ANALYSES: 
 ====================
 
 LOWDIN Population: for E-        
 ---------------------
 
                          total          spin      
 
    1      F     S       1.574849       0.000000
    2      F     S       0.607703       0.000000
    3      F     S       0.411123       0.000000
    4      F     S       0.306371      -0.000000
    5      F     S       0.082479      -0.000000
    6      F    Px       0.467265       0.000000
    7      F    Py       0.467265       0.000000
    8      F    Pz       0.467265       0.000000
    9      F    Px       0.358864       0.000000
   10      F    Py       0.358864       0.000000
   11      F    Pz       0.358864       0.000000
   12      F    Px       0.319009      -0.000000
   13      F    Py       0.319009      -0.000000
   14      F    Pz       0.319009      -0.000000
   15      F    Px       0.101644      -0.000000
   16      F    Py       0.101644      -0.000000
   17      F    Pz       0.101644      -0.000000
   18      F   Dxx       0.154464       0.000000
   19      F   Dxy      -0.000000      -0.000000
   20      F   Dxz      -0.000000      -0.000000
   21      F   Dyy       0.154464       0.000000
   22      F   Dyz      -0.000000       0.000000
   23      F   Dzz       0.154464       0.000000
   24      F   Dxx       0.153751      -0.000000
   25      F   Dxy       0.000000       0.000000
   26      F   Dxz      -0.000000      -0.000000
   27      F   Dyy       0.153751      -0.000000
   28      F   Dyz      -0.000000      -0.000000
   29      F   Dzz       0.153751      -0.000000
   30      F   Dxx       0.030943      -0.000000
   31      F   Dxy       0.000000      -0.000000
   32      F   Dxz       0.000000       0.000000
   33      F   Dyy       0.030943      -0.000000
   34      F   Dyz      -0.000000      -0.000000
   35      F   Dzz       0.030943      -0.000000
   36      F  Fxxx       0.224635       0.000000
   37      F  Fxxy       0.097957       0.000000
   38      F  Fxxz       0.097957       0.000000
   39      F  Fxyy       0.097957       0.000000
   40      F  Fxyz       0.000000      -0.000000
   41      F  Fxzz       0.097957       0.000000
   42      F  Fyyy       0.224635       0.000000
   43      F  Fyyz       0.097957       0.000000
   44      F  Fyzz       0.097957       0.000000
   45      F  Fzzz       0.224635       0.000000
   46      F  Fxxx       0.178591      -0.000000
   47      F  Fxxy       0.077039      -0.000000
   48      F  Fxxz       0.077039      -0.000000
   49      F  Fxyy       0.077039      -0.000000
   50      F  Fxyz       0.000000      -0.000000
   51      F  Fxzz       0.077039      -0.000000
   52      F  Fyyy       0.178591      -0.000000
   53      F  Fyyz       0.077039      -0.000000
   54      F  Fyzz       0.077039      -0.000000
   55      F  Fzzz       0.178591      -0.000000
 
                           __________     __________
              Total =       10.000000      -0.000000
 
  Atomic LOWDIN Population: for E-        
            F               10.000000      -0.000000
 
 ...end of LOWDIN Population
 
 
 END POPULATION ANALYSES 
 
 
  POPULATION ANALYSES: 
 ====================
 
 MULLIKEN Population: for POSITRON  
 ---------------------
 
                                    
 
    1     E+     S       0.173130
    2     E+     S       0.755058
    3     E+     S       0.273399
    4     E+     S      -0.042642
    5     E+     S      -0.023001
    6     E+     S      -0.001017
    7     E+    Px       0.000000
    8     E+    Py       0.000000
    9     E+    Pz       0.000000
   10     E+    Px       0.000000
   11     E+    Py       0.000000
   12     E+    Pz       0.000000
   13     E+    Px       0.000000
   14     E+    Py      -0.000000
   15     E+    Pz      -0.000000
   16     E+    Px      -0.000000
   17     E+    Py      -0.000000
   18     E+    Pz       0.000000
   19     E+   Dxx      -0.017962
   20     E+   Dxy      -0.000000
   21     E+   Dxz       0.000000
   22     E+   Dyy      -0.017962
   23     E+   Dyz       0.000000
   24     E+   Dzz      -0.017962
   25     E+   Dxx      -0.021402
   26     E+   Dxy       0.000000
   27     E+   Dxz       0.000000
   28     E+   Dyy      -0.021402
   29     E+   Dyz      -0.000000
   30     E+   Dzz      -0.021402
   31     E+   Dxx      -0.005612
   32     E+   Dxy      -0.000000
   33     E+   Dxz      -0.000000
   34     E+   Dyy      -0.005612
   35     E+   Dyz       0.000000
   36     E+   Dzz      -0.005612
   37     E+  Fxxx      -0.000000
   38     E+  Fxxy      -0.000000
   39     E+  Fxxz      -0.000000
   40     E+  Fxyy      -0.000000
   41     E+  Fxyz       0.000000
   42     E+  Fxzz      -0.000000
   43     E+  Fyyy      -0.000000
   44     E+  Fyyz       0.000000
   45     E+  Fyzz      -0.000000
   46     E+  Fzzz      -0.000000
   47     E+  Fxxx      -0.000000
   48     E+  Fxxy      -0.000000
   49     E+  Fxxz      -0.000000
   50     E+  Fxyy      -0.000000
   51     E+  Fxyz      -0.000000
   52     E+  Fxzz      -0.000000
   53     E+  Fyyy      -0.000000
   54     E+  Fyyz       0.000000
   55     E+  Fyzz      -0.000000
   56     E+  Fzzz      -0.000000
 
                           __________
              Total =        1.000000
 
  Atomic MULLIKEN Population: for POSITRON  
            F                1.000000
 
 ...end of MULLIKEN Population
 
 
 END POPULATION ANALYSES 
 
 
  POPULATION ANALYSES: 
 ====================
 
 LOWDIN Population: for POSITRON  
 ---------------------
 
                                    
 
    1     E+     S       0.213493
    2     E+     S       0.220239
    3     E+     S       0.078385
    4     E+     S       0.014353
    5     E+     S       0.000318
    6     E+     S       0.000073
    7     E+    Px       0.000000
    8     E+    Py       0.000000
    9     E+    Pz       0.000000
   10     E+    Px       0.000000
   11     E+    Py      -0.000000
   12     E+    Pz      -0.000000
   13     E+    Px      -0.000000
   14     E+    Py       0.000000
   15     E+    Pz      -0.000000
   16     E+    Px       0.000000
   17     E+    Py       0.000000
   18     E+    Pz      -0.000000
   19     E+   Dxx       0.106474
   20     E+   Dxy      -0.000000
   21     E+   Dxz       0.000000
   22     E+   Dyy       0.106474
   23     E+   Dyz       0.000000
   24     E+   Dzz       0.106474
   25     E+   Dxx       0.043770
   26     E+   Dxy       0.000000
   27     E+   Dxz       0.000000
   28     E+   Dyy       0.043770
   29     E+   Dyz       0.000000
   30     E+   Dzz       0.043770
   31     E+   Dxx       0.007469
   32     E+   Dxy      -0.000000
   33     E+   Dxz       0.000000
   34     E+   Dyy       0.007469
   35     E+   Dyz       0.000000
   36     E+   Dzz       0.007469
   37     E+  Fxxx      -0.000000
   38     E+  Fxxy       0.000000
   39     E+  Fxxz      -0.000000
   40     E+  Fxyy      -0.000000
   41     E+  Fxyz       0.000000
   42     E+  Fxzz       0.000000
   43     E+  Fyyy       0.000000
   44     E+  Fyyz       0.000000
   45     E+  Fyzz       0.000000
   46     E+  Fzzz      -0.000000
   47     E+  Fxxx       0.000000
   48     E+  Fxxy       0.000000
   49     E+  Fxxz      -0.000000
   50     E+  Fxyy       0.000000
   51     E+  Fxyz      -0.000000
   52     E+  Fxzz       0.000000
   53     E+  Fyyy       0.000000
   54     E+  Fyyz      -0.000000
   55     E+  Fyzz       0.000000
   56     E+  Fzzz      -0.000000
 
                           __________
              Total =        1.000000
 
  Atomic LOWDIN Population: for POSITRON  
            F                1.000000
 
 ...end of LOWDIN Population
 
 
 END POPULATION ANALYSES 
 
 
  EXPECTED POSITIONS OF QUANTUM SPECIES:
 ======================
 
 POSITIONS IN ANGSTROMS
 ------
 
                        <x>      <y>      <z>         
            E-ALPHA  -0.0000  -0.0000  -0.0000
             E-BETA  -0.0000  -0.0000   0.0000
           POSITRON   0.0000  -0.0000   0.0000
 
 END EXPECTED POSITIONS
 
 
  ELECTROSTATIC MOMENTS:
 ======================
 
 
 DIPOLE: (A.U.)
 ------
 
                           <Dx>         <Dy>         <Dz>          |D|
            E-ALPHA   0.00000000   0.00000000   0.00000000
             E-BETA   0.00000000   0.00000000  -0.00000000
           POSITRON   0.00000000  -0.00000000   0.00000000
    Point charges:    0.00000000   0.00000000   0.00000000
                     ____________________________
      Total Dipole:   0.00000000  -0.00000000   0.00000000   0.00000000
 
 DIPOLE: (DEBYE)
 ------
 
                           <Dx>         <Dy>         <Dz>          |D|
            E-ALPHA   0.00000000   0.00000000   0.00000000
             E-BETA   0.00000000   0.00000000  -0.00000000
           POSITRON   0.00000000  -0.00000000   0.00000000
    Point charges:    0.00000000   0.00000000   0.00000000
                     ____________________________
      Total Dipole:   0.00000000  -0.00000000   0.00000000   0.00000000
 
 QUADRUPOLE NON-TRACELESS: (DEBYE ANGS)
 ------
 
                           <xx>         <yy>         <zz>         <xy>         <xz>         <yz>
            E-ALPHA   -3.42839504   -3.42839504   -3.42839504   -0.00000000   -0.00000000    0.00000000
             E-BETA   -3.42839515   -3.42839515   -3.42839515    0.00000000   -0.00000000    0.00000000
           POSITRON    8.79605726    8.79605726    8.79605726   -0.00000000    0.00000000    0.00000000
    Point charges:     0.00000000    0.00000000    0.00000000    0.00000000    0.00000000    0.00000000
  Total Quadrupole:    1.93926707    1.93926707    1.93926707    0.00000000   -0.00000000    0.00000000
                     ____________________________
 
 END ELECTROSTATIC MOMENTS
 
 
 BEGIN FOUR-INDEX INTEGRALS TRANFORMATION:
 ========================================
 Selected method: C         
 
 --------------------------------------------------
    4N^5 Algorithm Four-index integral tranformation
 --------------------------------------------------
 
 Integrals transformation for: E-ALPHA
 
              Transformation boundaries 
                 orbital lower upper
                       p     1     5
                       q     6    55
                       r     1     5
                       s     6    55
 
         Loading AO integrals time(s):  0.123E-02
      Integral transformation time(s):  0.598E-01
       Non-zero transformed integrals:        61638
 
 Inter-species integrals transformation for: E-ALPHA/E-BETA
 
              Transformation boundaries 
                 orbital lower upper
                       p     1     5
                       q     6    55
                       r     1     5
                       s     6    55
 
         Loading AO integrals time(s):  0.187E-02
      Integral transformation time(s):  0.224E+00
 Non zero transformed coupling integrals:        26866
 
 Inter-species integrals transformation for: E-ALPHA/POSITRON
 
              Transformation boundaries 
                 orbital lower upper
                       p     1     1
                       q     2    56
                       r     1     5
                       s     6    55
 
         Loading AO integrals time(s):  0.183E-02
      Integral transformation time(s):  0.475E-01
 Non zero transformed coupling integrals:         4907
 
 Integrals transformation for: E-BETA
 
              Transformation boundaries 
                 orbital lower upper
                       p     1     5
                       q     6    55
                       r     1     5
                       s     6    55
 
         Loading AO integrals time(s):  0.100E-02
      Integral transformation time(s):  0.583E-01
       Non-zero transformed integrals:        61638
 
 Inter-species integrals transformation for: E-BETA/POSITRON
 
              Transformation boundaries 
                 orbital lower upper
                       p     1     1
                       q     2    56
                       r     1     5
                       s     6    55
 
         Loading AO integrals time(s):  0.182E-02
      Integral transformation time(s):  0.488E-01
 Non zero transformed coupling integrals:         4907
 
 Integrals transformation for: POSITRON
 
              Transformation boundaries 
                 orbital lower upper
                       p     1     1
                       q     2    56
                       r     1     1
                       s     2    56
 
         Loading AO integrals time(s):  0.839E-03
      Integral transformation time(s):  0.331E-01
       Non-zero transformed integrals:         2522
 
** TOTAL Elapsed Time for integrals transformation :      0.509 (s)
 
 
  POST HARTREE-FOCK CALCULATION
  MANY-BODY PERTURBATION THEORY:
 ==============================
 
              MOLLER-PLESSET FORMALISM 
               ORDER OF CORRECTION =     2
 
                E(0) + E(1) =     -99.635031860197
                       E(2) =      -0.338001698706
                             ____________________
                     E(MP2) =     -99.973033558902
 
              -----------------------------------
               E(n){ Specie }     E(n) / Hartree 
              -----------------------------------
 
            E(2){ E-ALPHA } =      -0.040641485971
             E(2){ E-BETA } =      -0.040641486449
           E(2){ POSITRON } =       0.000000000000
 
     E(2){ E-ALPHA/E-BETA } =      -0.231579327079
   E(2){ E-ALPHA/POSITRON } =      -0.012569699330
    E(2){ E-BETA/POSITRON } =      -0.012569699877
 
** TOTAL CPU Time HF-MBPT :      0.210 (s)
** TOTAL Elapsed Time HF-MBPT :      0.051 (s)
 

  TOTAL CPU Time:      0.251 (s)
 TOTAL Wall Time:      0.909 (s)
  Elapsed Time:   0h  0m  0s 910ms
LOWDIN execution terminated normally at : Tue Feb 25 14:21:56 2025
-rw-rw-r-- 1 pohl pohl 2,1M feb 25 14:21 0E-ALPHA.E-BETA.ints
-rw-rw-r-- 1 pohl pohl 1,4M feb 25 14:21 0E-ALPHA.ints
-rw-rw-r-- 1 pohl pohl 2,1M feb 25 14:21 0E-ALPHA.POSITRON.ints
-rw-rw-r-- 1 pohl pohl 1,4M feb 25 14:21 0POSITRON.ints
-rw-rw-r-- 1 pohl pohl 2,1M feb 25 14:21 1E-ALPHA.E-BETA.ints
-rw-rw-r-- 1 pohl pohl 1,4M feb 25 14:21 1E-ALPHA.ints
-rw-rw-r-- 1 pohl pohl 2,1M feb 25 14:21 1E-ALPHA.POSITRON.ints
-rw-rw-r-- 1 pohl pohl 1,4M feb 25 14:21 1POSITRON.ints
-rw-rw-r-- 1 pohl pohl 2,8M feb 25 14:21 2E-ALPHA.E-BETA.ints
-rw-rw-r-- 1 pohl pohl 1,4M feb 25 14:21 2E-ALPHA.ints
-rw-rw-r-- 1 pohl pohl 2,1M feb 25 14:21 2E-ALPHA.POSITRON.ints
-rw-rw-r-- 1 pohl pohl 1,4M feb 25 14:21 2POSITRON.ints
-rw-rw-r-- 1 pohl pohl 2,1M feb 25 14:21 3E-ALPHA.E-BETA.ints
-rw-rw-r-- 1 pohl pohl 1,4M feb 25 14:21 3E-ALPHA.ints
-rw-rw-r-- 1 pohl pohl 2,1M feb 25 14:21 3E-ALPHA.POSITRON.ints
-rw-rw-r-- 1 pohl pohl 1,4M feb 25 14:21 3POSITRON.ints
-rw-rw-r-- 1 pohl pohl 704K feb 25 14:21 E-ALPHA.E-BETAmoint.dat
-rw-rw-r-- 1 pohl pohl   12 feb 25 14:21 E-ALPHA.E-BETA.nints
-rw-rw-r-- 1 pohl pohl 2,8M feb 25 14:21 E-ALPHAmoint.dat
-rw-rw-r-- 1 pohl pohl   12 feb 25 14:21 E-ALPHA.POSITRON.nints
-rw-rw-r-- 1 pohl pohl 2,8M feb 25 14:21 E-BETAmoint.dat
-rw-rw-r-- 1 pohl pohl   59 feb 25 14:21 gepol.inp
-rw-rw-r-- 1 pohl pohl  100 feb 25 14:21 gepol.xyzr
-rw-rw-r-- 1 pohl pohl 8,7K feb 25 14:21 lowdin.bas
-rw-rw-r-- 1 pohl pohl  16K feb 25 14:21 lowdin.dat
-rw-rw-r-- 1 pohl pohl 870K feb 25 14:21 lowdin.opints
-rw-rw-r-- 1 pohl pohl  31K feb 25 14:21 lowdin.sys
-rw-rw-r-- 1 pohl pohl 796K feb 25 14:21 lowdin.wfn
-rw-rw-r-- 1 pohl pohl 704K feb 25 14:21 POSITRON.E-ALPHAmoint.dat
-rw-rw-r-- 1 pohl pohl 704K feb 25 14:21 POSITRON.E-BETAmoint.dat
-rw-rw-r-- 1 pohl pohl 2,8M feb 25 14:21 POSITRONmoint.dat
-rw-rw-r-- 1 pohl pohl  310 feb 25 14:21 PsF
-rw-rw-r-- 1 pohl pohl 1,1K feb 25 14:21 PsF.aux
-rw-rw-r-- 1 pohl pohl  451 feb 25 14:21 PsF.lowdin
-rw-rw-r-- 1 pohl pohl  51K feb 25 14:21 PsF.out
-rw-rw-r-- 1 pohl pohl  74K feb 25 14:21 PsF.vec
