Begin job by input: usual_17.lowdin, for user:   at  mar 04 feb 2025 16:57:47 -05
under operating system Linux helios 5.19.0-46-generic #47-Ubuntu SMP PREEMPT_DYNAMIC Fri Jun 16 13:30:11 UTC 2023 x86_64 x86_64 x86_64 GNU/Linux
Compilation information
  commit: f31d3924f6ee2ce9d77f07edcc1ba27359319d14
  compilation date:  mar 17 sep 2024 16:16:17 -05

BEGIN INPUT INFO:
------------------------------------

GEOMETRY
	e-(F)	AUG-CC-PVTZ 0.0 0.0 0.0 multiplicity=2 addParticles=1 
	e-(F)	AUG-CC-PVTZ 0.0 0.0 3.9 
	F	Dirac 0.0 0.0 0.0
	F	Dirac 0.0 0.0 3.9
END GEOMETRY

TASKS
        method = "UHF"
	mollerPlessetCorrection=2
END TASKS

CONTROL
	units="ANGS"
END CONTROL






... END INPUT INFO


 LOWDIN execution started at : Tue Feb  4 16:57:47 2025
 ---------------------------------------------------------------
 
 ***************************************************************
 *                   LOWDIN 2.0  (May/2013)                    *
 *                                                             *
 *  R. FLORES-MORENO, E. F. POSADA, F. S. MONCADA, J.ROMERO,   *
 *  J. CHARRY, M. DIAZ-TINOCO, S. A. GONZALEZ, N. F. AGUIRRE,  *
 *  A. REYES                                                   *
 *                                                             *
 *  https://sites.google.com/site/lowdinproject/               *
 *                                                             *
 ***************************************************************
 
 PARSING INPUT... DONE!
 
 LOWDIN IS RUNNING WITH NEXT PARAMETERS: 
 ----------------------------------------
 
         METHOD TYPE:  UHF
         NUMBER OF CORES:     4
         MOLLER PLESSET CORRECTION:      2
         NONELECTRONIC DENSITY GUESS: HCORE
         ELECTRONIC DENSITY GUESS: HCORE
         CRITERIUM OF CONVERGENCE: ENERGY
         NONELECTRONIC ENERGY TOLERANCE IN SCFs:     0.10000E-07
         ELECTRONIC ENERGY TOLERANCE IN SCFs:     0.10000E-07
         TOTAL ENERGY TOLERANCE IN SCFs:     0.10000E-07
         SCHEME OF ITERATION: GLOBAL ITERATIONS
         SCF MAX. SUBITERATIONS - NONELECTRONS :     1
         SCF MAX. SUBITERATIONS - ELECTRONS :     1
         SCF MAX. ITERATIONS - INTERSPECIES :   200
         INTEGRAL STORAGE: DISK
         STACK SIZE FOR ERIS : 30000
         METHOD OF SCF CONVERGENCE: DAMPING
 
  MOLECULAR SYSTEM: usual_17
 -----------------
 
    DESCRIPTION   : usual_17
    CHARGE        :   0
    PUNTUAL GROUP : NONE
 
 
  INFORMATION OF PARTICLES :
 =========================
         Total number of particles   =      21
         Number of quantum particles =      19
         Number of puntual charges   =       2
         Number of quantum species   =       2
 
                 INFORMATION OF QUANTUM SPECIES 
    ----------------------------------------------------------------------
         ID      Symbol            mass     charge      omega     spin     multiplicity
    ----------------------------------------------------------------------
         1        E-ALPHA         1.0000     -1.00      0.00      0.50      2.00
         2         E-BETA         1.0000     -1.00      0.00      0.50      2.00
 
                   CONSTANTS OF COUPLING 
      ------------------------------------------------------------
              Symbol      kappa        eta     lambda occupation
      ------------------------------------------------------------
             E-ALPHA      -1.00       1.00       1.00      10.00
              E-BETA      -1.00       1.00       1.00       9.00
 
                   BASIS SET FOR SPECIES 
      ------------------------------------------------------------
           Symbol          N. Basis     N. Particles     Basis Set
      ------------------------------------------------------------
            E-ALPHA           28               10     AUG-CC-PVT
             E-BETA           28                9     AUG-CC-PVT
 
                                ATOMIC BASIS
         ------------------------------------------------------------
          PRIMITIVE   SHELL             EXPONENT         COEFFICIENT 
         ------------------------------------------------------------
 
    BEGIN DESCRIPTION OF BASIS FOR: E-ALP
    ==============================
 
 
             F BASIS SET:    AUG-CC-PVTZ
             1         S            19500.00000000          0.00050700
             2         S             2923.00000000          0.00392300
             3         S              664.50000000          0.02020000
             4         S              187.50000000          0.07901000
             5         S               60.62000000          0.23043900
             6         S               21.42000000          0.43287200
             7         S                7.95000000          0.34996400
             8         S                0.88150000         -0.00789200
             1         S            19500.00000000         -0.00011700
             2         S             2923.00000000         -0.00091200
             3         S              664.50000000         -0.00471700
             4         S              187.50000000         -0.01908600
             5         S               60.62000000         -0.05965500
             6         S               21.42000000         -0.14001000
             7         S                7.95000000         -0.17678200
             8         S                0.88150000          0.60504300
             1         S                2.25700000          1.00000000
             1         S                0.30410000          1.00000000
             1         S                0.09158000          1.00000000
             1         P               43.88000000          0.01666500
             2         P                9.92600000          0.10447200
             3         P                2.93000000          0.31726000
             1         P                0.91320000          1.00000000
             1         P                0.26720000          1.00000000
             1         P                0.07361000          1.00000000
             1         D                3.10700000          1.00000000
             1         D                0.85500000          1.00000000
             1         D                0.29200000          1.00000000
             1         F                1.91700000          1.00000000
             1         F                0.72400000          1.00000000
 
             F BASIS SET:    AUG-CC-PVTZ
             1         S            19500.00000000          0.00050700
             2         S             2923.00000000          0.00392300
             3         S              664.50000000          0.02020000
             4         S              187.50000000          0.07901000
             5         S               60.62000000          0.23043900
             6         S               21.42000000          0.43287200
             7         S                7.95000000          0.34996400
             8         S                0.88150000         -0.00789200
             1         S            19500.00000000         -0.00011700
             2         S             2923.00000000         -0.00091200
             3         S              664.50000000         -0.00471700
             4         S              187.50000000         -0.01908600
             5         S               60.62000000         -0.05965500
             6         S               21.42000000         -0.14001000
             7         S                7.95000000         -0.17678200
             8         S                0.88150000          0.60504300
             1         S                2.25700000          1.00000000
             1         S                0.30410000          1.00000000
             1         S                0.09158000          1.00000000
             1         P               43.88000000          0.01666500
             2         P                9.92600000          0.10447200
             3         P                2.93000000          0.31726000
             1         P                0.91320000          1.00000000
             1         P                0.26720000          1.00000000
             1         P                0.07361000          1.00000000
             1         D                3.10700000          1.00000000
             1         D                0.85500000          1.00000000
             1         D                0.29200000          1.00000000
             1         F                1.91700000          1.00000000
             1         F                0.72400000          1.00000000
    ... END DESCRIPTION OF BASIS
 
 
  END INFORMATION OF PARTICLES
 
 
  INFORMATION OF THE QUANTUM SYSTEM 
     ---------------------------------------------------------------------
                 ID     Occupied Orbitals     Basis size
     ---------------------------------------------------------------------
            E-ALPHA           10              110
             E-BETA            9              110
 
  END INFORMATION OF QUANTUM SYSTEM
 
                       INITIAL GEOMETRY: AMSTRONG
                 -----------------------------------
                       <x>                 <y>                 <z>
  E-ALPHAF        0.0000000000        0.0000000000        0.0000000000
  E-ALPHAF        0.0000000000        0.0000000000        3.9000000000
         F        0.0000000000        0.0000000000        0.0000000000
         F        0.0000000000        0.0000000000        3.9000000000
 
                     MATRIX OF DISTANCE: ANGSTROM
                 -----------------------------------
                          F(1)           F(2)      
 
        F(1)             0.000000       3.900000
        F(2)             3.900000       0.000000
 
--------------------------------------------------------------------------------
** PROGRAM: SCF (Hartree Fock).     Author: S.A. Gonzalez, E. Posada, F. Moncada
--------------------------------------------------------------------------------
INFO: RUNNING IN UHF MODE.
 
----------------------------------------------------------------------
** PROGRAM INTS                          Author: E. F. Posada, 2013   
----------------------------------------------------------------------
INFO: RUNNING IN ONE_PARTICLE MODE.
 
 Number of Overlap integrals for species E-ALPHA:  12100
 Number of Overlap integrals for species E-BETA:  12100
 Number of Kinetic integrals for species E-ALPHA:  12100
 Number of Kinetic integrals for species E-BETA:  12100
 Number of Nuclear integrals for species E-ALPHA:  12100
 Number of Nuclear integrals for species E-BETA:  12100
 Number of Moment integrals for species E-ALPHA:  36300
 Number of Moment integrals for species E-BETA:  36300
 
** TOTAL CPU Time INTS :      0.436 (s)
** TOTAL Elapsed Time INTS :      0.191 (s)
 
       Usign  HCORE density guess for species:    E-ALPHA
     number of    E-ALPHA     particles in guess density matrix:    10.000000
       Usign  HCORE density guess for species:     E-BETA
     number of     E-BETA     particles in guess density matrix:     9.000000
 Number of unique integrals for species: 1 = 2103292
 Number of unique integrals for species: 1 / 2 = 4202769 Screened: 1853
 
 TWO-BODY INTEGRAL SETUP: 
------------------------- 
 Storage:   DISK
 Scheme: LIBINT
 Stack size:  30000
 
 LIBINT library, Fermann, J. T.; Valeev, F. L. 2010                   
 LOWDIN-LIBINT Implementation V. 2.1  Posada E. F. ; Reyes A. 2016   
 ----------------------------------------------------------------------

*** TOTAL CPU time intra-species integrals :      0.950 (s)
*** TOTAL elapsed time intra-species integrals :      0.194 (s)


*** TOTAL CPU time inter-species integrals :      2.087 (s)
*** TOTAL elapsed time inter-species integrals :      0.484 (s)

INFO: RUNNING SCHEME SIMULTANEOUS
 
 Begin Multi-Species SCF calculation:
 
 --------------------------------------------------------------------------------------------------
      Iteration                   Energy            Energy Change           Density Change
 --------------------------------------------------------------------------------------------------
              1        -172.312173402490         172.312173402490           0.117094354630
              2        -172.180475166043          -0.131698236448           0.099150414951
              3        -193.996743840270          21.816268674227           0.023497480152
              4        -198.019460738723           4.022716898453           0.011757278351
              5        -198.440106926526           0.420646187803           0.004526640225
              6        -198.794762672335           0.354655745809           0.001958115483
              7        -198.809105562809           0.014342890473           0.000491248147
              8        -198.815708376924           0.006602814115           0.000406383143
              9        -198.816886307015           0.001177930091           0.000196616384
             10        -198.817272093422           0.000385786407           0.000110600372
             11        -198.817381268780           0.000109175358           0.000099564387
             12        -198.817459894422           0.000078625642           0.000056821036
             13        -198.817488222877           0.000028328455           0.000037523906
             14        -198.817498588191           0.000010365313           0.000021187649
             15        -198.817502390542           0.000003802351           0.000013872349
             16        -198.817503788029           0.000001397487           0.000007760311
             17        -198.817504302188           0.000000514160           0.000005060648
             18        -198.817504491707           0.000000189519           0.000002823710
             19        -198.817504561864           0.000000070157           0.000001851095
             20        -198.817504588406           0.000000026542           0.000001094281
             21        -198.817504599782           0.000000011375           0.000000942174
             22        -198.817504607883           0.000000008101           0.000001049471
 Total energy converged after  22 global iterations                                                  
 
 ...end Multi-Species SCF calculation
 
 
 Begin SCF calculation by: E-ALPHA
 -------------------------
 
 -----------------------------------------------------------------------------------
 Iteration                   Energy           Density Change         DIIS Error 
 -----------------------------------------------------------------------------------
    1         -98.287572305269           0.050056670349                 -- 
    2         -92.622699753219           0.011558124156                 -- 
    3         -74.248494704004           0.005220996363                 -- 
    4         -82.363862282686           0.001963829531                 -- 
    5         -80.122080892321           0.000732511842                 -- 
    6         -78.852832372902           0.000186010092                 -- 
    7         -79.113281941036           0.000209146313                 -- 
    8         -79.257637578503           0.000037990138                 -- 
    9         -79.137489458491           0.000027466395                 -- 
   10         -79.132137469680           0.000043532712                 -- 
   11         -79.126894694604           0.000014248352                 -- 
   12         -79.102118320127           0.000015999660                 -- 
   13         -79.100559010355           0.000005159807                 -- 
   14         -79.091112084674           0.000006015556                 -- 
   15         -79.090657222820           0.000001863592                 -- 
   16         -79.087043470568           0.000002270083                 -- 
   17         -79.086918792694           0.000000675583                 -- 
   18         -79.085532576456           0.000000861237                 -- 
   19         -79.085502056921           0.000000258589                 -- 
   20         -79.084968846889           0.000000352637                 -- 
   21         -79.084963022566           0.000000224969                 -- 
 
 ... end SCF calculation
 
 Begin SCF calculation by: E-BETA
 -------------------------
 
 -----------------------------------------------------------------------------------
 Iteration                   Energy           Density Change         DIIS Error 
 -----------------------------------------------------------------------------------
    1         -90.305881420672           0.049093744602                 -- 
    2         -85.107239869330           0.011939355996                 -- 
    3         -68.293666569211           0.006536281988                 -- 
    4         -74.946414247913           0.002562810694                 -- 
    5         -73.139229625398           0.001225603642                 -- 
    6         -72.173870145135           0.000305238055                 -- 
    7         -72.381481476767           0.000197236830                 -- 
    8         -72.596528772056           0.000158626246                 -- 
    9         -72.547633590054           0.000083133977                 -- 
   10         -72.573565880955           0.000056031674                 -- 
   11         -72.608048936563           0.000042572684                 -- 
   12         -72.610236099198           0.000021524246                 -- 
   13         -72.623252453946           0.000016027842                 -- 
   14         -72.623841748638           0.000007856793                 -- 
   15         -72.628803889376           0.000005896720                 -- 
   16         -72.628949122395           0.000002790565                 -- 
   17         -72.630845957598           0.000002148126                 -- 
   18         -72.630873198372           0.000000989859                 -- 
   19         -72.631600014974           0.000000835692                 -- 
   20         -72.631600430881           0.000000589537                 -- 
   21         -72.631879633980           0.000000824501                 -- 
 
 ... end SCF calculation
 
  EIGENVALUES AND EIGENVECTORS: 
 ==============================
 
 
  Eigenvalues for: E-ALPHA
 -----------------
 
    1         -26.073496709783
    2         -26.073241911081
    3          -1.330272529881
    4          -1.330005955978
    5          -0.476967069858
    6          -0.474646457749
    7          -0.406733985354
    8          -0.406733985354
    9          -0.406251395562
   10          -0.406251395562
   11           0.334844464948
   12           0.337247440232
   13           0.354460535172
   14           0.354460535172
   15           0.390845928246
   16           0.390845928246
   17           0.391589020380
   18           0.495539206257
   19           1.036004781541
   20           1.045553084870
   21           1.077963293502
   22           1.094759589335
   23           1.094759589335
   24           1.115763350168
   25           1.115763351403
   26           1.117597194236
   27           1.117597195324
   28           1.124430350766
   29           1.124430350766
   30           1.146820779224
   31           1.170869211376
   32           1.170869211376
   33           1.178761024462
   34           1.178761024462
   35           1.207664371509
   36           1.253309746201
   37           2.959283279899
   38           2.966888363323
   39           2.978986364746
   40           2.978986364746
   41           2.993518467263
   42           2.993518467263
   43           3.038690866909
   44           3.073119518790
   45           3.073119518790
   46           3.075129917843
   47           3.090442356176
   48           3.090442356176
   49           3.096581710496
   50           3.108085786157
   51           3.108085787322
   52           3.109434802213
   53           3.109434803432
   54           3.152329222335
   55           3.160816391050
   56           3.161877737218
   57           3.161877737218
   58           3.162734767125
   59           3.162734767125
   60           3.169023842493
   61           3.169023842669
   62           3.169180826977
   63           3.169180827076
   64           3.182113899280
   65           3.182113899280
   66           3.182258884727
   67           3.182258884727
   68           3.237673955436
   69           5.197817583742
   70           5.361228328308
   71           7.580985615818
   72           7.588273003460
   73           7.604550001197
   74           7.604550001197
   75           7.617666158908
   76           7.617666158908
   77           9.025730521613
   78           9.027389882820
   79           9.031680083913
   80           9.031680083913
   81           9.031937643441
   82           9.031937643441
   83           9.050272820244
   84           9.050272820307
   85           9.050484075093
   86           9.050484075164
   87           9.082029863328
   88           9.082029863328
   89           9.082219533766
   90           9.082219533766
   91           9.459869174488
   92           9.486208788048
   93           9.486208788048
   94           9.496364484030
   95           9.496364484030
   96           9.523262551161
   97           9.537349900196
   98           9.537349900249
   99           9.538076247887
  100           9.538076248054
  101          14.739637239361
  102          14.750385641103
  103          17.865434867224
  104          17.865434867233
  105          17.923685617264
  106          17.932642115161
  107          17.932642115165
  108          18.001108994526
  109          23.617374967694
  110          23.678365740565
 
 
  Eigenvalues for: E-BETA
 -----------------
 
    1         -26.039250375763
    2         -26.039010224391
    3          -1.205225771523
    4          -1.203144619608
    5          -0.370346395207
    6          -0.370346395207
    7          -0.369583509556
    8          -0.369583509556
    9          -0.036370677329
   10           0.123595451533
   11           0.331462024399
   12           0.348488417607
   13           0.353830279463
   14           0.353830279463
   15           0.391935238868
   16           0.391935238868
   17           0.428662065360
   18           0.505826879571
   19           1.048171550612
   20           1.055234141727
   21           1.078519514186
   22           1.097214459005
   23           1.097214459005
   24           1.112037279679
   25           1.112037280521
   26           1.113949661043
   27           1.113949661748
   28           1.127750746034
   29           1.127750746034
   30           1.176025894711
   31           1.176025894711
   32           1.185859035133
   33           1.185859035133
   34           1.204824541839
   35           1.271975832772
   36           1.276468202750
   37           2.992193852471
   38           2.992193852471
   39           3.005397452164
   40           3.005397452164
   41           3.031174575454
   42           3.039806098327
   43           3.088473409668
   44           3.114756573090
   45           3.114756574284
   46           3.116121518559
   47           3.116121519935
   48           3.125526473014
   49           3.127283812774
   50           3.127283812774
   51           3.144758999445
   52           3.145214022574
   53           3.145214022574
   54           3.169278942160
   55           3.173143641332
   56           3.173143641332
   57           3.173319742384
   58           3.173319742384
   59           3.173728549526
   60           3.175535988732
   61           3.175535989364
   62           3.175687820595
   63           3.175687821585
   64           3.180415984157
   65           3.180415984157
   66           3.180559892293
   67           3.180559892293
   68           3.287658358402
   69           5.206250582956
   70           5.368231304221
   71           7.620533895838
   72           7.620533895838
   73           7.633521103881
   74           7.633521103881
   75           7.667073988168
   76           7.674019469936
   77           9.072688126649
   78           9.074246399477
   79           9.074246399477
   80           9.074446814442
   81           9.074446814442
   82           9.074576152844
   83           9.079303036528
   84           9.079303036640
   85           9.079498584709
   86           9.079498584852
   87           9.088025629244
   88           9.088025629244
   89           9.088213075826
   90           9.088213075826
   91           9.553527104420
   92           9.554173109171
   93           9.554173109263
   94           9.554897592448
   95           9.554897592485
   96           9.560609422157
   97           9.560609422157
   98           9.570671754819
   99           9.570671754819
  100           9.615623507910
  101          14.758099199766
  102          14.769155591464
  103          17.869989783736
  104          17.869989783743
  105          17.937194692404
  106          17.937194692406
  107          17.940398821497
  108          18.017930648118
  109          23.641126539398
  110          23.702109210235
 
  end of eigenvalues 
 
  Occupied Eigenvectors for: E-ALPHA
 --------------------------- 
 
                         -26.0735       -26.0732        -1.3303        -1.3300        -0.4770   
 
    1      F     S      -0.000730       0.970730      -0.001627       0.006100       0.000458
    2      F     S      -0.000010      -0.010325       0.152807      -0.552424       0.002385
    3      F     S      -0.000099       0.049974       0.044341      -0.159678       0.001138
    4      F     S       0.000285      -0.016391       0.104075      -0.379151      -0.000367
    5      F     S       0.000154      -0.001310       0.005337      -0.023323      -0.007743
    6      F    Px      -0.000000       0.000000       0.000000      -0.000000      -0.000000
    7      F    Py       0.000000       0.000000      -0.000000      -0.000000       0.000000
    8      F    Pz       0.000011       0.000018       0.000359      -0.001189       0.268671
    9      F    Px      -0.000000      -0.000000      -0.000000       0.000000      -0.000000
   10      F    Py      -0.000000       0.000000       0.000000       0.000000       0.000000
   11      F    Pz      -0.000051       0.000084       0.000536      -0.001546       0.303066
   12      F    Px      -0.000000      -0.000000      -0.000000       0.000000      -0.000000
   13      F    Py      -0.000000      -0.000000       0.000000       0.000000       0.000000
   14      F    Pz      -0.000025       0.000071      -0.000689       0.002670       0.200756
   15      F    Px       0.000000       0.000000       0.000000      -0.000000      -0.000000
   16      F    Py       0.000000       0.000000       0.000000      -0.000000       0.000000
   17      F    Pz       0.000072      -0.000075      -0.000538      -0.000224       0.022653
   18      F   Dxx      -0.000012       0.002456      -0.000228       0.000902      -0.000058
   19      F   Dxy       0.000000      -0.000000       0.000000       0.000000      -0.000000
   20      F   Dxz      -0.000000      -0.000000      -0.000000       0.000000      -0.000000
   21      F   Dyy      -0.000012       0.002456      -0.000228       0.000902      -0.000058
   22      F   Dyz       0.000000       0.000000       0.000000      -0.000000       0.000000
   23      F   Dzz      -0.000010       0.003066       0.001568      -0.005635       0.000110
   24      F   Dxx      -0.000081       0.008038      -0.002424       0.009551       0.000185
   25      F   Dxy       0.000000      -0.000000       0.000000      -0.000000       0.000000
   26      F   Dxz      -0.000000       0.000000      -0.000000       0.000000      -0.000000
   27      F   Dyy      -0.000081       0.008038      -0.002424       0.009551       0.000185
   28      F   Dyz       0.000000       0.000000       0.000000      -0.000000      -0.000000
   29      F   Dzz      -0.000094       0.007854       0.001160      -0.003103       0.000172
   30      F   Dxx      -0.000097       0.002783      -0.002242       0.009738       0.001340
   31      F   Dxy      -0.000000       0.000000      -0.000000       0.000000       0.000000
   32      F   Dxz       0.000000      -0.000000      -0.000000      -0.000000       0.000000
   33      F   Dyy      -0.000097       0.002783      -0.002242       0.009738       0.001340
   34      F   Dyz       0.000000       0.000000       0.000000       0.000000      -0.000000
   35      F   Dzz      -0.000063       0.002838      -0.002548       0.009860      -0.003436
   36      F  Fxxx      -0.000000       0.000000       0.000000      -0.000000       0.000000
   37      F  Fxxy       0.000000      -0.000000      -0.000000      -0.000000       0.000000
   38      F  Fxxz       0.000011      -0.000020      -0.000021       0.000025       0.002744
   39      F  Fxyy       0.000000       0.000000       0.000000      -0.000000      -0.000000
   40      F  Fxyz      -0.000000       0.000000       0.000000      -0.000000      -0.000000
   41      F  Fxzz       0.000000       0.000000       0.000000      -0.000000      -0.000000
   42      F  Fyyy       0.000000      -0.000000      -0.000000      -0.000000       0.000000
   43      F  Fyyz       0.000011      -0.000020      -0.000021       0.000025       0.002744
   44      F  Fyzz       0.000000      -0.000000      -0.000000      -0.000000       0.000000
   45      F  Fzzz       0.000020      -0.000044      -0.000033       0.000067       0.012550
   46      F  Fxxx       0.000000       0.000000       0.000000      -0.000000      -0.000000
   47      F  Fxxy      -0.000000       0.000000      -0.000000      -0.000000       0.000000
   48      F  Fxxz       0.000007      -0.000019      -0.000001       0.000036       0.003917
   49      F  Fxyy       0.000000       0.000000       0.000000      -0.000000      -0.000000
   50      F  Fxyz      -0.000000       0.000000      -0.000000      -0.000000       0.000000
   51      F  Fxzz       0.000000       0.000000       0.000000      -0.000000      -0.000000
   52      F  Fyyy       0.000000      -0.000000      -0.000000      -0.000000       0.000000
   53      F  Fyyz       0.000007      -0.000019      -0.000001       0.000036       0.003917
   54      F  Fyzz       0.000000      -0.000000      -0.000000      -0.000000       0.000000
   55      F  Fzzz       0.000024      -0.000046      -0.000146       0.000422       0.013351
   56      F     S       0.970730       0.000708      -0.006068      -0.001737       0.000458
   57      F     S      -0.010325      -0.000026       0.552468       0.152702       0.002680
   58      F     S       0.049974      -0.000025       0.159780       0.043991       0.001165
   59      F     S      -0.016391       0.000261       0.378755       0.105490       0.000299
   60      F     S      -0.001310       0.000152       0.022746       0.007402      -0.007900
   61      F    Px      -0.000000      -0.000000      -0.000000       0.000000       0.000000
   62      F    Py      -0.000000       0.000000      -0.000000       0.000000      -0.000000
   63      F    Pz      -0.000018      -0.000011      -0.001204      -0.000303      -0.299488
   64      F    Px       0.000000       0.000000       0.000000      -0.000000       0.000000
   65      F    Py       0.000000      -0.000000      -0.000000      -0.000000      -0.000000
   66      F    Pz      -0.000084       0.000051      -0.001601      -0.000334      -0.337733
   67      F    Px       0.000000       0.000000       0.000000      -0.000000       0.000000
   68      F    Py       0.000000      -0.000000       0.000000      -0.000000      -0.000000
   69      F    Pz      -0.000071       0.000025       0.002647       0.000781      -0.223644
   70      F    Px      -0.000000      -0.000000      -0.000000       0.000000       0.000000
   71      F    Py      -0.000000       0.000000       0.000000       0.000000      -0.000000
   72      F    Pz       0.000075      -0.000072       0.000084      -0.000577      -0.025585
   73      F   Dxx       0.002456      -0.000008      -0.000892      -0.000268      -0.000070
   74      F   Dxy       0.000000      -0.000000      -0.000000       0.000000      -0.000000
   75      F   Dxz      -0.000000       0.000000      -0.000000      -0.000000      -0.000000
   76      F   Dyy       0.002456      -0.000008      -0.000892      -0.000268      -0.000070
   77      F   Dyz      -0.000000      -0.000000       0.000000       0.000000      -0.000000
   78      F   Dzz       0.003067      -0.000005       0.005642       0.001551       0.000111
   79      F   Dxx       0.008038      -0.000069      -0.009444      -0.002828       0.000037
   80      F   Dxy       0.000000      -0.000000       0.000000       0.000000       0.000000
   81      F   Dxz      -0.000000      -0.000000      -0.000000      -0.000000       0.000000
   82      F   Dyy       0.008038      -0.000069      -0.009444      -0.002828       0.000037
   83      F   Dyz      -0.000000      -0.000000       0.000000       0.000000      -0.000000
   84      F   Dzz       0.007854      -0.000082       0.003261       0.000600       0.000035
   85      F   Dxx       0.002783      -0.000093      -0.009512      -0.003081       0.001259
   86      F   Dxy       0.000000       0.000000       0.000000      -0.000000      -0.000000
   87      F   Dxz       0.000000      -0.000000       0.000000      -0.000000      -0.000000
   88      F   Dyy       0.002783      -0.000093      -0.009512      -0.003081       0.001259
   89      F   Dyz       0.000000      -0.000000       0.000000       0.000000       0.000000
   90      F   Dzz       0.002839      -0.000059      -0.009773      -0.002881      -0.004092
   91      F  Fxxx      -0.000000      -0.000000      -0.000000       0.000000       0.000000
   92      F  Fxxy      -0.000000       0.000000       0.000000       0.000000      -0.000000
   93      F  Fxxz       0.000020      -0.000011       0.000032      -0.000006      -0.003070
   94      F  Fxyy      -0.000000      -0.000000      -0.000000       0.000000       0.000000
   95      F  Fxyz       0.000000       0.000000      -0.000000       0.000000       0.000000
   96      F  Fxzz      -0.000000      -0.000000      -0.000000       0.000000       0.000000
   97      F  Fyyy      -0.000000       0.000000       0.000000       0.000000      -0.000000
   98      F  Fyyz       0.000020      -0.000011       0.000032      -0.000006      -0.003070
   99      F  Fyzz      -0.000000       0.000000      -0.000000       0.000000      -0.000000
  100      F  Fzzz       0.000044      -0.000020       0.000075       0.000006      -0.014025
  101      F  Fxxx      -0.000000      -0.000000      -0.000000       0.000000       0.000000
  102      F  Fxxy      -0.000000       0.000000       0.000000       0.000000      -0.000000
  103      F  Fxxz       0.000019      -0.000007       0.000031       0.000018      -0.004405
  104      F  Fxyy      -0.000000      -0.000000      -0.000000       0.000000      -0.000000
  105      F  Fxyz       0.000000       0.000000       0.000000       0.000000       0.000000
  106      F  Fxzz      -0.000000      -0.000000      -0.000000       0.000000       0.000000
  107      F  Fyyy      -0.000000       0.000000      -0.000000       0.000000      -0.000000
  108      F  Fyyz       0.000019      -0.000007       0.000031       0.000018      -0.004405
  109      F  Fyzz      -0.000000       0.000000       0.000000       0.000000      -0.000000
  110      F  Fzzz       0.000046      -0.000024       0.000438       0.000091      -0.014948
 
                          -0.4746        -0.4067        -0.4067        -0.4063        -0.4063   
 
    1      F     S       0.000023       0.000000       0.000000      -0.000000      -0.000000
    2      F     S       0.002849       0.000000       0.000000      -0.000000      -0.000000
    3      F     S       0.000303       0.000000       0.000000      -0.000000      -0.000000
    4      F     S       0.006163      -0.000000      -0.000000       0.000000       0.000000
    5      F     S      -0.001855       0.000000      -0.000000       0.000000       0.000000
    6      F    Px      -0.000000       0.020629       0.208985      -0.288108       0.168459
    7      F    Py       0.000000      -0.208985       0.020629      -0.168459      -0.288108
    8      F    Pz       0.300705       0.000000       0.000000      -0.000000       0.000000
    9      F    Px      -0.000000       0.022979       0.232795      -0.320613       0.187465
   10      F    Py       0.000000      -0.232795       0.022979      -0.187465      -0.320613
   11      F    Pz       0.338315       0.000000       0.000000      -0.000000       0.000000
   12      F    Px      -0.000000       0.016850       0.170696      -0.233984       0.136812
   13      F    Py       0.000000      -0.170696       0.016850      -0.136812      -0.233984
   14      F    Pz       0.223743       0.000000       0.000000       0.000000       0.000000
   15      F    Px      -0.000000       0.002605       0.026388      -0.039064       0.022841
   16      F    Py       0.000000      -0.026388       0.002605      -0.022841      -0.039064
   17      F    Pz       0.028689       0.000000       0.000000      -0.000000       0.000000
   18      F   Dxx      -0.000121      -0.000000       0.000000       0.000000       0.000000
   19      F   Dxy       0.000000      -0.000000       0.000000      -0.000000      -0.000000
   20      F   Dxz      -0.000000       0.000005       0.000049      -0.000093       0.000055
   21      F   Dyy      -0.000121      -0.000000       0.000000      -0.000000      -0.000000
   22      F   Dyz      -0.000000      -0.000049       0.000005      -0.000055      -0.000093
   23      F   Dzz       0.000020       0.000000       0.000000      -0.000000       0.000000
   24      F   Dxx      -0.001371       0.000000       0.000000      -0.000000      -0.000000
   25      F   Dxy      -0.000000       0.000000      -0.000000       0.000000       0.000000
   26      F   Dxz      -0.000000       0.000025       0.000249      -0.000115       0.000067
   27      F   Dyy      -0.001371       0.000000       0.000000      -0.000000      -0.000000
   28      F   Dyz       0.000000      -0.000249       0.000025      -0.000067      -0.000115
   29      F   Dzz      -0.001266       0.000000       0.000000      -0.000000      -0.000000
   30      F   Dxx      -0.000687       0.000000       0.000000      -0.000000      -0.000000
   31      F   Dxy      -0.000000      -0.000000      -0.000000      -0.000000      -0.000000
   32      F   Dxz       0.000000      -0.000251      -0.002540       0.002891      -0.001690
   33      F   Dyy      -0.000687       0.000000       0.000000      -0.000000      -0.000000
   34      F   Dyz      -0.000000       0.002540      -0.000251       0.001690       0.002891
   35      F   Dzz      -0.006261       0.000000       0.000000      -0.000000      -0.000000
   36      F  Fxxx      -0.000000       0.000707       0.007160      -0.010021       0.005859
   37      F  Fxxy       0.000000      -0.003202       0.000316      -0.002620      -0.004481
   38      F  Fxxz       0.003190       0.000000      -0.000000       0.000000       0.000000
   39      F  Fxyy      -0.000000       0.000316       0.003202      -0.004481       0.002620
   40      F  Fxyz       0.000000       0.000000       0.000000      -0.000000       0.000000
   41      F  Fxzz      -0.000000       0.000540       0.005470      -0.007583       0.004434
   42      F  Fyyy       0.000000      -0.007160       0.000707      -0.005859      -0.010021
   43      F  Fyyz       0.003190      -0.000000       0.000000      -0.000000       0.000000
   44      F  Fyzz       0.000000      -0.005470       0.000540      -0.004434      -0.007583
   45      F  Fzzz       0.014368       0.000000       0.000000      -0.000000       0.000000
   46      F  Fxxx      -0.000000       0.000821       0.008317      -0.011864       0.006937
   47      F  Fxxy       0.000000      -0.003719       0.000367      -0.003102      -0.005306
   48      F  Fxxz       0.004743       0.000000      -0.000000      -0.000000       0.000000
   49      F  Fxyy      -0.000000       0.000367       0.003719      -0.005306       0.003102
   50      F  Fxyz      -0.000000       0.000000       0.000000      -0.000000       0.000000
   51      F  Fxzz      -0.000000       0.000532       0.005390      -0.007673       0.004486
   52      F  Fyyy       0.000000      -0.008317       0.000821      -0.006937      -0.011864
   53      F  Fyyz       0.004743      -0.000000      -0.000000      -0.000000       0.000000
   54      F  Fyzz       0.000000      -0.005390       0.000532      -0.004486      -0.007673
   55      F  Fzzz       0.015524       0.000000      -0.000000      -0.000000       0.000000
   56      F     S       0.000026       0.000000      -0.000000       0.000000      -0.000000
   57      F     S      -0.002578       0.000000      -0.000000       0.000000      -0.000000
   58      F     S      -0.000179       0.000000      -0.000000      -0.000000       0.000000
   59      F     S      -0.006169      -0.000000       0.000000       0.000000      -0.000000
   60      F     S       0.001009      -0.000000       0.000000       0.000000      -0.000000
   61      F    Px      -0.000000       0.032761       0.331892       0.181639      -0.106206
   62      F    Py       0.000000      -0.331892       0.032761       0.106206       0.181639
   63      F    Pz       0.270053       0.000000       0.000000      -0.000000      -0.000000
   64      F    Px      -0.000000       0.036478       0.369544       0.202044      -0.118136
   65      F    Py       0.000000      -0.369544       0.036478       0.118136       0.202044
   66      F    Pz       0.303745       0.000000      -0.000000      -0.000000      -0.000000
   67      F    Px      -0.000000       0.026690       0.270385       0.147134      -0.086030
   68      F    Py       0.000000      -0.270385       0.026690       0.086030       0.147134
   69      F    Pz       0.200814       0.000000      -0.000000      -0.000000      -0.000000
   70      F    Px      -0.000000       0.004266       0.043214       0.025342      -0.014818
   71      F    Py       0.000000      -0.043214       0.004266       0.014818       0.025342
   72      F    Pz       0.026064       0.000000       0.000000      -0.000000      -0.000000
   73      F   Dxx       0.000114       0.000000      -0.000000      -0.000000       0.000000
   74      F   Dxy       0.000000      -0.000000       0.000000       0.000000       0.000000
   75      F   Dxz      -0.000000      -0.000009      -0.000091      -0.000066       0.000038
   76      F   Dyy       0.000114       0.000000      -0.000000      -0.000000       0.000000
   77      F   Dyz      -0.000000       0.000091      -0.000009      -0.000038      -0.000066
   78      F   Dzz      -0.000008       0.000000      -0.000000      -0.000000       0.000000
   79      F   Dxx       0.001383       0.000000      -0.000000      -0.000000       0.000000
   80      F   Dxy      -0.000000       0.000000       0.000000       0.000000       0.000000
   81      F   Dxz      -0.000000      -0.000028      -0.000282      -0.000010       0.000006
   82      F   Dyy       0.001383       0.000000      -0.000000      -0.000000       0.000000
   83      F   Dyz       0.000000       0.000282      -0.000028      -0.000006      -0.000010
   84      F   Dzz       0.001278       0.000000      -0.000000      -0.000000       0.000000
   85      F   Dxx       0.000828       0.000000      -0.000000      -0.000000       0.000000
   86      F   Dxy      -0.000000       0.000000       0.000000      -0.000000      -0.000000
   87      F   Dxz      -0.000000       0.000368       0.003732       0.001657      -0.000969
   88      F   Dyy       0.000828       0.000000      -0.000000      -0.000000       0.000000
   89      F   Dyz       0.000000      -0.003732       0.000368       0.000969       0.001657
   90      F   Dzz       0.005857       0.000000      -0.000000      -0.000000       0.000000
   91      F  Fxxx       0.000000       0.001130       0.011445       0.006358      -0.003718
   92      F  Fxxy      -0.000000      -0.005118       0.000505       0.001663       0.002843
   93      F  Fxxz       0.002876       0.000000       0.000000       0.000000       0.000000
   94      F  Fxyy       0.000000       0.000505       0.005118       0.002843      -0.001663
   95      F  Fxyz      -0.000000       0.000000       0.000000       0.000000      -0.000000
   96      F  Fxzz       0.000000       0.000860       0.008710       0.004793      -0.002803
   97      F  Fyyy      -0.000000      -0.011445       0.001130       0.003718       0.006358
   98      F  Fyyz       0.002876       0.000000       0.000000       0.000000       0.000000
   99      F  Fyzz      -0.000000      -0.008710       0.000860       0.002803       0.004793
  100      F  Fzzz       0.012936       0.000000       0.000000       0.000000       0.000000
  101      F  Fxxx       0.000000       0.001323       0.013408       0.007589      -0.004437
  102      F  Fxxy       0.000000      -0.005996       0.000592       0.001984       0.003394
  103      F  Fxxz       0.004294       0.000000       0.000000       0.000000       0.000000
  104      F  Fxyy       0.000000       0.000592       0.005996       0.003394      -0.001984
  105      F  Fxyz       0.000000       0.000000      -0.000000       0.000000      -0.000000
  106      F  Fxzz      -0.000000       0.000857       0.008683       0.004904      -0.002868
  107      F  Fyyy      -0.000000      -0.013408       0.001323       0.004437       0.007589
  108      F  Fyyz       0.004294      -0.000000       0.000000       0.000000       0.000000
  109      F  Fyzz      -0.000000      -0.008683       0.000857       0.002868       0.004904
  110      F  Fzzz       0.014000       0.000000       0.000000       0.000000       0.000000
 
 
  Occupied Eigenvectors for: E-BETA
 --------------------------- 
 
                         -26.0393       -26.0390        -1.2052        -1.2031        -0.3703   
 
    1      F     S      -0.017587      -0.971339      -0.005239       0.005656       0.000000
    2      F     S       0.000226       0.011048       0.378658      -0.408681       0.000000
    3      F     S      -0.000803      -0.047977       0.108968      -0.117324       0.000000
    4      F     S       0.000004       0.016560       0.269492      -0.292818      -0.000000
    5      F     S      -0.000150       0.001280       0.021438      -0.022272      -0.000000
    6      F    Px      -0.000000      -0.000000       0.000000      -0.000000       0.234707
    7      F    Py      -0.000000      -0.000000      -0.000000      -0.000000       0.025627
    8      F    Pz      -0.000017      -0.000089      -0.001914       0.004130       0.000000
    9      F    Px       0.000000       0.000000      -0.000000       0.000000       0.259796
   10      F    Py       0.000000      -0.000000       0.000000       0.000000       0.028366
   11      F    Pz       0.000051       0.000298      -0.001859       0.004837       0.000000
   12      F    Px       0.000000       0.000000      -0.000000       0.000000       0.204138
   13      F    Py       0.000000       0.000000       0.000000       0.000000       0.022289
   14      F    Pz       0.000029       0.000003      -0.000854       0.004111       0.000000
   15      F    Px      -0.000000      -0.000000       0.000000       0.000000       0.039063
   16      F    Py      -0.000000      -0.000000       0.000000      -0.000000       0.004265
   17      F    Pz      -0.000085       0.000066       0.001033       0.000379       0.000000
   18      F   Dxx      -0.000050      -0.003311       0.002580      -0.002774       0.000000
   19      F   Dxy      -0.000000       0.000000       0.000000       0.000000       0.000000
   20      F   Dxz       0.000000      -0.000000       0.000000      -0.000000      -0.000189
   21      F   Dyy      -0.000050      -0.003311       0.002580      -0.002774      -0.000000
   22      F   Dyz      -0.000000       0.000000      -0.000000       0.000000      -0.000021
   23      F   Dzz      -0.000037      -0.002384      -0.002727       0.003055       0.000000
   24      F   Dxx      -0.000069      -0.008150       0.001877      -0.001577       0.000000
   25      F   Dxy      -0.000000       0.000000       0.000000       0.000000      -0.000000
   26      F   Dxz       0.000000      -0.000000       0.000000      -0.000000      -0.000208
   27      F   Dyy      -0.000069      -0.008150       0.001877      -0.001577       0.000000
   28      F   Dyz      -0.000000      -0.000000      -0.000000       0.000000      -0.000023
   29      F   Dzz      -0.000051      -0.008008      -0.009085       0.010186       0.000000
   30      F   Dxx       0.000058      -0.002814      -0.002357       0.002462       0.000000
   31      F   Dxy       0.000000      -0.000000      -0.000000      -0.000000      -0.000000
   32      F   Dxz      -0.000000      -0.000000       0.000000      -0.000000      -0.002512
   33      F   Dyy       0.000058      -0.002814      -0.002357       0.002462       0.000000
   34      F   Dyz      -0.000000      -0.000000      -0.000000       0.000000      -0.000274
   35      F   Dzz       0.000015      -0.002761      -0.005004       0.006624       0.000000
   36      F  Fxxx       0.000000      -0.000000       0.000000      -0.000000       0.009910
   37      F  Fxxy      -0.000000       0.000000      -0.000000      -0.000000       0.000484
   38      F  Fxxz      -0.000012      -0.000046      -0.000082       0.000066       0.000000
   39      F  Fxyy      -0.000000      -0.000000       0.000000      -0.000000       0.004432
   40      F  Fxyz       0.000000      -0.000000       0.000000       0.000000      -0.000000
   41      F  Fxzz      -0.000000      -0.000000       0.000000      -0.000000       0.004044
   42      F  Fyyy      -0.000000       0.000000      -0.000000      -0.000000       0.001082
   43      F  Fyyz      -0.000012      -0.000046      -0.000082       0.000066       0.000000
   44      F  Fyzz      -0.000000       0.000000      -0.000000      -0.000000       0.000442
   45      F  Fzzz      -0.000022      -0.000109      -0.000204       0.000111       0.000000
   46      F  Fxxx      -0.000000      -0.000000       0.000000      -0.000000       0.011211
   47      F  Fxxy       0.000000      -0.000000      -0.000000      -0.000000       0.000547
   48      F  Fxxz      -0.000008      -0.000036      -0.000296       0.000134       0.000000
   49      F  Fxyy      -0.000000      -0.000000       0.000000      -0.000000       0.005013
   50      F  Fxyz       0.000000      -0.000000       0.000000      -0.000000      -0.000000
   51      F  Fxzz      -0.000000      -0.000000       0.000000      -0.000000       0.004551
   52      F  Fyyy      -0.000000       0.000000      -0.000000      -0.000000       0.001224
   53      F  Fyyz      -0.000008      -0.000036      -0.000296       0.000134       0.000000
   54      F  Fyzz      -0.000000       0.000000      -0.000000      -0.000000       0.000497
   55      F  Fzzz      -0.000030      -0.000080      -0.000220       0.000082       0.000000
   56      F     S      -0.971339       0.017617      -0.005648      -0.005245      -0.000000
   57      F     S       0.011049      -0.000174       0.408341       0.379041      -0.000000
   58      F     S      -0.047974       0.000935       0.117490       0.108796      -0.000000
   59      F     S       0.016549      -0.000596       0.290760       0.271711       0.000000
   60      F     S       0.001274      -0.000196       0.023048       0.020590       0.000000
   61      F    Px       0.000000       0.000000       0.000000      -0.000000       0.302993
   62      F    Py       0.000000      -0.000000      -0.000000       0.000000       0.033083
   63      F    Pz       0.000089       0.000014       0.002220       0.003975      -0.000000
   64      F    Px      -0.000000      -0.000000      -0.000000      -0.000000       0.335287
   65      F    Py      -0.000000       0.000000      -0.000000      -0.000000       0.036609
   66      F    Pz      -0.000300      -0.000040       0.002219       0.004684      -0.000000
   67      F    Px      -0.000000      -0.000000      -0.000000      -0.000000       0.263122
   68      F    Py      -0.000000       0.000000       0.000000      -0.000000       0.028730
   69      F    Pz      -0.000004      -0.000028       0.001163       0.004037      -0.000000
   70      F    Px       0.000000       0.000000      -0.000000      -0.000000       0.051090
   71      F    Py       0.000000      -0.000000      -0.000000       0.000000       0.005578
   72      F    Pz      -0.000063       0.000087      -0.001002       0.000456       0.000000
   73      F   Dxx      -0.003311       0.000070       0.002782       0.002573      -0.000000
   74      F   Dxy      -0.000000       0.000000      -0.000000      -0.000000       0.000000
   75      F   Dxz      -0.000000      -0.000000       0.000000      -0.000000       0.000242
   76      F   Dyy      -0.003311       0.000070       0.002782       0.002573      -0.000000
   77      F   Dyz       0.000000       0.000000      -0.000000      -0.000000       0.000026
   78      F   Dzz      -0.002383       0.000049      -0.002952      -0.002844      -0.000000
   79      F   Dxx      -0.008148       0.000226       0.001991       0.001432      -0.000000
   80      F   Dxy      -0.000000       0.000000       0.000000       0.000000       0.000000
   81      F   Dxz       0.000000       0.000000      -0.000000       0.000000       0.000324
   82      F   Dyy      -0.008148       0.000226       0.001991       0.001432      -0.000000
   83      F   Dyz       0.000000       0.000000      -0.000000      -0.000000       0.000035
   84      F   Dzz      -0.008004       0.000239      -0.009832      -0.009479      -0.000000
   85      F   Dxx      -0.002810       0.000160      -0.002537      -0.002279      -0.000000
   86      F   Dxy      -0.000000      -0.000000       0.000000       0.000000       0.000000
   87      F   Dxz      -0.000000       0.000000       0.000000       0.000000       0.003157
   88      F   Dyy      -0.002810       0.000160      -0.002537      -0.002279      -0.000000
   89      F   Dyz      -0.000000       0.000000      -0.000000      -0.000000       0.000345
   90      F   Dzz      -0.002759       0.000115      -0.005495      -0.006235      -0.000000
   91      F  Fxxx       0.000000       0.000000       0.000000       0.000000       0.012835
   92      F  Fxxy       0.000000      -0.000000      -0.000000       0.000000       0.000627
   93      F  Fxxz       0.000047       0.000010       0.000087       0.000059       0.000000
   94      F  Fxyy       0.000000       0.000000      -0.000000      -0.000000       0.005740
   95      F  Fxyz      -0.000000      -0.000000       0.000000      -0.000000       0.000000
   96      F  Fxzz       0.000000       0.000000       0.000000      -0.000000       0.005235
   97      F  Fyyy       0.000000      -0.000000       0.000000       0.000000       0.001401
   98      F  Fyyz       0.000047       0.000010       0.000087       0.000059      -0.000000
   99      F  Fyzz       0.000000      -0.000000       0.000000       0.000000       0.000572
  100      F  Fzzz       0.000110       0.000018       0.000212       0.000095       0.000000
  101      F  Fxxx       0.000000       0.000000       0.000000      -0.000000       0.014596
  102      F  Fxxy       0.000000      -0.000000       0.000000       0.000000       0.000713
  103      F  Fxxz       0.000036       0.000007       0.000305       0.000112       0.000000
  104      F  Fxyy       0.000000       0.000000       0.000000       0.000000       0.006527
  105      F  Fxyz      -0.000000      -0.000000      -0.000000      -0.000000      -0.000000
  106      F  Fxzz       0.000000       0.000000      -0.000000       0.000000       0.005932
  107      F  Fyyy       0.000000      -0.000000      -0.000000       0.000000       0.001594
  108      F  Fyyz       0.000036       0.000007       0.000305       0.000112       0.000000
  109      F  Fyzz       0.000000      -0.000000      -0.000000       0.000000       0.000648
  110      F  Fzzz       0.000081       0.000027       0.000226       0.000065       0.000000
 
                          -0.3703        -0.3696        -0.3696        -0.0364   
 
    1      F     S       0.000000       0.000000      -0.000000      -0.002040
    2      F     S       0.000000       0.000000      -0.000000      -0.010382
    3      F     S       0.000000       0.000000      -0.000000      -0.005335
    4      F     S      -0.000000      -0.000000       0.000000      -0.003099
    5      F     S      -0.000000       0.000000      -0.000000       0.032303
    6      F    Px      -0.025627       0.304527       0.020318      -0.000000
    7      F    Py       0.234707       0.020318      -0.304527       0.000000
    8      F    Pz      -0.000000       0.000000       0.000000       0.210898
    9      F    Px      -0.028366       0.336714       0.022466      -0.000000
   10      F    Py       0.259796       0.022466      -0.336714       0.000000
   11      F    Pz      -0.000000       0.000000       0.000000       0.234964
   12      F    Px      -0.022289       0.263344       0.017571      -0.000000
   13      F    Py       0.204138       0.017571      -0.263344       0.000000
   14      F    Pz      -0.000000       0.000000       0.000000       0.231511
   15      F    Px      -0.004265       0.053470       0.003568      -0.000000
   16      F    Py       0.039063       0.003568      -0.053470       0.000000
   17      F    Pz      -0.000000       0.000000       0.000000       0.204492
   18      F   Dxx      -0.000000       0.000000       0.000000      -0.000112
   19      F   Dxy      -0.000000      -0.000000      -0.000000      -0.000000
   20      F   Dxz       0.000021      -0.000236      -0.000016      -0.000000
   21      F   Dyy      -0.000000       0.000000      -0.000000      -0.000112
   22      F   Dyz      -0.000189      -0.000016       0.000236      -0.000000
   23      F   Dzz      -0.000000       0.000000      -0.000000       0.000153
   24      F   Dxx       0.000000       0.000000      -0.000000      -0.003118
   25      F   Dxy       0.000000      -0.000000       0.000000       0.000000
   26      F   Dxz       0.000023      -0.000492      -0.000033       0.000000
   27      F   Dyy       0.000000       0.000000      -0.000000      -0.003118
   28      F   Dyz      -0.000208      -0.000033       0.000492       0.000000
   29      F   Dzz       0.000000       0.000000      -0.000000      -0.002097
   30      F   Dxx       0.000000       0.000000      -0.000000      -0.007701
   31      F   Dxy      -0.000000      -0.000000      -0.000000      -0.000000
   32      F   Dxz       0.000274      -0.002906      -0.000194      -0.000000
   33      F   Dyy       0.000000      -0.000000      -0.000000      -0.007701
   34      F   Dyz      -0.002512      -0.000194       0.002906       0.000000
   35      F   Dzz       0.000000      -0.000000      -0.000000      -0.005167
   36      F  Fxxx      -0.001082       0.013024       0.000869      -0.000000
   37      F  Fxxy       0.004432       0.000389      -0.005825       0.000000
   38      F  Fxxz      -0.000000       0.000000       0.000000       0.005041
   39      F  Fxyy      -0.000484       0.005825       0.000389      -0.000000
   40      F  Fxyz       0.000000       0.000000      -0.000000      -0.000000
   41      F  Fxzz      -0.000442       0.005307       0.000354      -0.000000
   42      F  Fyyy       0.009910       0.000869      -0.013024       0.000000
   43      F  Fyyz      -0.000000       0.000000       0.000000       0.005041
   44      F  Fyzz       0.004044       0.000354      -0.005307       0.000000
   45      F  Fzzz      -0.000000       0.000000       0.000000       0.010139
   46      F  Fxxx      -0.001224       0.015032       0.001003      -0.000000
   47      F  Fxxy       0.005013       0.000449      -0.006723       0.000000
   48      F  Fxxz      -0.000000       0.000000       0.000000       0.006083
   49      F  Fxyy      -0.000547       0.006723       0.000449      -0.000000
   50      F  Fxyz       0.000000      -0.000000      -0.000000      -0.000000
   51      F  Fxzz      -0.000497       0.006132       0.000409      -0.000000
   52      F  Fyyy       0.011211       0.001003      -0.015032       0.000000
   53      F  Fyyz      -0.000000       0.000000       0.000000       0.006083
   54      F  Fyzz       0.004551       0.000409      -0.006132       0.000000
   55      F  Fzzz      -0.000000       0.000000       0.000000       0.013860
   56      F     S       0.000000      -0.000000      -0.000000      -0.002041
   57      F     S       0.000000      -0.000000      -0.000000      -0.010388
   58      F     S      -0.000000       0.000000       0.000000      -0.005338
   59      F     S       0.000000      -0.000000      -0.000000      -0.003102
   60      F     S      -0.000000      -0.000000      -0.000000       0.032307
   61      F    Px      -0.033083      -0.236134      -0.015755       0.000000
   62      F    Py       0.302993      -0.015755       0.236134      -0.000000
   63      F    Pz      -0.000000      -0.000000      -0.000000      -0.210713
   64      F    Px      -0.036609      -0.261020      -0.017415       0.000000
   65      F    Py       0.335287      -0.017415       0.261020      -0.000000
   66      F    Pz      -0.000000       0.000000      -0.000000      -0.234759
   67      F    Px      -0.028730      -0.203883      -0.013603       0.000000
   68      F    Py       0.263122      -0.013603       0.203883      -0.000000
   69      F    Pz      -0.000000      -0.000000      -0.000000      -0.231318
   70      F    Px      -0.005578      -0.041975      -0.002801       0.000000
   71      F    Py       0.051090      -0.002801       0.041975      -0.000000
   72      F    Pz      -0.000000      -0.000000      -0.000000      -0.204364
   73      F   Dxx      -0.000000       0.000000       0.000000      -0.000112
   74      F   Dxy       0.000000       0.000000       0.000000      -0.000000
   75      F   Dxz      -0.000026      -0.000181      -0.000012      -0.000000
   76      F   Dyy      -0.000000       0.000000       0.000000      -0.000112
   77      F   Dyz       0.000242      -0.000012       0.000181       0.000000
   78      F   Dzz      -0.000000       0.000000       0.000000       0.000154
   79      F   Dxx      -0.000000       0.000000       0.000000      -0.003119
   80      F   Dxy      -0.000000      -0.000000      -0.000000       0.000000
   81      F   Dxz      -0.000035      -0.000425      -0.000028       0.000000
   82      F   Dyy      -0.000000       0.000000       0.000000      -0.003119
   83      F   Dyz       0.000324      -0.000028       0.000425       0.000000
   84      F   Dzz      -0.000000       0.000000       0.000000      -0.002098
   85      F   Dxx      -0.000000       0.000000       0.000000      -0.007703
   86      F   Dxy      -0.000000       0.000000      -0.000000      -0.000000
   87      F   Dxz      -0.000345      -0.002187      -0.000146       0.000000
   88      F   Dyy      -0.000000       0.000000       0.000000      -0.007703
   89      F   Dyz       0.003157      -0.000146       0.002187      -0.000000
   90      F   Dzz      -0.000000       0.000000       0.000000      -0.005169
   91      F  Fxxx      -0.001401      -0.010131      -0.000676      -0.000000
   92      F  Fxxy       0.005740      -0.000302       0.004531      -0.000000
   93      F  Fxxz      -0.000000      -0.000000       0.000000      -0.005037
   94      F  Fxyy      -0.000627      -0.004531      -0.000302      -0.000000
   95      F  Fxyz       0.000000       0.000000       0.000000       0.000000
   96      F  Fxzz      -0.000572      -0.004127      -0.000275      -0.000000
   97      F  Fyyy       0.012835      -0.000676       0.010131      -0.000000
   98      F  Fyyz      -0.000000      -0.000000       0.000000      -0.005037
   99      F  Fyzz       0.005235      -0.000275       0.004127      -0.000000
  100      F  Fzzz      -0.000000      -0.000000       0.000000      -0.010130
  101      F  Fxxx      -0.001594      -0.011752      -0.000784      -0.000000
  102      F  Fxxy       0.006527      -0.000351       0.005256      -0.000000
  103      F  Fxxz      -0.000000      -0.000000       0.000000      -0.006078
  104      F  Fxyy      -0.000713      -0.005256      -0.000351      -0.000000
  105      F  Fxyz      -0.000000       0.000000      -0.000000      -0.000000
  106      F  Fxzz      -0.000648      -0.004799      -0.000320       0.000000
  107      F  Fyyy       0.014596      -0.000784       0.011752      -0.000000
  108      F  Fyyz      -0.000000      -0.000000      -0.000000      -0.006078
  109      F  Fyzz       0.005932      -0.000320       0.004799      -0.000000
  110      F  Fzzz      -0.000000      -0.000000      -0.000000      -0.013850
 
 
  end of eigenvectors 
 
  END OF EIGENVALUES AND EIGENVECTORS
 
 
  COMPONENTS OF KINETIC ENERGY: 
 -----------------------------
 
             E-ALPHA Kinetic energy =          102.030269768033
              E-BETA Kinetic energy =           96.739527228766
                                     _________________________
               Total kinetic energy =          198.769796996799
 
  COMPONENTS OF POTENTIAL ENERGY: 
 -------------------------------
 
          Fixed potential energy    =           10.990604407292
 
  Quantum/Fixed interaction energy: 
 ----------------------------------
 
     E-ALPHA/Fixed interact. energy =         -260.906854802732
      E-BETA/Fixed interact. energy =         -244.091918848020
                                     _________________________
               Total Q/Fixed energy =         -504.998773650753
 
  Coulomb energy: 
 ------------------
 
     E-ALPHA/E-ALPHA Hartree energy =           32.392843161472
       E-BETA/E-BETA Hartree energy =           26.113173756204
      E-ALPHA/E-BETA Hartree energy =           58.091446442967
                                     _________________________
               Total Hartree energy =          116.597463360643
 
  Exchange(HF) energy: 
 ----------------------
 
            E-ALPHA Exchange energy =          -10.692501428347
             E-BETA Exchange energy =           -9.484094306237
                                     _________________________
              Total Exchange energy =          -20.176595734583
 
  TOTAL ENERGY COMPONENTS: 
 ==========================
 
          TOTAL KINETIC ENERGY      =          198.769796996799
          TOTAL POTENTIAL ENERGY    =         -397.587301617400
                                     _________________________
                       TOTAL ENERGY =         -198.817504620601
 
                 VIRIAL RATIO (V/T) =            2.000240014452
 
 
  END ENERGY COMPONENTS
 
 
** TOTAL CPU Time SCF :      9.087 (s)
** TOTAL Elapsed Time SCF :      2.147 (s)
 
 We are calculating properties for E-ALPHA in the HF/KS ground state
 We are calculating properties for E-BETA in the HF/KS ground state
 
  POPULATION ANALYSES: 
 ====================
 
 MULLIKEN Population: for E-        
 ---------------------
 
                          total          spin      
 
    1      F     S       1.941258      -0.000856
    2      F     S       1.074097       0.017409
    3      F     S       0.270325       0.006103
    4      F     S       0.705415      -0.007845
    5      F     S       0.034253      -0.006845
    6      F    Px       0.571616       0.010722
    7      F    Py       0.571616       0.010722
    8      F    Pz       0.391487       0.214596
    9      F    Px       0.805731       0.012847
   10      F    Py       0.805731       0.012847
   11      F    Pz       0.563577       0.287297
   12      F    Px       0.495492      -0.015109
   13      F    Py       0.495492      -0.015109
   14      F    Pz       0.360545       0.078397
   15      F    Px       0.045142      -0.006511
   16      F    Py       0.045142      -0.006511
   17      F    Pz       0.123710      -0.099105
   18      F   Dxx       0.002707      -0.003089
   19      F   Dxy       0.000000      -0.000000
   20      F   Dxz       0.000000      -0.000000
   21      F   Dyy       0.002707      -0.003089
   22      F   Dyz       0.000000      -0.000000
   23      F   Dzz       0.002063       0.006346
   24      F   Dxx      -0.004172      -0.007840
   25      F   Dxy       0.000000       0.000000
   26      F   Dxz       0.000001      -0.000002
   27      F   Dyy      -0.004172      -0.007840
   28      F   Dyz       0.000001      -0.000002
   29      F   Dzz      -0.006036       0.010816
   30      F   Dxx      -0.005027      -0.002139
   31      F   Dxy       0.000000      -0.000000
   32      F   Dxz       0.000032       0.000000
   33      F   Dyy      -0.005027      -0.002139
   34      F   Dyz       0.000032       0.000000
   35      F   Dzz      -0.006919      -0.000348
   36      F  Fxxx       0.023331      -0.002091
   37      F  Fxxy       0.007777      -0.000697
   38      F  Fxxz       0.004251       0.000650
   39      F  Fxyy       0.007777      -0.000697
   40      F  Fxyz       0.000000       0.000000
   41      F  Fxzz       0.009906       0.002191
   42      F  Fyyy       0.023331      -0.002091
   43      F  Fyyz       0.004251       0.000650
   44      F  Fyzz       0.009906       0.002191
   45      F  Fzzz       0.019869       0.010154
   46      F  Fxxx       0.023821      -0.002042
   47      F  Fxxy       0.007940      -0.000681
   48      F  Fxxz       0.005297       0.000786
   49      F  Fxyy       0.007940      -0.000681
   50      F  Fxyz       0.000000       0.000000
   51      F  Fxzz       0.009211       0.001373
   52      F  Fyyy       0.023821      -0.002042
   53      F  Fyyz       0.005297       0.000786
   54      F  Fyzz       0.009211       0.001373
   55      F  Fzzz       0.020617       0.006771
   56      F     S       1.941258      -0.000857
   57      F     S       1.074124       0.017411
   58      F     S       0.270334       0.006104
   59      F     S       0.705404      -0.007849
   60      F     S       0.034246      -0.006844
   61      F    Px       0.571657       0.010722
   62      F    Py       0.571657       0.010722
   63      F    Pz       0.391356       0.214771
   64      F    Px       0.805768       0.012848
   65      F    Py       0.805768       0.012848
   66      F    Pz       0.563365       0.287553
   67      F    Px       0.495435      -0.015112
   68      F    Py       0.495435      -0.015112
   69      F    Pz       0.360290       0.078581
   70      F    Px       0.045110      -0.006508
   71      F    Py       0.045110      -0.006508
   72      F    Pz       0.123583      -0.099004
   73      F   Dxx       0.002707      -0.003090
   74      F   Dxy       0.000000      -0.000000
   75      F   Dxz       0.000000      -0.000000
   76      F   Dyy       0.002707      -0.003090
   77      F   Dyz       0.000000      -0.000000
   78      F   Dzz       0.002063       0.006349
   79      F   Dxx      -0.004174      -0.007844
   80      F   Dxy       0.000000      -0.000000
   81      F   Dxz       0.000001      -0.000002
   82      F   Dyy      -0.004174      -0.007844
   83      F   Dyz       0.000001      -0.000002
   84      F   Dzz      -0.006038       0.010823
   85      F   Dxx      -0.005030      -0.002140
   86      F   Dxy       0.000000      -0.000000
   87      F   Dxz       0.000032       0.000000
   88      F   Dyy      -0.005030      -0.002140
   89      F   Dyz       0.000032       0.000000
   90      F   Dzz      -0.006923      -0.000346
   91      F  Fxxx       0.023332      -0.002092
   92      F  Fxxy       0.007777      -0.000697
   93      F  Fxxz       0.004248       0.000652
   94      F  Fxyy       0.007777      -0.000697
   95      F  Fxyz       0.000000      -0.000000
   96      F  Fxzz       0.009908       0.002192
   97      F  Fyyy       0.023332      -0.002092
   98      F  Fyyz       0.004248       0.000652
   99      F  Fyzz       0.009908       0.002192
  100      F  Fzzz       0.019864       0.010164
  101      F  Fxxx       0.023824      -0.002043
  102      F  Fxxy       0.007941      -0.000681
  103      F  Fxxz       0.005294       0.000789
  104      F  Fxyy       0.007941      -0.000681
  105      F  Fxyz       0.000000      -0.000000
  106      F  Fxzz       0.009213       0.001375
  107      F  Fyyy       0.023824      -0.002043
  108      F  Fyyz       0.005294       0.000789
  109      F  Fyzz       0.009213       0.001375
  110      F  Fzzz       0.020610       0.006784
 
                           __________     __________
              Total =       19.000000       1.000000
 
  Atomic MULLIKEN Population: for E-        
            F                9.500375       0.499626
            F                9.499625       0.500374
 
 ...end of MULLIKEN Population
 
 
 END POPULATION ANALYSES 
 
 
  POPULATION ANALYSES: 
 ====================
 
 LOWDIN Population: for E-        
 ---------------------
 
                          total          spin      
 
    1      F     S       1.575162      -0.000148
    2      F     S       0.617552       0.005156
    3      F     S       0.418056       0.004280
    4      F     S       0.299673      -0.003445
    5      F     S       0.076926      -0.005167
    6      F    Px       0.513613       0.010331
    7      F    Py       0.513613       0.010331
    8      F    Pz       0.351582       0.195667
    9      F    Px       0.380047       0.003993
   10      F    Py       0.380047       0.003993
   11      F    Pz       0.264380       0.131225
   12      F    Px       0.277608      -0.008795
   13      F    Py       0.277608      -0.008795
   14      F    Pz       0.214898       0.031326
   15      F    Px       0.065226      -0.006152
   16      F    Py       0.065226      -0.006152
   17      F    Pz       0.129547      -0.083523
   18      F   Dxx       0.159727      -0.000546
   19      F   Dxy       0.000000      -0.000000
   20      F   Dxz       0.000000      -0.000000
   21      F   Dyy       0.159727      -0.000546
   22      F   Dyz       0.000000      -0.000000
   23      F   Dzz       0.158965       0.009477
   24      F   Dxx       0.152446      -0.006071
   25      F   Dxy       0.000000       0.000000
   26      F   Dxz       0.000005      -0.000002
   27      F   Dyy       0.152446      -0.006071
   28      F   Dyz       0.000005      -0.000002
   29      F   Dzz       0.150312       0.008222
   30      F   Dxx       0.027069      -0.003008
   31      F   Dxy       0.000000       0.000000
   32      F   Dxz       0.000030       0.000000
   33      F   Dyy       0.027069      -0.003008
   34      F   Dyz       0.000030       0.000000
   35      F   Dzz       0.026308      -0.000528
   36      F  Fxxx       0.238677       0.001842
   37      F  Fxxy       0.104164       0.000881
   38      F  Fxxz       0.071306       0.035601
   39      F  Fxyy       0.104164       0.000881
   40      F  Fxyz       0.000000       0.000000
   41      F  Fxzz       0.105754       0.003105
   42      F  Fyyy       0.238677       0.001842
   43      F  Fyyz       0.071306       0.035601
   44      F  Fyzz       0.105754       0.003105
   45      F  Fzzz       0.167842       0.086447
   46      F  Fxxx       0.168986      -0.003649
   47      F  Fxxy       0.072409      -0.001602
   48      F  Fxxz       0.051973       0.014885
   49      F  Fxyy       0.072409      -0.001602
   50      F  Fxyz       0.000000       0.000000
   51      F  Fxzz       0.073479       0.000049
   52      F  Fyyy       0.168986      -0.003649
   53      F  Fyyz       0.051973       0.014885
   54      F  Fyzz       0.073479       0.000049
   55      F  Fzzz       0.124124       0.038917
   56      F     S       1.575163      -0.000148
   57      F     S       0.617560       0.005157
   58      F     S       0.418063       0.004281
   59      F     S       0.299668      -0.003446
   60      F     S       0.076920      -0.005167
   61      F    Px       0.513651       0.010331
   62      F    Py       0.513651       0.010331
   63      F    Pz       0.351467       0.195823
   64      F    Px       0.380064       0.003992
   65      F    Py       0.380064       0.003992
   66      F    Pz       0.264276       0.131346
   67      F    Px       0.277576      -0.008796
   68      F    Py       0.277576      -0.008796
   69      F    Pz       0.214739       0.031448
   70      F    Px       0.065198      -0.006150
   71      F    Py       0.065198      -0.006150
   72      F    Pz       0.129438      -0.083436
   73      F   Dxx       0.159732      -0.000548
   74      F   Dxy       0.000000       0.000000
   75      F   Dxz       0.000000      -0.000000
   76      F   Dyy       0.159732      -0.000548
   77      F   Dyz       0.000000      -0.000000
   78      F   Dzz       0.158970       0.009481
   79      F   Dxx       0.152445      -0.006074
   80      F   Dxy       0.000000      -0.000000
   81      F   Dxz       0.000005      -0.000002
   82      F   Dyy       0.152445      -0.006074
   83      F   Dyz       0.000005      -0.000002
   84      F   Dzz       0.150310       0.008228
   85      F   Dxx       0.027066      -0.003009
   86      F   Dxy       0.000000      -0.000000
   87      F   Dxz       0.000030       0.000000
   88      F   Dyy       0.027066      -0.003009
   89      F   Dyz       0.000030       0.000000
   90      F   Dzz       0.026304      -0.000527
   91      F  Fxxx       0.238688       0.001841
   92      F  Fxxy       0.104169       0.000881
   93      F  Fxxz       0.071277       0.035633
   94      F  Fxyy       0.104169       0.000881
   95      F  Fxyz       0.000000      -0.000000
   96      F  Fxzz       0.105760       0.003106
   97      F  Fyyy       0.238688       0.001841
   98      F  Fyyz       0.071277       0.035633
   99      F  Fyzz       0.105760       0.003106
  100      F  Fzzz       0.167780       0.086524
  101      F  Fxxx       0.168978      -0.003650
  102      F  Fxxy       0.072405      -0.001603
  103      F  Fxxz       0.051940       0.014912
  104      F  Fxyy       0.072405      -0.001603
  105      F  Fxyz       0.000000      -0.000000
  106      F  Fxzz       0.073476       0.000050
  107      F  Fyyy       0.168978      -0.003650
  108      F  Fyyz       0.051940       0.014912
  109      F  Fyzz       0.073476       0.000050
  110      F  Fzzz       0.124052       0.038980
 
                           __________     __________
              Total =       19.000000       1.000000
 
  Atomic LOWDIN Population: for E-        
            F                9.500371       0.499629
            F                9.499629       0.500371
 
 ...end of LOWDIN Population
 
 
 END POPULATION ANALYSES 
 
 
  EXPECTED POSITIONS OF QUANTUM SPECIES:
 ======================
 
 POSITIONS IN ANGSTROMS
 ------
 
                        <x>      <y>      <z>         
            E-ALPHA  -0.0000  -0.0000  19.5000
             E-BETA  -0.0000   0.0000  17.5485
 
 END EXPECTED POSITIONS
 
 
  ELECTROSTATIC MOMENTS:
 ======================
 
 
 DIPOLE: (A.U.)
 ------
 
                           <Dx>         <Dy>         <Dz>          |D|
            E-ALPHA   0.00000000   0.00000000 -36.84966373
             E-BETA   0.00000000  -0.00000000 -33.16195013
    Point charges:    0.00000000   0.00000000  66.32938217
                     ____________________________
      Total Dipole:   0.00000000  -0.00000000  -3.68223169   3.68223169
 
 DIPOLE: (DEBYE)
 ------
 
                           <Dx>         <Dy>         <Dz>          |D|
            E-ALPHA   0.00000000   0.00000000 -93.66249054
             E-BETA   0.00000000  -0.00000000 -84.28925872
    Point charges:    0.00000000   0.00000000 168.59245107
                     ____________________________
      Total Dipole:   0.00000000  -0.00000000  -9.35929820   9.35929820
 
 QUADRUPOLE NON-TRACELESS: (DEBYE ANGS)
 ------
 
                           <xx>         <yy>         <zz>         <xy>         <xz>         <yz>
            E-ALPHA   -5.65010682   -5.65010682 -371.33429728   -0.00000000    0.00000000    0.00000000
             E-BETA   -6.37107960   -6.37107960 -333.75401381    0.00000000   -0.00000000    0.00000000
    Point charges:     0.00000000    0.00000000  657.51048415    0.00000000    0.00000000    0.00000000
  Total Quadrupole:  -12.02118642  -12.02118642  -47.57782694   -0.00000000    0.00000000    0.00000000
                     ____________________________
 
 END ELECTROSTATIC MOMENTS
 
 
 BEGIN FOUR-INDEX INTEGRALS TRANFORMATION:
 ========================================
 Selected method: C         
 
 --------------------------------------------------
    4N^5 Algorithm Four-index integral tranformation
 --------------------------------------------------
 
 Integrals transformation for: E-ALPHA
 
              Transformation boundaries 
                 orbital lower upper
                       p     1    10
                       q    11   110
                       r     1    10
                       s    11   110
 
         Loading AO integrals time(s):  0.175E-01
      Integral transformation time(s):  0.244E+01
       Non-zero transformed integrals:       278946
 
 Inter-species integrals transformation for: E-ALPHA/E-BETA
 
              Transformation boundaries 
                 orbital lower upper
                       p     1     9
                       q    10   110
                       r     1    10
                       s    11   110
 
         Loading AO integrals time(s):  0.150E-01
      Integral transformation time(s):  0.973E+01
 Non zero transformed coupling integrals:       388542
 
 Integrals transformation for: E-BETA
 
              Transformation boundaries 
                 orbital lower upper
                       p     1     9
                       q    10   110
                       r     1     9
                       s    10   110
 
         Loading AO integrals time(s):  0.939E-02
      Integral transformation time(s):  0.230E+01
       Non-zero transformed integrals:       237626
 
** TOTAL Elapsed Time for integrals transformation :     14.770 (s)
 
 
  POST HARTREE-FOCK CALCULATION
  MANY-BODY PERTURBATION THEORY:
 ==============================
 
              MOLLER-PLESSET FORMALISM 
               ORDER OF CORRECTION =     2
 
                E(0) + E(1) =    -198.817504620601
                       E(2) =      -0.582320708148
                             ____________________
                     E(MP2) =    -199.399825328749
 
              -----------------------------------
               E(n){ Specie }     E(n) / Hartree 
              -----------------------------------
 
            E(2){ E-ALPHA } =      -0.075509864076
             E(2){ E-BETA } =      -0.078105155319
 
     E(2){ E-ALPHA/E-BETA } =      -0.428705688752
 
** TOTAL CPU Time HF-MBPT :      0.623 (s)
** TOTAL Elapsed Time HF-MBPT :      0.389 (s)
 

  TOTAL CPU Time:      0.241 (s)
 TOTAL Wall Time:     17.390 (s)
  Elapsed Time:   0h  0m 17s 390ms
LOWDIN execution terminated normally at : Tue Feb  4 16:58:05 2025
-rw-rw-r-- 1 pohl pohl  25M feb  4 16:57 0E-ALPHA.E-BETA.ints
-rw-rw-r-- 1 pohl pohl  13M feb  4 16:57 0E-ALPHA.ints
-rw-rw-r-- 1 pohl pohl  25M feb  4 16:57 1E-ALPHA.E-BETA.ints
-rw-rw-r-- 1 pohl pohl  13M feb  4 16:57 1E-ALPHA.ints
-rw-rw-r-- 1 pohl pohl  25M feb  4 16:57 2E-ALPHA.E-BETA.ints
-rw-rw-r-- 1 pohl pohl  13M feb  4 16:57 2E-ALPHA.ints
-rw-rw-r-- 1 pohl pohl  25M feb  4 16:57 3E-ALPHA.E-BETA.ints
-rw-rw-r-- 1 pohl pohl  13M feb  4 16:57 3E-ALPHA.ints
-rw-rw-r-- 1 pohl pohl   12 feb  4 16:57 E-ALPHA.E-BETA.nints
-rw-rw-r-- 1 pohl pohl 7.6M feb  4 16:57 E-ALPHAmoint.dat
-rw-rw-r-- 1 pohl pohl 9.0M feb  4 16:58 E-BETA.E-ALPHAmoint.dat
-rw-rw-r-- 1 pohl pohl 6.9M feb  4 16:58 E-BETAmoint.dat
-rw-rw-r-- 1 pohl pohl   64 feb  4 16:57 gepol.inp
-rw-rw-r-- 1 pohl pohl  182 feb  4 16:57 gepol.xyzr
-rw-rw-r-- 1 pohl pohl  13K feb  4 16:57 lowdin.bas
-rw-rw-r-- 1 pohl pohl  16K feb  4 16:57 lowdin.dat
-rw-rw-r-- 1 pohl pohl 2.3M feb  4 16:57 lowdin.opints
-rw-rw-r-- 1 pohl pohl  46K feb  4 16:57 lowdin.sys
-rw-rw-r-- 1 pohl pohl 2.1M feb  4 16:57 lowdin.wfn
-rw-rw-r-- 1 pohl pohl  258 feb  4 16:57 usual_17
-rw-rw-r-- 1 pohl pohl 1.1K feb  4 16:57 usual_17.aux
-rw-rw-r-- 1 pohl pohl  266 feb  4 16:57 usual_17.lowdin
-rw-rw-r-- 1 pohl pohl  82K feb  4 16:58 usual_17.out
-rw-rw-r-- 1 pohl pohl 192K feb  4 16:57 usual_17.vec
