Begin job by input: usual_30.lowdin, for user:   at  mar 04 feb 2025 17:01:30 -05
under operating system Linux helios 5.19.0-46-generic #47-Ubuntu SMP PREEMPT_DYNAMIC Fri Jun 16 13:30:11 UTC 2023 x86_64 x86_64 x86_64 GNU/Linux
Compilation information
  commit: f31d3924f6ee2ce9d77f07edcc1ba27359319d14
  compilation date:  mar 17 sep 2024 16:16:17 -05

BEGIN INPUT INFO:
------------------------------------

GEOMETRY
	e-(F)	AUG-CC-PVTZ 0.0 0.0 0.0 multiplicity=2 addParticles=1 
	e-(F)	AUG-CC-PVTZ 0.0 0.0 6.5 
	F	Dirac 0.0 0.0 0.0
	F	Dirac 0.0 0.0 6.5
END GEOMETRY

TASKS
        method = "UHF"
	mollerPlessetCorrection=2
END TASKS

CONTROL
	units="ANGS"
END CONTROL






... END INPUT INFO


 LOWDIN execution started at : Tue Feb  4 17:01:30 2025
 ---------------------------------------------------------------
 
 ***************************************************************
 *                   LOWDIN 2.0  (May/2013)                    *
 *                                                             *
 *  R. FLORES-MORENO, E. F. POSADA, F. S. MONCADA, J.ROMERO,   *
 *  J. CHARRY, M. DIAZ-TINOCO, S. A. GONZALEZ, N. F. AGUIRRE,  *
 *  A. REYES                                                   *
 *                                                             *
 *  https://sites.google.com/site/lowdinproject/               *
 *                                                             *
 ***************************************************************
 
 PARSING INPUT... DONE!
 
 LOWDIN IS RUNNING WITH NEXT PARAMETERS: 
 ----------------------------------------
 
         METHOD TYPE:  UHF
         NUMBER OF CORES:     4
         MOLLER PLESSET CORRECTION:      2
         NONELECTRONIC DENSITY GUESS: HCORE
         ELECTRONIC DENSITY GUESS: HCORE
         CRITERIUM OF CONVERGENCE: ENERGY
         NONELECTRONIC ENERGY TOLERANCE IN SCFs:     0.10000E-07
         ELECTRONIC ENERGY TOLERANCE IN SCFs:     0.10000E-07
         TOTAL ENERGY TOLERANCE IN SCFs:     0.10000E-07
         SCHEME OF ITERATION: GLOBAL ITERATIONS
         SCF MAX. SUBITERATIONS - NONELECTRONS :     1
         SCF MAX. SUBITERATIONS - ELECTRONS :     1
         SCF MAX. ITERATIONS - INTERSPECIES :   200
         INTEGRAL STORAGE: DISK
         STACK SIZE FOR ERIS : 30000
         METHOD OF SCF CONVERGENCE: DAMPING
 
  MOLECULAR SYSTEM: usual_30
 -----------------
 
    DESCRIPTION   : usual_30
    CHARGE        :   0
    PUNTUAL GROUP : NONE
 
 
  INFORMATION OF PARTICLES :
 =========================
         Total number of particles   =      21
         Number of quantum particles =      19
         Number of puntual charges   =       2
         Number of quantum species   =       2
 
                 INFORMATION OF QUANTUM SPECIES 
    ----------------------------------------------------------------------
         ID      Symbol            mass     charge      omega     spin     multiplicity
    ----------------------------------------------------------------------
         1        E-ALPHA         1.0000     -1.00      0.00      0.50      2.00
         2         E-BETA         1.0000     -1.00      0.00      0.50      2.00
 
                   CONSTANTS OF COUPLING 
      ------------------------------------------------------------
              Symbol      kappa        eta     lambda occupation
      ------------------------------------------------------------
             E-ALPHA      -1.00       1.00       1.00      10.00
              E-BETA      -1.00       1.00       1.00       9.00
 
                   BASIS SET FOR SPECIES 
      ------------------------------------------------------------
           Symbol          N. Basis     N. Particles     Basis Set
      ------------------------------------------------------------
            E-ALPHA           28               10     AUG-CC-PVT
             E-BETA           28                9     AUG-CC-PVT
 
                                ATOMIC BASIS
         ------------------------------------------------------------
          PRIMITIVE   SHELL             EXPONENT         COEFFICIENT 
         ------------------------------------------------------------
 
    BEGIN DESCRIPTION OF BASIS FOR: E-ALP
    ==============================
 
 
             F BASIS SET:    AUG-CC-PVTZ
             1         S            19500.00000000          0.00050700
             2         S             2923.00000000          0.00392300
             3         S              664.50000000          0.02020000
             4         S              187.50000000          0.07901000
             5         S               60.62000000          0.23043900
             6         S               21.42000000          0.43287200
             7         S                7.95000000          0.34996400
             8         S                0.88150000         -0.00789200
             1         S            19500.00000000         -0.00011700
             2         S             2923.00000000         -0.00091200
             3         S              664.50000000         -0.00471700
             4         S              187.50000000         -0.01908600
             5         S               60.62000000         -0.05965500
             6         S               21.42000000         -0.14001000
             7         S                7.95000000         -0.17678200
             8         S                0.88150000          0.60504300
             1         S                2.25700000          1.00000000
             1         S                0.30410000          1.00000000
             1         S                0.09158000          1.00000000
             1         P               43.88000000          0.01666500
             2         P                9.92600000          0.10447200
             3         P                2.93000000          0.31726000
             1         P                0.91320000          1.00000000
             1         P                0.26720000          1.00000000
             1         P                0.07361000          1.00000000
             1         D                3.10700000          1.00000000
             1         D                0.85500000          1.00000000
             1         D                0.29200000          1.00000000
             1         F                1.91700000          1.00000000
             1         F                0.72400000          1.00000000
 
             F BASIS SET:    AUG-CC-PVTZ
             1         S            19500.00000000          0.00050700
             2         S             2923.00000000          0.00392300
             3         S              664.50000000          0.02020000
             4         S              187.50000000          0.07901000
             5         S               60.62000000          0.23043900
             6         S               21.42000000          0.43287200
             7         S                7.95000000          0.34996400
             8         S                0.88150000         -0.00789200
             1         S            19500.00000000         -0.00011700
             2         S             2923.00000000         -0.00091200
             3         S              664.50000000         -0.00471700
             4         S              187.50000000         -0.01908600
             5         S               60.62000000         -0.05965500
             6         S               21.42000000         -0.14001000
             7         S                7.95000000         -0.17678200
             8         S                0.88150000          0.60504300
             1         S                2.25700000          1.00000000
             1         S                0.30410000          1.00000000
             1         S                0.09158000          1.00000000
             1         P               43.88000000          0.01666500
             2         P                9.92600000          0.10447200
             3         P                2.93000000          0.31726000
             1         P                0.91320000          1.00000000
             1         P                0.26720000          1.00000000
             1         P                0.07361000          1.00000000
             1         D                3.10700000          1.00000000
             1         D                0.85500000          1.00000000
             1         D                0.29200000          1.00000000
             1         F                1.91700000          1.00000000
             1         F                0.72400000          1.00000000
    ... END DESCRIPTION OF BASIS
 
 
  END INFORMATION OF PARTICLES
 
 
  INFORMATION OF THE QUANTUM SYSTEM 
     ---------------------------------------------------------------------
                 ID     Occupied Orbitals     Basis size
     ---------------------------------------------------------------------
            E-ALPHA           10              110
             E-BETA            9              110
 
  END INFORMATION OF QUANTUM SYSTEM
 
                       INITIAL GEOMETRY: AMSTRONG
                 -----------------------------------
                       <x>                 <y>                 <z>
  E-ALPHAF        0.0000000000        0.0000000000        0.0000000000
  E-ALPHAF        0.0000000000        0.0000000000        6.5000000000
         F        0.0000000000        0.0000000000        0.0000000000
         F        0.0000000000        0.0000000000        6.5000000000
 
                     MATRIX OF DISTANCE: ANGSTROM
                 -----------------------------------
                          F(1)           F(2)      
 
        F(1)             0.000000       6.500000
        F(2)             6.500000       0.000000
 
--------------------------------------------------------------------------------
** PROGRAM: SCF (Hartree Fock).     Author: S.A. Gonzalez, E. Posada, F. Moncada
--------------------------------------------------------------------------------
INFO: RUNNING IN UHF MODE.
 
----------------------------------------------------------------------
** PROGRAM INTS                          Author: E. F. Posada, 2013   
----------------------------------------------------------------------
INFO: RUNNING IN ONE_PARTICLE MODE.
 
 Number of Overlap integrals for species E-ALPHA:  12100
 Number of Overlap integrals for species E-BETA:  12100
 Number of Kinetic integrals for species E-ALPHA:  12100
 Number of Kinetic integrals for species E-BETA:  12100
 Number of Nuclear integrals for species E-ALPHA:  12100
 Number of Nuclear integrals for species E-BETA:  12100
 Number of Moment integrals for species E-ALPHA:  36300
 Number of Moment integrals for species E-BETA:  36300
 
** TOTAL CPU Time INTS :      0.434 (s)
** TOTAL Elapsed Time INTS :      0.189 (s)
 
       Usign  HCORE density guess for species:    E-ALPHA
     number of    E-ALPHA     particles in guess density matrix:    10.000000
       Usign  HCORE density guess for species:     E-BETA
     number of     E-BETA     particles in guess density matrix:     9.000000
 Number of unique integrals for species: 1 = 1230683
 Number of unique integrals for species: 1 / 2 = 2458114 Screened: 39965
 
 TWO-BODY INTEGRAL SETUP: 
------------------------- 
 Storage:   DISK
 Scheme: LIBINT
 Stack size:  30000
 
 LIBINT library, Fermann, J. T.; Valeev, F. L. 2010                   
 LOWDIN-LIBINT Implementation V. 2.1  Posada E. F. ; Reyes A. 2016   
 ----------------------------------------------------------------------

*** TOTAL CPU time intra-species integrals :      0.703 (s)
*** TOTAL elapsed time intra-species integrals :      0.140 (s)


*** TOTAL CPU time inter-species integrals :      1.504 (s)
*** TOTAL elapsed time inter-species integrals :      0.346 (s)

INFO: RUNNING SCHEME SIMULTANEOUS
 
 Begin Multi-Species SCF calculation:
 
 --------------------------------------------------------------------------------------------------
      Iteration                   Energy            Energy Change           Density Change
 --------------------------------------------------------------------------------------------------
              1        -172.583164008111         172.583164008111           0.109837829689
              2        -172.317778224014          -0.265385784098           0.089847787630
              3        -193.962500874631          21.644722650617           0.024397688389
              4        -198.048636580021           4.086135705391           0.012696049975
              5        -198.369598333625           0.320961753603           0.004870913828
              6        -198.758692225821           0.389093892196           0.003163600690
              7        -198.789005411291           0.030313185470           0.000726394232
              8        -198.806124220489           0.017118809198           0.000688486718
              9        -198.807773538256           0.001649317767           0.000188413812
             10        -198.808703573687           0.000930035431           0.000164892212
             11        -198.808801375131           0.000097801445           0.000059608880
             12        -198.808847830556           0.000046455425           0.000045156733
             13        -198.808855999186           0.000008168630           0.000025018433
             14        -198.808858713144           0.000002713958           0.000016133992
             15        -198.808859633437           0.000000920294           0.000008858299
             16        -198.808859947826           0.000000314388           0.000005731165
             17        -198.808860056019           0.000000108193           0.000003108124
             18        -198.808860094226           0.000000038207           0.000002132244
             19        -198.808860111064           0.000000016838           0.000001753765
             20        -198.808860131791           0.000000020727           0.000002903782
             21        -198.808860200665           0.000000068874           0.000005751780
             22        -198.808860480467           0.000000279802           0.000011661861
             23        -198.808861639420           0.000001158953           0.000023797629
             24        -198.808866447451           0.000004808031           0.000048391688
             25        -198.808886389243           0.000019941792           0.000098580357
             26        -198.808968970055           0.000082580813           0.000199764588
             27        -198.809308721506           0.000339751451           0.000399846991
             28        -198.810669874298           0.001361152792           0.000758936885
             29        -198.815595698617           0.004925824319           0.001225052357
             30        -198.828480907749           0.012885209132           0.001406507862
             31        -198.845158758083           0.016677850335           0.001038994310
             32        -198.854157261656           0.008998503572           0.000602446987
             33        -198.857326876063           0.003169614407           0.000360971767
             34        -198.858521443736           0.001194567673           0.000228096191
             35        -198.859028280185           0.000506836449           0.000150708635
             36        -198.859256097269           0.000227817084           0.000100516115
             37        -198.859361761827           0.000105664558           0.000068853776
             38        -198.859412066182           0.000050304354           0.000047360763
             39        -198.859436575038           0.000024508856           0.000033266141
             40        -198.859448760806           0.000012185768           0.000023431927
             41        -198.859454919405           0.000006158600           0.000016733745
             42        -198.859458072669           0.000003153263           0.000011970169
             43        -198.859459703013           0.000001630345           0.000008630465
             44        -198.859460552250           0.000000849237           0.000006228614
             45        -198.859460997016           0.000000444766           0.000004514167
             46        -198.859461230903           0.000000233887           0.000003273628
             47        -198.859461354257           0.000000123354           0.000002379192
             48        -198.859461419461           0.000000065204           0.000001729841
             49        -198.859461453982           0.000000034521           0.000001259139
             50        -198.859461472282           0.000000018299           0.000000916779
             51        -198.859461481991           0.000000009710           0.000000667910
 Total energy converged after  51 global iterations                                                  
 
 ...end Multi-Species SCF calculation
 
 
 Begin SCF calculation by: E-ALPHA
 -------------------------
 
 -----------------------------------------------------------------------------------
 Iteration                   Energy           Density Change         DIIS Error 
 -----------------------------------------------------------------------------------
    1         -96.125503819231           0.043282780585                 -- 
    2         -91.343353975054           0.011618624353                 -- 
    3         -73.094561166928           0.005410702342                 -- 
    4         -81.230331600234           0.001715503607                 -- 
    5         -79.279032508964           0.001322301092                 -- 
    6         -77.300066266382           0.000329033877                 -- 
    7         -77.652271329441           0.000315810045                 -- 
    8         -78.078633890818           0.000079355476                 -- 
    9         -77.986155900915           0.000058177773                 -- 
   10         -77.896182580674           0.000016828042                 -- 
   11         -77.924008277198           0.000011919674                 -- 
   12         -77.928603428740           0.000004407104                 -- 
   13         -77.922133112829           0.000004078723                 -- 
   14         -77.924203110657           0.000001489424                 -- 
   15         -77.921636851083           0.000001504590                 -- 
   16         -77.922526495665           0.000000520340                 -- 
   17         -77.921501097138           0.000000579205                 -- 
   18         -77.921879309818           0.000000302604                 -- 
   19         -77.921468230859           0.000000544817                 -- 
   20         -77.921627768323           0.000001000404                 -- 
   21         -77.921461732323           0.000002065343                 -- 
   22         -77.921525349174           0.000004158062                 -- 
   23         -77.921444029566           0.000008537551                 -- 
   24         -77.921411559002           0.000017282322                 -- 
   25         -77.921131405474           0.000035292973                 -- 
   26         -77.920108560166           0.000071133079                 -- 
   27         -77.915928728198           0.000140853597                 -- 
   28         -77.900869374870           0.000254287430                 -- 
   29         -77.860248932780           0.000348991087                 -- 
   30         -77.793883267140           0.000280591783                 -- 
   31         -77.707471133025           0.000170618380                 -- 
   32         -77.636047850868           0.000114463044                 -- 
   33         -77.586743613915           0.000077344808                 -- 
   34         -77.547965627418           0.000057681459                 -- 
   35         -77.522491470903           0.000039904490                 -- 
   36         -77.501710341014           0.000030344458                 -- 
   37         -77.488455632293           0.000020754773                 -- 
   38         -77.477268317683           0.000015997257                 -- 
   39         -77.470365501527           0.000010769811                 -- 
   40         -77.464318708126           0.000008455053                 -- 
   41         -77.460735333573           0.000005587050                 -- 
   42         -77.457453779687           0.000004491061                 -- 
   43         -77.455604150836           0.000002900589                 -- 
   44         -77.453815238023           0.000002399444                 -- 
   45         -77.452868148067           0.000001505990                 -- 
   46         -77.451887870742           0.000001289301                 -- 
   47         -77.451408183038           0.000000780719                 -- 
   48         -77.450867788857           0.000000696563                 -- 
   49         -77.450628443907           0.000000403320                 -- 
   50         -77.450328485324           0.000000378361                 -- 
 
 ... end SCF calculation
 
 Begin SCF calculation by: E-BETA
 -------------------------
 
 -----------------------------------------------------------------------------------
 Iteration                   Energy           Density Change         DIIS Error 
 -----------------------------------------------------------------------------------
    1         -89.458795713366           0.046565007044                 -- 
    2         -84.471495220804           0.012779064035                 -- 
    3         -67.457422894069           0.007285347633                 -- 
    4         -74.367951188077           0.003155410221                 -- 
    5         -72.920577171697           0.001841299598                 -- 
    6         -71.254808620077           0.000397360354                 -- 
    7         -71.533134105690           0.000372676673                 -- 
    8         -71.904308736594           0.000109058336                 -- 
    9         -71.833727548347           0.000106714440                 -- 
   10         -71.757896462947           0.000042780838                 -- 
   11         -71.778900535162           0.000033237060                 -- 
   12         -71.787857974414           0.000020611329                 -- 
   13         -71.785180226414           0.000012055270                 -- 
   14         -71.788729910923           0.000007368875                 -- 
   15         -71.787571023913           0.000004226575                 -- 
   16         -71.788985733419           0.000002587784                 -- 
   17         -71.788488983824           0.000001553039                 -- 
   18         -71.789054178819           0.000001451160                 -- 
   19         -71.788842920646           0.000002358965                 -- 
   20         -71.789069674842           0.000004751377                 -- 
   21         -71.788981927323           0.000009596518                 -- 
   22         -71.789079620114           0.000019639567                 -- 
   23         -71.789069905776           0.000039854137                 -- 
   24         -71.789223195644           0.000081298034                 -- 
   25         -71.789684971975           0.000164471614                 -- 
   26         -71.791641781530           0.000328713912                 -- 
   27         -71.798902451039           0.000618083289                 -- 
   28         -71.821086217913           0.000970764927                 -- 
   29         -71.869367264870           0.001057516775                 -- 
   30         -71.948469966264           0.000758402527                 -- 
   31         -72.021543035010           0.000431828607                 -- 
   32         -72.080766887413           0.000246508723                 -- 
   33         -72.129317762143           0.000150751383                 -- 
   34         -72.162595391650           0.000093027176                 -- 
   35         -72.189898140125           0.000060611625                 -- 
   36         -72.207759026180           0.000038509318                 -- 
   37         -72.222732145116           0.000026605991                 -- 
   38         -72.232174269643           0.000017268885                 -- 
   39         -72.240325599667           0.000012662116                 -- 
   40         -72.245269772260           0.000008278692                 -- 
   41         -72.249703234754           0.000006383118                 -- 
   42         -72.252271472008           0.000004139405                 -- 
   43         -72.254687757546           0.000003328025                 -- 
   44         -72.256010614639           0.000002114722                 -- 
   45         -72.257332508184           0.000001767638                 -- 
   46         -72.258007012936           0.000001089891                 -- 
   47         -72.258733858414           0.000000949121                 -- 
   48         -72.259073287751           0.000000562576                 -- 
   49         -72.259475418155           0.000000513459                 -- 
   50         -72.259643197712           0.000000289549                 -- 
 
 ... end SCF calculation
 
  EIGENVALUES AND EIGENVECTORS: 
 ==============================
 
 
  Eigenvalues for: E-ALPHA
 -----------------
 
    1         -26.327204559269
    2         -25.832408502928
    3          -1.592327990588
    4          -1.076451940026
    5          -0.763444506752
    6          -0.650383281566
    7          -0.650383281566
    8          -0.181604096124
    9          -0.181604096124
   10          -0.181597872001
   11           0.232004988058
   12           0.268157933660
   13           0.268157933660
   14           0.269637537187
   15           0.415981685796
   16           0.427092234741
   17           0.427092234741
   18           0.430565565363
   19           0.873744162956
   20           0.933136648750
   21           0.936733180356
   22           0.936733180356
   23           0.955703730396
   24           0.955703730397
   25           0.973702584434
   26           1.002982682646
   27           1.002982682646
   28           1.147116579420
   29           1.227973165891
   30           1.227973165891
   31           1.227989136624
   32           1.228016388148
   33           1.228016388148
   34           1.292527101043
   35           1.292527101043
   36           1.295218071309
   37           2.724627293792
   38           2.783495312316
   39           2.783495312316
   40           2.824616114616
   41           2.843510681552
   42           2.843510681552
   43           2.875884437965
   44           2.898422336809
   45           2.898422336815
   46           2.941695072416
   47           2.946845820425
   48           2.946845820425
   49           2.961302537249
   50           2.961302537256
   51           2.988868596940
   52           2.988868596940
   53           3.151525894554
   54           3.151525894554
   55           3.153988953066
   56           3.217544042580
   57           3.282758435721
   58           3.282758435721
   59           3.282769323944
   60           3.282776721365
   61           3.282776721365
   62           3.331262469076
   63           3.331266258700
   64           3.331266258700
   65           3.331278201698
   66           3.331278201699
   67           3.331295701576
   68           3.331295701576
   69           5.034822007007
   70           5.358719353024
   71           7.302997232040
   72           7.380070622589
   73           7.380070622589
   74           7.807940294863
   75           7.807940294863
   76           7.809812742704
   77           8.763422047152
   78           8.773820614726
   79           8.773820614726
   80           8.805309118513
   81           8.805309118527
   82           8.859139688436
   83           8.859139688436
   84           9.200285234944
   85           9.225114078723
   86           9.225114078723
   87           9.267415594858
   88           9.267417877698
   89           9.267417877698
   90           9.267425064635
   91           9.267425064635
   92           9.267436383446
   93           9.267436383446
   94           9.302491014437
   95           9.302491014440
   96           9.744522578729
   97           9.744522578729
   98           9.744525351825
   99           9.744533703875
  100           9.744533703875
  101          14.511304243967
  102          14.942359244524
  103          17.614957853253
  104          17.677798188290
  105          17.677798188295
  106          18.052021609001
  107          18.052021609002
  108          18.069709129691
  109          23.376396355394
  110          23.852219403348
 
 
  Eigenvalues for: E-BETA
 -----------------
 
    1         -26.279109644970
    2         -25.832375980402
    3          -1.397194104819
    4          -1.076372163943
    5          -0.598689066607
    6          -0.598689066607
    7          -0.181522758772
    8          -0.181522758772
    9          -0.181507402652
   10           0.117985512072
   11           0.241030398058
   12           0.270112927932
   13           0.270112927932
   14           0.318841128651
   15           0.416165037496
   16           0.427099150404
   17           0.427099150404
   18           0.432147076987
   19           0.894264840545
   20           0.953886295360
   21           0.953886295361
   22           0.956995013714
   23           0.956995013714
   24           0.959521994442
   25           1.012841013389
   26           1.012841013389
   27           1.080835018383
   28           1.147969762430
   29           1.227953881160
   30           1.227953881160
   31           1.227983034033
   32           1.227997843913
   33           1.227997843913
   34           1.292545385230
   35           1.292545385230
   36           1.295676968021
   37           2.801392444945
   38           2.801392444945
   39           2.844479696744
   40           2.906908463194
   41           2.907481645589
   42           2.907481645595
   43           2.931497235838
   44           2.931497235838
   45           2.945410021671
   46           2.969063146103
   47           2.970743294992
   48           2.970743294992
   49           2.976916898374
   50           2.976916898381
   51           2.987795409153
   52           2.987795409153
   53           3.151549265901
   54           3.151549265901
   55           3.154283731152
   56           3.217718234002
   57           3.282777289696
   58           3.282777289696
   59           3.282790067355
   60           3.282794436290
   61           3.282794436290
   62           3.331255008396
   63           3.331258788272
   64           3.331258788272
   65           3.331270805123
   66           3.331270805123
   67           3.331288426645
   68           3.331288426645
   69           5.048033963613
   70           5.358753888801
   71           7.401961177180
   72           7.401961177181
   73           7.432222442957
   74           7.807970568126
   75           7.807970568126
   76           7.809957983208
   77           8.835791721624
   78           8.839190591066
   79           8.839190591066
   80           8.849404309726
   81           8.849404309740
   82           8.866445385283
   83           8.866445385283
   84           9.267434974913
   85           9.267437123524
   86           9.267437123524
   87           9.267443911673
   88           9.267443911673
   89           9.267454565629
   90           9.267454565629
   91           9.323736769723
   92           9.323736769726
   93           9.334952197818
   94           9.334952197819
   95           9.339026854629
   96           9.744567811867
   97           9.744567811867
   98           9.744571286055
   99           9.744576922185
  100           9.744576922185
  101          14.538892373461
  102          14.942373788817
  103          17.640506355211
  104          17.684488541271
  105          17.684488541274
  106          18.052030312581
  107          18.052030312585
  108          18.070352650203
  109          23.410227845366
  110          23.852245001976
 
  end of eigenvalues 
 
  Occupied Eigenvectors for: E-ALPHA
 --------------------------- 
 
                         -26.3272       -25.8324        -1.5923        -1.0765        -0.7634   
 
    1      F     S      -0.000003       0.971097      -0.000013       0.009113       0.000037
    2      F     S      -0.000004      -0.010668      -0.000026      -0.552349       0.000070
    3      F     S      -0.000011       0.048941      -0.000041      -0.158733       0.000099
    4      F     S       0.000055      -0.016226       0.000189      -0.394987      -0.000445
    5      F     S       0.000015      -0.001156       0.000080      -0.037143      -0.000266
    6      F    Px       0.000000       0.000000       0.000000      -0.000000       0.000000
    7      F    Py      -0.000000      -0.000000       0.000000       0.000000      -0.000000
    8      F    Pz       0.000006       0.000001       0.000014      -0.000005      -0.000016
    9      F    Px      -0.000000      -0.000000      -0.000000       0.000000      -0.000000
   10      F    Py       0.000000       0.000000       0.000000      -0.000000      -0.000000
   11      F    Pz      -0.000025      -0.000000      -0.000045      -0.000009       0.000063
   12      F    Px      -0.000000       0.000000       0.000000      -0.000000      -0.000000
   13      F    Py       0.000000       0.000000      -0.000000      -0.000000       0.000000
   14      F    Pz      -0.000023       0.000002      -0.000121      -0.000026       0.000231
   15      F    Px      -0.000000      -0.000000      -0.000000       0.000000       0.000000
   16      F    Py      -0.000000       0.000000       0.000000      -0.000000      -0.000000
   17      F    Pz       0.000013      -0.000001       0.000092      -0.000014      -0.000209
   18      F   Dxx      -0.000002       0.002835      -0.000003      -0.001453       0.000006
   19      F   Dxy       0.000000      -0.000000      -0.000000      -0.000000      -0.000000
   20      F   Dxz      -0.000000      -0.000000      -0.000000      -0.000000       0.000000
   21      F   Dyy      -0.000002       0.002835      -0.000003      -0.001453       0.000006
   22      F   Dyz       0.000000       0.000000       0.000000       0.000000       0.000000
   23      F   Dzz      -0.000001       0.002835      -0.000003      -0.001454       0.000005
   24      F   Dxx      -0.000014       0.007981      -0.000048       0.002604       0.000113
   25      F   Dxy       0.000000       0.000000       0.000000      -0.000000       0.000000
   26      F   Dxz       0.000000       0.000000      -0.000000      -0.000000      -0.000000
   27      F   Dyy      -0.000014       0.007981      -0.000048       0.002604       0.000113
   28      F   Dyz      -0.000000       0.000000       0.000000       0.000000      -0.000000
   29      F   Dzz      -0.000014       0.007981      -0.000048       0.002604       0.000118
   30      F   Dxx      -0.000015       0.002728      -0.000061       0.002030       0.000171
   31      F   Dxy      -0.000000      -0.000000      -0.000000      -0.000000      -0.000000
   32      F   Dxz      -0.000000      -0.000000      -0.000000      -0.000000      -0.000000
   33      F   Dyy      -0.000015       0.002728      -0.000061       0.002030       0.000171
   34      F   Dyz       0.000000      -0.000000       0.000000       0.000000       0.000000
   35      F   Dzz      -0.000014       0.002728      -0.000060       0.002019       0.000160
   36      F  Fxxx       0.000000       0.000000       0.000000      -0.000000       0.000000
   37      F  Fxxy      -0.000000      -0.000000      -0.000000       0.000000      -0.000000
   38      F  Fxxz       0.000005      -0.000000       0.000010      -0.000000      -0.000015
   39      F  Fxyy       0.000000       0.000000       0.000000      -0.000000       0.000000
   40      F  Fxyz       0.000000       0.000000      -0.000000       0.000000      -0.000000
   41      F  Fxzz       0.000000       0.000000       0.000000      -0.000000       0.000000
   42      F  Fyyy      -0.000000      -0.000000      -0.000000       0.000000      -0.000000
   43      F  Fyyz       0.000005      -0.000000       0.000010      -0.000000      -0.000015
   44      F  Fyzz      -0.000000      -0.000000      -0.000000       0.000000      -0.000000
   45      F  Fzzz       0.000011      -0.000000       0.000023       0.000000      -0.000033
   46      F  Fxxx       0.000000       0.000000      -0.000000      -0.000000       0.000000
   47      F  Fxxy      -0.000000      -0.000000       0.000000       0.000000      -0.000000
   48      F  Fxxz       0.000007      -0.000000       0.000024       0.000001      -0.000040
   49      F  Fxyy       0.000000       0.000000       0.000000      -0.000000      -0.000000
   50      F  Fxyz      -0.000000      -0.000000       0.000000      -0.000000       0.000000
   51      F  Fxzz       0.000000       0.000000      -0.000000      -0.000000      -0.000000
   52      F  Fyyy      -0.000000      -0.000000      -0.000000       0.000000      -0.000000
   53      F  Fyyz       0.000007      -0.000000       0.000024       0.000001      -0.000040
   54      F  Fyzz      -0.000000      -0.000000      -0.000000       0.000000      -0.000000
   55      F  Fzzz       0.000015      -0.000000       0.000055      -0.000000      -0.000091
   56      F     S       0.970496      -0.000003       0.004309      -0.000006       0.000158
   57      F     S      -0.010217      -0.000005      -0.584698      -0.000010       0.002276
   58      F     S       0.050450      -0.000011      -0.169260      -0.000019       0.000665
   59      F     S      -0.016063       0.000055      -0.389727       0.000091       0.001822
   60      F     S      -0.001186       0.000015      -0.018471       0.000028      -0.002472
   61      F    Px       0.000000       0.000000      -0.000000       0.000000       0.000000
   62      F    Py      -0.000000       0.000000      -0.000000       0.000000       0.000000
   63      F    Pz       0.000012      -0.000006      -0.000099      -0.000007      -0.416016
   64      F    Px      -0.000000      -0.000000       0.000000      -0.000000       0.000000
   65      F    Py       0.000000      -0.000000       0.000000       0.000000       0.000000
   66      F    Pz      -0.000049       0.000025      -0.000121       0.000025      -0.472196
   67      F    Px      -0.000000      -0.000000       0.000000      -0.000000       0.000000
   68      F    Py       0.000000      -0.000000       0.000000       0.000000       0.000000
   69      F    Pz      -0.000011       0.000023      -0.001330       0.000074      -0.269230
   70      F    Px      -0.000000       0.000000      -0.000000       0.000000       0.000000
   71      F    Py      -0.000000       0.000000       0.000000       0.000000       0.000000
   72      F    Pz       0.000003      -0.000013      -0.000169      -0.000055      -0.012790
   73      F   Dxx       0.002236      -0.000002       0.002366      -0.000002      -0.000016
   74      F   Dxy      -0.000000       0.000000       0.000000      -0.000000       0.000000
   75      F   Dxz      -0.000000      -0.000000       0.000000      -0.000000      -0.000000
   76      F   Dyy       0.002236      -0.000002       0.002366      -0.000002      -0.000016
   77      F   Dyz      -0.000000      -0.000000       0.000000      -0.000000      -0.000000
   78      F   Dzz       0.003175      -0.000001      -0.008416      -0.000002      -0.000032
   79      F   Dxx       0.007967      -0.000014       0.014128      -0.000023      -0.000208
   80      F   Dxy      -0.000000       0.000000      -0.000000       0.000000       0.000000
   81      F   Dxz       0.000000       0.000000       0.000000       0.000000      -0.000000
   82      F   Dyy       0.007967      -0.000014       0.014128      -0.000023      -0.000208
   83      F   Dyz      -0.000000       0.000000       0.000000       0.000000      -0.000000
   84      F   Dzz       0.007661      -0.000015      -0.008239      -0.000022      -0.000424
   85      F   Dxx       0.002662      -0.000015       0.014957      -0.000026       0.000330
   86      F   Dxy      -0.000000      -0.000000       0.000000      -0.000000       0.000000
   87      F   Dxz      -0.000000      -0.000000       0.000000       0.000000       0.000000
   88      F   Dyy       0.002662      -0.000015       0.014957      -0.000026       0.000330
   89      F   Dyz      -0.000000      -0.000000      -0.000000      -0.000000       0.000000
   90      F   Dzz       0.002788      -0.000014       0.013500      -0.000029      -0.002878
   91      F  Fxxx       0.000000       0.000000      -0.000000      -0.000000       0.000000
   92      F  Fxxy      -0.000000       0.000000      -0.000000      -0.000000       0.000000
   93      F  Fxxz       0.000009      -0.000005      -0.000016      -0.000006      -0.002825
   94      F  Fxyy      -0.000000       0.000000      -0.000000       0.000000       0.000000
   95      F  Fxyz       0.000000       0.000000       0.000000       0.000000       0.000000
   96      F  Fxzz       0.000000       0.000000      -0.000000      -0.000000       0.000000
   97      F  Fyyy      -0.000000       0.000000      -0.000000      -0.000000       0.000000
   98      F  Fyyz       0.000009      -0.000005      -0.000016      -0.000006      -0.002825
   99      F  Fyzz      -0.000000       0.000000      -0.000000      -0.000000       0.000000
  100      F  Fzzz       0.000020      -0.000011      -0.000057      -0.000013      -0.021956
  101      F  Fxxx       0.000000       0.000000      -0.000000       0.000000       0.000000
  102      F  Fxxy      -0.000000       0.000000      -0.000000      -0.000000       0.000000
  103      F  Fxxz       0.000008      -0.000007      -0.000048      -0.000015      -0.005299
  104      F  Fxyy       0.000000       0.000000      -0.000000       0.000000       0.000000
  105      F  Fxyz       0.000000       0.000000      -0.000000      -0.000000      -0.000000
  106      F  Fxzz       0.000000       0.000000       0.000000       0.000000       0.000000
  107      F  Fyyy      -0.000000       0.000000      -0.000000      -0.000000       0.000000
  108      F  Fyyz       0.000008      -0.000007      -0.000048      -0.000015      -0.005299
  109      F  Fyzz      -0.000000       0.000000      -0.000000      -0.000000       0.000000
  110      F  Fzzz       0.000018      -0.000015      -0.000235      -0.000032      -0.025851
 
                          -0.6504        -0.6504        -0.1816        -0.1816        -0.1816   
 
    1      F     S      -0.000000       0.000000      -0.000000       0.000000       0.000018
    2      F     S      -0.000000       0.000000      -0.000000       0.000000       0.000090
    3      F     S       0.000000      -0.000000      -0.000000       0.000000       0.000051
    4      F     S      -0.000000       0.000000       0.000000      -0.000000      -0.000021
    5      F     S      -0.000000       0.000000       0.000000      -0.000000      -0.000338
    6      F    Px      -0.000004      -0.000002       0.307015      -0.203894       0.000000
    7      F    Py       0.000002      -0.000004      -0.203894      -0.307015      -0.000000
    8      F    Pz       0.000000      -0.000000       0.000000      -0.000000      -0.368531
    9      F    Px       0.000014       0.000008       0.341244      -0.226626       0.000000
   10      F    Py      -0.000008       0.000014      -0.226626      -0.341244      -0.000000
   11      F    Pz      -0.000000      -0.000000       0.000000      -0.000000      -0.409616
   12      F    Px       0.000050       0.000029       0.289107      -0.192001       0.000000
   13      F    Py      -0.000029       0.000050      -0.192001      -0.289107      -0.000000
   14      F    Pz      -0.000000       0.000000       0.000000      -0.000000      -0.347023
   15      F    Px      -0.000044      -0.000025       0.103719      -0.068882       0.000000
   16      F    Py       0.000025      -0.000044      -0.068882      -0.103719      -0.000000
   17      F    Pz       0.000000      -0.000000       0.000000      -0.000000      -0.124618
   18      F   Dxx       0.000000      -0.000000       0.000000       0.000000       0.000003
   19      F   Dxy       0.000000      -0.000000       0.000000       0.000000       0.000000
   20      F   Dxz      -0.000000      -0.000000       0.000003      -0.000002       0.000000
   21      F   Dyy       0.000000      -0.000000      -0.000000       0.000000       0.000003
   22      F   Dyz       0.000000      -0.000000      -0.000002      -0.000003       0.000000
   23      F   Dzz       0.000000      -0.000000       0.000000       0.000000      -0.000004
   24      F   Dxx       0.000000      -0.000000      -0.000000       0.000000       0.000031
   25      F   Dxy      -0.000000       0.000000       0.000000      -0.000000       0.000000
   26      F   Dxz       0.000000       0.000000      -0.000001       0.000001      -0.000000
   27      F   Dyy       0.000000      -0.000000      -0.000000       0.000000       0.000031
   28      F   Dyz      -0.000000       0.000000       0.000001       0.000001       0.000000
   29      F   Dzz       0.000000      -0.000000      -0.000000       0.000000       0.000037
   30      F   Dxx       0.000000      -0.000000      -0.000000       0.000000       0.000102
   31      F   Dxy       0.000000      -0.000000      -0.000000       0.000000       0.000000
   32      F   Dxz      -0.000000      -0.000000       0.000039      -0.000026       0.000000
   33      F   Dyy       0.000000      -0.000000      -0.000000       0.000000       0.000102
   34      F   Dyz       0.000000      -0.000000      -0.000026      -0.000039      -0.000000
   35      F   Dzz       0.000000      -0.000000      -0.000000       0.000000       0.000002
   36      F  Fxxx      -0.000008      -0.000004       0.012342      -0.008197       0.000000
   37      F  Fxxy       0.000002      -0.000003      -0.003666      -0.005520      -0.000000
   38      F  Fxxz       0.000000       0.000000       0.000000      -0.000000      -0.006627
   39      F  Fxyy      -0.000003      -0.000002       0.005520      -0.003666       0.000000
   40      F  Fxyz       0.000000      -0.000000       0.000000       0.000000       0.000000
   41      F  Fxzz      -0.000003      -0.000002       0.005519      -0.003666       0.000000
   42      F  Fyyy       0.000004      -0.000008      -0.008197      -0.012342      -0.000000
   43      F  Fyyz       0.000000       0.000000       0.000000      -0.000000      -0.006627
   44      F  Fyzz       0.000002      -0.000003      -0.003666      -0.005519      -0.000000
   45      F  Fzzz       0.000000      -0.000000       0.000000      -0.000000      -0.014817
   46      F  Fxxx      -0.000020      -0.000012       0.012287      -0.008160       0.000000
   47      F  Fxxy       0.000005      -0.000009      -0.003649      -0.005495      -0.000000
   48      F  Fxxz       0.000000      -0.000000       0.000000      -0.000000      -0.006596
   49      F  Fxyy      -0.000009      -0.000005       0.005495      -0.003649       0.000000
   50      F  Fxyz      -0.000000       0.000000      -0.000000      -0.000000      -0.000000
   51      F  Fxzz      -0.000009      -0.000005       0.005500      -0.003652       0.000000
   52      F  Fyyy       0.000012      -0.000020      -0.008160      -0.012287      -0.000000
   53      F  Fyyz       0.000000      -0.000000       0.000000      -0.000000      -0.006596
   54      F  Fyzz       0.000005      -0.000009      -0.003652      -0.005500      -0.000000
   55      F  Fzzz       0.000000       0.000000       0.000000      -0.000000      -0.014764
   56      F     S       0.000000      -0.000000      -0.000000       0.000000       0.000130
   57      F     S      -0.000000      -0.000000      -0.000000       0.000000       0.000336
   58      F     S      -0.000000       0.000000      -0.000000       0.000000       0.000290
   59      F     S       0.000000      -0.000000       0.000000      -0.000000      -0.000759
   60      F     S       0.000000       0.000000       0.000000      -0.000000      -0.001736
   61      F    Px       0.353718       0.201802      -0.000004       0.000002      -0.000000
   62      F    Py      -0.201802       0.353718       0.000002       0.000004      -0.000000
   63      F    Pz       0.000000       0.000000       0.000000      -0.000000      -0.000084
   64      F    Px       0.393416       0.224451      -0.000035       0.000023      -0.000000
   65      F    Py      -0.224451       0.393416       0.000023       0.000035       0.000000
   66      F    Pz       0.000000       0.000000       0.000000      -0.000000      -0.000154
   67      F    Px       0.256042       0.146076      -0.000144       0.000096      -0.000000
   68      F    Py      -0.146076       0.256042       0.000096       0.000144       0.000000
   69      F    Pz       0.000000       0.000000       0.000000      -0.000000      -0.000543
   70      F    Px       0.022465       0.012817       0.000183      -0.000122       0.000000
   71      F    Py      -0.012817       0.022465      -0.000122      -0.000183      -0.000000
   72      F    Pz       0.000000       0.000000      -0.000000       0.000000       0.000961
   73      F   Dxx      -0.000000       0.000000      -0.000000       0.000000       0.000010
   74      F   Dxy      -0.000000      -0.000000       0.000000       0.000000      -0.000000
   75      F   Dxz       0.000030       0.000017      -0.000001       0.000001       0.000000
   76      F   Dyy      -0.000000       0.000000       0.000000      -0.000000       0.000010
   77      F   Dyz      -0.000017       0.000030       0.000001       0.000001       0.000000
   78      F   Dzz      -0.000000       0.000000       0.000000       0.000000       0.000003
   79      F   Dxx      -0.000000       0.000000      -0.000000       0.000000       0.000266
   80      F   Dxy      -0.000000       0.000000      -0.000000      -0.000000      -0.000000
   81      F   Dxz       0.000070       0.000040       0.000004      -0.000003      -0.000000
   82      F   Dyy      -0.000000       0.000000      -0.000000       0.000000       0.000266
   83      F   Dyz      -0.000040       0.000070      -0.000003      -0.000004      -0.000000
   84      F   Dzz      -0.000000       0.000000      -0.000000       0.000000       0.000314
   85      F   Dxx      -0.000000       0.000000      -0.000000       0.000000       0.000651
   86      F   Dxy       0.000000      -0.000000       0.000000       0.000000       0.000000
   87      F   Dxz       0.001779       0.001015      -0.000013       0.000009      -0.000000
   88      F   Dyy      -0.000000       0.000000      -0.000000       0.000000       0.000651
   89      F   Dyz      -0.001015       0.001779       0.000009       0.000013       0.000000
   90      F   Dzz      -0.000000       0.000000      -0.000000       0.000000       0.000488
   91      F  Fxxx       0.011783       0.006723       0.000014      -0.000009      -0.000000
   92      F  Fxxy      -0.003006       0.005270      -0.000004      -0.000006      -0.000000
   93      F  Fxxz      -0.000000      -0.000000      -0.000000       0.000000       0.000015
   94      F  Fxyy       0.005270       0.003006       0.000006      -0.000004      -0.000000
   95      F  Fxyz       0.000000      -0.000000       0.000000       0.000000      -0.000000
   96      F  Fxzz       0.011247       0.006417       0.000006      -0.000004      -0.000000
   97      F  Fyyy      -0.006723       0.011783      -0.000009      -0.000014      -0.000000
   98      F  Fyyz       0.000000       0.000000      -0.000000       0.000000       0.000015
   99      F  Fyzz      -0.006417       0.011247      -0.000004      -0.000006      -0.000000
  100      F  Fzzz       0.000000       0.000000      -0.000000      -0.000000       0.000027
  101      F  Fxxx       0.015871       0.009055       0.000045      -0.000030       0.000000
  102      F  Fxxy      -0.004049       0.007098      -0.000013      -0.000020       0.000000
  103      F  Fxxz      -0.000000      -0.000000      -0.000000       0.000000       0.000053
  104      F  Fxyy       0.007098       0.004049       0.000020      -0.000013       0.000000
  105      F  Fxyz       0.000000      -0.000000       0.000000      -0.000000       0.000000
  106      F  Fxzz       0.012989       0.007410       0.000021      -0.000014       0.000000
  107      F  Fyyy      -0.009055       0.015871      -0.000030      -0.000045      -0.000000
  108      F  Fyyz       0.000000       0.000000      -0.000000       0.000000       0.000053
  109      F  Fyzz      -0.007410       0.012989      -0.000014      -0.000021      -0.000000
  110      F  Fzzz       0.000000       0.000000      -0.000000       0.000000       0.000130
 
 
  Occupied Eigenvectors for: E-BETA
 --------------------------- 
 
                         -26.2791       -25.8324        -1.3972        -1.0764        -0.5987   
 
    1      F     S      -0.000002       0.971097      -0.000014       0.009116      -0.000000
    2      F     S      -0.000004      -0.010668      -0.000028      -0.552324       0.000000
    3      F     S      -0.000011       0.048939      -0.000043      -0.158722      -0.000000
    4      F     S       0.000052      -0.016226       0.000197      -0.394993       0.000000
    5      F     S       0.000014      -0.001156       0.000086      -0.037163       0.000000
    6      F    Px       0.000000      -0.000000       0.000000      -0.000000      -0.000006
    7      F    Py      -0.000000      -0.000000       0.000000      -0.000000       0.000000
    8      F    Pz       0.000006       0.000001       0.000014      -0.000005       0.000000
    9      F    Px      -0.000000       0.000000      -0.000000       0.000000       0.000021
   10      F    Py       0.000000       0.000000      -0.000000       0.000000      -0.000001
   11      F    Pz      -0.000024      -0.000000      -0.000048      -0.000008      -0.000000
   12      F    Px      -0.000000       0.000000       0.000000       0.000000       0.000076
   13      F    Py       0.000000       0.000000      -0.000000       0.000000      -0.000004
   14      F    Pz      -0.000022       0.000002      -0.000132      -0.000026      -0.000000
   15      F    Px       0.000000      -0.000000      -0.000000       0.000000      -0.000067
   16      F    Py      -0.000000      -0.000000       0.000000      -0.000000       0.000003
   17      F    Pz       0.000012      -0.000001       0.000102      -0.000014       0.000000
   18      F   Dxx      -0.000001       0.002835      -0.000003      -0.001454       0.000000
   19      F   Dxy       0.000000      -0.000000       0.000000      -0.000000      -0.000000
   20      F   Dxz      -0.000000      -0.000000       0.000000       0.000000      -0.000000
   21      F   Dyy      -0.000001       0.002835      -0.000003      -0.001454      -0.000000
   22      F   Dyz       0.000000       0.000000      -0.000000      -0.000000       0.000000
   23      F   Dzz      -0.000001       0.002835      -0.000003      -0.001453       0.000000
   24      F   Dxx      -0.000013       0.007982      -0.000050       0.002601      -0.000000
   25      F   Dxy       0.000000      -0.000000      -0.000000      -0.000000       0.000000
   26      F   Dxz       0.000000       0.000000      -0.000000      -0.000000       0.000000
   27      F   Dyy      -0.000013       0.007982      -0.000050       0.002601      -0.000000
   28      F   Dyz      -0.000000       0.000000       0.000000       0.000000      -0.000000
   29      F   Dzz      -0.000014       0.007982      -0.000050       0.002601      -0.000000
   30      F   Dxx      -0.000014       0.002728      -0.000065       0.002024      -0.000000
   31      F   Dxy       0.000000      -0.000000      -0.000000      -0.000000      -0.000000
   32      F   Dxz      -0.000000      -0.000000      -0.000000      -0.000000      -0.000000
   33      F   Dyy      -0.000014       0.002728      -0.000065       0.002024      -0.000000
   34      F   Dyz       0.000000      -0.000000      -0.000000       0.000000       0.000000
   35      F   Dzz      -0.000014       0.002728      -0.000064       0.002012      -0.000000
   36      F  Fxxx       0.000000      -0.000000       0.000000      -0.000000      -0.000011
   37      F  Fxxy      -0.000000      -0.000000       0.000000      -0.000000       0.000000
   38      F  Fxxz       0.000005      -0.000000       0.000011      -0.000000       0.000000
   39      F  Fxyy       0.000000      -0.000000       0.000000      -0.000000      -0.000005
   40      F  Fxyz       0.000000       0.000000      -0.000000      -0.000000       0.000000
   41      F  Fxzz       0.000000      -0.000000       0.000000      -0.000000      -0.000005
   42      F  Fyyy      -0.000000      -0.000000       0.000000      -0.000000       0.000001
   43      F  Fyyz       0.000005      -0.000000       0.000011      -0.000000       0.000000
   44      F  Fyzz      -0.000000      -0.000000       0.000000      -0.000000       0.000000
   45      F  Fzzz       0.000011      -0.000000       0.000025       0.000000       0.000000
   46      F  Fxxx       0.000000      -0.000000       0.000000      -0.000000      -0.000031
   47      F  Fxxy      -0.000000      -0.000000       0.000000      -0.000000       0.000001
   48      F  Fxxz       0.000007      -0.000000       0.000026       0.000001       0.000000
   49      F  Fxyy       0.000000      -0.000000       0.000000      -0.000000      -0.000014
   50      F  Fxyz      -0.000000      -0.000000       0.000000       0.000000       0.000000
   51      F  Fxzz       0.000000      -0.000000       0.000000      -0.000000      -0.000014
   52      F  Fyyy      -0.000000      -0.000000       0.000000      -0.000000       0.000001
   53      F  Fyyz       0.000007      -0.000000       0.000026       0.000001       0.000000
   54      F  Fyzz      -0.000000      -0.000000       0.000000      -0.000000       0.000001
   55      F  Fzzz       0.000015      -0.000000       0.000059      -0.000000       0.000000
   56      F     S       0.971623      -0.000003       0.005862      -0.000006      -0.000000
   57      F     S      -0.011281      -0.000005      -0.566227      -0.000010      -0.000000
   58      F     S       0.047534      -0.000011      -0.162866      -0.000019      -0.000000
   59      F     S      -0.016331       0.000055      -0.400073       0.000091       0.000000
   60      F     S      -0.001145       0.000015      -0.021129       0.000028       0.000000
   61      F    Px       0.000000       0.000000      -0.000000      -0.000000       0.398514
   62      F    Py      -0.000000       0.000000      -0.000000       0.000000      -0.018585
   63      F    Pz      -0.000006      -0.000006      -0.001130      -0.000007       0.000000
   64      F    Px      -0.000000      -0.000000       0.000000       0.000000       0.439645
   65      F    Py       0.000000      -0.000000       0.000000      -0.000000      -0.020503
   66      F    Pz       0.000045       0.000025      -0.001390       0.000025       0.000000
   67      F    Px      -0.000000      -0.000000       0.000000       0.000000       0.311030
   68      F    Py       0.000000       0.000000       0.000000       0.000000      -0.014505
   69      F    Pz       0.000009       0.000023      -0.001771       0.000074       0.000000
   70      F    Px       0.000000       0.000000      -0.000000      -0.000000       0.035156
   71      F    Py      -0.000000       0.000000       0.000000       0.000000      -0.001639
   72      F    Pz      -0.000001      -0.000013      -0.000187      -0.000054       0.000000
   73      F   Dxx       0.003523      -0.000002      -0.005053      -0.000001      -0.000000
   74      F   Dxy      -0.000000      -0.000000       0.000000      -0.000000      -0.000000
   75      F   Dxz       0.000000      -0.000000      -0.000000       0.000000       0.000150
   76      F   Dyy       0.003523      -0.000002      -0.005053      -0.000001       0.000000
   77      F   Dyz       0.000000      -0.000000      -0.000000      -0.000000      -0.000007
   78      F   Dzz       0.002127      -0.000001       0.007370      -0.000002       0.000000
   79      F   Dxx       0.008139      -0.000014      -0.004627      -0.000023      -0.000000
   80      F   Dxy       0.000000       0.000000       0.000000       0.000000      -0.000000
   81      F   Dxz       0.000000       0.000000      -0.000000      -0.000000       0.000227
   82      F   Dyy       0.008139      -0.000014      -0.004627      -0.000023      -0.000000
   83      F   Dyz      -0.000000       0.000000      -0.000000       0.000000      -0.000011
   84      F   Dzz       0.007867      -0.000015       0.020654      -0.000022       0.000000
   85      F   Dxx       0.002713      -0.000015       0.004946      -0.000026      -0.000000
   86      F   Dxy      -0.000000      -0.000000       0.000000      -0.000000       0.000000
   87      F   Dxz      -0.000000       0.000000      -0.000000       0.000000       0.002264
   88      F   Dyy       0.002713      -0.000015       0.004946      -0.000026      -0.000000
   89      F   Dyz      -0.000000      -0.000000      -0.000000      -0.000000      -0.000106
   90      F   Dzz       0.002656      -0.000014       0.017120      -0.000029       0.000000
   91      F  Fxxx       0.000000       0.000000      -0.000000      -0.000000       0.017851
   92      F  Fxxy      -0.000000       0.000000      -0.000000       0.000000      -0.000372
   93      F  Fxxz      -0.000007      -0.000005      -0.000022      -0.000006       0.000000
   94      F  Fxyy       0.000000       0.000000      -0.000000      -0.000000       0.007983
   95      F  Fxyz       0.000000      -0.000000       0.000000      -0.000000      -0.000000
   96      F  Fxzz      -0.000000       0.000000      -0.000000      -0.000000       0.007141
   97      F  Fyyy      -0.000000       0.000000      -0.000000       0.000000      -0.000832
   98      F  Fyyz      -0.000007      -0.000005      -0.000022      -0.000006       0.000000
   99      F  Fyzz      -0.000000       0.000000      -0.000000       0.000000      -0.000333
  100      F  Fzzz      -0.000018      -0.000011      -0.000035      -0.000013       0.000000
  101      F  Fxxx       0.000000       0.000000      -0.000000      -0.000000       0.023408
  102      F  Fxxy      -0.000000       0.000000      -0.000000      -0.000000      -0.000488
  103      F  Fxxz      -0.000006      -0.000007      -0.000080      -0.000015       0.000000
  104      F  Fxyy       0.000000       0.000000      -0.000000      -0.000000       0.010468
  105      F  Fxyz       0.000000       0.000000      -0.000000       0.000000       0.000000
  106      F  Fxzz       0.000000       0.000000      -0.000000       0.000000       0.009363
  107      F  Fyyy      -0.000000       0.000000      -0.000000       0.000000      -0.001092
  108      F  Fyyz      -0.000006      -0.000007      -0.000080      -0.000015       0.000000
  109      F  Fyzz      -0.000000       0.000000      -0.000000       0.000000      -0.000437
  110      F  Fzzz      -0.000014      -0.000015      -0.000017      -0.000032       0.000000
 
                          -0.5987        -0.1815        -0.1815        -0.1815   
 
    1      F     S       0.000000      -0.000000       0.000000      -0.000018
    2      F     S       0.000000      -0.000000       0.000000      -0.000090
    3      F     S       0.000000       0.000000       0.000000      -0.000051
    4      F     S      -0.000000      -0.000000      -0.000000       0.000022
    5      F     S      -0.000000       0.000000      -0.000000       0.000340
    6      F    Px       0.000000      -0.165299      -0.329364       0.000000
    7      F    Py       0.000006      -0.329364       0.165299       0.000000
    8      F    Pz      -0.000000       0.000000      -0.000000       0.368491
    9      F    Px      -0.000001      -0.183726      -0.366081       0.000000
   10      F    Py      -0.000021      -0.366081       0.183726       0.000000
   11      F    Pz      -0.000000       0.000000      -0.000000       0.409568
   12      F    Px      -0.000004      -0.155683      -0.310204       0.000000
   13      F    Py      -0.000076      -0.310204       0.155683       0.000000
   14      F    Pz      -0.000000       0.000000      -0.000000       0.347048
   15      F    Px       0.000003      -0.055891      -0.111365       0.000000
   16      F    Py       0.000067      -0.111365       0.055891       0.000000
   17      F    Pz       0.000000       0.000000      -0.000000       0.124725
   18      F   Dxx       0.000000       0.000000       0.000000      -0.000003
   19      F   Dxy      -0.000000      -0.000000      -0.000000      -0.000000
   20      F   Dxz       0.000000      -0.000001      -0.000003      -0.000000
   21      F   Dyy       0.000000       0.000000       0.000000      -0.000003
   22      F   Dyz       0.000000      -0.000003       0.000001       0.000000
   23      F   Dzz       0.000000       0.000000       0.000000       0.000004
   24      F   Dxx       0.000000       0.000000       0.000000      -0.000031
   25      F   Dxy       0.000000       0.000000       0.000000      -0.000000
   26      F   Dxz      -0.000000       0.000000       0.000001       0.000000
   27      F   Dyy       0.000000       0.000000       0.000000      -0.000031
   28      F   Dyz      -0.000000       0.000001      -0.000000      -0.000000
   29      F   Dzz       0.000000       0.000000       0.000000      -0.000037
   30      F   Dxx       0.000000       0.000000       0.000000      -0.000102
   31      F   Dxy      -0.000000       0.000000      -0.000000       0.000000
   32      F   Dxz       0.000000      -0.000021      -0.000041       0.000000
   33      F   Dyy       0.000000       0.000000       0.000000      -0.000102
   34      F   Dyz       0.000000      -0.000041       0.000021       0.000000
   35      F   Dzz       0.000000       0.000000       0.000000      -0.000003
   36      F  Fxxx       0.000001      -0.006646      -0.013243       0.000000
   37      F  Fxxy       0.000005      -0.005922       0.002972       0.000000
   38      F  Fxxz       0.000000       0.000000      -0.000000       0.006627
   39      F  Fxyy       0.000000      -0.002972      -0.005922       0.000000
   40      F  Fxyz      -0.000000      -0.000000      -0.000000      -0.000000
   41      F  Fxzz       0.000000      -0.002972      -0.005922       0.000000
   42      F  Fyyy       0.000011      -0.013243       0.006646       0.000000
   43      F  Fyyz       0.000000       0.000000      -0.000000       0.006627
   44      F  Fyzz       0.000005      -0.005922       0.002972       0.000000
   45      F  Fzzz       0.000000       0.000000      -0.000000       0.014818
   46      F  Fxxx       0.000001      -0.006617      -0.013185       0.000000
   47      F  Fxxy       0.000014      -0.005897       0.002959       0.000000
   48      F  Fxxz      -0.000000       0.000000      -0.000000       0.006598
   49      F  Fxyy       0.000001      -0.002959      -0.005897       0.000000
   50      F  Fxyz       0.000000      -0.000000       0.000000      -0.000000
   51      F  Fxzz       0.000001      -0.002962      -0.005902       0.000000
   52      F  Fyyy       0.000031      -0.013185       0.006617       0.000000
   53      F  Fyyz      -0.000000       0.000000      -0.000000       0.006598
   54      F  Fyzz       0.000014      -0.005902       0.002962       0.000000
   55      F  Fzzz      -0.000000       0.000000      -0.000000       0.014766
   56      F     S      -0.000000      -0.000000       0.000000      -0.000129
   57      F     S      -0.000000      -0.000000       0.000000      -0.000334
   58      F     S      -0.000000      -0.000000      -0.000000      -0.000289
   59      F     S       0.000000       0.000000       0.000000       0.000760
   60      F     S       0.000000       0.000000      -0.000000       0.001728
   61      F    Px      -0.018585       0.000003       0.000006      -0.000000
   62      F    Py      -0.398514       0.000006      -0.000003      -0.000000
   63      F    Pz      -0.000000      -0.000000      -0.000000      -0.000116
   64      F    Px      -0.020503       0.000020       0.000039       0.000000
   65      F    Py      -0.439645       0.000039      -0.000020      -0.000000
   66      F    Pz      -0.000000      -0.000000      -0.000000      -0.000073
   67      F    Px      -0.014505       0.000079       0.000158      -0.000000
   68      F    Py      -0.311030       0.000158      -0.000079      -0.000000
   69      F    Pz      -0.000000       0.000000       0.000000       0.000354
   70      F    Px      -0.001639      -0.000098      -0.000196       0.000000
   71      F    Py      -0.035156      -0.000196       0.000098       0.000000
   72      F    Pz      -0.000000      -0.000000      -0.000000      -0.001031
   73      F   Dxx      -0.000000      -0.000000      -0.000000      -0.000011
   74      F   Dxy      -0.000000      -0.000000      -0.000000       0.000000
   75      F   Dxz      -0.000007       0.000000       0.000001      -0.000000
   76      F   Dyy      -0.000000      -0.000000      -0.000000      -0.000011
   77      F   Dyz      -0.000150       0.000001      -0.000000       0.000000
   78      F   Dzz      -0.000000       0.000000      -0.000000      -0.000001
   79      F   Dxx      -0.000000      -0.000000      -0.000000      -0.000269
   80      F   Dxy       0.000000       0.000000       0.000000       0.000000
   81      F   Dxz      -0.000011      -0.000002      -0.000004       0.000000
   82      F   Dyy      -0.000000      -0.000000      -0.000000      -0.000269
   83      F   Dyz      -0.000227      -0.000004       0.000002      -0.000000
   84      F   Dzz      -0.000000      -0.000000      -0.000000      -0.000314
   85      F   Dxx      -0.000000      -0.000000       0.000000      -0.000652
   86      F   Dxy       0.000000      -0.000000       0.000000      -0.000000
   87      F   Dxz      -0.000106       0.000007       0.000014      -0.000000
   88      F   Dyy      -0.000000      -0.000000      -0.000000      -0.000652
   89      F   Dyz      -0.002264       0.000014      -0.000007       0.000000
   90      F   Dzz      -0.000000      -0.000000      -0.000000      -0.000497
   91      F  Fxxx      -0.000832      -0.000007      -0.000015      -0.000000
   92      F  Fxxy      -0.007983      -0.000007       0.000003      -0.000000
   93      F  Fxxz      -0.000000      -0.000000       0.000000      -0.000018
   94      F  Fxyy      -0.000372      -0.000003      -0.000007      -0.000000
   95      F  Fxyz      -0.000000      -0.000000      -0.000000       0.000000
   96      F  Fxzz      -0.000333      -0.000003      -0.000006      -0.000000
   97      F  Fyyy      -0.017851      -0.000015       0.000007       0.000000
   98      F  Fyyz      -0.000000       0.000000       0.000000      -0.000018
   99      F  Fyzz      -0.007141      -0.000006       0.000003      -0.000000
  100      F  Fzzz      -0.000000      -0.000000       0.000000      -0.000036
  101      F  Fxxx      -0.001092      -0.000024      -0.000048      -0.000000
  102      F  Fxxy      -0.010468      -0.000021       0.000011       0.000000
  103      F  Fxxz      -0.000000      -0.000000      -0.000000      -0.000057
  104      F  Fxyy      -0.000488      -0.000011      -0.000021      -0.000000
  105      F  Fxyz       0.000000       0.000000       0.000000       0.000000
  106      F  Fxzz      -0.000437      -0.000011      -0.000022      -0.000000
  107      F  Fyyy      -0.023408      -0.000048       0.000024       0.000000
  108      F  Fyyz      -0.000000      -0.000000       0.000000      -0.000057
  109      F  Fyzz      -0.009363      -0.000022       0.000011       0.000000
  110      F  Fzzz      -0.000000      -0.000000       0.000000      -0.000139
 
 
  end of eigenvectors 
 
  END OF EIGENVALUES AND EIGENVECTORS
 
 
  COMPONENTS OF KINETIC ENERGY: 
 -----------------------------
 
             E-ALPHA Kinetic energy =          101.328978644175
              E-BETA Kinetic energy =           97.509438113122
                                     _________________________
               Total kinetic energy =          198.838416757297
 
  COMPONENTS OF POTENTIAL ENERGY: 
 -------------------------------
 
          Fixed potential energy    =            6.594362644375
 
  Quantum/Fixed interaction energy: 
 ----------------------------------
 
     E-ALPHA/Fixed interact. energy =         -254.535832611418
      E-BETA/Fixed interact. energy =         -241.445727700012
                                     _________________________
               Total Q/Fixed energy =         -495.981560311430
 
  Coulomb energy: 
 ------------------
 
     E-ALPHA/E-ALPHA Hartree energy =           30.586509356346
       E-BETA/E-BETA Hartree energy =           25.672914693163
      E-ALPHA/E-BETA Hartree energy =           55.743764582799
                                     _________________________
               Total Hartree energy =          112.003188632308
 
  Exchange(HF) energy: 
 ----------------------
 
            E-ALPHA Exchange energy =          -10.573673020358
             E-BETA Exchange energy =           -9.740196189338
                                     _________________________
              Total Exchange energy =          -20.313869209696
 
  TOTAL ENERGY COMPONENTS: 
 ==========================
 
          TOTAL KINETIC ENERGY      =          198.838416757297
          TOTAL POTENTIAL ENERGY    =         -397.697878244443
                                     _________________________
                       TOTAL ENERGY =         -198.859461487146
 
                 VIRIAL RATIO (V/T) =            2.000105838350
 
 
  END ENERGY COMPONENTS
 
 
** TOTAL CPU Time SCF :     14.089 (s)
** TOTAL Elapsed Time SCF :      2.808 (s)
 
 We are calculating properties for E-ALPHA in the HF/KS ground state
 We are calculating properties for E-BETA in the HF/KS ground state
 
  POPULATION ANALYSES: 
 ====================
 
 MULLIKEN Population: for E-        
 ---------------------
 
                          total          spin      
 
    1      F     S       1.941349      -0.000001
    2      F     S       1.045648       0.000028
    3      F     S       0.262437       0.000010
    4      F     S       0.710824      -0.000011
    5      F     S       0.044754      -0.000013
    6      F    Px       0.517715       0.000045
    7      F    Py       0.517715       0.000045
    8      F    Pz       0.517654       0.000050
    9      F    Px       0.749537       0.000051
   10      F    Py       0.749537       0.000051
   11      F    Pz       0.749460       0.000057
   12      F    Px       0.549178      -0.000037
   13      F    Py       0.549178      -0.000037
   14      F    Pz       0.549147      -0.000039
   15      F    Px       0.111773      -0.000055
   16      F    Py       0.111773      -0.000055
   17      F    Pz       0.111912      -0.000062
   18      F   Dxx       0.002704      -0.000000
   19      F   Dxy       0.000000      -0.000000
   20      F   Dxz       0.000000       0.000000
   21      F   Dyy       0.002704      -0.000000
   22      F   Dyz       0.000000       0.000000
   23      F   Dzz       0.002704       0.000000
   24      F   Dxx      -0.002856      -0.000002
   25      F   Dxy       0.000000       0.000000
   26      F   Dxz      -0.000000       0.000000
   27      F   Dyy      -0.002856      -0.000002
   28      F   Dyz      -0.000000       0.000000
   29      F   Dzz      -0.002856      -0.000002
   30      F   Dxx      -0.001522      -0.000002
   31      F   Dxy       0.000000       0.000000
   32      F   Dxz       0.000000      -0.000000
   33      F   Dyy      -0.001522      -0.000002
   34      F   Dyz       0.000000      -0.000000
   35      F   Dzz      -0.001513      -0.000003
   36      F  Fxxx       0.022478      -0.000000
   37      F  Fxxy       0.007493      -0.000000
   38      F  Fxxz       0.007493      -0.000000
   39      F  Fxyy       0.007493      -0.000000
   40      F  Fxyz      -0.000000      -0.000000
   41      F  Fxzz       0.007492       0.000000
   42      F  Fyyy       0.022478      -0.000000
   43      F  Fyyz       0.007493      -0.000000
   44      F  Fyzz       0.007492       0.000000
   45      F  Fzzz       0.022478      -0.000000
   46      F  Fxxx       0.020596      -0.000002
   47      F  Fxxy       0.006865      -0.000001
   48      F  Fxxz       0.006865      -0.000001
   49      F  Fxyy       0.006865      -0.000001
   50      F  Fxyz       0.000000       0.000000
   51      F  Fxzz       0.006871      -0.000001
   52      F  Fyyy       0.020596      -0.000002
   53      F  Fyyz       0.006865      -0.000001
   54      F  Fyzz       0.006871      -0.000001
   55      F  Fzzz       0.020616      -0.000002
   56      F     S       1.941030      -0.001246
   57      F     S       1.096622       0.019721
   58      F     S       0.276224       0.007305
   59      F     S       0.699193      -0.013195
   60      F     S       0.022621      -0.001854
   61      F    Px       0.604341       0.010699
   62      F    Py       0.604341       0.010699
   63      F    Pz       0.319804       0.319798
   64      F    Px       0.836810       0.012976
   65      F    Py       0.836810       0.012976
   66      F    Pz       0.444340       0.444331
   67      F    Px       0.443804      -0.016816
   68      F    Py       0.443804      -0.016816
   69      F    Pz       0.189147       0.189136
   70      F    Px       0.020933      -0.003728
   71      F    Py       0.020933      -0.003728
   72      F    Pz       0.003943       0.003929
   73      F   Dxx       0.002624      -0.004886
   74      F   Dxy       0.000000      -0.000000
   75      F   Dxz       0.000000      -0.000000
   76      F   Dyy       0.002624      -0.004886
   77      F   Dyz       0.000000      -0.000000
   78      F   Dzz       0.001730       0.010119
   79      F   Dxx      -0.005364      -0.011898
   80      F   Dxy      -0.000000      -0.000000
   81      F   Dxz       0.000000      -0.000000
   82      F   Dyy      -0.005364      -0.011898
   83      F   Dyz       0.000000      -0.000000
   84      F   Dzz      -0.007067       0.018243
   85      F   Dxx      -0.007010      -0.003356
   86      F   Dxy       0.000000       0.000000
   87      F   Dxz       0.000010      -0.000001
   88      F   Dyy      -0.007010      -0.003356
   89      F   Dyz       0.000010      -0.000001
   90      F   Dzz      -0.010848       0.001214
   91      F  Fxxx       0.024634      -0.003348
   92      F  Fxxy       0.008211      -0.001116
   93      F  Fxxz       0.001656       0.001655
   94      F  Fxyy       0.008211      -0.001116
   95      F  Fxyz       0.000000       0.000000
   96      F  Fxzz       0.011831       0.003502
   97      F  Fyyy       0.024634      -0.003348
   98      F  Fyyz       0.001656       0.001655
   99      F  Fyzz       0.011831       0.003502
  100      F  Fzzz       0.017472       0.017471
  101      F  Fxxx       0.027921      -0.003715
  102      F  Fxxy       0.009307      -0.001238
  103      F  Fxxz       0.002546       0.002546
  104      F  Fxyy       0.009307      -0.001238
  105      F  Fxyz       0.000000       0.000000
  106      F  Fxzz       0.012197       0.002785
  107      F  Fyyy       0.027921      -0.003715
  108      F  Fyyz       0.002546       0.002546
  109      F  Fyzz       0.012197       0.002785
  110      F  Fzzz       0.016903       0.016903
 
                           __________     __________
              Total =       19.000000       1.000000
 
  Atomic MULLIKEN Population: for E-        
            F                9.999983       0.000001
            F                9.000017       0.999999
 
 ...end of MULLIKEN Population
 
 
 END POPULATION ANALYSES 
 
 
  POPULATION ANALYSES: 
 ====================
 
 LOWDIN Population: for E-        
 ---------------------
 
                          total          spin      
 
    1      F     S       1.574929       0.000000
    2      F     S       0.608074       0.000009
    3      F     S       0.411738       0.000007
    4      F     S       0.305123      -0.000005
    5      F     S       0.084081      -0.000008
    6      F    Px       0.463753       0.000042
    7      F    Py       0.463753       0.000042
    8      F    Pz       0.463696       0.000047
    9      F    Px       0.354939       0.000020
   10      F    Py       0.354939       0.000020
   11      F    Pz       0.354903       0.000023
   12      F    Px       0.317042      -0.000030
   13      F    Py       0.317042      -0.000030
   14      F    Pz       0.317026      -0.000032
   15      F    Px       0.120931      -0.000047
   16      F    Py       0.120931      -0.000047
   17      F    Pz       0.121065      -0.000052
   18      F   Dxx       0.154860       0.000004
   19      F   Dxy       0.000000      -0.000000
   20      F   Dxz       0.000000       0.000000
   21      F   Dyy       0.154860       0.000004
   22      F   Dyz       0.000000       0.000000
   23      F   Dzz       0.154861       0.000005
   24      F   Dxx       0.152906      -0.000002
   25      F   Dxy       0.000000       0.000000
   26      F   Dxz       0.000000      -0.000000
   27      F   Dyy       0.152906      -0.000002
   28      F   Dyz       0.000000      -0.000000
   29      F   Dzz       0.152909      -0.000001
   30      F   Dxx       0.030917      -0.000004
   31      F   Dxy       0.000000       0.000000
   32      F   Dxz       0.000000       0.000000
   33      F   Dyy       0.030917      -0.000004
   34      F   Dyz       0.000000       0.000000
   35      F   Dzz       0.030921      -0.000004
   36      F  Fxxx       0.221995       0.000014
   37      F  Fxxy       0.096839       0.000006
   38      F  Fxxz       0.096829       0.000007
   39      F  Fxyy       0.096839       0.000006
   40      F  Fxyz       0.000000      -0.000000
   41      F  Fxzz       0.096840       0.000006
   42      F  Fyyy       0.221995       0.000014
   43      F  Fyyz       0.096829       0.000007
   44      F  Fyzz       0.096840       0.000006
   45      F  Fzzz       0.221975       0.000016
   46      F  Fxxx       0.175797      -0.000006
   47      F  Fxxy       0.075930      -0.000003
   48      F  Fxxz       0.075930      -0.000003
   49      F  Fxyy       0.075930      -0.000003
   50      F  Fxyz       0.000000       0.000000
   51      F  Fxzz       0.075934      -0.000003
   52      F  Fyyy       0.175797      -0.000006
   53      F  Fyyz       0.075930      -0.000003
   54      F  Fyzz       0.075934      -0.000003
   55      F  Fzzz       0.175806      -0.000006
   56      F     S       1.575420      -0.000286
   57      F     S       0.624745       0.005421
   58      F     S       0.422906       0.004874
   59      F     S       0.295489      -0.004326
   60      F     S       0.068695      -0.003144
   61      F    Px       0.543563       0.010465
   62      F    Py       0.543563       0.010465
   63      F    Pz       0.289584       0.289579
   64      F    Px       0.393871       0.003383
   65      F    Py       0.393871       0.003383
   66      F    Pz       0.204938       0.204933
   67      F    Px       0.249405      -0.009081
   68      F    Py       0.249405      -0.009081
   69      F    Pz       0.108158       0.108152
   70      F    Px       0.043389      -0.004040
   71      F    Py       0.043389      -0.004040
   72      F    Pz       0.014564       0.014550
   73      F   Dxx       0.163356      -0.002320
   74      F   Dxy       0.000000      -0.000000
   75      F   Dxz       0.000000      -0.000000
   76      F   Dyy       0.163356      -0.002320
   77      F   Dyz       0.000000      -0.000000
   78      F   Dzz       0.162410       0.013938
   79      F   Dxx       0.151824      -0.009860
   80      F   Dxy       0.000000       0.000000
   81      F   Dxz       0.000002      -0.000000
   82      F   Dyy       0.151824      -0.009860
   83      F   Dyz       0.000002      -0.000000
   84      F   Dzz       0.149025       0.014138
   85      F   Dxx       0.024339      -0.003794
   86      F   Dxy       0.000000       0.000000
   87      F   Dxz       0.000009      -0.000001
   88      F   Dyy       0.024339      -0.003794
   89      F   Dyz       0.000009      -0.000001
   90      F   Dzz       0.022275       0.001363
   91      F  Fxxx       0.247881       0.000781
   92      F  Fxxy       0.108228       0.000467
   93      F  Fxxz       0.054827       0.054825
   94      F  Fxyy       0.108228       0.000467
   95      F  Fxyz       0.000000       0.000000
   96      F  Fxzz       0.111144       0.004252
   97      F  Fyyy       0.247881       0.000781
   98      F  Fyyz       0.054827       0.054825
   99      F  Fyzz       0.111144       0.004252
  100      F  Fzzz       0.133694       0.133691
  101      F  Fxxx       0.162087      -0.005000
  102      F  Fxxy       0.069103      -0.002126
  103      F  Fxxz       0.030643       0.030641
  104      F  Fxyy       0.069103      -0.002126
  105      F  Fxyz       0.000000       0.000000
  106      F  Fxzz       0.071320       0.000900
  107      F  Fyyy       0.162087      -0.005000
  108      F  Fyyz       0.030643       0.030641
  109      F  Fyzz       0.071320       0.000900
  110      F  Fzzz       0.078133       0.078130
 
                           __________     __________
              Total =       19.000000       1.000000
 
  Atomic LOWDIN Population: for E-        
            F                9.999987       0.000002
            F                9.000013       0.999998
 
 ...end of LOWDIN Population
 
 
 END POPULATION ANALYSES 
 
 
  EXPECTED POSITIONS OF QUANTUM SPECIES:
 ======================
 
 POSITIONS IN ANGSTROMS
 ------
 
                        <x>      <y>      <z>         
            E-ALPHA  -0.0000  -0.0000  32.5053
             E-BETA   0.0000  -0.0000  26.0054
 
 END EXPECTED POSITIONS
 
 
  ELECTROSTATIC MOMENTS:
 ======================
 
 
 DIPOLE: (A.U.)
 ------
 
                           <Dx>         <Dy>         <Dz>          |D|
            E-ALPHA   0.00000000   0.00000000 -61.42615278
             E-BETA  -0.00000000   0.00000000 -49.14307807
    Point charges:    0.00000000   0.00000000 110.54897028
                     ____________________________
      Total Dipole:  -0.00000000   0.00000000  -0.02026057   0.02026057
 
 DIPOLE: (DEBYE)
 ------
 
                           <Dx>         <Dy>         <Dz>          |D|
            E-ALPHA   0.00000000   0.00000000-156.12968670
             E-BETA  -0.00000000   0.00000000-124.90922896
    Point charges:    0.00000000   0.00000000 280.98741844
                     ____________________________
      Total Dipole:  -0.00000000   0.00000000  -0.05149721   0.05149721
 
 QUADRUPOLE NON-TRACELESS: (DEBYE ANGS)
 ------
 
                           <xx>         <yy>         <zz>         <xy>         <xz>         <yz>
            E-ALPHA   -6.15067088   -6.15067088-1021.15650107   -0.00000000    0.00000000    0.00000000
             E-BETA   -5.93964156   -5.93964156 -817.07176261    0.00000000   -0.00000000   -0.00000000
    Point charges:     0.00000000    0.00000000 1826.41801152    0.00000000    0.00000000    0.00000000
  Total Quadrupole:  -12.09031244  -12.09031244  -11.81025216    0.00000000   -0.00000000   -0.00000000
                     ____________________________
 
 END ELECTROSTATIC MOMENTS
 
 
 BEGIN FOUR-INDEX INTEGRALS TRANFORMATION:
 ========================================
 Selected method: C         
 
 --------------------------------------------------
    4N^5 Algorithm Four-index integral tranformation
 --------------------------------------------------
 
 Integrals transformation for: E-ALPHA
 
              Transformation boundaries 
                 orbital lower upper
                       p     1    10
                       q    11   110
                       r     1    10
                       s    11   110
 
         Loading AO integrals time(s):  0.790E-02
      Integral transformation time(s):  0.241E+01
       Non-zero transformed integrals:       185266
 
 Inter-species integrals transformation for: E-ALPHA/E-BETA
 
              Transformation boundaries 
                 orbital lower upper
                       p     1     9
                       q    10   110
                       r     1    10
                       s    11   110
 
         Loading AO integrals time(s):  0.923E-02
      Integral transformation time(s):  0.975E+01
 Non zero transformed coupling integrals:       309796
 
 Integrals transformation for: E-BETA
 
              Transformation boundaries 
                 orbital lower upper
                       p     1     9
                       q    10   110
                       r     1     9
                       s    10   110
 
         Loading AO integrals time(s):  0.564E-02
      Integral transformation time(s):  0.229E+01
       Non-zero transformed integrals:       167390
 
** TOTAL Elapsed Time for integrals transformation :     14.711 (s)
 
 
  POST HARTREE-FOCK CALCULATION
  MANY-BODY PERTURBATION THEORY:
 ==============================
 
              MOLLER-PLESSET FORMALISM 
               ORDER OF CORRECTION =     2
 
                E(0) + E(1) =    -198.859461487146
                       E(2) =      -0.547373187439
                             ____________________
                     E(MP2) =    -199.406834674586
 
              -----------------------------------
               E(n){ Specie }     E(n) / Hartree 
              -----------------------------------
 
            E(2){ E-ALPHA } =      -0.078046312388
             E(2){ E-BETA } =      -0.059668127643
 
     E(2){ E-ALPHA/E-BETA } =      -0.409658747408
 
** TOTAL CPU Time HF-MBPT :      0.593 (s)
** TOTAL Elapsed Time HF-MBPT :      0.358 (s)
 

  TOTAL CPU Time:      0.242 (s)
 TOTAL Wall Time:     17.940 (s)
  Elapsed Time:   0h  0m 17s 940ms
LOWDIN execution terminated normally at : Tue Feb  4 17:01:48 2025
-rw-rw-r-- 1 pohl pohl  15M feb  4 17:01 0E-ALPHA.E-BETA.ints
-rw-rw-r-- 1 pohl pohl 7.6M feb  4 17:01 0E-ALPHA.ints
-rw-rw-r-- 1 pohl pohl  15M feb  4 17:01 1E-ALPHA.E-BETA.ints
-rw-rw-r-- 1 pohl pohl 7.6M feb  4 17:01 1E-ALPHA.ints
-rw-rw-r-- 1 pohl pohl  15M feb  4 17:01 2E-ALPHA.E-BETA.ints
-rw-rw-r-- 1 pohl pohl 7.6M feb  4 17:01 2E-ALPHA.ints
-rw-rw-r-- 1 pohl pohl  15M feb  4 17:01 3E-ALPHA.E-BETA.ints
-rw-rw-r-- 1 pohl pohl 7.6M feb  4 17:01 3E-ALPHA.ints
-rw-rw-r-- 1 pohl pohl   12 feb  4 17:01 E-ALPHA.E-BETA.nints
-rw-rw-r-- 1 pohl pohl 6.9M feb  4 17:01 E-ALPHAmoint.dat
-rw-rw-r-- 1 pohl pohl 7.6M feb  4 17:01 E-BETA.E-ALPHAmoint.dat
-rw-rw-r-- 1 pohl pohl 6.2M feb  4 17:01 E-BETAmoint.dat
-rw-rw-r-- 1 pohl pohl   64 feb  4 17:01 gepol.inp
-rw-rw-r-- 1 pohl pohl  182 feb  4 17:01 gepol.xyzr
-rw-rw-r-- 1 pohl pohl  13K feb  4 17:01 lowdin.bas
-rw-rw-r-- 1 pohl pohl  16K feb  4 17:01 lowdin.dat
-rw-rw-r-- 1 pohl pohl 2.3M feb  4 17:01 lowdin.opints
-rw-rw-r-- 1 pohl pohl  46K feb  4 17:01 lowdin.sys
-rw-rw-r-- 1 pohl pohl 2.1M feb  4 17:01 lowdin.wfn
-rw-rw-r-- 1 pohl pohl  258 feb  4 17:01 usual_30
-rw-rw-r-- 1 pohl pohl 1.1K feb  4 17:01 usual_30.aux
-rw-rw-r-- 1 pohl pohl  266 feb  4 17:01 usual_30.lowdin
-rw-rw-r-- 1 pohl pohl  89K feb  4 17:01 usual_30.out
-rw-rw-r-- 1 pohl pohl 192K feb  4 17:01 usual_30.vec
