Begin job by input: usual_29.lowdin, for user:   at  mar 04 feb 2025 17:01:13 -05
under operating system Linux helios 5.19.0-46-generic #47-Ubuntu SMP PREEMPT_DYNAMIC Fri Jun 16 13:30:11 UTC 2023 x86_64 x86_64 x86_64 GNU/Linux
Compilation information
  commit: f31d3924f6ee2ce9d77f07edcc1ba27359319d14
  compilation date:  mar 17 sep 2024 16:16:17 -05

BEGIN INPUT INFO:
------------------------------------

GEOMETRY
	e-(F)	AUG-CC-PVTZ 0.0 0.0 0.0 multiplicity=2 addParticles=1 
	e-(F)	AUG-CC-PVTZ 0.0 0.0 6.3 
	F	Dirac 0.0 0.0 0.0
	F	Dirac 0.0 0.0 6.3
END GEOMETRY

TASKS
        method = "UHF"
	mollerPlessetCorrection=2
END TASKS

CONTROL
	units="ANGS"
END CONTROL






... END INPUT INFO


 LOWDIN execution started at : Tue Feb  4 17:01:13 2025
 ---------------------------------------------------------------
 
 ***************************************************************
 *                   LOWDIN 2.0  (May/2013)                    *
 *                                                             *
 *  R. FLORES-MORENO, E. F. POSADA, F. S. MONCADA, J.ROMERO,   *
 *  J. CHARRY, M. DIAZ-TINOCO, S. A. GONZALEZ, N. F. AGUIRRE,  *
 *  A. REYES                                                   *
 *                                                             *
 *  https://sites.google.com/site/lowdinproject/               *
 *                                                             *
 ***************************************************************
 
 PARSING INPUT... DONE!
 
 LOWDIN IS RUNNING WITH NEXT PARAMETERS: 
 ----------------------------------------
 
         METHOD TYPE:  UHF
         NUMBER OF CORES:     4
         MOLLER PLESSET CORRECTION:      2
         NONELECTRONIC DENSITY GUESS: HCORE
         ELECTRONIC DENSITY GUESS: HCORE
         CRITERIUM OF CONVERGENCE: ENERGY
         NONELECTRONIC ENERGY TOLERANCE IN SCFs:     0.10000E-07
         ELECTRONIC ENERGY TOLERANCE IN SCFs:     0.10000E-07
         TOTAL ENERGY TOLERANCE IN SCFs:     0.10000E-07
         SCHEME OF ITERATION: GLOBAL ITERATIONS
         SCF MAX. SUBITERATIONS - NONELECTRONS :     1
         SCF MAX. SUBITERATIONS - ELECTRONS :     1
         SCF MAX. ITERATIONS - INTERSPECIES :   200
         INTEGRAL STORAGE: DISK
         STACK SIZE FOR ERIS : 30000
         METHOD OF SCF CONVERGENCE: DAMPING
 
  MOLECULAR SYSTEM: usual_29
 -----------------
 
    DESCRIPTION   : usual_29
    CHARGE        :   0
    PUNTUAL GROUP : NONE
 
 
  INFORMATION OF PARTICLES :
 =========================
         Total number of particles   =      21
         Number of quantum particles =      19
         Number of puntual charges   =       2
         Number of quantum species   =       2
 
                 INFORMATION OF QUANTUM SPECIES 
    ----------------------------------------------------------------------
         ID      Symbol            mass     charge      omega     spin     multiplicity
    ----------------------------------------------------------------------
         1        E-ALPHA         1.0000     -1.00      0.00      0.50      2.00
         2         E-BETA         1.0000     -1.00      0.00      0.50      2.00
 
                   CONSTANTS OF COUPLING 
      ------------------------------------------------------------
              Symbol      kappa        eta     lambda occupation
      ------------------------------------------------------------
             E-ALPHA      -1.00       1.00       1.00      10.00
              E-BETA      -1.00       1.00       1.00       9.00
 
                   BASIS SET FOR SPECIES 
      ------------------------------------------------------------
           Symbol          N. Basis     N. Particles     Basis Set
      ------------------------------------------------------------
            E-ALPHA           28               10     AUG-CC-PVT
             E-BETA           28                9     AUG-CC-PVT
 
                                ATOMIC BASIS
         ------------------------------------------------------------
          PRIMITIVE   SHELL             EXPONENT         COEFFICIENT 
         ------------------------------------------------------------
 
    BEGIN DESCRIPTION OF BASIS FOR: E-ALP
    ==============================
 
 
             F BASIS SET:    AUG-CC-PVTZ
             1         S            19500.00000000          0.00050700
             2         S             2923.00000000          0.00392300
             3         S              664.50000000          0.02020000
             4         S              187.50000000          0.07901000
             5         S               60.62000000          0.23043900
             6         S               21.42000000          0.43287200
             7         S                7.95000000          0.34996400
             8         S                0.88150000         -0.00789200
             1         S            19500.00000000         -0.00011700
             2         S             2923.00000000         -0.00091200
             3         S              664.50000000         -0.00471700
             4         S              187.50000000         -0.01908600
             5         S               60.62000000         -0.05965500
             6         S               21.42000000         -0.14001000
             7         S                7.95000000         -0.17678200
             8         S                0.88150000          0.60504300
             1         S                2.25700000          1.00000000
             1         S                0.30410000          1.00000000
             1         S                0.09158000          1.00000000
             1         P               43.88000000          0.01666500
             2         P                9.92600000          0.10447200
             3         P                2.93000000          0.31726000
             1         P                0.91320000          1.00000000
             1         P                0.26720000          1.00000000
             1         P                0.07361000          1.00000000
             1         D                3.10700000          1.00000000
             1         D                0.85500000          1.00000000
             1         D                0.29200000          1.00000000
             1         F                1.91700000          1.00000000
             1         F                0.72400000          1.00000000
 
             F BASIS SET:    AUG-CC-PVTZ
             1         S            19500.00000000          0.00050700
             2         S             2923.00000000          0.00392300
             3         S              664.50000000          0.02020000
             4         S              187.50000000          0.07901000
             5         S               60.62000000          0.23043900
             6         S               21.42000000          0.43287200
             7         S                7.95000000          0.34996400
             8         S                0.88150000         -0.00789200
             1         S            19500.00000000         -0.00011700
             2         S             2923.00000000         -0.00091200
             3         S              664.50000000         -0.00471700
             4         S              187.50000000         -0.01908600
             5         S               60.62000000         -0.05965500
             6         S               21.42000000         -0.14001000
             7         S                7.95000000         -0.17678200
             8         S                0.88150000          0.60504300
             1         S                2.25700000          1.00000000
             1         S                0.30410000          1.00000000
             1         S                0.09158000          1.00000000
             1         P               43.88000000          0.01666500
             2         P                9.92600000          0.10447200
             3         P                2.93000000          0.31726000
             1         P                0.91320000          1.00000000
             1         P                0.26720000          1.00000000
             1         P                0.07361000          1.00000000
             1         D                3.10700000          1.00000000
             1         D                0.85500000          1.00000000
             1         D                0.29200000          1.00000000
             1         F                1.91700000          1.00000000
             1         F                0.72400000          1.00000000
    ... END DESCRIPTION OF BASIS
 
 
  END INFORMATION OF PARTICLES
 
 
  INFORMATION OF THE QUANTUM SYSTEM 
     ---------------------------------------------------------------------
                 ID     Occupied Orbitals     Basis size
     ---------------------------------------------------------------------
            E-ALPHA           10              110
             E-BETA            9              110
 
  END INFORMATION OF QUANTUM SYSTEM
 
                       INITIAL GEOMETRY: AMSTRONG
                 -----------------------------------
                       <x>                 <y>                 <z>
  E-ALPHAF        0.0000000000        0.0000000000        0.0000000000
  E-ALPHAF        0.0000000000        0.0000000000        6.3000000000
         F        0.0000000000        0.0000000000        0.0000000000
         F        0.0000000000        0.0000000000        6.3000000000
 
                     MATRIX OF DISTANCE: ANGSTROM
                 -----------------------------------
                          F(1)           F(2)      
 
        F(1)             0.000000       6.300000
        F(2)             6.300000       0.000000
 
--------------------------------------------------------------------------------
** PROGRAM: SCF (Hartree Fock).     Author: S.A. Gonzalez, E. Posada, F. Moncada
--------------------------------------------------------------------------------
INFO: RUNNING IN UHF MODE.
 
----------------------------------------------------------------------
** PROGRAM INTS                          Author: E. F. Posada, 2013   
----------------------------------------------------------------------
INFO: RUNNING IN ONE_PARTICLE MODE.
 
 Number of Overlap integrals for species E-ALPHA:  12100
 Number of Overlap integrals for species E-BETA:  12100
 Number of Kinetic integrals for species E-ALPHA:  12100
 Number of Kinetic integrals for species E-BETA:  12100
 Number of Nuclear integrals for species E-ALPHA:  12100
 Number of Nuclear integrals for species E-BETA:  12100
 Number of Moment integrals for species E-ALPHA:  36300
 Number of Moment integrals for species E-BETA:  36300
 
** TOTAL CPU Time INTS :      0.434 (s)
** TOTAL Elapsed Time INTS :      0.191 (s)
 
       Usign  HCORE density guess for species:    E-ALPHA
     number of    E-ALPHA     particles in guess density matrix:    10.000000
       Usign  HCORE density guess for species:     E-BETA
     number of     E-BETA     particles in guess density matrix:     9.000000
 Number of unique integrals for species: 1 = 1249041
 Number of unique integrals for species: 1 / 2 = 2494798 Screened: 36070
 
 TWO-BODY INTEGRAL SETUP: 
------------------------- 
 Storage:   DISK
 Scheme: LIBINT
 Stack size:  30000
 
 LIBINT library, Fermann, J. T.; Valeev, F. L. 2010                   
 LOWDIN-LIBINT Implementation V. 2.1  Posada E. F. ; Reyes A. 2016   
 ----------------------------------------------------------------------

*** TOTAL CPU time intra-species integrals :      0.702 (s)
*** TOTAL elapsed time intra-species integrals :      0.140 (s)


*** TOTAL CPU time inter-species integrals :      1.524 (s)
*** TOTAL elapsed time inter-species integrals :      0.351 (s)

INFO: RUNNING SCHEME SIMULTANEOUS
 
 Begin Multi-Species SCF calculation:
 
 --------------------------------------------------------------------------------------------------
      Iteration                   Energy            Energy Change           Density Change
 --------------------------------------------------------------------------------------------------
              1        -172.562400207410         172.562400207410           0.110312400107
              2        -172.293143216921          -0.269256990489           0.090472636421
              3        -193.954873128404          21.661729911483           0.024333707205
              4        -198.048064380734           4.093191252330           0.012668964530
              5        -198.369395681510           0.321331300776           0.004840965400
              6        -198.758868492057           0.389472810547           0.003153668196
              7        -198.789216577057           0.030348085000           0.000726463965
              8        -198.806345856094           0.017129279037           0.000688114631
              9        -198.807997678870           0.001651822775           0.000188030049
             10        -198.808927697919           0.000930019049           0.000164048520
             11        -198.809025994460           0.000098296541           0.000060770491
             12        -198.809072610185           0.000046615726           0.000045439151
             13        -198.809080866449           0.000008256264           0.000025351508
             14        -198.809083614424           0.000002747975           0.000016344505
             15        -198.809084547805           0.000000933381           0.000009034605
             16        -198.809084866997           0.000000319193           0.000005833163
             17        -198.809084976685           0.000000109688           0.000003165185
             18        -198.809085014544           0.000000037858           0.000002063958
             19        -198.809085027733           0.000000013189           0.000001120876
             20        -198.809085032621           0.000000004889           0.000000829191
 Total energy converged after  20 global iterations                                                  
 
 ...end Multi-Species SCF calculation
 
 
 Begin SCF calculation by: E-ALPHA
 -------------------------
 
 -----------------------------------------------------------------------------------
 Iteration                   Energy           Density Change         DIIS Error 
 -----------------------------------------------------------------------------------
    1         -96.221050586204           0.043597837061                 -- 
    2         -91.423901932562           0.011615232278                 -- 
    3         -73.146982568921           0.005413510054                 -- 
    4         -81.289956775300           0.001716307979                 -- 
    5         -79.336337119501           0.001322831260                 -- 
    6         -77.356717314076           0.000329218863                 -- 
    7         -77.709646982978           0.000315375783                 -- 
    8         -78.136124807817           0.000079311742                 -- 
    9         -78.043450093993           0.000058191596                 -- 
   10         -77.954032816578           0.000016898214                 -- 
   11         -77.982427177810           0.000011560433                 -- 
   12         -77.986488506076           0.000004409900                 -- 
   13         -77.980592082854           0.000003892929                 -- 
   14         -77.982457627398           0.000001482535                 -- 
   15         -77.980133902914           0.000001417869                 -- 
   16         -77.980944663381           0.000000512496                 -- 
   17         -77.980021213555           0.000000527568                 -- 
   18         -77.980368790676           0.000000186495                 -- 
   19         -77.980000379374           0.000000211192                 -- 
 
 ... end SCF calculation
 
 Begin SCF calculation by: E-BETA
 -------------------------
 
 -----------------------------------------------------------------------------------
 Iteration                   Energy           Density Change         DIIS Error 
 -----------------------------------------------------------------------------------
    1         -89.468505981631           0.046874799360                 -- 
    2         -84.509699235328           0.012718474928                 -- 
    3         -67.494922862411           0.007255454476                 -- 
    4         -74.408613425803           0.003124657422                 -- 
    5         -72.960460082845           0.001830836936                 -- 
    6         -71.294394764282           0.000397245102                 -- 
    7         -71.572861499631           0.000372738849                 -- 
    8         -71.943773957327           0.000108718307                 -- 
    9         -71.873003958111           0.000105856924                 -- 
   10         -71.797303402610           0.000043872276                 -- 
   11         -71.818556775286           0.000033878718                 -- 
   12         -71.826814744857           0.000020941608                 -- 
   13         -71.824468016065           0.000012451577                 -- 
   14         -71.827722284061           0.000007552071                 -- 
   15         -71.826692844444           0.000004415294                 -- 
   16         -71.827983134539           0.000002652689                 -- 
   17         -71.827537148228           0.000001536389                 -- 
   18         -71.828050134678           0.000000934382                 -- 
   19         -71.827858773960           0.000000618000                 -- 
 
 ... end SCF calculation
 
  EIGENVALUES AND EIGENVECTORS: 
 ==============================
 
 
  Eigenvalues for: E-ALPHA
 -----------------
 
    1         -26.094112803875
    2         -26.094038489249
    3          -1.351438453544
    4          -1.351374328533
    5          -0.496483460233
    6          -0.496412071694
    7          -0.428347022253
    8          -0.428347022253
    9          -0.428288007216
   10          -0.428288007216
   11           0.325315257938
   12           0.326463846121
   13           0.329247591145
   14           0.344122354175
   15           0.344122354175
   16           0.350463692803
   17           0.350463692803
   18           0.379723411020
   19           1.003192711040
   20           1.014337759618
   21           1.081357387097
   22           1.083265953319
   23           1.084987348150
   24           1.084987348150
   25           1.085094576870
   26           1.085094576870
   27           1.092679316591
   28           1.092679316592
   29           1.092712271545
   30           1.092712271546
   31           1.111075908707
   32           1.140370412968
   33           1.140370412968
   34           1.145587504739
   35           1.145587504739
   36           1.150662168587
   37           2.912421210991
   38           2.942843568636
   39           2.959752565343
   40           2.959752565343
   41           2.964211579344
   42           2.964211579344
   43           3.028445993096
   44           3.042857220011
   45           3.045153218798
   46           3.054491985039
   47           3.054491985039
   48           3.054549412413
   49           3.054549412413
   50           3.060162909761
   51           3.085788905597
   52           3.085788905599
   53           3.085837720953
   54           3.085837720954
   55           3.134038865212
   56           3.134087216796
   57           3.136661322795
   58           3.136661322795
   59           3.136708379774
   60           3.136708379774
   61           3.144529458120
   62           3.144529458121
   63           3.144574746181
   64           3.144574746182
   65           3.158554527477
   66           3.158554527477
   67           3.158596643351
   68           3.158596643351
   69           5.175992592142
   70           5.212632563620
   71           7.525841345738
   72           7.557522626278
   73           7.583970424270
   74           7.583970424270
   75           7.588073954196
   76           7.588073954196
   77           9.003322714344
   78           9.003387859573
   79           9.009477380342
   80           9.009477380342
   81           9.009540495201
   82           9.009540495202
   83           9.028055575184
   84           9.028055575188
   85           9.028115608637
   86           9.028115608641
   87           9.059473381103
   88           9.059473381103
   89           9.059528174588
   90           9.059528174588
   91           9.453648372797
   92           9.453718791621
   93           9.468898730697
   94           9.468898730697
   95           9.468966779686
   96           9.468966779686
   97           9.515751765936
   98           9.515751765937
   99           9.515812737757
  100           9.515812737757
  101          14.719777067215
  102          14.719855095598
  103          17.758787961870
  104          17.850668131713
  105          17.850668131719
  106          17.871526882206
  107          17.871526882210
  108          17.919426376801
  109          23.597443725399
  110          23.610592669671
 
 
  Eigenvalues for: E-BETA
 -----------------
 
    1         -26.060976149804
    2         -26.060905250277
    3          -1.229101087521
    4          -1.228654246992
    5          -0.393037059774
    6          -0.393037059774
    7          -0.392979571111
    8          -0.392979571111
    9          -0.029593442651
   10           0.058385019890
   11           0.322914072890
   12           0.327763944607
   13           0.344734627900
   14           0.344734627900
   15           0.351241967842
   16           0.351241967842
   17           0.356257418807
   18           0.406315957913
   19           1.012292812785
   20           1.024248945853
   21           1.087852565928
   22           1.088219532469
   23           1.088219532469
   24           1.088687159080
   25           1.088687159080
   26           1.089247002726
   27           1.089247002880
   28           1.089279520185
   29           1.089279520341
   30           1.089707260740
   31           1.146780595954
   32           1.146780595954
   33           1.152006094910
   34           1.152006094910
   35           1.179619453385
   36           1.217993532335
   37           2.971438446978
   38           2.971438446978
   39           2.975879886639
   40           2.975879886639
   41           2.989048184399
   42           3.015826243223
   43           3.052438175910
   44           3.083082637108
   45           3.092257802669
   46           3.092257802676
   47           3.092305643830
   48           3.092305643833
   49           3.108087936353
   50           3.108087936353
   51           3.108134371215
   52           3.108134371215
   53           3.114743289799
   54           3.116626438346
   55           3.146472274367
   56           3.146522021490
   57           3.147544076276
   58           3.147544076276
   59           3.147589102925
   60           3.147589102925
   61           3.150998226407
   62           3.150998226438
   63           3.151041315090
   64           3.151041315105
   65           3.156930971568
   66           3.156930971568
   67           3.156972768186
   68           3.156972768186
   69           5.184535774754
   70           5.220816747454
   71           7.599382146456
   72           7.599382146456
   73           7.603481118858
   74           7.603481118858
   75           7.609780145207
   76           7.641126264132
   77           9.048999665759
   78           9.049058006278
   79           9.050804299075
   80           9.050804299075
   81           9.050861861881
   82           9.050861861881
   83           9.056220237086
   84           9.056220237089
   85           9.056276545458
   86           9.056276545461
   87           9.065243407136
   88           9.065243407136
   89           9.065297620833
   90           9.065297620833
   91           9.531986665829
   92           9.531986665830
   93           9.532046366453
   94           9.532046366453
   95           9.541091522277
   96           9.541091522277
   97           9.541151446912
   98           9.541151446912
   99           9.544276617561
  100           9.544339159532
  101          14.737823567673
  102          14.737897935277
  103          17.775011879133
  104          17.855088443407
  105          17.855088443413
  106          17.875951816239
  107          17.875951816242
  108          17.935800529218
  109          23.620435208475
  110          23.633577652568
 
  end of eigenvalues 
 
  Occupied Eigenvectors for: E-ALPHA
 --------------------------- 
 
                         -26.0941       -26.0940        -1.3514        -1.3514        -0.4965   
 
    1      F     S      -0.000390       0.970721      -0.000027       0.006341      -0.000123
    2      F     S      -0.000002      -0.010367       0.000781      -0.572567      -0.000388
    3      F     S      -0.000035       0.049896       0.000182      -0.165655      -0.000339
    4      F     S       0.000083      -0.016138       0.000808      -0.392587       0.001055
    5      F     S       0.000021      -0.001183       0.000146      -0.023209       0.001195
    6      F    Px      -0.000000      -0.000000       0.000000      -0.000000      -0.000000
    7      F    Py      -0.000000       0.000000      -0.000000       0.000000       0.000000
    8      F    Pz       0.000008      -0.000001       0.000017      -0.000209      -0.053645
    9      F    Px       0.000000       0.000000      -0.000000       0.000000      -0.000000
   10      F    Py       0.000000      -0.000000       0.000000      -0.000000       0.000000
   11      F    Pz      -0.000032       0.000026      -0.000052      -0.000290      -0.060715
   12      F    Px       0.000000       0.000000      -0.000000       0.000000      -0.000000
   13      F    Py       0.000000      -0.000000       0.000000       0.000000       0.000000
   14      F    Pz      -0.000030       0.000007      -0.000156       0.000825      -0.041473
   15      F    Px      -0.000000      -0.000000       0.000000      -0.000000      -0.000000
   16      F    Py      -0.000000       0.000000      -0.000000      -0.000000       0.000000
   17      F    Pz       0.000017      -0.000003       0.000123       0.000164      -0.004123
   18      F   Dxx      -0.000003       0.002461      -0.000005       0.000849      -0.000015
   19      F   Dxy      -0.000000       0.000000       0.000000      -0.000000       0.000000
   20      F   Dxz      -0.000000       0.000000      -0.000000      -0.000000       0.000000
   21      F   Dyy      -0.000003       0.002461      -0.000005       0.000849      -0.000015
   22      F   Dyz      -0.000000      -0.000000      -0.000000       0.000000      -0.000000
   23      F   Dzz      -0.000003       0.003056       0.000004      -0.005744      -0.000015
   24      F   Dxx      -0.000023       0.007976      -0.000076       0.009433      -0.000296
   25      F   Dxy      -0.000000       0.000000       0.000000      -0.000000      -0.000000
   26      F   Dxz      -0.000000       0.000000       0.000000      -0.000000       0.000000
   27      F   Dyy      -0.000023       0.007976      -0.000076       0.009433      -0.000296
   28      F   Dyz       0.000000       0.000000       0.000000       0.000000       0.000000
   29      F   Dzz      -0.000023       0.007784      -0.000059      -0.003579      -0.000311
   30      F   Dxx      -0.000022       0.002693      -0.000097       0.009468      -0.000548
   31      F   Dxy       0.000000       0.000000       0.000000      -0.000000       0.000000
   32      F   Dxz      -0.000000       0.000000       0.000000      -0.000000       0.000000
   33      F   Dyy      -0.000022       0.002693      -0.000097       0.009468      -0.000548
   34      F   Dyz       0.000000       0.000000       0.000000       0.000000      -0.000000
   35      F   Dzz      -0.000021       0.002771      -0.000095       0.009154      -0.000210
   36      F  Fxxx      -0.000000      -0.000000       0.000000      -0.000000      -0.000000
   37      F  Fxxy      -0.000000       0.000000      -0.000000       0.000000      -0.000000
   38      F  Fxxz       0.000006      -0.000005       0.000012       0.000010      -0.000517
   39      F  Fxyy      -0.000000      -0.000000       0.000000      -0.000000      -0.000000
   40      F  Fxyz       0.000000       0.000000       0.000000       0.000000       0.000000
   41      F  Fxzz      -0.000000      -0.000000       0.000000      -0.000000      -0.000000
   42      F  Fyyy      -0.000000       0.000000      -0.000000       0.000000      -0.000000
   43      F  Fyyz       0.000006      -0.000005       0.000012       0.000010      -0.000517
   44      F  Fyzz      -0.000000       0.000000      -0.000000       0.000000       0.000000
   45      F  Fzzz       0.000014      -0.000012       0.000028       0.000030      -0.002399
   46      F  Fxxx      -0.000000      -0.000000       0.000000      -0.000000      -0.000000
   47      F  Fxxy      -0.000000       0.000000      -0.000000       0.000000       0.000000
   48      F  Fxxz       0.000009      -0.000004       0.000030       0.000024      -0.000626
   49      F  Fxyy      -0.000000      -0.000000       0.000000      -0.000000      -0.000000
   50      F  Fxyz       0.000000       0.000000      -0.000000       0.000000      -0.000000
   51      F  Fxzz      -0.000000      -0.000000       0.000000      -0.000000      -0.000000
   52      F  Fyyy      -0.000000       0.000000      -0.000000       0.000000       0.000000
   53      F  Fyyz       0.000009      -0.000004       0.000030       0.000024      -0.000626
   54      F  Fyzz      -0.000000       0.000000      -0.000000       0.000000       0.000000
   55      F  Fzzz       0.000019      -0.000009       0.000068       0.000127      -0.002392
   56      F     S       0.970721       0.000383       0.006341      -0.000009      -0.000185
   57      F     S      -0.010367      -0.000011      -0.572571      -0.000850      -0.001483
   58      F     S       0.049896       0.000004      -0.165656      -0.000290      -0.000580
   59      F     S      -0.016138       0.000070      -0.392586      -0.000310      -0.000715
   60      F     S      -0.001183       0.000020      -0.023208       0.000080       0.003335
   61      F    Px       0.000000      -0.000000      -0.000000       0.000000      -0.000000
   62      F    Py      -0.000000       0.000000      -0.000000      -0.000000      -0.000000
   63      F    Pz       0.000001      -0.000008       0.000209      -0.000016       0.398278
   64      F    Px      -0.000000       0.000000      -0.000000      -0.000000      -0.000000
   65      F    Py       0.000000      -0.000000      -0.000000       0.000000      -0.000000
   66      F    Pz      -0.000026       0.000032       0.000290       0.000053       0.448978
   67      F    Px      -0.000000       0.000000      -0.000000      -0.000000      -0.000000
   68      F    Py       0.000000      -0.000000       0.000000       0.000000      -0.000000
   69      F    Pz      -0.000007       0.000030      -0.000826       0.000154       0.301977
   70      F    Px       0.000000       0.000000       0.000000       0.000000      -0.000000
   71      F    Py      -0.000000      -0.000000      -0.000000      -0.000000      -0.000000
   72      F    Pz       0.000003      -0.000017      -0.000163      -0.000123       0.035968
   73      F   Dxx       0.002461      -0.000001       0.000849      -0.000003       0.000009
   74      F   Dxy       0.000000       0.000000      -0.000000      -0.000000       0.000000
   75      F   Dxz      -0.000000      -0.000000       0.000000      -0.000000       0.000000
   76      F   Dyy       0.002461      -0.000001       0.000849      -0.000003       0.000009
   77      F   Dyz      -0.000000      -0.000000       0.000000      -0.000000       0.000000
   78      F   Dzz       0.003056      -0.000001      -0.005744      -0.000012      -0.000003
   79      F   Dxx       0.007976      -0.000016       0.009434      -0.000049      -0.000001
   80      F   Dxy      -0.000000      -0.000000      -0.000000       0.000000       0.000000
   81      F   Dxz       0.000000       0.000000       0.000000       0.000000      -0.000000
   82      F   Dyy       0.007976      -0.000016       0.009434      -0.000049      -0.000001
   83      F   Dyz      -0.000000      -0.000000       0.000000      -0.000000       0.000000
   84      F   Dzz       0.007784      -0.000017      -0.003579      -0.000069      -0.000040
   85      F   Dxx       0.002693      -0.000019       0.009469      -0.000070      -0.000674
   86      F   Dxy       0.000000       0.000000       0.000000      -0.000000      -0.000000
   87      F   Dxz      -0.000000       0.000000       0.000000       0.000000      -0.000000
   88      F   Dyy       0.002693      -0.000019       0.009469      -0.000070      -0.000674
   89      F   Dyz      -0.000000       0.000000      -0.000000      -0.000000      -0.000000
   90      F   Dzz       0.002771      -0.000019       0.009155      -0.000069       0.001691
   91      F  Fxxx       0.000000      -0.000000       0.000000       0.000000      -0.000000
   92      F  Fxxy      -0.000000       0.000000       0.000000      -0.000000      -0.000000
   93      F  Fxxz       0.000005      -0.000006      -0.000010      -0.000012       0.004175
   94      F  Fxyy       0.000000      -0.000000       0.000000       0.000000      -0.000000
   95      F  Fxyz       0.000000       0.000000       0.000000      -0.000000      -0.000000
   96      F  Fxzz       0.000000      -0.000000      -0.000000       0.000000      -0.000000
   97      F  Fyyy      -0.000000       0.000000       0.000000      -0.000000      -0.000000
   98      F  Fyyz       0.000005      -0.000006      -0.000010      -0.000012       0.004175
   99      F  Fyzz      -0.000000       0.000000       0.000000      -0.000000      -0.000000
  100      F  Fzzz       0.000012      -0.000014      -0.000030      -0.000028       0.018543
  101      F  Fxxx       0.000000      -0.000000       0.000000       0.000000      -0.000000
  102      F  Fxxy      -0.000000       0.000000       0.000000      -0.000000      -0.000000
  103      F  Fxxz       0.000004      -0.000009      -0.000023      -0.000030       0.005600
  104      F  Fxyy       0.000000      -0.000000       0.000000       0.000000      -0.000000
  105      F  Fxyz       0.000000      -0.000000       0.000000       0.000000       0.000000
  106      F  Fxzz       0.000000      -0.000000       0.000000       0.000000      -0.000000
  107      F  Fyyy      -0.000000       0.000000      -0.000000      -0.000000      -0.000000
  108      F  Fyyz       0.000004      -0.000009      -0.000023      -0.000030       0.005600
  109      F  Fyzz      -0.000000       0.000000      -0.000000      -0.000000      -0.000000
  110      F  Fzzz       0.000009      -0.000019      -0.000127      -0.000068       0.019893
 
                          -0.4964        -0.4283        -0.4283        -0.4283        -0.4283   
 
    1      F     S       0.000158       0.000000       0.000000       0.000000       0.000000
    2      F     S       0.001432       0.000000       0.000000       0.000000      -0.000000
    3      F     S       0.000509       0.000000       0.000000       0.000000       0.000000
    4      F     S       0.001031      -0.000000      -0.000000      -0.000000      -0.000000
    5      F     S      -0.003131      -0.000000       0.000000       0.000000      -0.000000
    6      F    Px       0.000000       0.008842       0.002851      -0.062215       0.388636
    7      F    Py      -0.000000       0.002851      -0.008842      -0.388636      -0.062215
    8      F    Pz       0.398293      -0.000000      -0.000000      -0.000000      -0.000000
    9      F    Px       0.000000       0.009875       0.003184      -0.069274       0.432730
   10      F    Py      -0.000000       0.003184      -0.009875      -0.432730      -0.069274
   11      F    Pz       0.448928      -0.000000      -0.000000      -0.000000      -0.000000
   12      F    Px       0.000000       0.007334       0.002365      -0.050938       0.318195
   13      F    Py      -0.000000       0.002365      -0.007334      -0.318195      -0.050938
   14      F    Pz       0.301781      -0.000000      -0.000000      -0.000000      -0.000000
   15      F    Px       0.000000       0.001100       0.000355      -0.008307       0.051890
   16      F    Py      -0.000000       0.000355      -0.001100      -0.051890      -0.008307
   17      F    Pz       0.036175       0.000000      -0.000000      -0.000000      -0.000000
   18      F   Dxx      -0.000014       0.000000      -0.000000       0.000000       0.000000
   19      F   Dxy      -0.000000       0.000000       0.000000       0.000000      -0.000000
   20      F   Dxz       0.000000       0.000000       0.000000      -0.000000       0.000001
   21      F   Dyy      -0.000014       0.000000       0.000000       0.000000       0.000000
   22      F   Dyz       0.000000       0.000000      -0.000000      -0.000001      -0.000000
   23      F   Dzz      -0.000001       0.000000       0.000000       0.000000       0.000000
   24      F   Dxx      -0.000080       0.000000       0.000000       0.000000       0.000000
   25      F   Dxy      -0.000000      -0.000000      -0.000000      -0.000000       0.000000
   26      F   Dxz      -0.000000       0.000001       0.000000      -0.000010       0.000064
   27      F   Dyy      -0.000080       0.000000       0.000000       0.000000       0.000000
   28      F   Dyz      -0.000000       0.000000      -0.000001      -0.000064      -0.000010
   29      F   Dzz      -0.000044       0.000000       0.000000       0.000000       0.000000
   30      F   Dxx       0.000549       0.000000       0.000000       0.000000       0.000000
   31      F   Dxy      -0.000000       0.000000       0.000000       0.000000       0.000000
   32      F   Dxz      -0.000000      -0.000031      -0.000010       0.000225      -0.001407
   33      F   Dyy       0.000549       0.000000       0.000000       0.000000       0.000000
   34      F   Dyz       0.000000      -0.000010       0.000031       0.001407       0.000225
   35      F   Dzz      -0.001811       0.000000       0.000000       0.000000       0.000000
   36      F  Fxxx       0.000000       0.000295       0.000095      -0.002160       0.013496
   37      F  Fxxy      -0.000000       0.000043      -0.000132      -0.006036      -0.000966
   38      F  Fxxz       0.004188       0.000000      -0.000000      -0.000000       0.000000
   39      F  Fxyy       0.000000       0.000132       0.000043      -0.000966       0.006036
   40      F  Fxyz       0.000000      -0.000000      -0.000000      -0.000000      -0.000000
   41      F  Fxzz       0.000000       0.000224       0.000072      -0.001613       0.010075
   42      F  Fyyy      -0.000000       0.000095      -0.000295      -0.013496      -0.002160
   43      F  Fyyz       0.004188       0.000000      -0.000000       0.000000      -0.000000
   44      F  Fyzz      -0.000000       0.000072      -0.000224      -0.010075      -0.001613
   45      F  Fzzz       0.018571       0.000000      -0.000000      -0.000000      -0.000000
   46      F  Fxxx       0.000000       0.000320       0.000103      -0.002494       0.015576
   47      F  Fxxy      -0.000000       0.000046      -0.000143      -0.006966      -0.001115
   48      F  Fxxz       0.005636       0.000000      -0.000000      -0.000000      -0.000000
   49      F  Fxyy       0.000000       0.000143       0.000046      -0.001115       0.006966
   50      F  Fxyz      -0.000000      -0.000000       0.000000      -0.000000      -0.000000
   51      F  Fxzz       0.000000       0.000222       0.000072      -0.001669       0.010425
   52      F  Fyyy      -0.000000       0.000103      -0.000320      -0.015576      -0.002494
   53      F  Fyyz       0.005636       0.000000      -0.000000       0.000000      -0.000000
   54      F  Fyzz      -0.000000       0.000072      -0.000222      -0.010425      -0.001669
   55      F  Fzzz       0.019972       0.000000      -0.000000      -0.000000      -0.000000
   56      F     S       0.000077       0.000000      -0.000000       0.000000      -0.000000
   57      F     S      -0.000005       0.000000      -0.000000       0.000000      -0.000000
   58      F     S       0.000192      -0.000000       0.000000       0.000000      -0.000000
   59      F     S      -0.001290       0.000000      -0.000000      -0.000000       0.000000
   60      F     S      -0.000323      -0.000000      -0.000000      -0.000000       0.000000
   61      F    Px      -0.000000       0.374601       0.120772       0.001472      -0.009193
   62      F    Py      -0.000000       0.120772      -0.374601       0.009193       0.001472
   63      F    Pz       0.053789       0.000000      -0.000000       0.000000      -0.000000
   64      F    Px      -0.000000       0.417103       0.134475       0.001634      -0.010205
   65      F    Py      -0.000000       0.134475      -0.417103       0.010205       0.001634
   66      F    Pz       0.060386       0.000000      -0.000000       0.000000      -0.000000
   67      F    Px      -0.000000       0.306698       0.098880       0.001189      -0.007429
   68      F    Py      -0.000000       0.098880      -0.306698       0.007429       0.001189
   69      F    Pz       0.039956       0.000000      -0.000000       0.000000      -0.000000
   70      F    Px      -0.000000       0.050004       0.016121       0.000210      -0.001311
   71      F    Py      -0.000000       0.016121      -0.050004       0.001311       0.000210
   72      F    Pz       0.005607       0.000000      -0.000000      -0.000000       0.000000
   73      F   Dxx       0.000018      -0.000000       0.000000       0.000000      -0.000000
   74      F   Dxy       0.000000      -0.000000      -0.000000      -0.000000      -0.000000
   75      F   Dxz       0.000000      -0.000001      -0.000000       0.000000      -0.000000
   76      F   Dyy       0.000018      -0.000000       0.000000       0.000000      -0.000000
   77      F   Dyz       0.000000      -0.000000       0.000001       0.000000       0.000000
   78      F   Dzz       0.000015      -0.000000       0.000000       0.000000      -0.000000
   79      F   Dxx       0.000307      -0.000000       0.000000       0.000000      -0.000000
   80      F   Dxy      -0.000000       0.000000       0.000000       0.000000      -0.000000
   81      F   Dxz      -0.000000      -0.000061      -0.000020      -0.000000       0.000002
   82      F   Dyy       0.000307       0.000000       0.000000       0.000000      -0.000000
   83      F   Dyz      -0.000000      -0.000020       0.000061      -0.000002      -0.000000
   84      F   Dzz       0.000312      -0.000000       0.000000       0.000000      -0.000000
   85      F   Dxx       0.000383       0.000000       0.000000       0.000000      -0.000000
   86      F   Dxy       0.000000      -0.000000      -0.000000       0.000000       0.000000
   87      F   Dxz       0.000000       0.001356       0.000437       0.000006      -0.000035
   88      F   Dyy       0.000383       0.000000       0.000000       0.000000      -0.000000
   89      F   Dyz       0.000000       0.000437      -0.001356       0.000035       0.000006
   90      F   Dzz       0.000683       0.000000       0.000000       0.000000      -0.000000
   91      F  Fxxx       0.000000       0.013008       0.004194       0.000053      -0.000332
   92      F  Fxxy       0.000000       0.001875      -0.005817       0.000148       0.000024
   93      F  Fxxz       0.000610      -0.000000      -0.000000       0.000000       0.000000
   94      F  Fxyy       0.000000       0.005817       0.001875       0.000024      -0.000148
   95      F  Fxyz       0.000000      -0.000000       0.000000       0.000000      -0.000000
   96      F  Fxzz       0.000000       0.009711       0.003131       0.000039      -0.000244
   97      F  Fyyy       0.000000       0.004194      -0.013008       0.000332       0.000053
   98      F  Fyyz       0.000610       0.000000       0.000000       0.000000       0.000000
   99      F  Fyzz       0.000000       0.003131      -0.009711       0.000244       0.000039
  100      F  Fzzz       0.002607       0.000000      -0.000000       0.000000       0.000000
  101      F  Fxxx       0.000000       0.015012       0.004840       0.000065      -0.000404
  102      F  Fxxy       0.000000       0.002165      -0.006714       0.000181       0.000029
  103      F  Fxxz       0.000890      -0.000000      -0.000000       0.000000       0.000000
  104      F  Fxyy       0.000000       0.006714       0.002165       0.000029      -0.000181
  105      F  Fxyz      -0.000000      -0.000000       0.000000      -0.000000       0.000000
  106      F  Fxzz       0.000000       0.010048       0.003240       0.000042      -0.000262
  107      F  Fyyy       0.000000       0.004840      -0.015012       0.000404       0.000065
  108      F  Fyyz       0.000890       0.000000      -0.000000       0.000000       0.000000
  109      F  Fyzz       0.000000       0.003240      -0.010048       0.000262       0.000042
  110      F  Fzzz       0.002984       0.000000      -0.000000       0.000000       0.000000
 
 
  Occupied Eigenvectors for: E-BETA
 --------------------------- 
 
                         -26.0610       -26.0609        -1.2291        -1.2287        -0.3930   
 
    1      F     S      -0.014966       0.971350       0.005226      -0.005753      -0.000000
    2      F     S       0.000177      -0.011072      -0.372541       0.414118      -0.000000
    3      F     S      -0.000723       0.047953      -0.106992       0.119006      -0.000000
    4      F     S       0.000173      -0.016276      -0.266747       0.296162       0.000000
    5      F     S      -0.000005      -0.001139      -0.020679       0.022231       0.000000
    6      F    Px       0.000000      -0.000000       0.000000       0.000000      -0.060374
    7      F    Py       0.000000       0.000000       0.000000       0.000000       0.014542
    8      F    Pz      -0.000010       0.000017       0.000339      -0.001193       0.000000
    9      F    Px      -0.000000       0.000000      -0.000000      -0.000000      -0.066844
   10      F    Py      -0.000000      -0.000000      -0.000000       0.000000       0.016100
   11      F    Pz       0.000031      -0.000067       0.000430      -0.001407       0.000000
   12      F    Px      -0.000000       0.000000      -0.000000      -0.000000      -0.052630
   13      F    Py      -0.000000      -0.000000       0.000000       0.000000       0.012677
   14      F    Pz       0.000028      -0.000013       0.000464      -0.001416       0.000000
   15      F    Px       0.000000       0.000000      -0.000000       0.000000      -0.010247
   16      F    Py       0.000000       0.000000       0.000000       0.000000       0.002468
   17      F    Pz      -0.000019       0.000001      -0.000452      -0.000430       0.000000
   18      F   Dxx      -0.000049       0.003290      -0.002487       0.002774      -0.000000
   19      F   Dxy       0.000000       0.000000      -0.000000       0.000000       0.000000
   20      F   Dxz       0.000000      -0.000000       0.000000      -0.000000       0.000015
   21      F   Dyy      -0.000049       0.003290      -0.002487       0.002774      -0.000000
   22      F   Dyz       0.000000       0.000000      -0.000000       0.000000      -0.000004
   23      F   Dzz      -0.000035       0.002393       0.002639      -0.002947      -0.000000
   24      F   Dxx      -0.000105       0.008079      -0.001417       0.001667      -0.000000
   25      F   Dxy       0.000000       0.000000       0.000000       0.000000      -0.000000
   26      F   Dxz       0.000000       0.000000       0.000000      -0.000000       0.000019
   27      F   Dyy      -0.000105       0.008079      -0.001417       0.001667      -0.000000
   28      F   Dyz      -0.000000       0.000000      -0.000000       0.000000      -0.000004
   29      F   Dzz      -0.000102       0.007926       0.008898      -0.009771      -0.000000
   30      F   Dxx      -0.000020       0.002714       0.002397      -0.002355      -0.000000
   31      F   Dxy      -0.000000       0.000000      -0.000000       0.000000       0.000000
   32      F   Dxz       0.000000       0.000000       0.000000      -0.000000       0.000203
   33      F   Dyy      -0.000020       0.002714       0.002397      -0.002355      -0.000000
   34      F   Dyz      -0.000000       0.000000      -0.000000       0.000000      -0.000049
   35      F   Dzz      -0.000022       0.002687       0.005400      -0.006033      -0.000000
   36      F  Fxxx       0.000000      -0.000000       0.000000       0.000000      -0.002549
   37      F  Fxxy       0.000000       0.000000       0.000000      -0.000000       0.000275
   38      F  Fxxz      -0.000007       0.000011      -0.000001      -0.000017       0.000000
   39      F  Fxyy       0.000000      -0.000000       0.000000       0.000000      -0.001140
   40      F  Fxyz      -0.000000       0.000000       0.000000      -0.000000      -0.000000
   41      F  Fxzz       0.000000      -0.000000       0.000000       0.000000      -0.001036
   42      F  Fyyy       0.000000       0.000000       0.000000       0.000000       0.000614
   43      F  Fyyz      -0.000007       0.000011      -0.000001      -0.000017       0.000000
   44      F  Fyzz       0.000000       0.000000       0.000000       0.000000       0.000250
   45      F  Fzzz      -0.000015       0.000026      -0.000002      -0.000027       0.000000
   46      F  Fxxx       0.000000      -0.000000       0.000000       0.000000      -0.002856
   47      F  Fxxy       0.000000       0.000000      -0.000000       0.000000       0.000308
   48      F  Fxxz      -0.000009       0.000009       0.000020      -0.000030       0.000000
   49      F  Fxyy       0.000000      -0.000000       0.000000       0.000000      -0.001277
   50      F  Fxyz      -0.000000       0.000000      -0.000000      -0.000000      -0.000000
   51      F  Fxzz       0.000000      -0.000000       0.000000       0.000000      -0.001211
   52      F  Fyyy       0.000000       0.000000       0.000000       0.000000       0.000688
   53      F  Fyyz      -0.000009       0.000009       0.000020      -0.000030       0.000000
   54      F  Fyzz       0.000000       0.000000       0.000000      -0.000000       0.000292
   55      F  Fzzz      -0.000020       0.000022      -0.000051      -0.000005       0.000000
   56      F     S      -0.971350      -0.014974       0.005801       0.005172       0.000000
   57      F     S       0.011072       0.000164      -0.413974      -0.372706       0.000000
   58      F     S      -0.047952      -0.000755      -0.118900      -0.107112      -0.000000
   59      F     S       0.016274       0.000328      -0.296375      -0.266510       0.000000
   60      F     S       0.001138       0.000040      -0.022897      -0.019934      -0.000000
   61      F    Px      -0.000000      -0.000000       0.000000      -0.000000      -0.369962
   62      F    Py       0.000000       0.000000      -0.000000       0.000000       0.089109
   63      F    Pz       0.000017      -0.000009      -0.000462      -0.001151      -0.000000
   64      F    Px       0.000000       0.000000      -0.000000       0.000000      -0.409453
   65      F    Py      -0.000000      -0.000000       0.000000      -0.000000       0.098621
   66      F    Pz      -0.000068       0.000029      -0.000576      -0.001355      -0.000000
   67      F    Px       0.000000       0.000000      -0.000000       0.000000      -0.322033
   68      F    Py      -0.000000      -0.000000       0.000000      -0.000000       0.077565
   69      F    Pz      -0.000014       0.000027      -0.000610      -0.001359      -0.000000
   70      F    Px      -0.000000       0.000000      -0.000000      -0.000000      -0.063059
   71      F    Py       0.000000      -0.000000      -0.000000      -0.000000       0.015188
   72      F    Pz       0.000002      -0.000019       0.000404      -0.000476      -0.000000
   73      F   Dxx      -0.003290      -0.000053      -0.002765      -0.002498      -0.000000
   74      F   Dxy      -0.000000       0.000000       0.000000       0.000000      -0.000000
   75      F   Dxz      -0.000000      -0.000000      -0.000000      -0.000000      -0.000099
   76      F   Dyy      -0.003290      -0.000053      -0.002765      -0.002498      -0.000000
   77      F   Dyz      -0.000000      -0.000000      -0.000000      -0.000000       0.000024
   78      F   Dzz      -0.002393      -0.000039       0.002935       0.002654      -0.000000
   79      F   Dxx      -0.008078      -0.000144      -0.001584      -0.001509      -0.000000
   80      F   Dxy       0.000000      -0.000000      -0.000000       0.000000       0.000000
   81      F   Dxz      -0.000000       0.000000      -0.000000      -0.000000      -0.000096
   82      F   Dyy      -0.008078      -0.000144      -0.001584      -0.001509      -0.000000
   83      F   Dyz       0.000000      -0.000000      -0.000000      -0.000000       0.000023
   84      F   Dzz      -0.007925      -0.000142       0.009876       0.008783      -0.000000
   85      F   Dxx      -0.002713      -0.000063       0.002632       0.002090       0.000000
   86      F   Dxy      -0.000000       0.000000       0.000000      -0.000000      -0.000000
   87      F   Dxz       0.000000       0.000000      -0.000000      -0.000000      -0.001401
   88      F   Dyy      -0.002713      -0.000063       0.002632       0.002090      -0.000000
   89      F   Dyz       0.000000       0.000000      -0.000000      -0.000000       0.000338
   90      F   Dzz      -0.002686      -0.000061       0.006005       0.005434      -0.000000
   91      F  Fxxx      -0.000000      -0.000000       0.000000      -0.000000      -0.015679
   92      F  Fxxy       0.000000       0.000000      -0.000000       0.000000       0.001689
   93      F  Fxxz       0.000011      -0.000006      -0.000000      -0.000017      -0.000000
   94      F  Fxyy      -0.000000      -0.000000       0.000000      -0.000000      -0.007012
   95      F  Fxyz      -0.000000       0.000000      -0.000000       0.000000      -0.000000
   96      F  Fxzz      -0.000000      -0.000000      -0.000000      -0.000000      -0.006381
   97      F  Fyyy       0.000000       0.000000      -0.000000       0.000000       0.003777
   98      F  Fyyz       0.000011      -0.000006      -0.000000      -0.000017      -0.000000
   99      F  Fyzz       0.000000       0.000000      -0.000000       0.000000       0.001537
  100      F  Fzzz       0.000026      -0.000014      -0.000001      -0.000027      -0.000000
  101      F  Fxxx      -0.000000      -0.000000      -0.000000      -0.000000      -0.017685
  102      F  Fxxy       0.000000       0.000000      -0.000000       0.000000       0.001905
  103      F  Fxxz       0.000010      -0.000008      -0.000023      -0.000028      -0.000000
  104      F  Fxyy      -0.000000      -0.000000      -0.000000      -0.000000      -0.007909
  105      F  Fxyz      -0.000000       0.000000       0.000000      -0.000000       0.000000
  106      F  Fxzz      -0.000000      -0.000000       0.000000      -0.000000      -0.007485
  107      F  Fyyy       0.000000       0.000000      -0.000000       0.000000       0.004260
  108      F  Fyyz       0.000010      -0.000008      -0.000023      -0.000028      -0.000000
  109      F  Fyzz       0.000000       0.000000      -0.000000       0.000000       0.001803
  110      F  Fzzz       0.000023      -0.000019       0.000050      -0.000010      -0.000000
 
                          -0.3930        -0.3930        -0.3930        -0.0296   
 
    1      F     S       0.000000       0.000000      -0.000000       0.001275
    2      F     S       0.000000       0.000000      -0.000000       0.003214
    3      F     S      -0.000000       0.000000       0.000000       0.002913
    4      F     S       0.000000      -0.000000      -0.000000      -0.007324
    5      F     S       0.000000       0.000000      -0.000000      -0.018295
    6      F    Px      -0.014542      -0.276273       0.261699      -0.000000
    7      F    Py      -0.060374      -0.261699      -0.276273       0.000000
    8      F    Pz      -0.000000      -0.000000      -0.000000      -0.217282
    9      F    Px      -0.016100      -0.305757       0.289627      -0.000000
   10      F    Py      -0.066844      -0.289627      -0.305757       0.000000
   11      F    Pz      -0.000000      -0.000000      -0.000000      -0.240202
   12      F    Px      -0.012677      -0.240469       0.227783      -0.000000
   13      F    Py      -0.052630      -0.227783      -0.240469       0.000000
   14      F    Pz      -0.000000      -0.000000      -0.000000      -0.228466
   15      F    Px      -0.002468      -0.047108       0.044623      -0.000000
   16      F    Py      -0.010247      -0.044623      -0.047108       0.000000
   17      F    Pz      -0.000000      -0.000000      -0.000000      -0.227201
   18      F   Dxx      -0.000000      -0.000000       0.000000       0.000118
   19      F   Dxy      -0.000000      -0.000000      -0.000000       0.000000
   20      F   Dxz       0.000004       0.000074      -0.000070      -0.000000
   21      F   Dyy      -0.000000      -0.000000       0.000000       0.000118
   22      F   Dyz       0.000015       0.000070       0.000074      -0.000000
   23      F   Dzz      -0.000000      -0.000000       0.000000       0.000029
   24      F   Dxx      -0.000000      -0.000000       0.000000       0.002752
   25      F   Dxy       0.000000       0.000000       0.000000      -0.000000
   26      F   Dxz       0.000004       0.000071      -0.000067       0.000000
   27      F   Dyy      -0.000000       0.000000       0.000000       0.002752
   28      F   Dyz       0.000019       0.000067       0.000071       0.000000
   29      F   Dzz      -0.000000      -0.000000       0.000000       0.002830
   30      F   Dxx      -0.000000       0.000000       0.000000       0.006151
   31      F   Dxy      -0.000000       0.000000       0.000000       0.000000
   32      F   Dxz       0.000049       0.001053      -0.000997      -0.000000
   33      F   Dyy      -0.000000      -0.000000       0.000000       0.006151
   34      F   Dyz       0.000203       0.000997       0.001053       0.000000
   35      F   Dzz      -0.000000      -0.000000       0.000000       0.004639
   36      F  Fxxx      -0.000614      -0.011711       0.011093      -0.000000
   37      F  Fxxy      -0.001140      -0.004961      -0.005237       0.000000
   38      F  Fxxz      -0.000000      -0.000000      -0.000000      -0.005560
   39      F  Fxyy      -0.000275      -0.005237       0.004961      -0.000000
   40      F  Fxyz       0.000000      -0.000000       0.000000      -0.000000
   41      F  Fxzz      -0.000250      -0.004766       0.004515      -0.000000
   42      F  Fyyy      -0.002549      -0.011093      -0.011711       0.000000
   43      F  Fyyz      -0.000000      -0.000000      -0.000000      -0.005560
   44      F  Fyzz      -0.001036      -0.004515      -0.004766       0.000000
   45      F  Fzzz      -0.000000      -0.000000      -0.000000      -0.011296
   46      F  Fxxx      -0.000688      -0.013214       0.012516      -0.000000
   47      F  Fxxy      -0.001277      -0.005598      -0.005909       0.000000
   48      F  Fxxz      -0.000000      -0.000000      -0.000000      -0.007599
   49      F  Fxyy      -0.000308      -0.005909       0.005598      -0.000000
   50      F  Fxyz       0.000000      -0.000000       0.000000       0.000000
   51      F  Fxzz      -0.000292      -0.005592       0.005297      -0.000000
   52      F  Fyyy      -0.002856      -0.012516      -0.013214       0.000000
   53      F  Fyyz      -0.000000      -0.000000      -0.000000      -0.007599
   54      F  Fyzz      -0.001211      -0.005297      -0.005592       0.000000
   55      F  Fzzz      -0.000000      -0.000000      -0.000000      -0.017130
   56      F     S      -0.000000       0.000000      -0.000000       0.001275
   57      F     S       0.000000       0.000000      -0.000000       0.003215
   58      F     S       0.000000       0.000000      -0.000000       0.002914
   59      F     S      -0.000000      -0.000000       0.000000      -0.007325
   60      F     S      -0.000000      -0.000000       0.000000      -0.018299
   61      F    Px      -0.089109       0.045105      -0.042726      -0.000000
   62      F    Py      -0.369962       0.042726       0.045105      -0.000000
   63      F    Pz      -0.000000       0.000000      -0.000000       0.217227
   64      F    Px      -0.098621       0.049900      -0.047267      -0.000000
   65      F    Py      -0.409453       0.047267       0.049900      -0.000000
   66      F    Pz      -0.000000       0.000000      -0.000000       0.240142
   67      F    Px      -0.077565       0.039202      -0.037134      -0.000000
   68      F    Py      -0.322033       0.037134       0.039202      -0.000000
   69      F    Pz      -0.000000       0.000000      -0.000000       0.228408
   70      F    Px      -0.015188       0.007723      -0.007316      -0.000000
   71      F    Py      -0.063059       0.007316       0.007723      -0.000000
   72      F    Pz      -0.000000       0.000000      -0.000000       0.227162
   73      F   Dxx       0.000000       0.000000      -0.000000       0.000118
   74      F   Dxy       0.000000      -0.000000      -0.000000       0.000000
   75      F   Dxz      -0.000024       0.000013      -0.000013      -0.000000
   76      F   Dyy       0.000000       0.000000      -0.000000       0.000118
   77      F   Dyz      -0.000099       0.000013       0.000013      -0.000000
   78      F   Dzz       0.000000       0.000000      -0.000000       0.000029
   79      F   Dxx       0.000000       0.000000      -0.000000       0.002753
   80      F   Dxy      -0.000000       0.000000       0.000000      -0.000000
   81      F   Dxz      -0.000023       0.000009      -0.000009       0.000000
   82      F   Dyy       0.000000       0.000000      -0.000000       0.002753
   83      F   Dyz      -0.000096       0.000009       0.000009       0.000000
   84      F   Dzz       0.000000       0.000000      -0.000000       0.002830
   85      F   Dxx       0.000000       0.000000      -0.000000       0.006152
   86      F   Dxy       0.000000      -0.000000       0.000000      -0.000000
   87      F   Dxz      -0.000338       0.000191      -0.000181       0.000000
   88      F   Dyy       0.000000       0.000000      -0.000000       0.006152
   89      F   Dyz      -0.001401       0.000181       0.000191       0.000000
   90      F   Dzz       0.000000       0.000000      -0.000000       0.004640
   91      F  Fxxx      -0.003777       0.001919      -0.001818      -0.000000
   92      F  Fxxy      -0.007012       0.000813       0.000858      -0.000000
   93      F  Fxxz      -0.000000       0.000000       0.000000       0.005559
   94      F  Fxyy      -0.001689       0.000858      -0.000813      -0.000000
   95      F  Fxyz      -0.000000       0.000000       0.000000      -0.000000
   96      F  Fxzz      -0.001537       0.000782      -0.000741      -0.000000
   97      F  Fyyy      -0.015679       0.001818       0.001919      -0.000000
   98      F  Fyyz      -0.000000       0.000000       0.000000       0.005559
   99      F  Fyzz      -0.006381       0.000741       0.000782      -0.000000
  100      F  Fzzz      -0.000000      -0.000000       0.000000       0.011293
  101      F  Fxxx      -0.004260       0.002180      -0.002065      -0.000000
  102      F  Fxxy      -0.007909       0.000923       0.000975      -0.000000
  103      F  Fxxz      -0.000000       0.000000       0.000000       0.007598
  104      F  Fxyy      -0.001905       0.000975      -0.000923      -0.000000
  105      F  Fxyz      -0.000000       0.000000       0.000000      -0.000000
  106      F  Fxzz      -0.001803       0.000921      -0.000872      -0.000000
  107      F  Fyyy      -0.017685       0.002065       0.002180      -0.000000
  108      F  Fyyz      -0.000000       0.000000       0.000000       0.007598
  109      F  Fyzz      -0.007485       0.000872       0.000921      -0.000000
  110      F  Fzzz      -0.000000       0.000000       0.000000       0.017127
 
 
  end of eigenvectors 
 
  END OF EIGENVALUES AND EIGENVECTORS
 
 
  COMPONENTS OF KINETIC ENERGY: 
 -----------------------------
 
             E-ALPHA Kinetic energy =          101.955316778353
              E-BETA Kinetic energy =           96.833289110893
                                     _________________________
               Total kinetic energy =          198.788605889247
 
  COMPONENTS OF POTENTIAL ENERGY: 
 -------------------------------
 
          Fixed potential energy    =            6.803707490229
 
  Quantum/Fixed interaction energy: 
 ----------------------------------
 
     E-ALPHA/Fixed interact. energy =         -256.122893178799
      E-BETA/Fixed interact. energy =         -240.112517534641
                                     _________________________
               Total Q/Fixed energy =         -496.235410713440
 
  Coulomb energy: 
 ------------------
 
     E-ALPHA/E-ALPHA Hartree energy =           31.064722940757
       E-BETA/E-BETA Hartree energy =           25.126621843447
      E-ALPHA/E-BETA Hartree energy =           55.804631390258
                                     _________________________
               Total Hartree energy =          111.995976174462
 
  Exchange(HF) energy: 
 ----------------------
 
            E-ALPHA Exchange energy =          -10.681911807648
             E-BETA Exchange energy =           -9.480052068392
                                     _________________________
              Total Exchange energy =          -20.161963876040
 
  TOTAL ENERGY COMPONENTS: 
 ==========================
 
          TOTAL KINETIC ENERGY      =          198.788605889247
          TOTAL POTENTIAL ENERGY    =         -397.597690924789
                                     _________________________
                       TOTAL ENERGY =         -198.809085035542
 
                 VIRIAL RATIO (V/T) =            2.000103019719
 
 
  END ENERGY COMPONENTS
 
 
** TOTAL CPU Time SCF :      5.773 (s)
** TOTAL Elapsed Time SCF :      1.477 (s)
 
 We are calculating properties for E-ALPHA in the HF/KS ground state
 We are calculating properties for E-BETA in the HF/KS ground state
 
  POPULATION ANALYSES: 
 ====================
 
 MULLIKEN Population: for E-        
 ---------------------
 
                          total          spin      
 
    1      F     S       1.941219      -0.000833
    2      F     S       1.073353       0.016830
    3      F     S       0.270073       0.006053
    4      F     S       0.705819      -0.008836
    5      F     S       0.031562      -0.004787
    6      F    Px       0.570557       0.010290
    7      F    Py       0.570557       0.010290
    8      F    Pz       0.394726       0.208045
    9      F    Px       0.805036       0.012341
   10      F    Py       0.805036       0.012341
   11      F    Pz       0.567820       0.280486
   12      F    Px       0.498007      -0.014658
   13      F    Py       0.498007      -0.014658
   14      F    Pz       0.359888       0.086334
   15      F    Px       0.045051      -0.006144
   16      F    Py       0.045051      -0.006144
   17      F    Pz       0.115029      -0.089837
   18      F   Dxx       0.002715      -0.002993
   19      F   Dxy       0.000000       0.000000
   20      F   Dxz       0.000000      -0.000000
   21      F   Dyy       0.002715      -0.002993
   22      F   Dyz       0.000000      -0.000000
   23      F   Dzz       0.002078       0.006188
   24      F   Dxx      -0.004069      -0.007421
   25      F   Dxy      -0.000000      -0.000000
   26      F   Dxz       0.000000      -0.000000
   27      F   Dyy      -0.004069      -0.007421
   28      F   Dyz       0.000000      -0.000000
   29      F   Dzz      -0.005582       0.010714
   30      F   Dxx      -0.004684      -0.002124
   31      F   Dxy       0.000000       0.000000
   32      F   Dxz       0.000004      -0.000000
   33      F   Dyy      -0.004684      -0.002124
   34      F   Dyz       0.000004      -0.000000
   35      F   Dzz      -0.006346      -0.000334
   36      F  Fxxx       0.023274      -0.002019
   37      F  Fxxy       0.007758      -0.000673
   38      F  Fxxz       0.004482       0.000429
   39      F  Fxyy       0.007758      -0.000673
   40      F  Fxyz       0.000000       0.000000
   41      F  Fxzz       0.009788       0.002124
   42      F  Fyyy       0.023274      -0.002019
   43      F  Fyyz       0.004482       0.000429
   44      F  Fyzz       0.009788       0.002124
   45      F  Fzzz       0.020242       0.009206
   46      F  Fxxx       0.023366      -0.001982
   47      F  Fxxy       0.007789      -0.000661
   48      F  Fxxz       0.005645      -0.000023
   49      F  Fxyy       0.007789      -0.000661
   50      F  Fxyz       0.000000       0.000000
   51      F  Fxzz       0.009370       0.001382
   52      F  Fyyy       0.023366      -0.001982
   53      F  Fyyz       0.005645      -0.000023
   54      F  Fyzz       0.009370       0.001382
   55      F  Fzzz       0.022054       0.004917
   56      F     S       1.941219      -0.000833
   57      F     S       1.073360       0.016831
   58      F     S       0.270075       0.006053
   59      F     S       0.705816      -0.008837
   60      F     S       0.031560      -0.004787
   61      F    Px       0.570568       0.010290
   62      F    Py       0.570568       0.010290
   63      F    Pz       0.394686       0.208096
   64      F    Px       0.805045       0.012341
   65      F    Py       0.805045       0.012341
   66      F    Pz       0.567755       0.280562
   67      F    Px       0.497993      -0.014659
   68      F    Py       0.497993      -0.014659
   69      F    Pz       0.359813       0.086392
   70      F    Px       0.045043      -0.006143
   71      F    Py       0.045043      -0.006143
   72      F    Pz       0.114988      -0.089802
   73      F   Dxx       0.002715      -0.002993
   74      F   Dxy       0.000000      -0.000000
   75      F   Dxz       0.000000      -0.000000
   76      F   Dyy       0.002715      -0.002993
   77      F   Dyz       0.000000      -0.000000
   78      F   Dzz       0.002078       0.006189
   79      F   Dxx      -0.004069      -0.007421
   80      F   Dxy      -0.000000       0.000000
   81      F   Dxz       0.000000      -0.000000
   82      F   Dyy      -0.004069      -0.007421
   83      F   Dyz       0.000000      -0.000000
   84      F   Dzz      -0.005583       0.010716
   85      F   Dxx      -0.004685      -0.002124
   86      F   Dxy       0.000000       0.000000
   87      F   Dxz       0.000004      -0.000000
   88      F   Dyy      -0.004685      -0.002124
   89      F   Dyz       0.000004      -0.000000
   90      F   Dzz      -0.006347      -0.000334
   91      F  Fxxx       0.023274      -0.002019
   92      F  Fxxy       0.007758      -0.000673
   93      F  Fxxz       0.004481       0.000430
   94      F  Fxyy       0.007758      -0.000673
   95      F  Fxyz       0.000000       0.000000
   96      F  Fxzz       0.009788       0.002124
   97      F  Fyyy       0.023274      -0.002019
   98      F  Fyyz       0.004481       0.000430
   99      F  Fyzz       0.009788       0.002124
  100      F  Fzzz       0.020240       0.009209
  101      F  Fxxx       0.023367      -0.001982
  102      F  Fxxy       0.007789      -0.000661
  103      F  Fxxz       0.005644      -0.000022
  104      F  Fxyy       0.007789      -0.000661
  105      F  Fxyz       0.000000       0.000000
  106      F  Fxzz       0.009370       0.001382
  107      F  Fyyy       0.023367      -0.001982
  108      F  Fyyz       0.005644      -0.000022
  109      F  Fyzz       0.009370       0.001382
  110      F  Fzzz       0.022051       0.004921
 
                           __________     __________
              Total =       19.000000       1.000000
 
  Atomic MULLIKEN Population: for E-        
            F                9.500115       0.499885
            F                9.499885       0.500115
 
 ...end of MULLIKEN Population
 
 
 END POPULATION ANALYSES 
 
 
  POPULATION ANALYSES: 
 ====================
 
 LOWDIN Population: for E-        
 ---------------------
 
                          total          spin      
 
    1      F     S       1.575221      -0.000148
    2      F     S       0.617303       0.004929
    3      F     S       0.417876       0.004116
    4      F     S       0.300137      -0.003366
    5      F     S       0.075364      -0.003805
    6      F    Px       0.512688       0.009912
    7      F    Py       0.512688       0.009912
    8      F    Pz       0.354329       0.189940
    9      F    Px       0.379717       0.003827
   10      F    Py       0.379717       0.003827
   11      F    Pz       0.267115       0.127298
   12      F    Px       0.278645      -0.008473
   13      F    Py       0.278645      -0.008473
   14      F    Pz       0.218126       0.032037
   15      F    Px       0.065364      -0.005847
   16      F    Py       0.065364      -0.005847
   17      F    Pz       0.115361      -0.068905
   18      F   Dxx       0.159567      -0.000576
   19      F   Dxy       0.000000       0.000000
   20      F   Dxz       0.000000      -0.000000
   21      F   Dyy       0.159567      -0.000576
   22      F   Dyz       0.000000      -0.000000
   23      F   Dzz       0.158860       0.009176
   24      F   Dxx       0.152465      -0.005930
   25      F   Dxy       0.000000      -0.000000
   26      F   Dxz       0.000001      -0.000000
   27      F   Dyy       0.152465      -0.005930
   28      F   Dyz       0.000001      -0.000000
   29      F   Dzz       0.150746       0.008050
   30      F   Dxx       0.027172      -0.002915
   31      F   Dxy       0.000000      -0.000000
   32      F   Dxz       0.000004      -0.000000
   33      F   Dyy       0.027172      -0.002915
   34      F   Dyz       0.000004      -0.000000
   35      F   Dzz       0.026167      -0.000170
   36      F  Fxxx       0.238438       0.001750
   37      F  Fxxy       0.104058       0.000839
   38      F  Fxxz       0.072035       0.034513
   39      F  Fxyy       0.104058       0.000839
   40      F  Fxyz       0.000000       0.000000
   41      F  Fxzz       0.105658       0.003004
   42      F  Fyyy       0.238438       0.001750
   43      F  Fyyz       0.072035       0.034513
   44      F  Fyzz       0.105658       0.003004
   45      F  Fzzz       0.169446       0.083903
   46      F  Fxxx       0.169179      -0.003538
   47      F  Fxxy       0.072506      -0.001552
   48      F  Fxxz       0.052849       0.014274
   49      F  Fxyy       0.072506      -0.001552
   50      F  Fxyz       0.000000       0.000000
   51      F  Fxzz       0.073743       0.000078
   52      F  Fyyy       0.169179      -0.003538
   53      F  Fyyz       0.052849       0.014274
   54      F  Fyzz       0.073743       0.000078
   55      F  Fzzz       0.125889       0.038097
   56      F     S       1.575221      -0.000148
   57      F     S       0.617305       0.004929
   58      F     S       0.417877       0.004116
   59      F     S       0.300135      -0.003366
   60      F     S       0.075363      -0.003805
   61      F    Px       0.512697       0.009912
   62      F    Py       0.512697       0.009912
   63      F    Pz       0.354293       0.189986
   64      F    Px       0.379721       0.003826
   65      F    Py       0.379721       0.003826
   66      F    Pz       0.267083       0.127334
   67      F    Px       0.278637      -0.008473
   68      F    Py       0.278637      -0.008473
   69      F    Pz       0.218078       0.032076
   70      F    Px       0.065357      -0.005846
   71      F    Py       0.065357      -0.005846
   72      F    Pz       0.115324      -0.068873
   73      F   Dxx       0.159568      -0.000576
   74      F   Dxy       0.000000      -0.000000
   75      F   Dxz       0.000000      -0.000000
   76      F   Dyy       0.159568      -0.000576
   77      F   Dyz       0.000000      -0.000000
   78      F   Dzz       0.158861       0.009177
   79      F   Dxx       0.152465      -0.005931
   80      F   Dxy       0.000000       0.000000
   81      F   Dxz       0.000001      -0.000000
   82      F   Dyy       0.152465      -0.005931
   83      F   Dyz       0.000001      -0.000000
   84      F   Dzz       0.150745       0.008051
   85      F   Dxx       0.027171      -0.002915
   86      F   Dxy       0.000000       0.000000
   87      F   Dxz       0.000004      -0.000000
   88      F   Dyy       0.027171      -0.002915
   89      F   Dyz       0.000004      -0.000000
   90      F   Dzz       0.026166      -0.000170
   91      F  Fxxx       0.238440       0.001749
   92      F  Fxxy       0.104060       0.000839
   93      F  Fxxz       0.072027       0.034523
   94      F  Fxyy       0.104060       0.000839
   95      F  Fxyz       0.000000       0.000000
   96      F  Fxzz       0.105659       0.003004
   97      F  Fyyy       0.238440       0.001749
   98      F  Fyyz       0.072027       0.034523
   99      F  Fyzz       0.105659       0.003004
  100      F  Fzzz       0.169427       0.083926
  101      F  Fxxx       0.169177      -0.003538
  102      F  Fxxy       0.072505      -0.001552
  103      F  Fxxz       0.052839       0.014283
  104      F  Fxyy       0.072505      -0.001552
  105      F  Fxyz       0.000000       0.000000
  106      F  Fxzz       0.073742       0.000079
  107      F  Fyyy       0.169177      -0.003538
  108      F  Fyyz       0.052839       0.014283
  109      F  Fyzz       0.073742       0.000079
  110      F  Fzzz       0.125867       0.038116
 
                           __________     __________
              Total =       19.000000       1.000000
 
  Atomic LOWDIN Population: for E-        
            F                9.500115       0.499885
            F                9.499885       0.500115
 
 ...end of LOWDIN Population
 
 
 END POPULATION ANALYSES 
 
 
  EXPECTED POSITIONS OF QUANTUM SPECIES:
 ======================
 
 POSITIONS IN ANGSTROMS
 ------
 
                        <x>      <y>      <z>         
            E-ALPHA   0.0000   0.0000  31.5000
             E-BETA   0.0000  -0.0000  28.3493
 
 END EXPECTED POSITIONS
 
 
  ELECTROSTATIC MOMENTS:
 ======================
 
 
 DIPOLE: (A.U.)
 ------
 
                           <Dx>         <Dy>         <Dz>          |D|
            E-ALPHA  -0.00000000  -0.00000000 -59.52636944
             E-BETA  -0.00000000   0.00000000 -53.57235868
    Point charges:    0.00000000   0.00000000 107.14746350
                     ____________________________
      Total Dipole:  -0.00000000   0.00000000  -5.95126462   5.95126462
 
 DIPOLE: (DEBYE)
 ------
 
                           <Dx>         <Dy>         <Dz>          |D|
            E-ALPHA  -0.00000000  -0.00000000-151.30091973
             E-BETA  -0.00000000   0.00000000-136.16733587
    Point charges:    0.00000000   0.00000000 272.34165172
                     ____________________________
      Total Dipole:  -0.00000000   0.00000000 -15.12660388  15.12660388
 
 QUADRUPOLE NON-TRACELESS: (DEBYE ANGS)
 ------
 
                           <xx>         <yy>         <zz>         <xy>         <xz>         <yz>
            E-ALPHA   -5.67197650   -5.67197650 -959.05926367   -0.00000000    0.00000000    0.00000000
             E-BETA   -6.28621400   -6.28621400 -863.86465735   -0.00000000   -0.00000000    0.00000000
    Point charges:     0.00000000    0.00000000 1715.75221011    0.00000000    0.00000000    0.00000000
  Total Quadrupole:  -11.95819050  -11.95819050 -107.17171090   -0.00000000   -0.00000000    0.00000000
                     ____________________________
 
 END ELECTROSTATIC MOMENTS
 
 
 BEGIN FOUR-INDEX INTEGRALS TRANFORMATION:
 ========================================
 Selected method: C         
 
 --------------------------------------------------
    4N^5 Algorithm Four-index integral tranformation
 --------------------------------------------------
 
 Integrals transformation for: E-ALPHA
 
              Transformation boundaries 
                 orbital lower upper
                       p     1    10
                       q    11   110
                       r     1    10
                       s    11   110
 
         Loading AO integrals time(s):  0.794E-02
      Integral transformation time(s):  0.242E+01
       Non-zero transformed integrals:       222910
 
 Inter-species integrals transformation for: E-ALPHA/E-BETA
 
              Transformation boundaries 
                 orbital lower upper
                       p     1     9
                       q    10   110
                       r     1    10
                       s    11   110
 
         Loading AO integrals time(s):  0.940E-02
      Integral transformation time(s):  0.974E+01
 Non zero transformed coupling integrals:       369218
 
 Integrals transformation for: E-BETA
 
              Transformation boundaries 
                 orbital lower upper
                       p     1     9
                       q    10   110
                       r     1     9
                       s    10   110
 
         Loading AO integrals time(s):  0.565E-02
      Integral transformation time(s):  0.229E+01
       Non-zero transformed integrals:       201018
 
** TOTAL Elapsed Time for integrals transformation :     14.719 (s)
 
 
  POST HARTREE-FOCK CALCULATION
  MANY-BODY PERTURBATION THEORY:
 ==============================
 
              MOLLER-PLESSET FORMALISM 
               ORDER OF CORRECTION =     2
 
                E(0) + E(1) =    -198.809085035542
                       E(2) =      -0.589769706931
                             ____________________
                     E(MP2) =    -199.398854742474
 
              -----------------------------------
               E(n){ Specie }     E(n) / Hartree 
              -----------------------------------
 
            E(2){ E-ALPHA } =      -0.075606207966
             E(2){ E-BETA } =      -0.080653739140
 
     E(2){ E-ALPHA/E-BETA } =      -0.433509759825
 
** TOTAL CPU Time HF-MBPT :      0.589 (s)
** TOTAL Elapsed Time HF-MBPT :      0.355 (s)
 

  TOTAL CPU Time:      0.240 (s)
 TOTAL Wall Time:     16.613 (s)
  Elapsed Time:   0h  0m 16s 613ms
LOWDIN execution terminated normally at : Tue Feb  4 17:01:29 2025
-rw-rw-r-- 1 pohl pohl  15M feb  4 17:01 0E-ALPHA.E-BETA.ints
-rw-rw-r-- 1 pohl pohl 7.6M feb  4 17:01 0E-ALPHA.ints
-rw-rw-r-- 1 pohl pohl  16M feb  4 17:01 1E-ALPHA.E-BETA.ints
-rw-rw-r-- 1 pohl pohl 7.6M feb  4 17:01 1E-ALPHA.ints
-rw-rw-r-- 1 pohl pohl  15M feb  4 17:01 2E-ALPHA.E-BETA.ints
-rw-rw-r-- 1 pohl pohl 7.6M feb  4 17:01 2E-ALPHA.ints
-rw-rw-r-- 1 pohl pohl  16M feb  4 17:01 3E-ALPHA.E-BETA.ints
-rw-rw-r-- 1 pohl pohl 7.6M feb  4 17:01 3E-ALPHA.ints
-rw-rw-r-- 1 pohl pohl   12 feb  4 17:01 E-ALPHA.E-BETA.nints
-rw-rw-r-- 1 pohl pohl 7.6M feb  4 17:01 E-ALPHAmoint.dat
-rw-rw-r-- 1 pohl pohl 9.0M feb  4 17:01 E-BETA.E-ALPHAmoint.dat
-rw-rw-r-- 1 pohl pohl 6.9M feb  4 17:01 E-BETAmoint.dat
-rw-rw-r-- 1 pohl pohl   64 feb  4 17:01 gepol.inp
-rw-rw-r-- 1 pohl pohl  182 feb  4 17:01 gepol.xyzr
-rw-rw-r-- 1 pohl pohl  13K feb  4 17:01 lowdin.bas
-rw-rw-r-- 1 pohl pohl  16K feb  4 17:01 lowdin.dat
-rw-rw-r-- 1 pohl pohl 2.3M feb  4 17:01 lowdin.opints
-rw-rw-r-- 1 pohl pohl  46K feb  4 17:01 lowdin.sys
-rw-rw-r-- 1 pohl pohl 2.1M feb  4 17:01 lowdin.wfn
-rw-rw-r-- 1 pohl pohl  258 feb  4 17:01 usual_29
-rw-rw-r-- 1 pohl pohl 1.1K feb  4 17:01 usual_29.aux
-rw-rw-r-- 1 pohl pohl  266 feb  4 17:01 usual_29.lowdin
-rw-rw-r-- 1 pohl pohl  82K feb  4 17:01 usual_29.out
-rw-rw-r-- 1 pohl pohl 192K feb  4 17:01 usual_29.vec
