Begin job by input: usual_5.lowdin, for user:   at  mar 04 feb 2025 16:54:04 -05
under operating system Linux helios 5.19.0-46-generic #47-Ubuntu SMP PREEMPT_DYNAMIC Fri Jun 16 13:30:11 UTC 2023 x86_64 x86_64 x86_64 GNU/Linux
Compilation information
  commit: f31d3924f6ee2ce9d77f07edcc1ba27359319d14
  compilation date:  mar 17 sep 2024 16:16:17 -05

BEGIN INPUT INFO:
------------------------------------

GEOMETRY
	e-(F)	AUG-CC-PVTZ 0.0 0.0 0.0 multiplicity=2 addParticles=1 
	e-(F)	AUG-CC-PVTZ 0.0 0.0 1.5 
	F	Dirac 0.0 0.0 0.0
	F	Dirac 0.0 0.0 1.5
END GEOMETRY

TASKS
        method = "UHF"
	mollerPlessetCorrection=2
END TASKS

CONTROL
	units="ANGS"
END CONTROL






... END INPUT INFO


 LOWDIN execution started at : Tue Feb  4 16:54:04 2025
 ---------------------------------------------------------------
 
 ***************************************************************
 *                   LOWDIN 2.0  (May/2013)                    *
 *                                                             *
 *  R. FLORES-MORENO, E. F. POSADA, F. S. MONCADA, J.ROMERO,   *
 *  J. CHARRY, M. DIAZ-TINOCO, S. A. GONZALEZ, N. F. AGUIRRE,  *
 *  A. REYES                                                   *
 *                                                             *
 *  https://sites.google.com/site/lowdinproject/               *
 *                                                             *
 ***************************************************************
 
 PARSING INPUT... DONE!
 
 LOWDIN IS RUNNING WITH NEXT PARAMETERS: 
 ----------------------------------------
 
         METHOD TYPE:  UHF
         NUMBER OF CORES:     4
         MOLLER PLESSET CORRECTION:      2
         NONELECTRONIC DENSITY GUESS: HCORE
         ELECTRONIC DENSITY GUESS: HCORE
         CRITERIUM OF CONVERGENCE: ENERGY
         NONELECTRONIC ENERGY TOLERANCE IN SCFs:     0.10000E-07
         ELECTRONIC ENERGY TOLERANCE IN SCFs:     0.10000E-07
         TOTAL ENERGY TOLERANCE IN SCFs:     0.10000E-07
         SCHEME OF ITERATION: GLOBAL ITERATIONS
         SCF MAX. SUBITERATIONS - NONELECTRONS :     1
         SCF MAX. SUBITERATIONS - ELECTRONS :     1
         SCF MAX. ITERATIONS - INTERSPECIES :   200
         INTEGRAL STORAGE: DISK
         STACK SIZE FOR ERIS : 30000
         METHOD OF SCF CONVERGENCE: DAMPING
 
  MOLECULAR SYSTEM: usual_5
 -----------------
 
    DESCRIPTION   : usual_5
    CHARGE        :   0
    PUNTUAL GROUP : NONE
 
 
  INFORMATION OF PARTICLES :
 =========================
         Total number of particles   =      21
         Number of quantum particles =      19
         Number of puntual charges   =       2
         Number of quantum species   =       2
 
                 INFORMATION OF QUANTUM SPECIES 
    ----------------------------------------------------------------------
         ID      Symbol            mass     charge      omega     spin     multiplicity
    ----------------------------------------------------------------------
         1        E-ALPHA         1.0000     -1.00      0.00      0.50      2.00
         2         E-BETA         1.0000     -1.00      0.00      0.50      2.00
 
                   CONSTANTS OF COUPLING 
      ------------------------------------------------------------
              Symbol      kappa        eta     lambda occupation
      ------------------------------------------------------------
             E-ALPHA      -1.00       1.00       1.00      10.00
              E-BETA      -1.00       1.00       1.00       9.00
 
                   BASIS SET FOR SPECIES 
      ------------------------------------------------------------
           Symbol          N. Basis     N. Particles     Basis Set
      ------------------------------------------------------------
            E-ALPHA           28               10     AUG-CC-PVT
             E-BETA           28                9     AUG-CC-PVT
 
                                ATOMIC BASIS
         ------------------------------------------------------------
          PRIMITIVE   SHELL             EXPONENT         COEFFICIENT 
         ------------------------------------------------------------
 
    BEGIN DESCRIPTION OF BASIS FOR: E-ALP
    ==============================
 
 
             F BASIS SET:    AUG-CC-PVTZ
             1         S            19500.00000000          0.00050700
             2         S             2923.00000000          0.00392300
             3         S              664.50000000          0.02020000
             4         S              187.50000000          0.07901000
             5         S               60.62000000          0.23043900
             6         S               21.42000000          0.43287200
             7         S                7.95000000          0.34996400
             8         S                0.88150000         -0.00789200
             1         S            19500.00000000         -0.00011700
             2         S             2923.00000000         -0.00091200
             3         S              664.50000000         -0.00471700
             4         S              187.50000000         -0.01908600
             5         S               60.62000000         -0.05965500
             6         S               21.42000000         -0.14001000
             7         S                7.95000000         -0.17678200
             8         S                0.88150000          0.60504300
             1         S                2.25700000          1.00000000
             1         S                0.30410000          1.00000000
             1         S                0.09158000          1.00000000
             1         P               43.88000000          0.01666500
             2         P                9.92600000          0.10447200
             3         P                2.93000000          0.31726000
             1         P                0.91320000          1.00000000
             1         P                0.26720000          1.00000000
             1         P                0.07361000          1.00000000
             1         D                3.10700000          1.00000000
             1         D                0.85500000          1.00000000
             1         D                0.29200000          1.00000000
             1         F                1.91700000          1.00000000
             1         F                0.72400000          1.00000000
 
             F BASIS SET:    AUG-CC-PVTZ
             1         S            19500.00000000          0.00050700
             2         S             2923.00000000          0.00392300
             3         S              664.50000000          0.02020000
             4         S              187.50000000          0.07901000
             5         S               60.62000000          0.23043900
             6         S               21.42000000          0.43287200
             7         S                7.95000000          0.34996400
             8         S                0.88150000         -0.00789200
             1         S            19500.00000000         -0.00011700
             2         S             2923.00000000         -0.00091200
             3         S              664.50000000         -0.00471700
             4         S              187.50000000         -0.01908600
             5         S               60.62000000         -0.05965500
             6         S               21.42000000         -0.14001000
             7         S                7.95000000         -0.17678200
             8         S                0.88150000          0.60504300
             1         S                2.25700000          1.00000000
             1         S                0.30410000          1.00000000
             1         S                0.09158000          1.00000000
             1         P               43.88000000          0.01666500
             2         P                9.92600000          0.10447200
             3         P                2.93000000          0.31726000
             1         P                0.91320000          1.00000000
             1         P                0.26720000          1.00000000
             1         P                0.07361000          1.00000000
             1         D                3.10700000          1.00000000
             1         D                0.85500000          1.00000000
             1         D                0.29200000          1.00000000
             1         F                1.91700000          1.00000000
             1         F                0.72400000          1.00000000
    ... END DESCRIPTION OF BASIS
 
 
  END INFORMATION OF PARTICLES
 
 
  INFORMATION OF THE QUANTUM SYSTEM 
     ---------------------------------------------------------------------
                 ID     Occupied Orbitals     Basis size
     ---------------------------------------------------------------------
            E-ALPHA           10              110
             E-BETA            9              110
 
  END INFORMATION OF QUANTUM SYSTEM
 
                       INITIAL GEOMETRY: AMSTRONG
                 -----------------------------------
                       <x>                 <y>                 <z>
  E-ALPHAF        0.0000000000        0.0000000000        0.0000000000
  E-ALPHAF        0.0000000000        0.0000000000        1.5000000000
         F        0.0000000000        0.0000000000        0.0000000000
         F        0.0000000000        0.0000000000        1.5000000000
 
                     MATRIX OF DISTANCE: ANGSTROM
                 -----------------------------------
                          F(1)           F(2)      
 
        F(1)             0.000000       1.500000
        F(2)             1.500000       0.000000
 
--------------------------------------------------------------------------------
** PROGRAM: SCF (Hartree Fock).     Author: S.A. Gonzalez, E. Posada, F. Moncada
--------------------------------------------------------------------------------
INFO: RUNNING IN UHF MODE.
 
----------------------------------------------------------------------
** PROGRAM INTS                          Author: E. F. Posada, 2013   
----------------------------------------------------------------------
INFO: RUNNING IN ONE_PARTICLE MODE.
 
 Number of Overlap integrals for species E-ALPHA:  12100
 Number of Overlap integrals for species E-BETA:  12100
 Number of Kinetic integrals for species E-ALPHA:  12100
 Number of Kinetic integrals for species E-BETA:  12100
 Number of Nuclear integrals for species E-ALPHA:  12100
 Number of Nuclear integrals for species E-BETA:  12100
 Number of Moment integrals for species E-ALPHA:  36300
 Number of Moment integrals for species E-BETA:  36300
 
** TOTAL CPU Time INTS :      0.439 (s)
** TOTAL Elapsed Time INTS :      0.199 (s)
 
       Usign  HCORE density guess for species:    E-ALPHA
     number of    E-ALPHA     particles in guess density matrix:    10.000000
       Usign  HCORE density guess for species:     E-BETA
     number of     E-BETA     particles in guess density matrix:     9.000000
 Number of unique integrals for species: 1 = 4506870
 Number of unique integrals for species: 1 / 2 = 9007737 Screened: 0
 
 TWO-BODY INTEGRAL SETUP: 
------------------------- 
 Storage:   DISK
 Scheme: LIBINT
 Stack size:  30000
 
 LIBINT library, Fermann, J. T.; Valeev, F. L. 2010                   
 LOWDIN-LIBINT Implementation V. 2.1  Posada E. F. ; Reyes A. 2016   
 ----------------------------------------------------------------------

*** TOTAL CPU time intra-species integrals :      1.262 (s)
*** TOTAL elapsed time intra-species integrals :      0.280 (s)


*** TOTAL CPU time inter-species integrals :      2.800 (s)
*** TOTAL elapsed time inter-species integrals :      0.672 (s)

INFO: RUNNING SCHEME SIMULTANEOUS
 
 Begin Multi-Species SCF calculation:
 
 --------------------------------------------------------------------------------------------------
      Iteration                   Energy            Energy Change           Density Change
 --------------------------------------------------------------------------------------------------
              1        -172.177448930263         172.177448930263           1.378469726797
              2        -164.875677154075          -7.301771776188           0.987108201466
              3        -191.888552384151          27.012875230076           0.410300397880
              4        -198.301598373572           6.413045989422           0.045845970880
              5        -198.539426792367           0.237828418795           0.035607765163
              6        -198.784572104627           0.245145312260           0.006908960269
              7        -198.800195189207           0.015623084580           0.000600823651
              8        -198.806660340796           0.006465151589           0.000736638794
              9        -198.807427721910           0.000767381113           0.000446203793
             10        -198.807631538791           0.000203816881           0.000107574516
             11        -198.807689502463           0.000057963673           0.000097465869
             12        -198.807706808714           0.000017306251           0.000024443606
             13        -198.807712213217           0.000005404503           0.000017872758
             14        -198.807713955956           0.000001742739           0.000008838932
             15        -198.807714538179           0.000000582223           0.000005072066
             16        -198.807714743316           0.000000205137           0.000003876258
             17        -198.807714817815           0.000000074498           0.000002094438
             18        -198.807714845455           0.000000027640           0.000001619522
             19        -198.807714855873           0.000000010418           0.000000873447
             20        -198.807714859845           0.000000003971           0.000000649678
 Total energy converged after  20 global iterations                                                  
 
 ...end Multi-Species SCF calculation
 
 
 Begin SCF calculation by: E-ALPHA
 -------------------------
 
 -----------------------------------------------------------------------------------
 Iteration                   Energy           Density Change         DIIS Error 
 -----------------------------------------------------------------------------------
    1        -107.508225278249           0.784861665436                 -- 
    2        -102.262599322220           0.202518989141                 -- 
    3         -79.214073490437           0.039883578572                 -- 
    4         -85.825065678643           0.032904042556                 -- 
    5         -84.033385700208           0.005693200323                 -- 
    6         -82.867860784070           0.000303924403                 -- 
    7         -83.162526108704           0.000567801532                 -- 
    8         -83.263895011921           0.000330461334                 -- 
    9         -83.184103414141           0.000061473168                 -- 
   10         -83.219528426324           0.000060775086                 -- 
   11         -83.192256095076           0.000011235039                 -- 
   12         -83.200672616389           0.000008707258                 -- 
   13         -83.195354718997           0.000004882362                 -- 
   14         -83.195458746119           0.000001762493                 -- 
   15         -83.193406272122           0.000002555200                 -- 
   16         -83.193356972187           0.000000890224                 -- 
   17         -83.192572073169           0.000001147528                 -- 
   18         -83.192522601073           0.000000425044                 -- 
   19         -83.192222700323           0.000000472333                 -- 
 
 ... end SCF calculation
 
 Begin SCF calculation by: E-BETA
 -------------------------
 
 -----------------------------------------------------------------------------------
 Iteration                   Energy           Density Change         DIIS Error 
 -----------------------------------------------------------------------------------
    1         -96.813692116800           0.202246536031                 -- 
    2         -92.771730477677           0.207781408739                 -- 
    3         -72.709654641800           0.005962392308                 -- 
    4         -78.811283537668           0.002703722607                 -- 
    5         -77.074096487579           0.001215759946                 -- 
    6         -76.027902774773           0.000296899248                 -- 
    7         -76.304429774778           0.000168837263                 -- 
    8         -76.419278259390           0.000115742459                 -- 
    9         -76.363870751134           0.000046101348                 -- 
   10         -76.407311927025           0.000036690783                 -- 
   11         -76.388578878967           0.000013208567                 -- 
   12         -76.399273581595           0.000009165500                 -- 
   13         -76.399185080900           0.000003956570                 -- 
   14         -76.402280805125           0.000003309573                 -- 
   15         -76.402342290214           0.000001321058                 -- 
   16         -76.403522186739           0.000001204213                 -- 
   17         -76.403590550404           0.000000471994                 -- 
   18         -76.404040724811           0.000000448403                 -- 
   19         -76.404082890809           0.000000177345                 -- 
 
 ... end SCF calculation
 
  EIGENVALUES AND EIGENVECTORS: 
 ==============================
 
 
  Eigenvalues for: E-ALPHA
 -----------------
 
    1         -25.953910459265
    2         -25.953830321408
    3          -1.345462489331
    4          -1.152362329666
    5          -0.499486535593
    6          -0.371704834871
    7          -0.371704502951
    8          -0.255598831519
    9          -0.255598443054
   10          -0.171172367284
   11           0.324709641513
   12           0.367202977703
   13           0.401192106760
   14           0.401192120089
   15           0.438076960604
   16           0.438076967183
   17           0.470513452526
   18           0.628888570164
   19           1.090874577784
   20           1.096115290162
   21           1.096115290188
   22           1.191785556407
   23           1.209690203378
   24           1.209690275845
   25           1.214235749506
   26           1.234964232859
   27           1.234964279420
   28           1.264346828409
   29           1.264346875474
   30           1.320403129029
   31           1.320403129034
   32           1.399822759175
   33           1.662956142126
   34           1.662956171331
   35           1.741253184708
   36           2.046173734086
   37           2.806178657696
   38           2.806178710640
   39           2.934856620630
   40           2.958165882481
   41           2.988249436837
   42           2.988249436859
   43           3.084755935240
   44           3.088879248800
   45           3.088879322311
   46           3.109272446475
   47           3.109272526158
   48           3.143923900782
   49           3.143923900782
   50           3.178235615235
   51           3.197361539624
   52           3.197361539633
   53           3.254586493083
   54           3.254586493136
   55           3.375511442296
   56           3.375511442296
   57           3.446193721910
   58           3.446193764675
   59           3.578730464556
   60           3.702250455849
   61           3.702250461458
   62           3.836355244122
   63           3.836355244140
   64           4.113689270568
   65           4.305687975183
   66           4.607392500864
   67           4.607392510164
   68           5.356803806134
   69           5.524814489017
   70           6.610400974536
   71           7.706493453659
   72           7.706493582750
   73           7.791471949516
   74           7.791472076817
   75           7.871683816771
   76           8.170657795851
   77           9.124113427645
   78           9.124113427645
   79           9.144861653406
   80           9.144861653596
   81           9.226630391854
   82           9.226630391854
   83           9.363420877771
   84           9.363420878034
   85           9.427428241334
   86           9.467942030987
   87           9.467942084204
   88           9.523744208147
   89           9.523744253230
   90           9.549642098847
   91           9.549642195863
   92           9.601710429411
   93           9.601710430205
   94           9.695939844132
   95           9.695939845291
   96           9.834985256989
   97          10.052885521633
   98          10.052885619437
   99          10.188160422265
  100          11.291899019882
  101          15.082219292350
  102          16.462670766119
  103          17.828779566771
  104          17.828779588812
  105          18.506834726576
  106          18.506834750357
  107          18.571035752418
  108          20.287736035126
  109          23.788694139662
  110          24.132147455675
 
 
  Eigenvalues for: E-BETA
 -----------------
 
    1         -25.917039240277
    2         -25.916868547348
    3          -1.233791604336
    4          -1.040849860743
    5          -0.335987801967
    6          -0.335987374607
    7          -0.229386574877
    8          -0.213687933201
    9          -0.213687430481
   10           0.307492416078
   11           0.372159092786
   12           0.403617397818
   13           0.403617439756
   14           0.440396166405
   15           0.440396194981
   16           0.473465867779
   17           0.537126007866
   18           0.655703571247
   19           1.091718881442
   20           1.091718881468
   21           1.100705648817
   22           1.220148876156
   23           1.220149008052
   24           1.235387075498
   25           1.235387132117
   26           1.246724191757
   27           1.249108326230
   28           1.276503837657
   29           1.276503924539
   30           1.317168454109
   31           1.317168454113
   32           1.408979768650
   33           1.666926554754
   34           1.666926571283
   35           1.767910165669
   36           2.056335039139
   37           2.815981486679
   38           2.815981556281
   39           2.990094592938
   40           2.992309650723
   41           2.992309650747
   42           3.017054033058
   43           3.112242277846
   44           3.112242372060
   45           3.132867218786
   46           3.132867326751
   47           3.138669250483
   48           3.141724379368
   49           3.141724379368
   50           3.201391791748
   51           3.201391791757
   52           3.233811728345
   53           3.262812258336
   54           3.262812258384
   55           3.373772914599
   56           3.373772914599
   57           3.479793887090
   58           3.479793933851
   59           3.616956310556
   60           3.719187139877
   61           3.719187141665
   62           3.842149233945
   63           3.842149233963
   64           4.144961547912
   65           4.322615477036
   66           4.627112002027
   67           4.627112014194
   68           5.365128853426
   69           5.561929704991
   70           6.642116948382
   71           7.722621222520
   72           7.722621358517
   73           7.808477983212
   74           7.808478116867
   75           7.944606612222
   76           8.238229646455
   77           9.131961971038
   78           9.131961971038
   79           9.172247618492
   80           9.172247618704
   81           9.234634654349
   82           9.234634654349
   83           9.390026670198
   84           9.390026670470
   85           9.474011048884
   86           9.509985687284
   87           9.509985717859
   88           9.557730185659
   89           9.557730215554
   90           9.612685026836
   91           9.612685121145
   92           9.620519411373
   93           9.620519412105
   94           9.715606480795
   95           9.715606481930
   96           9.877412179405
   97          10.120312829979
   98          10.120312916454
   99          10.261713356522
  100          11.363333269811
  101          15.099705907902
  102          16.471326830826
  103          17.833562815434
  104          17.833562827395
  105          18.512151382169
  106          18.512151395275
  107          18.587431742329
  108          20.306950294200
  109          23.813536431230
  110          24.158492174679
 
  end of eigenvalues 
 
  Occupied Eigenvectors for: E-ALPHA
 --------------------------- 
 
                         -25.9539       -25.9538        -1.3455        -1.1524        -0.4995   
 
    1      F     S       0.686843       0.686373      -0.005318      -0.004040      -0.001149
    2      F     S      -0.006460      -0.007398       0.384071       0.416645       0.071667
    3      F     S       0.035971       0.035406       0.110376       0.120009       0.020488
    4      F     S      -0.014344      -0.012102       0.245573       0.309369       0.089643
    5      F     S      -0.004532      -0.000760       0.013221       0.044009       0.036065
    6      F    Px      -0.000000       0.000000      -0.000000      -0.000000      -0.000000
    7      F    Py       0.000000       0.000000      -0.000000      -0.000000       0.000000
    8      F    Pz      -0.000051      -0.000035       0.043292      -0.012515      -0.269908
    9      F    Px       0.000000      -0.000000       0.000000       0.000000       0.000000
   10      F    Py      -0.000000      -0.000000       0.000000       0.000000      -0.000000
   11      F    Pz       0.000844       0.001022       0.049667      -0.008717      -0.302153
   12      F    Px       0.000000      -0.000000      -0.000000       0.000000      -0.000000
   13      F    Py      -0.000000      -0.000000       0.000000      -0.000000      -0.000000
   14      F    Pz       0.001480       0.000182       0.009364      -0.003299      -0.179968
   15      F    Px      -0.000000      -0.000000       0.000000       0.000000       0.000000
   16      F    Py       0.000000       0.000000       0.000000       0.000000       0.000000
   17      F    Pz      -0.001009      -0.000059      -0.001443       0.005093      -0.025113
   18      F   Dxx       0.001753       0.001791      -0.001188       0.000040       0.001654
   19      F   Dxy      -0.000000      -0.000000      -0.000000      -0.000000      -0.000000
   20      F   Dxz      -0.000000       0.000000      -0.000000       0.000000       0.000000
   21      F   Dyy       0.001753       0.001791      -0.001188       0.000040       0.001654
   22      F   Dyz      -0.000000      -0.000000       0.000000      -0.000000       0.000000
   23      F   Dzz       0.002247       0.002220       0.004976       0.002599      -0.002346
   24      F   Dxx       0.006532       0.005814      -0.007260      -0.005520       0.003341
   25      F   Dxy       0.000000       0.000000      -0.000000      -0.000000      -0.000000
   26      F   Dxz       0.000000       0.000000       0.000000      -0.000000      -0.000000
   27      F   Dyy       0.006532       0.005814      -0.007260      -0.005520       0.003341
   28      F   Dyz      -0.000000      -0.000000      -0.000000       0.000000       0.000000
   29      F   Dzz       0.006180       0.005658       0.006464      -0.003832      -0.007460
   30      F   Dxx       0.003215       0.001953      -0.005459      -0.008279       0.001769
   31      F   Dxy      -0.000000      -0.000000       0.000000       0.000000       0.000000
   32      F   Dxz       0.000000      -0.000000       0.000000       0.000000       0.000000
   33      F   Dyy       0.003215       0.001953      -0.005459      -0.008279       0.001769
   34      F   Dyz      -0.000000       0.000000       0.000000      -0.000000       0.000000
   35      F   Dzz       0.003560       0.002116      -0.007814      -0.006188       0.009966
   36      F  Fxxx      -0.000000       0.000000      -0.000000      -0.000000      -0.000000
   37      F  Fxxy       0.000000       0.000000      -0.000000      -0.000000      -0.000000
   38      F  Fxxz      -0.000190      -0.000180       0.000128      -0.000387      -0.002853
   39      F  Fxyy      -0.000000       0.000000      -0.000000      -0.000000      -0.000000
   40      F  Fxyz      -0.000000      -0.000000      -0.000000      -0.000000       0.000000
   41      F  Fxzz      -0.000000       0.000000      -0.000000      -0.000000      -0.000000
   42      F  Fyyy       0.000000       0.000000      -0.000000      -0.000000       0.000000
   43      F  Fyyz      -0.000190      -0.000180       0.000128      -0.000387      -0.002853
   44      F  Fyzz       0.000000       0.000000      -0.000000      -0.000000       0.000000
   45      F  Fzzz      -0.000381      -0.000470       0.002513      -0.003022      -0.014393
   46      F  Fxxx      -0.000000       0.000000       0.000000      -0.000000      -0.000000
   47      F  Fxxy       0.000000       0.000000      -0.000000      -0.000000       0.000000
   48      F  Fxxz      -0.000247      -0.000124      -0.000137      -0.000655      -0.004490
   49      F  Fxyy      -0.000000       0.000000      -0.000000      -0.000000      -0.000000
   50      F  Fxyz      -0.000000      -0.000000      -0.000000      -0.000000      -0.000000
   51      F  Fxzz      -0.000000       0.000000       0.000000      -0.000000      -0.000000
   52      F  Fyyy       0.000000       0.000000      -0.000000      -0.000000       0.000000
   53      F  Fyyz      -0.000247      -0.000124      -0.000137      -0.000655      -0.004490
   54      F  Fyzz       0.000000       0.000000      -0.000000      -0.000000       0.000000
   55      F  Fzzz      -0.000712      -0.000338       0.000883      -0.004787      -0.014224
   56      F     S      -0.686843       0.686373      -0.005318       0.004040      -0.001149
   57      F     S       0.006460      -0.007398       0.384071      -0.416645       0.071667
   58      F     S      -0.035971       0.035406       0.110376      -0.120009       0.020488
   59      F     S       0.014344      -0.012102       0.245573      -0.309369       0.089643
   60      F     S       0.004532      -0.000760       0.013221      -0.044009       0.036065
   61      F    Px       0.000000       0.000000      -0.000000      -0.000000      -0.000000
   62      F    Py       0.000000      -0.000000       0.000000      -0.000000       0.000000
   63      F    Pz      -0.000051       0.000035      -0.043292      -0.012515       0.269908
   64      F    Px      -0.000000      -0.000000       0.000000       0.000000      -0.000000
   65      F    Py      -0.000000       0.000000      -0.000000       0.000000       0.000000
   66      F    Pz       0.000844      -0.001022      -0.049667      -0.008717       0.302153
   67      F    Px      -0.000000      -0.000000      -0.000000      -0.000000      -0.000000
   68      F    Py      -0.000000       0.000000      -0.000000       0.000000       0.000000
   69      F    Pz       0.001480      -0.000182      -0.009364      -0.003299       0.179968
   70      F    Px       0.000000       0.000000      -0.000000       0.000000      -0.000000
   71      F    Py       0.000000      -0.000000      -0.000000      -0.000000       0.000000
   72      F    Pz      -0.001009       0.000059       0.001443       0.005093       0.025113
   73      F   Dxx      -0.001753       0.001791      -0.001188      -0.000040       0.001654
   74      F   Dxy       0.000000      -0.000000      -0.000000       0.000000      -0.000000
   75      F   Dxz       0.000000       0.000000      -0.000000       0.000000       0.000000
   76      F   Dyy      -0.001753       0.001791      -0.001188      -0.000040       0.001654
   77      F   Dyz      -0.000000      -0.000000       0.000000      -0.000000       0.000000
   78      F   Dzz      -0.002247       0.002220       0.004976      -0.002599      -0.002346
   79      F   Dxx      -0.006532       0.005814      -0.007260       0.005520       0.003341
   80      F   Dxy      -0.000000       0.000000      -0.000000       0.000000      -0.000000
   81      F   Dxz      -0.000000       0.000000       0.000000       0.000000      -0.000000
   82      F   Dyy      -0.006532       0.005814      -0.007260       0.005520       0.003341
   83      F   Dyz      -0.000000       0.000000      -0.000000      -0.000000      -0.000000
   84      F   Dzz      -0.006180       0.005658       0.006464       0.003832      -0.007460
   85      F   Dxx      -0.003215       0.001953      -0.005459       0.008279       0.001769
   86      F   Dxy       0.000000      -0.000000       0.000000      -0.000000       0.000000
   87      F   Dxz       0.000000      -0.000000      -0.000000       0.000000       0.000000
   88      F   Dyy      -0.003215       0.001953      -0.005459       0.008279       0.001769
   89      F   Dyz      -0.000000       0.000000       0.000000      -0.000000       0.000000
   90      F   Dzz      -0.003560       0.002116      -0.007814       0.006188       0.009966
   91      F  Fxxx       0.000000       0.000000      -0.000000      -0.000000      -0.000000
   92      F  Fxxy       0.000000      -0.000000       0.000000      -0.000000       0.000000
   93      F  Fxxz      -0.000190       0.000180      -0.000128      -0.000387       0.002853
   94      F  Fxyy       0.000000       0.000000      -0.000000      -0.000000      -0.000000
   95      F  Fxyz      -0.000000       0.000000       0.000000      -0.000000      -0.000000
   96      F  Fxzz       0.000000       0.000000      -0.000000      -0.000000       0.000000
   97      F  Fyyy       0.000000      -0.000000       0.000000      -0.000000      -0.000000
   98      F  Fyyz      -0.000190       0.000180      -0.000128      -0.000387       0.002853
   99      F  Fyzz       0.000000      -0.000000       0.000000      -0.000000       0.000000
  100      F  Fzzz      -0.000381       0.000470      -0.002513      -0.003022       0.014393
  101      F  Fxxx       0.000000       0.000000      -0.000000      -0.000000       0.000000
  102      F  Fxxy       0.000000      -0.000000       0.000000      -0.000000      -0.000000
  103      F  Fxxz      -0.000247       0.000124       0.000137      -0.000655       0.004490
  104      F  Fxyy       0.000000       0.000000      -0.000000      -0.000000       0.000000
  105      F  Fxyz      -0.000000       0.000000       0.000000      -0.000000       0.000000
  106      F  Fxzz       0.000000       0.000000      -0.000000      -0.000000      -0.000000
  107      F  Fyyy       0.000000      -0.000000       0.000000      -0.000000       0.000000
  108      F  Fyyz      -0.000247       0.000124       0.000137      -0.000655       0.004490
  109      F  Fyzz       0.000000      -0.000000       0.000000      -0.000000      -0.000000
  110      F  Fzzz      -0.000712       0.000338      -0.000883      -0.004787       0.014224
 
                          -0.3717        -0.3717        -0.2556        -0.2556        -0.1712   
 
    1      F     S      -0.000000       0.000000      -0.000000      -0.000000      -0.004960
    2      F     S      -0.000000       0.000000      -0.000000      -0.000000      -0.105246
    3      F     S      -0.000000       0.000000      -0.000000      -0.000000      -0.034323
    4      F     S       0.000000      -0.000000       0.000000       0.000000      -0.155225
    5      F     S       0.000000      -0.000000       0.000000      -0.000000      -0.143955
    6      F    Px      -0.258846       0.054365       0.280253      -0.058861      -0.000000
    7      F    Py       0.054365       0.258846      -0.058861      -0.280253       0.000000
    8      F    Pz      -0.000000       0.000000      -0.000000      -0.000000      -0.307957
    9      F    Px      -0.289130       0.060725       0.315243      -0.066210       0.000000
   10      F    Py       0.060725       0.289130      -0.066210      -0.315243       0.000000
   11      F    Pz      -0.000000       0.000000      -0.000000       0.000000      -0.359180
   12      F    Px      -0.207281       0.043535       0.252824      -0.053100      -0.000000
   13      F    Py       0.043535       0.207281      -0.053100      -0.252824       0.000000
   14      F    Pz       0.000000      -0.000000      -0.000000      -0.000000      -0.327054
   15      F    Px      -0.034381       0.007221       0.074857      -0.015722      -0.000000
   16      F    Py       0.007221       0.034381      -0.015722      -0.074857       0.000000
   17      F    Pz       0.000000      -0.000000       0.000000       0.000000      -0.124261
   18      F   Dxx      -0.000000       0.000000       0.000000      -0.000000      -0.000694
   19      F   Dxy       0.000000       0.000000      -0.000000      -0.000000       0.000000
   20      F   Dxz      -0.002447       0.000514       0.000344      -0.000072       0.000000
   21      F   Dyy      -0.000000       0.000000      -0.000000       0.000000      -0.000694
   22      F   Dyz       0.000514       0.002447      -0.000072      -0.000344       0.000000
   23      F   Dzz      -0.000000       0.000000       0.000000       0.000000       0.001673
   24      F   Dxx      -0.000000       0.000000      -0.000000      -0.000000      -0.002163
   25      F   Dxy      -0.000000      -0.000000       0.000000       0.000000       0.000000
   26      F   Dxz      -0.008079       0.001697      -0.001210       0.000254      -0.000000
   27      F   Dyy      -0.000000       0.000000      -0.000000      -0.000000      -0.002163
   28      F   Dyz       0.001697       0.008079       0.000254       0.001210      -0.000000
   29      F   Dzz      -0.000000       0.000000      -0.000000      -0.000000       0.012685
   30      F   Dxx      -0.000000       0.000000      -0.000000      -0.000000       0.001657
   31      F   Dxy       0.000000      -0.000000      -0.000000       0.000000       0.000000
   32      F   Dxz       0.002552      -0.000536      -0.002756       0.000579       0.000000
   33      F   Dyy      -0.000000       0.000000      -0.000000      -0.000000       0.001657
   34      F   Dyz      -0.000536      -0.002552       0.000579       0.002756       0.000000
   35      F   Dzz       0.000000       0.000000      -0.000000      -0.000000       0.005328
   36      F  Fxxx      -0.009005       0.001891       0.009608      -0.002018      -0.000000
   37      F  Fxxy       0.000846       0.004027      -0.000903      -0.004297      -0.000000
   38      F  Fxxz       0.000000       0.000000      -0.000000      -0.000000      -0.002208
   39      F  Fxyy      -0.004027       0.000846       0.004297      -0.000902      -0.000000
   40      F  Fxyz      -0.000000      -0.000000      -0.000000      -0.000000       0.000000
   41      F  Fxzz      -0.007233       0.001519       0.006001      -0.001260      -0.000000
   42      F  Fyyy       0.001891       0.009005      -0.002018      -0.009608      -0.000000
   43      F  Fyyz       0.000000       0.000000      -0.000000      -0.000000      -0.002208
   44      F  Fyzz       0.001519       0.007233      -0.001260      -0.006001      -0.000000
   45      F  Fzzz      -0.000000       0.000000      -0.000000      -0.000000      -0.007812
   46      F  Fxxx      -0.010563       0.002219       0.010962      -0.002302      -0.000000
   47      F  Fxxy       0.000992       0.004724      -0.001030      -0.004902      -0.000000
   48      F  Fxxz      -0.000000       0.000000      -0.000000      -0.000000      -0.002076
   49      F  Fxyy      -0.004724       0.000992       0.004902      -0.001030      -0.000000
   50      F  Fxyz      -0.000000       0.000000       0.000000       0.000000      -0.000000
   51      F  Fxzz      -0.008479       0.001781       0.005224      -0.001097      -0.000000
   52      F  Fyyy       0.002219       0.010563      -0.002302      -0.010962      -0.000000
   53      F  Fyyz      -0.000000       0.000000      -0.000000      -0.000000      -0.002076
   54      F  Fyzz       0.001781       0.008479      -0.001097      -0.005224      -0.000000
   55      F  Fzzz      -0.000000      -0.000000      -0.000000      -0.000000      -0.004704
   56      F     S      -0.000000       0.000000       0.000000      -0.000000       0.004960
   57      F     S      -0.000000      -0.000000       0.000000      -0.000000       0.105246
   58      F     S      -0.000000       0.000000       0.000000      -0.000000       0.034323
   59      F     S      -0.000000      -0.000000       0.000000       0.000000       0.155225
   60      F     S      -0.000000      -0.000000      -0.000000       0.000000       0.143955
   61      F    Px      -0.258846       0.054365      -0.280253       0.058861       0.000000
   62      F    Py       0.054365       0.258846       0.058861       0.280253      -0.000000
   63      F    Pz      -0.000000       0.000000      -0.000000      -0.000000      -0.307957
   64      F    Px      -0.289130       0.060725      -0.315243       0.066210       0.000000
   65      F    Py       0.060725       0.289130       0.066210       0.315243      -0.000000
   66      F    Pz      -0.000000      -0.000000      -0.000000      -0.000000      -0.359180
   67      F    Px      -0.207281       0.043535      -0.252824       0.053100       0.000000
   68      F    Py       0.043535       0.207281       0.053100       0.252824      -0.000000
   69      F    Pz       0.000000      -0.000000      -0.000000      -0.000000      -0.327054
   70      F    Px      -0.034381       0.007221      -0.074857       0.015722       0.000000
   71      F    Py       0.007221       0.034381       0.015722       0.074857      -0.000000
   72      F    Pz       0.000000       0.000000       0.000000      -0.000000      -0.124261
   73      F   Dxx      -0.000000       0.000000       0.000000      -0.000000       0.000694
   74      F   Dxy      -0.000000       0.000000      -0.000000       0.000000      -0.000000
   75      F   Dxz       0.002447      -0.000514       0.000344      -0.000072       0.000000
   76      F   Dyy      -0.000000       0.000000       0.000000      -0.000000       0.000694
   77      F   Dyz      -0.000514      -0.002447      -0.000072      -0.000344       0.000000
   78      F   Dzz      -0.000000       0.000000      -0.000000      -0.000000      -0.001673
   79      F   Dxx      -0.000000       0.000000       0.000000      -0.000000       0.002163
   80      F   Dxy       0.000000      -0.000000       0.000000       0.000000      -0.000000
   81      F   Dxz       0.008079      -0.001697      -0.001210       0.000254      -0.000000
   82      F   Dyy      -0.000000       0.000000       0.000000      -0.000000       0.002163
   83      F   Dyz      -0.001697      -0.008079       0.000254       0.001210      -0.000000
   84      F   Dzz      -0.000000       0.000000       0.000000      -0.000000      -0.012685
   85      F   Dxx       0.000000       0.000000       0.000000      -0.000000      -0.001657
   86      F   Dxy       0.000000      -0.000000      -0.000000       0.000000      -0.000000
   87      F   Dxz      -0.002552       0.000536      -0.002756       0.000579       0.000000
   88      F   Dyy       0.000000       0.000000       0.000000      -0.000000      -0.001657
   89      F   Dyz       0.000536       0.002552       0.000579       0.002756       0.000000
   90      F   Dzz      -0.000000       0.000000       0.000000      -0.000000      -0.005328
   91      F  Fxxx      -0.009005       0.001891      -0.009608       0.002018      -0.000000
   92      F  Fxxy       0.000846       0.004027       0.000903       0.004297       0.000000
   93      F  Fxxz      -0.000000       0.000000       0.000000      -0.000000      -0.002208
   94      F  Fxyy      -0.004027       0.000846      -0.004297       0.000902      -0.000000
   95      F  Fxyz      -0.000000      -0.000000       0.000000      -0.000000       0.000000
   96      F  Fxzz      -0.007233       0.001519      -0.006001       0.001260      -0.000000
   97      F  Fyyy       0.001891       0.009005       0.002018       0.009608       0.000000
   98      F  Fyyz      -0.000000       0.000000      -0.000000      -0.000000      -0.002208
   99      F  Fyzz       0.001519       0.007233       0.001260       0.006001       0.000000
  100      F  Fzzz      -0.000000       0.000000      -0.000000      -0.000000      -0.007812
  101      F  Fxxx      -0.010563       0.002219      -0.010962       0.002302      -0.000000
  102      F  Fxxy       0.000992       0.004724       0.001030       0.004902       0.000000
  103      F  Fxxz      -0.000000       0.000000      -0.000000       0.000000      -0.002076
  104      F  Fxyy      -0.004724       0.000992      -0.004902       0.001030      -0.000000
  105      F  Fxyz      -0.000000       0.000000      -0.000000       0.000000      -0.000000
  106      F  Fxzz      -0.008479       0.001781      -0.005224       0.001097      -0.000000
  107      F  Fyyy       0.002219       0.010563       0.002302       0.010962       0.000000
  108      F  Fyyz      -0.000000       0.000000       0.000000      -0.000000      -0.002076
  109      F  Fyzz       0.001781       0.008479       0.001097       0.005224       0.000000
  110      F  Fzzz      -0.000000       0.000000      -0.000000      -0.000000      -0.004704
 
 
  Occupied Eigenvectors for: E-BETA
 --------------------------- 
 
                         -25.9170       -25.9169        -1.2338        -1.0408        -0.3360   
 
    1      F     S      -0.686777      -0.686997      -0.007429       0.004586      -0.000000
    2      F     S       0.007912       0.007516       0.371745      -0.399596      -0.000000
    3      F     S      -0.034191      -0.034551       0.105464      -0.112550      -0.000000
    4      F     S       0.011670       0.013374       0.254296      -0.296248       0.000000
    5      F     S       0.000767       0.004077       0.014896      -0.046200       0.000000
    6      F    Px      -0.000000       0.000000      -0.000000       0.000000      -0.052855
    7      F    Py      -0.000000      -0.000000       0.000000      -0.000000      -0.251657
    8      F    Pz      -0.000455      -0.000430       0.014897       0.039242       0.000000
    9      F    Px       0.000000      -0.000000       0.000000      -0.000000      -0.058552
   10      F    Py       0.000000       0.000000      -0.000000       0.000000      -0.278781
   11      F    Pz       0.001278       0.001642       0.019146       0.041874       0.000000
   12      F    Px       0.000000      -0.000000       0.000000      -0.000000      -0.045141
   13      F    Py       0.000000       0.000000      -0.000000       0.000000      -0.214927
   14      F    Pz       0.000366       0.000370       0.003249       0.036710       0.000000
   15      F    Px       0.000000       0.000000       0.000000      -0.000000      -0.009011
   16      F    Py      -0.000000      -0.000000       0.000000      -0.000000      -0.042903
   17      F    Pz      -0.000025       0.000853       0.000543      -0.004067      -0.000000
   18      F   Dxx      -0.002298      -0.002309       0.001613      -0.002405      -0.000000
   19      F   Dxy      -0.000000      -0.000000       0.000000      -0.000000       0.000000
   20      F   Dxz      -0.000000       0.000000       0.000000      -0.000000      -0.000025
   21      F   Dyy      -0.002298      -0.002309       0.001613      -0.002405      -0.000000
   22      F   Dyz       0.000000       0.000000      -0.000000      -0.000000      -0.000119
   23      F   Dzz      -0.001731      -0.001732      -0.000723       0.003252      -0.000000
   24      F   Dxx      -0.005773      -0.006215      -0.000964      -0.000846      -0.000000
   25      F   Dxy       0.000000       0.000000       0.000000      -0.000000       0.000000
   26      F   Dxz      -0.000000      -0.000000      -0.000000       0.000000      -0.001158
   27      F   Dyy      -0.005773      -0.006215      -0.000964      -0.000846      -0.000000
   28      F   Dyz       0.000000       0.000000      -0.000000       0.000000      -0.005515
   29      F   Dzz      -0.005720      -0.006307       0.004219       0.014415      -0.000000
   30      F   Dxx      -0.001925      -0.002731      -0.001658       0.003795      -0.000000
   31      F   Dxy      -0.000000      -0.000000      -0.000000       0.000000      -0.000000
   32      F   Dxz       0.000000      -0.000000       0.000000      -0.000000       0.000386
   33      F   Dyy      -0.001925      -0.002731      -0.001658       0.003795      -0.000000
   34      F   Dyz      -0.000000       0.000000       0.000000       0.000000       0.001839
   35      F   Dzz      -0.001909      -0.002598      -0.004275       0.018332      -0.000000
   36      F  Fxxx      -0.000000       0.000000      -0.000000       0.000000      -0.002256
   37      F  Fxxy      -0.000000      -0.000000       0.000000      -0.000000      -0.004805
   38      F  Fxxz      -0.000220      -0.000258      -0.000069       0.000750      -0.000000
   39      F  Fxyy      -0.000000       0.000000      -0.000000       0.000000      -0.001009
   40      F  Fxyz      -0.000000      -0.000000       0.000000       0.000000      -0.000000
   41      F  Fxzz      -0.000000       0.000000      -0.000000       0.000000      -0.001125
   42      F  Fyyy      -0.000000      -0.000000       0.000000      -0.000000      -0.010743
   43      F  Fyyz      -0.000220      -0.000258      -0.000069       0.000750      -0.000000
   44      F  Fyzz      -0.000000      -0.000000       0.000000      -0.000000      -0.005354
   45      F  Fzzz      -0.000483      -0.000668       0.003088       0.001459      -0.000000
   46      F  Fxxx      -0.000000       0.000000      -0.000000       0.000000      -0.002658
   47      F  Fxxy      -0.000000      -0.000000       0.000000      -0.000000      -0.005660
   48      F  Fxxz      -0.000221      -0.000233       0.000641      -0.000063      -0.000000
   49      F  Fxyy      -0.000000       0.000000      -0.000000       0.000000      -0.001189
   50      F  Fxyz      -0.000000      -0.000000       0.000000      -0.000000      -0.000000
   51      F  Fxzz      -0.000000       0.000000      -0.000000      -0.000000      -0.001865
   52      F  Fyyy      -0.000000      -0.000000       0.000000      -0.000000      -0.012657
   53      F  Fyyz      -0.000221      -0.000233       0.000641      -0.000063      -0.000000
   54      F  Fyzz      -0.000000      -0.000000       0.000000      -0.000000      -0.008881
   55      F  Fzzz      -0.000527      -0.000649       0.007784       0.003851      -0.000000
   56      F     S      -0.686777       0.686997      -0.007429      -0.004586       0.000000
   57      F     S       0.007912      -0.007516       0.371745       0.399596       0.000000
   58      F     S      -0.034191       0.034551       0.105464       0.112550      -0.000000
   59      F     S       0.011670      -0.013374       0.254296       0.296248       0.000000
   60      F     S       0.000767      -0.004077       0.014896       0.046200       0.000000
   61      F    Px      -0.000000      -0.000000      -0.000000       0.000000      -0.052855
   62      F    Py       0.000000      -0.000000      -0.000000      -0.000000      -0.251657
   63      F    Pz       0.000455      -0.000430      -0.014897       0.039242      -0.000000
   64      F    Px       0.000000       0.000000       0.000000       0.000000      -0.058552
   65      F    Py      -0.000000       0.000000      -0.000000       0.000000      -0.278781
   66      F    Pz      -0.001278       0.001642      -0.019146       0.041874      -0.000000
   67      F    Px       0.000000       0.000000      -0.000000       0.000000      -0.045141
   68      F    Py      -0.000000       0.000000      -0.000000       0.000000      -0.214927
   69      F    Pz      -0.000366       0.000370      -0.003249       0.036710       0.000000
   70      F    Px      -0.000000      -0.000000       0.000000      -0.000000      -0.009011
   71      F    Py       0.000000      -0.000000      -0.000000      -0.000000      -0.042903
   72      F    Pz       0.000025       0.000853      -0.000543      -0.004067      -0.000000
   73      F   Dxx      -0.002298       0.002309       0.001613       0.002405      -0.000000
   74      F   Dxy      -0.000000       0.000000       0.000000       0.000000       0.000000
   75      F   Dxz      -0.000000      -0.000000      -0.000000      -0.000000       0.000025
   76      F   Dyy      -0.002298       0.002309       0.001613       0.002405      -0.000000
   77      F   Dyz       0.000000       0.000000       0.000000      -0.000000       0.000119
   78      F   Dzz      -0.001731       0.001732      -0.000723      -0.003252      -0.000000
   79      F   Dxx      -0.005773       0.006215      -0.000964       0.000846      -0.000000
   80      F   Dxy       0.000000      -0.000000       0.000000       0.000000      -0.000000
   81      F   Dxz      -0.000000       0.000000      -0.000000      -0.000000       0.001158
   82      F   Dyy      -0.005773       0.006215      -0.000964       0.000846      -0.000000
   83      F   Dyz      -0.000000       0.000000       0.000000       0.000000       0.005515
   84      F   Dzz      -0.005720       0.006307       0.004219      -0.014415      -0.000000
   85      F   Dxx      -0.001925       0.002731      -0.001658      -0.003795      -0.000000
   86      F   Dxy      -0.000000       0.000000      -0.000000      -0.000000       0.000000
   87      F   Dxz       0.000000      -0.000000      -0.000000      -0.000000      -0.000386
   88      F   Dyy      -0.001925       0.002731      -0.001658      -0.003795      -0.000000
   89      F   Dyz      -0.000000       0.000000       0.000000       0.000000      -0.001839
   90      F   Dzz      -0.001909       0.002598      -0.004275      -0.018332      -0.000000
   91      F  Fxxx      -0.000000      -0.000000      -0.000000      -0.000000      -0.002256
   92      F  Fxxy       0.000000      -0.000000       0.000000      -0.000000      -0.004805
   93      F  Fxxz       0.000220      -0.000258       0.000069       0.000750       0.000000
   94      F  Fxyy      -0.000000      -0.000000      -0.000000       0.000000      -0.001009
   95      F  Fxyz       0.000000      -0.000000      -0.000000       0.000000       0.000000
   96      F  Fxzz      -0.000000      -0.000000      -0.000000      -0.000000      -0.001125
   97      F  Fyyy       0.000000      -0.000000       0.000000      -0.000000      -0.010743
   98      F  Fyyz       0.000220      -0.000258       0.000069       0.000750       0.000000
   99      F  Fyzz       0.000000      -0.000000       0.000000      -0.000000      -0.005354
  100      F  Fzzz       0.000483      -0.000668      -0.003088       0.001459      -0.000000
  101      F  Fxxx      -0.000000      -0.000000      -0.000000       0.000000      -0.002658
  102      F  Fxxy       0.000000      -0.000000       0.000000      -0.000000      -0.005660
  103      F  Fxxz       0.000221      -0.000233      -0.000641      -0.000063      -0.000000
  104      F  Fxyy      -0.000000      -0.000000      -0.000000      -0.000000      -0.001189
  105      F  Fxyz       0.000000      -0.000000      -0.000000      -0.000000      -0.000000
  106      F  Fxzz      -0.000000      -0.000000       0.000000       0.000000      -0.001865
  107      F  Fyyy       0.000000      -0.000000      -0.000000      -0.000000      -0.012657
  108      F  Fyyz       0.000221      -0.000233      -0.000641      -0.000063      -0.000000
  109      F  Fyzz       0.000000      -0.000000      -0.000000      -0.000000      -0.008881
  110      F  Fzzz       0.000527      -0.000649      -0.007784       0.003851      -0.000000
 
                          -0.3360        -0.2294        -0.2137        -0.2137   
 
    1      F     S       0.000000      -0.001937      -0.000000       0.000000
    2      F     S      -0.000000      -0.064811      -0.000000       0.000000
    3      F     S       0.000000      -0.018245      -0.000000       0.000000
    4      F     S      -0.000000      -0.097951      -0.000000      -0.000000
    5      F     S      -0.000000      -0.066853       0.000000       0.000000
    6      F    Px       0.251657      -0.000000      -0.057496      -0.273753
    7      F    Py      -0.052855       0.000000      -0.273753       0.057496
    8      F    Pz       0.000000       0.237308       0.000000      -0.000000
    9      F    Px       0.278781      -0.000000      -0.064108      -0.305234
   10      F    Py      -0.058552       0.000000      -0.305234       0.064108
   11      F    Pz      -0.000000       0.270758       0.000000      -0.000000
   12      F    Px       0.214927      -0.000000      -0.055729      -0.265341
   13      F    Py      -0.045141       0.000000      -0.265340       0.055729
   14      F    Pz      -0.000000       0.222961      -0.000000       0.000000
   15      F    Px       0.042904      -0.000000      -0.020270      -0.096510
   16      F    Py      -0.009011       0.000000      -0.096510       0.020270
   17      F    Pz      -0.000000       0.067164       0.000000       0.000000
   18      F   Dxx       0.000000      -0.001331       0.000000       0.000000
   19      F   Dxy      -0.000000      -0.000000      -0.000000      -0.000000
   20      F   Dxz       0.000119      -0.000000       0.000427       0.002032
   21      F   Dyy       0.000000      -0.001331      -0.000000       0.000000
   22      F   Dyz      -0.000025       0.000000       0.002032      -0.000427
   23      F   Dzz       0.000000       0.003422       0.000000       0.000000
   24      F   Dxx       0.000000      -0.001688      -0.000000       0.000000
   25      F   Dxy      -0.000000      -0.000000      -0.000000      -0.000000
   26      F   Dxz       0.005515       0.000000       0.001122       0.005344
   27      F   Dyy       0.000000      -0.001688      -0.000000       0.000000
   28      F   Dyz      -0.001158      -0.000000       0.005344      -0.001122
   29      F   Dzz       0.000000       0.026081      -0.000000       0.000000
   30      F   Dxx       0.000000       0.003432      -0.000000       0.000000
   31      F   Dxy       0.000000       0.000000       0.000000       0.000000
   32      F   Dxz      -0.001839       0.000000       0.000563       0.002682
   33      F   Dyy       0.000000       0.003432      -0.000000       0.000000
   34      F   Dyz       0.000386       0.000000       0.002682      -0.000563
   35      F   Dzz      -0.000000       0.018100      -0.000000       0.000000
   36      F  Fxxx       0.010743      -0.000000      -0.002422      -0.011531
   37      F  Fxxy      -0.001009       0.000000      -0.005157       0.001083
   38      F  Fxxz       0.000000       0.004379      -0.000000       0.000000
   39      F  Fxyy       0.004805      -0.000000      -0.001083      -0.005157
   40      F  Fxyz       0.000000       0.000000      -0.000000       0.000000
   41      F  Fxzz       0.005354      -0.000000      -0.000881      -0.004195
   42      F  Fyyy      -0.002256       0.000000      -0.011531       0.002422
   43      F  Fyyz       0.000000       0.004379      -0.000000       0.000000
   44      F  Fyzz      -0.001125       0.000000      -0.004195       0.000881
   45      F  Fzzz       0.000000       0.012481      -0.000000       0.000000
   46      F  Fxxx       0.012657       0.000000      -0.002726      -0.012980
   47      F  Fxxy      -0.001189      -0.000000      -0.005805       0.001219
   48      F  Fxxz       0.000000       0.005301       0.000000       0.000000
   49      F  Fxyy       0.005660       0.000000      -0.001219      -0.005805
   50      F  Fxyz      -0.000000      -0.000000       0.000000      -0.000000
   51      F  Fxzz       0.008881       0.000000      -0.000836      -0.003981
   52      F  Fyyy      -0.002658       0.000000      -0.012980       0.002726
   53      F  Fyyz       0.000000       0.005301       0.000000      -0.000000
   54      F  Fyzz      -0.001865       0.000000      -0.003981       0.000836
   55      F  Fzzz       0.000000       0.019186      -0.000000       0.000000
   56      F     S       0.000000      -0.001937       0.000000      -0.000000
   57      F     S       0.000000      -0.064811       0.000000      -0.000000
   58      F     S       0.000000      -0.018245      -0.000000      -0.000000
   59      F     S       0.000000      -0.097951       0.000000      -0.000000
   60      F     S       0.000000      -0.066853      -0.000000      -0.000000
   61      F    Px       0.251657       0.000000       0.057496       0.273753
   62      F    Py      -0.052855       0.000000       0.273753      -0.057496
   63      F    Pz      -0.000000      -0.237308      -0.000000       0.000000
   64      F    Px       0.278781       0.000000       0.064108       0.305234
   65      F    Py      -0.058552       0.000000       0.305234      -0.064108
   66      F    Pz      -0.000000      -0.270758      -0.000000       0.000000
   67      F    Px       0.214927       0.000000       0.055729       0.265341
   68      F    Py      -0.045141       0.000000       0.265340      -0.055729
   69      F    Pz      -0.000000      -0.222961      -0.000000       0.000000
   70      F    Px       0.042904       0.000000       0.020270       0.096510
   71      F    Py      -0.009011       0.000000       0.096510      -0.020270
   72      F    Pz      -0.000000      -0.067164       0.000000       0.000000
   73      F   Dxx       0.000000      -0.001331      -0.000000      -0.000000
   74      F   Dxy      -0.000000      -0.000000      -0.000000      -0.000000
   75      F   Dxz      -0.000119       0.000000       0.000427       0.002032
   76      F   Dyy       0.000000      -0.001331      -0.000000      -0.000000
   77      F   Dyz       0.000025       0.000000       0.002032      -0.000427
   78      F   Dzz       0.000000       0.003422      -0.000000      -0.000000
   79      F   Dxx       0.000000      -0.001688      -0.000000       0.000000
   80      F   Dxy       0.000000      -0.000000       0.000000       0.000000
   81      F   Dxz      -0.005515      -0.000000       0.001122       0.005344
   82      F   Dyy       0.000000      -0.001688      -0.000000       0.000000
   83      F   Dyz       0.001158      -0.000000       0.005344      -0.001122
   84      F   Dzz       0.000000       0.026081      -0.000000      -0.000000
   85      F   Dxx       0.000000       0.003432      -0.000000      -0.000000
   86      F   Dxy      -0.000000       0.000000      -0.000000       0.000000
   87      F   Dxz       0.001839       0.000000       0.000563       0.002682
   88      F   Dyy       0.000000       0.003432      -0.000000      -0.000000
   89      F   Dyz      -0.000386       0.000000       0.002682      -0.000563
   90      F   Dzz       0.000000       0.018100       0.000000      -0.000000
   91      F  Fxxx       0.010743      -0.000000       0.002422       0.011531
   92      F  Fxxy      -0.001009      -0.000000       0.005157      -0.001083
   93      F  Fxxz       0.000000      -0.004379      -0.000000      -0.000000
   94      F  Fxyy       0.004805      -0.000000       0.001083       0.005157
   95      F  Fxyz      -0.000000      -0.000000      -0.000000      -0.000000
   96      F  Fxzz       0.005354       0.000000       0.000881       0.004195
   97      F  Fyyy      -0.002256      -0.000000       0.011531      -0.002422
   98      F  Fyyz       0.000000      -0.004379       0.000000      -0.000000
   99      F  Fyzz      -0.001125       0.000000       0.004195      -0.000881
  100      F  Fzzz       0.000000      -0.012481       0.000000      -0.000000
  101      F  Fxxx       0.012657      -0.000000       0.002726       0.012980
  102      F  Fxxy      -0.001189      -0.000000       0.005805      -0.001219
  103      F  Fxxz       0.000000      -0.005301       0.000000      -0.000000
  104      F  Fxyy       0.005660      -0.000000       0.001219       0.005805
  105      F  Fxyz       0.000000       0.000000       0.000000       0.000000
  106      F  Fxzz       0.008881      -0.000000       0.000836       0.003981
  107      F  Fyyy      -0.002658      -0.000000       0.012980      -0.002726
  108      F  Fyyz       0.000000      -0.005301       0.000000      -0.000000
  109      F  Fyzz      -0.001865      -0.000000       0.003981      -0.000836
  110      F  Fzzz       0.000000      -0.019186      -0.000000       0.000000
 
 
  end of eigenvectors 
 
  END OF EIGENVALUES AND EIGENVECTORS
 
 
  COMPONENTS OF KINETIC ENERGY: 
 -----------------------------
 
             E-ALPHA Kinetic energy =          102.415064279187
              E-BETA Kinetic energy =           96.950872432227
                                     _________________________
               Total kinetic energy =          199.365936711414
 
  COMPONENTS OF POTENTIAL ENERGY: 
 -------------------------------
 
          Fixed potential energy    =           28.575571458960
 
  Quantum/Fixed interaction energy: 
 ----------------------------------
 
     E-ALPHA/Fixed interact. energy =         -280.255454628718
      E-BETA/Fixed interact. energy =         -262.108768812780
                                     _________________________
               Total Q/Fixed energy =         -542.364223441497
 
  Coulomb energy: 
 ------------------
 
     E-ALPHA/E-ALPHA Hartree energy =           37.591249820208
       E-BETA/E-BETA Hartree energy =           30.615831876603
      E-ALPHA/E-BETA Hartree energy =           67.786855154799
                                     _________________________
               Total Hartree energy =          135.993936851610
 
  Exchange(HF) energy: 
 ----------------------
 
            E-ALPHA Exchange energy =          -10.729927797009
             E-BETA Exchange energy =           -9.649008644850
                                     _________________________
              Total Exchange energy =          -20.378936441859
 
  TOTAL ENERGY COMPONENTS: 
 ==========================
 
          TOTAL KINETIC ENERGY      =          199.365936711414
          TOTAL POTENTIAL ENERGY    =         -398.173651572787
                                     _________________________
                       TOTAL ENERGY =         -198.807714861372
 
                 VIRIAL RATIO (V/T) =            1.997200013908
 
 
  END ENERGY COMPONENTS
 
 
** TOTAL CPU Time SCF :     12.528 (s)
** TOTAL Elapsed Time SCF :      3.239 (s)
 
 We are calculating properties for E-ALPHA in the HF/KS ground state
 We are calculating properties for E-BETA in the HF/KS ground state
 
  POPULATION ANALYSES: 
 ====================
 
 MULLIKEN Population: for E-        
 ---------------------
 
                          total          spin      
 
    1      F     S       1.941445      -0.000502
    2      F     S       1.066377       0.032788
    3      F     S       0.268700       0.012187
    4      F     S       0.679475      -0.010687
    5      F     S       0.026888      -0.020384
    6      F    Px       0.559804       0.012457
    7      F    Py       0.559805       0.012456
    8      F    Pz       0.432894       0.196031
    9      F    Px       0.797903       0.015502
   10      F    Py       0.797903       0.015502
   11      F    Pz       0.631939       0.230276
   12      F    Px       0.504420      -0.015885
   13      F    Py       0.504420      -0.015885
   14      F    Pz       0.356339       0.046630
   15      F    Px       0.053676      -0.007786
   16      F    Py       0.053676      -0.007786
   17      F    Pz       0.041787       0.022719
   18      F   Dxx       0.002469      -0.002248
   19      F   Dxy       0.000000      -0.000000
   20      F   Dxz       0.000061       0.000001
   21      F   Dyy       0.002469      -0.002248
   22      F   Dyz       0.000061       0.000001
   23      F   Dzz       0.002183       0.005062
   24      F   Dxx      -0.004848      -0.005385
   25      F   Dxy       0.000000       0.000000
   26      F   Dxz       0.001608      -0.000159
   27      F   Dyy      -0.004848      -0.005385
   28      F   Dyz       0.001608      -0.000159
   29      F   Dzz       0.004353       0.005127
   30      F   Dxx      -0.004560      -0.001735
   31      F   Dxy       0.000000      -0.000000
   32      F   Dxz       0.000466      -0.000166
   33      F   Dyy      -0.004560      -0.001735
   34      F   Dyz       0.000466      -0.000166
   35      F   Dzz      -0.002659      -0.001778
   36      F  Fxxx       0.022883      -0.001977
   37      F  Fxxy       0.007628      -0.000659
   38      F  Fxxz       0.003971       0.000229
   39      F  Fxyy       0.007628      -0.000659
   40      F  Fxyz       0.000000       0.000000
   41      F  Fxzz       0.009559       0.001598
   42      F  Fyyy       0.022883      -0.001977
   43      F  Fyyz       0.003971       0.000229
   44      F  Fyzz       0.009559       0.001598
   45      F  Fzzz       0.020626       0.005191
   46      F  Fxxx       0.023408      -0.002231
   47      F  Fxxy       0.007803      -0.000744
   48      F  Fxxz       0.004610       0.000034
   49      F  Fxyy       0.007803      -0.000744
   50      F  Fxyz       0.000000      -0.000000
   51      F  Fxzz       0.010781       0.000048
   52      F  Fyyy       0.023408      -0.002231
   53      F  Fyyz       0.004610       0.000034
   54      F  Fyzz       0.010781       0.000048
   55      F  Fzzz       0.026370      -0.004450
   56      F     S       1.941445      -0.000502
   57      F     S       1.066377       0.032788
   58      F     S       0.268700       0.012187
   59      F     S       0.679475      -0.010687
   60      F     S       0.026888      -0.020384
   61      F    Px       0.559804       0.012457
   62      F    Py       0.559805       0.012456
   63      F    Pz       0.432894       0.196031
   64      F    Px       0.797903       0.015502
   65      F    Py       0.797903       0.015502
   66      F    Pz       0.631939       0.230276
   67      F    Px       0.504420      -0.015885
   68      F    Py       0.504420      -0.015885
   69      F    Pz       0.356339       0.046630
   70      F    Px       0.053676      -0.007786
   71      F    Py       0.053676      -0.007786
   72      F    Pz       0.041787       0.022719
   73      F   Dxx       0.002469      -0.002248
   74      F   Dxy       0.000000      -0.000000
   75      F   Dxz       0.000061       0.000001
   76      F   Dyy       0.002469      -0.002248
   77      F   Dyz       0.000061       0.000001
   78      F   Dzz       0.002183       0.005062
   79      F   Dxx      -0.004848      -0.005385
   80      F   Dxy       0.000000       0.000000
   81      F   Dxz       0.001608      -0.000159
   82      F   Dyy      -0.004848      -0.005385
   83      F   Dyz       0.001608      -0.000159
   84      F   Dzz       0.004353       0.005127
   85      F   Dxx      -0.004560      -0.001735
   86      F   Dxy       0.000000      -0.000000
   87      F   Dxz       0.000466      -0.000166
   88      F   Dyy      -0.004560      -0.001735
   89      F   Dyz       0.000466      -0.000166
   90      F   Dzz      -0.002659      -0.001778
   91      F  Fxxx       0.022883      -0.001977
   92      F  Fxxy       0.007628      -0.000659
   93      F  Fxxz       0.003971       0.000229
   94      F  Fxyy       0.007628      -0.000659
   95      F  Fxyz       0.000000       0.000000
   96      F  Fxzz       0.009559       0.001598
   97      F  Fyyy       0.022883      -0.001977
   98      F  Fyyz       0.003971       0.000229
   99      F  Fyzz       0.009559       0.001598
  100      F  Fzzz       0.020626       0.005191
  101      F  Fxxx       0.023408      -0.002231
  102      F  Fxxy       0.007803      -0.000744
  103      F  Fxxz       0.004610       0.000034
  104      F  Fxyy       0.007803      -0.000744
  105      F  Fxyz       0.000000      -0.000000
  106      F  Fxzz       0.010781       0.000048
  107      F  Fyyy       0.023408      -0.002231
  108      F  Fyyz       0.004610       0.000034
  109      F  Fyzz       0.010781       0.000048
  110      F  Fzzz       0.026370      -0.004450
 
                           __________     __________
              Total =       19.000000       1.000000
 
  Atomic MULLIKEN Population: for E-        
            F                9.500000       0.500000
            F                9.500000       0.500000
 
 ...end of MULLIKEN Population
 
 
 END POPULATION ANALYSES 
 
 
  POPULATION ANALYSES: 
 ====================
 
 LOWDIN Population: for E-        
 ---------------------
 
                          total          spin      
 
    1      F     S       1.571948       0.000206
    2      F     S       0.602228       0.012089
    3      F     S       0.410272       0.008841
    4      F     S       0.264624      -0.002718
    5      F     S       0.075913      -0.001034
    6      F    Px       0.502440       0.012127
    7      F    Py       0.502440       0.012127
    8      F    Pz       0.389122       0.182777
    9      F    Px       0.374664       0.004657
   10      F    Py       0.374664       0.004657
   11      F    Pz       0.289788       0.098367
   12      F    Px       0.264082      -0.008943
   13      F    Py       0.264082      -0.008943
   14      F    Pz       0.204755       0.000889
   15      F    Px       0.066482      -0.006502
   16      F    Py       0.066482      -0.006502
   17      F    Pz       0.058732       0.010102
   18      F   Dxx       0.156479       0.004137
   19      F   Dxy       0.000000      -0.000000
   20      F   Dxz       0.000051       0.000004
   21      F   Dyy       0.156479       0.004137
   22      F   Dyz       0.000051       0.000004
   23      F   Dzz       0.153904       0.010678
   24      F   Dxx       0.141604      -0.002330
   25      F   Dxy       0.000000       0.000000
   26      F   Dxz       0.001686      -0.000131
   27      F   Dyy       0.141604      -0.002330
   28      F   Dyz       0.001686      -0.000131
   29      F   Dzz       0.133562       0.005240
   30      F   Dxx       0.021727      -0.001877
   31      F   Dxy       0.000000      -0.000000
   32      F   Dxz       0.037668      -0.001841
   33      F   Dyy       0.021727      -0.001877
   34      F   Dyz       0.037668      -0.001841
   35      F   Dzz       0.105352       0.031012
   36      F  Fxxx       0.235956       0.002645
   37      F  Fxxy       0.102994       0.001217
   38      F  Fxxz       0.078966       0.031111
   39      F  Fxyy       0.102994       0.001217
   40      F  Fxyz       0.000000       0.000000
   41      F  Fxzz       0.104710       0.002756
   42      F  Fyyy       0.235956       0.002645
   43      F  Fyyz       0.078966       0.031111
   44      F  Fyzz       0.104710       0.002756
   45      F  Fzzz       0.186520       0.066999
   46      F  Fxxx       0.168910      -0.003780
   47      F  Fxxy       0.072246      -0.001674
   48      F  Fxxz       0.053682       0.006815
   49      F  Fxyy       0.072246      -0.001674
   50      F  Fxyz       0.000000      -0.000000
   51      F  Fxzz       0.068111      -0.000535
   52      F  Fyyy       0.168910      -0.003780
   53      F  Fyyz       0.053682       0.006815
   54      F  Fyzz       0.068111      -0.000535
   55      F  Fzzz       0.148368       0.000839
   56      F     S       1.571948       0.000206
   57      F     S       0.602228       0.012089
   58      F     S       0.410272       0.008841
   59      F     S       0.264624      -0.002718
   60      F     S       0.075913      -0.001034
   61      F    Px       0.502440       0.012127
   62      F    Py       0.502440       0.012127
   63      F    Pz       0.389122       0.182777
   64      F    Px       0.374664       0.004657
   65      F    Py       0.374664       0.004657
   66      F    Pz       0.289788       0.098367
   67      F    Px       0.264082      -0.008943
   68      F    Py       0.264082      -0.008943
   69      F    Pz       0.204755       0.000889
   70      F    Px       0.066482      -0.006502
   71      F    Py       0.066482      -0.006502
   72      F    Pz       0.058732       0.010102
   73      F   Dxx       0.156479       0.004137
   74      F   Dxy       0.000000      -0.000000
   75      F   Dxz       0.000051       0.000004
   76      F   Dyy       0.156479       0.004137
   77      F   Dyz       0.000051       0.000004
   78      F   Dzz       0.153904       0.010678
   79      F   Dxx       0.141604      -0.002330
   80      F   Dxy       0.000000       0.000000
   81      F   Dxz       0.001686      -0.000131
   82      F   Dyy       0.141604      -0.002330
   83      F   Dyz       0.001686      -0.000131
   84      F   Dzz       0.133562       0.005240
   85      F   Dxx       0.021727      -0.001877
   86      F   Dxy       0.000000      -0.000000
   87      F   Dxz       0.037668      -0.001841
   88      F   Dyy       0.021727      -0.001877
   89      F   Dyz       0.037668      -0.001841
   90      F   Dzz       0.105352       0.031012
   91      F  Fxxx       0.235956       0.002645
   92      F  Fxxy       0.102994       0.001217
   93      F  Fxxz       0.078966       0.031111
   94      F  Fxyy       0.102994       0.001217
   95      F  Fxyz       0.000000       0.000000
   96      F  Fxzz       0.104710       0.002756
   97      F  Fyyy       0.235956       0.002645
   98      F  Fyyz       0.078966       0.031111
   99      F  Fyzz       0.104710       0.002756
  100      F  Fzzz       0.186520       0.066999
  101      F  Fxxx       0.168910      -0.003780
  102      F  Fxxy       0.072246      -0.001674
  103      F  Fxxz       0.053682       0.006815
  104      F  Fxyy       0.072246      -0.001674
  105      F  Fxyz       0.000000      -0.000000
  106      F  Fxzz       0.068111      -0.000535
  107      F  Fyyy       0.168910      -0.003780
  108      F  Fyyz       0.053682       0.006815
  109      F  Fyzz       0.068111      -0.000535
  110      F  Fzzz       0.148368       0.000839
 
                           __________     __________
              Total =       19.000000       1.000000
 
  Atomic LOWDIN Population: for E-        
            F                9.500000       0.500000
            F                9.500000       0.500000
 
 ...end of LOWDIN Population
 
 
 END POPULATION ANALYSES 
 
 
  EXPECTED POSITIONS OF QUANTUM SPECIES:
 ======================
 
 POSITIONS IN ANGSTROMS
 ------
 
                        <x>      <y>      <z>         
            E-ALPHA   0.0000  -0.0000   7.5000
             E-BETA   0.0000  -0.0000   6.7500
 
 END EXPECTED POSITIONS
 
 
  ELECTROSTATIC MOMENTS:
 ======================
 
 
 DIPOLE: (A.U.)
 ------
 
                           <Dx>         <Dy>         <Dz>          |D|
            E-ALPHA  -0.00000000   0.00000000 -14.17294491
             E-BETA  -0.00000000   0.00000000 -12.75565042
    Point charges:    0.00000000   0.00000000  25.51130083
                     ____________________________
      Total Dipole:  -0.00000000   0.00000000  -1.41729449   1.41729449
 
 DIPOLE: (DEBYE)
 ------
 
                           <Dx>         <Dy>         <Dz>          |D|
            E-ALPHA  -0.00000000   0.00000000 -36.02402801
             E-BETA  -0.00000000   0.00000000 -32.42162520
    Point charges:    0.00000000   0.00000000  64.84325041
                     ____________________________
      Total Dipole:  -0.00000000   0.00000000  -3.60240280   3.60240280
 
 QUADRUPOLE NON-TRACELESS: (DEBYE ANGS)
 ------
 
                           <xx>         <yy>         <zz>         <xy>         <xz>         <yz>
            E-ALPHA   -5.78674980   -5.78675178  -61.10893273   -0.00000044   -0.00000000    0.00000000
             E-BETA   -5.83289734   -5.83289411  -54.46035338    0.00000071   -0.00000000    0.00000000
    Point charges:     0.00000000    0.00000000   97.26486452    0.00000000    0.00000000    0.00000000
  Total Quadrupole:  -11.61964714  -11.61964589  -18.30442159    0.00000027   -0.00000000    0.00000000
                     ____________________________
 
 END ELECTROSTATIC MOMENTS
 
 
 BEGIN FOUR-INDEX INTEGRALS TRANFORMATION:
 ========================================
 Selected method: C         
 
 --------------------------------------------------
    4N^5 Algorithm Four-index integral tranformation
 --------------------------------------------------
 
 Integrals transformation for: E-ALPHA
 
              Transformation boundaries 
                 orbital lower upper
                       p     1    10
                       q    11   110
                       r     1    10
                       s    11   110
 
         Loading AO integrals time(s):  0.276E-01
      Integral transformation time(s):  0.263E+01
       Non-zero transformed integrals:       195678
 
 Inter-species integrals transformation for: E-ALPHA/E-BETA
 
              Transformation boundaries 
                 orbital lower upper
                       p     1     9
                       q    10   110
                       r     1    10
                       s    11   110
 
         Loading AO integrals time(s):  0.572E-01
      Integral transformation time(s):  0.107E+02
 Non zero transformed coupling integrals:       194142
 
 Integrals transformation for: E-BETA
 
              Transformation boundaries 
                 orbital lower upper
                       p     1     9
                       q    10   110
                       r     1     9
                       s    10   110
 
         Loading AO integrals time(s):  0.280E-01
      Integral transformation time(s):  0.246E+01
       Non-zero transformed integrals:       126942
 
** TOTAL Elapsed Time for integrals transformation :     16.164 (s)
 
 
  POST HARTREE-FOCK CALCULATION
  MANY-BODY PERTURBATION THEORY:
 ==============================
 
              MOLLER-PLESSET FORMALISM 
               ORDER OF CORRECTION =     2
 
                E(0) + E(1) =    -198.807714861372
                       E(2) =      -0.588913318442
                             ____________________
                     E(MP2) =    -199.396628179814
 
              -----------------------------------
               E(n){ Specie }     E(n) / Hartree 
              -----------------------------------
 
            E(2){ E-ALPHA } =      -0.079671540418
             E(2){ E-BETA } =      -0.076513297560
 
     E(2){ E-ALPHA/E-BETA } =      -0.432728480464
 
** TOTAL CPU Time HF-MBPT :      0.603 (s)
** TOTAL Elapsed Time HF-MBPT :      0.368 (s)
 

  TOTAL CPU Time:      0.241 (s)
 TOTAL Wall Time:     19.835 (s)
  Elapsed Time:   0h  0m 19s 835ms
LOWDIN execution terminated normally at : Tue Feb  4 16:54:23 2025
-rw-rw-r-- 1 pohl pohl  53M feb  4 16:54 0E-ALPHA.E-BETA.ints
-rw-rw-r-- 1 pohl pohl  27M feb  4 16:54 0E-ALPHA.ints
-rw-rw-r-- 1 pohl pohl  52M feb  4 16:54 1E-ALPHA.E-BETA.ints
-rw-rw-r-- 1 pohl pohl  27M feb  4 16:54 1E-ALPHA.ints
-rw-rw-r-- 1 pohl pohl  53M feb  4 16:54 2E-ALPHA.E-BETA.ints
-rw-rw-r-- 1 pohl pohl  27M feb  4 16:54 2E-ALPHA.ints
-rw-rw-r-- 1 pohl pohl  52M feb  4 16:54 3E-ALPHA.E-BETA.ints
-rw-rw-r-- 1 pohl pohl  27M feb  4 16:54 3E-ALPHA.ints
-rw-rw-r-- 1 pohl pohl   12 feb  4 16:54 E-ALPHA.E-BETA.nints
-rw-rw-r-- 1 pohl pohl 4.9M feb  4 16:54 E-ALPHAmoint.dat
-rw-rw-r-- 1 pohl pohl 4.9M feb  4 16:54 E-BETA.E-ALPHAmoint.dat
-rw-rw-r-- 1 pohl pohl 4.9M feb  4 16:54 E-BETAmoint.dat
-rw-rw-r-- 1 pohl pohl   63 feb  4 16:54 gepol.inp
-rw-rw-r-- 1 pohl pohl  182 feb  4 16:54 gepol.xyzr
-rw-rw-r-- 1 pohl pohl  13K feb  4 16:54 lowdin.bas
-rw-rw-r-- 1 pohl pohl  16K feb  4 16:54 lowdin.dat
-rw-rw-r-- 1 pohl pohl 2.3M feb  4 16:54 lowdin.opints
-rw-rw-r-- 1 pohl pohl  46K feb  4 16:54 lowdin.sys
-rw-rw-r-- 1 pohl pohl 2.1M feb  4 16:54 lowdin.wfn
-rw-rw-r-- 1 pohl pohl  258 feb  4 16:54 usual_5
-rw-rw-r-- 1 pohl pohl 1.1K feb  4 16:54 usual_5.aux
-rw-rw-r-- 1 pohl pohl  266 feb  4 16:54 usual_5.lowdin
-rw-rw-r-- 1 pohl pohl  82K feb  4 16:54 usual_5.out
-rw-rw-r-- 1 pohl pohl 192K feb  4 16:54 usual_5.vec
