Begin job by input: usual_45.lowdin, for user:   at  mar 04 feb 2025 17:05:56 -05
under operating system Linux helios 5.19.0-46-generic #47-Ubuntu SMP PREEMPT_DYNAMIC Fri Jun 16 13:30:11 UTC 2023 x86_64 x86_64 x86_64 GNU/Linux
Compilation information
  commit: f31d3924f6ee2ce9d77f07edcc1ba27359319d14
  compilation date:  mar 17 sep 2024 16:16:17 -05

BEGIN INPUT INFO:
------------------------------------

GEOMETRY
	e-(F)	AUG-CC-PVTZ 0.0 0.0 0.0 multiplicity=2 addParticles=1 
	e-(F)	AUG-CC-PVTZ 0.0 0.0 9.5 
	F	Dirac 0.0 0.0 0.0
	F	Dirac 0.0 0.0 9.5
END GEOMETRY

TASKS
        method = "UHF"
	mollerPlessetCorrection=2
END TASKS

CONTROL
	units="ANGS"
END CONTROL






... END INPUT INFO


 LOWDIN execution started at : Tue Feb  4 17:05:56 2025
 ---------------------------------------------------------------
 
 ***************************************************************
 *                   LOWDIN 2.0  (May/2013)                    *
 *                                                             *
 *  R. FLORES-MORENO, E. F. POSADA, F. S. MONCADA, J.ROMERO,   *
 *  J. CHARRY, M. DIAZ-TINOCO, S. A. GONZALEZ, N. F. AGUIRRE,  *
 *  A. REYES                                                   *
 *                                                             *
 *  https://sites.google.com/site/lowdinproject/               *
 *                                                             *
 ***************************************************************
 
 PARSING INPUT... DONE!
 
 LOWDIN IS RUNNING WITH NEXT PARAMETERS: 
 ----------------------------------------
 
         METHOD TYPE:  UHF
         NUMBER OF CORES:     4
         MOLLER PLESSET CORRECTION:      2
         NONELECTRONIC DENSITY GUESS: HCORE
         ELECTRONIC DENSITY GUESS: HCORE
         CRITERIUM OF CONVERGENCE: ENERGY
         NONELECTRONIC ENERGY TOLERANCE IN SCFs:     0.10000E-07
         ELECTRONIC ENERGY TOLERANCE IN SCFs:     0.10000E-07
         TOTAL ENERGY TOLERANCE IN SCFs:     0.10000E-07
         SCHEME OF ITERATION: GLOBAL ITERATIONS
         SCF MAX. SUBITERATIONS - NONELECTRONS :     1
         SCF MAX. SUBITERATIONS - ELECTRONS :     1
         SCF MAX. ITERATIONS - INTERSPECIES :   200
         INTEGRAL STORAGE: DISK
         STACK SIZE FOR ERIS : 30000
         METHOD OF SCF CONVERGENCE: DAMPING
 
  MOLECULAR SYSTEM: usual_45
 -----------------
 
    DESCRIPTION   : usual_45
    CHARGE        :   0
    PUNTUAL GROUP : NONE
 
 
  INFORMATION OF PARTICLES :
 =========================
         Total number of particles   =      21
         Number of quantum particles =      19
         Number of puntual charges   =       2
         Number of quantum species   =       2
 
                 INFORMATION OF QUANTUM SPECIES 
    ----------------------------------------------------------------------
         ID      Symbol            mass     charge      omega     spin     multiplicity
    ----------------------------------------------------------------------
         1        E-ALPHA         1.0000     -1.00      0.00      0.50      2.00
         2         E-BETA         1.0000     -1.00      0.00      0.50      2.00
 
                   CONSTANTS OF COUPLING 
      ------------------------------------------------------------
              Symbol      kappa        eta     lambda occupation
      ------------------------------------------------------------
             E-ALPHA      -1.00       1.00       1.00      10.00
              E-BETA      -1.00       1.00       1.00       9.00
 
                   BASIS SET FOR SPECIES 
      ------------------------------------------------------------
           Symbol          N. Basis     N. Particles     Basis Set
      ------------------------------------------------------------
            E-ALPHA           28               10     AUG-CC-PVT
             E-BETA           28                9     AUG-CC-PVT
 
                                ATOMIC BASIS
         ------------------------------------------------------------
          PRIMITIVE   SHELL             EXPONENT         COEFFICIENT 
         ------------------------------------------------------------
 
    BEGIN DESCRIPTION OF BASIS FOR: E-ALP
    ==============================
 
 
             F BASIS SET:    AUG-CC-PVTZ
             1         S            19500.00000000          0.00050700
             2         S             2923.00000000          0.00392300
             3         S              664.50000000          0.02020000
             4         S              187.50000000          0.07901000
             5         S               60.62000000          0.23043900
             6         S               21.42000000          0.43287200
             7         S                7.95000000          0.34996400
             8         S                0.88150000         -0.00789200
             1         S            19500.00000000         -0.00011700
             2         S             2923.00000000         -0.00091200
             3         S              664.50000000         -0.00471700
             4         S              187.50000000         -0.01908600
             5         S               60.62000000         -0.05965500
             6         S               21.42000000         -0.14001000
             7         S                7.95000000         -0.17678200
             8         S                0.88150000          0.60504300
             1         S                2.25700000          1.00000000
             1         S                0.30410000          1.00000000
             1         S                0.09158000          1.00000000
             1         P               43.88000000          0.01666500
             2         P                9.92600000          0.10447200
             3         P                2.93000000          0.31726000
             1         P                0.91320000          1.00000000
             1         P                0.26720000          1.00000000
             1         P                0.07361000          1.00000000
             1         D                3.10700000          1.00000000
             1         D                0.85500000          1.00000000
             1         D                0.29200000          1.00000000
             1         F                1.91700000          1.00000000
             1         F                0.72400000          1.00000000
 
             F BASIS SET:    AUG-CC-PVTZ
             1         S            19500.00000000          0.00050700
             2         S             2923.00000000          0.00392300
             3         S              664.50000000          0.02020000
             4         S              187.50000000          0.07901000
             5         S               60.62000000          0.23043900
             6         S               21.42000000          0.43287200
             7         S                7.95000000          0.34996400
             8         S                0.88150000         -0.00789200
             1         S            19500.00000000         -0.00011700
             2         S             2923.00000000         -0.00091200
             3         S              664.50000000         -0.00471700
             4         S              187.50000000         -0.01908600
             5         S               60.62000000         -0.05965500
             6         S               21.42000000         -0.14001000
             7         S                7.95000000         -0.17678200
             8         S                0.88150000          0.60504300
             1         S                2.25700000          1.00000000
             1         S                0.30410000          1.00000000
             1         S                0.09158000          1.00000000
             1         P               43.88000000          0.01666500
             2         P                9.92600000          0.10447200
             3         P                2.93000000          0.31726000
             1         P                0.91320000          1.00000000
             1         P                0.26720000          1.00000000
             1         P                0.07361000          1.00000000
             1         D                3.10700000          1.00000000
             1         D                0.85500000          1.00000000
             1         D                0.29200000          1.00000000
             1         F                1.91700000          1.00000000
             1         F                0.72400000          1.00000000
    ... END DESCRIPTION OF BASIS
 
 
  END INFORMATION OF PARTICLES
 
 
  INFORMATION OF THE QUANTUM SYSTEM 
     ---------------------------------------------------------------------
                 ID     Occupied Orbitals     Basis size
     ---------------------------------------------------------------------
            E-ALPHA           10              110
             E-BETA            9              110
 
  END INFORMATION OF QUANTUM SYSTEM
 
                       INITIAL GEOMETRY: AMSTRONG
                 -----------------------------------
                       <x>                 <y>                 <z>
  E-ALPHAF        0.0000000000        0.0000000000        0.0000000000
  E-ALPHAF        0.0000000000        0.0000000000        9.5000000000
         F        0.0000000000        0.0000000000        0.0000000000
         F        0.0000000000        0.0000000000        9.5000000000
 
                     MATRIX OF DISTANCE: ANGSTROM
                 -----------------------------------
                          F(1)           F(2)      
 
        F(1)             0.000000       9.500000
        F(2)             9.500000       0.000000
 
--------------------------------------------------------------------------------
** PROGRAM: SCF (Hartree Fock).     Author: S.A. Gonzalez, E. Posada, F. Moncada
--------------------------------------------------------------------------------
INFO: RUNNING IN UHF MODE.
 
----------------------------------------------------------------------
** PROGRAM INTS                          Author: E. F. Posada, 2013   
----------------------------------------------------------------------
INFO: RUNNING IN ONE_PARTICLE MODE.
 
 Number of Overlap integrals for species E-ALPHA:  12100
 Number of Overlap integrals for species E-BETA:  12100
 Number of Kinetic integrals for species E-ALPHA:  12100
 Number of Kinetic integrals for species E-BETA:  12100
 Number of Nuclear integrals for species E-ALPHA:  12100
 Number of Nuclear integrals for species E-BETA:  12100
 Number of Moment integrals for species E-ALPHA:  36300
 Number of Moment integrals for species E-BETA:  36300
 
** TOTAL CPU Time INTS :      0.439 (s)
** TOTAL Elapsed Time INTS :      0.195 (s)
 
       Usign  HCORE density guess for species:    E-ALPHA
     number of    E-ALPHA     particles in guess density matrix:    10.000000
       Usign  HCORE density guess for species:     E-BETA
     number of     E-BETA     particles in guess density matrix:     9.000000
 Number of unique integrals for species: 1 = 944168
 Number of unique integrals for species: 1 / 2 = 1885255 Screened: 66815
 
 TWO-BODY INTEGRAL SETUP: 
------------------------- 
 Storage:   DISK
 Scheme: LIBINT
 Stack size:  30000
 
 LIBINT library, Fermann, J. T.; Valeev, F. L. 2010                   
 LOWDIN-LIBINT Implementation V. 2.1  Posada E. F. ; Reyes A. 2016   
 ----------------------------------------------------------------------

*** TOTAL CPU time intra-species integrals :      0.638 (s)
*** TOTAL elapsed time intra-species integrals :      0.124 (s)


*** TOTAL CPU time inter-species integrals :      1.235 (s)
*** TOTAL elapsed time inter-species integrals :      0.279 (s)

INFO: RUNNING SCHEME SIMULTANEOUS
 
 Begin Multi-Species SCF calculation:
 
 --------------------------------------------------------------------------------------------------
      Iteration                   Energy            Energy Change           Density Change
 --------------------------------------------------------------------------------------------------
              1        -172.822974901722         172.822974901722           0.106846062936
              2        -172.690807167398          -0.132167734324           0.086302661061
              3        -194.066965718490          21.376158551092           0.024328307131
              4        -198.050576622507           3.983610904017           0.012642615101
              5        -198.398250572268           0.347673949761           0.005068025877
              6        -198.773274289495           0.375023717226           0.002706211719
              7        -198.794107083108           0.020832793613           0.000607326769
              8        -198.805633436847           0.011526353739           0.000514109402
              9        -198.807119162816           0.001485725969           0.000155863210
             10        -198.807490951086           0.000371788270           0.000155208394
             11        -198.807692925766           0.000201974680           0.000212387731
             12        -198.808050555341           0.000357629574           0.000510871027
             13        -198.809603289995           0.001552734654           0.000965201939
             14        -198.816835847677           0.007232557683           0.001622570379
             15        -198.835097913220           0.018262065543           0.001488310468
             16        -198.850867170297           0.015769257077           0.000770494244
             17        -198.855925264564           0.005058094267           0.000465401848
             18        -198.857722149493           0.001796884929           0.000269789935
             19        -198.858489680378           0.000767530886           0.000200803570
             20        -198.858840336672           0.000350656294           0.000121983986
             21        -198.859003451189           0.000163114517           0.000093969602
             22        -198.859081686521           0.000078235332           0.000059856564
             23        -198.859120065168           0.000038378646           0.000046578815
             24        -198.859139427375           0.000019362207           0.000031770899
             25        -198.859149394377           0.000009967003           0.000011606355
             26        -198.859152704652           0.000003310274           0.000017536220
             27        -198.859156586241           0.000003881590           0.000013049550
             28        -198.859158601133           0.000002014892           0.000009527942
             29        -198.859159662364           0.000001061231           0.000006966803
             30        -198.859160224078           0.000000561714           0.000005089336
             31        -198.859160522680           0.000000298602           0.000003726353
             32        -198.859160681946           0.000000159267           0.000002734509
             33        -198.859160767199           0.000000085252           0.000002014996
             34        -198.859160812984           0.000000045785           0.000001493476
             35        -198.859160837667           0.000000024683           0.000001117099
             36        -198.859160851026           0.000000013359           0.000000682366
             37        -198.859160858179           0.000000007152           0.000000236592
 Total energy converged after  37 global iterations                                                  
 
 ...end Multi-Species SCF calculation
 
 
 Begin SCF calculation by: E-ALPHA
 -------------------------
 
 -----------------------------------------------------------------------------------
 Iteration                   Energy           Density Change         DIIS Error 
 -----------------------------------------------------------------------------------
    1         -95.272299175106           0.042645160095                 -- 
    2         -90.569633516411           0.011640191221                 -- 
    3         -72.642633679767           0.005247959109                 -- 
    4         -80.784472177584           0.001829343979                 -- 
    5         -78.662756585000           0.001013108309                 -- 
    6         -76.979788413199           0.000253682409                 -- 
    7         -77.284157580758           0.000263536286                 -- 
    8         -77.589725413090           0.000079114070                 -- 
    9         -77.499188536094           0.000023429265                 -- 
   10         -77.426672560307           0.000068106455                 -- 
   11         -77.429379200504           0.000055020876                 -- 
   12         -77.387933758879           0.000210623148                 -- 
   13         -77.381068165859           0.000285461000                 -- 
   14         -77.307007165636           0.000458156530                 -- 
   15         -77.274423921244           0.000179604284                 -- 
   16         -77.129193722033           0.000183044456                 -- 
   17         -77.121953158634           0.000061959658                 -- 
   18         -77.030617459622           0.000098682487                 -- 
   19         -77.036838324956           0.000027888061                 -- 
   20         -76.981697344544           0.000056340533                 -- 
   21         -76.990411664746           0.000012624802                 -- 
   22         -76.957035118491           0.000032605708                 -- 
   23         -76.965001210576           0.000005911021                 -- 
   24         -76.947678264817           0.000005918725                 -- 
   25         -76.947833389261           0.000011905828                 -- 
   26         -76.946613873006           0.000004460214                 -- 
   27         -76.940718236464           0.000006502127                 -- 
   28         -76.940465623721           0.000002087258                 -- 
   29         -76.936998416401           0.000003676943                 -- 
   30         -76.937134178253           0.000000947131                 -- 
   31         -76.935073087066           0.000002104629                 -- 
   32         -76.935322743208           0.000000415036                 -- 
   33         -76.934083593389           0.000001219074                 -- 
   34         -76.934332999377           0.000000184914                 -- 
   35         -76.933618077016           0.000000550715                 -- 
   36         -76.933749477874           0.000000164272                 -- 
 
 ... end SCF calculation
 
 Begin SCF calculation by: E-BETA
 -------------------------
 
 -----------------------------------------------------------------------------------
 Iteration                   Energy           Density Change         DIIS Error 
 -----------------------------------------------------------------------------------
    1         -89.269770140832           0.043657500966                 -- 
    2         -84.017804834898           0.012688115910                 -- 
    3         -67.042451292982           0.007394655992                 -- 
    4         -73.791792507891           0.003238681898                 -- 
    5         -72.182607875214           0.001693103409                 -- 
    6         -70.854384042675           0.000353644360                 -- 
    7         -71.090698157957           0.000250573116                 -- 
    8         -71.376350215731           0.000076749140                 -- 
    9         -71.316136537682           0.000131779129                 -- 
   10         -71.316844000702           0.000144281276                 -- 
   11         -71.366851672782           0.000455850151                 -- 
   12         -71.368023741963           0.000754578791                 -- 
   13         -71.423187239165           0.001337109380                 -- 
   14         -71.463114643393           0.001030153938                 -- 
   15         -71.597363654386           0.000590889959                 -- 
   16         -71.608526431135           0.000282357392                 -- 
   17         -71.716471581675           0.000207830277                 -- 
   18         -71.712486248431           0.000102121083                 -- 
   19         -71.781103143269           0.000094095925                 -- 
   20         -71.772602295081           0.000037629069                 -- 
   21         -71.814775329975           0.000047231762                 -- 
   22         -71.806203220015           0.000013973107                 -- 
   23         -71.832046666782           0.000025859878                 -- 
   24         -71.824841476691           0.000005687630                 -- 
   25         -71.830184675441           0.000005630392                 -- 
   26         -71.838007603701           0.000008589336                 -- 
   27         -71.838669000153           0.000003025815                 -- 
   28         -71.843180920976           0.000004879545                 -- 
   29         -71.843189754297           0.000001412393                 -- 
   30         -71.845856543455           0.000002779222                 -- 
   31         -71.845642122222           0.000000629879                 -- 
   32         -71.847237097774           0.000001599960                 -- 
   33         -71.846979283303           0.000000274402                 -- 
   34         -71.847943781003           0.000000932184                 -- 
   35         -71.847712112918           0.000000131650                 -- 
   36         -71.848086233311           0.000000072320                 -- 
 
 ... end SCF calculation
 
  EIGENVALUES AND EIGENVECTORS: 
 ==============================
 
 
  Eigenvalues for: E-ALPHA
 -----------------
 
    1         -26.352707499559
    2         -25.832099336734
    3          -1.617911800411
    4          -1.076108398794
    5          -0.789142833413
    6          -0.675902520377
    7          -0.675902520377
    8          -0.181258413566
    9          -0.181256388482
   10          -0.181256388482
   11           0.210658951074
   12           0.238606217550
   13           0.244021953532
   14           0.244021953532
   15           0.415832511254
   16           0.427302751968
   17           0.427333349813
   18           0.427333349813
   19           0.848391330342
   20           0.907082377457
   21           0.910959802846
   22           0.910959802846
   23           0.930668595582
   24           0.930668595582
   25           0.944685615950
   26           0.977744658381
   27           0.977744658381
   28           1.146333534873
   29           1.228331453686
   30           1.228334095021
   31           1.228334095021
   32           1.228340425181
   33           1.228340425181
   34           1.292808632354
   35           1.292820826169
   36           1.292820826169
   37           2.697618951994
   38           2.758241139666
   39           2.758241139666
   40           2.798397093579
   41           2.817651249305
   42           2.817651249305
   43           2.849971778587
   44           2.873072081854
   45           2.873072081854
   46           2.915723487058
   47           2.920968740165
   48           2.920968740165
   49           2.935630824932
   50           2.935630824932
   51           2.963582233633
   52           2.963582233633
   53           3.151828625230
   54           3.151835265114
   55           3.151835265114
   56           3.216214582978
   57           3.283108135554
   58           3.283109283922
   59           3.283109283922
   60           3.283112191148
   61           3.283112191148
   62           3.331625367083
   63           3.331625919070
   64           3.331625919070
   65           3.331627513935
   66           3.331627513935
   67           3.331630002603
   68           3.331630002603
   69           5.008167081935
   70           5.357163533362
   71           7.275819490144
   72           7.354618319451
   73           7.354618319451
   74           7.808244555094
   75           7.808248139513
   76           7.808248139513
   77           8.737697647347
   78           8.748128615485
   79           8.748128615485
   80           8.779710645821
   81           8.779710645821
   82           8.833692265907
   83           8.833692265907
   84           9.174620734463
   85           9.199507378002
   86           9.199507378002
   87           9.267763950508
   88           9.267764284105
   89           9.267764284105
   90           9.267765268062
   91           9.267765268062
   92           9.267766860990
   93           9.267766860991
   94           9.277016882995
   95           9.277016882995
   96           9.744858774293
   97           9.744859432016
   98           9.744859432016
   99           9.744861286052
  100           9.744861286052
  101          14.485689473579
  102          14.942696084539
  103          17.591195178673
  104          17.652537508525
  105          17.652537508528
  106          18.052102650263
  107          18.052108061700
  108          18.052108061712
  109          23.350329801332
  110          23.851945372689
 
 
  Eigenvalues for: E-BETA
 -----------------
 
    1         -26.304643456889
    2         -25.831953461955
    3          -1.422809845995
    4          -1.075986764832
    5          -0.624240535141
    6          -0.624240535141
    7          -0.181138250619
    8          -0.181138250619
    9          -0.181134469845
   10           0.091854735354
   11           0.216590941458
   12           0.245977528745
   13           0.245977528745
   14           0.292432953745
   15           0.415824915682
   16           0.427312245866
   17           0.427342162696
   18           0.427342162696
   19           0.868472598393
   20           0.928860322503
   21           0.928860322503
   22           0.931266911465
   23           0.931266911465
   24           0.933285519174
   25           0.987563895316
   26           0.987563895316
   27           1.054087174943
   28           1.146343648775
   29           1.228320783452
   30           1.228323603024
   31           1.228323603024
   32           1.228330468059
   33           1.228330468059
   34           1.292841422616
   35           1.292852182110
   36           1.292852182110
   37           2.776092435407
   38           2.776092435407
   39           2.818172178773
   40           2.880233057884
   41           2.882124762463
   42           2.882124762463
   43           2.905692473668
   44           2.905692473668
   45           2.919783070553
   46           2.943077629820
   47           2.944842804107
   48           2.944842804107
   49           2.951248909157
   50           2.951248909157
   51           2.962512793013
   52           2.962512793013
   53           3.151880704883
   54           3.151885852586
   55           3.151885852586
   56           3.216258157096
   57           3.283154964156
   58           3.283155875978
   59           3.283155875978
   60           3.283158073639
   61           3.283158073639
   62           3.331633590828
   63           3.331634162775
   64           3.331634162775
   65           3.331635817519
   66           3.331635817520
   67           3.331638405986
   68           3.331638405986
   69           5.021417592999
   70           5.357183842097
   71           7.376494970150
   72           7.376494970150
   73           7.405162499052
   74           7.808334019636
   75           7.808335941606
   76           7.808335941606
   77           8.810050088872
   78           8.813481435572
   79           8.813481435572
   80           8.823791043857
   81           8.823791043857
   82           8.840988333891
   83           8.840988333891
   84           9.267826701534
   85           9.267826953403
   86           9.267826953403
   87           9.267827692176
   88           9.267827692177
   89           9.267828876464
   90           9.267828876464
   91           9.298239448705
   92           9.298239448705
   93           9.309301788761
   94           9.309301788761
   95           9.313310303059
   96           9.744965012556
   97           9.744965239435
   98           9.744965239436
   99           9.744965800943
  100           9.744965800943
  101          14.513266106556
  102          14.942753047450
  103          17.617364589801
  104          17.659227134165
  105          17.659227134169
  106          18.052147265314
  107          18.052152437628
  108          18.052152437640
  109          23.384146668233
  110          23.852045661837
 
  end of eigenvalues 
 
  Occupied Eigenvectors for: E-ALPHA
 --------------------------- 
 
                         -26.3527       -25.8321        -1.6179        -1.0761        -0.7891   
 
    1      F     S       0.000000       0.971097       0.000000      -0.009113      -0.000000
    2      F     S       0.000000      -0.010668       0.000000       0.552350      -0.000000
    3      F     S       0.000000       0.048939       0.000000       0.158735      -0.000000
    4      F     S      -0.000000      -0.016221      -0.000000       0.394979       0.000000
    5      F     S      -0.000000      -0.001155      -0.000000       0.037141       0.000000
    6      F    Px       0.000000       0.000000       0.000000       0.000000      -0.000000
    7      F    Py      -0.000000       0.000000      -0.000000       0.000000      -0.000000
    8      F    Pz      -0.000000       0.000000      -0.000000       0.000001      -0.000000
    9      F    Px      -0.000000      -0.000000      -0.000000      -0.000000      -0.000000
   10      F    Py       0.000000      -0.000000       0.000000      -0.000000       0.000000
   11      F    Pz       0.000000      -0.000001       0.000000       0.000002       0.000000
   12      F    Px      -0.000000      -0.000000      -0.000000      -0.000000      -0.000000
   13      F    Py       0.000000      -0.000000       0.000000       0.000000       0.000000
   14      F    Pz       0.000000      -0.000000       0.000000       0.000006       0.000001
   15      F    Px       0.000000      -0.000000       0.000000       0.000000       0.000000
   16      F    Py      -0.000000       0.000000      -0.000000      -0.000000      -0.000000
   17      F    Pz      -0.000000       0.000000      -0.000000       0.000002      -0.000001
   18      F   Dxx       0.000000       0.002835       0.000000       0.001454      -0.000000
   19      F   Dxy       0.000000       0.000000      -0.000000       0.000000       0.000000
   20      F   Dxz       0.000000      -0.000000       0.000000      -0.000000      -0.000000
   21      F   Dyy       0.000000       0.002835       0.000000       0.001454      -0.000000
   22      F   Dyz      -0.000000       0.000000       0.000000      -0.000000      -0.000000
   23      F   Dzz       0.000000       0.002835       0.000000       0.001454      -0.000000
   24      F   Dxx       0.000000       0.007980       0.000000      -0.002602      -0.000000
   25      F   Dxy      -0.000000      -0.000000      -0.000000       0.000000       0.000000
   26      F   Dxz      -0.000000       0.000000       0.000000       0.000000       0.000000
   27      F   Dyy       0.000000       0.007980       0.000000      -0.002602      -0.000000
   28      F   Dyz      -0.000000      -0.000000       0.000000       0.000000       0.000000
   29      F   Dzz       0.000000       0.007980       0.000000      -0.002602      -0.000000
   30      F   Dxx       0.000000       0.002727       0.000000      -0.002024      -0.000000
   31      F   Dxy       0.000000       0.000000      -0.000000       0.000000       0.000000
   32      F   Dxz      -0.000000      -0.000000       0.000000      -0.000000       0.000000
   33      F   Dyy       0.000000       0.002727       0.000000      -0.002024      -0.000000
   34      F   Dyz      -0.000000       0.000000      -0.000000      -0.000000      -0.000000
   35      F   Dzz       0.000000       0.002727       0.000000      -0.002023      -0.000000
   36      F  Fxxx       0.000000       0.000000       0.000000       0.000000       0.000000
   37      F  Fxxy      -0.000000       0.000000      -0.000000       0.000000      -0.000000
   38      F  Fxxz      -0.000000       0.000000      -0.000000      -0.000000      -0.000000
   39      F  Fxyy       0.000000       0.000000       0.000000       0.000000       0.000000
   40      F  Fxyz      -0.000000      -0.000000       0.000000       0.000000       0.000000
   41      F  Fxzz       0.000000       0.000000       0.000000       0.000000       0.000000
   42      F  Fyyy      -0.000000       0.000000      -0.000000       0.000000      -0.000000
   43      F  Fyyz      -0.000000       0.000000      -0.000000      -0.000000      -0.000000
   44      F  Fyzz      -0.000000       0.000000      -0.000000       0.000000      -0.000000
   45      F  Fzzz      -0.000000       0.000000      -0.000000      -0.000000      -0.000000
   46      F  Fxxx       0.000000       0.000000       0.000000       0.000000      -0.000000
   47      F  Fxxy      -0.000000       0.000000      -0.000000       0.000000      -0.000000
   48      F  Fxxz      -0.000000       0.000000      -0.000000      -0.000000      -0.000000
   49      F  Fxyy       0.000000       0.000000       0.000000       0.000000      -0.000000
   50      F  Fxyz      -0.000000       0.000000       0.000000       0.000000      -0.000000
   51      F  Fxzz       0.000000       0.000000       0.000000       0.000000      -0.000000
   52      F  Fyyy      -0.000000       0.000000      -0.000000       0.000000      -0.000000
   53      F  Fyyz      -0.000000       0.000000      -0.000000      -0.000000      -0.000000
   54      F  Fyzz      -0.000000       0.000000      -0.000000       0.000000      -0.000000
   55      F  Fzzz      -0.000000       0.000000      -0.000000      -0.000000      -0.000000
   56      F     S      -0.970496      -0.000000      -0.004312      -0.000000       0.000075
   57      F     S       0.010217      -0.000000       0.584675      -0.000000       0.001066
   58      F     S      -0.050449      -0.000000       0.169251      -0.000000       0.000313
   59      F     S       0.016058       0.000000       0.389738       0.000000       0.000846
   60      F     S       0.001184       0.000000       0.018460       0.000000      -0.001167
   61      F    Px      -0.000000       0.000000      -0.000000       0.000000      -0.000000
   62      F    Py       0.000000       0.000000       0.000000      -0.000000       0.000000
   63      F    Pz      -0.000005      -0.000000       0.000046      -0.000000      -0.415912
   64      F    Px       0.000000      -0.000000       0.000000      -0.000000      -0.000000
   65      F    Py      -0.000000      -0.000000      -0.000000      -0.000000       0.000000
   66      F    Pz       0.000022       0.000000       0.000054       0.000000      -0.472114
   67      F    Px      -0.000000      -0.000000      -0.000000      -0.000000      -0.000000
   68      F    Py      -0.000000      -0.000000      -0.000000      -0.000000       0.000000
   69      F    Pz       0.000004       0.000000       0.000619       0.000000      -0.269472
   70      F    Px       0.000000       0.000000       0.000000      -0.000000      -0.000000
   71      F    Py      -0.000000       0.000000       0.000000       0.000000       0.000000
   72      F    Pz      -0.000001      -0.000000       0.000083      -0.000000      -0.012940
   73      F   Dxx      -0.002236      -0.000000      -0.002367      -0.000000      -0.000008
   74      F   Dxy       0.000000      -0.000000       0.000000       0.000000       0.000000
   75      F   Dxz      -0.000000       0.000000       0.000000      -0.000000       0.000000
   76      F   Dyy      -0.002236      -0.000000      -0.002367      -0.000000      -0.000008
   77      F   Dyz       0.000000       0.000000      -0.000000       0.000000      -0.000000
   78      F   Dzz      -0.003175      -0.000000       0.008418      -0.000000      -0.000014
   79      F   Dxx      -0.007966      -0.000000      -0.014134      -0.000000      -0.000095
   80      F   Dxy      -0.000000       0.000000       0.000000      -0.000000      -0.000000
   81      F   Dxz       0.000000      -0.000000       0.000000       0.000000       0.000000
   82      F   Dyy      -0.007966      -0.000000      -0.014134      -0.000000      -0.000095
   83      F   Dyz      -0.000000      -0.000000      -0.000000       0.000000      -0.000000
   84      F   Dzz      -0.007660      -0.000000       0.008274      -0.000000      -0.000196
   85      F   Dxx      -0.002661      -0.000000      -0.015003      -0.000000       0.000151
   86      F   Dxy       0.000000       0.000000      -0.000000       0.000000      -0.000000
   87      F   Dxz      -0.000000       0.000000      -0.000000      -0.000000      -0.000000
   88      F   Dyy      -0.002661      -0.000000      -0.015003      -0.000000       0.000151
   89      F   Dyz       0.000000       0.000000      -0.000000       0.000000       0.000000
   90      F   Dzz      -0.002787      -0.000000      -0.013383      -0.000000      -0.001330
   91      F  Fxxx      -0.000000       0.000000      -0.000000       0.000000       0.000000
   92      F  Fxxy       0.000000       0.000000       0.000000       0.000000       0.000000
   93      F  Fxxz      -0.000004      -0.000000       0.000007      -0.000000      -0.002827
   94      F  Fxyy      -0.000000       0.000000      -0.000000       0.000000       0.000000
   95      F  Fxyz      -0.000000      -0.000000      -0.000000      -0.000000       0.000000
   96      F  Fxzz      -0.000000       0.000000      -0.000000       0.000000      -0.000000
   97      F  Fyyy       0.000000       0.000000       0.000000       0.000000       0.000000
   98      F  Fyyz      -0.000004      -0.000000       0.000007      -0.000000      -0.002827
   99      F  Fyzz       0.000000       0.000000       0.000000       0.000000       0.000000
  100      F  Fzzz      -0.000009      -0.000000       0.000028      -0.000000      -0.021932
  101      F  Fxxx      -0.000000       0.000000      -0.000000       0.000000      -0.000000
  102      F  Fxxy       0.000000       0.000000      -0.000000       0.000000       0.000000
  103      F  Fxxz      -0.000003      -0.000000       0.000025      -0.000000      -0.005224
  104      F  Fxyy      -0.000000       0.000000      -0.000000       0.000000      -0.000000
  105      F  Fxyz      -0.000000      -0.000000      -0.000000       0.000000      -0.000000
  106      F  Fxzz      -0.000000       0.000000      -0.000000       0.000000      -0.000000
  107      F  Fyyy       0.000000       0.000000       0.000000       0.000000       0.000000
  108      F  Fyyz      -0.000003      -0.000000       0.000025      -0.000000      -0.005224
  109      F  Fyzz       0.000000       0.000000       0.000000       0.000000       0.000000
  110      F  Fzzz      -0.000008      -0.000000       0.000108      -0.000000      -0.025908
 
                          -0.6759        -0.6759        -0.1813        -0.1813        -0.1813   
 
    1      F     S       0.000000      -0.000000      -0.000003       0.000000       0.000000
    2      F     S       0.000000      -0.000000      -0.000018      -0.000000       0.000000
    3      F     S      -0.000000       0.000000      -0.000010       0.000000      -0.000000
    4      F     S       0.000000      -0.000000       0.000003      -0.000000       0.000000
    5      F     S       0.000000      -0.000000       0.000067       0.000000      -0.000000
    6      F    Px       0.000000      -0.000000      -0.000000       0.081538      -0.359414
    7      F    Py       0.000000       0.000000       0.000000      -0.359414      -0.081538
    8      F    Pz       0.000000      -0.000000       0.368546       0.000000      -0.000000
    9      F    Px      -0.000000       0.000000      -0.000000       0.090627      -0.399482
   10      F    Py      -0.000000      -0.000000       0.000000      -0.399482      -0.090627
   11      F    Pz      -0.000000       0.000000       0.409630       0.000000      -0.000000
   12      F    Px      -0.000000       0.000000      -0.000000       0.076780      -0.338443
   13      F    Py      -0.000000      -0.000000       0.000000      -0.338443      -0.076780
   14      F    Pz      -0.000000       0.000000       0.347037       0.000000      -0.000000
   15      F    Px       0.000000      -0.000000      -0.000000       0.027555      -0.121462
   16      F    Py       0.000000       0.000000       0.000000      -0.121462      -0.027555
   17      F    Pz      -0.000000      -0.000000       0.124562       0.000000      -0.000000
   18      F   Dxx      -0.000000       0.000000      -0.000001      -0.000000      -0.000000
   19      F   Dxy      -0.000000       0.000000       0.000000       0.000000       0.000000
   20      F   Dxz       0.000000      -0.000000      -0.000000       0.000000      -0.000001
   21      F   Dyy      -0.000000       0.000000      -0.000001       0.000000      -0.000000
   22      F   Dyz       0.000000       0.000000      -0.000000      -0.000001      -0.000000
   23      F   Dzz      -0.000000       0.000000       0.000001       0.000000      -0.000000
   24      F   Dxx      -0.000000       0.000000      -0.000006       0.000000      -0.000000
   25      F   Dxy      -0.000000       0.000000       0.000000      -0.000000       0.000000
   26      F   Dxz      -0.000000       0.000000       0.000000      -0.000000       0.000000
   27      F   Dyy      -0.000000       0.000000      -0.000006       0.000000      -0.000000
   28      F   Dyz      -0.000000      -0.000000       0.000000       0.000000       0.000000
   29      F   Dzz      -0.000000       0.000000      -0.000007       0.000000      -0.000000
   30      F   Dxx      -0.000000       0.000000      -0.000020       0.000000      -0.000000
   31      F   Dxy      -0.000000       0.000000       0.000000       0.000000      -0.000000
   32      F   Dxz       0.000000      -0.000000      -0.000000       0.000002      -0.000010
   33      F   Dyy      -0.000000       0.000000      -0.000020       0.000000      -0.000000
   34      F   Dyz       0.000000       0.000000       0.000000      -0.000010      -0.000002
   35      F   Dzz      -0.000000       0.000000      -0.000000       0.000000      -0.000000
   36      F  Fxxx       0.000000      -0.000000      -0.000000       0.003278      -0.014450
   37      F  Fxxy       0.000000       0.000000       0.000000      -0.006462      -0.001466
   38      F  Fxxz       0.000000      -0.000000       0.006627       0.000000      -0.000000
   39      F  Fxyy       0.000000      -0.000000      -0.000000       0.001466      -0.006462
   40      F  Fxyz       0.000000       0.000000       0.000000       0.000000       0.000000
   41      F  Fxzz       0.000000      -0.000000      -0.000000       0.001466      -0.006462
   42      F  Fyyy       0.000000       0.000000       0.000000      -0.014450      -0.003278
   43      F  Fyyz       0.000000      -0.000000       0.006627       0.000000      -0.000000
   44      F  Fyzz       0.000000       0.000000       0.000000      -0.006462      -0.001466
   45      F  Fzzz       0.000000      -0.000000       0.014817       0.000000      -0.000000
   46      F  Fxxx       0.000000      -0.000000      -0.000000       0.003264      -0.014389
   47      F  Fxxy       0.000000       0.000000       0.000000      -0.006435      -0.001460
   48      F  Fxxz       0.000000      -0.000000       0.006599       0.000000      -0.000000
   49      F  Fxyy       0.000000      -0.000000      -0.000000       0.001460      -0.006435
   50      F  Fxyz      -0.000000      -0.000000       0.000000      -0.000000       0.000000
   51      F  Fxzz       0.000000      -0.000000      -0.000000       0.001460      -0.006436
   52      F  Fyyy       0.000000       0.000000       0.000000      -0.014389      -0.003264
   53      F  Fyyz       0.000000      -0.000000       0.006599       0.000000      -0.000000
   54      F  Fyzz       0.000000       0.000000       0.000000      -0.006436      -0.001460
   55      F  Fzzz       0.000000      -0.000000       0.014757       0.000000      -0.000000
   56      F     S      -0.000000      -0.000000      -0.000002      -0.000000       0.000000
   57      F     S      -0.000000      -0.000000      -0.000004      -0.000000      -0.000000
   58      F     S       0.000000       0.000000      -0.000006      -0.000000       0.000000
   59      F     S      -0.000000      -0.000000       0.000022       0.000000      -0.000000
   60      F     S       0.000000       0.000000       0.000019       0.000000      -0.000000
   61      F    Px       0.003221      -0.407252       0.000000       0.000000      -0.000000
   62      F    Py       0.407252       0.003221       0.000000      -0.000000      -0.000000
   63      F    Pz       0.000000       0.000000      -0.000001      -0.000000      -0.000000
   64      F    Px       0.003582      -0.452954      -0.000000      -0.000000       0.000000
   65      F    Py       0.452954       0.003582      -0.000000       0.000000       0.000000
   66      F    Pz       0.000000       0.000000       0.000008       0.000000       0.000000
   67      F    Px       0.002331      -0.294718       0.000000      -0.000000       0.000002
   68      F    Py       0.294718       0.002331       0.000000       0.000002       0.000000
   69      F    Pz       0.000000       0.000000       0.000037       0.000000      -0.000000
   70      F    Px       0.000203      -0.025725      -0.000000       0.000000      -0.000002
   71      F    Py       0.025725       0.000203       0.000000      -0.000002      -0.000000
   72      F    Pz       0.000000      -0.000000      -0.000042      -0.000000       0.000000
   73      F   Dxx       0.000000       0.000000      -0.000000       0.000000       0.000000
   74      F   Dxy      -0.000000       0.000000       0.000000      -0.000000       0.000000
   75      F   Dxz       0.000000      -0.000017       0.000000      -0.000000       0.000000
   76      F   Dyy       0.000000       0.000000      -0.000000       0.000000       0.000000
   77      F   Dyz       0.000017       0.000000      -0.000000       0.000000       0.000000
   78      F   Dzz       0.000000       0.000000      -0.000000       0.000000       0.000000
   79      F   Dxx       0.000000       0.000000      -0.000006      -0.000000       0.000000
   80      F   Dxy       0.000000      -0.000000      -0.000000       0.000000      -0.000000
   81      F   Dxz       0.000000      -0.000036      -0.000000       0.000000      -0.000000
   82      F   Dyy       0.000000       0.000000      -0.000006      -0.000000       0.000000
   83      F   Dyz       0.000036       0.000000       0.000000      -0.000000      -0.000000
   84      F   Dzz       0.000000       0.000000      -0.000006      -0.000000       0.000000
   85      F   Dxx       0.000000      -0.000000      -0.000010      -0.000000       0.000000
   86      F   Dxy      -0.000000       0.000000       0.000000      -0.000000       0.000000
   87      F   Dxz       0.000008      -0.000969       0.000000      -0.000000       0.000000
   88      F   Dyy       0.000000       0.000000      -0.000010      -0.000000       0.000000
   89      F   Dyz       0.000969       0.000008       0.000000       0.000000       0.000000
   90      F   Dzz       0.000000       0.000000      -0.000010      -0.000000       0.000000
   91      F  Fxxx       0.000107      -0.013578       0.000000       0.000000      -0.000000
   92      F  Fxxy       0.006072       0.000048       0.000000      -0.000000      -0.000000
   93      F  Fxxz       0.000000      -0.000000      -0.000002      -0.000000      -0.000000
   94      F  Fxyy       0.000048      -0.006072       0.000000       0.000000      -0.000000
   95      F  Fxyz       0.000000       0.000000       0.000000      -0.000000      -0.000000
   96      F  Fxzz       0.000102      -0.012942      -0.000000       0.000000      -0.000000
   97      F  Fyyy       0.013578       0.000107       0.000000      -0.000000      -0.000000
   98      F  Fyyz      -0.000000      -0.000000      -0.000002      -0.000000      -0.000000
   99      F  Fyzz       0.012942       0.000102      -0.000000      -0.000000      -0.000000
  100      F  Fzzz       0.000000       0.000000      -0.000004      -0.000000      -0.000000
  101      F  Fxxx       0.000144      -0.018251      -0.000000       0.000000      -0.000001
  102      F  Fxxy       0.008162       0.000065      -0.000000      -0.000000      -0.000000
  103      F  Fxxz       0.000000      -0.000000      -0.000006      -0.000000      -0.000000
  104      F  Fxyy       0.000065      -0.008162      -0.000000       0.000000      -0.000000
  105      F  Fxyz       0.000000       0.000000       0.000000       0.000000       0.000000
  106      F  Fxzz       0.000119      -0.015046      -0.000000       0.000000      -0.000000
  107      F  Fyyy       0.018251       0.000144      -0.000000      -0.000001      -0.000000
  108      F  Fyyz      -0.000000      -0.000000      -0.000006      -0.000000      -0.000000
  109      F  Fyzz       0.015046       0.000119       0.000000      -0.000000      -0.000000
  110      F  Fzzz       0.000000      -0.000000      -0.000013      -0.000000      -0.000000
 
 
  Occupied Eigenvectors for: E-BETA
 --------------------------- 
 
                         -26.3046       -25.8320        -1.4228        -1.0760        -0.6242   
 
    1      F     S      -0.000000      -0.971097       0.000000      -0.009116       0.000000
    2      F     S      -0.000000       0.010669       0.000000       0.552321       0.000000
    3      F     S      -0.000000      -0.048938       0.000000       0.158722      -0.000000
    4      F     S       0.000000       0.016221      -0.000000       0.394989       0.000000
    5      F     S       0.000000       0.001155      -0.000000       0.037161       0.000000
    6      F    Px      -0.000000      -0.000000      -0.000000       0.000000       0.000000
    7      F    Py       0.000000      -0.000000      -0.000000      -0.000000      -0.000000
    8      F    Pz       0.000000      -0.000000      -0.000000       0.000001      -0.000000
    9      F    Px       0.000000       0.000000       0.000000      -0.000000      -0.000000
   10      F    Py      -0.000000       0.000000       0.000000       0.000000       0.000000
   11      F    Pz      -0.000000       0.000001       0.000000       0.000002      -0.000000
   12      F    Px       0.000000       0.000000       0.000000      -0.000000      -0.000000
   13      F    Py      -0.000000       0.000000       0.000000       0.000000       0.000000
   14      F    Pz      -0.000000       0.000000       0.000000       0.000006      -0.000000
   15      F    Px      -0.000000      -0.000000      -0.000000       0.000000       0.000000
   16      F    Py       0.000000      -0.000000      -0.000000      -0.000000      -0.000000
   17      F    Pz       0.000000      -0.000000      -0.000000       0.000002       0.000000
   18      F   Dxx      -0.000000      -0.002835       0.000000       0.001454      -0.000000
   19      F   Dxy      -0.000000      -0.000000      -0.000000      -0.000000       0.000000
   20      F   Dxz       0.000000       0.000000       0.000000      -0.000000       0.000000
   21      F   Dyy      -0.000000      -0.002835       0.000000       0.001454      -0.000000
   22      F   Dyz       0.000000      -0.000000      -0.000000      -0.000000      -0.000000
   23      F   Dzz      -0.000000      -0.002835       0.000000       0.001454      -0.000000
   24      F   Dxx      -0.000000      -0.007980       0.000000      -0.002599      -0.000000
   25      F   Dxy       0.000000       0.000000      -0.000000       0.000000      -0.000000
   26      F   Dxz      -0.000000       0.000000       0.000000      -0.000000      -0.000000
   27      F   Dyy      -0.000000      -0.007980       0.000000      -0.002599      -0.000000
   28      F   Dyz       0.000000       0.000000       0.000000       0.000000       0.000000
   29      F   Dzz      -0.000000      -0.007980       0.000000      -0.002599      -0.000000
   30      F   Dxx      -0.000000      -0.002727       0.000000      -0.002018      -0.000000
   31      F   Dxy      -0.000000       0.000000      -0.000000      -0.000000       0.000000
   32      F   Dxz       0.000000       0.000000       0.000000      -0.000000       0.000000
   33      F   Dyy      -0.000000      -0.002727       0.000000      -0.002018      -0.000000
   34      F   Dyz       0.000000      -0.000000      -0.000000       0.000000      -0.000000
   35      F   Dzz      -0.000000      -0.002727       0.000000      -0.002016      -0.000000
   36      F  Fxxx      -0.000000      -0.000000      -0.000000       0.000000       0.000000
   37      F  Fxxy       0.000000      -0.000000      -0.000000      -0.000000      -0.000000
   38      F  Fxxz       0.000000      -0.000000      -0.000000      -0.000000       0.000000
   39      F  Fxyy      -0.000000      -0.000000      -0.000000       0.000000       0.000000
   40      F  Fxyz       0.000000       0.000000      -0.000000       0.000000      -0.000000
   41      F  Fxzz      -0.000000      -0.000000      -0.000000       0.000000       0.000000
   42      F  Fyyy       0.000000      -0.000000      -0.000000      -0.000000      -0.000000
   43      F  Fyyz       0.000000      -0.000000      -0.000000      -0.000000       0.000000
   44      F  Fyzz       0.000000      -0.000000      -0.000000      -0.000000      -0.000000
   45      F  Fzzz       0.000000      -0.000000      -0.000000      -0.000000       0.000000
   46      F  Fxxx      -0.000000      -0.000000      -0.000000       0.000000       0.000000
   47      F  Fxxy       0.000000      -0.000000      -0.000000      -0.000000      -0.000000
   48      F  Fxxz       0.000000      -0.000000      -0.000000      -0.000000       0.000000
   49      F  Fxyy      -0.000000      -0.000000      -0.000000       0.000000       0.000000
   50      F  Fxyz       0.000000       0.000000       0.000000       0.000000       0.000000
   51      F  Fxzz      -0.000000      -0.000000      -0.000000       0.000000       0.000000
   52      F  Fyyy       0.000000      -0.000000      -0.000000      -0.000000      -0.000000
   53      F  Fyyz       0.000000      -0.000000      -0.000000      -0.000000       0.000000
   54      F  Fyzz       0.000000      -0.000000      -0.000000      -0.000000      -0.000000
   55      F  Fzzz       0.000000      -0.000000      -0.000000      -0.000000       0.000000
   56      F     S       0.971622       0.000000      -0.005862      -0.000000       0.000000
   57      F     S      -0.011281       0.000000       0.566234      -0.000000       0.000000
   58      F     S       0.047534       0.000000       0.162868      -0.000000      -0.000000
   59      F     S      -0.016326      -0.000000       0.400082       0.000000       0.000000
   60      F     S      -0.001144      -0.000000       0.021102       0.000000       0.000000
   61      F    Px       0.000000      -0.000000       0.000000       0.000000       0.395901
   62      F    Py      -0.000000      -0.000000      -0.000000      -0.000000      -0.049591
   63      F    Pz      -0.000003       0.000000       0.000529      -0.000000      -0.000000
   64      F    Px      -0.000000       0.000000       0.000000      -0.000000       0.436763
   65      F    Py       0.000000       0.000000       0.000000       0.000000      -0.054709
   66      F    Pz       0.000022      -0.000000       0.000649       0.000000      -0.000000
   67      F    Px       0.000000       0.000000      -0.000000      -0.000000       0.308892
   68      F    Py       0.000000       0.000000       0.000000       0.000000      -0.038692
   69      F    Pz       0.000005      -0.000000       0.000827       0.000000      -0.000000
   70      F    Px      -0.000000      -0.000000       0.000000       0.000000       0.034734
   71      F    Py       0.000000      -0.000000      -0.000000      -0.000000      -0.004351
   72      F    Pz      -0.000001       0.000000       0.000092      -0.000000      -0.000000
   73      F   Dxx       0.003523       0.000000       0.005051      -0.000000      -0.000000
   74      F   Dxy      -0.000000       0.000000      -0.000000       0.000000       0.000000
   75      F   Dxz      -0.000000      -0.000000      -0.000000       0.000000       0.000070
   76      F   Dyy       0.003523       0.000000       0.005051      -0.000000      -0.000000
   77      F   Dyz       0.000000      -0.000000       0.000000       0.000000      -0.000009
   78      F   Dzz       0.002126       0.000000      -0.007365      -0.000000      -0.000000
   79      F   Dxx       0.008138       0.000000       0.004620      -0.000000      -0.000000
   80      F   Dxy       0.000000      -0.000000      -0.000000      -0.000000       0.000000
   81      F   Dxz      -0.000000       0.000000      -0.000000      -0.000000       0.000103
   82      F   Dyy       0.008138       0.000000       0.004620      -0.000000      -0.000000
   83      F   Dyz       0.000000       0.000000       0.000000      -0.000000      -0.000013
   84      F   Dzz       0.007866       0.000000      -0.020631      -0.000000      -0.000000
   85      F   Dxx       0.002712       0.000000      -0.005002      -0.000000      -0.000000
   86      F   Dxy      -0.000000       0.000000      -0.000000       0.000000      -0.000000
   87      F   Dxz       0.000000      -0.000000      -0.000000       0.000000       0.001064
   88      F   Dyy       0.002712       0.000000      -0.005002      -0.000000      -0.000000
   89      F   Dyz       0.000000      -0.000000       0.000000       0.000000      -0.000133
   90      F   Dzz       0.002655       0.000000      -0.017004      -0.000000      -0.000000
   91      F  Fxxx       0.000000      -0.000000      -0.000000       0.000000       0.017742
   92      F  Fxxy      -0.000000      -0.000000      -0.000000      -0.000000      -0.000994
   93      F  Fxxz      -0.000004       0.000000       0.000010      -0.000000      -0.000000
   94      F  Fxyy       0.000000      -0.000000      -0.000000       0.000000       0.007935
   95      F  Fxyz       0.000000       0.000000      -0.000000      -0.000000       0.000000
   96      F  Fxzz       0.000000      -0.000000      -0.000000       0.000000       0.007086
   97      F  Fyyy      -0.000000      -0.000000      -0.000000      -0.000000      -0.002222
   98      F  Fyyz      -0.000004       0.000000       0.000010      -0.000000      -0.000000
   99      F  Fyzz      -0.000000      -0.000000      -0.000000      -0.000000      -0.000888
  100      F  Fzzz      -0.000009       0.000000       0.000018      -0.000000      -0.000000
  101      F  Fxxx       0.000000      -0.000000       0.000000       0.000000       0.023226
  102      F  Fxxy      -0.000000      -0.000000      -0.000000      -0.000000      -0.001301
  103      F  Fxxz      -0.000003       0.000000       0.000040      -0.000000      -0.000000
  104      F  Fxyy       0.000000      -0.000000      -0.000000       0.000000       0.010387
  105      F  Fxyz       0.000000       0.000000      -0.000000       0.000000       0.000000
  106      F  Fxzz       0.000000      -0.000000      -0.000000       0.000000       0.009391
  107      F  Fyyy      -0.000000      -0.000000      -0.000000      -0.000000      -0.002909
  108      F  Fyyz      -0.000003       0.000000       0.000040      -0.000000      -0.000000
  109      F  Fyzz      -0.000000      -0.000000      -0.000000      -0.000000      -0.001176
  110      F  Fzzz      -0.000007       0.000000       0.000006      -0.000000      -0.000000
 
                          -0.6242        -0.1811        -0.1811        -0.1811   
 
    1      F     S       0.000000      -0.000000       0.000000      -0.000003
    2      F     S       0.000000      -0.000000       0.000000      -0.000018
    3      F     S      -0.000000      -0.000000       0.000000      -0.000010
    4      F     S       0.000000       0.000000      -0.000000       0.000003
    5      F     S       0.000000       0.000000      -0.000000       0.000067
    6      F    Px       0.000000       0.101456       0.354264       0.000000
    7      F    Py       0.000000       0.354264      -0.101456       0.000000
    8      F    Pz      -0.000000      -0.000000      -0.000000       0.368501
    9      F    Px      -0.000000       0.112766       0.393757       0.000000
   10      F    Py      -0.000000       0.393757      -0.112766       0.000000
   11      F    Pz      -0.000000      -0.000000      -0.000000       0.409580
   12      F    Px      -0.000000       0.095555       0.333659       0.000000
   13      F    Py      -0.000000       0.333659      -0.095555       0.000000
   14      F    Pz      -0.000000      -0.000000      -0.000000       0.347067
   15      F    Px       0.000000       0.034318       0.119833       0.000000
   16      F    Py       0.000000       0.119833      -0.034318       0.000000
   17      F    Pz      -0.000000      -0.000000      -0.000000       0.124672
   18      F   Dxx      -0.000000      -0.000000       0.000000      -0.000001
   19      F   Dxy       0.000000       0.000000      -0.000000      -0.000000
   20      F   Dxz       0.000000       0.000000       0.000001      -0.000000
   21      F   Dyy      -0.000000      -0.000000       0.000000      -0.000001
   22      F   Dyz       0.000000       0.000001      -0.000000       0.000000
   23      F   Dzz      -0.000000      -0.000000       0.000000       0.000001
   24      F   Dxx      -0.000000      -0.000000       0.000000      -0.000006
   25      F   Dxy      -0.000000      -0.000000       0.000000       0.000000
   26      F   Dxz      -0.000000      -0.000000      -0.000000       0.000000
   27      F   Dyy      -0.000000      -0.000000       0.000000      -0.000006
   28      F   Dyz      -0.000000      -0.000000       0.000000      -0.000000
   29      F   Dzz      -0.000000      -0.000000       0.000000      -0.000007
   30      F   Dxx      -0.000000      -0.000000       0.000000      -0.000020
   31      F   Dxy       0.000000       0.000000      -0.000000      -0.000000
   32      F   Dxz       0.000000       0.000003       0.000010       0.000000
   33      F   Dyy      -0.000000      -0.000000       0.000000      -0.000020
   34      F   Dyz       0.000000       0.000010      -0.000003       0.000000
   35      F   Dzz      -0.000000      -0.000000       0.000000      -0.000000
   36      F  Fxxx       0.000000       0.004080       0.014245       0.000000
   37      F  Fxxy       0.000000       0.006371      -0.001824       0.000000
   38      F  Fxxz       0.000000      -0.000000      -0.000000       0.006627
   39      F  Fxyy       0.000000       0.001824       0.006371       0.000000
   40      F  Fxyz      -0.000000      -0.000000      -0.000000       0.000000
   41      F  Fxzz       0.000000       0.001824       0.006370       0.000000
   42      F  Fyyy       0.000000       0.014245      -0.004080       0.000000
   43      F  Fyyz       0.000000      -0.000000      -0.000000       0.006627
   44      F  Fyzz       0.000000       0.006370      -0.001824       0.000000
   45      F  Fzzz       0.000000      -0.000000      -0.000000       0.014818
   46      F  Fxxx       0.000000       0.004063       0.014187       0.000000
   47      F  Fxxy       0.000000       0.006345      -0.001817       0.000000
   48      F  Fxxz       0.000000      -0.000000      -0.000000       0.006600
   49      F  Fxyy       0.000000       0.001817       0.006345       0.000000
   50      F  Fxyz       0.000000       0.000000      -0.000000       0.000000
   51      F  Fxzz       0.000000       0.001817       0.006346       0.000000
   52      F  Fyyy       0.000000       0.014187      -0.004063       0.000000
   53      F  Fyyz       0.000000      -0.000000      -0.000000       0.006600
   54      F  Fyzz       0.000000       0.006346      -0.001817       0.000000
   55      F  Fzzz       0.000000      -0.000000      -0.000000       0.014760
   56      F     S      -0.000000      -0.000000      -0.000000      -0.000002
   57      F     S      -0.000000      -0.000000      -0.000000      -0.000004
   58      F     S       0.000000       0.000000       0.000000      -0.000006
   59      F     S      -0.000000      -0.000000      -0.000000       0.000022
   60      F     S       0.000000      -0.000000       0.000000       0.000019
   61      F    Px       0.049591       0.000000       0.000000       0.000000
   62      F    Py       0.395901       0.000000      -0.000000       0.000000
   63      F    Pz       0.000000       0.000000       0.000000      -0.000004
   64      F    Px       0.054709      -0.000000      -0.000000       0.000000
   65      F    Py       0.436763      -0.000000       0.000000       0.000000
   66      F    Pz       0.000000      -0.000000      -0.000000       0.000005
   67      F    Px       0.038692      -0.000001      -0.000002       0.000000
   68      F    Py       0.308892      -0.000002       0.000001       0.000000
   69      F    Pz       0.000000      -0.000000      -0.000000       0.000034
   70      F    Px       0.004351       0.000001       0.000002       0.000000
   71      F    Py       0.034734       0.000002      -0.000001       0.000000
   72      F    Pz       0.000000       0.000000       0.000000      -0.000043
   73      F   Dxx       0.000000       0.000000       0.000000      -0.000000
   74      F   Dxy       0.000000       0.000000      -0.000000       0.000000
   75      F   Dxz       0.000009      -0.000000      -0.000000      -0.000000
   76      F   Dyy       0.000000       0.000000       0.000000      -0.000000
   77      F   Dyz       0.000070      -0.000000       0.000000      -0.000000
   78      F   Dzz       0.000000       0.000000       0.000000      -0.000000
   79      F   Dxx       0.000000       0.000000       0.000000      -0.000006
   80      F   Dxy      -0.000000       0.000000      -0.000000      -0.000000
   81      F   Dxz       0.000013       0.000000       0.000000       0.000000
   82      F   Dyy       0.000000       0.000000       0.000000      -0.000006
   83      F   Dyz       0.000103       0.000000      -0.000000      -0.000000
   84      F   Dzz       0.000000       0.000000       0.000000      -0.000006
   85      F   Dxx       0.000000       0.000000      -0.000000      -0.000010
   86      F   Dxy      -0.000000       0.000000       0.000000       0.000000
   87      F   Dxz       0.000133      -0.000000      -0.000000      -0.000000
   88      F   Dyy       0.000000       0.000000      -0.000000      -0.000010
   89      F   Dyz       0.001064      -0.000000       0.000000       0.000000
   90      F   Dzz       0.000000       0.000000      -0.000000      -0.000010
   91      F  Fxxx       0.002222       0.000000       0.000000       0.000000
   92      F  Fxxy       0.007935       0.000000      -0.000000      -0.000000
   93      F  Fxxz       0.000000       0.000000       0.000000      -0.000002
   94      F  Fxyy       0.000994       0.000000       0.000000       0.000000
   95      F  Fxyz       0.000000      -0.000000       0.000000      -0.000000
   96      F  Fxzz       0.000888       0.000000       0.000000       0.000000
   97      F  Fyyy       0.017742       0.000000      -0.000000      -0.000000
   98      F  Fyyz       0.000000       0.000000       0.000000      -0.000002
   99      F  Fyzz       0.007086       0.000000      -0.000000      -0.000000
  100      F  Fzzz       0.000000       0.000000       0.000000      -0.000004
  101      F  Fxxx       0.002909       0.000000       0.000001       0.000000
  102      F  Fxxy       0.010387       0.000000      -0.000000      -0.000000
  103      F  Fxxz       0.000000       0.000000       0.000000      -0.000006
  104      F  Fxyy       0.001301       0.000000       0.000000       0.000000
  105      F  Fxyz      -0.000000       0.000000       0.000000       0.000000
  106      F  Fxzz       0.001176       0.000000       0.000000       0.000000
  107      F  Fyyy       0.023226       0.000001      -0.000000      -0.000000
  108      F  Fyyz       0.000000       0.000000       0.000000      -0.000006
  109      F  Fyzz       0.009391       0.000000      -0.000000      -0.000000
  110      F  Fzzz       0.000000       0.000000       0.000000      -0.000013
 
 
  end of eigenvectors 
 
  END OF EIGENVALUES AND EIGENVECTORS
 
 
  COMPONENTS OF KINETIC ENERGY: 
 -----------------------------
 
             E-ALPHA Kinetic energy =          101.328322610580
              E-BETA Kinetic energy =           97.510572080268
                                     _________________________
               Total kinetic energy =          198.838894690848
 
  COMPONENTS OF POTENTIAL ENERGY: 
 -------------------------------
 
          Fixed potential energy    =            4.511932335625
 
  Quantum/Fixed interaction energy: 
 ----------------------------------
 
     E-ALPHA/Fixed interact. energy =         -252.221457749975
      E-BETA/Fixed interact. energy =         -239.368448293186
                                     _________________________
               Total Q/Fixed energy =         -491.589906043160
 
  Coulomb energy: 
 ------------------
 
     E-ALPHA/E-ALPHA Hartree energy =           29.943799761036
       E-BETA/E-BETA Hartree energy =           25.160886305268
      E-ALPHA/E-BETA Hartree energy =           54.589227776069
                                     _________________________
               Total Hartree energy =          109.693913842373
 
  Exchange(HF) energy: 
 ----------------------
 
            E-ALPHA Exchange energy =          -10.573621192445
             E-BETA Exchange energy =           -9.740374492781
                                     _________________________
              Total Exchange energy =          -20.313995685226
 
  TOTAL ENERGY COMPONENTS: 
 ==========================
 
          TOTAL KINETIC ENERGY      =          198.838894690848
          TOTAL POTENTIAL ENERGY    =         -397.698055550388
                                     _________________________
                       TOTAL ENERGY =         -198.859160859541
 
                 VIRIAL RATIO (V/T) =            2.000101922558
 
 
  END ENERGY COMPONENTS
 
 
** TOTAL CPU Time SCF :      8.454 (s)
** TOTAL Elapsed Time SCF :      1.869 (s)
 
 We are calculating properties for E-ALPHA in the HF/KS ground state
 We are calculating properties for E-BETA in the HF/KS ground state
 
  POPULATION ANALYSES: 
 ====================
 
 MULLIKEN Population: for E-        
 ---------------------
 
                          total          spin      
 
    1      F     S       1.941349      -0.000000
    2      F     S       1.045645       0.000032
    3      F     S       0.262436       0.000012
    4      F     S       0.710815      -0.000015
    5      F     S       0.044752      -0.000013
    6      F    Px       0.517694       0.000051
    7      F    Py       0.517694       0.000051
    8      F    Pz       0.517686       0.000054
    9      F    Px       0.749509       0.000055
   10      F    Py       0.749509       0.000055
   11      F    Pz       0.749499       0.000058
   12      F    Px       0.549173      -0.000042
   13      F    Py       0.549173      -0.000042
   14      F    Pz       0.549167      -0.000044
   15      F    Px       0.111821      -0.000060
   16      F    Py       0.111821      -0.000060
   17      F    Pz       0.111840      -0.000064
   18      F   Dxx       0.002704      -0.000000
   19      F   Dxy       0.000000      -0.000000
   20      F   Dxz       0.000000       0.000000
   21      F   Dyy       0.002704      -0.000000
   22      F   Dyz       0.000000       0.000000
   23      F   Dzz       0.002704       0.000000
   24      F   Dxx      -0.002853      -0.000002
   25      F   Dxy      -0.000000      -0.000000
   26      F   Dxz      -0.000000       0.000000
   27      F   Dyy      -0.002853      -0.000002
   28      F   Dyz      -0.000000       0.000000
   29      F   Dzz      -0.002853      -0.000002
   30      F   Dxx      -0.001517      -0.000003
   31      F   Dxy       0.000000       0.000000
   32      F   Dxz       0.000000      -0.000000
   33      F   Dyy      -0.001517      -0.000003
   34      F   Dyz       0.000000      -0.000000
   35      F   Dzz      -0.001516      -0.000003
   36      F  Fxxx       0.022479      -0.000000
   37      F  Fxxy       0.007493      -0.000000
   38      F  Fxxz       0.007493      -0.000000
   39      F  Fxyy       0.007493      -0.000000
   40      F  Fxyz       0.000000       0.000000
   41      F  Fxzz       0.007493       0.000000
   42      F  Fyyy       0.022479      -0.000000
   43      F  Fyyz       0.007493      -0.000000
   44      F  Fyzz       0.007493       0.000000
   45      F  Fzzz       0.022479       0.000000
   46      F  Fxxx       0.020603      -0.000002
   47      F  Fxxy       0.006868      -0.000001
   48      F  Fxxz       0.006868      -0.000001
   49      F  Fxyy       0.006868      -0.000001
   50      F  Fxyz       0.000000      -0.000000
   51      F  Fxzz       0.006869      -0.000001
   52      F  Fyyy       0.020603      -0.000002
   53      F  Fyyz       0.006868      -0.000001
   54      F  Fyzz       0.006869      -0.000001
   55      F  Fzzz       0.020607      -0.000002
   56      F     S       1.941029      -0.001245
   57      F     S       1.096607       0.019682
   58      F     S       0.276217       0.007293
   59      F     S       0.699218      -0.013191
   60      F     S       0.022591      -0.001848
   61      F    Px       0.604443       0.010677
   62      F    Py       0.604443       0.010677
   63      F    Pz       0.319673       0.319671
   64      F    Px       0.836912       0.012949
   65      F    Py       0.836912       0.012949
   66      F    Pz       0.444252       0.444250
   67      F    Px       0.443666      -0.016799
   68      F    Py       0.443666      -0.016799
   69      F    Pz       0.189366       0.189363
   70      F    Px       0.020810      -0.003704
   71      F    Py       0.020810      -0.003704
   72      F    Pz       0.003979       0.003979
   73      F   Dxx       0.002623      -0.004884
   74      F   Dxy       0.000000      -0.000000
   75      F   Dxz       0.000000      -0.000000
   76      F   Dyy       0.002623      -0.004884
   77      F   Dyz       0.000000      -0.000000
   78      F   Dzz       0.001734       0.010118
   79      F   Dxx      -0.005372      -0.011897
   80      F   Dxy       0.000000       0.000000
   81      F   Dxz       0.000000      -0.000000
   82      F   Dyy      -0.005372      -0.011897
   83      F   Dyz       0.000000      -0.000000
   84      F   Dzz      -0.007031       0.018253
   85      F   Dxx      -0.007046      -0.003351
   86      F   Dxy       0.000000       0.000000
   87      F   Dxz       0.000002      -0.000000
   88      F   Dyy      -0.007046      -0.003351
   89      F   Dyz       0.000002      -0.000000
   90      F   Dzz      -0.010774       0.001209
   91      F  Fxxx       0.024653      -0.003347
   92      F  Fxxy       0.008218      -0.001116
   93      F  Fxxz       0.001657       0.001657
   94      F  Fxyy       0.008218      -0.001116
   95      F  Fxyz       0.000000       0.000000
   96      F  Fxzz       0.011823       0.003503
   97      F  Fyyy       0.024653      -0.003347
   98      F  Fyyz       0.001657       0.001657
   99      F  Fyzz       0.011823       0.003503
  100      F  Fzzz       0.017452       0.017452
  101      F  Fxxx       0.027887      -0.003711
  102      F  Fxxy       0.009296      -0.001237
  103      F  Fxxz       0.002510       0.002510
  104      F  Fxyy       0.009296      -0.001237
  105      F  Fxyz       0.000000       0.000000
  106      F  Fxzz       0.012290       0.002786
  107      F  Fyyy       0.027887      -0.003711
  108      F  Fyyz       0.002510       0.002510
  109      F  Fyzz       0.012290       0.002786
  110      F  Fzzz       0.016945       0.016945
 
                           __________     __________
              Total =       19.000000       1.000000
 
  Atomic MULLIKEN Population: for E-        
            F               10.000000       0.000000
            F                9.000000       1.000000
 
 ...end of MULLIKEN Population
 
 
 END POPULATION ANALYSES 
 
 
  POPULATION ANALYSES: 
 ====================
 
 LOWDIN Population: for E-        
 ---------------------
 
                          total          spin      
 
    1      F     S       1.574930       0.000000
    2      F     S       0.608072       0.000010
    3      F     S       0.411737       0.000008
    4      F     S       0.305124      -0.000006
    5      F     S       0.084081      -0.000008
    6      F    Px       0.463732       0.000048
    7      F    Py       0.463732       0.000048
    8      F    Pz       0.463725       0.000051
    9      F    Px       0.354927       0.000022
   10      F    Py       0.354927       0.000022
   11      F    Pz       0.354923       0.000023
   12      F    Px       0.317053      -0.000033
   13      F    Py       0.317053      -0.000033
   14      F    Pz       0.317056      -0.000035
   15      F    Px       0.120968      -0.000051
   16      F    Py       0.120968      -0.000051
   17      F    Pz       0.120982      -0.000054
   18      F   Dxx       0.154860       0.000005
   19      F   Dxy      -0.000000      -0.000000
   20      F   Dxz       0.000000       0.000000
   21      F   Dyy       0.154860       0.000005
   22      F   Dyz       0.000000       0.000000
   23      F   Dzz       0.154860       0.000005
   24      F   Dxx       0.152907      -0.000002
   25      F   Dxy      -0.000000       0.000000
   26      F   Dxz       0.000000      -0.000000
   27      F   Dyy       0.152907      -0.000002
   28      F   Dyz       0.000000      -0.000000
   29      F   Dzz       0.152907      -0.000002
   30      F   Dxx       0.030919      -0.000004
   31      F   Dxy      -0.000000       0.000000
   32      F   Dxz       0.000000      -0.000000
   33      F   Dyy       0.030919      -0.000004
   34      F   Dyz       0.000000      -0.000000
   35      F   Dzz       0.030919      -0.000004
   36      F  Fxxx       0.221987       0.000015
   37      F  Fxxy       0.096836       0.000007
   38      F  Fxxz       0.096834       0.000007
   39      F  Fxyy       0.096836       0.000007
   40      F  Fxyz       0.000000      -0.000000
   41      F  Fxzz       0.096836       0.000007
   42      F  Fyyy       0.221987       0.000015
   43      F  Fyyz       0.096834       0.000007
   44      F  Fyzz       0.096836       0.000007
   45      F  Fzzz       0.221985       0.000016
   46      F  Fxxx       0.175799      -0.000007
   47      F  Fxxy       0.075931      -0.000004
   48      F  Fxxz       0.075931      -0.000004
   49      F  Fxyy       0.075931      -0.000004
   50      F  Fxyz       0.000000      -0.000000
   51      F  Fxzz       0.075932      -0.000004
   52      F  Fyyy       0.175799      -0.000007
   53      F  Fyyz       0.075931      -0.000004
   54      F  Fyzz       0.075932      -0.000004
   55      F  Fzzz       0.175800      -0.000008
   56      F     S       1.575420      -0.000286
   57      F     S       0.624743       0.005408
   58      F     S       0.422902       0.004864
   59      F     S       0.295498      -0.004323
   60      F     S       0.068687      -0.003140
   61      F    Px       0.543657       0.010444
   62      F    Py       0.543657       0.010444
   63      F    Pz       0.289464       0.289463
   64      F    Px       0.393922       0.003373
   65      F    Py       0.393922       0.003373
   66      F    Pz       0.204899       0.204898
   67      F    Px       0.249312      -0.009066
   68      F    Py       0.249312      -0.009066
   69      F    Pz       0.108281       0.108279
   70      F    Px       0.043290      -0.004021
   71      F    Py       0.043290      -0.004021
   72      F    Pz       0.014595       0.014595
   73      F   Dxx       0.163348      -0.002326
   74      F   Dxy       0.000000      -0.000000
   75      F   Dxz       0.000000      -0.000000
   76      F   Dyy       0.163348      -0.002326
   77      F   Dyz       0.000000      -0.000000
   78      F   Dzz       0.162419       0.013931
   79      F   Dxx       0.151802      -0.009860
   80      F   Dxy       0.000000       0.000000
   81      F   Dxz       0.000000      -0.000000
   82      F   Dyy       0.151802      -0.009860
   83      F   Dyz       0.000000      -0.000000
   84      F   Dzz       0.149083       0.014143
   85      F   Dxx       0.024320      -0.003790
   86      F   Dxy       0.000000       0.000000
   87      F   Dxz       0.000002      -0.000000
   88      F   Dyy       0.024320      -0.003790
   89      F   Dyz       0.000002      -0.000000
   90      F   Dzz       0.022308       0.001360
   91      F  Fxxx       0.247911       0.000774
   92      F  Fxxy       0.108241       0.000464
   93      F  Fxxz       0.054808       0.054808
   94      F  Fxyy       0.108241       0.000464
   95      F  Fxyz       0.000000       0.000000
   96      F  Fxzz       0.111173       0.004249
   97      F  Fyyy       0.247911       0.000774
   98      F  Fyyz       0.054808       0.054808
   99      F  Fyzz       0.111173       0.004249
  100      F  Fzzz       0.133670       0.133669
  101      F  Fxxx       0.162047      -0.004996
  102      F  Fxxy       0.069086      -0.002124
  103      F  Fxxz       0.030641       0.030641
  104      F  Fxyy       0.069086      -0.002124
  105      F  Fxyz       0.000000       0.000000
  106      F  Fxzz       0.071360       0.000902
  107      F  Fyyy       0.162047      -0.004996
  108      F  Fyyz       0.030641       0.030641
  109      F  Fyzz       0.071360       0.000902
  110      F  Fzzz       0.078192       0.078191
 
                           __________     __________
              Total =       19.000000       1.000000
 
  Atomic LOWDIN Population: for E-        
            F               10.000000       0.000000
            F                9.000000       1.000000
 
 ...end of LOWDIN Population
 
 
 END POPULATION ANALYSES 
 
 
  EXPECTED POSITIONS OF QUANTUM SPECIES:
 ======================
 
 POSITIONS IN ANGSTROMS
 ------
 
                        <x>      <y>      <z>         
            E-ALPHA  -0.0000  -0.0000  47.5024
             E-BETA   0.0000   0.0000  38.0025
 
 END EXPECTED POSITIONS
 
 
  ELECTROSTATIC MOMENTS:
 ======================
 
 
 DIPOLE: (A.U.)
 ------
 
                           <Dx>         <Dy>         <Dz>          |D|
            E-ALPHA   0.00000000   0.00000000 -89.76654715
             E-BETA  -0.00000000  -0.00000000 -71.81422840
    Point charges:    0.00000000   0.00000000 161.57157195
                     ____________________________
      Total Dipole:  -0.00000000  -0.00000000  -0.00920360   0.00920360
 
 DIPOLE: (DEBYE)
 ------
 
                           <Dx>         <Dy>         <Dz>          |D|
            E-ALPHA   0.00000000   0.00000000-228.16377468
             E-BETA  -0.00000000  -0.00000000-182.53353780
    Point charges:    0.00000000   0.00000000 410.67391926
                     ____________________________
      Total Dipole:  -0.00000000  -0.00000000  -0.02339321   0.02339321
 
 QUADRUPOLE NON-TRACELESS: (DEBYE ANGS)
 ------
 
                           <xx>         <yy>         <zz>         <xy>         <xz>         <yz>
            E-ALPHA   -6.15024240   -6.15024240-2173.82572267    0.00000000   -0.00000000    0.00000000
             E-BETA   -5.93870686   -5.93870686-1739.18541131   -0.00000000    0.00000000   -0.00000000
    Point charges:     0.00000000    0.00000000 3901.40178793    0.00000000    0.00000000    0.00000000
  Total Quadrupole:  -12.08894925  -12.08894925  -11.60934606   -0.00000000    0.00000000   -0.00000000
                     ____________________________
 
 END ELECTROSTATIC MOMENTS
 
 
 BEGIN FOUR-INDEX INTEGRALS TRANFORMATION:
 ========================================
 Selected method: C         
 
 --------------------------------------------------
    4N^5 Algorithm Four-index integral tranformation
 --------------------------------------------------
 
 Integrals transformation for: E-ALPHA
 
              Transformation boundaries 
                 orbital lower upper
                       p     1    10
                       q    11   110
                       r     1    10
                       s    11   110
 
         Loading AO integrals time(s):  0.586E-02
      Integral transformation time(s):  0.240E+01
       Non-zero transformed integrals:       126714
 
 Inter-species integrals transformation for: E-ALPHA/E-BETA
 
              Transformation boundaries 
                 orbital lower upper
                       p     1     9
                       q    10   110
                       r     1    10
                       s    11   110
 
         Loading AO integrals time(s):  0.702E-02
      Integral transformation time(s):  0.987E+01
 Non zero transformed coupling integrals:       167563
 
 Integrals transformation for: E-BETA
 
              Transformation boundaries 
                 orbital lower upper
                       p     1     9
                       q    10   110
                       r     1     9
                       s    10   110
 
         Loading AO integrals time(s):  0.419E-02
      Integral transformation time(s):  0.229E+01
       Non-zero transformed integrals:       165106
 
** TOTAL Elapsed Time for integrals transformation :     14.826 (s)
 
 
  POST HARTREE-FOCK CALCULATION
  MANY-BODY PERTURBATION THEORY:
 ==============================
 
              MOLLER-PLESSET FORMALISM 
               ORDER OF CORRECTION =     2
 
                E(0) + E(1) =    -198.859160859541
                       E(2) =      -0.547356606269
                             ____________________
                     E(MP2) =    -199.406517465810
 
              -----------------------------------
               E(n){ Specie }     E(n) / Hartree 
              -----------------------------------
 
            E(2){ E-ALPHA } =      -0.078043998353
             E(2){ E-BETA } =      -0.059664828565
 
     E(2){ E-ALPHA/E-BETA } =      -0.409647779351
 
** TOTAL CPU Time HF-MBPT :      0.583 (s)
** TOTAL Elapsed Time HF-MBPT :      0.348 (s)
 

  TOTAL CPU Time:      0.241 (s)
 TOTAL Wall Time:     17.106 (s)
  Elapsed Time:   0h  0m 17s 106ms
LOWDIN execution terminated normally at : Tue Feb  4 17:06:13 2025
-rw-rw-r-- 1 pohl pohl  11M feb  4 17:05 0E-ALPHA.E-BETA.ints
-rw-rw-r-- 1 pohl pohl 5.5M feb  4 17:05 0E-ALPHA.ints
-rw-rw-r-- 1 pohl pohl  11M feb  4 17:05 1E-ALPHA.E-BETA.ints
-rw-rw-r-- 1 pohl pohl 5.5M feb  4 17:05 1E-ALPHA.ints
-rw-rw-r-- 1 pohl pohl  11M feb  4 17:05 2E-ALPHA.E-BETA.ints
-rw-rw-r-- 1 pohl pohl 5.5M feb  4 17:05 2E-ALPHA.ints
-rw-rw-r-- 1 pohl pohl  11M feb  4 17:05 3E-ALPHA.E-BETA.ints
-rw-rw-r-- 1 pohl pohl 5.5M feb  4 17:05 3E-ALPHA.ints
-rw-rw-r-- 1 pohl pohl   12 feb  4 17:05 E-ALPHA.E-BETA.nints
-rw-rw-r-- 1 pohl pohl 4.9M feb  4 17:06 E-ALPHAmoint.dat
-rw-rw-r-- 1 pohl pohl 4.2M feb  4 17:06 E-BETA.E-ALPHAmoint.dat
-rw-rw-r-- 1 pohl pohl 4.2M feb  4 17:06 E-BETAmoint.dat
-rw-rw-r-- 1 pohl pohl   64 feb  4 17:05 gepol.inp
-rw-rw-r-- 1 pohl pohl  182 feb  4 17:05 gepol.xyzr
-rw-rw-r-- 1 pohl pohl  13K feb  4 17:05 lowdin.bas
-rw-rw-r-- 1 pohl pohl  16K feb  4 17:05 lowdin.dat
-rw-rw-r-- 1 pohl pohl 2.3M feb  4 17:05 lowdin.opints
-rw-rw-r-- 1 pohl pohl  46K feb  4 17:05 lowdin.sys
-rw-rw-r-- 1 pohl pohl 2.1M feb  4 17:05 lowdin.wfn
-rw-rw-r-- 1 pohl pohl  258 feb  4 17:05 usual_45
-rw-rw-r-- 1 pohl pohl 1.1K feb  4 17:05 usual_45.aux
-rw-rw-r-- 1 pohl pohl  266 feb  4 17:05 usual_45.lowdin
-rw-rw-r-- 1 pohl pohl  86K feb  4 17:06 usual_45.out
-rw-rw-r-- 1 pohl pohl 192K feb  4 17:05 usual_45.vec
