Begin job by input: usual_2.lowdin, for user:   at  mar 18 feb 2025 17:31:03 -05
under operating system Linux helios 5.19.0-46-generic #47-Ubuntu SMP PREEMPT_DYNAMIC Fri Jun 16 13:30:11 UTC 2023 x86_64 x86_64 x86_64 GNU/Linux
Compilation information
  commit: f31d3924f6ee2ce9d77f07edcc1ba27359319d14
  compilation date:  mar 17 sep 2024 16:16:17 -05

BEGIN INPUT INFO:
------------------------------------

GEOMETRY
	e-(F)	AUG-CC-PVTZ -0.95 0.0 0.0 multiplicity=2 addParticles=2 
	e-(F)	AUG-CC-PVTZ 0.95 0.0 0.0 
	e-(F)	AUG-CC-PVTZ 0.0 0.0 0.9
	F	Dirac -0.95 0.0 0.0
	F	Dirac 0.95 0.0 0.0
	F	Dirac 0.0 0.0 0.9
END GEOMETRY

TASKS
        method = "UHF"
	mollerPlessetCorrection=2
END TASKS

CONTROL
	units="ANGS"
END CONTROL






... END INPUT INFO


 LOWDIN execution started at : Tue Feb 18 17:31:03 2025
 ---------------------------------------------------------------
 
 ***************************************************************
 *                   LOWDIN 2.0  (May/2013)                    *
 *                                                             *
 *  R. FLORES-MORENO, E. F. POSADA, F. S. MONCADA, J.ROMERO,   *
 *  J. CHARRY, M. DIAZ-TINOCO, S. A. GONZALEZ, N. F. AGUIRRE,  *
 *  A. REYES                                                   *
 *                                                             *
 *  https://sites.google.com/site/lowdinproject/               *
 *                                                             *
 ***************************************************************
 
 PARSING INPUT... DONE!
 
 LOWDIN IS RUNNING WITH NEXT PARAMETERS: 
 ----------------------------------------
 
         METHOD TYPE:  UHF
         NUMBER OF CORES:     4
         MOLLER PLESSET CORRECTION:      2
         NONELECTRONIC DENSITY GUESS: HCORE
         ELECTRONIC DENSITY GUESS: HCORE
         CRITERIUM OF CONVERGENCE: ENERGY
         NONELECTRONIC ENERGY TOLERANCE IN SCFs:     0.10000E-07
         ELECTRONIC ENERGY TOLERANCE IN SCFs:     0.10000E-07
         TOTAL ENERGY TOLERANCE IN SCFs:     0.10000E-07
         SCHEME OF ITERATION: GLOBAL ITERATIONS
         SCF MAX. SUBITERATIONS - NONELECTRONS :     1
         SCF MAX. SUBITERATIONS - ELECTRONS :     1
         SCF MAX. ITERATIONS - INTERSPECIES :   200
         INTEGRAL STORAGE: DISK
         STACK SIZE FOR ERIS : 30000
         METHOD OF SCF CONVERGENCE: DAMPING
 
  MOLECULAR SYSTEM: usual_2
 -----------------
 
    DESCRIPTION   : usual_2
    CHARGE        :   1
    PUNTUAL GROUP : NONE
 
 
  INFORMATION OF PARTICLES :
 =========================
         Total number of particles   =      32
         Number of quantum particles =      29
         Number of puntual charges   =       3
         Number of quantum species   =       2
 
                 INFORMATION OF QUANTUM SPECIES 
    ----------------------------------------------------------------------
         ID      Symbol            mass     charge      omega     spin     multiplicity
    ----------------------------------------------------------------------
         1        E-ALPHA         1.0000     -1.00      0.00      0.50      2.00
         2         E-BETA         1.0000     -1.00      0.00      0.50      2.00
 
                   CONSTANTS OF COUPLING 
      ------------------------------------------------------------
              Symbol      kappa        eta     lambda occupation
      ------------------------------------------------------------
             E-ALPHA      -1.00       1.00       1.00      15.00
              E-BETA      -1.00       1.00       1.00      14.00
 
                   BASIS SET FOR SPECIES 
      ------------------------------------------------------------
           Symbol          N. Basis     N. Particles     Basis Set
      ------------------------------------------------------------
            E-ALPHA           42               15     AUG-CC-PVT
             E-BETA           42               14     AUG-CC-PVT
 
                                ATOMIC BASIS
         ------------------------------------------------------------
          PRIMITIVE   SHELL             EXPONENT         COEFFICIENT 
         ------------------------------------------------------------
 
    BEGIN DESCRIPTION OF BASIS FOR: E-ALP
    ==============================
 
 
             F BASIS SET:    AUG-CC-PVTZ
             1         S            19500.00000000          0.00050700
             2         S             2923.00000000          0.00392300
             3         S              664.50000000          0.02020000
             4         S              187.50000000          0.07901000
             5         S               60.62000000          0.23043900
             6         S               21.42000000          0.43287200
             7         S                7.95000000          0.34996400
             8         S                0.88150000         -0.00789200
             1         S            19500.00000000         -0.00011700
             2         S             2923.00000000         -0.00091200
             3         S              664.50000000         -0.00471700
             4         S              187.50000000         -0.01908600
             5         S               60.62000000         -0.05965500
             6         S               21.42000000         -0.14001000
             7         S                7.95000000         -0.17678200
             8         S                0.88150000          0.60504300
             1         S                2.25700000          1.00000000
             1         S                0.30410000          1.00000000
             1         S                0.09158000          1.00000000
             1         P               43.88000000          0.01666500
             2         P                9.92600000          0.10447200
             3         P                2.93000000          0.31726000
             1         P                0.91320000          1.00000000
             1         P                0.26720000          1.00000000
             1         P                0.07361000          1.00000000
             1         D                3.10700000          1.00000000
             1         D                0.85500000          1.00000000
             1         D                0.29200000          1.00000000
             1         F                1.91700000          1.00000000
             1         F                0.72400000          1.00000000
 
             F BASIS SET:    AUG-CC-PVTZ
             1         S            19500.00000000          0.00050700
             2         S             2923.00000000          0.00392300
             3         S              664.50000000          0.02020000
             4         S              187.50000000          0.07901000
             5         S               60.62000000          0.23043900
             6         S               21.42000000          0.43287200
             7         S                7.95000000          0.34996400
             8         S                0.88150000         -0.00789200
             1         S            19500.00000000         -0.00011700
             2         S             2923.00000000         -0.00091200
             3         S              664.50000000         -0.00471700
             4         S              187.50000000         -0.01908600
             5         S               60.62000000         -0.05965500
             6         S               21.42000000         -0.14001000
             7         S                7.95000000         -0.17678200
             8         S                0.88150000          0.60504300
             1         S                2.25700000          1.00000000
             1         S                0.30410000          1.00000000
             1         S                0.09158000          1.00000000
             1         P               43.88000000          0.01666500
             2         P                9.92600000          0.10447200
             3         P                2.93000000          0.31726000
             1         P                0.91320000          1.00000000
             1         P                0.26720000          1.00000000
             1         P                0.07361000          1.00000000
             1         D                3.10700000          1.00000000
             1         D                0.85500000          1.00000000
             1         D                0.29200000          1.00000000
             1         F                1.91700000          1.00000000
             1         F                0.72400000          1.00000000
 
             F BASIS SET:    AUG-CC-PVTZ
             1         S            19500.00000000          0.00050700
             2         S             2923.00000000          0.00392300
             3         S              664.50000000          0.02020000
             4         S              187.50000000          0.07901000
             5         S               60.62000000          0.23043900
             6         S               21.42000000          0.43287200
             7         S                7.95000000          0.34996400
             8         S                0.88150000         -0.00789200
             1         S            19500.00000000         -0.00011700
             2         S             2923.00000000         -0.00091200
             3         S              664.50000000         -0.00471700
             4         S              187.50000000         -0.01908600
             5         S               60.62000000         -0.05965500
             6         S               21.42000000         -0.14001000
             7         S                7.95000000         -0.17678200
             8         S                0.88150000          0.60504300
             1         S                2.25700000          1.00000000
             1         S                0.30410000          1.00000000
             1         S                0.09158000          1.00000000
             1         P               43.88000000          0.01666500
             2         P                9.92600000          0.10447200
             3         P                2.93000000          0.31726000
             1         P                0.91320000          1.00000000
             1         P                0.26720000          1.00000000
             1         P                0.07361000          1.00000000
             1         D                3.10700000          1.00000000
             1         D                0.85500000          1.00000000
             1         D                0.29200000          1.00000000
             1         F                1.91700000          1.00000000
             1         F                0.72400000          1.00000000
    ... END DESCRIPTION OF BASIS
 
 
  END INFORMATION OF PARTICLES
 
 
  INFORMATION OF THE QUANTUM SYSTEM 
     ---------------------------------------------------------------------
                 ID     Occupied Orbitals     Basis size
     ---------------------------------------------------------------------
            E-ALPHA           15              165
             E-BETA           14              165
 
  END INFORMATION OF QUANTUM SYSTEM
 
                       INITIAL GEOMETRY: AMSTRONG
                 -----------------------------------
                       <x>                 <y>                 <z>
  E-ALPHAF       -0.9500000000        0.0000000000        0.0000000000
  E-ALPHAF        0.9500000000        0.0000000000        0.0000000000
  E-ALPHAF        0.0000000000        0.0000000000        0.9000000000
         F       -0.9500000000        0.0000000000        0.0000000000
         F        0.9500000000        0.0000000000        0.0000000000
         F        0.0000000000        0.0000000000        0.9000000000
 
                     MATRIX OF DISTANCE: ANGSTROM
                 -----------------------------------
                          F(1)           F(2)           F(3)      
 
        F(1)             0.000000       1.900000       1.308625
        F(2)             1.900000       0.000000       1.308625
        F(3)             1.308625       1.308625       0.000000
 
--------------------------------------------------------------------------------
** PROGRAM: SCF (Hartree Fock).     Author: S.A. Gonzalez, E. Posada, F. Moncada
--------------------------------------------------------------------------------
INFO: RUNNING IN UHF MODE.
 
----------------------------------------------------------------------
** PROGRAM INTS                          Author: E. F. Posada, 2013   
----------------------------------------------------------------------
INFO: RUNNING IN ONE_PARTICLE MODE.
 
 Number of Overlap integrals for species E-ALPHA:  27225
 Number of Overlap integrals for species E-BETA:  27225
 Number of Kinetic integrals for species E-ALPHA:  27225
 Number of Kinetic integrals for species E-BETA:  27225
 Number of Nuclear integrals for species E-ALPHA:  27225
 Number of Nuclear integrals for species E-BETA:  27225
 Number of Moment integrals for species E-ALPHA:  81675
 Number of Moment integrals for species E-BETA:  81675
 
** TOTAL CPU Time INTS :      0.686 (s)
** TOTAL Elapsed Time INTS :      0.448 (s)
 
 Combination coefficients for E-ALPHA were read from usual_2.vec
     number of    E-ALPHA     particles in guess density matrix:    15.000000
 Combination coefficients for E-BETA were read from usual_2.vec
     number of     E-BETA     particles in guess density matrix:    14.000000
 We are calculating properties for E-ALPHA in the HF/KS ground state
 We are calculating properties for E-BETA in the HF/KS ground state
 
  POPULATION ANALYSES: 
 ====================
 
 MULLIKEN Population: for E-        
 ---------------------
 
                          total          spin      
 
    1      F     S       1.941133      -0.001359
    2      F     S       1.134279      -0.304993
    3      F     S       0.342418      -0.173159
    4      F     S       0.510536       0.291253
    5      F     S       0.091418       0.090548
    6      F    Px       0.644684      -0.403207
    7      F    Py       0.686520      -0.406292
    8      F    Pz       0.662067      -0.424133
    9      F    Px       0.677742      -0.236727
   10      F    Py       0.694289      -0.192492
   11      F    Pz       0.668693      -0.227020
   12      F    Px       0.348973       0.245346
   13      F    Py       0.392534       0.330094
   14      F    Pz       0.353270       0.267271
   15      F    Px       0.558002       0.558599
   16      F    Py       0.210574       0.213208
   17      F    Pz       0.581308       0.582784
   18      F   Dxx       0.005731      -0.004435
   19      F   Dxy       0.001063      -0.000934
   20      F   Dxz       0.001926      -0.001682
   21      F   Dyy       0.004051      -0.002144
   22      F   Dyz       0.000788      -0.000651
   23      F   Dzz       0.004266      -0.002660
   24      F   Dxx      -0.005842       0.012754
   25      F   Dxy       0.005513      -0.002603
   26      F   Dxz       0.007974      -0.001786
   27      F   Dyy      -0.023578       0.028492
   28      F   Dyz       0.004081      -0.000879
   29      F   Dzz      -0.015573       0.026367
   30      F   Dxx      -0.016464       0.001909
   31      F   Dxy       0.000949       0.001700
   32      F   Dxz      -0.021965      -0.010255
   33      F   Dyy      -0.006280       0.000229
   34      F   Dyz       0.002051       0.002923
   35      F   Dzz      -0.007595       0.008417
   36      F  Fxxx       0.015539       0.008367
   37      F  Fxxy       0.008776      -0.000209
   38      F  Fxxz       0.007931       0.000529
   39      F  Fxyy       0.000171       0.007423
   40      F  Fxyz       0.000196      -0.000118
   41      F  Fxzz       0.003324       0.005626
   42      F  Fyyy       0.011674       0.014352
   43      F  Fyyz       0.001540       0.005409
   44      F  Fyzz       0.006308       0.002591
   45      F  Fzzz       0.012673       0.010256
   46      F  Fxxx       0.009798       0.036760
   47      F  Fxxy       0.004517       0.012336
   48      F  Fxxz       0.003616       0.012101
   49      F  Fxyy      -0.004407       0.017602
   50      F  Fxyz       0.000719       0.000077
   51      F  Fxzz       0.003726       0.016241
   52      F  Fyyy      -0.000803       0.048382
   53      F  Fyyz      -0.003059       0.015376
   54      F  Fyzz       0.001688       0.014796
   55      F  Fzzz       0.002023       0.040822
   56      F     S       1.941871      -0.002054
   57      F     S       1.119701      -0.138243
   58      F     S       0.347731      -0.135442
   59      F     S       0.465553       0.269197
   60      F     S      -1.225647      -1.227186
   61      F    Px       0.353206       0.120641
   62      F    Py       0.802035      -0.344718
   63      F    Pz       0.708808      -0.310072
   64      F    Px       0.508446       0.279570
   65      F    Py       0.792954      -0.038213
   66      F    Pz       0.720195      -0.037721
   67      F    Px       0.223519       0.240294
   68      F    Py       0.306578       0.253047
   69      F    Pz       0.291538       0.239424
   70      F    Px       0.963152       0.964016
   71      F    Py       0.027019       0.029268
   72      F    Pz       0.673218       0.674632
   73      F   Dxx       0.009289       0.001872
   74      F   Dxy       0.002307      -0.001608
   75      F   Dxz       0.001407      -0.001198
   76      F   Dyy       0.000044      -0.003655
   77      F   Dyz       0.001117      -0.000844
   78      F   Dzz       0.003841      -0.005896
   79      F   Dxx       0.007749       0.001979
   80      F   Dxy       0.008276      -0.002885
   81      F   Dxz       0.005315      -0.001287
   82      F   Dyy      -0.031744       0.011323
   83      F   Dyz       0.005092      -0.000776
   84      F   Dzz      -0.015000       0.004241
   85      F   Dxx      -0.037153      -0.034396
   86      F   Dxy       0.002346       0.003397
   87      F   Dxz      -0.020955      -0.009439
   88      F   Dyy       0.006999       0.006360
   89      F   Dyz       0.003143       0.004090
   90      F   Dzz      -0.021413      -0.019328
   91      F  Fxxx       0.018418       0.014994
   92      F  Fxxy       0.012681       0.004048
   93      F  Fxxz       0.009445       0.006006
   94      F  Fxyy       0.000830       0.002266
   95      F  Fxyz       0.000207      -0.000128
   96      F  Fxzz       0.001716       0.003810
   97      F  Fyyy       0.012629       0.014826
   98      F  Fyyz       0.002259       0.004953
   99      F  Fyzz       0.007656       0.002941
  100      F  Fzzz       0.017128       0.009888
  101      F  Fxxx       0.019201       0.024655
  102      F  Fxxy       0.006116       0.013781
  103      F  Fxxz       0.004392       0.014151
  104      F  Fxyy       0.003181       0.008708
  105      F  Fxyz       0.000736       0.000171
  106      F  Fxzz       0.004254       0.012017
  107      F  Fyyy       0.003999       0.050402
  108      F  Fyyz       0.000708       0.015905
  109      F  Fyzz       0.003161       0.015051
  110      F  Fzzz       0.010273       0.041812
  111      F     S       1.941077      -0.001501
  112      F     S       1.160199      -0.310534
  113      F     S       0.352634      -0.185949
  114      F     S       0.425617       0.280179
  115      F     S      -1.504297      -1.490925
  116      F    Px       0.622639      -0.482977
  117      F    Py       0.740317      -0.385031
  118      F    Pz       0.648577      -0.457436
  119      F    Px       0.601948      -0.313499
  120      F    Py       0.750610      -0.122717
  121      F    Pz       0.633844      -0.259655
  122      F    Px       0.173923       0.081441
  123      F    Py       0.372023       0.311245
  124      F    Pz       0.292211       0.225225
  125      F    Px       0.503298       0.503669
  126      F    Py       0.043007       0.045430
  127      F    Pz       1.597629       1.597224
  128      F   Dxx       0.005327      -0.006655
  129      F   Dxy       0.000195      -0.000008
  130      F   Dxz       0.002768      -0.002042
  131      F   Dyy       0.002516       0.000743
  132      F   Dyz       0.002026      -0.001785
  133      F   Dzz       0.003358      -0.002418
  134      F   Dxx      -0.013594       0.016343
  135      F   Dxy       0.005254       0.000824
  136      F   Dxz       0.021327      -0.003604
  137      F   Dyy      -0.025276       0.031755
  138      F   Dyz       0.009665      -0.004007
  139      F   Dzz      -0.014646       0.019906
  140      F   Dxx      -0.024400       0.013270
  141      F   Dxy       0.002197       0.004560
  142      F   Dxz      -0.016788       0.018946
  143      F   Dyy       0.013245       0.016851
  144      F   Dyz       0.002789       0.004216
  145      F   Dzz      -0.031384      -0.011516
  146      F  Fxxx       0.007850       0.009788
  147      F  Fxxy       0.008713       0.001664
  148      F  Fxxz       0.006126       0.002905
  149      F  Fxyy      -0.003497       0.007904
  150      F  Fxyz       0.000318      -0.000176
  151      F  Fxzz       0.005232       0.002694
  152      F  Fyyy       0.010344       0.020015
  153      F  Fyyz      -0.002444       0.008282
  154      F  Fyzz       0.009366       0.001163
  155      F  Fzzz       0.010972       0.009033
  156      F  Fxxx       0.003138       0.042355
  157      F  Fxxy       0.003617       0.016745
  158      F  Fxxz       0.002142       0.019845
  159      F  Fxyy      -0.005448       0.016511
  160      F  Fxyz       0.001956       0.000274
  161      F  Fxzz       0.014615       0.007565
  162      F  Fyyy       0.002716       0.055789
 
 ### ERROR ###
    Debug description: Class object Vector in the getfromFile() function
    Description: End of file!
 ###
 

 Elapsed Time :   2.59E-02 (s)
 lowdin execution terminated ABNORMALLY at : Tue Feb 18 17:31:05 2025
 
 ### ERROR ###
    Debug description: Class object Vector in the getfromFile() function
    Description: End of file!
 ###
 

 Elapsed Time :   1.95E-02 (s)
 lowdin execution terminated ABNORMALLY at : Tue Feb 18 17:31:05 2025

  TOTAL CPU Time:      0.245 (s)
 TOTAL Wall Time:      1.713 (s)
  Elapsed Time:   0h  0m  1s 713ms
LOWDIN execution terminated normally at : Tue Feb 18 17:31:05 2025
-rw-rw-r-- 1 pohl pohl 478M feb 18 17:26 0E-ALPHA.E-BETA.ints
-rw-rw-r-- 1 pohl pohl  40M feb 18 17:31 0E-ALPHA.ints
-rw-rw-r-- 1 pohl pohl  46M feb 18 17:31 1E-ALPHA.ints
-rw-rw-r-- 1 pohl pohl   67 feb 18 17:28 2
-rw-rw-r-- 1 pohl pohl  42M feb 18 17:31 2E-ALPHA.ints
-rw-rw-r-- 1 pohl pohl 477M feb 18 17:26 3E-ALPHA.E-BETA.ints
-rw-rw-r-- 1 pohl pohl  29M feb 18 17:31 3E-ALPHA.ints
-rw-rw-r-- 1 pohl pohl   12 feb 18 17:26 E-ALPHA.E-BETA.nints
-rw-rw-r-- 1 pohl pohl  35M feb 18 17:27 E-ALPHAmoint.dat
-rw-rw-r-- 1 pohl pohl  21M feb 18 17:28 E-BETA.E-ALPHAmoint.dat
-rw-rw-r-- 1 pohl pohl   63 feb 18 17:31 gepol.inp
-rw-rw-r-- 1 pohl pohl  264 feb 18 17:31 gepol.xyzr
-rw-rw-r-- 1 pohl pohl  19K feb 18 17:31 lowdin.bas
-rw-rw-r-- 1 pohl pohl  16K feb 18 17:31 lowdin.dat
-rw-rw-r-- 1 pohl pohl 5.0M feb 18 17:31 lowdin.opints
-rw-rw-r-- 1 pohl pohl  69K feb 18 17:31 lowdin.sys
-rw-rw-r-- 1 pohl pohl 426K feb 18 17:31 lowdin.wfn
-rw-rw-r-- 1 pohl pohl  316 feb 18 17:31 usual_2
-rw-rw-r-- 1 pohl pohl 651K feb 18 17:31 usual_20.vec
-rw-rw-r-- 1 pohl pohl 651K feb 18 17:31 usual_21.vec
-rw-rw-r-- 1 pohl pohl 651K feb 18 17:31 usual_22.vec
-rw-rw-r-- 1 pohl pohl 651K feb 18 17:31 usual_23.vec
-rw-rw-r-- 1 pohl pohl 651K feb 18 17:31 usual_24.vec
-rw-rw-r-- 1 pohl pohl 651K feb 18 17:31 usual_25.vec
-rw-rw-r-- 1 pohl pohl 651K feb 18 17:31 usual_26.vec
-rw-rw-r-- 1 pohl pohl 651K feb 18 17:31 usual_27.vec
-rw-rw-r-- 1 pohl pohl 651K feb 18 17:31 usual_28.vec
-rw-rw-r-- 1 pohl pohl 651K feb 18 17:31 usual_29.vec
-rw-rw-r-- 1 pohl pohl 1.5K feb 18 17:31 usual_2.aux
-rw-rw-r-- 1 pohl pohl  324 feb 18 17:31 usual_2.lowdin
-rw-rw-r-- 1 pohl pohl  22K feb 18 17:31 usual_2.out
-rw-rw-r-- 1 pohl pohl 429K feb 18 17:31 usual_2.vec
