Begin job by input: c_step_28.lowdin, for user:   at  jue 27 feb 2025 18:23:13 -05
under operating system Linux helios 5.19.0-46-generic #47-Ubuntu SMP PREEMPT_DYNAMIC Fri Jun 16 13:30:11 UTC 2023 x86_64 x86_64 x86_64 GNU/Linux
Compilation information
  commit: f31d3924f6ee2ce9d77f07edcc1ba27359319d14
  compilation date:  mar 17 sep 2024 16:16:17 -05

BEGIN INPUT INFO:
------------------------------------

GEOMETRY
	e-(C)	AUG-CC-PVTZ 0.0 0.0 0.0  multiplicity=2 addParticles=1 
	e-(C)	AUG-CC-PVTZ 0.0 0.0 15.5
	C	Dirac 0 0.0 0.0
	C	Dirac 0.0 0.0 15.5
END GEOMETRY

TASKS
        method = "UHF"
	mollerPlessetCorrection=2
END TASKS

CONTROL
	units="ANGS"
END CONTROL






... END INPUT INFO


 LOWDIN execution started at : Thu Feb 27 18:23:13 2025
 ---------------------------------------------------------------
 
 ***************************************************************
 *                   LOWDIN 2.0  (May/2013)                    *
 *                                                             *
 *  R. FLORES-MORENO, E. F. POSADA, F. S. MONCADA, J.ROMERO,   *
 *  J. CHARRY, M. DIAZ-TINOCO, S. A. GONZALEZ, N. F. AGUIRRE,  *
 *  A. REYES                                                   *
 *                                                             *
 *  https://sites.google.com/site/lowdinproject/               *
 *                                                             *
 ***************************************************************
 
 PARSING INPUT... DONE!
 
 LOWDIN IS RUNNING WITH NEXT PARAMETERS: 
 ----------------------------------------
 
         METHOD TYPE:  UHF
         NUMBER OF CORES:     9
         MOLLER PLESSET CORRECTION:      2
         NONELECTRONIC DENSITY GUESS: HCORE
         ELECTRONIC DENSITY GUESS: HCORE
         CRITERIUM OF CONVERGENCE: ENERGY
         NONELECTRONIC ENERGY TOLERANCE IN SCFs:     0.10000E-07
         ELECTRONIC ENERGY TOLERANCE IN SCFs:     0.10000E-07
         TOTAL ENERGY TOLERANCE IN SCFs:     0.10000E-07
         SCHEME OF ITERATION: GLOBAL ITERATIONS
         SCF MAX. SUBITERATIONS - NONELECTRONS :     1
         SCF MAX. SUBITERATIONS - ELECTRONS :     1
         SCF MAX. ITERATIONS - INTERSPECIES :   200
         INTEGRAL STORAGE: DISK
         STACK SIZE FOR ERIS : 30000
         METHOD OF SCF CONVERGENCE: DAMPING
 
  MOLECULAR SYSTEM: c_step_28
 -----------------
 
    DESCRIPTION   : c_step_28
    CHARGE        :   0
    PUNTUAL GROUP : NONE
 
 
  INFORMATION OF PARTICLES :
 =========================
         Total number of particles   =      15
         Number of quantum particles =      13
         Number of puntual charges   =       2
         Number of quantum species   =       2
 
                 INFORMATION OF QUANTUM SPECIES 
    ----------------------------------------------------------------------
         ID      Symbol            mass     charge      omega     spin     multiplicity
    ----------------------------------------------------------------------
         1        E-ALPHA         1.0000     -1.00      0.00      0.50      2.00
         2         E-BETA         1.0000     -1.00      0.00      0.50      2.00
 
                   CONSTANTS OF COUPLING 
      ------------------------------------------------------------
              Symbol      kappa        eta     lambda occupation
      ------------------------------------------------------------
             E-ALPHA      -1.00       1.00       1.00       7.00
              E-BETA      -1.00       1.00       1.00       6.00
 
                   BASIS SET FOR SPECIES 
      ------------------------------------------------------------
           Symbol          N. Basis     N. Particles     Basis Set
      ------------------------------------------------------------
            E-ALPHA           28                7     AUG-CC-PVT
             E-BETA           28                6     AUG-CC-PVT
 
                                ATOMIC BASIS
         ------------------------------------------------------------
          PRIMITIVE   SHELL             EXPONENT         COEFFICIENT 
         ------------------------------------------------------------
 
    BEGIN DESCRIPTION OF BASIS FOR: E-ALP
    ==============================
 
 
             C BASIS SET:    AUG-CC-PVTZ
             1         S             8236.00000000          0.00053100
             2         S             1235.00000000          0.00410800
             3         S              280.80000000          0.02108700
             4         S               79.27000000          0.08185300
             5         S               25.59000000          0.23481700
             6         S                8.99700000          0.43440100
             7         S                3.31900000          0.34612900
             8         S                0.36430000         -0.00898300
             1         S             8236.00000000         -0.00011300
             2         S             1235.00000000         -0.00087800
             3         S              280.80000000         -0.00454000
             4         S               79.27000000         -0.01813300
             5         S               25.59000000         -0.05576000
             6         S                8.99700000         -0.12689500
             7         S                3.31900000         -0.17035200
             8         S                0.36430000          0.59868400
             1         S                0.90590000          1.00000000
             1         S                0.12850000          1.00000000
             1         S                0.04402000          1.00000000
             1         P               18.71000000          0.01403100
             2         P                4.13300000          0.08686600
             3         P                1.20000000          0.29021600
             1         P                0.38270000          1.00000000
             1         P                0.12090000          1.00000000
             1         P                0.03569000          1.00000000
             1         D                1.09700000          1.00000000
             1         D                0.31800000          1.00000000
             1         D                0.10000000          1.00000000
             1         F                0.76100000          1.00000000
             1         F                0.26800000          1.00000000
 
             C BASIS SET:    AUG-CC-PVTZ
             1         S             8236.00000000          0.00053100
             2         S             1235.00000000          0.00410800
             3         S              280.80000000          0.02108700
             4         S               79.27000000          0.08185300
             5         S               25.59000000          0.23481700
             6         S                8.99700000          0.43440100
             7         S                3.31900000          0.34612900
             8         S                0.36430000         -0.00898300
             1         S             8236.00000000         -0.00011300
             2         S             1235.00000000         -0.00087800
             3         S              280.80000000         -0.00454000
             4         S               79.27000000         -0.01813300
             5         S               25.59000000         -0.05576000
             6         S                8.99700000         -0.12689500
             7         S                3.31900000         -0.17035200
             8         S                0.36430000          0.59868400
             1         S                0.90590000          1.00000000
             1         S                0.12850000          1.00000000
             1         S                0.04402000          1.00000000
             1         P               18.71000000          0.01403100
             2         P                4.13300000          0.08686600
             3         P                1.20000000          0.29021600
             1         P                0.38270000          1.00000000
             1         P                0.12090000          1.00000000
             1         P                0.03569000          1.00000000
             1         D                1.09700000          1.00000000
             1         D                0.31800000          1.00000000
             1         D                0.10000000          1.00000000
             1         F                0.76100000          1.00000000
             1         F                0.26800000          1.00000000
    ... END DESCRIPTION OF BASIS
 
 
  END INFORMATION OF PARTICLES
 
 
  INFORMATION OF THE QUANTUM SYSTEM 
     ---------------------------------------------------------------------
                 ID     Occupied Orbitals     Basis size
     ---------------------------------------------------------------------
            E-ALPHA            7              110
             E-BETA            6              110
 
  END INFORMATION OF QUANTUM SYSTEM
 
                       INITIAL GEOMETRY: AMSTRONG
                 -----------------------------------
                       <x>                 <y>                 <z>
  E-ALPHAC        0.0000000000        0.0000000000        0.0000000000
  E-ALPHAC        0.0000000000        0.0000000000       15.5000000000
         C        0.0000000000        0.0000000000        0.0000000000
         C        0.0000000000        0.0000000000       15.5000000000
 
                     MATRIX OF DISTANCE: ANGSTROM
                 -----------------------------------
                          C(1)           C(2)      
 
        C(1)             0.000000      15.500000
        C(2)            15.500000       0.000000
 
--------------------------------------------------------------------------------
** PROGRAM: SCF (Hartree Fock).     Author: S.A. Gonzalez, E. Posada, F. Moncada
--------------------------------------------------------------------------------
INFO: RUNNING IN UHF MODE.
 
----------------------------------------------------------------------
** PROGRAM INTS                          Author: E. F. Posada, 2013   
----------------------------------------------------------------------
INFO: RUNNING IN ONE_PARTICLE MODE.
 
 Number of Overlap integrals for species E-ALPHA:  12100
 Number of Overlap integrals for species E-BETA:  12100
 Number of Kinetic integrals for species E-ALPHA:  12100
 Number of Kinetic integrals for species E-BETA:  12100
 Number of Nuclear integrals for species E-ALPHA:  12100
 Number of Nuclear integrals for species E-BETA:  12100
 Number of Moment integrals for species E-ALPHA:  36300
 Number of Moment integrals for species E-BETA:  36300
 
** TOTAL CPU Time INTS :      0.705 (s)
** TOTAL Elapsed Time INTS :      0.240 (s)
 
       Usign  HCORE density guess for species:    E-ALPHA
     number of    E-ALPHA     particles in guess density matrix:     7.000000
       Usign  HCORE density guess for species:     E-BETA
     number of     E-BETA     particles in guess density matrix:     6.000000
 Number of unique integrals for species: 1 = 914137
 Number of unique integrals for species: 1 / 2 = 1825194 Screened: 74281
 
 TWO-BODY INTEGRAL SETUP: 
------------------------- 
 Storage:   DISK
 Scheme: LIBINT
 Stack size:  30000
 
 LIBINT library, Fermann, J. T.; Valeev, F. L. 2010                   
 LOWDIN-LIBINT Implementation V. 2.1  Posada E. F. ; Reyes A. 2016   
 ----------------------------------------------------------------------

*** TOTAL CPU time intra-species integrals :      1.040 (s)
*** TOTAL elapsed time intra-species integrals :      0.166 (s)


*** TOTAL CPU time inter-species integrals :      2.052 (s)
*** TOTAL elapsed time inter-species integrals :      0.307 (s)

INFO: RUNNING SCHEME SIMULTANEOUS
 
 Begin Multi-Species SCF calculation:
 
 --------------------------------------------------------------------------------------------------
      Iteration                   Energy            Energy Change           Density Change
 --------------------------------------------------------------------------------------------------
              1         -66.846281789958          66.846281789958           0.158996747136
              2         -70.782444370597           3.936162580639           0.140202649370
              3         -74.470620877649           3.688176507052           0.024179687821
              4         -71.836389207542          -2.634231670106           0.002962055516
              5         -72.311845654977           0.475456447434           0.006771855807
              6         -74.375074862859           2.063229207883           0.013189910029
              7         -74.419409352774           0.044334489914           0.012990367070
              8         -74.484822798940           0.065413446166           0.010760976758
              9         -75.268473561256           0.783650762316           0.006981163385
             10         -75.276607218897           0.008133657641           0.006573447607
             11         -75.291505274495           0.014898055598           0.003312500601
             12         -75.380214021050           0.088708746555           0.001710749517
             13         -75.395366295240           0.015152274190           0.000751545104
             14         -75.398528215715           0.003161920475           0.000415790458
             15         -75.399632130204           0.001103914489           0.000286117850
             16         -75.400099999465           0.000467869261           0.000188746163
             17         -75.400317179942           0.000217180477           0.000130503203
             18         -75.400421774112           0.000104594170           0.000089208470
             19         -75.400473227627           0.000051453515           0.000061806178
             20         -75.400498832738           0.000025605111           0.000042871203
             21         -75.400511664131           0.000012831393           0.000029905727
             22         -75.400518121087           0.000006456956           0.000020918244
             23         -75.400521378719           0.000003257631           0.000014677783
             24         -75.400523024908           0.000001646189           0.000010322320
             25         -75.400523857657           0.000000832749           0.000007274327
             26         -75.400524279210           0.000000421553           0.000005135052
             27         -75.400524492709           0.000000213500           0.000003630280
             28         -75.400524600875           0.000000108166           0.000002569703
             29         -75.400524655688           0.000000054813           0.000001820949
             30         -75.400524683470           0.000000027782           0.000001291560
             31         -75.400524697553           0.000000014083           0.000000916794
             32         -75.400524704693           0.000000007140           0.000000651199
 Total energy converged after  32 global iterations                                                  
 
 ...end Multi-Species SCF calculation
 
 
 Begin SCF calculation by: E-ALPHA
 -------------------------
 
 -----------------------------------------------------------------------------------
 Iteration                   Energy           Density Change         DIIS Error 
 -----------------------------------------------------------------------------------
    1         -34.632749277005           0.060368750315                 -- 
    2         -32.793898348734           0.013789823898                 -- 
    3         -25.939001790362           0.001409350956                 -- 
    4         -28.016026261285           0.005776613057                 -- 
    5         -29.580489691467           0.005645820837                 -- 
    6         -29.876108456823           0.005477026522                 -- 
    7         -29.758541238898           0.005433311082                 -- 
    8         -29.515655439645           0.001514707329                 -- 
    9         -30.511555163565           0.005965511208                 -- 
   10         -29.965798008915           0.000705816250                 -- 
   11         -29.719415227455           0.001024147274                 -- 
   12         -29.842228287081           0.000383478920                 -- 
   13         -29.762980299699           0.000280903968                 -- 
   14         -29.764373342658           0.000195272193                 -- 
   15         -29.750957508502           0.000142010842                 -- 
   16         -29.747327664339           0.000101256090                 -- 
   17         -29.743911285521           0.000072386881                 -- 
   18         -29.742253564780           0.000051555967                 -- 
   19         -29.741148406693           0.000036724914                 -- 
   20         -29.740517013216           0.000026144529                 -- 
   21         -29.740125815733           0.000018612679                 -- 
   22         -29.739891780554           0.000013249868                 -- 
   23         -29.739748729210           0.000009432602                 -- 
   24         -29.739661880875           0.000006715301                 -- 
   25         -29.739608811223           0.000004780998                 -- 
   26         -29.739576396913           0.000003403993                 -- 
   27         -29.739556548867           0.000002423676                 -- 
   28         -29.739544386652           0.000001725734                 -- 
   29         -29.739536924445           0.000001228809                 -- 
   30         -29.739532342473           0.000000874992                 -- 
   31         -29.739529526773           0.000000623062                 -- 
 
 ... end SCF calculation
 
 Begin SCF calculation by: E-BETA
 -------------------------
 
 -----------------------------------------------------------------------------------
 Iteration                   Energy           Density Change         DIIS Error 
 -----------------------------------------------------------------------------------
    1         -32.326837432076           0.079833899055                 -- 
    2         -29.851925758129           0.010389863923                 -- 
    3         -24.509410547359           0.001552704560                 -- 
    4         -25.074864842073           0.000995242751                 -- 
    5         -27.337874231315           0.007544089192                 -- 
    6         -27.867301585900           0.007513340548                 -- 
    7         -27.115528424358           0.005327665676                 -- 
    8         -27.738113082971           0.005466456056                 -- 
    9         -27.573117581733           0.000607936399                 -- 
   10         -28.613345584555           0.002606684351                 -- 
   11         -28.542237666691           0.000686602243                 -- 
   12         -28.693848985321           0.000368066184                 -- 
   13         -28.665184220299           0.000134886490                 -- 
   14         -28.688997230469           0.000090845658                 -- 
   15         -28.691420906820           0.000046735321                 -- 
   16         -28.696651442956           0.000029247113                 -- 
   17         -28.698765317704           0.000016821589                 -- 
   18         -28.700388098090           0.000010250210                 -- 
   19         -28.701283969661           0.000006146289                 -- 
   20         -28.701860870661           0.000003761198                 -- 
   21         -28.702205388039           0.000002305565                 -- 
   22         -28.702418915785           0.000001427914                 -- 
   23         -28.702549025349           0.000000889718                 -- 
   24         -28.702629044159           0.000000559027                 -- 
   25         -28.702678083562           0.000000354054                 -- 
   26         -28.702708213781           0.000000226286                 -- 
   27         -28.702726716246           0.000000146027                 -- 
   28         -28.702738087557           0.000000095215                 -- 
   29         -28.702745076402           0.000000062751                 -- 
   30         -28.702749372991           0.000000041802                 -- 
   31         -28.702752014561           0.000000028137                 -- 
 
 ... end SCF calculation
 
  EIGENVALUES AND EIGENVECTORS: 
 ==============================
 
 
  Eigenvalues for: E-ALPHA
 -----------------
 
    1         -11.266981285186
    2         -10.975792119330
    3          -0.549824888477
    4          -0.525638392862
    5          -0.077925632439
    6          -0.077906081908
    7          -0.077855169619
    8           0.071136055833
    9           0.094769032071
   10           0.095047105121
   11           0.106384175202
   12           0.165524521709
   13           0.201939938194
   14           0.202541958054
   15           0.224428848187
   16           0.249758305751
   17           0.249766626146
   18           0.249772010131
   19           0.342892477924
   20           0.349299473479
   21           0.349610241250
   22           0.360523049578
   23           0.360544501333
   24           0.361272544295
   25           0.492637307394
   26           0.510838042017
   27           0.516595213801
   28           0.516596749529
   29           0.516596760498
   30           0.516601345074
   31           0.516601478519
   32           0.523960956113
   33           0.524448104927
   34           0.644993652399
   35           0.645001647431
   36           0.645015677717
   37           1.113157125783
   38           1.125559693356
   39           1.125607844443
   40           1.125854911841
   41           1.130327675195
   42           1.130464292315
   43           1.141618377701
   44           1.141620022522
   45           1.149162860710
   46           1.159322101131
   47           1.159322238195
   48           1.161278342966
   49           1.161281157409
   50           1.197321995813
   51           1.237457862382
   52           1.237756936003
   53           1.319620003816
   54           1.319620185785
   55           1.319624294608
   56           1.319626454836
   57           1.319627320899
   58           1.326165462982
   59           1.364050216648
   60           1.364050268146
   61           1.364050588006
   62           1.364050901489
   63           1.364050983465
   64           1.364051708290
   65           1.364051713872
   66           1.406788742508
   67           1.406794854780
   68           1.406807268837
   69           1.912634172518
   70           2.111989086636
   71           3.098599040094
   72           3.150226089962
   73           3.150340907510
   74           3.367112985496
   75           3.367116867609
   76           3.367125664703
   77           3.476325822959
   78           3.492195069311
   79           3.492242476914
   80           3.503602588108
   81           3.510500451187
   82           3.510554193263
   83           3.531482575059
   84           3.531482909112
   85           3.543370056322
   86           3.543370642570
   87           3.568291759285
   88           3.568291764364
   89           3.728282623095
   90           3.728282770129
   91           3.728287060792
   92           3.728288875007
   93           3.728289855418
   94           3.781742819861
   95           3.781742950866
   96           3.781743092179
   97           3.781743597904
   98           3.781743613061
   99           3.781744564201
  100           3.781744564347
  101           6.141749226653
  102           6.401555645409
  103           7.260074433775
  104           7.301034325056
  105           7.301253851294
  106           7.546738851644
  107           7.546741610028
  108           7.546741716256
  109           8.511490191034
  110           8.792866098922
 
 
  Eigenvalues for: E-BETA
 -----------------
 
    1         -11.312010033185
    2         -10.927732061672
    3          -0.795217678762
    4          -0.404607353819
    5          -0.404572594573
    6          -0.213335899562
    7           0.051477939778
    8           0.098936911904
    9           0.124105521424
   10           0.125753137705
   11           0.149140974433
   12           0.234340846214
   13           0.234346242867
   14           0.234346750381
   15           0.237462191693
   16           0.333216810860
   17           0.338288394022
   18           0.338600206391
   19           0.338952386929
   20           0.338953677004
   21           0.341851378213
   22           0.435873532702
   23           0.435878243945
   24           0.435878457552
   25           0.439838477669
   26           0.440462800138
   27           0.476773356192
   28           0.550059460807
   29           0.550059795348
   30           0.550061498173
   31           0.550063874082
   32           0.550064101143
   33           0.551796590097
   34           0.753208047532
   35           0.753213877307
   36           0.753214043146
   37           1.052539074860
   38           1.052541431542
   39           1.067513970006
   40           1.067630761238
   41           1.071077765292
   42           1.102504564980
   43           1.114072764293
   44           1.115506050187
   45           1.115645607737
   46           1.121076933755
   47           1.121079191742
   48           1.128727164436
   49           1.128727194973
   50           1.150557785731
   51           1.150890311912
   52           1.177503989437
   53           1.387210083175
   54           1.402087399913
   55           1.402087483029
   56           1.402087608889
   57           1.402087958612
   58           1.402087974989
   59           1.402088675974
   60           1.402088676169
   61           1.425238644179
   62           1.425239724633
   63           1.425240579151
   64           1.425244544646
   65           1.425244618388
   66           1.493061050224
   67           1.493067024760
   68           1.493067916914
   69           1.898596760020
   70           2.136166480852
   71           3.061180065808
   72           3.061280934546
   73           3.078098013138
   74           3.411103836291
   75           3.411104409068
   76           3.417167348260
   77           3.417201761208
   78           3.419560445587
   79           3.445054997913
   80           3.445064625782
   81           3.445067628896
   82           3.466982899071
   83           3.469340815465
   84           3.469389375430
   85           3.476571007885
   86           3.476571415500
   87           3.488668540585
   88           3.488668546245
   89           3.838040393654
   90           3.838042908618
   91           3.838046555157
   92           3.838056943160
   93           3.838057218547
   94           3.851259884489
   95           3.851260446622
   96           3.851262918746
   97           3.851266049985
   98           3.851266470989
   99           3.851273291530
  100           3.851273303838
  101           6.100158694362
  102           6.450340228324
  103           7.252784793154
  104           7.281406917560
  105           7.281624732002
  106           7.566130516453
  107           7.566135977779
  108           7.566136841585
  109           8.481920667037
  110           8.827630918121
 
  end of eigenvalues 
 
  Occupied Eigenvectors for: E-ALPHA
 --------------------------- 
 
                         -11.2670       -10.9758        -0.5498        -0.5256        -0.0779   
 
    1      C     S       0.000000       0.974515       0.000000      -0.012778      -0.000000
    2      C     S       0.000000      -0.004697      -0.000000       0.534907      -0.000000
    3      C     S       0.000000       0.048689       0.000000       0.133432       0.000000
    4      C     S      -0.000000      -0.013953      -0.000000       0.379911      -0.000000
    5      C     S      -0.000000      -0.002863      -0.000000       0.047820       0.000000
    6      C    Px      -0.000000       0.000000       0.000000       0.000000      -0.179119
    7      C    Py      -0.000000       0.000000      -0.000000      -0.000000       0.244604
    8      C    Pz      -0.000000      -0.000000      -0.000000       0.000002       0.000000
    9      C    Px       0.000000      -0.000000      -0.000000      -0.000000      -0.235147
   10      C    Py       0.000000      -0.000000       0.000000       0.000000       0.321117
   11      C    Pz       0.000000       0.000000      -0.000000       0.000003       0.000000
   12      C    Px       0.000000      -0.000000      -0.000000      -0.000000      -0.220898
   13      C    Py       0.000000      -0.000000       0.000000       0.000000       0.301658
   14      C    Pz       0.000000       0.000000       0.000000      -0.000002       0.000000
   15      C    Px      -0.000000       0.000000       0.000000       0.000000      -0.100618
   16      C    Py       0.000000       0.000000      -0.000000      -0.000000       0.137403
   17      C    Pz      -0.000000      -0.000000      -0.000000      -0.000001       0.000000
   18      C   Dxx       0.000000       0.001331       0.000000       0.004965       0.000000
   19      C   Dxy       0.000000      -0.000000       0.000000      -0.000004      -0.000000
   20      C   Dxz       0.000000       0.000000       0.000000       0.000000      -0.000000
   21      C   Dyy       0.000000       0.001331       0.000000       0.004968       0.000000
   22      C   Dyz      -0.000000      -0.000000      -0.000000       0.000000       0.000000
   23      C   Dzz       0.000000       0.001331       0.000000       0.004968       0.000000
   24      C   Dxx       0.000000       0.006845       0.000000       0.007880       0.000000
   25      C   Dxy       0.000000      -0.000000       0.000000      -0.000007      -0.000000
   26      C   Dxz      -0.000000       0.000000       0.000000       0.000000      -0.000000
   27      C   Dyy       0.000000       0.006845       0.000000       0.007884       0.000000
   28      C   Dyz       0.000000      -0.000000      -0.000000       0.000000       0.000000
   29      C   Dzz       0.000000       0.006845       0.000000       0.007885       0.000000
   30      C   Dxx       0.000000       0.002454       0.000000       0.001394       0.000000
   31      C   Dxy       0.000000       0.000000       0.000000       0.000006       0.000000
   32      C   Dxz      -0.000000       0.000000       0.000000      -0.000000       0.000002
   33      C   Dyy       0.000000       0.002454       0.000000       0.001391       0.000000
   34      C   Dyz      -0.000000      -0.000000      -0.000000      -0.000000      -0.000003
   35      C   Dzz       0.000000       0.002454       0.000000       0.001390       0.000000
   36      C  Fxxx      -0.000000       0.000000       0.000000       0.000000      -0.007523
   37      C  Fxxy      -0.000000       0.000000      -0.000000      -0.000000       0.004595
   38      C  Fxxz      -0.000000      -0.000000      -0.000000       0.000000       0.000000
   39      C  Fxyy      -0.000000       0.000000       0.000000       0.000000      -0.003365
   40      C  Fxyz      -0.000000      -0.000000      -0.000000       0.000000      -0.000000
   41      C  Fxzz      -0.000000       0.000000       0.000000       0.000000      -0.003365
   42      C  Fyyy      -0.000000       0.000000      -0.000000      -0.000000       0.010274
   43      C  Fyyz      -0.000000      -0.000000      -0.000000       0.000000       0.000000
   44      C  Fyzz      -0.000000       0.000000      -0.000000      -0.000000       0.004595
   45      C  Fzzz      -0.000000      -0.000000      -0.000000       0.000000       0.000000
   46      C  Fxxx      -0.000000       0.000000       0.000000       0.000000      -0.007876
   47      C  Fxxy      -0.000000       0.000000      -0.000000      -0.000000       0.004810
   48      C  Fxxz      -0.000000      -0.000000      -0.000000       0.000000       0.000000
   49      C  Fxyy      -0.000000       0.000000       0.000000       0.000000      -0.003522
   50      C  Fxyz       0.000000      -0.000000       0.000000      -0.000000       0.000000
   51      C  Fxzz      -0.000000       0.000000       0.000000       0.000000      -0.003522
   52      C  Fyyy      -0.000000       0.000000      -0.000000      -0.000000       0.010756
   53      C  Fyyz      -0.000000      -0.000000      -0.000000       0.000000       0.000000
   54      C  Fyzz      -0.000000       0.000000      -0.000000      -0.000000       0.004810
   55      C  Fzzz      -0.000000      -0.000000      -0.000000       0.000000       0.000000
   56      C     S      -0.976510      -0.000000       0.008716      -0.000000      -0.000000
   57      C     S       0.008943      -0.000000      -0.533916      -0.000000      -0.000000
   58      C     S      -0.042553      -0.000000      -0.136361      -0.000000      -0.000000
   59      C     S       0.016073       0.000000      -0.391493       0.000000       0.000000
   60      C     S       0.002982       0.000000      -0.022524       0.000000       0.000000
   61      C    Px      -0.000000      -0.000000      -0.000000       0.000000      -0.000000
   62      C    Py      -0.000000       0.000000      -0.000000      -0.000000       0.000000
   63      C    Pz       0.000013      -0.000000      -0.000929      -0.000000       0.000000
   64      C    Px       0.000000       0.000000       0.000000       0.000000       0.000000
   65      C    Py       0.000000       0.000000       0.000000       0.000000      -0.000000
   66      C    Pz      -0.000055       0.000000      -0.001246       0.000000      -0.000000
   67      C    Px       0.000000       0.000000       0.000000       0.000000       0.000000
   68      C    Py       0.000000      -0.000000      -0.000000       0.000000      -0.000000
   69      C    Pz      -0.000021       0.000000      -0.001734       0.000000       0.000000
   70      C    Px      -0.000000      -0.000000       0.000000      -0.000000      -0.000000
   71      C    Py       0.000000       0.000000       0.000000      -0.000000       0.000000
   72      C    Pz       0.000003      -0.000000      -0.000279      -0.000000      -0.000000
   73      C   Dxx      -0.002828      -0.000000      -0.003163      -0.000000      -0.000000
   74      C   Dxy       0.000610       0.000000       0.010517       0.000000      -0.000000
   75      C   Dxz      -0.000000      -0.000000      -0.000000       0.000000       0.000000
   76      C   Dyy      -0.003163      -0.000000      -0.008931      -0.000000      -0.000000
   77      C   Dyz       0.000000      -0.000000       0.000000       0.000000      -0.000000
   78      C   Dzz      -0.002441      -0.000000       0.003514      -0.000000      -0.000000
   79      C   Dxx      -0.007793      -0.000000      -0.011255      -0.000000      -0.000000
   80      C   Dxy      -0.000255      -0.000000       0.021701       0.000000       0.000000
   81      C   Dxz       0.000000       0.000000      -0.000000       0.000000      -0.000000
   82      C   Dyy      -0.007653      -0.000000      -0.023157      -0.000000      -0.000000
   83      C   Dyz      -0.000000       0.000000       0.000000       0.000000       0.000000
   84      C   Dzz      -0.007954      -0.000000       0.002536      -0.000000      -0.000000
   85      C   Dxx      -0.002589      -0.000000      -0.004686      -0.000000      -0.000000
   86      C   Dxy       0.000094      -0.000000       0.003831       0.000000      -0.000000
   87      C   Dxz      -0.000000      -0.000000      -0.000000      -0.000000       0.000000
   88      C   Dyy      -0.002641      -0.000000      -0.006788      -0.000000      -0.000000
   89      C   Dyz       0.000000       0.000000       0.000000      -0.000000      -0.000000
   90      C   Dzz      -0.002530      -0.000000      -0.002124      -0.000000      -0.000000
   91      C  Fxxx      -0.000000      -0.000000      -0.000000      -0.000000      -0.000000
   92      C  Fxxy      -0.000000       0.000000      -0.000000      -0.000000       0.000000
   93      C  Fxxz       0.000011      -0.000000      -0.000012      -0.000000       0.000000
   94      C  Fxyy      -0.000000      -0.000000      -0.000000      -0.000000      -0.000000
   95      C  Fxyz       0.000000      -0.000000       0.000022       0.000000      -0.000000
   96      C  Fxzz      -0.000000      -0.000000      -0.000000      -0.000000      -0.000000
   97      C  Fyyy      -0.000000       0.000000      -0.000000      -0.000000       0.000000
   98      C  Fyyz       0.000010      -0.000000      -0.000024      -0.000000       0.000000
   99      C  Fyzz      -0.000000      -0.000000      -0.000000      -0.000000       0.000000
  100      C  Fzzz       0.000024      -0.000000       0.000006      -0.000000       0.000000
  101      C  Fxxx      -0.000000      -0.000000      -0.000000      -0.000000      -0.000000
  102      C  Fxxy      -0.000000       0.000000       0.000000      -0.000000       0.000000
  103      C  Fxxz       0.000009      -0.000000       0.000011      -0.000000      -0.000000
  104      C  Fxyy      -0.000000      -0.000000      -0.000000      -0.000000      -0.000000
  105      C  Fxyz      -0.000000       0.000000       0.000047       0.000000      -0.000000
  106      C  Fxzz      -0.000000      -0.000000      -0.000000      -0.000000      -0.000000
  107      C  Fyyy      -0.000000       0.000000       0.000000      -0.000000       0.000000
  108      C  Fyyz       0.000009      -0.000000      -0.000015      -0.000000      -0.000000
  109      C  Fyzz      -0.000000       0.000000       0.000000      -0.000000       0.000000
  110      C  Fzzz       0.000021      -0.000000       0.000080      -0.000000      -0.000000
 
                          -0.0779        -0.0779   
 
    1      C     S       0.000001      -0.000000
    2      C     S       0.000005      -0.000000
    3      C     S       0.000004       0.000000
    4      C     S       0.000005      -0.000000
    5      C     S      -0.000043       0.000000
    6      C    Px       0.000000      -0.244554
    7      C    Py       0.000000      -0.179082
    8      C    Pz       0.303158       0.000000
    9      C    Px       0.000000      -0.321051
   10      C    Py       0.000000      -0.235099
   11      C    Pz       0.397987       0.000000
   12      C    Px       0.000000      -0.301642
   13      C    Py       0.000000      -0.220886
   14      C    Pz       0.373888       0.000000
   15      C    Px       0.000000      -0.137584
   16      C    Py       0.000000      -0.100750
   17      C    Pz       0.170361       0.000000
   18      C   Dxx       0.000000       0.000000
   19      C   Dxy      -0.000000       0.000000
   20      C   Dxz      -0.000000       0.000000
   21      C   Dyy       0.000000       0.000000
   22      C   Dyz       0.000000       0.000000
   23      C   Dzz       0.000000       0.000000
   24      C   Dxx       0.000003       0.000000
   25      C   Dxy       0.000000      -0.000000
   26      C   Dxz       0.000000      -0.000000
   27      C   Dyy       0.000003       0.000000
   28      C   Dyz      -0.000000      -0.000000
   29      C   Dzz       0.000004       0.000000
   30      C   Dxx       0.000011      -0.000000
   31      C   Dxy      -0.000000       0.000000
   32      C   Dxz      -0.000000       0.000003
   33      C   Dyy       0.000011      -0.000000
   34      C   Dyz       0.000000       0.000002
   35      C   Dzz       0.000003      -0.000000
   36      C  Fxxx       0.000000      -0.010275
   37      C  Fxxy       0.000000      -0.003364
   38      C  Fxxz       0.005695       0.000000
   39      C  Fxyy       0.000000      -0.004595
   40      C  Fxyz      -0.000001       0.000000
   41      C  Fxzz       0.000000      -0.004596
   42      C  Fyyy       0.000000      -0.007525
   43      C  Fyyz       0.005695       0.000000
   44      C  Fyzz       0.000000      -0.003365
   45      C  Fzzz       0.012734       0.000000
   46      C  Fxxx       0.000000      -0.010762
   47      C  Fxxy       0.000000      -0.003525
   48      C  Fxxz       0.005963       0.000000
   49      C  Fxyy       0.000000      -0.004813
   50      C  Fxyz       0.000000       0.000000
   51      C  Fxzz       0.000000      -0.004813
   52      C  Fyyy       0.000000      -0.007881
   53      C  Fyyz       0.005962       0.000000
   54      C  Fyzz       0.000000      -0.003524
   55      C  Fzzz       0.013332       0.000000
   56      C     S      -0.000000      -0.000000
   57      C     S      -0.000000      -0.000000
   58      C     S      -0.000001       0.000000
   59      C     S       0.000002      -0.000000
   60      C     S       0.000004      -0.000000
   61      C    Px       0.000000      -0.000000
   62      C    Py       0.000000      -0.000000
   63      C    Pz      -0.000000       0.000000
   64      C    Px       0.000000       0.000000
   65      C    Py      -0.000000       0.000000
   66      C    Pz       0.000000       0.000000
   67      C    Px      -0.000000       0.000000
   68      C    Py       0.000000       0.000000
   69      C    Pz       0.000007       0.000000
   70      C    Px       0.000000      -0.000000
   71      C    Py      -0.000000      -0.000000
   72      C    Pz      -0.000005      -0.000000
   73      C   Dxx      -0.000000       0.000000
   74      C   Dxy       0.000000      -0.000000
   75      C   Dxz       0.000000       0.000000
   76      C   Dyy      -0.000000       0.000000
   77      C   Dyz      -0.000000       0.000000
   78      C   Dzz      -0.000000       0.000000
   79      C   Dxx      -0.000001       0.000000
   80      C   Dxy       0.000000       0.000000
   81      C   Dxz       0.000000      -0.000000
   82      C   Dyy      -0.000001       0.000000
   83      C   Dyz      -0.000000      -0.000000
   84      C   Dzz      -0.000001       0.000000
   85      C   Dxx      -0.000001       0.000000
   86      C   Dxy      -0.000000      -0.000000
   87      C   Dxz      -0.000000       0.000000
   88      C   Dyy      -0.000001       0.000000
   89      C   Dyz       0.000000       0.000000
   90      C   Dzz      -0.000001      -0.000000
   91      C  Fxxx       0.000000      -0.000000
   92      C  Fxxy       0.000000      -0.000000
   93      C  Fxxz      -0.000000       0.000000
   94      C  Fxyy       0.000000      -0.000000
   95      C  Fxyz       0.000000      -0.000000
   96      C  Fxzz       0.000000      -0.000000
   97      C  Fyyy       0.000000      -0.000000
   98      C  Fyyz      -0.000000      -0.000000
   99      C  Fyzz       0.000000      -0.000000
  100      C  Fzzz      -0.000001      -0.000000
  101      C  Fxxx       0.000000      -0.000000
  102      C  Fxxy       0.000000      -0.000000
  103      C  Fxxz      -0.000001      -0.000000
  104      C  Fxyy       0.000000      -0.000000
  105      C  Fxyz       0.000000       0.000000
  106      C  Fxzz       0.000000      -0.000000
  107      C  Fyyy      -0.000000      -0.000000
  108      C  Fyyz      -0.000001       0.000000
  109      C  Fyzz       0.000000      -0.000000
  110      C  Fzzz      -0.000003      -0.000000
 
 
  Occupied Eigenvectors for: E-BETA
 --------------------------- 
 
                         -11.3120       -10.9277        -0.7952        -0.4046        -0.4046   
 
    1      C     S       0.000000       0.976639      -0.000000       0.000000       0.000000
    2      C     S       0.000000      -0.008773      -0.000000       0.000000       0.000000
    3      C     S       0.000000       0.042443      -0.000000      -0.000000       0.000000
    4      C     S      -0.000000      -0.016248       0.000000      -0.000000      -0.000000
    5      C     S      -0.000000      -0.003095       0.000000      -0.000000      -0.000000
    6      C    Px      -0.000000      -0.000000      -0.000000       0.000000      -0.000000
    7      C    Py       0.000000       0.000000       0.000000       0.000000       0.000000
    8      C    Pz      -0.000000      -0.000000      -0.000000      -0.000000      -0.000000
    9      C    Px       0.000000       0.000000       0.000000      -0.000000       0.000000
   10      C    Py       0.000000      -0.000000      -0.000000      -0.000000      -0.000000
   11      C    Pz       0.000000      -0.000000       0.000000       0.000000       0.000000
   12      C    Px       0.000000      -0.000000       0.000000      -0.000000       0.000000
   13      C    Py       0.000000      -0.000000      -0.000000      -0.000000      -0.000000
   14      C    Pz       0.000000      -0.000000       0.000000      -0.000000       0.000000
   15      C    Px       0.000000       0.000000       0.000000       0.000000      -0.000000
   16      C    Py       0.000000       0.000000       0.000000       0.000000      -0.000000
   17      C    Pz      -0.000000       0.000000      -0.000000      -0.000000      -0.000000
   18      C   Dxx       0.000000       0.002826      -0.000000       0.000000       0.000000
   19      C   Dxy      -0.000000       0.000000       0.000000      -0.000000      -0.000000
   20      C   Dxz      -0.000000       0.000000      -0.000000       0.000000       0.000000
   21      C   Dyy       0.000000       0.002826      -0.000000       0.000000       0.000000
   22      C   Dyz       0.000000       0.000000       0.000000       0.000000       0.000000
   23      C   Dzz       0.000000       0.002826      -0.000000      -0.000000       0.000000
   24      C   Dxx       0.000000       0.007822      -0.000000      -0.000000       0.000000
   25      C   Dxy       0.000000      -0.000000      -0.000000      -0.000000      -0.000000
   26      C   Dxz       0.000000      -0.000000       0.000000      -0.000000      -0.000000
   27      C   Dyy       0.000000       0.007823      -0.000000      -0.000000       0.000000
   28      C   Dyz       0.000000      -0.000000      -0.000000      -0.000000      -0.000000
   29      C   Dzz       0.000000       0.007823      -0.000000      -0.000000       0.000000
   30      C   Dxx       0.000000       0.002657      -0.000000       0.000000       0.000000
   31      C   Dxy      -0.000000       0.000000       0.000000       0.000000       0.000000
   32      C   Dxz      -0.000000       0.000000      -0.000000       0.000000       0.000000
   33      C   Dyy       0.000000       0.002657      -0.000000       0.000000       0.000000
   34      C   Dyz      -0.000000      -0.000000       0.000000       0.000000      -0.000000
   35      C   Dzz       0.000000       0.002657      -0.000000       0.000000       0.000000
   36      C  Fxxx      -0.000000      -0.000000      -0.000000       0.000000      -0.000000
   37      C  Fxxy      -0.000000       0.000000       0.000000       0.000000       0.000000
   38      C  Fxxz      -0.000000       0.000000      -0.000000       0.000000      -0.000000
   39      C  Fxyy      -0.000000      -0.000000      -0.000000       0.000000      -0.000000
   40      C  Fxyz       0.000000       0.000000      -0.000000      -0.000000       0.000000
   41      C  Fxzz      -0.000000      -0.000000      -0.000000       0.000000      -0.000000
   42      C  Fyyy       0.000000       0.000000       0.000000       0.000000       0.000000
   43      C  Fyyz      -0.000000       0.000000      -0.000000       0.000000      -0.000000
   44      C  Fyzz      -0.000000       0.000000       0.000000       0.000000       0.000000
   45      C  Fzzz      -0.000000       0.000000      -0.000000      -0.000000      -0.000000
   46      C  Fxxx      -0.000000      -0.000000      -0.000000       0.000000      -0.000000
   47      C  Fxxy      -0.000000       0.000000       0.000000       0.000000       0.000000
   48      C  Fxxz      -0.000000       0.000000      -0.000000      -0.000000      -0.000000
   49      C  Fxyy      -0.000000       0.000000      -0.000000       0.000000      -0.000000
   50      C  Fxyz       0.000000      -0.000000       0.000000       0.000000      -0.000000
   51      C  Fxzz      -0.000000       0.000000      -0.000000       0.000000      -0.000000
   52      C  Fyyy      -0.000000       0.000000       0.000000       0.000000       0.000000
   53      C  Fyyz      -0.000000       0.000000      -0.000000      -0.000000      -0.000000
   54      C  Fyzz      -0.000000       0.000000       0.000000       0.000000       0.000000
   55      C  Fzzz      -0.000000       0.000000      -0.000000       0.000000      -0.000000
   56      C     S      -0.974577      -0.000000      -0.004291       0.000000      -0.000179
   57      C     S       0.005272      -0.000000       0.582389       0.000000      -0.001325
   58      C     S      -0.048304      -0.000000       0.153911       0.000000      -0.000519
   59      C     S       0.014143       0.000000       0.344960      -0.000000       0.000140
   60      C     S       0.002837       0.000000       0.025647      -0.000000       0.001588
   61      C    Px      -0.000000      -0.000000       0.000000       0.294256      -0.000000
   62      C    Py      -0.000000      -0.000000      -0.000000       0.215479      -0.000000
   63      C    Pz      -0.000007      -0.000000      -0.000310       0.000000       0.364798
   64      C    Px       0.000000       0.000000      -0.000000       0.389572      -0.000000
   65      C    Py       0.000000       0.000000       0.000000       0.285278      -0.000000
   66      C    Pz       0.000041       0.000000      -0.000415       0.000000       0.482960
   67      C    Px       0.000000       0.000000      -0.000000       0.231249      -0.000000
   68      C    Py      -0.000000      -0.000000       0.000000       0.169340      -0.000000
   69      C    Pz       0.000014       0.000000       0.000708       0.000000       0.286419
   70      C    Px      -0.000000      -0.000000      -0.000000       0.017832      -0.000000
   71      C    Py       0.000000       0.000000      -0.000000       0.013058      -0.000000
   72      C    Pz      -0.000002      -0.000000       0.000144       0.000000       0.021935
   73      C   Dxx      -0.001387      -0.000000       0.004925       0.000000       0.000003
   74      C   Dxy      -0.001079      -0.000000       0.011825       0.000000      -0.000006
   75      C   Dxz       0.000000       0.000000      -0.000000      -0.000028       0.000000
   76      C   Dyy      -0.000796      -0.000000      -0.001561       0.000000       0.000007
   77      C   Dyz      -0.000000      -0.000000       0.000000      -0.000021      -0.000000
   78      C   Dzz      -0.002072      -0.000000       0.012427       0.000000      -0.000059
   79      C   Dxx      -0.006890      -0.000000       0.006271       0.000000      -0.000093
   80      C   Dxy      -0.000146       0.000000       0.022142       0.000000       0.000006
   81      C   Dxz       0.000000      -0.000000      -0.000000       0.000156      -0.000000
   82      C   Dyy      -0.006810      -0.000000      -0.005873       0.000000      -0.000096
   83      C   Dyz      -0.000000      -0.000000       0.000000       0.000114      -0.000000
   84      C   Dzz      -0.006983      -0.000000       0.020270       0.000000       0.000247
   85      C   Dxx      -0.002404      -0.000000      -0.011546       0.000000      -0.000289
   86      C   Dxy      -0.000041       0.000000       0.006005      -0.000000       0.000007
   87      C   Dxz      -0.000000       0.000000      -0.000000       0.000940      -0.000000
   88      C   Dyy      -0.002382      -0.000000      -0.014840       0.000000      -0.000293
   89      C   Dyz       0.000000       0.000000       0.000000       0.000689      -0.000000
   90      C   Dzz      -0.002430      -0.000000      -0.007833       0.000000       0.001780
   91      C  Fxxx      -0.000000      -0.000000       0.000000       0.010790      -0.000000
   92      C  Fxxy      -0.000000      -0.000000      -0.000000       0.004498      -0.000000
   93      C  Fxxz      -0.000009      -0.000000       0.000013       0.000000       0.005981
   94      C  Fxyy      -0.000000      -0.000000       0.000000       0.005226      -0.000000
   95      C  Fxyz      -0.000000       0.000000       0.000000       0.000000       0.000690
   96      C  Fxzz      -0.000000      -0.000000       0.000000       0.005184      -0.000000
   97      C  Fyyy      -0.000000      -0.000000      -0.000000       0.007401      -0.000000
   98      C  Fyyz      -0.000008      -0.000000       0.000013       0.000000       0.005603
   99      C  Fyzz      -0.000000      -0.000000      -0.000000       0.003796       0.000000
  100      C  Fzzz      -0.000019      -0.000000       0.000029       0.000000       0.014368
  101      C  Fxxx      -0.000000      -0.000000       0.000000       0.019890      -0.000000
  102      C  Fxxy       0.000000      -0.000000      -0.000000       0.007891      -0.000000
  103      C  Fxxz      -0.000007      -0.000000       0.000044       0.000000       0.011072
  104      C  Fxyy      -0.000000      -0.000000       0.000000       0.009467      -0.000000
  105      C  Fxyz      -0.000000       0.000000       0.000037       0.000000       0.000985
  106      C  Fxzz      -0.000000      -0.000000       0.000000       0.009341      -0.000000
  107      C  Fyyy      -0.000000      -0.000000      -0.000000       0.013851      -0.000000
  108      C  Fyyz      -0.000007      -0.000000       0.000024       0.000000       0.010531
  109      C  Fyzz      -0.000000       0.000000      -0.000000       0.006840      -0.000000
  110      C  Fzzz      -0.000016      -0.000000       0.000162       0.000000       0.025990
 
                          -0.2133   
 
    1      C     S       0.015669
    2      C     S      -0.487615
    3      C     S      -0.121718
    4      C     S      -0.384857
    5      C     S      -0.082964
    6      C    Px       0.000000
    7      C    Py       0.000000
    8      C    Pz       0.000002
    9      C    Px      -0.000000
   10      C    Py       0.000000
   11      C    Pz       0.000003
   12      C    Px       0.000000
   13      C    Py      -0.000000
   14      C    Pz       0.000003
   15      C    Px       0.000000
   16      C    Py      -0.000000
   17      C    Pz       0.000002
   18      C   Dxx      -0.002602
   19      C   Dxy      -0.000003
   20      C   Dxz       0.000000
   21      C   Dyy      -0.002600
   22      C   Dyz       0.000000
   23      C   Dzz      -0.002600
   24      C   Dxx      -0.010961
   25      C   Dxy      -0.000005
   26      C   Dxz      -0.000000
   27      C   Dyy      -0.010958
   28      C   Dyz       0.000000
   29      C   Dzz      -0.010957
   30      C   Dxx      -0.020635
   31      C   Dxy       0.000002
   32      C   Dxz      -0.000000
   33      C   Dyy      -0.020636
   34      C   Dyz      -0.000000
   35      C   Dzz      -0.020635
   36      C  Fxxx      -0.000000
   37      C  Fxxy      -0.000000
   38      C  Fxxz      -0.000000
   39      C  Fxyy       0.000000
   40      C  Fxyz      -0.000000
   41      C  Fxzz       0.000000
   42      C  Fyyy      -0.000000
   43      C  Fyyz      -0.000000
   44      C  Fyzz      -0.000000
   45      C  Fzzz      -0.000000
   46      C  Fxxx      -0.000000
   47      C  Fxxy       0.000000
   48      C  Fxxz      -0.000000
   49      C  Fxyy      -0.000000
   50      C  Fxyz       0.000000
   51      C  Fxzz      -0.000000
   52      C  Fyyy       0.000000
   53      C  Fyyz      -0.000000
   54      C  Fyzz       0.000000
   55      C  Fzzz      -0.000000
   56      C     S       0.000000
   57      C     S       0.000000
   58      C     S       0.000000
   59      C     S      -0.000000
   60      C     S      -0.000000
   61      C    Px       0.000000
   62      C    Py       0.000000
   63      C    Pz       0.000000
   64      C    Px      -0.000000
   65      C    Py      -0.000000
   66      C    Pz      -0.000000
   67      C    Px      -0.000000
   68      C    Py      -0.000000
   69      C    Pz      -0.000000
   70      C    Px       0.000000
   71      C    Py       0.000000
   72      C    Pz       0.000000
   73      C   Dxx       0.000000
   74      C   Dxy       0.000000
   75      C   Dxz       0.000000
   76      C   Dyy       0.000000
   77      C   Dyz      -0.000000
   78      C   Dzz       0.000000
   79      C   Dxx       0.000000
   80      C   Dxy      -0.000000
   81      C   Dxz      -0.000000
   82      C   Dyy       0.000000
   83      C   Dyz       0.000000
   84      C   Dzz       0.000000
   85      C   Dxx       0.000000
   86      C   Dxy       0.000000
   87      C   Dxz       0.000000
   88      C   Dyy       0.000000
   89      C   Dyz       0.000000
   90      C   Dzz       0.000000
   91      C  Fxxx       0.000000
   92      C  Fxxy       0.000000
   93      C  Fxxz       0.000000
   94      C  Fxyy       0.000000
   95      C  Fxyz      -0.000000
   96      C  Fxzz       0.000000
   97      C  Fyyy       0.000000
   98      C  Fyyz       0.000000
   99      C  Fyzz       0.000000
  100      C  Fzzz       0.000000
  101      C  Fxxx       0.000000
  102      C  Fxxy       0.000000
  103      C  Fxxz       0.000000
  104      C  Fxyy       0.000000
  105      C  Fxyz      -0.000000
  106      C  Fxzz       0.000000
  107      C  Fyyy       0.000000
  108      C  Fyyz       0.000000
  109      C  Fyzz       0.000000
  110      C  Fzzz       0.000000
 
 
  end of eigenvectors 
 
  END OF EIGENVALUES AND EIGENVECTORS
 
 
  COMPONENTS OF KINETIC ENERGY: 
 -----------------------------
 
             E-ALPHA Kinetic energy =           37.860098492805
              E-BETA Kinetic energy =           37.519247045696
                                     _________________________
               Total kinetic energy =           75.379345538501
 
  COMPONENTS OF POTENTIAL ENERGY: 
 -------------------------------
 
          Fixed potential energy    =            1.229056836945
 
  Quantum/Fixed interaction energy: 
 ----------------------------------
 
     E-ALPHA/Fixed interact. energy =          -91.974531352765
      E-BETA/Fixed interact. energy =          -89.054576808908
                                     _________________________
               Total Q/Fixed energy =         -181.029108161673
 
  Coulomb energy: 
 ------------------
 
     E-ALPHA/E-ALPHA Hartree energy =           11.475325273782
       E-BETA/E-BETA Hartree energy =            9.697122488088
      E-ALPHA/E-BETA Hartree energy =           18.187299584455
                                     _________________________
               Total Hartree energy =           39.359747346325
 
  Exchange(HF) energy: 
 ----------------------
 
            E-ALPHA Exchange energy =           -5.287720555008
             E-BETA Exchange energy =           -5.051845713401
                                     _________________________
              Total Exchange energy =          -10.339566268409
 
  TOTAL ENERGY COMPONENTS: 
 ==========================
 
          TOTAL KINETIC ENERGY      =           75.379345538501
          TOTAL POTENTIAL ENERGY    =         -150.779870246813
                                     _________________________
                       TOTAL ENERGY =          -75.400524708312
 
                 VIRIAL RATIO (V/T) =            2.000280967812
 
 
  END ENERGY COMPONENTS
 
 
** TOTAL CPU Time SCF :     24.749 (s)
** TOTAL Elapsed Time SCF :      3.048 (s)
 
 We are calculating properties for E-ALPHA in the HF/KS ground state
 We are calculating properties for E-BETA in the HF/KS ground state
 
  POPULATION ANALYSES: 
 ====================
 
 MULLIKEN Population: for E-        
 ---------------------
 
                          total          spin      
 
    1      C     S       1.950712      -0.002328
    2      C     S       0.958830       0.054170
    3      C     S       0.213284       0.014485
    4      C     S       0.706901      -0.013079
    5      C     S       0.090607      -0.027972
    6      C    Px       0.197712       0.197712
    7      C    Py       0.197733       0.197733
    8      C    Pz       0.197739       0.197739
    9      C    Px       0.361279       0.361279
   10      C    Py       0.361310       0.361310
   11      C    Pz       0.361319       0.361319
   12      C    Px       0.317854       0.317854
   13      C    Py       0.317851       0.317851
   14      C    Pz       0.317854       0.317854
   15      C    Px       0.091203       0.091203
   16      C    Py       0.091156       0.091156
   17      C    Pz       0.091141       0.091141
   18      C   Dxx       0.005339       0.001396
   19      C   Dxy       0.000000       0.000000
   20      C   Dxz      -0.000000      -0.000000
   21      C   Dyy       0.005339       0.001398
   22      C   Dyz      -0.000000      -0.000000
   23      C   Dzz       0.005339       0.001399
   24      C   Dxx       0.012546      -0.002137
   25      C   Dxy       0.000000       0.000000
   26      C   Dxz      -0.000000      -0.000000
   27      C   Dyy       0.012547      -0.002132
   28      C   Dyz      -0.000000      -0.000000
   29      C   Dzz       0.012547      -0.002132
   30      C   Dxx       0.008670      -0.007689
   31      C   Dxy       0.000000       0.000000
   32      C   Dxz       0.000000       0.000000
   33      C   Dyy       0.008670      -0.007690
   34      C   Dyz       0.000000       0.000000
   35      C   Dzz       0.008669      -0.007690
   36      C  Fxxx       0.009607       0.009607
   37      C  Fxxy       0.003202       0.003202
   38      C  Fxxz       0.003202       0.003202
   39      C  Fxyy       0.003203       0.003203
   40      C  Fxyz       0.000000       0.000000
   41      C  Fxzz       0.003203       0.003203
   42      C  Fyyy       0.009608       0.009608
   43      C  Fyyz       0.003202       0.003202
   44      C  Fyzz       0.003203       0.003203
   45      C  Fzzz       0.009608       0.009608
   46      C  Fxxx       0.009564       0.009564
   47      C  Fxxy       0.003188       0.003188
   48      C  Fxxz       0.003187       0.003187
   49      C  Fxyy       0.003188       0.003188
   50      C  Fxyz       0.000000       0.000000
   51      C  Fxzz       0.003188       0.003188
   52      C  Fyyy       0.009562       0.009562
   53      C  Fyyz       0.003187       0.003187
   54      C  Fyzz       0.003187       0.003187
   55      C  Fzzz       0.009560       0.009560
   56      C     S       1.950234       0.002212
   57      C     S       1.064175      -0.052202
   58      C     S       0.243344      -0.018210
   59      C     S       0.663058       0.051321
   60      C     S       0.029891      -0.000887
   61      C    Px       0.175990      -0.175990
   62      C    Py       0.094373      -0.094373
   63      C    Pz       0.270464      -0.270460
   64      C    Px       0.298803      -0.298803
   65      C    Py       0.160230      -0.160230
   66      C    Pz       0.459150      -0.459142
   67      C    Px       0.141151      -0.141151
   68      C    Py       0.075691      -0.075691
   69      C    Pz       0.216648      -0.216638
   70      C    Px       0.005223      -0.005223
   71      C    Py       0.002801      -0.002801
   72      C    Pz       0.007959      -0.007958
   73      C   Dxx       0.005830      -0.001038
   74      C   Dxy       0.000527      -0.000052
   75      C   Dxz      -0.000000       0.000000
   76      C   Dyy       0.005311       0.007138
   77      C   Dyz      -0.000000       0.000000
   78      C   Dzz       0.006690      -0.010525
   79      C   Dxx       0.011428       0.003322
   80      C   Dxy       0.001346      -0.000066
   81      C   Dxz       0.000000      -0.000000
   82      C   Dyy       0.011841       0.018594
   83      C   Dyz       0.000000      -0.000000
   84      C   Dzz       0.011578      -0.014359
   85      C   Dxx      -0.001830       0.005030
   86      C   Dxy       0.000189      -0.000054
   87      C   Dxz       0.000001      -0.000001
   88      C   Dyy      -0.001946       0.006659
   89      C   Dyz       0.000001      -0.000001
   90      C   Dzz      -0.001670       0.003099
   91      C  Fxxx       0.006969      -0.006969
   92      C  Fxxy       0.001591      -0.001591
   93      C  Fxxz       0.003569      -0.003569
   94      C  Fxyy       0.002519      -0.002519
   95      C  Fxyz       0.000001      -0.000001
   96      C  Fxzz       0.002498      -0.002498
   97      C  Fyyy       0.003498      -0.003498
   98      C  Fyyz       0.003341      -0.003341
   99      C  Fyzz       0.001340      -0.001340
  100      C  Fzzz       0.011513      -0.011513
  101      C  Fxxx       0.010426      -0.010426
  102      C  Fxxy       0.002268      -0.002268
  103      C  Fxxz       0.005361      -0.005361
  104      C  Fxyy       0.003704      -0.003704
  105      C  Fxyz       0.000001      -0.000001
  106      C  Fxzz       0.003653      -0.003653
  107      C  Fyyy       0.005311      -0.005311
  108      C  Fyyz       0.005094      -0.005094
  109      C  Fyzz       0.001959      -0.001959
  110      C  Fzzz       0.016902      -0.016902
 
                           __________     __________
              Total =       13.000000       1.000000
 
  Atomic MULLIKEN Population: for E-        
            C                7.000000       3.000000
            C                6.000000      -2.000000
 
 ...end of MULLIKEN Population
 
 
 END POPULATION ANALYSES 
 
 
  POPULATION ANALYSES: 
 ====================
 
 LOWDIN Population: for E-        
 ---------------------
 
                          total          spin      
 
    1      C     S       1.609616      -0.000767
    2      C     S       0.557611       0.018746
    3      C     S       0.393588       0.013351
    4      C     S       0.324663      -0.007602
    5      C     S       0.126438      -0.018608
    6      C    Px       0.182440       0.182440
    7      C    Py       0.182460       0.182460
    8      C    Pz       0.182466       0.182466
    9      C    Px       0.173491       0.173491
   10      C    Py       0.173504       0.173504
   11      C    Pz       0.173508       0.173508
   12      C    Px       0.168638       0.168638
   13      C    Py       0.168628       0.168628
   14      C    Pz       0.168625       0.168625
   15      C    Px       0.089024       0.089024
   16      C    Py       0.088988       0.088988
   17      C    Pz       0.088977       0.088977
   18      C   Dxx       0.151453       0.009215
   19      C   Dxy       0.000000       0.000000
   20      C   Dxz       0.000000       0.000000
   21      C   Dyy       0.151453       0.009218
   22      C   Dyz       0.000000       0.000000
   23      C   Dzz       0.151454       0.009218
   24      C   Dxx       0.147407      -0.002648
   25      C   Dxy       0.000000       0.000000
   26      C   Dxz       0.000000       0.000000
   27      C   Dyy       0.147407      -0.002645
   28      C   Dyz       0.000000       0.000000
   29      C   Dzz       0.147407      -0.002645
   30      C   Dxx       0.030501      -0.008278
   31      C   Dxy       0.000000       0.000000
   32      C   Dxz       0.000000       0.000000
   33      C   Dyy       0.030501      -0.008278
   34      C   Dyz       0.000000       0.000000
   35      C   Dzz       0.030500      -0.008278
   36      C  Fxxx       0.110009       0.110009
   37      C  Fxxy       0.047807       0.047807
   38      C  Fxxz       0.047808       0.047808
   39      C  Fxyy       0.047803       0.047803
   40      C  Fxyz       0.000000       0.000000
   41      C  Fxzz       0.047803       0.047803
   42      C  Fyyy       0.110018       0.110018
   43      C  Fyyz       0.047809       0.047809
   44      C  Fyzz       0.047807       0.047807
   45      C  Fzzz       0.110021       0.110021
   46      C  Fxxx       0.097035       0.097035
   47      C  Fxxy       0.041877       0.041877
   48      C  Fxxz       0.041877       0.041877
   49      C  Fxyy       0.041878       0.041878
   50      C  Fxyz       0.000000       0.000000
   51      C  Fxzz       0.041878       0.041878
   52      C  Fyyy       0.097032       0.097032
   53      C  Fyyz       0.041877       0.041877
   54      C  Fyzz       0.041877       0.041877
   55      C  Fzzz       0.097032       0.097032
   56      C     S       1.610663       0.000628
   57      C     S       0.592041      -0.015057
   58      C     S       0.417291      -0.013345
   59      C     S       0.308307       0.012453
   60      C     S       0.091742       0.009289
   61      C    Px       0.163786      -0.163786
   62      C    Py       0.087829      -0.087829
   63      C    Pz       0.251710      -0.251706
   64      C    Px       0.138714      -0.138714
   65      C    Py       0.074353      -0.074353
   66      C    Pz       0.213250      -0.213247
   67      C    Px       0.075925      -0.075925
   68      C    Py       0.040694      -0.040694
   69      C    Pz       0.116623      -0.116619
   70      C    Px       0.013002      -0.013002
   71      C    Py       0.006971      -0.006971
   72      C    Pz       0.019920      -0.019918
   73      C   Dxx       0.167915      -0.007876
   74      C   Dxy       0.000579      -0.000049
   75      C   Dxz       0.000000      -0.000000
   76      C   Dyy       0.167434       0.000856
   77      C   Dyz       0.000000      -0.000000
   78      C   Dzz       0.168749      -0.017999
   79      C   Dxx       0.141211       0.006551
   80      C   Dxy       0.001210      -0.000071
   81      C   Dxz       0.000000      -0.000000
   82      C   Dyy       0.141379       0.018210
   83      C   Dyz       0.000000      -0.000000
   84      C   Dzz       0.141563      -0.006965
   85      C   Dxx       0.016520       0.004577
   86      C   Dxy       0.000272      -0.000052
   87      C   Dxz       0.000001      -0.000001
   88      C   Dyy       0.016663       0.006395
   89      C   Dyz       0.000000      -0.000000
   90      C   Dzz       0.016459       0.002437
   91      C  Fxxx       0.088160      -0.088160
   92      C  Fxxy       0.020893      -0.020893
   93      C  Fxxz       0.058978      -0.058977
   94      C  Fxyy       0.038558      -0.038558
   95      C  Fxyz       0.000001      -0.000001
   96      C  Fxzz       0.038533      -0.038533
   97      C  Fyyy       0.047089      -0.047089
   98      C  Fyyz       0.058773      -0.058772
   99      C  Fyzz       0.020663      -0.020663
  100      C  Fzzz       0.136075      -0.136072
  101      C  Fxxx       0.050957      -0.050957
  102      C  Fxxy       0.011815      -0.011815
  103      C  Fxxz       0.033034      -0.033033
  104      C  Fxyy       0.021666      -0.021666
  105      C  Fxyz       0.000001      -0.000001
  106      C  Fxzz       0.021634      -0.021634
  107      C  Fyyy       0.027154      -0.027154
  108      C  Fyyz       0.032848      -0.032847
  109      C  Fyzz       0.011601      -0.011601
  110      C  Fzzz       0.078791      -0.078788
 
                           __________     __________
              Total =       13.000000       1.000000
 
  Atomic LOWDIN Population: for E-        
            C                7.000000       3.000000
            C                6.000000      -2.000000
 
 ...end of LOWDIN Population
 
 
 END POPULATION ANALYSES 
 
 
  EXPECTED POSITIONS OF QUANTUM SPECIES:
 ======================
 
 POSITIONS IN ANGSTROMS
 ------
 
                        <x>      <y>      <z>         
            E-ALPHA  -0.0000   0.0000  31.0035
             E-BETA  -0.0000   0.0000  62.0042
 
 END EXPECTED POSITIONS
 
 
  ELECTROSTATIC MOMENTS:
 ======================
 
 
 DIPOLE: (A.U.)
 ------
 
                           <Dx>         <Dy>         <Dz>          |D|
            E-ALPHA   0.00000000  -0.00000000 -58.58804107
             E-BETA   0.00000000  -0.00000000-117.17088477
    Point charges:    0.00000000   0.00000000 175.74451686
                     ____________________________
      Total Dipole:   0.00000000  -0.00000000  -0.01440898   0.01440898
 
 DIPOLE: (DEBYE)
 ------
 
                           <Dx>         <Dy>         <Dz>          |D|
            E-ALPHA   0.00000000  -0.00000000-148.91592721
             E-BETA   0.00000000  -0.00000000-297.81864404
    Point charges:    0.00000000   0.00000000 446.69794727
                     ____________________________
      Total Dipole:   0.00000000  -0.00000000  -0.03662398   0.03662398
 
 QUADRUPOLE NON-TRACELESS: (DEBYE ANGS)
 ------
 
                           <xx>         <yy>         <zz>         <xy>         <xz>         <yz>
            E-ALPHA  -11.40697678  -11.45930834-2319.80310810    0.08263271    0.00000000    0.00000000
             E-BETA   -6.44513078   -5.78867540-4623.70190398   -1.03655774    0.00000000   -0.00000000
    Point charges:     0.00000000    0.00000000 6923.81739279    0.00000000    0.00000000    0.00000000
  Total Quadrupole:  -17.85210757  -17.24798374  -19.68761929   -0.95392504    0.00000000   -0.00000000
                     ____________________________
 
 END ELECTROSTATIC MOMENTS
 
 
 BEGIN FOUR-INDEX INTEGRALS TRANFORMATION:
 ========================================
 Selected method: C         
 
 --------------------------------------------------
    4N^5 Algorithm Four-index integral tranformation
 --------------------------------------------------
 
 Integrals transformation for: E-ALPHA
 
              Transformation boundaries 
                 orbital lower upper
                       p     1     7
                       q     8   110
                       r     1     7
                       s     8   110
 
         Loading AO integrals time(s):  0.521E-02
      Integral transformation time(s):  0.150E+01
       Non-zero transformed integrals:       101865
 
 Inter-species integrals transformation for: E-ALPHA/E-BETA
 
              Transformation boundaries 
                 orbital lower upper
                       p     1     6
                       q     7   110
                       r     1     7
                       s     8   110
 
         Loading AO integrals time(s):  0.109E-01
      Integral transformation time(s):  0.728E+01
 Non zero transformed coupling integrals:        46875
 
 Integrals transformation for: E-BETA
 
              Transformation boundaries 
                 orbital lower upper
                       p     1     6
                       q     7   110
                       r     1     6
                       s     7   110
 
         Loading AO integrals time(s):  0.533E-02
      Integral transformation time(s):  0.133E+01
       Non-zero transformed integrals:       219060
 
** TOTAL Elapsed Time for integrals transformation :     10.404 (s)
 
 
  POST HARTREE-FOCK CALCULATION
  MANY-BODY PERTURBATION THEORY:
 ==============================
 
              MOLLER-PLESSET FORMALISM 
               ORDER OF CORRECTION =     2
 
                E(0) + E(1) =     -75.400524708312
                       E(2) =      -0.195506834060
                             ____________________
                     E(MP2) =     -75.596031542372
 
              -----------------------------------
               E(n){ Specie }     E(n) / Hartree 
              -----------------------------------
 
            E(2){ E-ALPHA } =      -0.034248162809
             E(2){ E-BETA } =      -0.014824431372
 
     E(2){ E-ALPHA/E-BETA } =      -0.146434239879
 
** TOTAL CPU Time HF-MBPT :      0.985 (s)
** TOTAL Elapsed Time HF-MBPT :      0.375 (s)
 

  TOTAL CPU Time:      0.481 (s)
 TOTAL Wall Time:     13.943 (s)
  Elapsed Time:   0h  0m 13s 943ms
LOWDIN execution terminated normally at : Thu Feb 27 18:23:27 2025
-rw-rw-r-- 1 pohl pohl 5.5M feb 27 18:23 0E-ALPHA.E-BETA.ints
-rw-rw-r-- 1 pohl pohl 2.8M feb 27 18:23 0E-ALPHA.ints
-rw-rw-r-- 1 pohl pohl 4.9M feb 27 18:23 1E-ALPHA.E-BETA.ints
-rw-rw-r-- 1 pohl pohl 2.8M feb 27 18:23 1E-ALPHA.ints
-rw-rw-r-- 1 pohl pohl 4.9M feb 27 18:23 2E-ALPHA.E-BETA.ints
-rw-rw-r-- 1 pohl pohl 2.8M feb 27 18:23 2E-ALPHA.ints
-rw-rw-r-- 1 pohl pohl 4.9M feb 27 18:23 3E-ALPHA.E-BETA.ints
-rw-rw-r-- 1 pohl pohl 2.8M feb 27 18:23 3E-ALPHA.ints
-rw-rw-r-- 1 pohl pohl 4.9M feb 27 18:23 4E-ALPHA.E-BETA.ints
-rw-rw-r-- 1 pohl pohl 2.8M feb 27 18:23 4E-ALPHA.ints
-rw-rw-r-- 1 pohl pohl 4.9M feb 27 18:23 5E-ALPHA.E-BETA.ints
-rw-rw-r-- 1 pohl pohl 2.8M feb 27 18:23 5E-ALPHA.ints
-rw-rw-r-- 1 pohl pohl 4.9M feb 27 18:23 6E-ALPHA.E-BETA.ints
-rw-rw-r-- 1 pohl pohl 2.8M feb 27 18:23 6E-ALPHA.ints
-rw-rw-r-- 1 pohl pohl 4.9M feb 27 18:23 7E-ALPHA.E-BETA.ints
-rw-rw-r-- 1 pohl pohl 2.8M feb 27 18:23 7E-ALPHA.ints
-rw-rw-r-- 1 pohl pohl 4.9M feb 27 18:23 8E-ALPHA.E-BETA.ints
-rw-rw-r-- 1 pohl pohl 2.8M feb 27 18:23 8E-ALPHA.ints
-rw-rw-r-- 1 pohl pohl  258 feb 27 18:23 c_step_28
-rw-rw-r-- 1 pohl pohl 1.1K feb 27 18:23 c_step_28.aux
-rw-rw-r-- 1 pohl pohl  266 feb 27 18:23 c_step_28.lowdin
-rw-rw-r-- 1 pohl pohl  75K feb 27 18:23 c_step_28.out
-rw-rw-r-- 1 pohl pohl 192K feb 27 18:23 c_step_28.vec
-rw-rw-r-- 1 pohl pohl   12 feb 27 18:23 E-ALPHA.E-BETA.nints
-rw-rw-r-- 1 pohl pohl 6.9M feb 27 18:23 E-ALPHAmoint.dat
-rw-rw-r-- 1 pohl pohl 1.4M feb 27 18:23 E-BETA.E-ALPHAmoint.dat
-rw-rw-r-- 1 pohl pohl 6.2M feb 27 18:23 E-BETAmoint.dat
-rw-rw-r-- 1 pohl pohl   65 feb 27 18:23 gepol.inp
-rw-rw-r-- 1 pohl pohl  182 feb 27 18:23 gepol.xyzr
-rw-rw-r-- 1 pohl pohl  13K feb 27 18:23 lowdin.bas
-rw-rw-r-- 1 pohl pohl  16K feb 27 18:23 lowdin.dat
-rw-rw-r-- 1 pohl pohl 2.3M feb 27 18:23 lowdin.opints
-rw-rw-r-- 1 pohl pohl  46K feb 27 18:23 lowdin.sys
-rw-rw-r-- 1 pohl pohl 2.1M feb 27 18:23 lowdin.wfn
