Begin job by input: c_step_34.lowdin, for user:   at  jue 27 feb 2025 18:24:38 -05
under operating system Linux helios 5.19.0-46-generic #47-Ubuntu SMP PREEMPT_DYNAMIC Fri Jun 16 13:30:11 UTC 2023 x86_64 x86_64 x86_64 GNU/Linux
Compilation information
  commit: f31d3924f6ee2ce9d77f07edcc1ba27359319d14
  compilation date:  mar 17 sep 2024 16:16:17 -05

BEGIN INPUT INFO:
------------------------------------

GEOMETRY
	e-(C)	AUG-CC-PVTZ 0.0 0.0 0.0  multiplicity=2 addParticles=1 
	e-(C)	AUG-CC-PVTZ 0.0 0.0 18.5
	C	Dirac 0 0.0 0.0
	C	Dirac 0.0 0.0 18.5
END GEOMETRY

TASKS
        method = "UHF"
	mollerPlessetCorrection=2
END TASKS

CONTROL
	units="ANGS"
END CONTROL






... END INPUT INFO


 LOWDIN execution started at : Thu Feb 27 18:24:38 2025
 ---------------------------------------------------------------
 
 ***************************************************************
 *                   LOWDIN 2.0  (May/2013)                    *
 *                                                             *
 *  R. FLORES-MORENO, E. F. POSADA, F. S. MONCADA, J.ROMERO,   *
 *  J. CHARRY, M. DIAZ-TINOCO, S. A. GONZALEZ, N. F. AGUIRRE,  *
 *  A. REYES                                                   *
 *                                                             *
 *  https://sites.google.com/site/lowdinproject/               *
 *                                                             *
 ***************************************************************
 
 PARSING INPUT... DONE!
 
 LOWDIN IS RUNNING WITH NEXT PARAMETERS: 
 ----------------------------------------
 
         METHOD TYPE:  UHF
         NUMBER OF CORES:     9
         MOLLER PLESSET CORRECTION:      2
         NONELECTRONIC DENSITY GUESS: HCORE
         ELECTRONIC DENSITY GUESS: HCORE
         CRITERIUM OF CONVERGENCE: ENERGY
         NONELECTRONIC ENERGY TOLERANCE IN SCFs:     0.10000E-07
         ELECTRONIC ENERGY TOLERANCE IN SCFs:     0.10000E-07
         TOTAL ENERGY TOLERANCE IN SCFs:     0.10000E-07
         SCHEME OF ITERATION: GLOBAL ITERATIONS
         SCF MAX. SUBITERATIONS - NONELECTRONS :     1
         SCF MAX. SUBITERATIONS - ELECTRONS :     1
         SCF MAX. ITERATIONS - INTERSPECIES :   200
         INTEGRAL STORAGE: DISK
         STACK SIZE FOR ERIS : 30000
         METHOD OF SCF CONVERGENCE: DAMPING
 
  MOLECULAR SYSTEM: c_step_34
 -----------------
 
    DESCRIPTION   : c_step_34
    CHARGE        :   0
    PUNTUAL GROUP : NONE
 
 
  INFORMATION OF PARTICLES :
 =========================
         Total number of particles   =      15
         Number of quantum particles =      13
         Number of puntual charges   =       2
         Number of quantum species   =       2
 
                 INFORMATION OF QUANTUM SPECIES 
    ----------------------------------------------------------------------
         ID      Symbol            mass     charge      omega     spin     multiplicity
    ----------------------------------------------------------------------
         1        E-ALPHA         1.0000     -1.00      0.00      0.50      2.00
         2         E-BETA         1.0000     -1.00      0.00      0.50      2.00
 
                   CONSTANTS OF COUPLING 
      ------------------------------------------------------------
              Symbol      kappa        eta     lambda occupation
      ------------------------------------------------------------
             E-ALPHA      -1.00       1.00       1.00       7.00
              E-BETA      -1.00       1.00       1.00       6.00
 
                   BASIS SET FOR SPECIES 
      ------------------------------------------------------------
           Symbol          N. Basis     N. Particles     Basis Set
      ------------------------------------------------------------
            E-ALPHA           28                7     AUG-CC-PVT
             E-BETA           28                6     AUG-CC-PVT
 
                                ATOMIC BASIS
         ------------------------------------------------------------
          PRIMITIVE   SHELL             EXPONENT         COEFFICIENT 
         ------------------------------------------------------------
 
    BEGIN DESCRIPTION OF BASIS FOR: E-ALP
    ==============================
 
 
             C BASIS SET:    AUG-CC-PVTZ
             1         S             8236.00000000          0.00053100
             2         S             1235.00000000          0.00410800
             3         S              280.80000000          0.02108700
             4         S               79.27000000          0.08185300
             5         S               25.59000000          0.23481700
             6         S                8.99700000          0.43440100
             7         S                3.31900000          0.34612900
             8         S                0.36430000         -0.00898300
             1         S             8236.00000000         -0.00011300
             2         S             1235.00000000         -0.00087800
             3         S              280.80000000         -0.00454000
             4         S               79.27000000         -0.01813300
             5         S               25.59000000         -0.05576000
             6         S                8.99700000         -0.12689500
             7         S                3.31900000         -0.17035200
             8         S                0.36430000          0.59868400
             1         S                0.90590000          1.00000000
             1         S                0.12850000          1.00000000
             1         S                0.04402000          1.00000000
             1         P               18.71000000          0.01403100
             2         P                4.13300000          0.08686600
             3         P                1.20000000          0.29021600
             1         P                0.38270000          1.00000000
             1         P                0.12090000          1.00000000
             1         P                0.03569000          1.00000000
             1         D                1.09700000          1.00000000
             1         D                0.31800000          1.00000000
             1         D                0.10000000          1.00000000
             1         F                0.76100000          1.00000000
             1         F                0.26800000          1.00000000
 
             C BASIS SET:    AUG-CC-PVTZ
             1         S             8236.00000000          0.00053100
             2         S             1235.00000000          0.00410800
             3         S              280.80000000          0.02108700
             4         S               79.27000000          0.08185300
             5         S               25.59000000          0.23481700
             6         S                8.99700000          0.43440100
             7         S                3.31900000          0.34612900
             8         S                0.36430000         -0.00898300
             1         S             8236.00000000         -0.00011300
             2         S             1235.00000000         -0.00087800
             3         S              280.80000000         -0.00454000
             4         S               79.27000000         -0.01813300
             5         S               25.59000000         -0.05576000
             6         S                8.99700000         -0.12689500
             7         S                3.31900000         -0.17035200
             8         S                0.36430000          0.59868400
             1         S                0.90590000          1.00000000
             1         S                0.12850000          1.00000000
             1         S                0.04402000          1.00000000
             1         P               18.71000000          0.01403100
             2         P                4.13300000          0.08686600
             3         P                1.20000000          0.29021600
             1         P                0.38270000          1.00000000
             1         P                0.12090000          1.00000000
             1         P                0.03569000          1.00000000
             1         D                1.09700000          1.00000000
             1         D                0.31800000          1.00000000
             1         D                0.10000000          1.00000000
             1         F                0.76100000          1.00000000
             1         F                0.26800000          1.00000000
    ... END DESCRIPTION OF BASIS
 
 
  END INFORMATION OF PARTICLES
 
 
  INFORMATION OF THE QUANTUM SYSTEM 
     ---------------------------------------------------------------------
                 ID     Occupied Orbitals     Basis size
     ---------------------------------------------------------------------
            E-ALPHA            7              110
             E-BETA            6              110
 
  END INFORMATION OF QUANTUM SYSTEM
 
                       INITIAL GEOMETRY: AMSTRONG
                 -----------------------------------
                       <x>                 <y>                 <z>
  E-ALPHAC        0.0000000000        0.0000000000        0.0000000000
  E-ALPHAC        0.0000000000        0.0000000000       18.5000000000
         C        0.0000000000        0.0000000000        0.0000000000
         C        0.0000000000        0.0000000000       18.5000000000
 
                     MATRIX OF DISTANCE: ANGSTROM
                 -----------------------------------
                          C(1)           C(2)      
 
        C(1)             0.000000      18.500000
        C(2)            18.500000       0.000000
 
--------------------------------------------------------------------------------
** PROGRAM: SCF (Hartree Fock).     Author: S.A. Gonzalez, E. Posada, F. Moncada
--------------------------------------------------------------------------------
INFO: RUNNING IN UHF MODE.
 
----------------------------------------------------------------------
** PROGRAM INTS                          Author: E. F. Posada, 2013   
----------------------------------------------------------------------
INFO: RUNNING IN ONE_PARTICLE MODE.
 
 Number of Overlap integrals for species E-ALPHA:  12100
 Number of Overlap integrals for species E-BETA:  12100
 Number of Kinetic integrals for species E-ALPHA:  12100
 Number of Kinetic integrals for species E-BETA:  12100
 Number of Nuclear integrals for species E-ALPHA:  12100
 Number of Nuclear integrals for species E-BETA:  12100
 Number of Moment integrals for species E-ALPHA:  36300
 Number of Moment integrals for species E-BETA:  36300
 
** TOTAL CPU Time INTS :      0.692 (s)
** TOTAL Elapsed Time INTS :      0.251 (s)
 
       Usign  HCORE density guess for species:    E-ALPHA
     number of    E-ALPHA     particles in guess density matrix:     7.000000
       Usign  HCORE density guess for species:     E-BETA
     number of     E-BETA     particles in guess density matrix:     6.000000
 Number of unique integrals for species: 1 = 893432
 Number of unique integrals for species: 1 / 2 = 1783784 Screened: 89774
 
 TWO-BODY INTEGRAL SETUP: 
------------------------- 
 Storage:   DISK
 Scheme: LIBINT
 Stack size:  30000
 
 LIBINT library, Fermann, J. T.; Valeev, F. L. 2010                   
 LOWDIN-LIBINT Implementation V. 2.1  Posada E. F. ; Reyes A. 2016   
 ----------------------------------------------------------------------

*** TOTAL CPU time intra-species integrals :      0.961 (s)
*** TOTAL elapsed time intra-species integrals :      0.154 (s)


*** TOTAL CPU time inter-species integrals :      1.850 (s)
*** TOTAL elapsed time inter-species integrals :      0.283 (s)

INFO: RUNNING SCHEME SIMULTANEOUS
 
 Begin Multi-Species SCF calculation:
 
 --------------------------------------------------------------------------------------------------
      Iteration                   Energy            Energy Change           Density Change
 --------------------------------------------------------------------------------------------------
              1         -66.870816377519          66.870816377519           0.154270899634
              2         -70.191698208760           3.320881831241           0.136600879667
              3         -73.363223541405           3.171525332645           0.033073742770
              4         -68.607362809053          -4.755860732352           0.012357861565
              5         -74.295693397291           5.688330588239           0.060481268054
              6         -70.239305896050          -4.056387501241           0.059552517314
              7         -75.268336496044           5.029030599994           0.004266313294
              8         -75.389479831902           0.121143335858           0.001279791816
              9         -75.397871190400           0.008391358498           0.000543905343
             10         -75.399577676208           0.001706485808           0.000305444911
             11         -75.400156197616           0.000578521408           0.000202060609
             12         -75.400391437282           0.000235239665           0.000133546251
             13         -75.400494685840           0.000103248558           0.000090576822
             14         -75.400541669626           0.000046983787           0.000061214808
             15         -75.400563602993           0.000021933367           0.000041742872
             16         -75.400574048565           0.000010445571           0.000028561439
             17         -75.400579108119           0.000005059554           0.000019667153
             18         -75.400581595512           0.000002487393           0.000013616434
             19         -75.400582835522           0.000001240010           0.000009490084
             20         -75.400583462607           0.000000627084           0.000006664796
             21         -75.400583784966           0.000000322360           0.000004725853
             22         -75.400583954100           0.000000169134           0.000003391161
             23         -75.400584045239           0.000000091139           0.000002468173
             24         -75.400584096091           0.000000050852           0.000001825320
             25         -75.400584125734           0.000000029643           0.000001373752
             26         -75.400584143923           0.000000018189           0.000001053907
             27         -75.400584155714           0.000000011791           0.000000825643
             28         -75.400584163775           0.000000008061           0.000000661453
 Total energy converged after  28 global iterations                                                  
 
 ...end Multi-Species SCF calculation
 
 
 Begin SCF calculation by: E-ALPHA
 -------------------------
 
 -----------------------------------------------------------------------------------
 Iteration                   Energy           Density Change         DIIS Error 
 -----------------------------------------------------------------------------------
    1         -34.683516168213           0.057025221176                 -- 
    2         -33.113381626166           0.022119900615                 -- 
    3         -27.124647616600           0.006239708406                 -- 
    4         -30.517584382853           0.052791296696                 -- 
    5         -27.010877142196           0.052055566010                 -- 
    6         -29.660099318560           0.001913765569                 -- 
    7         -29.718878318085           0.000819466399                 -- 
    8         -29.762149440247           0.000277847737                 -- 
    9         -29.720468392846           0.000192367795                 -- 
   10         -29.716150585092           0.000123215462                 -- 
   11         -29.706869526094           0.000087954953                 -- 
   12         -29.703048495528           0.000061525049                 -- 
   13         -29.700099942521           0.000043594413                 -- 
   14         -29.698443037214           0.000030806945                 -- 
   15         -29.697366252858           0.000021828035                 -- 
   16         -29.696714858913           0.000015477354                 -- 
   17         -29.696307460899           0.000010991122                 -- 
   18         -29.696056819158           0.000007815906                 -- 
   19         -29.695901406764           0.000005567304                 -- 
   20         -29.695805365228           0.000003973780                 -- 
   21         -29.695745861970           0.000002844318                 -- 
   22         -29.695708980158           0.000002044006                 -- 
   23         -29.695686064239           0.000001477447                 -- 
   24         -29.695671785526           0.000001077023                 -- 
   25         -29.695662848388           0.000000794679                 -- 
   26         -29.695657219300           0.000000596129                 -- 
   27         -29.695653641989           0.000000456783                 -- 
 
 ... end SCF calculation
 
 Begin SCF calculation by: E-BETA
 -------------------------
 
 -----------------------------------------------------------------------------------
 Iteration                   Energy           Density Change         DIIS Error 
 -----------------------------------------------------------------------------------
    1         -32.726335463223           0.079575658490                 -- 
    2         -31.734322721386           0.010953842155                 -- 
    3         -24.081893782488           0.006118153159                 -- 
    4         -27.569496600363           0.007689971358                 -- 
    5         -30.211025668621           0.007496951304                 -- 
    6         -28.509386577091           0.002352547725                 -- 
    7         -28.593073122458           0.000460325416                 -- 
    8         -28.657236471371           0.000266057606                 -- 
    9         -28.650317254247           0.000113077116                 -- 
   10         -28.665341030156           0.000078845147                 -- 
   11         -28.669608077795           0.000045591298                 -- 
   12         -28.674060083568           0.000029051772                 -- 
   13         -28.676394693635           0.000017620396                 -- 
   14         -28.678012358806           0.000010935927                 -- 
   15         -28.678981879062           0.000006733404                 -- 
   16         -28.679599512070           0.000004189799                 -- 
   17         -28.679979997653           0.000002625311                 -- 
   18         -28.680217480606           0.000001674178                 -- 
   19         -28.680364522772           0.000001097492                 -- 
   20         -28.680455832826           0.000000752073                 -- 
   21         -28.680512447514           0.000000546843                 -- 
   22         -28.680547599562           0.000000424166                 -- 
   23         -28.680569446366           0.000000347873                 -- 
   24         -28.680583056518           0.000000296729                 -- 
   25         -28.680591563618           0.000000259228                 -- 
   26         -28.680596908027           0.000000229514                 -- 
   27         -28.680600289758           0.000000204670                 -- 
 
 ... end SCF calculation
 
  EIGENVALUES AND EIGENVECTORS: 
 ==============================
 
 
  Eigenvalues for: E-ALPHA
 -----------------
 
    1         -11.272568760685
    2         -10.975846478758
    3          -0.555385952096
    4          -0.525692867878
    5          -0.077974954635
    6          -0.077937853875
    7          -0.077937532051
    8           0.065873013125
    9           0.089618635608
   10           0.089618636015
   11           0.099910308993
   12           0.160604897934
   13           0.196471267770
   14           0.196471268170
   15           0.224374378200
   16           0.249708746914
   17           0.249709781265
   18           0.249714953984
   19           0.337609868187
   20           0.344032791051
   21           0.344032791163
   22           0.354777508395
   23           0.354777508395
   24           0.355658727876
   25           0.487460069738
   26           0.510783587903
   27           0.516541313924
   28           0.516541553842
   29           0.516544290056
   30           0.516545807172
   31           0.516546363978
   32           0.518472306859
   33           0.518472307169
   34           0.644942431568
   35           0.644951526726
   36           0.644953609773
   37           1.107726613237
   38           1.120104325502
   39           1.120104325578
   40           1.120366550910
   41           1.124941577872
   42           1.124941577875
   43           1.136069829903
   44           1.136069829903
   45           1.143584461688
   46           1.153719339277
   47           1.153719339277
   48           1.155587391937
   49           1.155587391937
   50           1.191971496724
   51           1.231935783217
   52           1.231935783434
   53           1.319567219535
   54           1.319568003722
   55           1.319568465941
   56           1.319571198501
   57           1.319571199483
   58           1.326111015111
   59           1.363995718463
   60           1.363995741998
   61           1.363996265760
   62           1.363996489968
   63           1.363996644299
   64           1.363997252403
   65           1.363997263222
   66           1.406736497848
   67           1.406744996588
   68           1.406746037236
   69           1.907092174085
   70           2.111934635470
   71           3.093117888582
   72           3.144680702662
   73           3.144680702935
   74           3.367059825576
   75           3.367066062179
   76           3.367066427307
   77           3.470789306349
   78           3.486667819769
   79           3.486667820029
   80           3.498075953008
   81           3.504992936232
   82           3.504992936373
   83           3.525923839899
   84           3.525923839899
   85           3.537774427283
   86           3.537774427283
   87           3.562689487334
   88           3.562689487335
   89           3.728229735314
   90           3.728230725806
   91           3.728230837113
   92           3.728233908695
   93           3.728233912159
   94           3.781688513150
   95           3.781688514667
   96           3.781689152210
   97           3.781689194683
   98           3.781689485235
   99           3.781689718872
  100           3.781689770719
  101           6.136185668060
  102           6.401501240726
  103           7.254679094242
  104           7.295510805023
  105           7.295510805240
  106           7.546685084830
  107           7.546686128743
  108           7.546687734435
  109           8.505926073955
  110           8.792811712710
 
 
  Eigenvalues for: E-BETA
 -----------------
 
    1         -11.317590167253
    2         -10.927786342440
    3          -0.800772747300
    4          -0.410162634973
    5          -0.410162633731
    6          -0.213390121014
    7           0.046143837662
    8           0.093933241597
    9           0.118722499998
   10           0.118722500516
   11           0.144353869762
   12           0.234287307052
   13           0.234290587783
   14           0.234292442793
   15           0.237407740708
   16           0.327859226277
   17           0.333016039071
   18           0.333016039338
   19           0.333193212129
   20           0.333193212129
   21           0.336381343061
   22           0.434366075044
   23           0.434366075076
   24           0.435820185081
   25           0.435821973136
   26           0.435824792954
   27           0.471612525602
   28           0.550006110084
   29           0.550006197259
   30           0.550007629088
   31           0.550008031061
   32           0.550008366527
   33           0.551742157947
   34           0.753155262108
   35           0.753157027006
   36           0.753160517646
   37           1.046905476581
   38           1.046905476581
   39           1.062073442835
   40           1.062073442875
   41           1.065669622928
   42           1.096942881080
   43           1.108638067011
   44           1.110109529193
   45           1.110109529272
   46           1.115533243507
   47           1.115533243507
   48           1.123056976212
   49           1.123056976212
   50           1.145038777306
   51           1.145038777548
   52           1.172157993373
   53           1.387155703889
   54           1.402033099595
   55           1.402033106276
   56           1.402033449513
   57           1.402033529367
   58           1.402033652708
   59           1.402033901493
   60           1.402033914932
   61           1.425185207931
   62           1.425185255563
   63           1.425187909394
   64           1.425188492660
   65           1.425189207407
   66           1.493008856887
   67           1.493010062936
   68           1.493013904578
   69           1.893055969544
   70           2.136112050278
   71           3.055631825878
   72           3.055631826214
   73           3.072618905822
   74           3.405516802754
   75           3.405516802754
   76           3.411641234603
   77           3.411641234778
   78           3.414031734767
   79           3.445005382831
   80           3.445006025234
   81           3.445012782929
   82           3.461462212267
   83           3.463836245080
   84           3.463836245093
   85           3.471017326642
   86           3.471017326642
   87           3.483070204287
   88           3.483070204287
   89           3.837989385260
   90           3.837989393732
   91           3.837996840934
   92           3.837997193101
   93           3.837999560875
   94           3.851207162942
   95           3.851207163124
   96           3.851211670264
   97           3.851211685705
   98           3.851214227590
   99           3.851214566213
  100           3.851215311796
  101           6.094600224064
  102           6.450285885200
  103           7.247390503558
  104           7.275883707356
  105           7.275883707502
  106           7.566078162531
  107           7.566079245654
  108           7.566082733977
  109           8.476359999379
  110           8.827576567637
 
  end of eigenvalues 
 
  Occupied Eigenvectors for: E-ALPHA
 --------------------------- 
 
                         -11.2726       -10.9758        -0.5554        -0.5257        -0.0780   
 
    1      C     S       0.000000       0.974515      -0.000000       0.012778      -0.000000
    2      C     S       0.000000      -0.004697       0.000000      -0.534907      -0.000000
    3      C     S      -0.000000       0.048689       0.000000      -0.133432      -0.000000
    4      C     S       0.000000      -0.013953       0.000000      -0.379911       0.000000
    5      C     S       0.000000      -0.002863       0.000000      -0.047820       0.000000
    6      C    Px      -0.000000       0.000000      -0.000000      -0.000000       0.163180
    7      C    Py      -0.000000      -0.000000      -0.000000       0.000000       0.255508
    8      C    Pz       0.000000       0.000000       0.000000       0.000005      -0.000000
    9      C    Px       0.000000      -0.000000       0.000000       0.000000       0.214224
   10      C    Py       0.000000       0.000000       0.000000      -0.000000       0.335432
   11      C    Pz      -0.000000      -0.000000      -0.000000       0.000009      -0.000000
   12      C    Px       0.000000      -0.000000       0.000000      -0.000000       0.201246
   13      C    Py       0.000000       0.000000      -0.000000      -0.000000       0.315112
   14      C    Pz      -0.000000      -0.000000      -0.000000      -0.000001      -0.000000
   15      C    Px      -0.000000       0.000000      -0.000000      -0.000000       0.091672
   16      C    Py      -0.000000      -0.000000       0.000000      -0.000000       0.143540
   17      C    Pz       0.000000       0.000000       0.000000      -0.000002      -0.000000
   18      C   Dxx      -0.000000       0.001331       0.000000      -0.004967      -0.000000
   19      C   Dxy       0.000000       0.000000       0.000000      -0.000002      -0.000000
   20      C   Dxz       0.000000       0.000000      -0.000000       0.000000      -0.000000
   21      C   Dyy      -0.000000       0.001331       0.000000      -0.004968      -0.000000
   22      C   Dyz      -0.000000      -0.000000       0.000000      -0.000000      -0.000000
   23      C   Dzz      -0.000000       0.001331       0.000000      -0.004966      -0.000000
   24      C   Dxx      -0.000000       0.006845      -0.000000      -0.007883      -0.000000
   25      C   Dxy      -0.000000       0.000000       0.000000      -0.000003       0.000000
   26      C   Dxz      -0.000000      -0.000000      -0.000000       0.000000      -0.000001
   27      C   Dyy      -0.000000       0.006845      -0.000000      -0.007885      -0.000000
   28      C   Dyz      -0.000000      -0.000000      -0.000000       0.000000      -0.000002
   29      C   Dzz      -0.000000       0.006845      -0.000000      -0.007881      -0.000000
   30      C   Dxx      -0.000000       0.002454      -0.000000      -0.001392      -0.000000
   31      C   Dxy      -0.000000      -0.000000      -0.000000       0.000003       0.000000
   32      C   Dxz      -0.000000       0.000000       0.000000       0.000000       0.000003
   33      C   Dyy      -0.000000       0.002454      -0.000000      -0.001389      -0.000000
   34      C   Dyz      -0.000000      -0.000000       0.000000      -0.000000       0.000005
   35      C   Dzz      -0.000000       0.002454      -0.000000      -0.001394      -0.000000
   36      C  Fxxx      -0.000000       0.000000      -0.000000      -0.000000       0.006854
   37      C  Fxxy      -0.000000      -0.000000      -0.000000       0.000000       0.004800
   38      C  Fxxz       0.000000       0.000000       0.000000       0.000000      -0.000000
   39      C  Fxyy      -0.000000       0.000000      -0.000000      -0.000000       0.003066
   40      C  Fxyz       0.000000      -0.000000       0.000000       0.000000      -0.000000
   41      C  Fxzz      -0.000000       0.000000      -0.000000      -0.000000       0.003065
   42      C  Fyyy      -0.000000      -0.000000      -0.000000       0.000000       0.010732
   43      C  Fyyz       0.000000       0.000000       0.000000       0.000000      -0.000000
   44      C  Fyzz      -0.000000      -0.000000      -0.000000       0.000000       0.004799
   45      C  Fzzz       0.000000       0.000000       0.000000       0.000000      -0.000000
   46      C  Fxxx      -0.000000       0.000000      -0.000000      -0.000000       0.007175
   47      C  Fxxy      -0.000000      -0.000000      -0.000000       0.000000       0.005024
   48      C  Fxxz       0.000000       0.000000       0.000000       0.000000      -0.000000
   49      C  Fxyy      -0.000000       0.000000      -0.000000      -0.000000       0.003208
   50      C  Fxyz      -0.000000      -0.000000      -0.000000       0.000000       0.000000
   51      C  Fxzz      -0.000000       0.000000      -0.000000      -0.000000       0.003209
   52      C  Fyyy      -0.000000      -0.000000       0.000000       0.000000       0.011234
   53      C  Fyyz       0.000000       0.000000       0.000000       0.000000      -0.000000
   54      C  Fyzz      -0.000000      -0.000000      -0.000000       0.000000       0.005025
   55      C  Fzzz       0.000000       0.000000       0.000000       0.000000      -0.000000
   56      C     S       0.976510      -0.000000      -0.008713       0.000000      -0.000000
   57      C     S      -0.008943      -0.000000       0.533942       0.000000      -0.000000
   58      C     S       0.042553      -0.000000       0.136373       0.000000       0.000000
   59      C     S      -0.016074       0.000000       0.391481      -0.000000      -0.000000
   60      C     S      -0.002982       0.000000       0.022513      -0.000000      -0.000000
   61      C    Px      -0.000000       0.000000       0.000000      -0.000000       0.000000
   62      C    Py       0.000000      -0.000000       0.000000      -0.000000       0.000000
   63      C    Pz      -0.000027      -0.000000       0.000584       0.000000      -0.000000
   64      C    Px       0.000000      -0.000000      -0.000000       0.000000      -0.000000
   65      C    Py      -0.000000       0.000000      -0.000000       0.000000      -0.000000
   66      C    Pz       0.000067       0.000000       0.000736      -0.000000       0.000000
   67      C    Px       0.000000      -0.000000      -0.000000       0.000000      -0.000000
   68      C    Py      -0.000000       0.000000      -0.000000      -0.000000      -0.000000
   69      C    Pz       0.000028       0.000000       0.001262      -0.000000       0.000000
   70      C    Px      -0.000000       0.000000       0.000000      -0.000000       0.000000
   71      C    Py       0.000000      -0.000000       0.000000       0.000000       0.000000
   72      C    Pz      -0.000004      -0.000000       0.000228       0.000000      -0.000000
   73      C   Dxx       0.002441      -0.000000      -0.003509       0.000000       0.000000
   74      C   Dxy       0.000000      -0.000000       0.000000       0.000000      -0.000000
   75      C   Dxz       0.000000       0.000000       0.000000       0.000000      -0.000000
   76      C   Dyy       0.002441      -0.000000      -0.003509       0.000000       0.000000
   77      C   Dyz      -0.000000      -0.000000      -0.000000      -0.000000      -0.000000
   78      C   Dzz       0.003550      -0.000000       0.015598       0.000000       0.000000
   79      C   Dxx       0.007954      -0.000000      -0.002511       0.000000       0.000000
   80      C   Dxy      -0.000000       0.000000       0.000000      -0.000000       0.000000
   81      C   Dxz      -0.000000      -0.000000       0.000000      -0.000000       0.000000
   82      C   Dyy       0.007954      -0.000000      -0.002511       0.000000       0.000000
   83      C   Dyz       0.000000       0.000000      -0.000000       0.000000       0.000000
   84      C   Dzz       0.007491      -0.000000       0.036893       0.000000       0.000000
   85      C   Dxx       0.002530      -0.000000       0.002239       0.000000       0.000000
   86      C   Dxy       0.000000      -0.000000       0.000000      -0.000000       0.000000
   87      C   Dxz       0.000000       0.000000       0.000000       0.000000      -0.000000
   88      C   Dyy       0.002530      -0.000000       0.002239       0.000000       0.000000
   89      C   Dyz      -0.000000       0.000000      -0.000000      -0.000000      -0.000000
   90      C   Dzz       0.002700      -0.000000       0.009104       0.000000       0.000000
   91      C  Fxxx      -0.000000       0.000000       0.000000      -0.000000       0.000000
   92      C  Fxxy       0.000000       0.000000       0.000000      -0.000000       0.000000
   93      C  Fxxz      -0.000013      -0.000000      -0.000000       0.000000      -0.000000
   94      C  Fxyy      -0.000000       0.000000       0.000000      -0.000000       0.000000
   95      C  Fxyz      -0.000000      -0.000000       0.000000       0.000000       0.000000
   96      C  Fxzz      -0.000000       0.000000       0.000000      -0.000000       0.000000
   97      C  Fyyy       0.000000      -0.000000       0.000000      -0.000000       0.000000
   98      C  Fyyz      -0.000013      -0.000000      -0.000000       0.000000      -0.000000
   99      C  Fyzz       0.000000       0.000000       0.000000      -0.000000       0.000000
  100      C  Fzzz      -0.000028      -0.000000       0.000054       0.000000      -0.000000
  101      C  Fxxx      -0.000000       0.000000       0.000000      -0.000000       0.000000
  102      C  Fxxy       0.000000      -0.000000       0.000000      -0.000000       0.000000
  103      C  Fxxz      -0.000012      -0.000000      -0.000025       0.000000      -0.000000
  104      C  Fxyy      -0.000000       0.000000       0.000000      -0.000000       0.000000
  105      C  Fxyz      -0.000000      -0.000000      -0.000000       0.000000      -0.000000
  106      C  Fxzz      -0.000000       0.000000       0.000000      -0.000000       0.000000
  107      C  Fyyy       0.000000      -0.000000       0.000000      -0.000000       0.000000
  108      C  Fyyz      -0.000012      -0.000000      -0.000025       0.000000      -0.000000
  109      C  Fyzz       0.000000      -0.000000      -0.000000       0.000000       0.000000
  110      C  Fzzz      -0.000028      -0.000000       0.000089       0.000000      -0.000000
 
                          -0.0779        -0.0779   
 
    1      C     S      -0.000000      -0.000002
    2      C     S      -0.000000      -0.000007
    3      C     S      -0.000000      -0.000006
    4      C     S      -0.000000      -0.000007
    5      C     S       0.000000       0.000081
    6      C    Px       0.255481      -0.000000
    7      C    Py      -0.163163       0.000000
    8      C    Pz       0.000000       0.303137
    9      C    Px       0.335396      -0.000000
   10      C    Py      -0.214200       0.000000
   11      C    Pz       0.000000       0.397958
   12      C    Px       0.315102      -0.000000
   13      C    Py      -0.201240       0.000000
   14      C    Pz       0.000000       0.373875
   15      C    Px       0.143640      -0.000000
   16      C    Py      -0.091736       0.000000
   17      C    Pz       0.000000       0.170443
   18      C   Dxx       0.000000      -0.000000
   19      C   Dxy      -0.000000      -0.000000
   20      C   Dxz      -0.000000       0.000000
   21      C   Dyy       0.000000      -0.000000
   22      C   Dyz       0.000000      -0.000000
   23      C   Dzz      -0.000000      -0.000001
   24      C   Dxx      -0.000000      -0.000004
   25      C   Dxy       0.000000       0.000000
   26      C   Dxz      -0.000002       0.000000
   27      C   Dyy      -0.000000      -0.000004
   28      C   Dyz       0.000001      -0.000000
   29      C   Dzz      -0.000000      -0.000008
   30      C   Dxx      -0.000000      -0.000019
   31      C   Dxy       0.000000      -0.000000
   32      C   Dxz       0.000005      -0.000000
   33      C   Dyy      -0.000000      -0.000019
   34      C   Dyz      -0.000003       0.000000
   35      C   Dzz      -0.000000      -0.000007
   36      C  Fxxx       0.010733      -0.000000
   37      C  Fxxy      -0.003065       0.000000
   38      C  Fxxz       0.000000       0.005695
   39      C  Fxyy       0.004800      -0.000000
   40      C  Fxyz       0.000000       0.000000
   41      C  Fxzz       0.004800      -0.000000
   42      C  Fyyy      -0.006855       0.000000
   43      C  Fyyz       0.000000       0.005696
   44      C  Fyzz      -0.003065       0.000000
   45      C  Fzzz       0.000000       0.012735
   46      C  Fxxx       0.011238      -0.000000
   47      C  Fxxy      -0.003210       0.000000
   48      C  Fxxz       0.000000       0.005964
   49      C  Fxyy       0.005026      -0.000000
   50      C  Fxyz      -0.000000      -0.000000
   51      C  Fxzz       0.005027      -0.000000
   52      C  Fyyy      -0.007177       0.000000
   53      C  Fyyz       0.000000       0.005964
   54      C  Fyzz      -0.003210       0.000000
   55      C  Fzzz       0.000000       0.013337
   56      C     S      -0.000000      -0.000000
   57      C     S      -0.000000      -0.000000
   58      C     S       0.000000      -0.000000
   59      C     S       0.000000       0.000000
   60      C     S       0.000000       0.000000
   61      C    Px       0.000000      -0.000000
   62      C    Py      -0.000000       0.000000
   63      C    Pz      -0.000000      -0.000000
   64      C    Px      -0.000000       0.000000
   65      C    Py       0.000000      -0.000000
   66      C    Pz       0.000000       0.000000
   67      C    Px      -0.000000      -0.000000
   68      C    Py       0.000000       0.000000
   69      C    Pz       0.000000       0.000000
   70      C    Px       0.000000       0.000000
   71      C    Py      -0.000000      -0.000000
   72      C    Pz       0.000000      -0.000000
   73      C   Dxx      -0.000000      -0.000000
   74      C   Dxy      -0.000000      -0.000000
   75      C   Dxz      -0.000000       0.000000
   76      C   Dyy       0.000000      -0.000000
   77      C   Dyz       0.000000      -0.000000
   78      C   Dzz       0.000000      -0.000000
   79      C   Dxx      -0.000000      -0.000000
   80      C   Dxy       0.000000       0.000000
   81      C   Dxz       0.000000      -0.000000
   82      C   Dyy      -0.000000      -0.000000
   83      C   Dyz      -0.000000       0.000000
   84      C   Dzz      -0.000000      -0.000000
   85      C   Dxx      -0.000000      -0.000000
   86      C   Dxy       0.000000      -0.000000
   87      C   Dxz      -0.000000       0.000000
   88      C   Dyy      -0.000000      -0.000000
   89      C   Dyz       0.000000      -0.000000
   90      C   Dzz      -0.000000      -0.000000
   91      C  Fxxx       0.000000      -0.000000
   92      C  Fxxy      -0.000000       0.000000
   93      C  Fxxz      -0.000000      -0.000000
   94      C  Fxyy       0.000000      -0.000000
   95      C  Fxyz      -0.000000       0.000000
   96      C  Fxzz       0.000000      -0.000000
   97      C  Fyyy      -0.000000       0.000000
   98      C  Fyyz      -0.000000      -0.000000
   99      C  Fyzz      -0.000000       0.000000
  100      C  Fzzz      -0.000000      -0.000000
  101      C  Fxxx       0.000000      -0.000000
  102      C  Fxxy      -0.000000      -0.000000
  103      C  Fxxz      -0.000000      -0.000000
  104      C  Fxyy       0.000000      -0.000000
  105      C  Fxyz      -0.000000      -0.000000
  106      C  Fxzz       0.000000      -0.000000
  107      C  Fyyy      -0.000000       0.000000
  108      C  Fyyz      -0.000000      -0.000000
  109      C  Fyzz      -0.000000       0.000000
  110      C  Fzzz      -0.000000      -0.000000
 
 
  Occupied Eigenvectors for: E-BETA
 --------------------------- 
 
                         -11.3176       -10.9278        -0.8008        -0.4102        -0.4102   
 
    1      C     S       0.000000      -0.976639       0.000000       0.000000       0.000000
    2      C     S       0.000000       0.008773       0.000000       0.000000       0.000000
    3      C     S      -0.000000      -0.042443       0.000000      -0.000000      -0.000000
    4      C     S       0.000000       0.016248      -0.000000       0.000000       0.000000
    5      C     S       0.000000       0.003095      -0.000000       0.000000       0.000000
    6      C    Px      -0.000000      -0.000000       0.000000      -0.000000      -0.000000
    7      C    Py      -0.000000       0.000000       0.000000       0.000000      -0.000000
    8      C    Pz       0.000000       0.000000      -0.000000      -0.000000      -0.000000
    9      C    Px       0.000000       0.000000      -0.000000       0.000000       0.000000
   10      C    Py       0.000000      -0.000000      -0.000000      -0.000000       0.000000
   11      C    Pz      -0.000000      -0.000001       0.000000      -0.000000       0.000000
   12      C    Px       0.000000       0.000000      -0.000000       0.000000       0.000000
   13      C    Py       0.000000      -0.000000       0.000000      -0.000000       0.000000
   14      C    Pz      -0.000000      -0.000000       0.000000      -0.000000       0.000000
   15      C    Px      -0.000000       0.000000       0.000000      -0.000000      -0.000000
   16      C    Py       0.000000       0.000000      -0.000000       0.000000      -0.000000
   17      C    Pz       0.000000       0.000000      -0.000000       0.000000      -0.000000
   18      C   Dxx      -0.000000      -0.002826       0.000000      -0.000000      -0.000000
   19      C   Dxy       0.000000       0.000000       0.000000       0.000000       0.000000
   20      C   Dxz      -0.000000       0.000000       0.000000      -0.000000      -0.000000
   21      C   Dyy      -0.000000      -0.002826       0.000000      -0.000000      -0.000000
   22      C   Dyz      -0.000000       0.000000      -0.000000       0.000000      -0.000000
   23      C   Dzz      -0.000000      -0.002826       0.000000      -0.000000      -0.000000
   24      C   Dxx      -0.000000      -0.007823       0.000000      -0.000000      -0.000000
   25      C   Dxy      -0.000000      -0.000000      -0.000000       0.000000      -0.000000
   26      C   Dxz       0.000000      -0.000000      -0.000000       0.000000       0.000000
   27      C   Dyy      -0.000000      -0.007823       0.000000      -0.000000      -0.000000
   28      C   Dyz      -0.000000       0.000000       0.000000      -0.000000       0.000000
   29      C   Dzz      -0.000000      -0.007822       0.000000      -0.000000      -0.000000
   30      C   Dxx      -0.000000      -0.002657       0.000000      -0.000000      -0.000000
   31      C   Dxy       0.000000       0.000000       0.000000      -0.000000       0.000000
   32      C   Dxz      -0.000000       0.000000      -0.000000      -0.000000      -0.000000
   33      C   Dyy      -0.000000      -0.002657       0.000000      -0.000000      -0.000000
   34      C   Dyz      -0.000000       0.000000      -0.000000       0.000000      -0.000000
   35      C   Dzz      -0.000000      -0.002657       0.000000      -0.000000      -0.000000
   36      C  Fxxx      -0.000000      -0.000000       0.000000      -0.000000      -0.000000
   37      C  Fxxy      -0.000000       0.000000       0.000000       0.000000      -0.000000
   38      C  Fxxz       0.000000       0.000000      -0.000000       0.000000      -0.000000
   39      C  Fxyy      -0.000000      -0.000000       0.000000      -0.000000      -0.000000
   40      C  Fxyz      -0.000000       0.000000      -0.000000      -0.000000      -0.000000
   41      C  Fxzz      -0.000000      -0.000000       0.000000      -0.000000      -0.000000
   42      C  Fyyy      -0.000000       0.000000       0.000000       0.000000      -0.000000
   43      C  Fyyz       0.000000       0.000000      -0.000000       0.000000      -0.000000
   44      C  Fyzz      -0.000000       0.000000       0.000000       0.000000      -0.000000
   45      C  Fzzz       0.000000       0.000000      -0.000000       0.000000      -0.000000
   46      C  Fxxx      -0.000000      -0.000000       0.000000      -0.000000      -0.000000
   47      C  Fxxy      -0.000000       0.000000      -0.000000       0.000000      -0.000000
   48      C  Fxxz       0.000000       0.000000      -0.000000       0.000000      -0.000000
   49      C  Fxyy      -0.000000      -0.000000       0.000000      -0.000000      -0.000000
   50      C  Fxyz      -0.000000       0.000000       0.000000       0.000000      -0.000000
   51      C  Fxzz      -0.000000      -0.000000       0.000000      -0.000000      -0.000000
   52      C  Fyyy      -0.000000       0.000000      -0.000000       0.000000      -0.000000
   53      C  Fyyz       0.000000       0.000000      -0.000000       0.000000      -0.000000
   54      C  Fyzz      -0.000000       0.000000      -0.000000       0.000000      -0.000000
   55      C  Fzzz       0.000000       0.000000      -0.000000       0.000000      -0.000000
   56      C     S       0.974578       0.000000       0.004292      -0.000000       0.000000
   57      C     S      -0.005272       0.000000      -0.582385      -0.000000       0.000000
   58      C     S       0.048304       0.000000      -0.153912      -0.000000      -0.000000
   59      C     S      -0.014143      -0.000000      -0.344954       0.000000       0.000000
   60      C     S      -0.002837      -0.000000      -0.025652       0.000000      -0.000000
   61      C    Px      -0.000000      -0.000000      -0.000000      -0.306371      -0.197918
   62      C    Py       0.000000      -0.000000       0.000000       0.197918      -0.306371
   63      C    Pz      -0.000021       0.000000      -0.000054       0.000000      -0.000000
   64      C    Px       0.000000       0.000000       0.000000      -0.405604      -0.262023
   65      C    Py      -0.000000       0.000000       0.000000       0.262023      -0.405604
   66      C    Pz       0.000041      -0.000000       0.000001       0.000000      -0.000000
   67      C    Px       0.000000       0.000000       0.000000      -0.240716      -0.155504
   68      C    Py      -0.000000      -0.000000       0.000000       0.155504      -0.240716
   69      C    Pz       0.000019      -0.000000      -0.000442       0.000000      -0.000000
   70      C    Px      -0.000000      -0.000000      -0.000000      -0.018538      -0.011975
   71      C    Py       0.000000       0.000000      -0.000000       0.011975      -0.018538
   72      C    Pz      -0.000002       0.000000      -0.000071       0.000000      -0.000000
   73      C   Dxx       0.002072       0.000000      -0.012426      -0.000000      -0.000000
   74      C   Dxy      -0.000000       0.000000       0.000000       0.000000      -0.000000
   75      C   Dxz      -0.000000       0.000000       0.000000       0.000023       0.000015
   76      C   Dyy       0.002072       0.000000      -0.012426      -0.000000      -0.000000
   77      C   Dyz       0.000000       0.000000      -0.000000      -0.000015       0.000023
   78      C   Dzz       0.000112       0.000000       0.009061      -0.000000       0.000000
   79      C   Dxx       0.006983       0.000000      -0.020307      -0.000000      -0.000000
   80      C   Dxy       0.000000      -0.000000       0.000000      -0.000000       0.000000
   81      C   Dxz      -0.000000      -0.000000       0.000000      -0.000107      -0.000069
   82      C   Dyy       0.006983       0.000000      -0.020307      -0.000000      -0.000000
   83      C   Dyz       0.000000       0.000000      -0.000000       0.000069      -0.000107
   84      C   Dzz       0.006717       0.000000       0.019944      -0.000000      -0.000000
   85      C   Dxx       0.002430       0.000000       0.007756      -0.000000       0.000000
   86      C   Dxy      -0.000000       0.000000      -0.000000       0.000000       0.000000
   87      C   Dxz      -0.000000      -0.000000       0.000000      -0.000677      -0.000437
   88      C   Dyy       0.002430       0.000000       0.007756      -0.000000       0.000000
   89      C   Dyz       0.000000      -0.000000      -0.000000       0.000437      -0.000677
   90      C   Dzz       0.002356       0.000000       0.018701       0.000000      -0.000000
   91      C  Fxxx      -0.000000      -0.000000      -0.000000      -0.012058      -0.007790
   92      C  Fxxy       0.000000      -0.000000      -0.000000       0.003484      -0.005393
   93      C  Fxxz      -0.000007       0.000000      -0.000016       0.000000       0.000000
   94      C  Fxyy      -0.000000      -0.000000      -0.000000      -0.005393      -0.003484
   95      C  Fxyz      -0.000000       0.000000      -0.000000      -0.000000       0.000000
   96      C  Fxzz      -0.000000      -0.000000      -0.000000      -0.004342      -0.002805
   97      C  Fyyy       0.000000      -0.000000      -0.000000       0.007790      -0.012058
   98      C  Fyyz      -0.000007       0.000000      -0.000016       0.000000      -0.000000
   99      C  Fyzz       0.000000      -0.000000      -0.000000       0.002805      -0.004342
  100      C  Fzzz      -0.000016       0.000000      -0.000034       0.000000      -0.000000
  101      C  Fxxx      -0.000000      -0.000000      -0.000000      -0.021875      -0.014132
  102      C  Fxxy       0.000000      -0.000000      -0.000000       0.006320      -0.009783
  103      C  Fxxz      -0.000008       0.000000      -0.000073       0.000000      -0.000000
  104      C  Fxyy      -0.000000      -0.000000      -0.000000      -0.009783      -0.006320
  105      C  Fxyz      -0.000000       0.000000       0.000000      -0.000000       0.000000
  106      C  Fxzz      -0.000000      -0.000000      -0.000000      -0.008244      -0.005326
  107      C  Fyyy       0.000000      -0.000000      -0.000000       0.014132      -0.021875
  108      C  Fyyz      -0.000008       0.000000      -0.000073       0.000000      -0.000000
  109      C  Fyzz       0.000000      -0.000000      -0.000000       0.005326      -0.008244
  110      C  Fzzz      -0.000018       0.000000      -0.000059       0.000000      -0.000000
 
                          -0.2134   
 
    1      C     S      -0.015669
    2      C     S       0.487614
    3      C     S       0.121717
    4      C     S       0.384856
    5      C     S       0.082965
    6      C    Px      -0.000000
    7      C    Py      -0.000000
    8      C    Pz       0.000007
    9      C    Px      -0.000000
   10      C    Py       0.000000
   11      C    Pz       0.000009
   12      C    Px       0.000000
   13      C    Py      -0.000000
   14      C    Pz       0.000009
   15      C    Px      -0.000000
   16      C    Py      -0.000000
   17      C    Pz       0.000005
   18      C   Dxx       0.002601
   19      C   Dxy      -0.000002
   20      C   Dxz      -0.000000
   21      C   Dyy       0.002599
   22      C   Dyz       0.000000
   23      C   Dzz       0.002602
   24      C   Dxx       0.010959
   25      C   Dxy      -0.000002
   26      C   Dxz      -0.000000
   27      C   Dyy       0.010957
   28      C   Dyz      -0.000000
   29      C   Dzz       0.010960
   30      C   Dxx       0.020635
   31      C   Dxy       0.000001
   32      C   Dxz      -0.000000
   33      C   Dyy       0.020636
   34      C   Dyz       0.000000
   35      C   Dzz       0.020636
   36      C  Fxxx      -0.000000
   37      C  Fxxy      -0.000000
   38      C  Fxxz       0.000000
   39      C  Fxyy      -0.000000
   40      C  Fxyz      -0.000000
   41      C  Fxzz      -0.000000
   42      C  Fyyy      -0.000000
   43      C  Fyyz       0.000000
   44      C  Fyzz      -0.000000
   45      C  Fzzz       0.000000
   46      C  Fxxx      -0.000000
   47      C  Fxxy       0.000000
   48      C  Fxxz      -0.000000
   49      C  Fxyy      -0.000000
   50      C  Fxyz       0.000000
   51      C  Fxzz      -0.000000
   52      C  Fyyy       0.000000
   53      C  Fyyz      -0.000000
   54      C  Fyzz       0.000000
   55      C  Fzzz      -0.000001
   56      C     S      -0.000000
   57      C     S      -0.000000
   58      C     S      -0.000000
   59      C     S       0.000000
   60      C     S       0.000000
   61      C    Px       0.000000
   62      C    Py      -0.000000
   63      C    Pz      -0.000000
   64      C    Px       0.000000
   65      C    Py      -0.000000
   66      C    Pz       0.000000
   67      C    Px      -0.000000
   68      C    Py      -0.000000
   69      C    Pz       0.000000
   70      C    Px       0.000000
   71      C    Py      -0.000000
   72      C    Pz      -0.000000
   73      C   Dxx      -0.000000
   74      C   Dxy       0.000000
   75      C   Dxz       0.000000
   76      C   Dyy      -0.000000
   77      C   Dyz       0.000000
   78      C   Dzz      -0.000000
   79      C   Dxx      -0.000000
   80      C   Dxy      -0.000000
   81      C   Dxz      -0.000000
   82      C   Dyy      -0.000000
   83      C   Dyz      -0.000000
   84      C   Dzz      -0.000000
   85      C   Dxx      -0.000000
   86      C   Dxy       0.000000
   87      C   Dxz       0.000000
   88      C   Dyy      -0.000000
   89      C   Dyz       0.000000
   90      C   Dzz      -0.000000
   91      C  Fxxx       0.000000
   92      C  Fxxy       0.000000
   93      C  Fxxz      -0.000000
   94      C  Fxyy       0.000000
   95      C  Fxyz      -0.000000
   96      C  Fxzz       0.000000
   97      C  Fyyy       0.000000
   98      C  Fyyz      -0.000000
   99      C  Fyzz       0.000000
  100      C  Fzzz      -0.000000
  101      C  Fxxx       0.000000
  102      C  Fxxy       0.000000
  103      C  Fxxz      -0.000000
  104      C  Fxyy       0.000000
  105      C  Fxyz       0.000000
  106      C  Fxzz       0.000000
  107      C  Fyyy       0.000000
  108      C  Fyyz      -0.000000
  109      C  Fyzz       0.000000
  110      C  Fzzz      -0.000000
 
 
  end of eigenvectors 
 
  END OF EIGENVALUES AND EIGENVECTORS
 
 
  COMPONENTS OF KINETIC ENERGY: 
 -----------------------------
 
             E-ALPHA Kinetic energy =           37.860190920137
              E-BETA Kinetic energy =           37.519041030565
                                     _________________________
               Total kinetic energy =           75.379231950703
 
  COMPONENTS OF POTENTIAL ENERGY: 
 -------------------------------
 
          Fixed potential energy    =            1.029750322845
 
  Quantum/Fixed interaction energy: 
 ----------------------------------
 
     E-ALPHA/Fixed interact. energy =          -91.742230894627
      E-BETA/Fixed interact. energy =          -88.854459269644
                                     _________________________
               Total Q/Fixed energy =         -180.596690164271
 
  Coulomb energy: 
 ------------------
 
     E-ALPHA/E-ALPHA Hartree energy =           11.420039136327
       E-BETA/E-BETA Hartree energy =            9.652541646143
      E-ALPHA/E-BETA Hartree energy =           18.054079973106
                                     _________________________
               Total Hartree energy =           39.126660755575
 
  Exchange(HF) energy: 
 ----------------------
 
            E-ALPHA Exchange energy =           -5.287731550921
             E-BETA Exchange energy =           -5.051805483479
                                     _________________________
              Total Exchange energy =          -10.339537034400
 
  TOTAL ENERGY COMPONENTS: 
 ==========================
 
          TOTAL KINETIC ENERGY      =           75.379231950703
          TOTAL POTENTIAL ENERGY    =         -150.779816120250
                                     _________________________
                       TOTAL ENERGY =          -75.400584169548
 
                 VIRIAL RATIO (V/T) =            2.000283263948
 
 
  END ENERGY COMPONENTS
 
 
** TOTAL CPU Time SCF :     22.041 (s)
** TOTAL Elapsed Time SCF :      2.746 (s)
 
 We are calculating properties for E-ALPHA in the HF/KS ground state
 We are calculating properties for E-BETA in the HF/KS ground state
 
  POPULATION ANALYSES: 
 ====================
 
 MULLIKEN Population: for E-        
 ---------------------
 
                          total          spin      
 
    1      C     S       1.950712      -0.002328
    2      C     S       0.958830       0.054170
    3      C     S       0.213284       0.014485
    4      C     S       0.706901      -0.013079
    5      C     S       0.090607      -0.027973
    6      C    Px       0.197727       0.197727
    7      C    Py       0.197743       0.197743
    8      C    Pz       0.197714       0.197714
    9      C    Px       0.361301       0.361301
   10      C    Py       0.361324       0.361324
   11      C    Pz       0.361283       0.361283
   12      C    Px       0.317854       0.317854
   13      C    Py       0.317853       0.317853
   14      C    Pz       0.317852       0.317852
   15      C    Px       0.091168       0.091168
   16      C    Py       0.091134       0.091134
   17      C    Pz       0.091197       0.091197
   18      C   Dxx       0.005339       0.001398
   19      C   Dxy       0.000000       0.000000
   20      C   Dxz       0.000000       0.000000
   21      C   Dyy       0.005339       0.001400
   22      C   Dyz       0.000000       0.000000
   23      C   Dzz       0.005339       0.001396
   24      C   Dxx       0.012546      -0.002134
   25      C   Dxy       0.000000       0.000000
   26      C   Dxz      -0.000000      -0.000000
   27      C   Dyy       0.012547      -0.002131
   28      C   Dyz      -0.000000      -0.000000
   29      C   Dzz       0.012546      -0.002136
   30      C   Dxx       0.008669      -0.007690
   31      C   Dxy       0.000000       0.000000
   32      C   Dxz       0.000000       0.000000
   33      C   Dyy       0.008669      -0.007691
   34      C   Dyz       0.000000       0.000000
   35      C   Dzz       0.008671      -0.007689
   36      C  Fxxx       0.009608       0.009608
   37      C  Fxxy       0.003202       0.003202
   38      C  Fxxz       0.003203       0.003203
   39      C  Fxyy       0.003203       0.003203
   40      C  Fxyz       0.000000       0.000000
   41      C  Fxzz       0.003202       0.003202
   42      C  Fyyy       0.009608       0.009608
   43      C  Fyyz       0.003203       0.003203
   44      C  Fyzz       0.003202       0.003202
   45      C  Fzzz       0.009608       0.009608
   46      C  Fxxx       0.009562       0.009562
   47      C  Fxxy       0.003187       0.003187
   48      C  Fxxz       0.003188       0.003188
   49      C  Fxyy       0.003187       0.003187
   50      C  Fxyz       0.000000       0.000000
   51      C  Fxzz       0.003188       0.003188
   52      C  Fyyy       0.009560       0.009560
   53      C  Fyyz       0.003188       0.003188
   54      C  Fyzz       0.003187       0.003187
   55      C  Fzzz       0.009565       0.009565
   56      C     S       1.950234       0.002212
   57      C     S       1.064200      -0.052165
   58      C     S       0.243354      -0.018200
   59      C     S       0.663040       0.051313
   60      C     S       0.029884      -0.000895
   61      C    Px       0.270390      -0.270390
   62      C    Py       0.270390      -0.270390
   63      C    Pz       0.000001       0.000001
   64      C    Px       0.459057      -0.459057
   65      C    Py       0.459057      -0.459057
   66      C    Pz       0.000002       0.000002
   67      C    Px       0.216796      -0.216796
   68      C    Py       0.216796      -0.216796
   69      C    Pz       0.000003       0.000002
   70      C    Px       0.008011      -0.008011
   71      C    Py       0.008011      -0.008011
   72      C    Pz       0.000000       0.000000
   73      C   Dxx       0.006692      -0.010521
   74      C   Dxy       0.000000      -0.000000
   75      C   Dxz      -0.000000       0.000000
   76      C   Dyy       0.006692      -0.010521
   77      C   Dyz      -0.000000       0.000000
   78      C   Dzz       0.004973       0.016565
   79      C   Dxx       0.011617      -0.014368
   80      C   Dxy       0.000000       0.000000
   81      C   Dxz       0.000000      -0.000000
   82      C   Dyy       0.011617      -0.014368
   83      C   Dyz       0.000000      -0.000000
   84      C   Dzz       0.012955       0.036217
   85      C   Dxx      -0.001613       0.003119
   86      C   Dxy       0.000000      -0.000000
   87      C   Dxz       0.000001      -0.000001
   88      C   Dyy      -0.001613       0.003119
   89      C   Dyz       0.000001      -0.000001
   90      C   Dzz      -0.002040       0.008489
   91      C  Fxxx       0.011503      -0.011503
   92      C  Fxxy       0.003834      -0.003834
   93      C  Fxxz       0.000000      -0.000000
   94      C  Fxyy       0.003834      -0.003834
   95      C  Fxyz      -0.000000      -0.000000
   96      C  Fxzz       0.003080      -0.003080
   97      C  Fyyy       0.011503      -0.011503
   98      C  Fyyz       0.000000      -0.000000
   99      C  Fyzz       0.003080      -0.003080
  100      C  Fzzz       0.000000       0.000000
  101      C  Fxxx       0.016940      -0.016940
  102      C  Fxxy       0.005647      -0.005647
  103      C  Fxxz       0.000000      -0.000000
  104      C  Fxyy       0.005647      -0.005647
  105      C  Fxyz       0.000000       0.000000
  106      C  Fxzz       0.004742      -0.004742
  107      C  Fyyy       0.016940      -0.016940
  108      C  Fyyz       0.000000      -0.000000
  109      C  Fyzz       0.004742      -0.004742
  110      C  Fzzz       0.000000       0.000000
 
                           __________     __________
              Total =       13.000000       1.000000
 
  Atomic MULLIKEN Population: for E-        
            C                7.000000       3.000000
            C                6.000000      -2.000000
 
 ...end of MULLIKEN Population
 
 
 END POPULATION ANALYSES 
 
 
  POPULATION ANALYSES: 
 ====================
 
 LOWDIN Population: for E-        
 ---------------------
 
                          total          spin      
 
    1      C     S       1.609616      -0.000767
    2      C     S       0.557611       0.018747
    3      C     S       0.393588       0.013351
    4      C     S       0.324663      -0.007602
    5      C     S       0.126438      -0.018608
    6      C    Px       0.182454       0.182454
    7      C    Py       0.182470       0.182470
    8      C    Pz       0.182442       0.182442
    9      C    Px       0.173500       0.173500
   10      C    Py       0.173511       0.173511
   11      C    Pz       0.173493       0.173493
   12      C    Px       0.168631       0.168631
   13      C    Py       0.168624       0.168624
   14      C    Pz       0.168637       0.168637
   15      C    Px       0.088998       0.088998
   16      C    Py       0.088971       0.088971
   17      C    Pz       0.089020       0.089020
   18      C   Dxx       0.151453       0.009217
   19      C   Dxy       0.000000       0.000000
   20      C   Dxz       0.000000       0.000000
   21      C   Dyy       0.151454       0.009219
   22      C   Dyz       0.000000       0.000000
   23      C   Dzz       0.151453       0.009216
   24      C   Dxx       0.147407      -0.002646
   25      C   Dxy       0.000000       0.000000
   26      C   Dxz       0.000000       0.000000
   27      C   Dyy       0.147407      -0.002644
   28      C   Dyz       0.000000       0.000000
   29      C   Dzz       0.147407      -0.002647
   30      C   Dxx       0.030501      -0.008278
   31      C   Dxy       0.000000       0.000000
   32      C   Dxz       0.000000       0.000000
   33      C   Dyy       0.030501      -0.008278
   34      C   Dyz       0.000000       0.000000
   35      C   Dzz       0.030501      -0.008278
   36      C  Fxxx       0.110016       0.110016
   37      C  Fxxy       0.047809       0.047809
   38      C  Fxxz       0.047804       0.047804
   39      C  Fxyy       0.047806       0.047806
   40      C  Fxyz       0.000000       0.000000
   41      C  Fxzz       0.047806       0.047806
   42      C  Fyyy       0.110023       0.110023
   43      C  Fyyz       0.047804       0.047804
   44      C  Fyzz       0.047809       0.047809
   45      C  Fzzz       0.110010       0.110010
   46      C  Fxxx       0.097033       0.097033
   47      C  Fxxy       0.041876       0.041876
   48      C  Fxxz       0.041878       0.041878
   49      C  Fxyy       0.041877       0.041877
   50      C  Fxyz       0.000000       0.000000
   51      C  Fxzz       0.041877       0.041877
   52      C  Fyyy       0.097031       0.097031
   53      C  Fyyz       0.041878       0.041878
   54      C  Fyzz       0.041876       0.041876
   55      C  Fzzz       0.097035       0.097035
   56      C     S       1.610663       0.000628
   57      C     S       0.592049      -0.015045
   58      C     S       0.417297      -0.013337
   59      C     S       0.308303       0.012450
   60      C     S       0.091737       0.009284
   61      C    Px       0.251640      -0.251640
   62      C    Py       0.251640      -0.251640
   63      C    Pz       0.000001       0.000001
   64      C    Px       0.213215      -0.213215
   65      C    Py       0.213215      -0.213215
   66      C    Pz       0.000001       0.000001
   67      C    Px       0.116687      -0.116687
   68      C    Py       0.116687      -0.116687
   69      C    Pz       0.000001       0.000001
   70      C    Px       0.019965      -0.019965
   71      C    Py       0.019965      -0.019965
   72      C    Pz       0.000000       0.000000
   73      C   Dxx       0.168764      -0.017992
   74      C   Dxy       0.000000      -0.000000
   75      C   Dxz       0.000000      -0.000000
   76      C   Dyy       0.168764      -0.017992
   77      C   Dyz       0.000000      -0.000000
   78      C   Dzz       0.167160       0.010932
   79      C   Dxx       0.141612      -0.006964
   80      C   Dxy       0.000000       0.000000
   81      C   Dxz       0.000000      -0.000000
   82      C   Dyy       0.141612      -0.006964
   83      C   Dyz       0.000000      -0.000000
   84      C   Dzz       0.142132       0.031645
   85      C   Dxx       0.016483       0.002447
   86      C   Dxy       0.000000      -0.000000
   87      C   Dxz       0.000001      -0.000001
   88      C   Dyy       0.016483       0.002447
   89      C   Dyz       0.000001      -0.000001
   90      C   Dzz       0.016935       0.008455
   91      C  Fxxx       0.136058      -0.136058
   92      C  Fxxy       0.059203      -0.059203
   93      C  Fxxz       0.000000       0.000000
   94      C  Fxyy       0.059203      -0.059203
   95      C  Fxyz       0.000000       0.000000
   96      C  Fxzz       0.058518      -0.058518
   97      C  Fyyy       0.136058      -0.136058
   98      C  Fyyz       0.000000       0.000000
   99      C  Fyzz       0.058518      -0.058518
  100      C  Fzzz       0.000001       0.000001
  101      C  Fxxx       0.078841      -0.078841
  102      C  Fxxy       0.033250      -0.033250
  103      C  Fxxz       0.000000       0.000000
  104      C  Fxyy       0.033250      -0.033250
  105      C  Fxyz       0.000000       0.000000
  106      C  Fxzz       0.032623      -0.032623
  107      C  Fyyy       0.078841      -0.078841
  108      C  Fyyz       0.000000       0.000000
  109      C  Fyzz       0.032623      -0.032623
  110      C  Fzzz       0.000001       0.000001
 
                           __________     __________
              Total =       13.000000       1.000000
 
  Atomic LOWDIN Population: for E-        
            C                7.000000       3.000000
            C                6.000000      -2.000000
 
 ...end of LOWDIN Population
 
 
 END POPULATION ANALYSES 
 
 
  EXPECTED POSITIONS OF QUANTUM SPECIES:
 ======================
 
 POSITIONS IN ANGSTROMS
 ------
 
                        <x>      <y>      <z>         
            E-ALPHA   0.0000  -0.0000  37.0027
             E-BETA  -0.0000   0.0000  74.0020
 
 END EXPECTED POSITIONS
 
 
  ELECTROSTATIC MOMENTS:
 ======================
 
 
 DIPOLE: (A.U.)
 ------
 
                           <Dx>         <Dy>         <Dz>          |D|
            E-ALPHA  -0.00000000   0.00000000 -69.92490441
             E-BETA   0.00000000  -0.00000000-139.84352899
    Point charges:    0.00000000   0.00000000 209.75958464
                     ____________________________
      Total Dipole:   0.00000000  -0.00000000  -0.00884876   0.00884876
 
 DIPOLE: (DEBYE)
 ------
 
                           <Dx>         <Dy>         <Dz>          |D|
            E-ALPHA  -0.00000000   0.00000000-177.73135584
             E-BETA   0.00000000  -0.00000000-355.44674995
    Point charges:    0.00000000   0.00000000 533.15561448
                     ____________________________
      Total Dipole:   0.00000000  -0.00000000  -0.02249130   0.02249130
 
 QUADRUPOLE NON-TRACELESS: (DEBYE ANGS)
 ------
 
                           <xx>         <yy>         <zz>         <xy>         <xz>         <yz>
            E-ALPHA  -11.34510397  -11.34462739-3299.77835628    0.00051403   -0.00000000    0.00000000
             E-BETA   -7.20401695   -7.20401241-6580.96786522    0.00000489    0.00000000   -0.00000000
    Point charges:     0.00000000    0.00000000 9863.37774270    0.00000000    0.00000000    0.00000000
  Total Quadrupole:  -18.54912092  -18.54863980  -17.36847880    0.00051892    0.00000000   -0.00000000
                     ____________________________
 
 END ELECTROSTATIC MOMENTS
 
 
 BEGIN FOUR-INDEX INTEGRALS TRANFORMATION:
 ========================================
 Selected method: C         
 
 --------------------------------------------------
    4N^5 Algorithm Four-index integral tranformation
 --------------------------------------------------
 
 Integrals transformation for: E-ALPHA
 
              Transformation boundaries 
                 orbital lower upper
                       p     1     7
                       q     8   110
                       r     1     7
                       s     8   110
 
         Loading AO integrals time(s):  0.640E-02
      Integral transformation time(s):  0.139E+01
       Non-zero transformed integrals:       210186
 
 Inter-species integrals transformation for: E-ALPHA/E-BETA
 
              Transformation boundaries 
                 orbital lower upper
                       p     1     6
                       q     7   110
                       r     1     7
                       s     8   110
 
         Loading AO integrals time(s):  0.898E-02
      Integral transformation time(s):  0.730E+01
 Non zero transformed coupling integrals:        36663
 
 Integrals transformation for: E-BETA
 
              Transformation boundaries 
                 orbital lower upper
                       p     1     6
                       q     7   110
                       r     1     6
                       s     7   110
 
         Loading AO integrals time(s):  0.521E-02
      Integral transformation time(s):  0.130E+01
       Non-zero transformed integrals:       186444
 
** TOTAL Elapsed Time for integrals transformation :     10.285 (s)
 
 
  POST HARTREE-FOCK CALCULATION
  MANY-BODY PERTURBATION THEORY:
 ==============================
 
              MOLLER-PLESSET FORMALISM 
               ORDER OF CORRECTION =     2
 
                E(0) + E(1) =     -75.400584169548
                       E(2) =      -0.195505747001
                             ____________________
                     E(MP2) =     -75.596089916549
 
              -----------------------------------
               E(n){ Specie }     E(n) / Hartree 
              -----------------------------------
 
            E(2){ E-ALPHA } =      -0.034248151224
             E(2){ E-BETA } =      -0.014824457331
 
     E(2){ E-ALPHA/E-BETA } =      -0.146433138446
 
** TOTAL CPU Time HF-MBPT :      1.013 (s)
** TOTAL Elapsed Time HF-MBPT :      0.372 (s)
 

  TOTAL CPU Time:      0.521 (s)
 TOTAL Wall Time:     13.533 (s)
  Elapsed Time:   0h  0m 13s 533ms
LOWDIN execution terminated normally at : Thu Feb 27 18:24:52 2025
-rw-rw-r-- 1 pohl pohl 4.9M feb 27 18:24 0E-ALPHA.E-BETA.ints
-rw-rw-r-- 1 pohl pohl 2.8M feb 27 18:24 0E-ALPHA.ints
-rw-rw-r-- 1 pohl pohl 4.9M feb 27 18:24 1E-ALPHA.E-BETA.ints
-rw-rw-r-- 1 pohl pohl 2.8M feb 27 18:24 1E-ALPHA.ints
-rw-rw-r-- 1 pohl pohl 4.9M feb 27 18:24 2E-ALPHA.E-BETA.ints
-rw-rw-r-- 1 pohl pohl 2.8M feb 27 18:24 2E-ALPHA.ints
-rw-rw-r-- 1 pohl pohl 4.9M feb 27 18:24 3E-ALPHA.E-BETA.ints
-rw-rw-r-- 1 pohl pohl 2.8M feb 27 18:24 3E-ALPHA.ints
-rw-rw-r-- 1 pohl pohl 4.9M feb 27 18:24 4E-ALPHA.E-BETA.ints
-rw-rw-r-- 1 pohl pohl 2.8M feb 27 18:24 4E-ALPHA.ints
-rw-rw-r-- 1 pohl pohl 4.9M feb 27 18:24 5E-ALPHA.E-BETA.ints
-rw-rw-r-- 1 pohl pohl 2.8M feb 27 18:24 5E-ALPHA.ints
-rw-rw-r-- 1 pohl pohl 4.9M feb 27 18:24 6E-ALPHA.E-BETA.ints
-rw-rw-r-- 1 pohl pohl 2.8M feb 27 18:24 6E-ALPHA.ints
-rw-rw-r-- 1 pohl pohl 4.9M feb 27 18:24 7E-ALPHA.E-BETA.ints
-rw-rw-r-- 1 pohl pohl 2.8M feb 27 18:24 7E-ALPHA.ints
-rw-rw-r-- 1 pohl pohl 4.9M feb 27 18:24 8E-ALPHA.E-BETA.ints
-rw-rw-r-- 1 pohl pohl 2.8M feb 27 18:24 8E-ALPHA.ints
-rw-rw-r-- 1 pohl pohl  258 feb 27 18:24 c_step_34
-rw-rw-r-- 1 pohl pohl 1.1K feb 27 18:24 c_step_34.aux
-rw-rw-r-- 1 pohl pohl  266 feb 27 18:24 c_step_34.lowdin
-rw-rw-r-- 1 pohl pohl  74K feb 27 18:24 c_step_34.out
-rw-rw-r-- 1 pohl pohl 192K feb 27 18:24 c_step_34.vec
-rw-rw-r-- 1 pohl pohl   12 feb 27 18:24 E-ALPHA.E-BETA.nints
-rw-rw-r-- 1 pohl pohl 6.2M feb 27 18:24 E-ALPHAmoint.dat
-rw-rw-r-- 1 pohl pohl 1.4M feb 27 18:24 E-BETA.E-ALPHAmoint.dat
-rw-rw-r-- 1 pohl pohl 6.2M feb 27 18:24 E-BETAmoint.dat
-rw-rw-r-- 1 pohl pohl   65 feb 27 18:24 gepol.inp
-rw-rw-r-- 1 pohl pohl  182 feb 27 18:24 gepol.xyzr
-rw-rw-r-- 1 pohl pohl  13K feb 27 18:24 lowdin.bas
-rw-rw-r-- 1 pohl pohl  16K feb 27 18:24 lowdin.dat
-rw-rw-r-- 1 pohl pohl 2.3M feb 27 18:24 lowdin.opints
-rw-rw-r-- 1 pohl pohl  46K feb 27 18:24 lowdin.sys
-rw-rw-r-- 1 pohl pohl 2.1M feb 27 18:24 lowdin.wfn
