Begin job by input: c_step_17.lowdin, for user:   at  jue 27 feb 2025 18:20:10 -05
under operating system Linux helios 5.19.0-46-generic #47-Ubuntu SMP PREEMPT_DYNAMIC Fri Jun 16 13:30:11 UTC 2023 x86_64 x86_64 x86_64 GNU/Linux
Compilation information
  commit: f31d3924f6ee2ce9d77f07edcc1ba27359319d14
  compilation date:  mar 17 sep 2024 16:16:17 -05

BEGIN INPUT INFO:
------------------------------------

GEOMETRY
	e-(C)	AUG-CC-PVTZ 0.0 0.0 0.0  multiplicity=2 addParticles=1 
	e-(C)	AUG-CC-PVTZ 0.0 0.0 10.0
	C	Dirac 0 0.0 0.0
	C	Dirac 0.0 0.0 10.0
END GEOMETRY

TASKS
        method = "UHF"
	mollerPlessetCorrection=2
END TASKS

CONTROL
	units="ANGS"
END CONTROL






... END INPUT INFO


 LOWDIN execution started at : Thu Feb 27 18:20:10 2025
 ---------------------------------------------------------------
 
 ***************************************************************
 *                   LOWDIN 2.0  (May/2013)                    *
 *                                                             *
 *  R. FLORES-MORENO, E. F. POSADA, F. S. MONCADA, J.ROMERO,   *
 *  J. CHARRY, M. DIAZ-TINOCO, S. A. GONZALEZ, N. F. AGUIRRE,  *
 *  A. REYES                                                   *
 *                                                             *
 *  https://sites.google.com/site/lowdinproject/               *
 *                                                             *
 ***************************************************************
 
 PARSING INPUT... DONE!
 
 LOWDIN IS RUNNING WITH NEXT PARAMETERS: 
 ----------------------------------------
 
         METHOD TYPE:  UHF
         NUMBER OF CORES:     9
         MOLLER PLESSET CORRECTION:      2
         NONELECTRONIC DENSITY GUESS: HCORE
         ELECTRONIC DENSITY GUESS: HCORE
         CRITERIUM OF CONVERGENCE: ENERGY
         NONELECTRONIC ENERGY TOLERANCE IN SCFs:     0.10000E-07
         ELECTRONIC ENERGY TOLERANCE IN SCFs:     0.10000E-07
         TOTAL ENERGY TOLERANCE IN SCFs:     0.10000E-07
         SCHEME OF ITERATION: GLOBAL ITERATIONS
         SCF MAX. SUBITERATIONS - NONELECTRONS :     1
         SCF MAX. SUBITERATIONS - ELECTRONS :     1
         SCF MAX. ITERATIONS - INTERSPECIES :   200
         INTEGRAL STORAGE: DISK
         STACK SIZE FOR ERIS : 30000
         METHOD OF SCF CONVERGENCE: DAMPING
 
  MOLECULAR SYSTEM: c_step_17
 -----------------
 
    DESCRIPTION   : c_step_17
    CHARGE        :   0
    PUNTUAL GROUP : NONE
 
 
  INFORMATION OF PARTICLES :
 =========================
         Total number of particles   =      15
         Number of quantum particles =      13
         Number of puntual charges   =       2
         Number of quantum species   =       2
 
                 INFORMATION OF QUANTUM SPECIES 
    ----------------------------------------------------------------------
         ID      Symbol            mass     charge      omega     spin     multiplicity
    ----------------------------------------------------------------------
         1        E-ALPHA         1.0000     -1.00      0.00      0.50      2.00
         2         E-BETA         1.0000     -1.00      0.00      0.50      2.00
 
                   CONSTANTS OF COUPLING 
      ------------------------------------------------------------
              Symbol      kappa        eta     lambda occupation
      ------------------------------------------------------------
             E-ALPHA      -1.00       1.00       1.00       7.00
              E-BETA      -1.00       1.00       1.00       6.00
 
                   BASIS SET FOR SPECIES 
      ------------------------------------------------------------
           Symbol          N. Basis     N. Particles     Basis Set
      ------------------------------------------------------------
            E-ALPHA           28                7     AUG-CC-PVT
             E-BETA           28                6     AUG-CC-PVT
 
                                ATOMIC BASIS
         ------------------------------------------------------------
          PRIMITIVE   SHELL             EXPONENT         COEFFICIENT 
         ------------------------------------------------------------
 
    BEGIN DESCRIPTION OF BASIS FOR: E-ALP
    ==============================
 
 
             C BASIS SET:    AUG-CC-PVTZ
             1         S             8236.00000000          0.00053100
             2         S             1235.00000000          0.00410800
             3         S              280.80000000          0.02108700
             4         S               79.27000000          0.08185300
             5         S               25.59000000          0.23481700
             6         S                8.99700000          0.43440100
             7         S                3.31900000          0.34612900
             8         S                0.36430000         -0.00898300
             1         S             8236.00000000         -0.00011300
             2         S             1235.00000000         -0.00087800
             3         S              280.80000000         -0.00454000
             4         S               79.27000000         -0.01813300
             5         S               25.59000000         -0.05576000
             6         S                8.99700000         -0.12689500
             7         S                3.31900000         -0.17035200
             8         S                0.36430000          0.59868400
             1         S                0.90590000          1.00000000
             1         S                0.12850000          1.00000000
             1         S                0.04402000          1.00000000
             1         P               18.71000000          0.01403100
             2         P                4.13300000          0.08686600
             3         P                1.20000000          0.29021600
             1         P                0.38270000          1.00000000
             1         P                0.12090000          1.00000000
             1         P                0.03569000          1.00000000
             1         D                1.09700000          1.00000000
             1         D                0.31800000          1.00000000
             1         D                0.10000000          1.00000000
             1         F                0.76100000          1.00000000
             1         F                0.26800000          1.00000000
 
             C BASIS SET:    AUG-CC-PVTZ
             1         S             8236.00000000          0.00053100
             2         S             1235.00000000          0.00410800
             3         S              280.80000000          0.02108700
             4         S               79.27000000          0.08185300
             5         S               25.59000000          0.23481700
             6         S                8.99700000          0.43440100
             7         S                3.31900000          0.34612900
             8         S                0.36430000         -0.00898300
             1         S             8236.00000000         -0.00011300
             2         S             1235.00000000         -0.00087800
             3         S              280.80000000         -0.00454000
             4         S               79.27000000         -0.01813300
             5         S               25.59000000         -0.05576000
             6         S                8.99700000         -0.12689500
             7         S                3.31900000         -0.17035200
             8         S                0.36430000          0.59868400
             1         S                0.90590000          1.00000000
             1         S                0.12850000          1.00000000
             1         S                0.04402000          1.00000000
             1         P               18.71000000          0.01403100
             2         P                4.13300000          0.08686600
             3         P                1.20000000          0.29021600
             1         P                0.38270000          1.00000000
             1         P                0.12090000          1.00000000
             1         P                0.03569000          1.00000000
             1         D                1.09700000          1.00000000
             1         D                0.31800000          1.00000000
             1         D                0.10000000          1.00000000
             1         F                0.76100000          1.00000000
             1         F                0.26800000          1.00000000
    ... END DESCRIPTION OF BASIS
 
 
  END INFORMATION OF PARTICLES
 
 
  INFORMATION OF THE QUANTUM SYSTEM 
     ---------------------------------------------------------------------
                 ID     Occupied Orbitals     Basis size
     ---------------------------------------------------------------------
            E-ALPHA            7              110
             E-BETA            6              110
 
  END INFORMATION OF QUANTUM SYSTEM
 
                       INITIAL GEOMETRY: AMSTRONG
                 -----------------------------------
                       <x>                 <y>                 <z>
  E-ALPHAC        0.0000000000        0.0000000000        0.0000000000
  E-ALPHAC        0.0000000000        0.0000000000       10.0000000000
         C        0.0000000000        0.0000000000        0.0000000000
         C        0.0000000000        0.0000000000       10.0000000000
 
                     MATRIX OF DISTANCE: ANGSTROM
                 -----------------------------------
                          C(1)           C(2)      
 
        C(1)             0.000000      10.000000
        C(2)            10.000000       0.000000
 
--------------------------------------------------------------------------------
** PROGRAM: SCF (Hartree Fock).     Author: S.A. Gonzalez, E. Posada, F. Moncada
--------------------------------------------------------------------------------
INFO: RUNNING IN UHF MODE.
 
----------------------------------------------------------------------
** PROGRAM INTS                          Author: E. F. Posada, 2013   
----------------------------------------------------------------------
INFO: RUNNING IN ONE_PARTICLE MODE.
 
 Number of Overlap integrals for species E-ALPHA:  12100
 Number of Overlap integrals for species E-BETA:  12100
 Number of Kinetic integrals for species E-ALPHA:  12100
 Number of Kinetic integrals for species E-BETA:  12100
 Number of Nuclear integrals for species E-ALPHA:  12100
 Number of Nuclear integrals for species E-BETA:  12100
 Number of Moment integrals for species E-ALPHA:  36300
 Number of Moment integrals for species E-BETA:  36300
 
** TOTAL CPU Time INTS :      0.663 (s)
** TOTAL Elapsed Time INTS :      0.231 (s)
 
       Usign  HCORE density guess for species:    E-ALPHA
     number of    E-ALPHA     particles in guess density matrix:     7.000000
       Usign  HCORE density guess for species:     E-BETA
     number of     E-BETA     particles in guess density matrix:     6.000000
 Number of unique integrals for species: 1 = 1220314
 Number of unique integrals for species: 1 / 2 = 2437452 Screened: 39187
 
 TWO-BODY INTEGRAL SETUP: 
------------------------- 
 Storage:   DISK
 Scheme: LIBINT
 Stack size:  30000
 
 LIBINT library, Fermann, J. T.; Valeev, F. L. 2010                   
 LOWDIN-LIBINT Implementation V. 2.1  Posada E. F. ; Reyes A. 2016   
 ----------------------------------------------------------------------

*** TOTAL CPU time intra-species integrals :      1.131 (s)
*** TOTAL elapsed time intra-species integrals :      0.179 (s)


*** TOTAL CPU time inter-species integrals :      2.470 (s)
*** TOTAL elapsed time inter-species integrals :      0.360 (s)

INFO: RUNNING SCHEME SIMULTANEOUS
 
 Begin Multi-Species SCF calculation:
 
 --------------------------------------------------------------------------------------------------
      Iteration                   Energy            Energy Change           Density Change
 --------------------------------------------------------------------------------------------------
              1         -66.643214008772          66.643214008772           0.180683775705
              2         -70.180679525920           3.537465517149           0.160268239868
              3         -74.669075378471           4.488395852551           0.024985313946
              4         -75.007932350574           0.338856972103           0.003261794615
              5         -75.110036306554           0.102103955980           0.002121154577
              6         -75.119061848650           0.009025542096           0.001151906692
              7         -75.120719672273           0.001657823623           0.001282486694
              8         -75.106860275745          -0.013859396529           0.000359391472
              9         -75.114830978818           0.007970703074           0.000308096505
             10         -75.119228164330           0.004397185512           0.000336182766
             11         -75.121471120977           0.002242956646           0.001555967066
             12         -75.133085871505           0.011614750529           0.004296128321
             13         -75.195037688856           0.061951817350           0.005764443885
             14         -75.296853667677           0.101815978821           0.001485762086
             15         -75.332268764717           0.035415097040           0.002218857909
             16         -75.358955776991           0.026687012274           0.000944949261
             17         -75.363886103071           0.004930326080           0.000573875735
             18         -75.365763437485           0.001877334413           0.000408701918
             19         -75.366673903089           0.000910465604           0.000315244795
             20         -75.367209254493           0.000535351404           0.000255027051
             21         -75.367551289826           0.000342035334           0.000209337203
             22         -75.367778491379           0.000227201552           0.000173624592
             23         -75.367932509076           0.000154017697           0.000144750726
             24         -75.368038278304           0.000105769229           0.000121171895
             25         -75.368111591991           0.000073313686           0.000101728832
             26         -75.368162779532           0.000051187542           0.000085608019
             27         -75.368198729510           0.000035949977           0.000072177440
             28         -75.368224100841           0.000025371332           0.000060947568
             29         -75.368242078896           0.000017978055           0.000051529245
             30         -75.368254861098           0.000012782201           0.000043610834
             31         -75.368263974710           0.000009113612           0.000036939986
             32         -75.368270487946           0.000006513236           0.000031310860
             33         -75.368275151941           0.000004663995           0.000026554359
             34         -75.368278497253           0.000003345312           0.000022530770
             35         -75.368280900059           0.000002402807           0.000019124092
             36         -75.368282627929           0.000001727870           0.000016237606
             37         -75.368283871689           0.000001243760           0.000013790398
             38         -75.368284767738           0.000000896049           0.000011714582
             39         -75.368285413758           0.000000646020           0.000009953071
             40         -75.368285879811           0.000000466053           0.000008457767
             41         -75.368286216220           0.000000336409           0.000007188078
             42         -75.368286459169           0.000000242949           0.000006109709
             43         -75.368286634701           0.000000175532           0.000005193650
             44         -75.368286761576           0.000000126874           0.000004415340
             45         -75.368286853315           0.000000091739           0.000003753973
             46         -75.368286919673           0.000000066358           0.000003191909
             47         -75.368286967689           0.000000048016           0.000002714190
             48         -75.368287002444           0.000000034755           0.000002308122
             49         -75.368287027609           0.000000025165           0.000001962932
             50         -75.368287045837           0.000000018228           0.000001669473
             51         -75.368287059045           0.000000013208           0.000001419977
             52         -75.368287068619           0.000000009574           0.000001207847
 Total energy converged after  52 global iterations                                                  
 
 ...end Multi-Species SCF calculation
 
 
 Begin SCF calculation by: E-ALPHA
 -------------------------
 
 -----------------------------------------------------------------------------------
 Iteration                   Energy           Density Change         DIIS Error 
 -----------------------------------------------------------------------------------
    1         -35.104600530365           0.071876111605                 -- 
    2         -32.531665743778           0.007976896974                 -- 
    3         -29.207750068497           0.001479041466                 -- 
    4         -29.850363044576           0.000883497355                 -- 
    5         -30.261272838632           0.000348993127                 -- 
    6         -30.121047525056           0.000586833157                 -- 
    7         -30.149932838428           0.000156312432                 -- 
    8         -30.156246039866           0.000125278169                 -- 
    9         -30.159915236365           0.000109318598                 -- 
   10         -30.169030390330           0.000481617162                 -- 
   11         -30.301412745820           0.002866090065                 -- 
   12         -30.202052731864           0.001068395259                 -- 
   13         -30.192298661060           0.000621883594                 -- 
   14         -30.378508183860           0.001497309653                 -- 
   15         -30.439408806708           0.000388149386                 -- 
   16         -30.362952315793           0.000305237993                 -- 
   17         -30.343997617396           0.000201618002                 -- 
   18         -30.314325349985           0.000166178534                 -- 
   19         -30.293170859500           0.000134962347                 -- 
   20         -30.274421947662           0.000114138208                 -- 
   21         -30.259246993583           0.000096313350                 -- 
   22         -30.246557561759           0.000081782775                 -- 
   23         -30.236066226974           0.000069436901                 -- 
   24         -30.227332103872           0.000059015751                 -- 
   25         -30.220056908902           0.000050162403                 -- 
   26         -30.213977899178           0.000042646146                 -- 
   27         -30.208888036279           0.000036258076                 -- 
   28         -30.204616937875           0.000030828757                 -- 
   29         -30.201026300568           0.000026213202                 -- 
   30         -30.198002698680           0.000022289209                 -- 
   31         -30.195452966497           0.000018952914                 -- 
   32         -30.193300193643           0.000016116191                 -- 
   33         -30.191480671155           0.000013704164                 -- 
   34         -30.189941433755           0.000011653210                 -- 
   35         -30.188638313325           0.000009909255                 -- 
   36         -30.187534375726           0.000008426330                 -- 
   37         -30.186598662177           0.000007165359                 -- 
   38         -30.185805168542           0.000006093115                 -- 
   39         -30.185132013303           0.000005181350                 -- 
   40         -30.184560755672           0.000004406043                 -- 
   41         -30.184075834105           0.000003746770                 -- 
   42         -30.183664101997           0.000003186164                 -- 
   43         -30.183314442264           0.000002709459                 -- 
   44         -30.183017446352           0.000002304096                 -- 
   45         -30.182765146126           0.000001959398                 -- 
   46         -30.182550789350           0.000001666285                 -- 
   47         -30.182368651265           0.000001417037                 -- 
   48         -30.182213876170           0.000001205088                 -- 
   49         -30.182082343992           0.000001024857                 -- 
   50         -30.181970557764           0.000000871595                 -- 
   51         -30.181875548610           0.000000741267                 -- 
 
 ... end SCF calculation
 
 Begin SCF calculation by: E-BETA
 -------------------------
 
 -----------------------------------------------------------------------------------
 Iteration                   Energy           Density Change         DIIS Error 
 -----------------------------------------------------------------------------------
    1         -32.236584920404           0.088392128263                 -- 
    2         -29.491802928487           0.017008416972                 -- 
    3         -26.758487549981           0.001782753149                 -- 
    4         -27.255452636163           0.001237657222                 -- 
    5         -27.570053174758           0.000802913565                 -- 
    6         -27.445355047024           0.000695653538                 -- 
    7         -27.450604637555           0.000203079041                 -- 
    8         -27.457155202328           0.000182818336                 -- 
    9         -27.460779461433           0.000226864168                 -- 
   10         -27.465156279750           0.001074349904                 -- 
   11         -27.451245510088           0.001430038256                 -- 
   12         -27.796563349490           0.004696048626                 -- 
   13         -27.487314688690           0.000863878492                 -- 
   14         -27.503081580857           0.000721548256                 -- 
   15         -27.578373072430           0.000556799876                 -- 
   16         -27.556757098227           0.000268637742                 -- 
   17         -27.594919728539           0.000207083916                 -- 
   18         -27.617762302339           0.000149066261                 -- 
   19         -27.642102867216           0.000120064704                 -- 
   20         -27.662069154226           0.000095198995                 -- 
   21         -27.679578172855           0.000077311242                 -- 
   22         -27.694366856275           0.000062967951                 -- 
   23         -27.706953725491           0.000051734993                 -- 
   24         -27.717602518486           0.000042713081                 -- 
   25         -27.726620507760           0.000035445616                 -- 
   26         -27.734252393805           0.000029531293                 -- 
   27         -27.740714363686           0.000024689491                 -- 
   28         -27.746187417988           0.000020700488                 -- 
   29         -27.750825078323           0.000017397632                 -- 
   30         -27.754756511767           0.000014650776                 -- 
   31         -27.758090627922           0.000012357947                 -- 
   32         -27.760919206182           0.000010438167                 -- 
   33         -27.763319673480           0.000008826607                 -- 
   34         -27.765357395599           0.000007470882                 -- 
   35         -27.767087606640           0.000006328351                 -- 
   36         -27.768557016879           0.000005364067                 -- 
   37         -27.769805158048           0.000004549223                 -- 
   38         -27.770865508736           0.000003859956                 -- 
   39         -27.771766437810           0.000003276417                 -- 
   40         -27.772531996426           0.000002782035                 -- 
   41         -27.773182584044           0.000002362939                 -- 
   42         -27.773735509309           0.000002007485                 -- 
   43         -27.774205463013           0.000001705881                 -- 
   44         -27.774604917412           0.000001449877                 -- 
   45         -27.774944463692           0.000001232512                 -- 
   46         -27.775233097432           0.000001047906                 -- 
   47         -27.775478460252           0.000000891086                 -- 
   48         -27.775687044517           0.000000757844                 -- 
   49         -27.775864366835           0.000000644617                 -- 
   50         -27.776015115177           0.000000548382                 -- 
   51         -27.776143273685           0.000000466580                 -- 
 
 ... end SCF calculation
 
  EIGENVALUES AND EIGENVECTORS: 
 ==============================
 
 
  Eigenvalues for: E-ALPHA
 -----------------
 
    1         -11.293516178840
    2         -10.972334612844
    3          -0.776598548724
    4          -0.386037432633
    5          -0.386037178056
    6          -0.336335539195
    7          -0.039961893639
    8           0.070480729682
    9           0.117654168486
   10           0.141785919539
   11           0.141795391466
   12           0.170729797399
   13           0.230275660554
   14           0.231067586058
   15           0.231836181586
   16           0.255310896832
   17           0.352462488811
   18           0.356790979452
   19           0.356790979977
   20           0.357537491252
   21           0.357540935871
   22           0.360935384315
   23           0.414933439715
   24           0.415087987033
   25           0.458090826572
   26           0.458091368475
   27           0.497261067187
   28           0.520131898487
   29           0.528829038756
   30           0.528859114740
   31           0.536870231986
   32           0.544807228387
   33           0.544830741641
   34           0.655198001801
   35           0.732756941104
   36           0.733153526862
   37           1.070847842243
   38           1.070847842565
   39           1.086377117169
   40           1.086378261866
   41           1.090239124838
   42           1.121144902326
   43           1.133209976146
   44           1.134581340697
   45           1.134582515180
   46           1.139762713582
   47           1.139762713818
   48           1.146932449430
   49           1.146932449430
   50           1.168964165458
   51           1.168966128402
   52           1.197302551511
   53           1.351290974581
   54           1.358636369914
   55           1.365368767539
   56           1.365385191403
   57           1.370412323696
   58           1.373777650113
   59           1.373791437832
   60           1.381232221688
   61           1.381232896399
   62           1.393493989831
   63           1.393494020380
   64           1.410185705377
   65           1.410190495888
   66           1.416924046288
   67           1.472468327191
   68           1.472912957452
   69           1.917748479269
   70           2.121573593985
   71           3.079680450694
   72           3.079681150220
   73           3.097345256170
   74           3.367983657573
   75           3.417759547916
   76           3.418140910653
   77           3.429592988323
   78           3.429592988394
   79           3.435842133388
   80           3.435842331798
   81           3.438295163002
   82           3.485743605638
   83           3.488091683262
   84           3.488092096446
   85           3.495196676083
   86           3.495196676116
   87           3.507121763058
   88           3.507121763058
   89           3.755756933869
   90           3.769058102486
   91           3.769071734367
   92           3.795935540914
   93           3.799954503360
   94           3.799966422449
   95           3.812200550923
   96           3.812200711915
   97           3.812690217913
   98           3.812692297605
   99           3.833653547716
  100           3.833653562575
  101           6.118773310799
  102           6.416629098030
  103           7.272058129761
  104           7.299835586769
  105           7.299836389285
  106           7.538610686225
  107           7.549460111561
  108           7.553355182141
  109           8.500673870877
  110           8.797060953235
 
 
  Eigenvalues for: E-BETA
 -----------------
 
    1         -11.248510484633
    2         -10.991302933476
    3          -0.531244382305
    4          -0.450044548343
    5          -0.076766147076
    6          -0.076729457916
    7           0.089988002401
    8           0.113004112089
    9           0.113010267961
   10           0.124475920568
   11           0.186368080868
   12           0.220072417782
   13           0.220082757336
   14           0.227626023343
   15           0.231434714157
   16           0.249190536643
   17           0.250051877425
   18           0.362574153967
   19           0.368598940219
   20           0.368601684368
   21           0.378376455685
   22           0.378376455797
   23           0.379935242820
   24           0.400169655997
   25           0.510539966737
   26           0.513408020319
   27           0.513520683658
   28           0.517931804046
   29           0.530877461794
   30           0.530913479532
   31           0.540852961511
   32           0.542244013696
   33           0.542251150880
   34           0.643060593523
   35           0.643756507955
   36           0.720785390548
   37           1.132143618510
   38           1.144266123975
   39           1.144267276895
   40           1.145041609371
   41           1.149545677453
   42           1.149546843790
   43           1.160280811224
   44           1.160280811427
   45           1.167605706333
   46           1.177607771811
   47           1.177607771811
   48           1.179562160477
   49           1.179562160810
   50           1.217070821710
   51           1.255860011913
   52           1.255862871901
   53           1.311181098643
   54           1.311188875207
   55           1.334844300691
   56           1.356296677333
   57           1.356296730259
   58           1.358597285767
   59           1.358604570903
   60           1.369129476494
   61           1.369130206028
   62           1.375619883145
   63           1.375639828069
   64           1.376561097539
   65           1.379298932976
   66           1.403567700409
   67           1.404133601007
   68           1.461734320147
   69           1.931709600018
   70           2.113180621994
   71           3.117812051787
   72           3.168714149828
   73           3.168715305400
   74           3.355113751717
   75           3.355550579510
   76           3.405071306226
   77           3.495019737251
   78           3.510845064843
   79           3.510845514396
   80           3.522340254496
   81           3.529230230611
   82           3.529230687120
   83           3.550088265271
   84           3.550088265273
   85           3.561823244704
   86           3.561823244770
   87           3.586731623338
   88           3.586731623338
   89           3.714367190861
   90           3.714369458019
   91           3.755854519323
   92           3.755855053840
   93           3.767725767313
   94           3.767725782774
   95           3.770885868370
   96           3.786614867660
   97           3.786615043667
   98           3.798495538136
   99           3.798501618743
  100           3.802595666195
  101           6.160347445990
  102           6.398070427698
  103           7.279183429889
  104           7.319456196785
  105           7.319458979372
  106           7.535710041221
  107           7.539764651440
  108           7.544733960659
  109           8.530228275109
  110           8.783886353133
 
  end of eigenvalues 
 
  Occupied Eigenvectors for: E-ALPHA
 --------------------------- 
 
                         -11.2935       -10.9723        -0.7766        -0.3860        -0.3860   
 
    1      C     S       0.974578       0.000002      -0.004294       0.000000      -0.000000
    2      C     S      -0.005273       0.000003       0.582378       0.000000       0.000000
    3      C     S       0.048302       0.000017       0.153917       0.000000       0.000000
    4      C     S      -0.014147      -0.000067       0.344935      -0.000000      -0.000000
    5      C     S      -0.002839      -0.000041       0.025692      -0.000000      -0.000000
    6      C    Px      -0.000000       0.000000       0.000000       0.258136       0.257600
    7      C    Py      -0.000000       0.000000       0.000000       0.257599      -0.258136
    8      C    Pz       0.000073      -0.000007       0.000127       0.000002       0.000000
    9      C    Px       0.000000      -0.000000       0.000000       0.341730       0.341021
   10      C    Py       0.000000      -0.000000       0.000000       0.341020      -0.341731
   11      C    Pz      -0.000124       0.000024       0.000505       0.000002       0.000000
   12      C    Px       0.000000      -0.000000      -0.000000       0.202978       0.202555
   13      C    Py       0.000000      -0.000000      -0.000000       0.202557      -0.202977
   14      C    Pz      -0.000057       0.000041      -0.001343       0.000001       0.000000
   15      C    Px      -0.000000       0.000000      -0.000000       0.015757       0.015724
   16      C    Py      -0.000000       0.000000      -0.000000       0.015725      -0.015756
   17      C    Pz       0.000007      -0.000016      -0.000243       0.000000       0.000000
   18      C   Dxx       0.002073       0.000004       0.012426      -0.000000      -0.000000
   19      C   Dxy      -0.000000       0.000000      -0.000000      -0.000000       0.000000
   20      C   Dxz       0.000000       0.000000       0.000000       0.000109       0.000109
   21      C   Dyy       0.002073       0.000004       0.012426      -0.000000       0.000000
   22      C   Dyz       0.000000       0.000000       0.000000       0.000109      -0.000109
   23      C   Dzz       0.000112       0.000003      -0.009063       0.000000       0.000000
   24      C   Dxx       0.006985       0.000023       0.020342       0.000000      -0.000000
   25      C   Dxy       0.000000      -0.000000       0.000000      -0.000000       0.000000
   26      C   Dxz       0.000000      -0.000000       0.000000      -0.000214      -0.000214
   27      C   Dyy       0.006985       0.000023       0.020342       0.000000       0.000000
   28      C   Dyz       0.000000      -0.000000       0.000000      -0.000214       0.000214
   29      C   Dzz       0.006719       0.000023      -0.020036      -0.000000       0.000000
   30      C   Dxx       0.002431       0.000023      -0.007677       0.000000      -0.000000
   31      C   Dxy       0.000000       0.000000       0.000000      -0.000000       0.000000
   32      C   Dxz       0.000000       0.000000       0.000000      -0.001878      -0.001875
   33      C   Dyy       0.002431       0.000023      -0.007677       0.000000       0.000000
   34      C   Dyz       0.000000       0.000000       0.000000      -0.001874       0.001879
   35      C   Dzz       0.002358       0.000022      -0.018855      -0.000000       0.000000
   36      C  Fxxx      -0.000000       0.000000       0.000000       0.010150       0.010129
   37      C  Fxxy      -0.000000       0.000000       0.000000       0.004530      -0.004539
   38      C  Fxxz       0.000022      -0.000006      -0.000051       0.000000       0.000000
   39      C  Fxyy      -0.000000       0.000000       0.000000       0.004539       0.004530
   40      C  Fxyz       0.000000      -0.000000      -0.000000       0.000000      -0.000000
   41      C  Fxzz      -0.000000       0.000000       0.000000       0.003667       0.003659
   42      C  Fyyy      -0.000000       0.000000       0.000000       0.010129      -0.010150
   43      C  Fyyz       0.000022      -0.000006      -0.000051       0.000000      -0.000000
   44      C  Fyzz      -0.000000       0.000000       0.000000       0.003659      -0.003667
   45      C  Fzzz       0.000049      -0.000014      -0.000124       0.000000       0.000000
   46      C  Fxxx      -0.000000       0.000000       0.000000       0.018463       0.018426
   47      C  Fxxy      -0.000000       0.000000       0.000000       0.008240      -0.008257
   48      C  Fxxz       0.000024      -0.000010      -0.000236       0.000000       0.000000
   49      C  Fxyy      -0.000000       0.000000       0.000000       0.008257       0.008240
   50      C  Fxyz       0.000000       0.000000       0.000000       0.000000      -0.000000
   51      C  Fxzz      -0.000000       0.000000      -0.000000       0.006805       0.006791
   52      C  Fyyy      -0.000000       0.000000       0.000000       0.018425      -0.018464
   53      C  Fyyz       0.000024      -0.000010      -0.000236       0.000000      -0.000000
   54      C  Fyzz      -0.000000       0.000000      -0.000000       0.006791      -0.006805
   55      C  Fzzz       0.000055      -0.000023      -0.000237       0.000000       0.000000
   56      C     S      -0.000002      -0.976026       0.000008       0.000000       0.000000
   57      C     S      -0.000003       0.007675       0.000016       0.000000       0.000000
   58      C     S      -0.000015      -0.044187       0.000041       0.000000      -0.000000
   59      C     S       0.000062       0.015548      -0.000150      -0.000000       0.000000
   60      C     S       0.000038       0.002985      -0.000140      -0.000000       0.000000
   61      C    Px       0.000000       0.000000       0.000000      -0.000003      -0.000002
   62      C    Py       0.000000       0.000000       0.000000      -0.000003       0.000002
   63      C    Pz      -0.000007      -0.000000       0.000011       0.000000      -0.000000
   64      C    Px      -0.000000       0.000000      -0.000000       0.000004       0.000004
   65      C    Py      -0.000000       0.000000      -0.000000       0.000004      -0.000004
   66      C    Pz       0.000022       0.000002      -0.000021      -0.000000       0.000000
   67      C    Px      -0.000000       0.000000      -0.000000       0.000037       0.000037
   68      C    Py      -0.000000       0.000000      -0.000000       0.000037      -0.000037
   69      C    Pz       0.000038       0.000003      -0.000130      -0.000000       0.000000
   70      C    Px       0.000000      -0.000000       0.000000      -0.000021      -0.000020
   71      C    Py       0.000000      -0.000000       0.000000      -0.000021       0.000020
   72      C    Pz      -0.000014      -0.000001       0.000065       0.000000      -0.000000
   73      C   Dxx      -0.000003      -0.002754       0.000007       0.000000      -0.000000
   74      C   Dxy       0.000000       0.001201       0.000000      -0.000000      -0.000000
   75      C   Dxz      -0.000000      -0.000000      -0.000000       0.000000       0.000000
   76      C   Dyy      -0.000003      -0.002758       0.000007       0.000000      -0.000000
   77      C   Dyz      -0.000000      -0.000000      -0.000000       0.000000      -0.000000
   78      C   Dzz      -0.000003      -0.001716       0.000007       0.000000      -0.000000
   79      C   Dxx      -0.000021      -0.007537       0.000054       0.000000      -0.000000
   80      C   Dxy      -0.000000      -0.000036       0.000000      -0.000000       0.000000
   81      C   Dxz       0.000000       0.000000       0.000000      -0.000000      -0.000000
   82      C   Dyy      -0.000021      -0.007537       0.000054       0.000000      -0.000000
   83      C   Dyz       0.000000       0.000000       0.000000      -0.000000       0.000000
   84      C   Dzz      -0.000022      -0.007568       0.000055       0.000000      -0.000000
   85      C   Dxx      -0.000021      -0.002617       0.000069       0.000000      -0.000000
   86      C   Dxy       0.000000       0.000128       0.000000      -0.000000      -0.000000
   87      C   Dxz      -0.000000      -0.000000      -0.000000       0.000001       0.000001
   88      C   Dyy      -0.000021      -0.002618       0.000069       0.000000      -0.000000
   89      C   Dyz      -0.000000      -0.000000      -0.000000       0.000001      -0.000001
   90      C   Dzz      -0.000020      -0.002506       0.000067       0.000000      -0.000000
   91      C  Fxxx       0.000000      -0.000000       0.000000      -0.000004      -0.000004
   92      C  Fxxy       0.000000      -0.000000       0.000000      -0.000002       0.000002
   93      C  Fxxz      -0.000006      -0.000001       0.000008       0.000000      -0.000000
   94      C  Fxyy       0.000000      -0.000000       0.000000      -0.000002      -0.000002
   95      C  Fxyz      -0.000000      -0.000000       0.000000       0.000000      -0.000000
   96      C  Fxzz       0.000000      -0.000000       0.000000      -0.000002      -0.000002
   97      C  Fyyy       0.000000      -0.000000       0.000000      -0.000004       0.000004
   98      C  Fyyz      -0.000006      -0.000001       0.000008       0.000000      -0.000000
   99      C  Fyzz       0.000000      -0.000000       0.000000      -0.000002       0.000002
  100      C  Fzzz      -0.000013      -0.000001       0.000019       0.000000      -0.000000
  101      C  Fxxx       0.000000      -0.000000       0.000000      -0.000016      -0.000016
  102      C  Fxxy       0.000000      -0.000000       0.000000      -0.000007       0.000007
  103      C  Fxxz      -0.000009      -0.000001       0.000026       0.000000      -0.000000
  104      C  Fxyy       0.000000      -0.000000       0.000000      -0.000007      -0.000007
  105      C  Fxyz       0.000000      -0.000000      -0.000000      -0.000000       0.000000
  106      C  Fxzz       0.000000      -0.000000       0.000000      -0.000007      -0.000007
  107      C  Fyyy       0.000000      -0.000000       0.000000      -0.000016       0.000016
  108      C  Fyyz      -0.000009      -0.000001       0.000026       0.000000      -0.000000
  109      C  Fyzz       0.000000      -0.000000       0.000000      -0.000007       0.000007
  110      C  Fzzz      -0.000021      -0.000002       0.000058       0.000000      -0.000000
 
                          -0.3363        -0.0400   
 
    1      C     S       0.000001      -0.000000
    2      C     S       0.000002      -0.000000
    3      C     S       0.000008       0.000000
    4      C     S      -0.000036      -0.000000
    5      C     S      -0.000013      -0.000000
    6      C    Px      -0.000000      -0.000007
    7      C    Py      -0.000000       0.000007
    8      C    Pz      -0.000003       0.000000
    9      C    Px      -0.000000       0.000032
   10      C    Py      -0.000000      -0.000032
   11      C    Pz       0.000005      -0.000000
   12      C    Px      -0.000000       0.000624
   13      C    Py      -0.000000      -0.000625
   14      C    Pz       0.000040      -0.000000
   15      C    Px      -0.000000      -0.000525
   16      C    Py      -0.000000       0.000526
   17      C    Pz      -0.000020       0.000000
   18      C   Dxx       0.000001      -0.000000
   19      C   Dxy      -0.000000       0.000000
   20      C   Dxz      -0.000000      -0.000002
   21      C   Dyy       0.000001       0.000000
   22      C   Dyz      -0.000000       0.000002
   23      C   Dzz       0.000002       0.000000
   24      C   Dxx       0.000011      -0.000000
   25      C   Dxy       0.000000       0.000000
   26      C   Dxz       0.000000       0.000010
   27      C   Dyy       0.000011       0.000000
   28      C   Dyz       0.000000      -0.000010
   29      C   Dzz       0.000010       0.000000
   30      C   Dxx       0.000009       0.000000
   31      C   Dxy      -0.000000      -0.000000
   32      C   Dxz      -0.000000      -0.000035
   33      C   Dyy       0.000009      -0.000000
   34      C   Dyz      -0.000000       0.000035
   35      C   Dzz       0.000012       0.000000
   36      C  Fxxx      -0.000000      -0.000046
   37      C  Fxxy      -0.000000       0.000021
   38      C  Fxxz      -0.000002      -0.000000
   39      C  Fxyy      -0.000000      -0.000021
   40      C  Fxyz       0.000000       0.000000
   41      C  Fxzz      -0.000000      -0.000020
   42      C  Fyyy      -0.000000       0.000046
   43      C  Fyyz      -0.000002       0.000000
   44      C  Fyzz      -0.000000       0.000020
   45      C  Fzzz      -0.000005       0.000000
   46      C  Fxxx      -0.000000      -0.000219
   47      C  Fxxy      -0.000000       0.000098
   48      C  Fxxz      -0.000008       0.000000
   49      C  Fxyy      -0.000000      -0.000098
   50      C  Fxyz      -0.000000      -0.000000
   51      C  Fxzz      -0.000000      -0.000100
   52      C  Fyyy      -0.000000       0.000220
   53      C  Fyyz      -0.000008      -0.000000
   54      C  Fyzz      -0.000000       0.000100
   55      C  Fzzz      -0.000017       0.000000
   56      C     S      -0.014009       0.000000
   57      C     S       0.507892       0.000000
   58      C     S       0.127571       0.000000
   59      C     S       0.385944      -0.000000
   60      C     S       0.060686      -0.000000
   61      C    Px      -0.000000      -0.199336
   62      C    Py      -0.000000       0.199751
   63      C    Pz      -0.000033       0.000000
   64      C    Px      -0.000000      -0.253476
   65      C    Py      -0.000000       0.254004
   66      C    Pz      -0.000047       0.000000
   67      C    Px      -0.000000      -0.251465
   68      C    Py      -0.000000       0.251989
   69      C    Pz      -0.000060       0.000000
   70      C    Px      -0.000000      -0.183794
   71      C    Py      -0.000000       0.184177
   72      C    Pz      -0.000023       0.000000
   73      C   Dxx       0.008319       0.000000
   74      C   Dxy      -0.017436      -0.000000
   75      C   Dxz       0.000000       0.000006
   76      C   Dyy       0.008382      -0.000000
   77      C   Dyz       0.000000      -0.000006
   78      C   Dzz      -0.006746       0.000000
   79      C   Dxx       0.021621      -0.000000
   80      C   Dxy      -0.042191       0.000000
   81      C   Dxz       0.000000      -0.000001
   82      C   Dyy       0.021773       0.000000
   83      C   Dyz       0.000000       0.000001
   84      C   Dzz      -0.014835       0.000000
   85      C   Dxx       0.019982       0.000000
   86      C   Dxy      -0.027388      -0.000000
   87      C   Dxz       0.000000       0.000069
   88      C   Dyy       0.020081      -0.000000
   89      C   Dyz       0.000000      -0.000069
   90      C   Dzz      -0.003669       0.000000
   91      C  Fxxx       0.000000      -0.009330
   92      C  Fxxy       0.000000       0.010296
   93      C  Fxxz       0.000000      -0.000000
   94      C  Fxyy       0.000000      -0.010313
   95      C  Fxyz       0.000001      -0.000000
   96      C  Fxzz       0.000000      -0.001122
   97      C  Fyyy       0.000000       0.009378
   98      C  Fyyz       0.000000       0.000000
   99      C  Fyzz       0.000000       0.001124
  100      C  Fzzz       0.000002       0.000000
  101      C  Fxxx       0.000000      -0.011528
  102      C  Fxxy       0.000000       0.018975
  103      C  Fxxz       0.000002      -0.000000
  104      C  Fxyy       0.000000      -0.019022
  105      C  Fxyz       0.000005       0.000000
  106      C  Fxzz       0.000000       0.001727
  107      C  Fyyy       0.000000       0.011616
  108      C  Fyyz       0.000002       0.000000
  109      C  Fyzz       0.000000      -0.001731
  110      C  Fzzz       0.000011      -0.000000
 
 
  Occupied Eigenvectors for: E-BETA
 --------------------------- 
 
                         -11.2485       -10.9913        -0.5312        -0.4500        -0.0768   
 
    1      C     S       0.976510       0.000002       0.008706       0.000010      -0.000000
    2      C     S      -0.008944       0.000003      -0.533978       0.000023      -0.000000
    3      C     S       0.042553       0.000016      -0.136393       0.000042      -0.000000
    4      C     S      -0.016078      -0.000066      -0.391414      -0.000119       0.000000
    5      C     S      -0.002984      -0.000041      -0.022557      -0.000211       0.000000
    6      C    Px      -0.000000       0.000000      -0.000000       0.000000       0.000015
    7      C    Py      -0.000000       0.000000      -0.000000       0.000000       0.000015
    8      C    Pz       0.000101      -0.000007       0.002485      -0.000010       0.000000
    9      C    Px       0.000000      -0.000000      -0.000000       0.000000       0.000000
   10      C    Py       0.000000      -0.000000      -0.000000       0.000000       0.000000
   11      C    Pz      -0.000266       0.000024       0.003218       0.000011       0.000000
   12      C    Px       0.000000      -0.000000      -0.000000      -0.000000      -0.000248
   13      C    Py       0.000000      -0.000000      -0.000000      -0.000000      -0.000248
   14      C    Pz      -0.000109       0.000040       0.004620       0.000151      -0.000000
   15      C    Px      -0.000000       0.000000      -0.000000       0.000000       0.000214
   16      C    Py      -0.000000       0.000000      -0.000000       0.000000       0.000213
   17      C    Pz       0.000014      -0.000015       0.000776      -0.000098       0.000000
   18      C   Dxx       0.002442       0.000004       0.003505       0.000007      -0.000000
   19      C   Dxy       0.000000      -0.000000      -0.000000      -0.000000      -0.000000
   20      C   Dxz      -0.000000      -0.000000       0.000000      -0.000000       0.000001
   21      C   Dyy       0.002442       0.000004       0.003505       0.000007      -0.000000
   22      C   Dyz      -0.000000      -0.000000       0.000000      -0.000000       0.000001
   23      C   Dzz       0.003550       0.000003      -0.015589       0.000006      -0.000000
   24      C   Dxx       0.007956       0.000023       0.002488       0.000053      -0.000000
   25      C   Dxy      -0.000000       0.000000      -0.000000       0.000000       0.000000
   26      C   Dxz       0.000000       0.000000       0.000000      -0.000000      -0.000006
   27      C   Dyy       0.007956       0.000023       0.002488       0.000053      -0.000000
   28      C   Dyz       0.000000       0.000000       0.000000      -0.000000      -0.000006
   29      C   Dzz       0.007493       0.000023      -0.036810       0.000056      -0.000000
   30      C   Dxx       0.002531       0.000023      -0.002362       0.000089      -0.000000
   31      C   Dxy       0.000000      -0.000000      -0.000001      -0.000000      -0.000000
   32      C   Dxz      -0.000000       0.000000       0.000000       0.000000       0.000018
   33      C   Dyy       0.002531       0.000023      -0.002362       0.000089      -0.000000
   34      C   Dyz      -0.000000       0.000000       0.000000       0.000000       0.000018
   35      C   Dzz       0.002702       0.000022      -0.008797       0.000079      -0.000000
   36      C  Fxxx      -0.000000       0.000000      -0.000000       0.000000       0.000020
   37      C  Fxxy      -0.000000       0.000000      -0.000000       0.000000       0.000009
   38      C  Fxxz       0.000050      -0.000006      -0.000001      -0.000007       0.000000
   39      C  Fxyy      -0.000000       0.000000      -0.000000       0.000000       0.000009
   40      C  Fxyz       0.000000       0.000000       0.000000       0.000000      -0.000000
   41      C  Fxzz      -0.000000       0.000000      -0.000000       0.000000       0.000009
   42      C  Fyyy      -0.000000       0.000000      -0.000000       0.000000       0.000020
   43      C  Fyyz       0.000050      -0.000006      -0.000001      -0.000007       0.000000
   44      C  Fyzz      -0.000000       0.000000      -0.000000       0.000000       0.000009
   45      C  Fzzz       0.000111      -0.000013       0.000210      -0.000016       0.000000
   46      C  Fxxx      -0.000000       0.000000      -0.000000       0.000000       0.000093
   47      C  Fxxy      -0.000000       0.000000      -0.000000       0.000000       0.000041
   48      C  Fxxz       0.000048      -0.000010      -0.000092      -0.000028       0.000000
   49      C  Fxyy      -0.000000       0.000000      -0.000000       0.000000       0.000042
   50      C  Fxyz      -0.000000      -0.000000      -0.000000      -0.000000      -0.000000
   51      C  Fxzz      -0.000000       0.000000      -0.000000       0.000000       0.000043
   52      C  Fyyy      -0.000000       0.000000      -0.000000       0.000000       0.000093
   53      C  Fyyz       0.000048      -0.000010      -0.000092      -0.000028       0.000000
   54      C  Fyzz      -0.000000       0.000000      -0.000000       0.000000       0.000043
   55      C  Fzzz       0.000107      -0.000022       0.000362      -0.000062       0.000000
   56      C     S      -0.000002      -0.975233      -0.000001       0.012424       0.000000
   57      C     S      -0.000003       0.006117      -0.000004      -0.529491       0.000000
   58      C     S      -0.000015      -0.046552      -0.000006      -0.134036       0.000000
   59      C     S       0.000060       0.014717       0.000019      -0.380414       0.000000
   60      C     S       0.000037       0.002926       0.000016      -0.045910      -0.000000
   61      C    Px       0.000000       0.000000       0.000000      -0.000000       0.216517
   62      C    Py       0.000000       0.000000       0.000000      -0.000000       0.216067
   63      C    Pz      -0.000006       0.000001       0.000000      -0.000038      -0.000001
   64      C    Px      -0.000000      -0.000000      -0.000000      -0.000000       0.280545
   65      C    Py      -0.000000      -0.000000      -0.000000      -0.000000       0.279963
   66      C    Pz       0.000021      -0.000003       0.000005      -0.000054      -0.000001
   67      C    Px      -0.000000      -0.000000      -0.000000       0.000000       0.262529
   68      C    Py      -0.000000      -0.000000      -0.000000       0.000000       0.261983
   69      C    Pz       0.000036       0.000001       0.000020       0.000042      -0.000001
   70      C    Px       0.000000       0.000000       0.000000       0.000000       0.120621
   71      C    Py       0.000000       0.000000       0.000000       0.000000       0.120370
   72      C    Pz      -0.000014      -0.000001      -0.000008       0.000025      -0.000000
   73      C   Dxx      -0.000003      -0.001481      -0.000001       0.000565       0.000000
   74      C   Dxy      -0.000000      -0.001277      -0.000000      -0.016917      -0.000000
   75      C   Dxz      -0.000000       0.000000      -0.000000       0.000000      -0.000001
   76      C   Dyy      -0.000003      -0.001476      -0.000001       0.000626       0.000000
   77      C   Dyz      -0.000000       0.000000      -0.000000       0.000000      -0.000001
   78      C   Dzz      -0.000003      -0.002584      -0.000001      -0.014051       0.000000
   79      C   Dxx      -0.000021      -0.007180      -0.000007       0.002862       0.000000
   80      C   Dxy       0.000000       0.000002      -0.000000      -0.038938       0.000000
   81      C   Dxz       0.000000       0.000000       0.000000       0.000000       0.000006
   82      C   Dyy      -0.000021      -0.007180      -0.000007       0.003003       0.000000
   83      C   Dyz       0.000000       0.000000       0.000000       0.000000       0.000006
   84      C   Dzz      -0.000021      -0.007178      -0.000007      -0.030783       0.000000
   85      C   Dxx      -0.000021      -0.002480      -0.000008       0.000547      -0.000000
   86      C   Dxy      -0.000000      -0.000118      -0.000000      -0.018559      -0.000000
   87      C   Dxz      -0.000000      -0.000000      -0.000000      -0.000000      -0.000063
   88      C   Dyy      -0.000021      -0.002479      -0.000008       0.000613      -0.000000
   89      C   Dyz      -0.000000      -0.000000      -0.000000      -0.000000      -0.000063
   90      C   Dzz      -0.000020      -0.002581      -0.000009      -0.015518       0.000000
   91      C  Fxxx       0.000000       0.000000       0.000000      -0.000000       0.005400
   92      C  Fxxy       0.000000       0.000000       0.000000      -0.000000       0.008477
   93      C  Fxxz      -0.000005       0.000001      -0.000001      -0.000000      -0.000000
   94      C  Fxyy       0.000000       0.000000       0.000000      -0.000000       0.008457
   95      C  Fxyz       0.000000       0.000000       0.000000      -0.000001      -0.000000
   96      C  Fxzz       0.000000       0.000000       0.000000      -0.000000       0.005441
   97      C  Fyyy       0.000000       0.000000       0.000000      -0.000000       0.005360
   98      C  Fyyz      -0.000005       0.000001      -0.000001      -0.000000      -0.000000
   99      C  Fyzz       0.000000       0.000000       0.000000      -0.000000       0.005430
  100      C  Fzzz      -0.000012       0.000001      -0.000002      -0.000003      -0.000000
  101      C  Fxxx       0.000000       0.000000       0.000000      -0.000000       0.001438
  102      C  Fxxy       0.000000       0.000000       0.000000      -0.000000       0.013754
  103      C  Fxxz      -0.000009       0.000000      -0.000004      -0.000007      -0.000000
  104      C  Fxyy       0.000000       0.000000       0.000000      -0.000000       0.013701
  105      C  Fxyz      -0.000000       0.000000       0.000000       0.000003      -0.000000
  106      C  Fxzz       0.000000       0.000000       0.000000       0.000000       0.007193
  107      C  Fyyy       0.000000       0.000000       0.000000      -0.000000       0.001374
  108      C  Fyyz      -0.000009       0.000000      -0.000004      -0.000007      -0.000000
  109      C  Fyzz       0.000000       0.000000       0.000000       0.000000       0.007178
  110      C  Fzzz      -0.000020       0.000000      -0.000008      -0.000006      -0.000000
 
                          -0.0767   
 
    1      C     S       0.000170
    2      C     S       0.000424
    3      C     S       0.000599
    4      C     S      -0.000722
    5      C     S      -0.005126
    6      C    Px       0.000000
    7      C    Py       0.000000
    8      C    Pz      -0.000165
    9      C    Px       0.000000
   10      C    Py       0.000000
   11      C    Pz      -0.000091
   12      C    Px      -0.000000
   13      C    Py      -0.000000
   14      C    Pz       0.002201
   15      C    Px       0.000000
   16      C    Py       0.000000
   17      C    Pz      -0.002246
   18      C   Dxx       0.000084
   19      C   Dxy      -0.000000
   20      C   Dxz      -0.000000
   21      C   Dyy       0.000084
   22      C   Dyz      -0.000000
   23      C   Dzz       0.000070
   24      C   Dxx       0.000705
   25      C   Dxy       0.000000
   26      C   Dxz      -0.000000
   27      C   Dyy       0.000705
   28      C   Dyz      -0.000000
   29      C   Dzz       0.000795
   30      C   Dxx       0.001767
   31      C   Dxy      -0.000000
   32      C   Dxz       0.000000
   33      C   Dyy       0.001767
   34      C   Dyz       0.000000
   35      C   Dzz       0.001473
   36      C  Fxxx       0.000000
   37      C  Fxxy       0.000000
   38      C  Fxxz      -0.000076
   39      C  Fxyy       0.000000
   40      C  Fxyz       0.000000
   41      C  Fxzz       0.000000
   42      C  Fyyy       0.000000
   43      C  Fyyz      -0.000076
   44      C  Fyzz       0.000000
   45      C  Fzzz      -0.000170
   46      C  Fxxx       0.000000
   47      C  Fxxy       0.000000
   48      C  Fxxz      -0.000361
   49      C  Fxyy       0.000000
   50      C  Fxyz      -0.000000
   51      C  Fxzz       0.000000
   52      C  Fyyy       0.000000
   53      C  Fyyz      -0.000361
   54      C  Fyzz       0.000000
   55      C  Fzzz      -0.000842
   56      C     S       0.000027
   57      C     S       0.000115
   58      C     S       0.000091
   59      C     S       0.000094
   60      C     S      -0.001015
   61      C    Px       0.000000
   62      C    Py       0.000000
   63      C    Pz       0.305832
   64      C    Px       0.000001
   65      C    Py       0.000001
   66      C    Pz       0.396268
   67      C    Px       0.000001
   68      C    Py       0.000001
   69      C    Pz       0.370749
   70      C    Px       0.000000
   71      C    Py       0.000000
   72      C    Pz       0.170681
   73      C   Dxx       0.000010
   74      C   Dxy       0.000001
   75      C   Dxz      -0.000000
   76      C   Dyy       0.000010
   77      C   Dyz      -0.000000
   78      C   Dzz       0.000007
   79      C   Dxx       0.000072
   80      C   Dxy      -0.000000
   81      C   Dxz       0.000000
   82      C   Dyy       0.000072
   83      C   Dyz       0.000000
   84      C   Dzz       0.000092
   85      C   Dxx       0.000280
   86      C   Dxy      -0.000011
   87      C   Dxz      -0.000000
   88      C   Dyy       0.000280
   89      C   Dyz      -0.000000
   90      C   Dzz       0.000068
   91      C  Fxxx       0.000000
   92      C  Fxxy       0.000000
   93      C  Fxxz       0.003416
   94      C  Fxyy       0.000000
   95      C  Fxyz       0.004948
   96      C  Fxzz       0.000000
   97      C  Fyyy       0.000000
   98      C  Fyyz       0.003398
   99      C  Fyzz       0.000000
  100      C  Fzzz       0.017196
  101      C  Fxxx       0.000000
  102      C  Fxxy       0.000000
  103      C  Fxxz       0.000921
  104      C  Fxyy       0.000000
  105      C  Fxyz       0.010695
  106      C  Fxzz       0.000000
  107      C  Fyyy       0.000000
  108      C  Fyyz       0.000882
  109      C  Fyzz       0.000000
  110      C  Fzzz       0.022754
 
 
  end of eigenvectors 
 
  END OF EIGENVALUES AND EIGENVECTORS
 
 
  COMPONENTS OF KINETIC ENERGY: 
 -----------------------------
 
             E-ALPHA Kinetic energy =           38.420725474210
              E-BETA Kinetic energy =           36.926267518356
                                     _________________________
               Total kinetic energy =           75.346992992566
 
  COMPONENTS OF POTENTIAL ENERGY: 
 -------------------------------
 
          Fixed potential energy    =            1.905038097264
 
  Quantum/Fixed interaction energy: 
 ----------------------------------
 
     E-ALPHA/Fixed interact. energy =          -93.908853985214
      E-BETA/Fixed interact. energy =          -88.419355111302
                                     _________________________
               Total Q/Fixed energy =         -182.328209096516
 
  Coulomb energy: 
 ------------------
 
     E-ALPHA/E-ALPHA Hartree energy =           11.384736967430
       E-BETA/E-BETA Hartree energy =            9.303815198570
      E-ALPHA/E-BETA Hartree energy =           19.315284259198
                                     _________________________
               Total Hartree energy =           40.003836425198
 
  Exchange(HF) energy: 
 ----------------------
 
            E-ALPHA Exchange energy =           -5.393714187311
             E-BETA Exchange energy =           -4.902231306761
                                     _________________________
              Total Exchange energy =          -10.295945494072
 
  TOTAL ENERGY COMPONENTS: 
 ==========================
 
          TOTAL KINETIC ENERGY      =           75.346992992566
          TOTAL POTENTIAL ENERGY    =         -150.715280068127
                                     _________________________
                       TOTAL ENERGY =          -75.368287075561
 
                 VIRIAL RATIO (V/T) =            2.000282613574
 
 
  END ENERGY COMPONENTS
 
 
** TOTAL CPU Time SCF :     41.851 (s)
** TOTAL Elapsed Time SCF :      4.668 (s)
 
 We are calculating properties for E-ALPHA in the HF/KS ground state
 We are calculating properties for E-BETA in the HF/KS ground state
 
  POPULATION ANALYSES: 
 ====================
 
 MULLIKEN Population: for E-        
 ---------------------
 
                          total          spin      
 
    1      C     S       1.950235      -0.002211
    2      C     S       1.064211       0.052128
    3      C     S       0.243369       0.018188
    4      C     S       0.662940      -0.051250
    5      C     S       0.029941       0.000887
    6      C    Px       0.270315       0.270315
    7      C    Py       0.270315       0.270315
    8      C    Pz       0.000014      -0.000014
    9      C    Px       0.458945       0.458945
   10      C    Py       0.458945       0.458945
   11      C    Pz       0.000026      -0.000027
   12      C    Px       0.216971       0.216971
   13      C    Py       0.216971       0.216971
   14      C    Pz       0.000038      -0.000033
   15      C    Px       0.008086       0.008086
   16      C    Py       0.008086       0.008086
   17      C    Pz       0.000016      -0.000015
   18      C   Dxx       0.006695       0.010520
   19      C   Dxy       0.000000      -0.000000
   20      C   Dxz      -0.000000      -0.000000
   21      C   Dyy       0.006695       0.010520
   22      C   Dyz      -0.000000      -0.000000
   23      C   Dzz       0.004966      -0.016559
   24      C   Dxx       0.011656       0.014377
   25      C   Dxy       0.000000       0.000000
   26      C   Dxz       0.000001       0.000001
   27      C   Dyy       0.011656       0.014377
   28      C   Dyz       0.000001       0.000001
   29      C   Dzz       0.012841      -0.036207
   30      C   Dxx      -0.001549      -0.003136
   31      C   Dxy       0.000000      -0.000000
   32      C   Dxz       0.000007       0.000007
   33      C   Dyy      -0.001549      -0.003136
   34      C   Dyz       0.000007       0.000007
   35      C   Dzz      -0.002193      -0.008418
   36      C  Fxxx       0.011489       0.011489
   37      C  Fxxy       0.003830       0.003830
   38      C  Fxxz       0.000000       0.000000
   39      C  Fxyy       0.003830       0.003830
   40      C  Fxyz      -0.000000       0.000000
   41      C  Fxzz       0.003086       0.003086
   42      C  Fyyy       0.011489       0.011489
   43      C  Fyyz       0.000000       0.000000
   44      C  Fyzz       0.003086       0.003086
   45      C  Fzzz       0.000002      -0.000001
   46      C  Fxxx       0.016970       0.016970
   47      C  Fxxy       0.005657       0.005657
   48      C  Fxxz      -0.000000       0.000001
   49      C  Fxyy       0.005657       0.005657
   50      C  Fxyz       0.000000      -0.000000
   51      C  Fxzz       0.004645       0.004645
   52      C  Fyyy       0.016970       0.016970
   53      C  Fyyz      -0.000000       0.000001
   54      C  Fyzz       0.004645       0.004645
   55      C  Fzzz       0.000003      -0.000003
   56      C     S       1.950787       0.000886
   57      C     S       0.974141      -0.024710
   58      C     S       0.218183      -0.007115
   59      C     S       0.703403       0.008712
   60      C     S       0.071701       0.011266
   61      C    Px       0.186411      -0.014069
   62      C    Py       0.186354      -0.013293
   63      C    Pz       0.200000      -0.200000
   64      C    Px       0.337137      -0.023452
   65      C    Py       0.337042      -0.022050
   66      C    Pz       0.359744      -0.359744
   67      C    Px       0.312639      -0.002821
   68      C    Py       0.312630      -0.001521
   69      C    Pz       0.314705      -0.314705
   70      C    Px       0.124679       0.033516
   71      C    Py       0.124820       0.034035
   72      C    Pz       0.091164      -0.091164
   73      C   Dxx       0.005492       0.005822
   74      C   Dxy       0.001434       0.000079
   75      C   Dxz       0.000000       0.000000
   76      C   Dyy       0.005494       0.005902
   77      C   Dyz       0.000000       0.000000
   78      C   Dzz       0.005628      -0.013451
   79      C   Dxx       0.012781       0.015988
   80      C   Dxy       0.005115       0.000553
   81      C   Dxz      -0.000000       0.000000
   82      C   Dyy       0.012797       0.016179
   83      C   Dyz      -0.000000       0.000000
   84      C   Dzz       0.011516      -0.029464
   85      C   Dxx       0.007424       0.007773
   86      C   Dxy       0.002272       0.000675
   87      C   Dxz       0.000000       0.000000
   88      C   Dyy       0.007441       0.007835
   89      C   Dyz       0.000000       0.000000
   90      C   Dzz       0.004392      -0.006929
   91      C  Fxxx       0.007623       0.001894
   92      C  Fxxy       0.007437       0.000596
   93      C  Fxxz       0.001908      -0.001908
   94      C  Fxyy       0.007435       0.000597
   95      C  Fxyz       0.000054      -0.000054
   96      C  Fxzz       0.002597      -0.001754
   97      C  Fyyy       0.007630       0.001956
   98      C  Fyyz       0.001898      -0.001898
   99      C  Fyzz       0.002589      -0.001743
  100      C  Fzzz       0.013031      -0.013031
  101      C  Fxxx       0.006631       0.005187
  102      C  Fxxy       0.012773       0.002193
  103      C  Fxxz       0.000487      -0.000487
  104      C  Fxyy       0.012766       0.002208
  105      C  Fxyz       0.000144      -0.000144
  106      C  Fxzz       0.002083      -0.003383
  107      C  Fyyy       0.006656       0.005279
  108      C  Fyyz       0.000467      -0.000467
  109      C  Fyzz       0.002068      -0.003374
  110      C  Fzzz       0.016384      -0.016384
 
                           __________     __________
              Total =       13.000000       1.000000
 
  Atomic MULLIKEN Population: for E-        
            C                6.000015       1.999986
            C                6.999985      -0.999986
 
 ...end of MULLIKEN Population
 
 
 END POPULATION ANALYSES 
 
 
  POPULATION ANALYSES: 
 ====================
 
 LOWDIN Population: for E-        
 ---------------------
 
                          total          spin      
 
    1      C     S       1.610664      -0.000628
    2      C     S       0.592044       0.015037
    3      C     S       0.417303       0.013328
    4      C     S       0.308275      -0.012431
    5      C     S       0.091738      -0.009273
    6      C    Px       0.251569       0.251569
    7      C    Py       0.251569       0.251569
    8      C    Pz       0.000013      -0.000013
    9      C    Px       0.213169       0.213169
   10      C    Py       0.213169       0.213169
   11      C    Pz       0.000014      -0.000014
   12      C    Px       0.116761       0.116761
   13      C    Py       0.116761       0.116761
   14      C    Pz       0.000019      -0.000016
   15      C    Px       0.020025       0.020025
   16      C    Py       0.020025       0.020025
   17      C    Pz       0.000014      -0.000013
   18      C   Dxx       0.168779       0.017987
   19      C   Dxy       0.000000      -0.000000
   20      C   Dxz       0.000000       0.000000
   21      C   Dyy       0.168779       0.017987
   22      C   Dyz       0.000000       0.000000
   23      C   Dzz       0.167133      -0.010934
   24      C   Dxx       0.141657       0.006967
   25      C   Dxy       0.000000      -0.000000
   26      C   Dxz       0.000001       0.000001
   27      C   Dyy       0.141657       0.006967
   28      C   Dyz       0.000001       0.000001
   29      C   Dzz       0.141993      -0.031608
   30      C   Dxx       0.016516      -0.002452
   31      C   Dxy       0.000000      -0.000000
   32      C   Dxz       0.000007       0.000007
   33      C   Dyy       0.016516      -0.002452
   34      C   Dyz       0.000007       0.000007
   35      C   Dzz       0.016860      -0.008414
   36      C  Fxxx       0.136036       0.136036
   37      C  Fxxy       0.059193       0.059193
   38      C  Fxxz       0.000004      -0.000004
   39      C  Fxyy       0.059193       0.059193
   40      C  Fxyz       0.000000       0.000000
   41      C  Fxzz       0.058490       0.058490
   42      C  Fyyy       0.136036       0.136036
   43      C  Fyyz       0.000004      -0.000004
   44      C  Fyzz       0.058490       0.058490
   45      C  Fzzz       0.000009      -0.000009
   46      C  Fxxx       0.078894       0.078894
   47      C  Fxxy       0.033272       0.033272
   48      C  Fxxz       0.000004      -0.000003
   49      C  Fxyy       0.033272       0.033272
   50      C  Fxyz       0.000000      -0.000000
   51      C  Fxzz       0.032584       0.032584
   52      C  Fyyy       0.078894       0.078894
   53      C  Fyyz       0.000004      -0.000003
   54      C  Fyzz       0.032584       0.032584
   55      C  Fzzz       0.000012      -0.000011
   56      C     S       1.609867       0.000236
   57      C     S       0.562710      -0.008315
   58      C     S       0.397456      -0.006059
   59      C     S       0.321056       0.003469
   60      C     S       0.117156       0.007426
   61      C    Px       0.170723      -0.013828
   62      C    Py       0.170667      -0.013118
   63      C    Pz       0.184075      -0.184075
   64      C    Px       0.163672      -0.009626
   65      C    Py       0.163633      -0.008941
   66      C    Pz       0.174047      -0.174047
   67      C    Px       0.173169       0.005737
   68      C    Py       0.173195       0.006463
   69      C    Pz       0.168177      -0.168177
   70      C    Px       0.114735       0.026004
   71      C    Py       0.114844       0.026482
   72      C    Pz       0.088779      -0.088779
   73      C   Dxx       0.154221       0.003181
   74      C   Dxy       0.001613       0.000090
   75      C   Dxz       0.000000       0.000000
   76      C   Dyy       0.154224       0.003272
   77      C   Dyz       0.000000       0.000000
   78      C   Dzz       0.154182      -0.018756
   79      C   Dxx       0.146958       0.013705
   80      C   Dxy       0.004769       0.000565
   81      C   Dxz       0.000000       0.000000
   82      C   Dyy       0.146974       0.013861
   83      C   Dyz       0.000000       0.000000
   84      C   Dzz       0.145383      -0.023309
   85      C   Dxx       0.027593       0.007044
   86      C   Dxy       0.002439       0.000651
   87      C   Dxz       0.000000       0.000000
   88      C   Dyy       0.027606       0.007092
   89      C   Dyz       0.000000       0.000000
   90      C   Dzz       0.025792      -0.004155
   91      C  Fxxx       0.101209      -0.005295
   92      C  Fxxy       0.048953      -0.002236
   93      C  Fxxz       0.046352      -0.046352
   94      C  Fxyy       0.048963      -0.002408
   95      C  Fxyz       0.000062      -0.000062
   96      C  Fxzz       0.044181      -0.004720
   97      C  Fyyy       0.101188      -0.004849
   98      C  Fyyz       0.046342      -0.046342
   99      C  Fyzz       0.044161      -0.004536
  100      C  Fzzz       0.112494      -0.112494
  101      C  Fxxx       0.094235       0.002675
  102      C  Fxxy       0.048160       0.001708
  103      C  Fxxz       0.039689      -0.039689
  104      C  Fxyy       0.048155       0.001554
  105      C  Fxyz       0.000136      -0.000136
  106      C  Fxzz       0.040957      -0.002170
  107      C  Fyyy       0.094249       0.003104
  108      C  Fyyz       0.039675      -0.039675
  109      C  Fyzz       0.040949      -0.002000
  110      C  Fzzz       0.100163      -0.100163
 
                           __________     __________
              Total =       13.000000       1.000000
 
  Atomic LOWDIN Population: for E-        
            C                6.000010       1.999991
            C                6.999990      -0.999991
 
 ...end of LOWDIN Population
 
 
 END POPULATION ANALYSES 
 
 
  EXPECTED POSITIONS OF QUANTUM SPECIES:
 ======================
 
 POSITIONS IN ANGSTROMS
 ------
 
                        <x>      <y>      <z>         
            E-ALPHA  -0.0000  -0.0000  29.9941
             E-BETA   0.0000   0.0000  39.9889
 
 END EXPECTED POSITIONS
 
 
  ELECTROSTATIC MOMENTS:
 ======================
 
 
 DIPOLE: (A.U.)
 ------
 
                           <Dx>         <Dy>         <Dz>          |D|
            E-ALPHA   0.00000002   0.00000002 -56.68070260
             E-BETA  -0.00000001  -0.00000001 -75.56813288
    Point charges:    0.00000000   0.00000000 113.38355926
                     ____________________________
      Total Dipole:   0.00000002   0.00000002 -18.86527622  18.86527622
 
 DIPOLE: (DEBYE)
 ------
 
                           <Dx>         <Dy>         <Dz>          |D|
            E-ALPHA   0.00000006   0.00000006-144.06795702
             E-BETA  -0.00000002  -0.00000002-192.07501002
    Point charges:    0.00000000   0.00000000 288.19222404
                     ____________________________
      Total Dipole:   0.00000004   0.00000004 -47.95074299  47.95074299
 
 QUADRUPOLE NON-TRACELESS: (DEBYE ANGS)
 ------
 
                           <xx>         <yy>         <zz>         <xy>         <xz>         <yz>
            E-ALPHA  -11.45586195  -11.46608875-1447.76194976    2.45859899   -0.00000645   -0.00000644
             E-BETA   -7.93374200   -7.92573569-1931.24107121   -1.92477694    0.00000059    0.00000059
    Point charges:     0.00000000    0.00000000 2881.92191167    0.00000000    0.00000000    0.00000000
  Total Quadrupole:  -19.38960395  -19.39182444 -497.08110930    0.53382204   -0.00000586   -0.00000585
                     ____________________________
 
 END ELECTROSTATIC MOMENTS
 
 
 BEGIN FOUR-INDEX INTEGRALS TRANFORMATION:
 ========================================
 Selected method: C         
 
 --------------------------------------------------
    4N^5 Algorithm Four-index integral tranformation
 --------------------------------------------------
 
 Integrals transformation for: E-ALPHA
 
              Transformation boundaries 
                 orbital lower upper
                       p     1     7
                       q     8   110
                       r     1     7
                       s     8   110
 
         Loading AO integrals time(s):  0.743E-02
      Integral transformation time(s):  0.160E+01
       Non-zero transformed integrals:       275838
 
 Inter-species integrals transformation for: E-ALPHA/E-BETA
 
              Transformation boundaries 
                 orbital lower upper
                       p     1     6
                       q     7   110
                       r     1     7
                       s     8   110
 
         Loading AO integrals time(s):  0.153E-01
      Integral transformation time(s):  0.723E+01
 Non zero transformed coupling integrals:       120246
 
 Integrals transformation for: E-BETA
 
              Transformation boundaries 
                 orbital lower upper
                       p     1     6
                       q     7   110
                       r     1     6
                       s     7   110
 
         Loading AO integrals time(s):  0.707E-02
      Integral transformation time(s):  0.116E+01
       Non-zero transformed integrals:       118248
 
** TOTAL Elapsed Time for integrals transformation :     10.290 (s)
 
 
  POST HARTREE-FOCK CALCULATION
  MANY-BODY PERTURBATION THEORY:
 ==============================
 
              MOLLER-PLESSET FORMALISM 
               ORDER OF CORRECTION =     2
 
                E(0) + E(1) =     -75.368287075561
                       E(2) =      -0.191008682091
                             ____________________
                     E(MP2) =     -75.559295757652
 
              -----------------------------------
               E(n){ Specie }     E(n) / Hartree 
              -----------------------------------
 
            E(2){ E-ALPHA } =      -0.019228933552
             E(2){ E-BETA } =      -0.016195143116
 
     E(2){ E-ALPHA/E-BETA } =      -0.155584605423
 
** TOTAL CPU Time HF-MBPT :      1.043 (s)
** TOTAL Elapsed Time HF-MBPT :      0.410 (s)
 

  TOTAL CPU Time:      0.502 (s)
 TOTAL Wall Time:     15.501 (s)
  Elapsed Time:   0h  0m 15s 502ms
LOWDIN execution terminated normally at : Thu Feb 27 18:20:26 2025
-rw-rw-r-- 1 pohl pohl 6.9M feb 27 18:20 0E-ALPHA.E-BETA.ints
-rw-rw-r-- 1 pohl pohl 3.5M feb 27 18:20 0E-ALPHA.ints
-rw-rw-r-- 1 pohl pohl 6.9M feb 27 18:20 1E-ALPHA.E-BETA.ints
-rw-rw-r-- 1 pohl pohl 3.5M feb 27 18:20 1E-ALPHA.ints
-rw-rw-r-- 1 pohl pohl 6.9M feb 27 18:20 2E-ALPHA.E-BETA.ints
-rw-rw-r-- 1 pohl pohl 3.5M feb 27 18:20 2E-ALPHA.ints
-rw-rw-r-- 1 pohl pohl 6.2M feb 27 18:20 3E-ALPHA.E-BETA.ints
-rw-rw-r-- 1 pohl pohl 3.5M feb 27 18:20 3E-ALPHA.ints
-rw-rw-r-- 1 pohl pohl 6.2M feb 27 18:20 4E-ALPHA.E-BETA.ints
-rw-rw-r-- 1 pohl pohl 3.5M feb 27 18:20 4E-ALPHA.ints
-rw-rw-r-- 1 pohl pohl 6.2M feb 27 18:20 5E-ALPHA.E-BETA.ints
-rw-rw-r-- 1 pohl pohl 3.5M feb 27 18:20 5E-ALPHA.ints
-rw-rw-r-- 1 pohl pohl 6.9M feb 27 18:20 6E-ALPHA.E-BETA.ints
-rw-rw-r-- 1 pohl pohl 3.5M feb 27 18:20 6E-ALPHA.ints
-rw-rw-r-- 1 pohl pohl 6.9M feb 27 18:20 7E-ALPHA.E-BETA.ints
-rw-rw-r-- 1 pohl pohl 3.5M feb 27 18:20 7E-ALPHA.ints
-rw-rw-r-- 1 pohl pohl 6.9M feb 27 18:20 8E-ALPHA.E-BETA.ints
-rw-rw-r-- 1 pohl pohl 3.5M feb 27 18:20 8E-ALPHA.ints
-rw-rw-r-- 1 pohl pohl  258 feb 27 18:20 c_step_17
-rw-rw-r-- 1 pohl pohl 1.1K feb 27 18:20 c_step_17.aux
-rw-rw-r-- 1 pohl pohl  266 feb 27 18:20 c_step_17.lowdin
-rw-rw-r-- 1 pohl pohl  80K feb 27 18:20 c_step_17.out
-rw-rw-r-- 1 pohl pohl 192K feb 27 18:20 c_step_17.vec
-rw-rw-r-- 1 pohl pohl   12 feb 27 18:20 E-ALPHA.E-BETA.nints
-rw-rw-r-- 1 pohl pohl 7.6M feb 27 18:20 E-ALPHAmoint.dat
-rw-rw-r-- 1 pohl pohl 3.5M feb 27 18:20 E-BETA.E-ALPHAmoint.dat
-rw-rw-r-- 1 pohl pohl 7.6M feb 27 18:20 E-BETAmoint.dat
-rw-rw-r-- 1 pohl pohl   65 feb 27 18:20 gepol.inp
-rw-rw-r-- 1 pohl pohl  182 feb 27 18:20 gepol.xyzr
-rw-rw-r-- 1 pohl pohl  13K feb 27 18:20 lowdin.bas
-rw-rw-r-- 1 pohl pohl  16K feb 27 18:20 lowdin.dat
-rw-rw-r-- 1 pohl pohl 2.3M feb 27 18:20 lowdin.opints
-rw-rw-r-- 1 pohl pohl  46K feb 27 18:20 lowdin.sys
-rw-rw-r-- 1 pohl pohl 2.1M feb 27 18:20 lowdin.wfn
