Begin job by input: c_step_31.lowdin, for user:   at  jue 27 feb 2025 18:23:55 -05
under operating system Linux helios 5.19.0-46-generic #47-Ubuntu SMP PREEMPT_DYNAMIC Fri Jun 16 13:30:11 UTC 2023 x86_64 x86_64 x86_64 GNU/Linux
Compilation information
  commit: f31d3924f6ee2ce9d77f07edcc1ba27359319d14
  compilation date:  mar 17 sep 2024 16:16:17 -05

BEGIN INPUT INFO:
------------------------------------

GEOMETRY
	e-(C)	AUG-CC-PVTZ 0.0 0.0 0.0  multiplicity=2 addParticles=1 
	e-(C)	AUG-CC-PVTZ 0.0 0.0 17.0
	C	Dirac 0 0.0 0.0
	C	Dirac 0.0 0.0 17.0
END GEOMETRY

TASKS
        method = "UHF"
	mollerPlessetCorrection=2
END TASKS

CONTROL
	units="ANGS"
END CONTROL






... END INPUT INFO


 LOWDIN execution started at : Thu Feb 27 18:23:55 2025
 ---------------------------------------------------------------
 
 ***************************************************************
 *                   LOWDIN 2.0  (May/2013)                    *
 *                                                             *
 *  R. FLORES-MORENO, E. F. POSADA, F. S. MONCADA, J.ROMERO,   *
 *  J. CHARRY, M. DIAZ-TINOCO, S. A. GONZALEZ, N. F. AGUIRRE,  *
 *  A. REYES                                                   *
 *                                                             *
 *  https://sites.google.com/site/lowdinproject/               *
 *                                                             *
 ***************************************************************
 
 PARSING INPUT... DONE!
 
 LOWDIN IS RUNNING WITH NEXT PARAMETERS: 
 ----------------------------------------
 
         METHOD TYPE:  UHF
         NUMBER OF CORES:     9
         MOLLER PLESSET CORRECTION:      2
         NONELECTRONIC DENSITY GUESS: HCORE
         ELECTRONIC DENSITY GUESS: HCORE
         CRITERIUM OF CONVERGENCE: ENERGY
         NONELECTRONIC ENERGY TOLERANCE IN SCFs:     0.10000E-07
         ELECTRONIC ENERGY TOLERANCE IN SCFs:     0.10000E-07
         TOTAL ENERGY TOLERANCE IN SCFs:     0.10000E-07
         SCHEME OF ITERATION: GLOBAL ITERATIONS
         SCF MAX. SUBITERATIONS - NONELECTRONS :     1
         SCF MAX. SUBITERATIONS - ELECTRONS :     1
         SCF MAX. ITERATIONS - INTERSPECIES :   200
         INTEGRAL STORAGE: DISK
         STACK SIZE FOR ERIS : 30000
         METHOD OF SCF CONVERGENCE: DAMPING
 
  MOLECULAR SYSTEM: c_step_31
 -----------------
 
    DESCRIPTION   : c_step_31
    CHARGE        :   0
    PUNTUAL GROUP : NONE
 
 
  INFORMATION OF PARTICLES :
 =========================
         Total number of particles   =      15
         Number of quantum particles =      13
         Number of puntual charges   =       2
         Number of quantum species   =       2
 
                 INFORMATION OF QUANTUM SPECIES 
    ----------------------------------------------------------------------
         ID      Symbol            mass     charge      omega     spin     multiplicity
    ----------------------------------------------------------------------
         1        E-ALPHA         1.0000     -1.00      0.00      0.50      2.00
         2         E-BETA         1.0000     -1.00      0.00      0.50      2.00
 
                   CONSTANTS OF COUPLING 
      ------------------------------------------------------------
              Symbol      kappa        eta     lambda occupation
      ------------------------------------------------------------
             E-ALPHA      -1.00       1.00       1.00       7.00
              E-BETA      -1.00       1.00       1.00       6.00
 
                   BASIS SET FOR SPECIES 
      ------------------------------------------------------------
           Symbol          N. Basis     N. Particles     Basis Set
      ------------------------------------------------------------
            E-ALPHA           28                7     AUG-CC-PVT
             E-BETA           28                6     AUG-CC-PVT
 
                                ATOMIC BASIS
         ------------------------------------------------------------
          PRIMITIVE   SHELL             EXPONENT         COEFFICIENT 
         ------------------------------------------------------------
 
    BEGIN DESCRIPTION OF BASIS FOR: E-ALP
    ==============================
 
 
             C BASIS SET:    AUG-CC-PVTZ
             1         S             8236.00000000          0.00053100
             2         S             1235.00000000          0.00410800
             3         S              280.80000000          0.02108700
             4         S               79.27000000          0.08185300
             5         S               25.59000000          0.23481700
             6         S                8.99700000          0.43440100
             7         S                3.31900000          0.34612900
             8         S                0.36430000         -0.00898300
             1         S             8236.00000000         -0.00011300
             2         S             1235.00000000         -0.00087800
             3         S              280.80000000         -0.00454000
             4         S               79.27000000         -0.01813300
             5         S               25.59000000         -0.05576000
             6         S                8.99700000         -0.12689500
             7         S                3.31900000         -0.17035200
             8         S                0.36430000          0.59868400
             1         S                0.90590000          1.00000000
             1         S                0.12850000          1.00000000
             1         S                0.04402000          1.00000000
             1         P               18.71000000          0.01403100
             2         P                4.13300000          0.08686600
             3         P                1.20000000          0.29021600
             1         P                0.38270000          1.00000000
             1         P                0.12090000          1.00000000
             1         P                0.03569000          1.00000000
             1         D                1.09700000          1.00000000
             1         D                0.31800000          1.00000000
             1         D                0.10000000          1.00000000
             1         F                0.76100000          1.00000000
             1         F                0.26800000          1.00000000
 
             C BASIS SET:    AUG-CC-PVTZ
             1         S             8236.00000000          0.00053100
             2         S             1235.00000000          0.00410800
             3         S              280.80000000          0.02108700
             4         S               79.27000000          0.08185300
             5         S               25.59000000          0.23481700
             6         S                8.99700000          0.43440100
             7         S                3.31900000          0.34612900
             8         S                0.36430000         -0.00898300
             1         S             8236.00000000         -0.00011300
             2         S             1235.00000000         -0.00087800
             3         S              280.80000000         -0.00454000
             4         S               79.27000000         -0.01813300
             5         S               25.59000000         -0.05576000
             6         S                8.99700000         -0.12689500
             7         S                3.31900000         -0.17035200
             8         S                0.36430000          0.59868400
             1         S                0.90590000          1.00000000
             1         S                0.12850000          1.00000000
             1         S                0.04402000          1.00000000
             1         P               18.71000000          0.01403100
             2         P                4.13300000          0.08686600
             3         P                1.20000000          0.29021600
             1         P                0.38270000          1.00000000
             1         P                0.12090000          1.00000000
             1         P                0.03569000          1.00000000
             1         D                1.09700000          1.00000000
             1         D                0.31800000          1.00000000
             1         D                0.10000000          1.00000000
             1         F                0.76100000          1.00000000
             1         F                0.26800000          1.00000000
    ... END DESCRIPTION OF BASIS
 
 
  END INFORMATION OF PARTICLES
 
 
  INFORMATION OF THE QUANTUM SYSTEM 
     ---------------------------------------------------------------------
                 ID     Occupied Orbitals     Basis size
     ---------------------------------------------------------------------
            E-ALPHA            7              110
             E-BETA            6              110
 
  END INFORMATION OF QUANTUM SYSTEM
 
                       INITIAL GEOMETRY: AMSTRONG
                 -----------------------------------
                       <x>                 <y>                 <z>
  E-ALPHAC        0.0000000000        0.0000000000        0.0000000000
  E-ALPHAC        0.0000000000        0.0000000000       17.0000000000
         C        0.0000000000        0.0000000000        0.0000000000
         C        0.0000000000        0.0000000000       17.0000000000
 
                     MATRIX OF DISTANCE: ANGSTROM
                 -----------------------------------
                          C(1)           C(2)      
 
        C(1)             0.000000      17.000000
        C(2)            17.000000       0.000000
 
--------------------------------------------------------------------------------
** PROGRAM: SCF (Hartree Fock).     Author: S.A. Gonzalez, E. Posada, F. Moncada
--------------------------------------------------------------------------------
INFO: RUNNING IN UHF MODE.
 
----------------------------------------------------------------------
** PROGRAM INTS                          Author: E. F. Posada, 2013   
----------------------------------------------------------------------
INFO: RUNNING IN ONE_PARTICLE MODE.
 
 Number of Overlap integrals for species E-ALPHA:  12100
 Number of Overlap integrals for species E-BETA:  12100
 Number of Kinetic integrals for species E-ALPHA:  12100
 Number of Kinetic integrals for species E-BETA:  12100
 Number of Nuclear integrals for species E-ALPHA:  12100
 Number of Nuclear integrals for species E-BETA:  12100
 Number of Moment integrals for species E-ALPHA:  36300
 Number of Moment integrals for species E-BETA:  36300
 
** TOTAL CPU Time INTS :      0.724 (s)
** TOTAL Elapsed Time INTS :      0.228 (s)
 
       Usign  HCORE density guess for species:    E-ALPHA
     number of    E-ALPHA     particles in guess density matrix:     7.000000
       Usign  HCORE density guess for species:     E-BETA
     number of     E-BETA     particles in guess density matrix:     6.000000
 Number of unique integrals for species: 1 = 902206
 Number of unique integrals for species: 1 / 2 = 1801332 Screened: 86152
 
 TWO-BODY INTEGRAL SETUP: 
------------------------- 
 Storage:   DISK
 Scheme: LIBINT
 Stack size:  30000
 
 LIBINT library, Fermann, J. T.; Valeev, F. L. 2010                   
 LOWDIN-LIBINT Implementation V. 2.1  Posada E. F. ; Reyes A. 2016   
 ----------------------------------------------------------------------

*** TOTAL CPU time intra-species integrals :      0.926 (s)
*** TOTAL elapsed time intra-species integrals :      0.158 (s)


*** TOTAL CPU time inter-species integrals :      1.904 (s)
*** TOTAL elapsed time inter-species integrals :      0.291 (s)

INFO: RUNNING SCHEME SIMULTANEOUS
 
 Begin Multi-Species SCF calculation:
 
 --------------------------------------------------------------------------------------------------
      Iteration                   Energy            Energy Change           Density Change
 --------------------------------------------------------------------------------------------------
              1         -66.861370948488          66.861370948488           0.156458281019
              2         -70.797815073368           3.936444124880           0.135328660326
              3         -74.449267150075           3.651452076707           0.026936094270
              4         -71.816476778093          -2.632790371982           0.002971073812
              5         -72.293663543431           0.477186765338           0.011278556438
              6         -75.252681467860           2.959017924429           0.009009344805
              7         -75.251580100546          -0.001101367314           0.007145481092
              8         -75.339455868895           0.087875768348           0.000935180887
              9         -75.344859074722           0.005403205828           0.000355484671
             10         -75.345704210910           0.000845136188           0.000179364980
             11         -75.345921679440           0.000217468529           0.000109192229
             12         -75.345995833010           0.000074153570           0.000075028560
             13         -75.346027180687           0.000031347677           0.000055740470
             14         -75.346042882046           0.000015701359           0.000043426222
             15         -75.346051860851           0.000008978806           0.000034961155
             16         -75.346057506232           0.000005645381           0.000028751850
             17         -75.346061279047           0.000003772815           0.000023962958
             18         -75.346063892921           0.000002613874           0.000020134928
             19         -75.346065740795           0.000001847875           0.000017000611
             20         -75.346067061615           0.000001320820           0.000014395890
             21         -75.346068011333           0.000000949717           0.000012211380
             22         -75.346068696395           0.000000685062           0.000010369207
             23         -75.346069191393           0.000000494999           0.000008810528
             24         -75.346069549379           0.000000357985           0.000007489038
             25         -75.346069808391           0.000000259012           0.000006367248
             26         -75.346069995832           0.000000187441           0.000005414246
             27         -75.346070131487           0.000000135655           0.000004604254
             28         -75.346070229662           0.000000098176           0.000003915611
             29         -75.346070300710           0.000000071048           0.000003330035
             30         -75.346070352123           0.000000051413           0.000002832050
             31         -75.346070389325           0.000000037202           0.000002408531
             32         -75.346070416241           0.000000026916           0.000002048334
             33         -75.346070435715           0.000000019473           0.000001741988
             34         -75.346070449803           0.000000014088           0.000001481444
             35         -75.346070459994           0.000000010191           0.000001259856
             36         -75.346070467366           0.000000007372           0.000001071401
 Total energy converged after  36 global iterations                                                  
 
 ...end Multi-Species SCF calculation
 
 
 Begin SCF calculation by: E-ALPHA
 -------------------------
 
 -----------------------------------------------------------------------------------
 Iteration                   Energy           Density Change         DIIS Error 
 -----------------------------------------------------------------------------------
    1         -34.526947457774           0.058316802838                 -- 
    2         -32.860573596667           0.014279670428                 -- 
    3         -25.881996515029           0.001389368440                 -- 
    4         -27.981241773046           0.005793151095                 -- 
    5         -29.059556465779           0.002516130753                 -- 
    6         -30.395429480180           0.001039676250                 -- 
    7         -29.676299097973           0.000330775162                 -- 
    8         -29.613545065292           0.000129909977                 -- 
    9         -29.587307270723           0.000070294905                 -- 
   10         -29.573493779176           0.000044151852                 -- 
   11         -29.562153189741           0.000031595991                 -- 
   12         -29.554560604299           0.000022983262                 -- 
   13         -29.548695913887           0.000017684191                 -- 
   14         -29.544244685538           0.000013942153                 -- 
   15         -29.540710789877           0.000011316234                 -- 
   16         -29.537872456442           0.000009331213                 -- 
   17         -29.535550409942           0.000007788180                 -- 
   18         -29.533631635717           0.000006545713                 -- 
   19         -29.532032135552           0.000005527047                 -- 
   20         -29.530691066699           0.000004679991                 -- 
   21         -29.529561795251           0.000003969897                 -- 
   22         -29.528608029196           0.000003371314                 -- 
   23         -29.527800775597           0.000002865014                 -- 
   24         -29.527116517873           0.000002435812                 -- 
   25         -29.526535916988           0.000002071455                 -- 
   26         -29.526042918781           0.000001761868                 -- 
   27         -29.525624099631           0.000001498670                 -- 
   28         -29.525268178447           0.000001274833                 -- 
   29         -29.524965640036           0.000001084433                 -- 
   30         -29.524708438141           0.000000922458                 -- 
   31         -29.524489756449           0.000000784660                 -- 
   32         -29.524303813388           0.000000667428                 -- 
   33         -29.524145700834           0.000000567694                 -- 
   34         -29.524011249699           0.000000482851                 -- 
   35         -29.523896917228           0.000000410676                 -- 
 
 ... end SCF calculation
 
 Begin SCF calculation by: E-BETA
 -------------------------
 
 -----------------------------------------------------------------------------------
 Iteration                   Energy           Density Change         DIIS Error 
 -----------------------------------------------------------------------------------
    1         -32.175543486874           0.077011857487                 -- 
    2         -29.888857106615           0.012656423842                 -- 
    3         -24.471512786712           0.001581705372                 -- 
    4         -26.624278077513           0.005485405343                 -- 
    5         -27.096001279430           0.006493214052                 -- 
    6         -27.628612959647           0.006105804842                 -- 
    7         -27.583296444924           0.000604405725                 -- 
    8         -27.574954039210           0.000225574694                 -- 
    9         -27.586588692070           0.000109070075                 -- 
   10         -27.598522212899           0.000065040376                 -- 
   11         -27.605764925967           0.000043432569                 -- 
   12         -27.611707320970           0.000032757207                 -- 
   13         -27.616037964576           0.000025742031                 -- 
   14         -27.619439722306           0.000021019002                 -- 
   15         -27.622099871937           0.000017435616                 -- 
   16         -27.624237576569           0.000014631745                 -- 
   17         -27.625974529763           0.000012346748                 -- 
   18         -27.627405097401           0.000010454898                 -- 
   19         -27.628593548805           0.000008868842                 -- 
   20         -27.629587929879           0.000007531388                 -- 
   21         -27.630424055094           0.000006399310                 -- 
   22         -27.631129672551           0.000005439213                 -- 
   23         -27.631726659910           0.000004624025                 -- 
   24         -27.632232637236           0.000003931436                 -- 
   25         -27.632661999733           0.000003342791                 -- 
   26         -27.633026649334           0.000002842386                 -- 
   27         -27.633336510307           0.000002416941                 -- 
   28         -27.633599910116           0.000002055202                 -- 
   29         -27.633823867278           0.000001747618                 -- 
   30         -27.634014315548           0.000001486073                 -- 
   31         -27.634176282311           0.000001263674                 -- 
   32         -27.634314033228           0.000001074561                 -- 
   33         -27.634431191169           0.000000913750                 -- 
   34         -27.634530835039           0.000000777005                 -- 
   35         -27.634615582522           0.000000660725                 -- 
 
 ... end SCF calculation
 
  EIGENVALUES AND EIGENVECTORS: 
 ==============================
 
 
  Eigenvalues for: E-ALPHA
 -----------------
 
    1         -11.305979087908
    2         -10.991117968657
    3          -0.685562048930
    4          -0.449953401970
    5          -0.387312633716
    6          -0.076660856883
    7          -0.076658692091
    8           0.057306673207
    9           0.086831114225
   10           0.098956751948
   11           0.122042530228
   12           0.152526176345
   13           0.184261660764
   14           0.227596847239
   15           0.231631591532
   16           0.249354602000
   17           0.249362769696
   18           0.332998929645
   19           0.334796754550
   20           0.341857482401
   21           0.345821354212
   22           0.346616872212
   23           0.353211192013
   24           0.400348735808
   25           0.440508424432
   26           0.479267567455
   27           0.508879334625
   28           0.513676095795
   29           0.513676229375
   30           0.515546473580
   31           0.531149874304
   32           0.531152463737
   33           0.540927793831
   34           0.643235101224
   35           0.643238017569
   36           0.720964761732
   37           1.064205558472
   38           1.065212126280
   39           1.102199936818
   40           1.111221859964
   41           1.111240004213
   42           1.114846615935
   43           1.115859634797
   44           1.123759784190
   45           1.126859241451
   46           1.128948853441
   47           1.130466249409
   48           1.138205622727
   49           1.140777366607
   50           1.155809076929
   51           1.181122959556
   52           1.221252883797
   53           1.311383900016
   54           1.311383940132
   55           1.334376312275
   56           1.356536524263
   57           1.356536524771
   58           1.358786594249
   59           1.358787165008
   60           1.369361194514
   61           1.369361212935
   62           1.375838177414
   63           1.375839285428
   64           1.376724234619
   65           1.379525009702
   66           1.403744738658
   67           1.403745947004
   68           1.461909398272
   69           1.900985160334
   70           2.112630539117
   71           3.062324341557
   72           3.077914738428
   73           3.129094631270
   74           3.355296326019
   75           3.355296638118
   76           3.405227472377
   77           3.416366323617
   78           3.416480445655
   79           3.464841894088
   80           3.464948433376
   81           3.467198482358
   82           3.472885482604
   83           3.489476587331
   84           3.492949416367
   85           3.495870651830
   86           3.508312806052
   87           3.522632503980
   88           3.524631431834
   89           3.714549038523
   90           3.714549047327
   91           3.755995333908
   92           3.755995371887
   93           3.767945276812
   94           3.767945276930
   95           3.771010664168
   96           3.786799824608
   97           3.786799829114
   98           3.798661418768
   99           3.798661827251
  100           3.802751167383
  101           6.111203052766
  102           6.398254681154
  103           7.248680932525
  104           7.277618413622
  105           7.289897654933
  106           7.535886030755
  107           7.535887813286
  108           7.544884134577
  109           8.486575061669
  110           8.783916888887
 
 
  Eigenvalues for: E-BETA
 -----------------
 
    1         -11.305979090528
    2         -10.972074984339
    3          -0.685562058431
    4          -0.387312607157
    5          -0.335978512313
    6          -0.039492514527
    7           0.057306721374
    8           0.086830709399
    9           0.098956672104
   10           0.122043172936
   11           0.152526230590
   12           0.184261292524
   13           0.230340229156
   14           0.231246008647
   15           0.231253836004
   16           0.255567002497
   17           0.332998993003
   18           0.334796955319
   19           0.341857618301
   20           0.345821158732
   21           0.346616875627
   22           0.353210959647
   23           0.415160606816
   24           0.415163607016
   25           0.440508748453
   26           0.479267587137
   27           0.508879058458
   28           0.519970254800
   29           0.529042714706
   30           0.529044956806
   31           0.536760676521
   32           0.545030947179
   33           0.545031082557
   34           0.655490039565
   35           0.732989379220
   36           0.732992524723
   37           1.064205611861
   38           1.065212196954
   39           1.102199926000
   40           1.111221939064
   41           1.111240100088
   42           1.114846639561
   43           1.115859533710
   44           1.123759755545
   45           1.126859248074
   46           1.128948676436
   47           1.130466235476
   48           1.138205663534
   49           1.140777347015
   50           1.155809193375
   51           1.181122989774
   52           1.221252718676
   53           1.351422437663
   54           1.358425654067
   55           1.365628928210
   56           1.365630070865
   57           1.370625658263
   58           1.373997036866
   59           1.373998037914
   60           1.381449916842
   61           1.381449934458
   62           1.393717273964
   63           1.393717274475
   64           1.410427877845
   65           1.410427911620
   66           1.417204263652
   67           1.472700763299
   68           1.472702941860
   69           1.900985159281
   70           2.121080700811
   71           3.062324401641
   72           3.077914735008
   73           3.129094563111
   74           3.368247735610
   75           3.416366343270
   76           3.416480464595
   77           3.418003334202
   78           3.418004689507
   79           3.464841925267
   80           3.464948465549
   81           3.467198474921
   82           3.472885453489
   83           3.489476557174
   84           3.492949396357
   85           3.495870647124
   86           3.508312766107
   87           3.522632494536
   88           3.524631412300
   89           3.756027053127
   90           3.769338069560
   91           3.769338984001
   92           3.796164595460
   93           3.800192767361
   94           3.800193575402
   95           3.812445150160
   96           3.812445154428
   97           3.812972014793
   98           3.812972023190
   99           3.833918992323
  100           3.833918992437
  101           6.111203051356
  102           6.416873209401
  103           7.248680931746
  104           7.277618547918
  105           7.289897519183
  106           7.538782909722
  107           7.549652556788
  108           7.549654489081
  109           8.486575059919
  110           8.797134036923
 
  end of eigenvalues 
 
  Occupied Eigenvectors for: E-ALPHA
 --------------------------- 
 
                         -11.3060       -10.9911        -0.6856        -0.4500        -0.3873   
 
    1      C     S      -0.000000      -0.975232       0.000000       0.012414      -0.000000
    2      C     S      -0.000000       0.006115       0.000000      -0.529578      -0.000000
    3      C     S      -0.000000      -0.046554       0.000000      -0.134071       0.000000
    4      C     S       0.000000       0.014712      -0.000000      -0.380385      -0.000000
    5      C     S       0.000000       0.002924      -0.000000      -0.045827       0.000000
    6      C    Px      -0.000000       0.000000      -0.000000       0.000000      -0.000000
    7      C    Py      -0.000000      -0.000000       0.000000       0.000000       0.000000
    8      C    Pz       0.000000      -0.000000      -0.000000       0.000004       0.000000
    9      C    Px       0.000000      -0.000000       0.000000      -0.000000       0.000000
   10      C    Py       0.000000      -0.000000      -0.000000       0.000000      -0.000000
   11      C    Pz      -0.000000       0.000001      -0.000000       0.000006      -0.000000
   12      C    Px      -0.000000       0.000000       0.000000       0.000000       0.000000
   13      C    Py       0.000000      -0.000000      -0.000000       0.000000      -0.000000
   14      C    Pz      -0.000000       0.000000       0.000000      -0.000005      -0.000000
   15      C    Px       0.000000      -0.000000      -0.000000      -0.000000      -0.000000
   16      C    Py       0.000000       0.000000      -0.000000       0.000000       0.000000
   17      C    Pz       0.000000      -0.000000      -0.000000      -0.000003      -0.000000
   18      C   Dxx      -0.000000      -0.002409       0.000000      -0.011744       0.000000
   19      C   Dxy       0.000000       0.000688       0.000000       0.009115       0.000000
   20      C   Dxz      -0.000000       0.000000      -0.000000       0.000000      -0.000000
   21      C   Dyy      -0.000000      -0.000546       0.000000       0.012931       0.000000
   22      C   Dyz       0.000000       0.000000       0.000000       0.000000       0.000000
   23      C   Dzz      -0.000000      -0.002583       0.000000      -0.014053       0.000000
   24      C   Dxx      -0.000000      -0.007176       0.000000      -0.025463       0.000000
   25      C   Dxy      -0.000000      -0.000001       0.000000       0.020982      -0.000000
   26      C   Dxz       0.000000       0.000000      -0.000000       0.000000       0.000000
   27      C   Dyy      -0.000000      -0.007179       0.000000       0.031334       0.000000
   28      C   Dyz      -0.000000      -0.000000      -0.000000       0.000000      -0.000000
   29      C   Dzz      -0.000000      -0.007176       0.000000      -0.030779       0.000000
   30      C   Dxx      -0.000000      -0.002564       0.000000      -0.012941       0.000000
   31      C   Dxy       0.000000       0.000063       0.000000       0.009995       0.000000
   32      C   Dxz      -0.000000      -0.000000      -0.000000       0.000000      -0.000000
   33      C   Dyy      -0.000000      -0.002392       0.000000       0.014114       0.000000
   34      C   Dyz      -0.000000       0.000000       0.000000       0.000000       0.000000
   35      C   Dzz      -0.000000      -0.002580       0.000000      -0.015476       0.000000
   36      C  Fxxx      -0.000000       0.000000      -0.000000       0.000000      -0.000000
   37      C  Fxxy      -0.000000      -0.000000       0.000000      -0.000000       0.000000
   38      C  Fxxz       0.000000      -0.000000      -0.000000       0.000000       0.000000
   39      C  Fxyy      -0.000000       0.000000      -0.000000       0.000000      -0.000000
   40      C  Fxyz       0.000000       0.000000       0.000000      -0.000000      -0.000000
   41      C  Fxzz      -0.000000       0.000000      -0.000000       0.000000      -0.000000
   42      C  Fyyy      -0.000000       0.000000       0.000000      -0.000000       0.000000
   43      C  Fyyz       0.000000      -0.000000      -0.000000      -0.000000       0.000000
   44      C  Fyzz      -0.000000      -0.000000       0.000000       0.000000       0.000000
   45      C  Fzzz       0.000000      -0.000000      -0.000000       0.000000       0.000000
   46      C  Fxxx      -0.000000       0.000000      -0.000000       0.000000      -0.000000
   47      C  Fxxy       0.000000       0.000000       0.000000       0.000000       0.000000
   48      C  Fxxz       0.000000      -0.000000      -0.000000       0.000000      -0.000000
   49      C  Fxyy      -0.000000       0.000000      -0.000000       0.000000      -0.000000
   50      C  Fxyz      -0.000000       0.000000       0.000000       0.000000       0.000000
   51      C  Fxzz      -0.000000       0.000000      -0.000000       0.000000      -0.000000
   52      C  Fyyy      -0.000000      -0.000000       0.000000      -0.000000       0.000000
   53      C  Fyyz       0.000000      -0.000000      -0.000000       0.000001       0.000000
   54      C  Fyzz      -0.000000       0.000000       0.000000      -0.000000       0.000000
   55      C  Fzzz       0.000000      -0.000000      -0.000000       0.000001       0.000000
   56      C     S       0.975589       0.000000       0.005800       0.000000       0.000000
   57      C     S      -0.007218       0.000000      -0.562442       0.000000       0.000000
   58      C     S       0.045272       0.000000      -0.147092       0.000000      -0.000000
   59      C     S      -0.015130      -0.000000      -0.365030      -0.000000       0.000000
   60      C     S      -0.002897      -0.000000      -0.023274      -0.000000       0.000000
   61      C    Px      -0.000000       0.000000      -0.000000       0.000000      -0.345050
   62      C    Py      -0.000000       0.000000      -0.000000      -0.000000       0.100709
   63      C    Pz      -0.000024       0.000000      -0.000309       0.000000       0.000000
   64      C    Px       0.000000      -0.000000      -0.000000       0.000000      -0.451095
   65      C    Py       0.000000      -0.000000      -0.000000       0.000000       0.131660
   66      C    Pz       0.000055      -0.000000      -0.000365      -0.000000       0.000000
   67      C    Px       0.000000      -0.000000      -0.000000       0.000000      -0.287655
   68      C    Py      -0.000000      -0.000000      -0.000000      -0.000000       0.083957
   69      C    Pz       0.000024      -0.000000      -0.000852      -0.000000       0.000000
   70      C    Px      -0.000000      -0.000000       0.000000       0.000000      -0.026990
   71      C    Py       0.000000       0.000000      -0.000000      -0.000000       0.007878
   72      C    Pz      -0.000003       0.000000      -0.000126       0.000000       0.000000
   73      C   Dxx       0.003550       0.000000      -0.021904       0.000000      -0.000000
   74      C   Dxy      -0.000931      -0.000000       0.012657      -0.000000      -0.000000
   75      C   Dxz      -0.000000      -0.000000       0.000000      -0.000000      -0.000012
   76      C   Dyy       0.001022       0.000000       0.012453       0.000000      -0.000000
   77      C   Dyz      -0.000000       0.000000       0.000000       0.000000       0.000003
   78      C   Dzz       0.001895       0.000000      -0.002685       0.000000      -0.000000
   79      C   Dxx       0.007420       0.000000      -0.043778       0.000000      -0.000000
   80      C   Dxy       0.000053      -0.000000       0.024762      -0.000000      -0.000000
   81      C   Dxz      -0.000000      -0.000000       0.000000       0.000000      -0.000230
   82      C   Dyy       0.007565       0.000000       0.023438       0.000000      -0.000000
   83      C   Dyz       0.000000       0.000000       0.000000      -0.000000       0.000067
   84      C   Dzz       0.007131       0.000000      -0.004585       0.000000      -0.000000
   85      C   Dxx       0.002577       0.000000      -0.004209       0.000000      -0.000000
   86      C   Dxy      -0.000074       0.000000       0.005798       0.000000      -0.000000
   87      C   Dxz      -0.000000       0.000000       0.000000       0.000000      -0.001050
   88      C   Dyy       0.002375       0.000000       0.011529       0.000000      -0.000000
   89      C   Dyz      -0.000000      -0.000000       0.000000       0.000000       0.000306
   90      C   Dzz       0.002523       0.000000       0.009661       0.000000      -0.000000
   91      C  Fxxx      -0.000000       0.000000      -0.000000      -0.000000      -0.018509
   92      C  Fxxy      -0.000000       0.000000       0.000000      -0.000000       0.009328
   93      C  Fxxz      -0.000010       0.000000      -0.000021       0.000000       0.000000
   94      C  Fxyy      -0.000000       0.000000       0.000000      -0.000000       0.000537
   95      C  Fxyz      -0.000000       0.000000       0.000007      -0.000000       0.000000
   96      C  Fxzz       0.000000       0.000000      -0.000000      -0.000000      -0.008019
   97      C  Fyyy      -0.000000       0.000000       0.000000      -0.000000      -0.001667
   98      C  Fyyz      -0.000010       0.000000      -0.000003       0.000000      -0.000000
   99      C  Fyzz       0.000000       0.000000       0.000000      -0.000000       0.002340
  100      C  Fzzz      -0.000023       0.000000      -0.000042       0.000000       0.000000
  101      C  Fxxx      -0.000000       0.000000      -0.000000      -0.000000      -0.030869
  102      C  Fxxy       0.000000       0.000000      -0.000000      -0.000000       0.011595
  103      C  Fxxz      -0.000010       0.000000      -0.000099       0.000000       0.000000
  104      C  Fxyy      -0.000000       0.000000       0.000000      -0.000000      -0.004157
  105      C  Fxyz      -0.000000      -0.000000       0.000039      -0.000000       0.000000
  106      C  Fxzz      -0.000000       0.000000       0.000000      -0.000000      -0.012853
  107      C  Fyyy       0.000000       0.000000       0.000000      -0.000000       0.001272
  108      C  Fyyz      -0.000010       0.000000       0.000008       0.000000      -0.000000
  109      C  Fyzz       0.000000       0.000000       0.000000      -0.000000       0.003751
  110      C  Fzzz      -0.000023       0.000000      -0.000074       0.000000       0.000000
 
                          -0.0767        -0.0767   
 
    1      C     S       0.000000       0.000003
    2      C     S       0.000000       0.000012
    3      C     S       0.000000       0.000009
    4      C     S      -0.000000       0.000012
    5      C     S      -0.000000      -0.000107
    6      C    Px      -0.293678       0.000000
    7      C    Py       0.085916      -0.000000
    8      C    Pz      -0.000000      -0.305984
    9      C    Px      -0.380542       0.000000
   10      C    Py       0.111329      -0.000000
   11      C    Pz      -0.000000      -0.396487
   12      C    Px      -0.355931       0.000000
   13      C    Py       0.104129      -0.000000
   14      C    Pz      -0.000000      -0.370842
   15      C    Px      -0.163251       0.000000
   16      C    Py       0.047759      -0.000000
   17      C    Pz      -0.000000      -0.170112
   18      C   Dxx      -0.000000       0.000001
   19      C   Dxy       0.000000      -0.000000
   20      C   Dxz      -0.000000      -0.000000
   21      C   Dyy       0.000000       0.000001
   22      C   Dyz       0.000000       0.000000
   23      C   Dzz      -0.000000       0.000001
   24      C   Dxx       0.000000       0.000007
   25      C   Dxy      -0.000000       0.000000
   26      C   Dxz       0.000001       0.000000
   27      C   Dyy       0.000000       0.000007
   28      C   Dyz      -0.000000      -0.000000
   29      C   Dzz       0.000000       0.000009
   30      C   Dxx       0.000000       0.000027
   31      C   Dxy       0.000000       0.000001
   32      C   Dxz      -0.000011       0.000000
   33      C   Dyy       0.000000       0.000029
   34      C   Dyz       0.000003       0.000000
   35      C   Dzz       0.000000       0.000006
   36      C  Fxxx      -0.015044       0.000000
   37      C  Fxxy       0.006398      -0.000000
   38      C  Fxxz      -0.000000      -0.007010
   39      C  Fxyy      -0.001101       0.000000
   40      C  Fxyz       0.000000       0.002665
   41      C  Fxzz      -0.007376       0.000000
   42      C  Fyyy      -0.000128       0.000000
   43      C  Fyyz      -0.000000       0.000203
   44      C  Fyzz       0.002158       0.000000
   45      C  Fzzz      -0.000000      -0.017185
   46      C  Fxxx      -0.018651       0.000000
   47      C  Fxxy       0.012020      -0.000000
   48      C  Fxxz      -0.000000      -0.008691
   49      C  Fxyy       0.003828      -0.000000
   50      C  Fxyz       0.000000       0.005763
   51      C  Fxzz      -0.009743       0.000000
   52      C  Fyyy      -0.004338       0.000000
   53      C  Fyyz       0.000000       0.006908
   54      C  Fyzz       0.002850       0.000000
   55      C  Fzzz      -0.000000      -0.022701
   56      C     S       0.000000       0.000000
   57      C     S       0.000000       0.000000
   58      C     S       0.000000       0.000000
   59      C     S      -0.000000      -0.000000
   60      C     S      -0.000000      -0.000000
   61      C    Px      -0.000000       0.000000
   62      C    Py       0.000000       0.000000
   63      C    Pz       0.000000       0.000000
   64      C    Px       0.000000      -0.000000
   65      C    Py      -0.000000      -0.000000
   66      C    Pz      -0.000000      -0.000000
   67      C    Px       0.000000      -0.000000
   68      C    Py      -0.000000      -0.000000
   69      C    Pz      -0.000000      -0.000000
   70      C    Px      -0.000000       0.000000
   71      C    Py       0.000000      -0.000000
   72      C    Pz       0.000000       0.000000
   73      C   Dxx      -0.000000       0.000000
   74      C   Dxy       0.000000      -0.000000
   75      C   Dxz       0.000000      -0.000000
   76      C   Dyy      -0.000000       0.000000
   77      C   Dyz      -0.000000       0.000000
   78      C   Dzz      -0.000000       0.000000
   79      C   Dxx       0.000000       0.000000
   80      C   Dxy       0.000000      -0.000000
   81      C   Dxz      -0.000000       0.000000
   82      C   Dyy       0.000000       0.000000
   83      C   Dyz       0.000000      -0.000000
   84      C   Dzz       0.000000       0.000000
   85      C   Dxx       0.000000       0.000000
   86      C   Dxy       0.000000       0.000000
   87      C   Dxz       0.000000       0.000000
   88      C   Dyy       0.000000       0.000000
   89      C   Dyz      -0.000000      -0.000000
   90      C   Dzz       0.000000       0.000000
   91      C  Fxxx      -0.000000       0.000000
   92      C  Fxxy       0.000000       0.000000
   93      C  Fxxz       0.000000       0.000000
   94      C  Fxyy      -0.000000      -0.000000
   95      C  Fxyz       0.000000      -0.000000
   96      C  Fxzz      -0.000000       0.000000
   97      C  Fyyy       0.000000       0.000000
   98      C  Fyyz       0.000000       0.000000
   99      C  Fyzz       0.000000       0.000000
  100      C  Fzzz       0.000000       0.000000
  101      C  Fxxx      -0.000000       0.000000
  102      C  Fxxy       0.000000       0.000000
  103      C  Fxxz       0.000000       0.000000
  104      C  Fxyy      -0.000000       0.000000
  105      C  Fxyz      -0.000000      -0.000000
  106      C  Fxzz      -0.000000       0.000000
  107      C  Fyyy       0.000000       0.000000
  108      C  Fyyz       0.000000       0.000000
  109      C  Fyzz       0.000000       0.000000
  110      C  Fzzz       0.000000       0.000000
 
 
  Occupied Eigenvectors for: E-BETA
 --------------------------- 
 
                         -11.3060       -10.9721        -0.6856        -0.3873        -0.3360   
 
    1      C     S      -0.000000       0.976027       0.000000       0.000000      -0.014018
    2      C     S      -0.000000      -0.007677       0.000000       0.000000       0.507801
    3      C     S      -0.000000       0.044183       0.000000      -0.000000       0.127532
    4      C     S       0.000000      -0.015544      -0.000000       0.000000       0.385941
    5      C     S       0.000000      -0.002981      -0.000000      -0.000000       0.060844
    6      C    Px       0.000000      -0.000000      -0.000000      -0.000000      -0.000000
    7      C    Py      -0.000000      -0.000000       0.000000      -0.000000      -0.000000
    8      C    Pz       0.000000       0.000000      -0.000000      -0.000000       0.000004
    9      C    Px       0.000000       0.000000       0.000000       0.000000      -0.000000
   10      C    Py       0.000000       0.000000      -0.000000       0.000000       0.000000
   11      C    Pz      -0.000000       0.000000       0.000000       0.000000       0.000005
   12      C    Px      -0.000000       0.000000       0.000000       0.000000       0.000000
   13      C    Py       0.000000       0.000000      -0.000000       0.000000      -0.000000
   14      C    Pz      -0.000000       0.000000       0.000000       0.000000       0.000007
   15      C    Px       0.000000       0.000000       0.000000      -0.000000      -0.000000
   16      C    Py       0.000000      -0.000000      -0.000000      -0.000000      -0.000000
   17      C    Pz       0.000000      -0.000000      -0.000000      -0.000000       0.000003
   18      C   Dxx      -0.000000       0.001881       0.000000      -0.000000      -0.004365
   19      C   Dxy       0.000000       0.000647      -0.000000      -0.000000       0.009392
   20      C   Dxz       0.000000       0.000000      -0.000000      -0.000000       0.000000
   21      C   Dyy      -0.000000       0.003631       0.000000      -0.000000       0.021057
   22      C   Dyz      -0.000000       0.000000      -0.000000      -0.000000       0.000000
   23      C   Dzz      -0.000000       0.001717       0.000000      -0.000000      -0.006744
   24      C   Dxx      -0.000000       0.007562       0.000000      -0.000000      -0.009067
   25      C   Dxy       0.000000      -0.000019      -0.000000       0.000000       0.022727
   26      C   Dxz      -0.000000      -0.000000       0.000000       0.000000       0.000000
   27      C   Dyy      -0.000000       0.007510       0.000000      -0.000000       0.052453
   28      C   Dyz      -0.000000      -0.000000      -0.000000       0.000000       0.000000
   29      C   Dzz      -0.000000       0.007567       0.000000      -0.000000      -0.014825
   30      C   Dxx      -0.000000       0.002522       0.000000       0.000000       0.000049
   31      C   Dxy      -0.000000       0.000069      -0.000000      -0.000000       0.014779
   32      C   Dxz      -0.000000       0.000000      -0.000000      -0.000000       0.000000
   33      C   Dyy      -0.000000       0.002709       0.000000       0.000000       0.040055
   34      C   Dyz      -0.000000       0.000000       0.000000      -0.000000       0.000000
   35      C   Dzz      -0.000000       0.002504       0.000000       0.000000      -0.003694
   36      C  Fxxx      -0.000000      -0.000000      -0.000000      -0.000000       0.000000
   37      C  Fxxy      -0.000000      -0.000000       0.000000      -0.000000      -0.000000
   38      C  Fxxz       0.000000      -0.000000      -0.000000      -0.000000      -0.000000
   39      C  Fxyy      -0.000000      -0.000000      -0.000000      -0.000000       0.000000
   40      C  Fxyz      -0.000000       0.000000       0.000000       0.000000       0.000000
   41      C  Fxzz      -0.000000      -0.000000      -0.000000      -0.000000       0.000000
   42      C  Fyyy      -0.000000      -0.000000       0.000000      -0.000000      -0.000000
   43      C  Fyyz       0.000000      -0.000000      -0.000000      -0.000000       0.000000
   44      C  Fyzz      -0.000000      -0.000000       0.000000      -0.000000      -0.000000
   45      C  Fzzz       0.000000      -0.000000      -0.000000      -0.000000      -0.000000
   46      C  Fxxx      -0.000000      -0.000000      -0.000000      -0.000000      -0.000000
   47      C  Fxxy      -0.000000      -0.000000       0.000000      -0.000000      -0.000000
   48      C  Fxxz       0.000000      -0.000000      -0.000000      -0.000000      -0.000001
   49      C  Fxyy       0.000000      -0.000000      -0.000000      -0.000000      -0.000000
   50      C  Fxyz       0.000000       0.000000      -0.000000      -0.000000       0.000000
   51      C  Fxzz      -0.000000      -0.000000      -0.000000      -0.000000      -0.000000
   52      C  Fyyy      -0.000000      -0.000000       0.000000      -0.000000      -0.000000
   53      C  Fyyz       0.000000      -0.000000      -0.000000      -0.000000       0.000000
   54      C  Fyzz      -0.000000      -0.000000       0.000000      -0.000000       0.000000
   55      C  Fzzz       0.000000      -0.000000      -0.000000      -0.000000      -0.000001
   56      C     S       0.975589      -0.000000       0.005800       0.000000      -0.000000
   57      C     S      -0.007218      -0.000000      -0.562442       0.000000      -0.000000
   58      C     S       0.045272      -0.000000      -0.147092      -0.000000      -0.000000
   59      C     S      -0.015130       0.000000      -0.365030       0.000000       0.000000
   60      C     S      -0.002897       0.000000      -0.023274      -0.000000       0.000000
   61      C    Px      -0.000000      -0.000000       0.000000      -0.100709       0.000000
   62      C    Py       0.000000      -0.000000       0.000000      -0.345050      -0.000000
   63      C    Pz      -0.000024      -0.000000      -0.000314      -0.000000      -0.000000
   64      C    Px       0.000000      -0.000000       0.000000      -0.131660      -0.000000
   65      C    Py      -0.000000       0.000000       0.000000      -0.451095      -0.000000
   66      C    Pz       0.000055       0.000000      -0.000371      -0.000000       0.000000
   67      C    Px       0.000000      -0.000000      -0.000000      -0.083957      -0.000000
   68      C    Py      -0.000000       0.000000      -0.000000      -0.287655      -0.000000
   69      C    Pz       0.000024       0.000000      -0.000854      -0.000000       0.000000
   70      C    Px      -0.000000       0.000000       0.000000      -0.007877      -0.000000
   71      C    Py       0.000000      -0.000000      -0.000000      -0.026990       0.000000
   72      C    Pz      -0.000003      -0.000000      -0.000126      -0.000000      -0.000000
   73      C   Dxx       0.001022      -0.000000       0.012453      -0.000000      -0.000000
   74      C   Dxy       0.000931       0.000000      -0.012657       0.000000       0.000000
   75      C   Dxz       0.000000       0.000000      -0.000000      -0.000004      -0.000000
   76      C   Dyy       0.003550      -0.000000      -0.021904      -0.000000      -0.000000
   77      C   Dyz       0.000000      -0.000000      -0.000000      -0.000013      -0.000000
   78      C   Dzz       0.001895      -0.000000      -0.002685      -0.000000      -0.000000
   79      C   Dxx       0.007565      -0.000000       0.023438      -0.000000      -0.000000
   80      C   Dxy      -0.000053      -0.000000      -0.024762       0.000000      -0.000000
   81      C   Dxz      -0.000000      -0.000000      -0.000000      -0.000067      -0.000000
   82      C   Dyy       0.007420      -0.000000      -0.043777      -0.000000      -0.000000
   83      C   Dyz       0.000000       0.000000      -0.000000      -0.000231      -0.000000
   84      C   Dzz       0.007131      -0.000000      -0.004585      -0.000000      -0.000000
   85      C   Dxx       0.002375      -0.000000       0.011529      -0.000000      -0.000000
   86      C   Dxy       0.000074       0.000000      -0.005798      -0.000000       0.000000
   87      C   Dxz       0.000000      -0.000000      -0.000000      -0.000307      -0.000000
   88      C   Dyy       0.002577      -0.000000      -0.004209      -0.000000      -0.000000
   89      C   Dyz       0.000000       0.000000      -0.000000      -0.001050       0.000000
   90      C   Dzz       0.002523      -0.000000       0.009661      -0.000000      -0.000000
   91      C  Fxxx      -0.000000       0.000000      -0.000000       0.001667       0.000000
   92      C  Fxxy       0.000000      -0.000000       0.000000       0.000537       0.000000
   93      C  Fxxz      -0.000010      -0.000000      -0.000003       0.000000      -0.000000
   94      C  Fxyy      -0.000000       0.000000       0.000000      -0.009328      -0.000000
   95      C  Fxyz       0.000000       0.000000      -0.000007      -0.000000       0.000000
   96      C  Fxzz      -0.000000      -0.000000      -0.000000      -0.002340      -0.000000
   97      C  Fyyy       0.000000      -0.000000       0.000000      -0.018509       0.000000
   98      C  Fyyz      -0.000010      -0.000000      -0.000021      -0.000000      -0.000000
   99      C  Fyzz       0.000000      -0.000000       0.000000      -0.008019       0.000000
  100      C  Fzzz      -0.000023      -0.000000      -0.000042      -0.000000      -0.000000
  101      C  Fxxx      -0.000000       0.000000       0.000000      -0.001272       0.000000
  102      C  Fxxy       0.000000      -0.000000       0.000000      -0.004157       0.000000
  103      C  Fxxz      -0.000010      -0.000000       0.000008      -0.000000      -0.000000
  104      C  Fxyy      -0.000000       0.000000       0.000000      -0.011595       0.000000
  105      C  Fxyz       0.000000      -0.000000      -0.000040      -0.000000      -0.000000
  106      C  Fxzz      -0.000000       0.000000      -0.000000      -0.003751       0.000000
  107      C  Fyyy       0.000000      -0.000000       0.000000      -0.030869       0.000000
  108      C  Fyyz      -0.000010      -0.000000      -0.000099      -0.000000      -0.000000
  109      C  Fyzz       0.000000      -0.000000      -0.000000      -0.012853       0.000000
  110      C  Fzzz      -0.000023      -0.000000      -0.000074      -0.000000      -0.000000
 
                          -0.0395   
 
    1      C     S      -0.000000
    2      C     S       0.000000
    3      C     S       0.000000
    4      C     S      -0.000000
    5      C     S       0.000000
    6      C    Px       0.079167
    7      C    Py       0.270606
    8      C    Pz       0.000000
    9      C    Px       0.100660
   10      C    Py       0.344076
   11      C    Pz       0.000000
   12      C    Px       0.099853
   13      C    Py       0.341316
   14      C    Pz       0.000000
   15      C    Px       0.073352
   16      C    Py       0.250730
   17      C    Pz       0.000000
   18      C   Dxx      -0.000000
   19      C   Dxy       0.000000
   20      C   Dxz       0.000000
   21      C   Dyy      -0.000000
   22      C   Dyz       0.000001
   23      C   Dzz       0.000000
   24      C   Dxx       0.000000
   25      C   Dxy      -0.000000
   26      C   Dxz      -0.000000
   27      C   Dyy      -0.000000
   28      C   Dyz      -0.000000
   29      C   Dzz      -0.000000
   30      C   Dxx      -0.000000
   31      C   Dxy      -0.000000
   32      C   Dxz       0.000003
   33      C   Dyy       0.000000
   34      C   Dyz       0.000012
   35      C   Dzz      -0.000000
   36      C  Fxxx       0.001432
   37      C  Fxxy       0.003499
   38      C  Fxxz       0.000000
   39      C  Fxyy       0.007162
   40      C  Fxyz       0.000000
   41      C  Fxzz       0.000449
   42      C  Fyyy       0.020535
   43      C  Fyyz       0.000000
   44      C  Fyzz       0.001535
   45      C  Fzzz       0.000000
   46      C  Fxxx      -0.000546
   47      C  Fxxy       0.002125
   48      C  Fxxz       0.000000
   49      C  Fxyy       0.014494
   50      C  Fxyz       0.000000
   51      C  Fxzz      -0.000677
   52      C  Fyyy       0.033478
   53      C  Fyyz       0.000000
   54      C  Fyzz      -0.002313
   55      C  Fzzz      -0.000000
   56      C     S      -0.000000
   57      C     S      -0.000000
   58      C     S       0.000000
   59      C     S      -0.000000
   60      C     S      -0.000000
   61      C    Px       0.000000
   62      C    Py       0.000000
   63      C    Pz       0.000000
   64      C    Px      -0.000000
   65      C    Py      -0.000000
   66      C    Pz      -0.000000
   67      C    Px      -0.000000
   68      C    Py      -0.000000
   69      C    Pz      -0.000000
   70      C    Px       0.000000
   71      C    Py       0.000000
   72      C    Pz      -0.000000
   73      C   Dxx       0.000000
   74      C   Dxy       0.000000
   75      C   Dxz      -0.000000
   76      C   Dyy       0.000000
   77      C   Dyz      -0.000000
   78      C   Dzz       0.000000
   79      C   Dxx       0.000000
   80      C   Dxy      -0.000000
   81      C   Dxz       0.000000
   82      C   Dyy       0.000000
   83      C   Dyz       0.000000
   84      C   Dzz       0.000000
   85      C   Dxx       0.000000
   86      C   Dxy       0.000000
   87      C   Dxz      -0.000000
   88      C   Dyy       0.000000
   89      C   Dyz      -0.000000
   90      C   Dzz       0.000000
   91      C  Fxxx       0.000000
   92      C  Fxxy       0.000000
   93      C  Fxxz       0.000000
   94      C  Fxyy       0.000000
   95      C  Fxyz       0.000000
   96      C  Fxzz       0.000000
   97      C  Fyyy       0.000000
   98      C  Fyyz       0.000000
   99      C  Fyzz       0.000000
  100      C  Fzzz       0.000000
  101      C  Fxxx       0.000000
  102      C  Fxxy       0.000000
  103      C  Fxxz       0.000000
  104      C  Fxyy       0.000000
  105      C  Fxyz      -0.000000
  106      C  Fxzz       0.000000
  107      C  Fyyy       0.000000
  108      C  Fyyz       0.000000
  109      C  Fyzz       0.000000
  110      C  Fzzz       0.000000
 
 
  end of eigenvectors 
 
  END OF EIGENVALUES AND EIGENVECTORS
 
 
  COMPONENTS OF KINETIC ENERGY: 
 -----------------------------
 
             E-ALPHA Kinetic energy =           38.232198773111
              E-BETA Kinetic energy =           37.092428450375
                                     _________________________
               Total kinetic energy =           75.324627223486
 
  COMPONENTS OF POTENTIAL ENERGY: 
 -------------------------------
 
          Fixed potential energy    =            1.120610645449
 
  Quantum/Fixed interaction energy: 
 ----------------------------------
 
     E-ALPHA/Fixed interact. energy =          -92.614833819181
      E-BETA/Fixed interact. energy =          -87.943524383313
                                     _________________________
               Total Q/Fixed energy =         -180.558358202494
 
  Coulomb energy: 
 ------------------
 
     E-ALPHA/E-ALPHA Hartree energy =           10.896674975893
       E-BETA/E-BETA Hartree energy =            8.834812251505
      E-ALPHA/E-BETA Hartree energy =           19.308188275619
                                     _________________________
               Total Hartree energy =           39.039675503017
 
  Exchange(HF) energy: 
 ----------------------
 
            E-ALPHA Exchange energy =           -5.346057175915
             E-BETA Exchange energy =           -4.926568466240
                                     _________________________
              Total Exchange energy =          -10.272625642156
 
  TOTAL ENERGY COMPONENTS: 
 ==========================
 
          TOTAL KINETIC ENERGY      =           75.324627223486
          TOTAL POTENTIAL ENERGY    =         -150.670697696183
                                     _________________________
                       TOTAL ENERGY =          -75.346070472697
 
                 VIRIAL RATIO (V/T) =            2.000284677801
 
 
  END ENERGY COMPONENTS
 
 
** TOTAL CPU Time SCF :     26.836 (s)
** TOTAL Elapsed Time SCF :      3.167 (s)
 
 We are calculating properties for E-ALPHA in the HF/KS ground state
 We are calculating properties for E-BETA in the HF/KS ground state
 
  POPULATION ANALYSES: 
 ====================
 
 MULLIKEN Population: for E-        
 ---------------------
 
                          total          spin      
 
    1      C     S       1.950786      -0.000888
    2      C     S       0.974135       0.024912
    3      C     S       0.218180       0.007179
    4      C     S       0.703376      -0.008768
    5      C     S       0.071757      -0.011441
    6      C    Px       0.197994       0.170807
    7      C    Py       0.174611      -0.143047
    8      C    Pz       0.200179       0.200179
    9      C    Px       0.356387       0.306891
   10      C    Py       0.317538      -0.260770
   11      C    Pz       0.360017       0.360017
   12      C    Px       0.314372       0.265460
   13      C    Py       0.310557      -0.260931
   14      C    Pz       0.314724       0.314724
   15      C    Px       0.096165       0.071037
   16      C    Py       0.153957      -0.139647
   17      C    Pz       0.090768       0.090768
   18      C   Dxx       0.005514       0.010413
   19      C   Dxy       0.000416      -0.000023
   20      C   Dxz       0.000000      -0.000000
   21      C   Dyy       0.006485      -0.022184
   22      C   Dyz       0.000000      -0.000000
   23      C   Dzz       0.005631       0.013452
   24      C   Dxx       0.011378       0.022311
   25      C   Dxy       0.001485      -0.000160
   26      C   Dxz      -0.000000      -0.000000
   27      C   Dyy       0.017819      -0.054869
   28      C   Dyz      -0.000000       0.000000
   29      C   Dzz       0.011518       0.029454
   30      C   Dxx       0.004698       0.004643
   31      C   Dxy       0.000660      -0.000197
   32      C   Dxz       0.000000       0.000000
   33      C   Dyy       0.011796      -0.020755
   34      C   Dyz       0.000000      -0.000000
   35      C   Dzz       0.004365       0.006922
   36      C  Fxxx       0.011212       0.010638
   37      C  Fxxy       0.002850      -0.000740
   38      C  Fxxz       0.003953       0.003953
   39      C  Fxyy       0.001728      -0.000554
   40      C  Fxyz       0.000016       0.000016
   41      C  Fxzz       0.004066       0.003932
   42      C  Fyyy       0.014342      -0.014395
   43      C  Fyyz      -0.000112      -0.000112
   44      C  Fyzz       0.001125      -0.000441
   45      C  Fzzz       0.013025       0.013025
   46      C  Fxxx       0.012748       0.012967
   47      C  Fxxy       0.002998       0.000809
   48      C  Fxxz       0.004653       0.004653
   49      C  Fxyy       0.000423      -0.004279
   50      C  Fxyz       0.000042       0.000042
   51      C  Fxzz       0.004917       0.005119
   52      C  Fyyy       0.022762      -0.024469
   53      C  Fyyz      -0.003608      -0.003608
   54      C  Fyzz      -0.000753       0.001612
   55      C  Fzzz       0.016343       0.016343
   56      C     S       1.950310       0.000000
   57      C     S       1.072463       0.000000
   58      C     S       0.246174      -0.000000
   59      C     S       0.653903       0.000000
   60      C     S       0.028643       0.000000
   61      C    Px       0.263397       0.222043
   62      C    Py       0.263397      -0.222043
   63      C    Pz       0.000000      -0.000000
   64      C    Px       0.445769       0.375783
   65      C    Py       0.445769      -0.375783
   66      C    Pz       0.000001      -0.000000
   67      C    Px       0.230015       0.193903
   68      C    Py       0.230015      -0.193902
   69      C    Pz       0.000002      -0.000000
   70      C    Px       0.010572       0.008912
   71      C    Py       0.010572      -0.008912
   72      C    Pz       0.000000      -0.000000
   73      C   Dxx       0.007605       0.023050
   74      C   Dxy       0.000674       0.000000
   75      C   Dxz       0.000000       0.000000
   76      C   Dyy       0.007605      -0.023050
   77      C   Dyz       0.000000      -0.000000
   78      C   Dzz       0.003983      -0.000000
   79      C   Dxx       0.015259       0.042796
   80      C   Dxy       0.001724       0.000000
   81      C   Dxz       0.000000       0.000000
   82      C   Dyy       0.015259      -0.042796
   83      C   Dyz       0.000000      -0.000000
   84      C   Dzz       0.006051      -0.000000
   85      C   Dxx      -0.001979       0.004821
   86      C   Dxy       0.000251       0.000000
   87      C   Dxz       0.000001       0.000001
   88      C   Dyy      -0.001979      -0.004821
   89      C   Dyz       0.000001      -0.000001
   90      C   Dzz      -0.005950      -0.000000
   91      C  Fxxx       0.013860       0.014593
   92      C  Fxxy       0.001326       0.001932
   93      C  Fxxz       0.000000       0.000000
   94      C  Fxyy       0.001326      -0.001932
   95      C  Fxyz       0.000000      -0.000000
   96      C  Fxzz       0.004981       0.004199
   97      C  Fyyy       0.013860      -0.014593
   98      C  Fyyz       0.000000      -0.000000
   99      C  Fyzz       0.004981      -0.004199
  100      C  Fzzz       0.000000      -0.000000
  101      C  Fxxx       0.019857       0.019397
  102      C  Fxxy       0.003622      -0.000238
  103      C  Fxxz       0.000000       0.000000
  104      C  Fxyy       0.003622       0.000238
  105      C  Fxyz       0.000000      -0.000000
  106      C  Fxzz       0.006600       0.005564
  107      C  Fyyy       0.019857      -0.019397
  108      C  Fyyz       0.000000      -0.000000
  109      C  Fyzz       0.006600      -0.005564
  110      C  Fzzz       0.000000      -0.000000
 
                           __________     __________
              Total =       13.000000       1.000000
 
  Atomic MULLIKEN Population: for E-        
            C                7.000000       1.000000
            C                6.000000       0.000000
 
 ...end of MULLIKEN Population
 
 
 END POPULATION ANALYSES 
 
 
  POPULATION ANALYSES: 
 ====================
 
 LOWDIN Population: for E-        
 ---------------------
 
                          total          spin      
 
    1      C     S       1.609867      -0.000235
    2      C     S       0.562707       0.008382
    3      C     S       0.397454       0.006108
    4      C     S       0.321052      -0.003493
    5      C     S       0.117167      -0.007499
    6      C    Px       0.182108       0.157356
    7      C    Py       0.159084      -0.130022
    8      C    Pz       0.184250       0.184250
    9      C    Px       0.172347       0.148187
   10      C    Py       0.156456      -0.129329
   11      C    Pz       0.174164       0.174164
   12      C    Px       0.168760       0.140638
   13      C    Py       0.179231      -0.153042
   14      C    Pz       0.168114       0.168114
   15      C    Px       0.092628       0.070303
   16      C    Py       0.137546      -0.123622
   17      C    Pz       0.088459       0.088459
   18      C   Dxx       0.154083       0.015327
   19      C   Dxy       0.000468      -0.000026
   20      C   Dxz       0.000000      -0.000000
   21      C   Dyy       0.155500      -0.021776
   22      C   Dyz       0.000000      -0.000000
   23      C   Dzz       0.154184       0.018786
   24      C   Dxx       0.145310       0.017484
   25      C   Dxy       0.001385      -0.000164
   26      C   Dxz       0.000000       0.000000
   27      C   Dyy       0.152003      -0.045468
   28      C   Dyz       0.000000      -0.000000
   29      C   Dzz       0.145377       0.023293
   30      C   Dxx       0.025908       0.002402
   31      C   Dxy       0.000709      -0.000190
   32      C   Dxz       0.000000       0.000000
   33      C   Dyy       0.031042      -0.017059
   34      C   Dyz       0.000000      -0.000000
   35      C   Dzz       0.025783       0.004129
   36      C  Fxxx       0.109952       0.095604
   37      C  Fxxy       0.041914      -0.032791
   38      C  Fxxz       0.048413       0.048413
   39      C  Fxyy       0.045757       0.037397
   40      C  Fxyz       0.000018       0.000018
   41      C  Fxzz       0.048070       0.041841
   42      C  Fyyy       0.101136      -0.085180
   43      C  Fyyz       0.044392       0.044392
   44      C  Fyzz       0.040209      -0.032509
   45      C  Fzzz       0.112570       0.112570
   46      C  Fxxx       0.097991       0.083887
   47      C  Fxxy       0.041722      -0.032902
   48      C  Fxxz       0.042491       0.042491
   49      C  Fxyy       0.039701       0.030234
   50      C  Fxyz       0.000040       0.000040
   51      C  Fxzz       0.042700       0.036572
   52      C  Fyyy       0.103488      -0.090206
   53      C  Fyyz       0.036954       0.036954
   54      C  Fyzz       0.039200      -0.032416
   55      C  Fzzz       0.100137       0.100137
   56      C     S       1.610803       0.000000
   57      C     S       0.594427       0.000000
   58      C     S       0.419347       0.000000
   59      C     S       0.305203       0.000000
   60      C     S       0.088713       0.000000
   61      C    Px       0.244211       0.205874
   62      C    Py       0.244211      -0.205874
   63      C    Pz       0.000000      -0.000000
   64      C    Px       0.209904       0.177299
   65      C    Py       0.209904      -0.177299
   66      C    Pz       0.000001      -0.000000
   67      C    Px       0.122755       0.103693
   68      C    Py       0.122755      -0.103693
   69      C    Pz       0.000001      -0.000000
   70      C    Px       0.022794       0.019224
   71      C    Py       0.022794      -0.019224
   72      C    Pz       0.000000      -0.000000
   73      C   Dxx       0.171324       0.024650
   74      C   Dxy       0.000741       0.000000
   75      C   Dxz       0.000000       0.000000
   76      C   Dyy       0.171324      -0.024650
   77      C   Dyz       0.000000      -0.000000
   78      C   Dzz       0.166926      -0.000000
   79      C   Dxx       0.143875       0.032848
   80      C   Dxy       0.001552       0.000000
   81      C   Dxz       0.000000       0.000000
   82      C   Dyy       0.143875      -0.032847
   83      C   Dyz       0.000000      -0.000000
   84      C   Dzz       0.135521      -0.000000
   85      C   Dxx       0.016171       0.005199
   86      C   Dxy       0.000356       0.000000
   87      C   Dxz       0.000001       0.000001
   88      C   Dyy       0.016171      -0.005199
   89      C   Dyz       0.000001      -0.000001
   90      C   Dzz       0.013667      -0.000000
   91      C  Fxxx       0.134781       0.115710
   92      C  Fxxy       0.055846      -0.044516
   93      C  Fxxz       0.000000       0.000000
   94      C  Fxyy       0.055846       0.044516
   95      C  Fxyz       0.000000      -0.000000
   96      C  Fxzz       0.058793       0.049560
   97      C  Fyyy       0.134781      -0.115711
   98      C  Fyyz       0.000000      -0.000000
   99      C  Fyzz       0.058793      -0.049560
  100      C  Fzzz       0.000000      -0.000000
  101      C  Fxxx       0.083023       0.071698
  102      C  Fxxy       0.032837      -0.025577
  103      C  Fxxz       0.000000       0.000000
  104      C  Fxyy       0.032837       0.025577
  105      C  Fxyz       0.000000      -0.000000
  106      C  Fxzz       0.035053       0.029549
  107      C  Fyyy       0.083023      -0.071698
  108      C  Fyyz       0.000000      -0.000000
  109      C  Fyzz       0.035053      -0.029549
  110      C  Fzzz       0.000001      -0.000000
 
                           __________     __________
              Total =       13.000000       1.000000
 
  Atomic LOWDIN Population: for E-        
            C                7.000000       1.000000
            C                6.000000       0.000000
 
 ...end of LOWDIN Population
 
 
 END POPULATION ANALYSES 
 
 
  EXPECTED POSITIONS OF QUANTUM SPECIES:
 ======================
 
 POSITIONS IN ANGSTROMS
 ------
 
                        <x>      <y>      <z>         
            E-ALPHA   0.0000   0.0000  51.0027
             E-BETA  -0.0000   0.0000  51.0026
 
 END EXPECTED POSITIONS
 
 
  ELECTROSTATIC MOMENTS:
 ======================
 
 
 DIPOLE: (A.U.)
 ------
 
                           <Dx>         <Dy>         <Dz>          |D|
            E-ALPHA  -0.00000000  -0.00000000 -96.38105326
             E-BETA   0.00000000  -0.00000000 -96.38099994
    Point charges:    0.00000000   0.00000000 192.75205075
                     ____________________________
      Total Dipole:  -0.00000000  -0.00000000  -0.01000246   0.01000246
 
 DIPOLE: (DEBYE)
 ------
 
                           <Dx>         <Dy>         <Dz>          |D|
            E-ALPHA  -0.00000000  -0.00000000-244.97617006
             E-BETA   0.00000000  -0.00000000-244.97603452
    Point charges:    0.00000000   0.00000000 489.92678087
                     ____________________________
      Total Dipole:  -0.00000000  -0.00000000  -0.02542370   0.02542370
 
 QUADRUPOLE NON-TRACELESS: (DEBYE ANGS)
 ------
 
                           <xx>         <yy>         <zz>         <xy>         <xz>         <yz>
            E-ALPHA  -12.62650771   -7.27861842-4175.60340826    1.70910636    0.00000000    0.00000000
             E-BETA   -6.45095311  -12.71125499-4170.84631559   -2.00101844   -0.00000000   -0.00000000
    Point charges:     0.00000000    0.00000000 8328.75432474    0.00000000    0.00000000    0.00000000
  Total Quadrupole:  -19.07746083  -19.98987341  -17.69539912   -0.29191208   -0.00000000   -0.00000000
                     ____________________________
 
 END ELECTROSTATIC MOMENTS
 
 
 BEGIN FOUR-INDEX INTEGRALS TRANFORMATION:
 ========================================
 Selected method: C         
 
 --------------------------------------------------
    4N^5 Algorithm Four-index integral tranformation
 --------------------------------------------------
 
 Integrals transformation for: E-ALPHA
 
              Transformation boundaries 
                 orbital lower upper
                       p     1     7
                       q     8   110
                       r     1     7
                       s     8   110
 
         Loading AO integrals time(s):  0.714E-02
      Integral transformation time(s):  0.150E+01
       Non-zero transformed integrals:        52473
 
 Inter-species integrals transformation for: E-ALPHA/E-BETA
 
              Transformation boundaries 
                 orbital lower upper
                       p     1     6
                       q     7   110
                       r     1     7
                       s     8   110
 
         Loading AO integrals time(s):  0.109E-01
      Integral transformation time(s):  0.726E+01
 Non zero transformed coupling integrals:        44512
 
 Integrals transformation for: E-BETA
 
              Transformation boundaries 
                 orbital lower upper
                       p     1     6
                       q     7   110
                       r     1     6
                       s     7   110
 
         Loading AO integrals time(s):  0.523E-02
      Integral transformation time(s):  0.146E+01
       Non-zero transformed integrals:       217575
 
** TOTAL Elapsed Time for integrals transformation :     10.497 (s)
 
 
  POST HARTREE-FOCK CALCULATION
  MANY-BODY PERTURBATION THEORY:
 ==============================
 
              MOLLER-PLESSET FORMALISM 
               ORDER OF CORRECTION =     2
 
                E(0) + E(1) =     -75.346070472697
                       E(2) =      -0.187674429683
                             ____________________
                     E(MP2) =     -75.533744902380
 
              -----------------------------------
               E(n){ Specie }     E(n) / Hartree 
              -----------------------------------
 
            E(2){ E-ALPHA } =      -0.020309029420
             E(2){ E-BETA } =      -0.009334274181
 
     E(2){ E-ALPHA/E-BETA } =      -0.158031126083
 
** TOTAL CPU Time HF-MBPT :      1.009 (s)
** TOTAL Elapsed Time HF-MBPT :      0.378 (s)
 

  TOTAL CPU Time:      0.509 (s)
 TOTAL Wall Time:     14.171 (s)
  Elapsed Time:   0h  0m 14s 172ms
LOWDIN execution terminated normally at : Thu Feb 27 18:24:09 2025
-rw-rw-r-- 1 pohl pohl 4.9M feb 27 18:23 0E-ALPHA.E-BETA.ints
-rw-rw-r-- 1 pohl pohl 2.8M feb 27 18:23 0E-ALPHA.ints
-rw-rw-r-- 1 pohl pohl 4.9M feb 27 18:23 1E-ALPHA.E-BETA.ints
-rw-rw-r-- 1 pohl pohl 2.8M feb 27 18:23 1E-ALPHA.ints
-rw-rw-r-- 1 pohl pohl 4.9M feb 27 18:23 2E-ALPHA.E-BETA.ints
-rw-rw-r-- 1 pohl pohl 2.8M feb 27 18:23 2E-ALPHA.ints
-rw-rw-r-- 1 pohl pohl 4.9M feb 27 18:23 3E-ALPHA.E-BETA.ints
-rw-rw-r-- 1 pohl pohl 2.8M feb 27 18:23 3E-ALPHA.ints
-rw-rw-r-- 1 pohl pohl 4.9M feb 27 18:23 4E-ALPHA.E-BETA.ints
-rw-rw-r-- 1 pohl pohl 2.8M feb 27 18:23 4E-ALPHA.ints
-rw-rw-r-- 1 pohl pohl 4.9M feb 27 18:23 5E-ALPHA.E-BETA.ints
-rw-rw-r-- 1 pohl pohl 2.8M feb 27 18:23 5E-ALPHA.ints
-rw-rw-r-- 1 pohl pohl 4.9M feb 27 18:23 6E-ALPHA.E-BETA.ints
-rw-rw-r-- 1 pohl pohl 2.8M feb 27 18:23 6E-ALPHA.ints
-rw-rw-r-- 1 pohl pohl 4.9M feb 27 18:23 7E-ALPHA.E-BETA.ints
-rw-rw-r-- 1 pohl pohl 2.8M feb 27 18:23 7E-ALPHA.ints
-rw-rw-r-- 1 pohl pohl 4.9M feb 27 18:23 8E-ALPHA.E-BETA.ints
-rw-rw-r-- 1 pohl pohl 2.8M feb 27 18:23 8E-ALPHA.ints
-rw-rw-r-- 1 pohl pohl  258 feb 27 18:23 c_step_31
-rw-rw-r-- 1 pohl pohl 1.1K feb 27 18:23 c_step_31.aux
-rw-rw-r-- 1 pohl pohl  266 feb 27 18:23 c_step_31.lowdin
-rw-rw-r-- 1 pohl pohl  76K feb 27 18:24 c_step_31.out
-rw-rw-r-- 1 pohl pohl 192K feb 27 18:23 c_step_31.vec
-rw-rw-r-- 1 pohl pohl   12 feb 27 18:23 E-ALPHA.E-BETA.nints
-rw-rw-r-- 1 pohl pohl 6.9M feb 27 18:24 E-ALPHAmoint.dat
-rw-rw-r-- 1 pohl pohl 1.4M feb 27 18:24 E-BETA.E-ALPHAmoint.dat
-rw-rw-r-- 1 pohl pohl 6.2M feb 27 18:24 E-BETAmoint.dat
-rw-rw-r-- 1 pohl pohl   65 feb 27 18:23 gepol.inp
-rw-rw-r-- 1 pohl pohl  182 feb 27 18:23 gepol.xyzr
-rw-rw-r-- 1 pohl pohl  13K feb 27 18:23 lowdin.bas
-rw-rw-r-- 1 pohl pohl  16K feb 27 18:23 lowdin.dat
-rw-rw-r-- 1 pohl pohl 2.3M feb 27 18:23 lowdin.opints
-rw-rw-r-- 1 pohl pohl  46K feb 27 18:23 lowdin.sys
-rw-rw-r-- 1 pohl pohl 2.1M feb 27 18:23 lowdin.wfn
