Begin job by input: c_step_22.lowdin, for user:   at  jue 27 feb 2025 18:21:44 -05
under operating system Linux helios 5.19.0-46-generic #47-Ubuntu SMP PREEMPT_DYNAMIC Fri Jun 16 13:30:11 UTC 2023 x86_64 x86_64 x86_64 GNU/Linux
Compilation information
  commit: f31d3924f6ee2ce9d77f07edcc1ba27359319d14
  compilation date:  mar 17 sep 2024 16:16:17 -05

BEGIN INPUT INFO:
------------------------------------

GEOMETRY
	e-(C)	AUG-CC-PVTZ 0.0 0.0 0.0  multiplicity=2 addParticles=1 
	e-(C)	AUG-CC-PVTZ 0.0 0.0 12.5
	C	Dirac 0 0.0 0.0
	C	Dirac 0.0 0.0 12.5
END GEOMETRY

TASKS
        method = "UHF"
	mollerPlessetCorrection=2
END TASKS

CONTROL
	units="ANGS"
END CONTROL






... END INPUT INFO


 LOWDIN execution started at : Thu Feb 27 18:21:44 2025
 ---------------------------------------------------------------
 
 ***************************************************************
 *                   LOWDIN 2.0  (May/2013)                    *
 *                                                             *
 *  R. FLORES-MORENO, E. F. POSADA, F. S. MONCADA, J.ROMERO,   *
 *  J. CHARRY, M. DIAZ-TINOCO, S. A. GONZALEZ, N. F. AGUIRRE,  *
 *  A. REYES                                                   *
 *                                                             *
 *  https://sites.google.com/site/lowdinproject/               *
 *                                                             *
 ***************************************************************
 
 PARSING INPUT... DONE!
 
 LOWDIN IS RUNNING WITH NEXT PARAMETERS: 
 ----------------------------------------
 
         METHOD TYPE:  UHF
         NUMBER OF CORES:     9
         MOLLER PLESSET CORRECTION:      2
         NONELECTRONIC DENSITY GUESS: HCORE
         ELECTRONIC DENSITY GUESS: HCORE
         CRITERIUM OF CONVERGENCE: ENERGY
         NONELECTRONIC ENERGY TOLERANCE IN SCFs:     0.10000E-07
         ELECTRONIC ENERGY TOLERANCE IN SCFs:     0.10000E-07
         TOTAL ENERGY TOLERANCE IN SCFs:     0.10000E-07
         SCHEME OF ITERATION: GLOBAL ITERATIONS
         SCF MAX. SUBITERATIONS - NONELECTRONS :     1
         SCF MAX. SUBITERATIONS - ELECTRONS :     1
         SCF MAX. ITERATIONS - INTERSPECIES :   200
         INTEGRAL STORAGE: DISK
         STACK SIZE FOR ERIS : 30000
         METHOD OF SCF CONVERGENCE: DAMPING
 
  MOLECULAR SYSTEM: c_step_22
 -----------------
 
    DESCRIPTION   : c_step_22
    CHARGE        :   0
    PUNTUAL GROUP : NONE
 
 
  INFORMATION OF PARTICLES :
 =========================
         Total number of particles   =      15
         Number of quantum particles =      13
         Number of puntual charges   =       2
         Number of quantum species   =       2
 
                 INFORMATION OF QUANTUM SPECIES 
    ----------------------------------------------------------------------
         ID      Symbol            mass     charge      omega     spin     multiplicity
    ----------------------------------------------------------------------
         1        E-ALPHA         1.0000     -1.00      0.00      0.50      2.00
         2         E-BETA         1.0000     -1.00      0.00      0.50      2.00
 
                   CONSTANTS OF COUPLING 
      ------------------------------------------------------------
              Symbol      kappa        eta     lambda occupation
      ------------------------------------------------------------
             E-ALPHA      -1.00       1.00       1.00       7.00
              E-BETA      -1.00       1.00       1.00       6.00
 
                   BASIS SET FOR SPECIES 
      ------------------------------------------------------------
           Symbol          N. Basis     N. Particles     Basis Set
      ------------------------------------------------------------
            E-ALPHA           28                7     AUG-CC-PVT
             E-BETA           28                6     AUG-CC-PVT
 
                                ATOMIC BASIS
         ------------------------------------------------------------
          PRIMITIVE   SHELL             EXPONENT         COEFFICIENT 
         ------------------------------------------------------------
 
    BEGIN DESCRIPTION OF BASIS FOR: E-ALP
    ==============================
 
 
             C BASIS SET:    AUG-CC-PVTZ
             1         S             8236.00000000          0.00053100
             2         S             1235.00000000          0.00410800
             3         S              280.80000000          0.02108700
             4         S               79.27000000          0.08185300
             5         S               25.59000000          0.23481700
             6         S                8.99700000          0.43440100
             7         S                3.31900000          0.34612900
             8         S                0.36430000         -0.00898300
             1         S             8236.00000000         -0.00011300
             2         S             1235.00000000         -0.00087800
             3         S              280.80000000         -0.00454000
             4         S               79.27000000         -0.01813300
             5         S               25.59000000         -0.05576000
             6         S                8.99700000         -0.12689500
             7         S                3.31900000         -0.17035200
             8         S                0.36430000          0.59868400
             1         S                0.90590000          1.00000000
             1         S                0.12850000          1.00000000
             1         S                0.04402000          1.00000000
             1         P               18.71000000          0.01403100
             2         P                4.13300000          0.08686600
             3         P                1.20000000          0.29021600
             1         P                0.38270000          1.00000000
             1         P                0.12090000          1.00000000
             1         P                0.03569000          1.00000000
             1         D                1.09700000          1.00000000
             1         D                0.31800000          1.00000000
             1         D                0.10000000          1.00000000
             1         F                0.76100000          1.00000000
             1         F                0.26800000          1.00000000
 
             C BASIS SET:    AUG-CC-PVTZ
             1         S             8236.00000000          0.00053100
             2         S             1235.00000000          0.00410800
             3         S              280.80000000          0.02108700
             4         S               79.27000000          0.08185300
             5         S               25.59000000          0.23481700
             6         S                8.99700000          0.43440100
             7         S                3.31900000          0.34612900
             8         S                0.36430000         -0.00898300
             1         S             8236.00000000         -0.00011300
             2         S             1235.00000000         -0.00087800
             3         S              280.80000000         -0.00454000
             4         S               79.27000000         -0.01813300
             5         S               25.59000000         -0.05576000
             6         S                8.99700000         -0.12689500
             7         S                3.31900000         -0.17035200
             8         S                0.36430000          0.59868400
             1         S                0.90590000          1.00000000
             1         S                0.12850000          1.00000000
             1         S                0.04402000          1.00000000
             1         P               18.71000000          0.01403100
             2         P                4.13300000          0.08686600
             3         P                1.20000000          0.29021600
             1         P                0.38270000          1.00000000
             1         P                0.12090000          1.00000000
             1         P                0.03569000          1.00000000
             1         D                1.09700000          1.00000000
             1         D                0.31800000          1.00000000
             1         D                0.10000000          1.00000000
             1         F                0.76100000          1.00000000
             1         F                0.26800000          1.00000000
    ... END DESCRIPTION OF BASIS
 
 
  END INFORMATION OF PARTICLES
 
 
  INFORMATION OF THE QUANTUM SYSTEM 
     ---------------------------------------------------------------------
                 ID     Occupied Orbitals     Basis size
     ---------------------------------------------------------------------
            E-ALPHA            7              110
             E-BETA            6              110
 
  END INFORMATION OF QUANTUM SYSTEM
 
                       INITIAL GEOMETRY: AMSTRONG
                 -----------------------------------
                       <x>                 <y>                 <z>
  E-ALPHAC        0.0000000000        0.0000000000        0.0000000000
  E-ALPHAC        0.0000000000        0.0000000000       12.5000000000
         C        0.0000000000        0.0000000000        0.0000000000
         C        0.0000000000        0.0000000000       12.5000000000
 
                     MATRIX OF DISTANCE: ANGSTROM
                 -----------------------------------
                          C(1)           C(2)      
 
        C(1)             0.000000      12.500000
        C(2)            12.500000       0.000000
 
--------------------------------------------------------------------------------
** PROGRAM: SCF (Hartree Fock).     Author: S.A. Gonzalez, E. Posada, F. Moncada
--------------------------------------------------------------------------------
INFO: RUNNING IN UHF MODE.
 
----------------------------------------------------------------------
** PROGRAM INTS                          Author: E. F. Posada, 2013   
----------------------------------------------------------------------
INFO: RUNNING IN ONE_PARTICLE MODE.
 
 Number of Overlap integrals for species E-ALPHA:  12100
 Number of Overlap integrals for species E-BETA:  12100
 Number of Kinetic integrals for species E-ALPHA:  12100
 Number of Kinetic integrals for species E-BETA:  12100
 Number of Nuclear integrals for species E-ALPHA:  12100
 Number of Nuclear integrals for species E-BETA:  12100
 Number of Moment integrals for species E-ALPHA:  36300
 Number of Moment integrals for species E-BETA:  36300
 
** TOTAL CPU Time INTS :      0.685 (s)
** TOTAL Elapsed Time INTS :      0.224 (s)
 
       Usign  HCORE density guess for species:    E-ALPHA
     number of    E-ALPHA     particles in guess density matrix:     7.000000
       Usign  HCORE density guess for species:     E-BETA
     number of     E-BETA     particles in guess density matrix:     6.000000
 Number of unique integrals for species: 1 = 1015500
 Number of unique integrals for species: 1 / 2 = 2027909 Screened: 59983
 
 TWO-BODY INTEGRAL SETUP: 
------------------------- 
 Storage:   DISK
 Scheme: LIBINT
 Stack size:  30000
 
 LIBINT library, Fermann, J. T.; Valeev, F. L. 2010                   
 LOWDIN-LIBINT Implementation V. 2.1  Posada E. F. ; Reyes A. 2016   
 ----------------------------------------------------------------------

*** TOTAL CPU time intra-species integrals :      1.026 (s)
*** TOTAL elapsed time intra-species integrals :      0.161 (s)


*** TOTAL CPU time inter-species integrals :      2.119 (s)
*** TOTAL elapsed time inter-species integrals :      0.308 (s)

INFO: RUNNING SCHEME SIMULTANEOUS
 
 Begin Multi-Species SCF calculation:
 
 --------------------------------------------------------------------------------------------------
      Iteration                   Energy            Energy Change           Density Change
 --------------------------------------------------------------------------------------------------
              1         -66.781783425070          66.781783425070           0.165190788152
              2         -70.601633986773           3.819850561704           0.143053150854
              3         -74.738070771538           4.136436784764           0.025289588668
              4         -75.226315152005           0.488244380467           0.003874051185
              5         -75.308002264420           0.081687112415           0.001702316778
              6         -75.317832956806           0.009830692386           0.000938328739
              7         -75.321307685637           0.003474728831           0.000619417425
              8         -75.322792897025           0.001485211387           0.000430267731
              9         -75.323465578445           0.000672681421           0.000302691366
             10         -75.323776710875           0.000311132429           0.000212503864
             11         -75.323921636312           0.000144925438           0.000148853349
             12         -75.323989376090           0.000067739778           0.000104135746
             13         -75.324021178474           0.000031802383           0.000073129144
             14         -75.324036344346           0.000015165873           0.000052798847
             15         -75.324044197629           0.000007853283           0.000043683376
             16         -75.324050112674           0.000005915045           0.000050727294
             17         -75.324059808710           0.000009696036           0.000079452416
             18         -75.324085999481           0.000026190770           0.000137287612
             19         -75.324165820638           0.000079821157           0.000240352987
             20         -75.324411363977           0.000245543340           0.000414401944
             21         -75.325143066317           0.000731702339           0.000678758119
             22         -75.327117212991           0.001974146674           0.000981037627
             23         -75.331280979518           0.004163766527           0.001131618224
             24         -75.336823614426           0.005542634908           0.000993808621
             25         -75.340984574706           0.004160960280           0.000727659456
             26         -75.343146566117           0.002161991411           0.000526258698
             27         -75.344280775621           0.001134209504           0.000400346207
             28         -75.344954219108           0.000673443487           0.000313879212
             29         -75.345378136448           0.000423917340           0.000248777953
             30         -75.345648824141           0.000270687693           0.000198041696
             31         -75.345822284956           0.000173460815           0.000158240927
             32         -75.345933945978           0.000111661022           0.000127019076
             33         -75.346006382322           0.000072436344           0.000102521093
             34         -75.346053866336           0.000047484014           0.000083257687
             35         -75.346085371452           0.000031505116           0.000068047758
             36         -75.346106539626           0.000021168173           0.000055967965
             37         -75.346120937025           0.000014397399           0.000046305360
             38         -75.346130839321           0.000009902297           0.000038514741
             39         -75.346137716911           0.000006877590           0.000032182016
             40         -75.346142533375           0.000004816464           0.000026993724
             41         -75.346145929424           0.000003396049           0.000022712432
             42         -75.346148337096           0.000002407672           0.000019157437
             43         -75.346150051464           0.000001714368           0.000016190034
             44         -75.346151276323           0.000001224859           0.000013702555
             45         -75.346152153756           0.000000877433           0.000011610352
             46         -75.346152783593           0.000000629837           0.000009846002
             47         -75.346153236412           0.000000452820           0.000008355141
             48         -75.346153562362           0.000000325950           0.000007093455
             49         -75.346153797207           0.000000234845           0.000006024486
             50         -75.346153966536           0.000000169329           0.000005118014
             51         -75.346154088695           0.000000122159           0.000004348836
             52         -75.346154176862           0.000000088168           0.000003695840
             53         -75.346154240520           0.000000063657           0.000003141273
             54         -75.346154286493           0.000000045973           0.000002670167
             55         -75.346154319702           0.000000033209           0.000002269877
             56         -75.346154343695           0.000000023993           0.000001929703
             57         -75.346154361032           0.000000017337           0.000001640581
             58         -75.346154373561           0.000000012529           0.000001394825
             59         -75.346154382617           0.000000009055           0.000001185916
 Total energy converged after  59 global iterations                                                  
 
 ...end Multi-Species SCF calculation
 
 
 Begin SCF calculation by: E-ALPHA
 -------------------------
 
 -----------------------------------------------------------------------------------
 Iteration                   Energy           Density Change         DIIS Error 
 -----------------------------------------------------------------------------------
    1         -34.662829797729           0.060158453469                 -- 
    2         -32.296467648807           0.014973963908                 -- 
    3         -29.162668946350           0.001717919443                 -- 
    4         -29.703010405753           0.000909459191                 -- 
    5         -29.618132639128           0.000474311905                 -- 
    6         -29.529278254961           0.000350735391                 -- 
    7         -29.479791079636           0.000254843939                 -- 
    8         -29.445157912361           0.000186922402                 -- 
    9         -29.422431489673           0.000134656849                 -- 
   10         -29.407077888405           0.000096368027                 -- 
   11         -29.396757728059           0.000068615079                 -- 
   12         -29.389789842079           0.000049022642                 -- 
   13         -29.385083415786           0.000036286948                 -- 
   14         -29.381902473752           0.000031820412                 -- 
   15         -29.379758575207           0.000040175227                 -- 
   16         -29.378337633158           0.000065452949                 -- 
   17         -29.377474652540           0.000113982785                 -- 
   18         -29.377201584128           0.000199631285                 -- 
   19         -29.377953787938           0.000343278007                 -- 
   20         -29.381040368012           0.000557671305                 -- 
   21         -29.388910456083           0.000789718012                 -- 
   22         -29.403731722061           0.000877692114                 -- 
   23         -29.425692601052           0.000738986241                 -- 
   24         -29.450973059925           0.000524181982                 -- 
   25         -29.474085029766           0.000367885330                 -- 
   26         -29.494893772186           0.000270482139                 -- 
   27         -29.513548473461           0.000204319205                 -- 
   28         -29.529858450758           0.000155407727                 -- 
   29         -29.543957891328           0.000118330389                 -- 
   30         -29.556050504603           0.000090225589                 -- 
   31         -29.566375126043           0.000069044115                 -- 
   32         -29.575163929395           0.000053147819                 -- 
   33         -29.582632375238           0.000041236395                 -- 
   34         -29.588972521719           0.000032298023                 -- 
   35         -29.594352268033           0.000025561068                 -- 
   36         -29.598916357740           0.000020446276                 -- 
   37         -29.602788579468           0.000016524834                 -- 
   38         -29.606074265650           0.000013483003                 -- 
   39         -29.608862791813           0.000011093344                 -- 
   40         -29.611229879449           0.000009191890                 -- 
   41         -29.613239640884           0.000007660544                 -- 
   42         -29.614946352001           0.000006413894                 -- 
   43         -29.616395969108           0.000005389607                 -- 
   44         -29.617627416758           0.000004541590                 -- 
   45         -29.618673676591           0.000003835204                 -- 
   46         -29.619562706087           0.000003243961                 -- 
   47         -29.620318213246           0.000002747248                 -- 
   48         -29.620960309831           0.000002328761                 -- 
   49         -29.621506062477           0.000001975415                 -- 
   50         -29.621969957966           0.000001676580                 -- 
   51         -29.622364296325           0.000001423532                 -- 
   52         -29.622699523209           0.000001209054                 -- 
   53         -29.622984511152           0.000001027138                 -- 
   54         -29.623226797705           0.000000872756                 -- 
   55         -29.623432787187           0.000000741685                 -- 
   56         -29.623607921711           0.000000630371                 -- 
   57         -29.623756826215           0.000000535812                 -- 
   58         -29.623883431505           0.000000455469                 -- 
 
 ... end SCF calculation
 
 Begin SCF calculation by: E-BETA
 -------------------------
 
 -----------------------------------------------------------------------------------
 Iteration                   Energy           Density Change         DIIS Error 
 -----------------------------------------------------------------------------------
    1         -32.214150565286           0.082894697385                 -- 
    2         -29.629744156902           0.010315624760                 -- 
    3         -26.961351194733           0.002156131742                 -- 
    4         -27.581240983475           0.000792857587                 -- 
    5         -27.712016657138           0.000464016834                 -- 
    6         -27.768570746681           0.000268682034                 -- 
    7         -27.819246888899           0.000175423792                 -- 
    8         -27.853427695761           0.000115768963                 -- 
    9         -27.877972970717           0.000077847015                 -- 
   10         -27.894969295882           0.000052485322                 -- 
   11         -27.906742640710           0.000035520668                 -- 
   12         -27.914837238124           0.000024106502                 -- 
   13         -27.920389083876           0.000016511899                 -- 
   14         -27.924187245278           0.000011862963                 -- 
   15         -27.926778743147           0.000010552067                 -- 
   16         -27.928532758066           0.000013999467                 -- 
   17         -27.929678434811           0.000023304827                 -- 
   18         -27.930297036921           0.000040721701                 -- 
   19         -27.930213080013           0.000071123937                 -- 
   20         -27.928646673042           0.000121086813                 -- 
   21         -27.923511148957           0.000191319615                 -- 
   22         -27.911412972657           0.000253926110                 -- 
   23         -27.891076785678           0.000254822380                 -- 
   24         -27.865169222719           0.000203477474                 -- 
   25         -27.838021496961           0.000158373368                 -- 
   26         -27.814507539991           0.000129864067                 -- 
   27         -27.795391298386           0.000109560006                 -- 
   28         -27.779810247711           0.000093370226                 -- 
   29         -27.767058663109           0.000079711307                 -- 
   30         -27.756562238941           0.000068015338                 -- 
   31         -27.747881490902           0.000057974961                 -- 
   32         -27.740670963684           0.000049373274                 -- 
   33         -27.734659598242           0.000042021293                 -- 
   34         -27.729632139831           0.000035749735                 -- 
   35         -27.725416424603           0.000030406897                 -- 
   36         -27.721873533776           0.000025859084                 -- 
   37         -27.718890556319           0.000021989907                 -- 
   38         -27.716375100295           0.000018699013                 -- 
   39         -27.714251129835           0.000015900379                 -- 
   40         -27.712455758582           0.000013520542                 -- 
   41         -27.710936756310           0.000011496893                 -- 
   42         -27.709650587703           0.000009776140                 -- 
   43         -27.708560854778           0.000008312948                 -- 
   44         -27.707637048566           0.000007068762                 -- 
   45         -27.706853540674           0.000006010798                 -- 
   46         -27.706188762871           0.000005111180                 -- 
   47         -27.705624535519           0.000004346207                 -- 
   48         -27.705145514910           0.000003695725                 -- 
   49         -27.704738736331           0.000003142599                 -- 
   50         -27.704393234765           0.000002672257                 -- 
   51         -27.704099728952           0.000002272309                 -- 
   52         -27.703850357434           0.000001932219                 -- 
   53         -27.703638457471           0.000001643029                 -- 
   54         -27.703458379457           0.000001397121                 -- 
   55         -27.703305330843           0.000001188017                 -- 
   56         -27.703175244663           0.000001010210                 -- 
   57         -27.703064668625           0.000000859014                 -- 
   58         -27.702970671457           0.000000730447                 -- 
 
 ... end SCF calculation
 
  EIGENVALUES AND EIGENVECTORS: 
 ==============================
 
 
  Eigenvalues for: E-ALPHA
 -----------------
 
    1         -11.294865904575
    2         -10.991153464492
    3          -0.674412684719
    4          -0.449906797046
    5          -0.376178742725
    6          -0.076616206897
    7          -0.076607726211
    8           0.068541391398
    9           0.097732419407
   10           0.110082149241
   11           0.132795329363
   12           0.164626583411
   13           0.195194272670
   14           0.227491049312
   15           0.231532440504
   16           0.249263166858
   17           0.249298653426
   18           0.344388259122
   19           0.346086083867
   20           0.352906207283
   21           0.357122343609
   22           0.357561401973
   23           0.364287187052
   24           0.400307685076
   25           0.451495314688
   26           0.490907748324
   27           0.513567784424
   28           0.513568968778
   29           0.515462182173
   30           0.519885218557
   31           0.531040490832
   32           0.531052478102
   33           0.540824792709
   34           0.643182415372
   35           0.643194242766
   36           0.720920191189
   37           1.075417034635
   38           1.076415575576
   39           1.113269085143
   40           1.122484988042
   41           1.122503668210
   42           1.125980242563
   43           1.127039279841
   44           1.135031674267
   45           1.138039657845
   46           1.140009804436
   47           1.141720365721
   48           1.149258731806
   49           1.151839510810
   50           1.166869220483
   51           1.192548961773
   52           1.232316436284
   53           1.311332164213
   54           1.311332516017
   55           1.334325624731
   56           1.356453960416
   57           1.356453968634
   58           1.358745701136
   59           1.358748512504
   60           1.369282251298
   61           1.369282411766
   62           1.375759999561
   63           1.375765180874
   64           1.376688519934
   65           1.379448430640
   66           1.403703735457
   67           1.403708179817
   68           1.461872228637
   69           1.912164534359
   70           2.112560265870
   71           3.073431230094
   72           3.089148268570
   73           3.140197538739
   74           3.355258867962
   75           3.355259459641
   76           3.405211863103
   77           3.427529039364
   78           3.427642380576
   79           3.476022942390
   80           3.476128409919
   81           3.478311670157
   82           3.484042434638
   83           3.500604883017
   84           3.504120434385
   85           3.507024132451
   86           3.519474772921
   87           3.533742232001
   88           3.535746968157
   89           3.714516505050
   90           3.714516582078
   91           3.755997972917
   92           3.755998307264
   93           3.767879818523
   94           3.767879820426
   95           3.771026340178
   96           3.786763530239
   97           3.786763569431
   98           3.798642878026
   99           3.798644797452
  100           3.802739819197
  101           6.122351374312
  102           6.398214142238
  103           7.260005634665
  104           7.288694746504
  105           7.300973854635
  106           7.535818842942
  107           7.535823600131
  108           7.544840953183
  109           8.497720656604
  110           8.783869860365
 
 
  Eigenvalues for: E-BETA
 -----------------
 
    1         -11.294865955260
    2         -10.972177106187
    3          -0.674412749235
    4          -0.376178723849
    5          -0.336167292345
    6          -0.039784029852
    7           0.068541289690
    8           0.097730585823
    9           0.110082342783
   10           0.132798246748
   11           0.164625986026
   12           0.195192576829
   13           0.230263888942
   14           0.231155702120
   15           0.231186956599
   16           0.255437479532
   17           0.344388526409
   18           0.346087058813
   19           0.352906690434
   20           0.357121388174
   21           0.357561430161
   22           0.364286067983
   23           0.415066120934
   24           0.415080322658
   25           0.451496779759
   26           0.490909883859
   27           0.519883952055
   28           0.519916613880
   29           0.528983294613
   30           0.528993849496
   31           0.536679475107
   32           0.544962123299
   33           0.544963302701
   34           0.655342686284
   35           0.732885025943
   36           0.732898309839
   37           1.075417292199
   38           1.076415939488
   39           1.113269065734
   40           1.122485368718
   41           1.122504082714
   42           1.125980668120
   43           1.127038964418
   44           1.135031374782
   45           1.138039655835
   46           1.140009365471
   47           1.141719938033
   48           1.149258922176
   49           1.151839428290
   50           1.166869741658
   51           1.192549112441
   52           1.232315677733
   53           1.351325085143
   54           1.358320147952
   55           1.365529430069
   56           1.365534693211
   57           1.370560342008
   58           1.373930917241
   59           1.373935703391
   60           1.381384263820
   61           1.381384416107
   62           1.393650222682
   63           1.393650230920
   64           1.410342685381
   65           1.410342981107
   66           1.417074336889
   67           1.472603901298
   68           1.472612591897
   69           1.912164568856
   70           2.120997077040
   71           3.073431471181
   72           3.089148320221
   73           3.140197206037
   74           3.368136415086
   75           3.417903244374
   76           3.417908227902
   77           3.427529110852
   78           3.427642442033
   79           3.476023089543
   80           3.476128562083
   81           3.478311580887
   82           3.484042256958
   83           3.500604690694
   84           3.504120347033
   85           3.507024107090
   86           3.519474590841
   87           3.533742167001
   88           3.535746857241
   89           3.755913918504
   90           3.769221491261
   91           3.769225475303
   92           3.796088455750
   93           3.800112134027
   94           3.800115731015
   95           3.812356418889
   96           3.812356455745
   97           3.812851138214
   98           3.812851211648
   99           3.833813288987
  100           3.833813290821
  101           6.122351339267
  102           6.416779708054
  103           7.260006006794
  104           7.288695328052
  105           7.300973254403
  106           7.538721444907
  107           7.549573127849
  108           7.549576892526
  109           8.497720635856
  110           8.797050966364
 
  end of eigenvalues 
 
  Occupied Eigenvectors for: E-ALPHA
 --------------------------- 
 
                         -11.2949       -10.9912        -0.6744        -0.4499        -0.3762   
 
    1      C     S       0.000000       0.975233      -0.000000       0.012424       0.000000
    2      C     S       0.000000      -0.006117      -0.000000      -0.529499      -0.000000
    3      C     S       0.000000       0.046551      -0.000000      -0.134039      -0.000000
    4      C     S      -0.000001      -0.014713       0.000001      -0.380415       0.000000
    5      C     S      -0.000001      -0.002923       0.000001      -0.045901      -0.000000
    6      C    Px       0.000000      -0.000000      -0.000000      -0.000000       0.000000
    7      C    Py      -0.000000       0.000000       0.000000       0.000000      -0.000000
    8      C    Pz      -0.000000       0.000001       0.000000       0.000015      -0.000000
    9      C    Px      -0.000000       0.000000       0.000000       0.000000      -0.000000
   10      C    Py       0.000000       0.000000       0.000000       0.000000       0.000000
   11      C    Pz       0.000001      -0.000002      -0.000000       0.000022       0.000000
   12      C    Px       0.000000       0.000000      -0.000000      -0.000000      -0.000001
   13      C    Py       0.000000      -0.000000      -0.000000      -0.000000       0.000000
   14      C    Pz       0.000001      -0.000001      -0.000002      -0.000017      -0.000000
   15      C    Px      -0.000000      -0.000000      -0.000000       0.000000       0.000001
   16      C    Py      -0.000000       0.000000       0.000000       0.000000      -0.000000
   17      C    Pz      -0.000001       0.000000       0.000001      -0.000011       0.000000
   18      C   Dxx       0.000000       0.002341      -0.000000      -0.010837      -0.000000
   19      C   Dxy      -0.000000      -0.000798       0.000000       0.010577       0.000000
   20      C   Dxz       0.000000      -0.000000      -0.000000       0.000000      -0.000000
   21      C   Dyy       0.000000       0.000615      -0.000000       0.012029      -0.000000
   22      C   Dyz      -0.000000      -0.000000      -0.000000       0.000000       0.000000
   23      C   Dzz       0.000000       0.002584      -0.000000      -0.014052      -0.000000
   24      C   Dxx       0.000000       0.007177      -0.000000      -0.023381      -0.000000
   25      C   Dxy       0.000000       0.000001       0.000000       0.024345       0.000000
   26      C   Dxz       0.000000      -0.000000      -0.000000       0.000000       0.000000
   27      C   Dyy       0.000000       0.007180      -0.000000       0.029250      -0.000000
   28      C   Dyz      -0.000000       0.000000       0.000000       0.000000      -0.000000
   29      C   Dzz       0.000000       0.007176      -0.000000      -0.030784      -0.000000
   30      C   Dxx       0.000000       0.002558      -0.000000      -0.011967      -0.000000
   31      C   Dxy      -0.000000      -0.000074       0.000000       0.011604      -0.000000
   32      C   Dxz       0.000000       0.000000      -0.000000       0.000000      -0.000000
   33      C   Dyy       0.000000       0.002398      -0.000000       0.013120      -0.000000
   34      C   Dyz       0.000000       0.000000       0.000000       0.000000       0.000000
   35      C   Dzz       0.000000       0.002580      -0.000000      -0.015505      -0.000000
   36      C  Fxxx       0.000000      -0.000000      -0.000000      -0.000000       0.000000
   37      C  Fxxy      -0.000000      -0.000000       0.000000       0.000000      -0.000000
   38      C  Fxxz      -0.000000       0.000000       0.000000       0.000000       0.000000
   39      C  Fxyy       0.000000      -0.000000      -0.000000      -0.000000       0.000000
   40      C  Fxyz      -0.000000      -0.000000       0.000000      -0.000000      -0.000000
   41      C  Fxzz       0.000000      -0.000000      -0.000000      -0.000000       0.000000
   42      C  Fyyy      -0.000000      -0.000000      -0.000000       0.000000      -0.000000
   43      C  Fyyz      -0.000000       0.000000       0.000000      -0.000000      -0.000000
   44      C  Fyzz      -0.000000      -0.000000      -0.000000       0.000000      -0.000000
   45      C  Fzzz      -0.000001       0.000001       0.000000       0.000001      -0.000000
   46      C  Fxxx       0.000000      -0.000000      -0.000000       0.000000       0.000000
   47      C  Fxxy      -0.000000      -0.000000       0.000000       0.000000      -0.000000
   48      C  Fxxz      -0.000000       0.000000       0.000000       0.000002       0.000000
   49      C  Fxyy       0.000000      -0.000000      -0.000000       0.000000       0.000000
   50      C  Fxyz       0.000000      -0.000000       0.000000       0.000001       0.000000
   51      C  Fxzz       0.000000      -0.000000      -0.000000       0.000000       0.000000
   52      C  Fyyy      -0.000000       0.000000       0.000000       0.000000      -0.000000
   53      C  Fyyz      -0.000000       0.000000       0.000000       0.000003       0.000000
   54      C  Fyzz      -0.000000       0.000000       0.000000       0.000000      -0.000000
   55      C  Fzzz      -0.000001       0.000001       0.000001       0.000002       0.000000
   56      C     S      -0.975589      -0.000000       0.005799       0.000000       0.000000
   57      C     S       0.007219      -0.000000      -0.562449       0.000001      -0.000000
   58      C     S      -0.045272      -0.000000      -0.147098       0.000002       0.000000
   59      C     S       0.015130       0.000001      -0.365011      -0.000006      -0.000000
   60      C     S       0.002897       0.000001      -0.023288      -0.000009      -0.000000
   61      C    Px       0.000000      -0.000000      -0.000000       0.000000      -0.339122
   62      C    Py      -0.000000       0.000000       0.000000      -0.000000       0.119092
   63      C    Pz       0.000045      -0.000000      -0.000578       0.000001       0.000000
   64      C    Px      -0.000000       0.000000      -0.000000       0.000000      -0.443337
   65      C    Py       0.000000      -0.000000      -0.000000      -0.000000       0.155690
   66      C    Pz      -0.000102       0.000001      -0.000685      -0.000001       0.000000
   67      C    Px      -0.000000       0.000000      -0.000000       0.000000      -0.282785
   68      C    Py       0.000000      -0.000000      -0.000000      -0.000000       0.099308
   69      C    Pz      -0.000044       0.000002      -0.001576      -0.000010       0.000000
   70      C    Px       0.000000      -0.000000       0.000000      -0.000000      -0.026606
   71      C    Py      -0.000000       0.000000      -0.000000       0.000000       0.009343
   72      C    Pz       0.000006      -0.000001      -0.000231       0.000006       0.000000
   73      C   Dxx      -0.003456      -0.000000      -0.020629       0.000000      -0.000000
   74      C   Dxy       0.001083       0.000000       0.014711      -0.000000       0.000000
   75      C   Dxz       0.000000      -0.000000       0.000000       0.000000      -0.000022
   76      C   Dyy      -0.001116      -0.000000       0.011176       0.000000      -0.000000
   77      C   Dyz       0.000000       0.000000       0.000000      -0.000000       0.000008
   78      C   Dzz      -0.001895      -0.000000      -0.002683       0.000000       0.000000
   79      C   Dxx      -0.007425      -0.000001      -0.041297       0.000002       0.000000
   80      C   Dxy      -0.000062      -0.000000       0.028784      -0.000000       0.000000
   81      C   Dxz       0.000000       0.000000       0.000000      -0.000000      -0.000420
   82      C   Dyy      -0.007559      -0.000001       0.020931       0.000002       0.000000
   83      C   Dyz      -0.000000       0.000000       0.000000      -0.000000       0.000148
   84      C   Dzz      -0.007131      -0.000001      -0.004552       0.000003       0.000000
   85      C   Dxx      -0.002570      -0.000000      -0.003668       0.000004       0.000000
   86      C   Dxy       0.000087      -0.000000       0.006745       0.000000       0.000000
   87      C   Dxz       0.000000      -0.000000       0.000000       0.000000      -0.001894
   88      C   Dyy      -0.002382      -0.000000       0.010916       0.000004       0.000000
   89      C   Dyz      -0.000000      -0.000000      -0.000000       0.000000       0.000665
   90      C   Dzz      -0.002523      -0.000000       0.009736       0.000004       0.000000
   91      C  Fxxx       0.000000      -0.000000       0.000000       0.000000      -0.017302
   92      C  Fxxy      -0.000000       0.000000       0.000000       0.000000       0.010613
   93      C  Fxxz       0.000018      -0.000000      -0.000038       0.000000       0.000000
   94      C  Fxyy       0.000000      -0.000000       0.000000       0.000000      -0.000655
   95      C  Fxyz       0.000000      -0.000000       0.000015      -0.000000       0.000000
   96      C  Fxzz       0.000000      -0.000000       0.000000       0.000000      -0.007886
   97      C  Fyyy      -0.000000       0.000000       0.000000       0.000000      -0.001663
   98      C  Fyyz       0.000019      -0.000000      -0.000007       0.000000      -0.000000
   99      C  Fyzz      -0.000000       0.000000       0.000000       0.000000       0.002769
  100      C  Fzzz       0.000042      -0.000001      -0.000077       0.000001       0.000000
  101      C  Fxxx       0.000000      -0.000000       0.000000       0.000000      -0.029390
  102      C  Fxxy      -0.000000       0.000000       0.000000       0.000000       0.013262
  103      C  Fxxz       0.000019      -0.000000      -0.000172       0.000002       0.000000
  104      C  Fxyy       0.000000      -0.000000       0.000000      -0.000000      -0.005388
  105      C  Fxyz       0.000000       0.000000       0.000084      -0.000000       0.000000
  106      C  Fxzz       0.000000      -0.000000       0.000000       0.000000      -0.012560
  107      C  Fyyy       0.000000       0.000000       0.000000       0.000000       0.001847
  108      C  Fyyz       0.000019      -0.000000       0.000010       0.000002      -0.000000
  109      C  Fyzz      -0.000000       0.000000      -0.000000       0.000000       0.004411
  110      C  Fzzz       0.000043      -0.000001      -0.000142       0.000004       0.000000
 
                          -0.0766        -0.0766   
 
    1      C     S      -0.000000       0.000010
    2      C     S       0.000000       0.000045
    3      C     S      -0.000000       0.000034
    4      C     S       0.000000       0.000042
    5      C     S      -0.000000      -0.000384
    6      C    Px       0.288602      -0.000000
    7      C    Py      -0.101351       0.000000
    8      C    Pz      -0.000000      -0.305867
    9      C    Px       0.373948      -0.000000
   10      C    Py      -0.131323       0.000000
   11      C    Pz      -0.000000      -0.396317
   12      C    Px       0.349910      -0.000000
   13      C    Py      -0.122881       0.000000
   14      C    Pz      -0.000000      -0.370820
   15      C    Px       0.160810      -0.000000
   16      C    Py      -0.056473       0.000000
   17      C    Pz      -0.000000      -0.170521
   18      C   Dxx      -0.000000       0.000004
   19      C   Dxy       0.000000      -0.000000
   20      C   Dxz       0.000000      -0.000000
   21      C   Dyy      -0.000000       0.000003
   22      C   Dyz      -0.000000       0.000000
   23      C   Dzz      -0.000000       0.000003
   24      C   Dxx      -0.000000       0.000026
   25      C   Dxy      -0.000000       0.000000
   26      C   Dxz      -0.000003       0.000000
   27      C   Dyy      -0.000000       0.000026
   28      C   Dyz       0.000001       0.000000
   29      C   Dzz      -0.000000       0.000033
   30      C   Dxx       0.000000       0.000100
   31      C   Dxy       0.000000       0.000003
   32      C   Dxz       0.000036      -0.000000
   33      C   Dyy       0.000000       0.000106
   34      C   Dyz      -0.000013       0.000000
   35      C   Dzz      -0.000000       0.000021
   36      C  Fxxx       0.014236      -0.000000
   37      C  Fxxy      -0.007292       0.000000
   38      C  Fxxz      -0.000000      -0.006749
   39      C  Fxyy       0.001831      -0.000000
   40      C  Fxyz       0.000000       0.003094
   41      C  Fxzz       0.007254      -0.000000
   42      C  Fyyy      -0.000044       0.000000
   43      C  Fyyz      -0.000000      -0.000061
   44      C  Fyzz      -0.002547       0.000000
   45      C  Fzzz      -0.000000      -0.017193
   46      C  Fxxx       0.017135      -0.000000
   47      C  Fxxy      -0.013619       0.000000
   48      C  Fxxz      -0.000000      -0.008126
   49      C  Fxyy      -0.002139       0.000000
   50      C  Fxyz       0.000000       0.006687
   51      C  Fxzz       0.009585      -0.000000
   52      C  Fyyy       0.004693      -0.000000
   53      C  Fyyz       0.000000       0.006331
   54      C  Fyzz      -0.003366       0.000000
   55      C  Fzzz      -0.000000      -0.022726
   56      C     S       0.000000       0.000020
   57      C     S       0.000000       0.000043
   58      C     S       0.000000       0.000082
   59      C     S      -0.000000      -0.000198
   60      C     S      -0.000000      -0.000498
   61      C    Px       0.000001       0.000000
   62      C    Py      -0.000000       0.000000
   63      C    Pz       0.000000       0.000027
   64      C    Px      -0.000001      -0.000000
   65      C    Py       0.000001       0.000000
   66      C    Pz      -0.000000      -0.000001
   67      C    Px      -0.000026       0.000000
   68      C    Py       0.000009       0.000000
   69      C    Pz      -0.000000      -0.000397
   70      C    Px       0.000019      -0.000000
   71      C    Py      -0.000007       0.000000
   72      C    Pz       0.000000       0.000325
   73      C   Dxx       0.000000       0.000012
   74      C   Dxy       0.000000      -0.000000
   75      C   Dxz      -0.000000       0.000000
   76      C   Dyy       0.000000       0.000012
   77      C   Dyz       0.000000       0.000000
   78      C   Dzz      -0.000000       0.000012
   79      C   Dxx       0.000000       0.000104
   80      C   Dxy      -0.000000      -0.000000
   81      C   Dxz       0.000000      -0.000000
   82      C   Dyy       0.000000       0.000103
   83      C   Dyz      -0.000000       0.000000
   84      C   Dzz       0.000000       0.000106
   85      C   Dxx       0.000000       0.000189
   86      C   Dxy      -0.000000       0.000000
   87      C   Dxz      -0.000000      -0.000000
   88      C   Dyy       0.000000       0.000189
   89      C   Dyz       0.000000      -0.000000
   90      C   Dzz       0.000000       0.000181
   91      C  Fxxx       0.000002       0.000000
   92      C  Fxxy      -0.000000       0.000000
   93      C  Fxxz       0.000000       0.000016
   94      C  Fxyy       0.000001       0.000000
   95      C  Fxyz       0.000000      -0.000000
   96      C  Fxzz       0.000001       0.000000
   97      C  Fyyy      -0.000001      -0.000000
   98      C  Fyyz       0.000000       0.000015
   99      C  Fyzz      -0.000000      -0.000000
  100      C  Fzzz       0.000000       0.000035
  101      C  Fxxx       0.000009       0.000000
  102      C  Fxxy      -0.000001      -0.000000
  103      C  Fxxz       0.000000       0.000069
  104      C  Fxyy       0.000004       0.000000
  105      C  Fxyz      -0.000000      -0.000000
  106      C  Fxzz       0.000004       0.000000
  107      C  Fyyy      -0.000003       0.000000
  108      C  Fyyz       0.000000       0.000069
  109      C  Fyzz      -0.000001      -0.000000
  110      C  Fzzz       0.000000       0.000155
 
 
  Occupied Eigenvectors for: E-BETA
 --------------------------- 
 
                         -11.2949       -10.9722        -0.6744        -0.3762        -0.3362   
 
    1      C     S      -0.000000       0.976026      -0.000000      -0.000000       0.014010
    2      C     S      -0.000000      -0.007676      -0.000000      -0.000000      -0.507881
    3      C     S      -0.000000       0.044186      -0.000000      -0.000000      -0.127567
    4      C     S       0.000001      -0.015543       0.000001       0.000000      -0.385940
    5      C     S       0.000001      -0.002982       0.000001       0.000000      -0.060707
    6      C    Px      -0.000000      -0.000000      -0.000000      -0.000000      -0.000000
    7      C    Py       0.000000      -0.000000       0.000000      -0.000000      -0.000000
    8      C    Pz       0.000000       0.000000       0.000000       0.000000      -0.000013
    9      C    Px       0.000000       0.000000       0.000000       0.000000       0.000000
   10      C    Py      -0.000000       0.000000       0.000000       0.000000      -0.000000
   11      C    Pz      -0.000001       0.000000      -0.000000      -0.000000      -0.000019
   12      C    Px      -0.000000       0.000000       0.000000       0.000000       0.000000
   13      C    Py      -0.000000       0.000000      -0.000000       0.000001      -0.000000
   14      C    Pz      -0.000001       0.000000      -0.000002      -0.000000      -0.000026
   15      C    Px       0.000000      -0.000000       0.000000      -0.000000      -0.000000
   16      C    Py       0.000000      -0.000000       0.000000      -0.000001      -0.000000
   17      C    Pz       0.000001      -0.000000       0.000001       0.000000      -0.000009
   18      C   Dxx      -0.000000       0.001944      -0.000000       0.000000       0.003433
   19      C   Dxy      -0.000000       0.000751      -0.000000      -0.000000      -0.010901
   20      C   Dxz       0.000000       0.000000      -0.000000       0.000000      -0.000000
   21      C   Dyy      -0.000000       0.003568      -0.000000      -0.000000      -0.020134
   22      C   Dyz       0.000000       0.000000      -0.000000       0.000000      -0.000000
   23      C   Dzz      -0.000000       0.001716      -0.000000       0.000000       0.006747
   24      C   Dxx      -0.000000       0.007560      -0.000000      -0.000000       0.006816
   25      C   Dxy       0.000000      -0.000022       0.000000      -0.000000      -0.026378
   26      C   Dxz      -0.000000      -0.000000       0.000000      -0.000000      -0.000000
   27      C   Dyy      -0.000000       0.007512      -0.000000      -0.000000      -0.050211
   28      C   Dyz       0.000000       0.000000       0.000000      -0.000000      -0.000000
   29      C   Dzz      -0.000000       0.007567      -0.000000      -0.000000       0.014836
   30      C   Dxx      -0.000000       0.002529      -0.000000      -0.000000      -0.001524
   31      C   Dxy      -0.000000       0.000080      -0.000000       0.000000      -0.017127
   32      C   Dxz      -0.000000       0.000000      -0.000000       0.000000      -0.000000
   33      C   Dyy      -0.000000       0.002703      -0.000000      -0.000000      -0.038551
   34      C   Dyz       0.000000       0.000000      -0.000000       0.000000      -0.000000
   35      C   Dzz      -0.000000       0.002505      -0.000000      -0.000000       0.003679
   36      C  Fxxx      -0.000000      -0.000000      -0.000000      -0.000000      -0.000000
   37      C  Fxxy       0.000000       0.000000       0.000000      -0.000000      -0.000000
   38      C  Fxxz       0.000000      -0.000000       0.000000       0.000000       0.000000
   39      C  Fxyy      -0.000000      -0.000000      -0.000000      -0.000000      -0.000000
   40      C  Fxyz      -0.000000       0.000000      -0.000000      -0.000000      -0.000000
   41      C  Fxzz      -0.000000      -0.000000      -0.000000      -0.000000      -0.000000
   42      C  Fyyy       0.000000      -0.000000       0.000000      -0.000000      -0.000000
   43      C  Fyyz       0.000000      -0.000000       0.000000       0.000000      -0.000000
   44      C  Fyzz       0.000000      -0.000000       0.000000      -0.000000      -0.000000
   45      C  Fzzz       0.000001      -0.000000       0.000000       0.000000       0.000001
   46      C  Fxxx       0.000000      -0.000000      -0.000000      -0.000000      -0.000000
   47      C  Fxxy       0.000000      -0.000000       0.000000      -0.000000      -0.000000
   48      C  Fxxz       0.000000      -0.000000       0.000000       0.000000       0.000002
   49      C  Fxyy      -0.000000      -0.000000      -0.000000      -0.000000      -0.000000
   50      C  Fxyz       0.000000       0.000000       0.000000      -0.000000      -0.000001
   51      C  Fxzz       0.000000      -0.000000      -0.000000      -0.000000      -0.000000
   52      C  Fyyy       0.000000      -0.000000       0.000000      -0.000000      -0.000000
   53      C  Fyyz       0.000000      -0.000000       0.000000       0.000000      -0.000001
   54      C  Fyzz       0.000000      -0.000000       0.000000      -0.000000       0.000000
   55      C  Fzzz       0.000001      -0.000000       0.000001       0.000000       0.000005
   56      C     S       0.975589      -0.000000       0.005799       0.000000       0.000000
   57      C     S      -0.007219      -0.000000      -0.562449      -0.000000       0.000000
   58      C     S       0.045272      -0.000000      -0.147098      -0.000000       0.000001
   59      C     S      -0.015130       0.000001      -0.365011       0.000000      -0.000003
   60      C     S      -0.002897       0.000001      -0.023288       0.000000      -0.000004
   61      C    Px      -0.000000      -0.000000       0.000000       0.119092      -0.000000
   62      C    Py      -0.000000       0.000000       0.000000       0.339122      -0.000000
   63      C    Pz      -0.000045      -0.000000      -0.000573       0.000000       0.000000
   64      C    Px       0.000000       0.000000       0.000000       0.155690      -0.000000
   65      C    Py       0.000000      -0.000000      -0.000000       0.443337      -0.000000
   66      C    Pz       0.000102       0.000001      -0.000677       0.000000      -0.000000
   67      C    Px       0.000000       0.000000      -0.000000       0.099308      -0.000000
   68      C    Py       0.000000      -0.000000      -0.000000       0.282784      -0.000000
   69      C    Pz       0.000044       0.000002      -0.001573       0.000000      -0.000003
   70      C    Px      -0.000000      -0.000000       0.000000       0.009343      -0.000000
   71      C    Py       0.000000       0.000000      -0.000000       0.026605       0.000000
   72      C    Pz      -0.000006      -0.000001      -0.000231       0.000000       0.000002
   73      C   Dxx       0.001116      -0.000000       0.011176      -0.000000       0.000000
   74      C   Dxy       0.001083       0.000000      -0.014711      -0.000000      -0.000000
   75      C   Dxz       0.000000      -0.000000      -0.000000       0.000008       0.000000
   76      C   Dyy       0.003456      -0.000000      -0.020629      -0.000000       0.000000
   77      C   Dyz       0.000000       0.000000      -0.000000       0.000022       0.000000
   78      C   Dzz       0.001895      -0.000000      -0.002683      -0.000000       0.000000
   79      C   Dxx       0.007559      -0.000001       0.020931      -0.000000       0.000001
   80      C   Dxy      -0.000062      -0.000000      -0.028783      -0.000000       0.000000
   81      C   Dxz      -0.000000       0.000000      -0.000000       0.000147      -0.000000
   82      C   Dyy       0.007425      -0.000001      -0.041297      -0.000000       0.000001
   83      C   Dyz       0.000000       0.000000      -0.000000       0.000419      -0.000000
   84      C   Dzz       0.007131      -0.000001      -0.004552      -0.000000       0.000001
   85      C   Dxx       0.002382      -0.000000       0.010915      -0.000000       0.000002
   86      C   Dxy       0.000087       0.000000      -0.006745       0.000000      -0.000000
   87      C   Dxz       0.000000      -0.000000      -0.000000       0.000665       0.000000
   88      C   Dyy       0.002570      -0.000000      -0.003667      -0.000000       0.000002
   89      C   Dyz       0.000000      -0.000000      -0.000000       0.001894      -0.000000
   90      C   Dzz       0.002523      -0.000000       0.009736       0.000000       0.000002
   91      C  Fxxx      -0.000000      -0.000000       0.000000      -0.001663       0.000000
   92      C  Fxxy      -0.000000       0.000000       0.000000       0.000655       0.000000
   93      C  Fxxz      -0.000019      -0.000000      -0.000007       0.000000       0.000000
   94      C  Fxyy      -0.000000      -0.000000       0.000000       0.010613       0.000000
   95      C  Fxyz       0.000000       0.000000      -0.000014       0.000000      -0.000000
   96      C  Fxzz      -0.000000      -0.000000      -0.000000       0.002769       0.000000
   97      C  Fyyy      -0.000000       0.000000       0.000000       0.017302       0.000000
   98      C  Fyyz      -0.000018      -0.000000      -0.000038       0.000000       0.000000
   99      C  Fyzz      -0.000000       0.000000       0.000000       0.007886       0.000000
  100      C  Fzzz      -0.000042      -0.000001      -0.000077       0.000000       0.000000
  101      C  Fxxx      -0.000000      -0.000000       0.000000       0.001847       0.000000
  102      C  Fxxy      -0.000000       0.000000       0.000000       0.005388       0.000000
  103      C  Fxxz      -0.000019      -0.000000       0.000010       0.000000       0.000001
  104      C  Fxyy      -0.000000      -0.000000       0.000000       0.013261      -0.000000
  105      C  Fxyz       0.000000      -0.000000      -0.000084       0.000000       0.000000
  106      C  Fxzz      -0.000000      -0.000000      -0.000000       0.004411      -0.000000
  107      C  Fyyy      -0.000000       0.000000       0.000000       0.029390       0.000000
  108      C  Fyyz      -0.000018      -0.000000      -0.000172       0.000000       0.000001
  109      C  Fyzz      -0.000000       0.000000       0.000000       0.012560       0.000000
  110      C  Fzzz      -0.000043      -0.000001      -0.000142       0.000000       0.000001
 
                          -0.0398   
 
    1      C     S       0.000000
    2      C     S       0.000000
    3      C     S       0.000000
    4      C     S      -0.000000
    5      C     S       0.000000
    6      C    Px       0.093493
    7      C    Py       0.266227
    8      C    Pz       0.000000
    9      C    Px       0.118885
   10      C    Py       0.338531
   11      C    Pz       0.000000
   12      C    Px       0.117929
   13      C    Py       0.335809
   14      C    Pz       0.000000
   15      C    Px       0.086266
   16      C    Py       0.245647
   17      C    Pz       0.000000
   18      C   Dxx      -0.000000
   19      C   Dxy      -0.000000
   20      C   Dxz       0.000001
   21      C   Dyy      -0.000000
   22      C   Dyz       0.000003
   23      C   Dzz      -0.000000
   24      C   Dxx       0.000000
   25      C   Dxy       0.000000
   26      C   Dxz      -0.000000
   27      C   Dyy       0.000000
   28      C   Dyz      -0.000001
   29      C   Dzz       0.000000
   30      C   Dxx       0.000000
   31      C   Dxy      -0.000000
   32      C   Dxz       0.000014
   33      C   Dyy       0.000000
   34      C   Dyz       0.000040
   35      C   Dzz       0.000000
   36      C  Fxxx       0.001882
   37      C  Fxxy       0.004190
   38      C  Fxxz       0.000000
   39      C  Fxyy       0.008186
   40      C  Fxyz       0.000000
   41      C  Fxzz       0.000527
   42      C  Fyyy       0.019611
   43      C  Fyyz       0.000000
   44      C  Fyzz       0.001500
   45      C  Fzzz       0.000000
   46      C  Fxxx      -0.000221
   47      C  Fxxy       0.003768
   48      C  Fxxz       0.000000
   49      C  Fxyy       0.016489
   50      C  Fxyz       0.000000
   51      C  Fxzz      -0.000809
   52      C  Fyyy       0.031559
   53      C  Fyyz       0.000000
   54      C  Fyzz      -0.002303
   55      C  Fzzz      -0.000000
   56      C     S       0.000000
   57      C     S       0.000000
   58      C     S      -0.000000
   59      C     S       0.000000
   60      C     S      -0.000000
   61      C    Px       0.000000
   62      C    Py       0.000001
   63      C    Pz       0.000000
   64      C    Px      -0.000001
   65      C    Py      -0.000003
   66      C    Pz      -0.000000
   67      C    Px      -0.000019
   68      C    Py      -0.000053
   69      C    Pz      -0.000000
   70      C    Px       0.000015
   71      C    Py       0.000042
   72      C    Pz      -0.000000
   73      C   Dxx      -0.000000
   74      C   Dxy       0.000000
   75      C   Dxz      -0.000000
   76      C   Dyy       0.000000
   77      C   Dyz      -0.000000
   78      C   Dzz      -0.000000
   79      C   Dxx      -0.000000
   80      C   Dxy      -0.000000
   81      C   Dxz       0.000000
   82      C   Dyy      -0.000000
   83      C   Dyz       0.000000
   84      C   Dzz      -0.000000
   85      C   Dxx       0.000000
   86      C   Dxy       0.000000
   87      C   Dxz      -0.000000
   88      C   Dyy      -0.000000
   89      C   Dyz      -0.000001
   90      C   Dzz       0.000000
   91      C  Fxxx       0.000001
   92      C  Fxxy       0.000002
   93      C  Fxxz       0.000000
   94      C  Fxyy       0.000001
   95      C  Fxyz      -0.000000
   96      C  Fxzz       0.000001
   97      C  Fyyy       0.000004
   98      C  Fyyz      -0.000000
   99      C  Fyzz       0.000002
  100      C  Fzzz       0.000000
  101      C  Fxxx       0.000007
  102      C  Fxxy       0.000009
  103      C  Fxxz       0.000000
  104      C  Fxyy       0.000003
  105      C  Fxyz      -0.000000
  106      C  Fxzz       0.000003
  107      C  Fyyy       0.000019
  108      C  Fyyz       0.000000
  109      C  Fyzz       0.000009
  110      C  Fzzz       0.000000
 
 
  end of eigenvectors 
 
  END OF EIGENVALUES AND EIGENVECTORS
 
 
  COMPONENTS OF KINETIC ENERGY: 
 -----------------------------
 
             E-ALPHA Kinetic energy =           38.230727229560
              E-BETA Kinetic energy =           37.093694540923
                                     _________________________
               Total kinetic energy =           75.324421770483
 
  COMPONENTS OF POTENTIAL ENERGY: 
 -------------------------------
 
          Fixed potential energy    =            1.524030477811
 
  Quantum/Fixed interaction energy: 
 ----------------------------------
 
     E-ALPHA/Fixed interact. energy =          -93.082175045919
      E-BETA/Fixed interact. energy =          -88.349274591035
                                     _________________________
               Total Q/Fixed energy =         -181.431449636954
 
  Coulomb energy: 
 ------------------
 
     E-ALPHA/E-ALPHA Hartree energy =           11.029864925339
       E-BETA/E-BETA Hartree energy =            8.936258899254
      E-ALPHA/E-BETA Hartree energy =           19.543309116240
                                     _________________________
               Total Hartree energy =           39.509432940833
 
  Exchange(HF) energy: 
 ----------------------
 
            E-ALPHA Exchange energy =           -5.345684861111
             E-BETA Exchange energy =           -4.926905080224
                                     _________________________
              Total Exchange energy =          -10.272589941335
 
  TOTAL ENERGY COMPONENTS: 
 ==========================
 
          TOTAL KINETIC ENERGY      =           75.324421770483
          TOTAL POTENTIAL ENERGY    =         -150.670576159644
                                     _________________________
                       TOTAL ENERGY =          -75.346154389162
 
                 VIRIAL RATIO (V/T) =            2.000288520219
 
 
  END ENERGY COMPONENTS
 
 
** TOTAL CPU Time SCF :     45.127 (s)
** TOTAL Elapsed Time SCF :      5.221 (s)
 
 We are calculating properties for E-ALPHA in the HF/KS ground state
 We are calculating properties for E-BETA in the HF/KS ground state
 
  POPULATION ANALYSES: 
 ====================
 
 MULLIKEN Population: for E-        
 ---------------------
 
                          total          spin      
 
    1      C     S       1.950786      -0.000886
    2      C     S       0.974138       0.024731
    3      C     S       0.218181       0.007121
    4      C     S       0.703402      -0.008711
    5      C     S       0.071710      -0.011287
    6      C    Px       0.197052       0.159140
    7      C    Py       0.175673      -0.131745
    8      C    Pz       0.200043       0.200043
    9      C    Px       0.354835       0.285827
   10      C    Py       0.319283      -0.240273
   11      C    Pz       0.359810       0.359810
   12      C    Px       0.314302       0.246147
   13      C    Py       0.310881      -0.241763
   14      C    Pz       0.314756       0.314756
   15      C    Px       0.098422       0.063587
   16      C    Py       0.151223      -0.131243
   17      C    Pz       0.091049       0.091049
   18      C   Dxx       0.005475       0.009220
   19      C   Dxy       0.000561      -0.000031
   20      C   Dxz       0.000000      -0.000000
   21      C   Dyy       0.006383      -0.020993
   22      C   Dyz       0.000000      -0.000000
   23      C   Dzz       0.005628       0.013453
   24      C   Dxx       0.011357       0.019512
   25      C   Dxy       0.001999      -0.000216
   26      C   Dxz      -0.000000      -0.000000
   27      C   Dyy       0.017335      -0.052020
   28      C   Dyz      -0.000000       0.000000
   29      C   Dzz       0.011516       0.029465
   30      C   Dxx       0.004855       0.003750
   31      C   Dxy       0.000888      -0.000264
   32      C   Dxz       0.000000       0.000000
   33      C   Dyy       0.011402      -0.019772
   34      C   Dyz       0.000000      -0.000000
   35      C   Dzz       0.004383       0.006928
   36      C  Fxxx       0.010600       0.009708
   37      C  Fxxy       0.003534      -0.000703
   38      C  Fxxz       0.003803       0.003803
   39      C  Fxyy       0.002498      -0.000575
   40      C  Fxyz       0.000021       0.000021
   41      C  Fxzz       0.003959       0.003773
   42      C  Fyyy       0.013496      -0.013474
   43      C  Fyyz       0.000034       0.000034
   44      C  Fyzz       0.001229      -0.000276
   45      C  Fzzz       0.013029       0.013029
   46      C  Fxxx       0.011551       0.011656
   47      C  Fxxy       0.004452       0.000625
   48      C  Fxxz       0.004347       0.004347
   49      C  Fxyy       0.002086      -0.004210
   50      C  Fxyz       0.000056       0.000056
   51      C  Fxzz       0.004711       0.004996
   52      C  Fyyy       0.020772      -0.022954
   53      C  Fyyz      -0.003310      -0.003310
   54      C  Fyzz      -0.000559       0.001757
   55      C  Fzzz       0.016363       0.016363
   56      C     S       1.950310       0.000000
   57      C     S       1.072472      -0.000000
   58      C     S       0.246182      -0.000000
   59      C     S       0.653864       0.000000
   60      C     S       0.028660       0.000000
   61      C    Px       0.263369       0.205540
   62      C    Py       0.263369      -0.205541
   63      C    Pz       0.000002       0.000000
   64      C    Px       0.445727       0.347857
   65      C    Py       0.445727      -0.347857
   66      C    Pz       0.000003       0.000000
   67      C    Px       0.230074       0.179556
   68      C    Py       0.230074      -0.179556
   69      C    Pz       0.000008      -0.000000
   70      C    Px       0.010606       0.008277
   71      C    Py       0.010606      -0.008277
   72      C    Pz       0.000001       0.000000
   73      C   Dxx       0.007488       0.021339
   74      C   Dxy       0.000910       0.000000
   75      C   Dxz       0.000000       0.000000
   76      C   Dyy       0.007488      -0.021339
   77      C   Dyz       0.000000      -0.000000
   78      C   Dzz       0.003981       0.000000
   79      C   Dxx       0.014973       0.039623
   80      C   Dxy       0.002330       0.000000
   81      C   Dxz       0.000001       0.000001
   82      C   Dyy       0.014973      -0.039622
   83      C   Dyz       0.000001      -0.000001
   84      C   Dzz       0.006010       0.000000
   85      C   Dxx      -0.002000       0.004469
   86      C   Dxy       0.000339       0.000000
   87      C   Dxz       0.000005       0.000004
   88      C   Dyy      -0.002000      -0.004469
   89      C   Dyz       0.000005      -0.000004
   90      C   Dzz      -0.005995      -0.000000
   91      C  Fxxx       0.012628       0.013494
   92      C  Fxxy       0.002551       0.001823
   93      C  Fxxz       0.000000       0.000000
   94      C  Fxyy       0.002551      -0.001823
   95      C  Fxyz       0.000000       0.000000
   96      C  Fxzz       0.004983       0.003889
   97      C  Fyyy       0.012628      -0.013494
   98      C  Fyyz       0.000000      -0.000000
   99      C  Fyzz       0.004983      -0.003889
  100      C  Fzzz       0.000000       0.000000
  101      C  Fxxx       0.018747       0.017956
  102      C  Fxxy       0.004748      -0.000183
  103      C  Fxxz       0.000000       0.000000
  104      C  Fxyy       0.004748       0.000183
  105      C  Fxyz       0.000000       0.000000
  106      C  Fxzz       0.006561       0.005121
  107      C  Fyyy       0.018747      -0.017956
  108      C  Fyyz       0.000000      -0.000000
  109      C  Fyzz       0.006561      -0.005121
  110      C  Fzzz       0.000001       0.000000
 
                           __________     __________
              Total =       13.000000       1.000000
 
  Atomic MULLIKEN Population: for E-        
            C                7.000000       1.000000
            C                6.000000       0.000000
 
 ...end of MULLIKEN Population
 
 
 END POPULATION ANALYSES 
 
 
  POPULATION ANALYSES: 
 ====================
 
 LOWDIN Population: for E-        
 ---------------------
 
                          total          spin      
 
    1      C     S       1.609867      -0.000236
    2      C     S       0.562709       0.008322
    3      C     S       0.397455       0.006064
    4      C     S       0.321056      -0.003471
    5      C     S       0.117157      -0.007435
    6      C    Px       0.181185       0.146665
    7      C    Py       0.160130      -0.119687
    8      C    Pz       0.184117       0.184117
    9      C    Px       0.171598       0.137901
   10      C    Py       0.157070      -0.119295
   11      C    Pz       0.174077       0.174077
   12      C    Px       0.169082       0.129920
   13      C    Py       0.178681      -0.142183
   14      C    Pz       0.168185       0.168185
   15      C    Px       0.094376       0.063407
   16      C    Py       0.135419      -0.115987
   17      C    Pz       0.088677       0.088677
   18      C   Dxx       0.154052       0.013943
   19      C   Dxy       0.000630      -0.000035
   20      C   Dxz       0.000000      -0.000000
   21      C   Dyy       0.155374      -0.020445
   22      C   Dyz       0.000000      -0.000000
   23      C   Dzz       0.154182       0.018761
   24      C   Dxx       0.145319       0.015213
   25      C   Dxy       0.001864      -0.000221
   26      C   Dxz       0.000000       0.000000
   27      C   Dyy       0.151520      -0.043127
   28      C   Dyz       0.000000      -0.000000
   29      C   Dzz       0.145381       0.023309
   30      C   Dxx       0.025976       0.001743
   31      C   Dxy       0.000954      -0.000255
   32      C   Dxz       0.000000       0.000000
   33      C   Dyy       0.030715      -0.016283
   34      C   Dyz       0.000000      -0.000000
   35      C   Dzz       0.025789       0.004152
   36      C  Fxxx       0.108974       0.088890
   37      C  Fxxy       0.042818      -0.030227
   38      C  Fxxz       0.048238       0.048238
   39      C  Fxyy       0.046324       0.034777
   40      C  Fxyz       0.000024       0.000024
   41      C  Fxzz       0.047769       0.039084
   42      C  Fyyy       0.100937      -0.078647
   43      C  Fyyz       0.044510       0.044510
   44      C  Fyzz       0.040540      -0.029822
   45      C  Fzzz       0.112513       0.112513
   46      C  Fxxx       0.097289       0.077528
   47      C  Fxxy       0.042697      -0.030570
   48      C  Fxxz       0.042290       0.042290
   49      C  Fxyy       0.040838       0.027829
   50      C  Fxyz       0.000053       0.000053
   51      C  Fxzz       0.042580       0.034047
   52      C  Fyyy       0.102364      -0.083753
   53      C  Fyyz       0.037158       0.037158
   54      C  Fyzz       0.039327      -0.029878
   55      C  Fzzz       0.100159       0.100159
   56      C     S       1.610804      -0.000000
   57      C     S       0.594427      -0.000000
   58      C     S       0.419350      -0.000000
   59      C     S       0.305194       0.000000
   60      C     S       0.088714       0.000000
   61      C    Px       0.244184       0.190572
   62      C    Py       0.244184      -0.190572
   63      C    Pz       0.000001       0.000000
   64      C    Px       0.209741       0.164124
   65      C    Py       0.209741      -0.164124
   66      C    Pz       0.000002       0.000000
   67      C    Px       0.122694       0.096017
   68      C    Py       0.122694      -0.096017
   69      C    Pz       0.000004       0.000000
   70      C    Px       0.022817       0.017818
   71      C    Py       0.022817      -0.017818
   72      C    Pz       0.000001       0.000000
   73      C   Dxx       0.171201       0.022820
   74      C   Dxy       0.001001       0.000000
   75      C   Dxz       0.000000       0.000000
   76      C   Dyy       0.171201      -0.022820
   77      C   Dyz       0.000000      -0.000000
   78      C   Dzz       0.166916      -0.000000
   79      C   Dxx       0.143620       0.030413
   80      C   Dxy       0.002097       0.000000
   81      C   Dxz       0.000001       0.000001
   82      C   Dyy       0.143620      -0.030413
   83      C   Dyz       0.000001      -0.000001
   84      C   Dzz       0.135473       0.000000
   85      C   Dxx       0.016120       0.004817
   86      C   Dxy       0.000481       0.000000
   87      C   Dxz       0.000004       0.000003
   88      C   Dyy       0.016120      -0.004817
   89      C   Dyz       0.000004      -0.000003
   90      C   Dzz       0.013646       0.000000
   91      C  Fxxx       0.133887       0.107103
   92      C  Fxxy       0.056864      -0.041174
   93      C  Fxxz       0.000001       0.000000
   94      C  Fxyy       0.056864       0.041174
   95      C  Fxyz       0.000000       0.000000
   96      C  Fxzz       0.058783       0.045873
   97      C  Fyyy       0.133887      -0.107103
   98      C  Fyyz       0.000001      -0.000000
   99      C  Fyzz       0.058783      -0.045873
  100      C  Fzzz       0.000001       0.000000
  101      C  Fxxx       0.082314       0.066379
  102      C  Fxxy       0.033672      -0.023646
  103      C  Fxxz       0.000001       0.000000
  104      C  Fxyy       0.033672       0.023646
  105      C  Fxyz       0.000000       0.000000
  106      C  Fxzz       0.035038       0.027343
  107      C  Fyyy       0.082314      -0.066379
  108      C  Fyyz       0.000001      -0.000000
  109      C  Fyzz       0.035038      -0.027343
  110      C  Fzzz       0.000002       0.000000
 
                           __________     __________
              Total =       13.000000       1.000000
 
  Atomic LOWDIN Population: for E-        
            C                7.000000       1.000000
            C                6.000000       0.000000
 
 ...end of LOWDIN Population
 
 
 END POPULATION ANALYSES 
 
 
  EXPECTED POSITIONS OF QUANTUM SPECIES:
 ======================
 
 POSITIONS IN ANGSTROMS
 ------
 
                        <x>      <y>      <z>         
            E-ALPHA  -0.0000   0.0000  37.5050
             E-BETA  -0.0000   0.0000  37.5049
 
 END EXPECTED POSITIONS
 
 
  ELECTROSTATIC MOMENTS:
 ======================
 
 
 DIPOLE: (A.U.)
 ------
 
                           <Dx>         <Dy>         <Dz>          |D|
            E-ALPHA   0.00000000  -0.00000000 -70.87426876
             E-BETA   0.00000000  -0.00000000 -70.87395330
    Point charges:    0.00000000   0.00000000 141.72944908
                     ____________________________
      Total Dipole:   0.00000000  -0.00000000  -0.01877298   0.01877298
 
 DIPOLE: (DEBYE)
 ------
 
                           <Dx>         <Dy>         <Dz>          |D|
            E-ALPHA   0.00000000  -0.00000000-180.14439901
             E-BETA   0.00000000  -0.00000000-180.14359718
    Point charges:    0.00000000   0.00000000 360.24028005
                     ____________________________
      Total Dipole:   0.00000000  -0.00000000  -0.04771614   0.04771614
 
 QUADRUPOLE NON-TRACELESS: (DEBYE ANGS)
 ------
 
                           <xx>         <yy>         <zz>         <xy>         <xz>         <yz>
            E-ALPHA  -12.43750591   -7.48068998-2262.88872777    1.98560377    0.00000000   -0.00000000
             E-BETA   -6.67562396  -12.46685732-2258.11405116   -2.31985514   -0.00000000   -0.00000000
    Point charges:     0.00000000    0.00000000 4503.00298699    0.00000000    0.00000000    0.00000000
  Total Quadrupole:  -19.11312988  -19.94754730  -17.99979195   -0.33425137    0.00000000   -0.00000000
                     ____________________________
 
 END ELECTROSTATIC MOMENTS
 
 
 BEGIN FOUR-INDEX INTEGRALS TRANFORMATION:
 ========================================
 Selected method: C         
 
 --------------------------------------------------
    4N^5 Algorithm Four-index integral tranformation
 --------------------------------------------------
 
 Integrals transformation for: E-ALPHA
 
              Transformation boundaries 
                 orbital lower upper
                       p     1     7
                       q     8   110
                       r     1     7
                       s     8   110
 
         Loading AO integrals time(s):  0.600E-02
      Integral transformation time(s):  0.149E+01
       Non-zero transformed integrals:        60666
 
 Inter-species integrals transformation for: E-ALPHA/E-BETA
 
              Transformation boundaries 
                 orbital lower upper
                       p     1     6
                       q     7   110
                       r     1     7
                       s     8   110
 
         Loading AO integrals time(s):  0.130E-01
      Integral transformation time(s):  0.718E+01
 Non zero transformed coupling integrals:        81203
 
 Integrals transformation for: E-BETA
 
              Transformation boundaries 
                 orbital lower upper
                       p     1     6
                       q     7   110
                       r     1     6
                       s     7   110
 
         Loading AO integrals time(s):  0.610E-02
      Integral transformation time(s):  0.131E+01
       Non-zero transformed integrals:       152562
 
** TOTAL Elapsed Time for integrals transformation :     10.289 (s)
 
 
  POST HARTREE-FOCK CALCULATION
  MANY-BODY PERTURBATION THEORY:
 ==============================
 
              MOLLER-PLESSET FORMALISM 
               ORDER OF CORRECTION =     2
 
                E(0) + E(1) =     -75.346154389162
                       E(2) =      -0.187674175885
                             ____________________
                     E(MP2) =     -75.533828565047
 
              -----------------------------------
               E(n){ Specie }     E(n) / Hartree 
              -----------------------------------
 
            E(2){ E-ALPHA } =      -0.020312773699
             E(2){ E-BETA } =      -0.009332868526
 
     E(2){ E-ALPHA/E-BETA } =      -0.158028533660
 
** TOTAL CPU Time HF-MBPT :      0.998 (s)
** TOTAL Elapsed Time HF-MBPT :      0.378 (s)
 

  TOTAL CPU Time:      0.468 (s)
 TOTAL Wall Time:     16.007 (s)
  Elapsed Time:   0h  0m 16s   7ms
LOWDIN execution terminated normally at : Thu Feb 27 18:22:00 2025
-rw-rw-r-- 1 pohl pohl 5.5M feb 27 18:21 0E-ALPHA.E-BETA.ints
-rw-rw-r-- 1 pohl pohl 2.8M feb 27 18:21 0E-ALPHA.ints
-rw-rw-r-- 1 pohl pohl 5.5M feb 27 18:21 1E-ALPHA.E-BETA.ints
-rw-rw-r-- 1 pohl pohl 2.8M feb 27 18:21 1E-ALPHA.ints
-rw-rw-r-- 1 pohl pohl 5.5M feb 27 18:21 2E-ALPHA.E-BETA.ints
-rw-rw-r-- 1 pohl pohl 2.8M feb 27 18:21 2E-ALPHA.ints
-rw-rw-r-- 1 pohl pohl 5.5M feb 27 18:21 3E-ALPHA.E-BETA.ints
-rw-rw-r-- 1 pohl pohl 2.8M feb 27 18:21 3E-ALPHA.ints
-rw-rw-r-- 1 pohl pohl 5.5M feb 27 18:21 4E-ALPHA.E-BETA.ints
-rw-rw-r-- 1 pohl pohl 2.8M feb 27 18:21 4E-ALPHA.ints
-rw-rw-r-- 1 pohl pohl 5.5M feb 27 18:21 5E-ALPHA.E-BETA.ints
-rw-rw-r-- 1 pohl pohl 2.8M feb 27 18:21 5E-ALPHA.ints
-rw-rw-r-- 1 pohl pohl 5.5M feb 27 18:21 6E-ALPHA.E-BETA.ints
-rw-rw-r-- 1 pohl pohl 2.8M feb 27 18:21 6E-ALPHA.ints
-rw-rw-r-- 1 pohl pohl 5.5M feb 27 18:21 7E-ALPHA.E-BETA.ints
-rw-rw-r-- 1 pohl pohl 2.8M feb 27 18:21 7E-ALPHA.ints
-rw-rw-r-- 1 pohl pohl 5.5M feb 27 18:21 8E-ALPHA.E-BETA.ints
-rw-rw-r-- 1 pohl pohl 2.8M feb 27 18:21 8E-ALPHA.ints
-rw-rw-r-- 1 pohl pohl  258 feb 27 18:21 c_step_22
-rw-rw-r-- 1 pohl pohl 1.1K feb 27 18:21 c_step_22.aux
-rw-rw-r-- 1 pohl pohl  266 feb 27 18:21 c_step_22.lowdin
-rw-rw-r-- 1 pohl pohl  81K feb 27 18:22 c_step_22.out
-rw-rw-r-- 1 pohl pohl 192K feb 27 18:21 c_step_22.vec
-rw-rw-r-- 1 pohl pohl   12 feb 27 18:21 E-ALPHA.E-BETA.nints
-rw-rw-r-- 1 pohl pohl 7.6M feb 27 18:21 E-ALPHAmoint.dat
-rw-rw-r-- 1 pohl pohl 2.1M feb 27 18:21 E-BETA.E-ALPHAmoint.dat
-rw-rw-r-- 1 pohl pohl 6.9M feb 27 18:21 E-BETAmoint.dat
-rw-rw-r-- 1 pohl pohl   65 feb 27 18:21 gepol.inp
-rw-rw-r-- 1 pohl pohl  182 feb 27 18:21 gepol.xyzr
-rw-rw-r-- 1 pohl pohl  13K feb 27 18:21 lowdin.bas
-rw-rw-r-- 1 pohl pohl  16K feb 27 18:21 lowdin.dat
-rw-rw-r-- 1 pohl pohl 2.3M feb 27 18:21 lowdin.opints
-rw-rw-r-- 1 pohl pohl  46K feb 27 18:21 lowdin.sys
-rw-rw-r-- 1 pohl pohl 2.1M feb 27 18:21 lowdin.wfn
