Begin job by input: c_step_30.lowdin, for user:   at  jue 27 feb 2025 18:23:41 -05
under operating system Linux helios 5.19.0-46-generic #47-Ubuntu SMP PREEMPT_DYNAMIC Fri Jun 16 13:30:11 UTC 2023 x86_64 x86_64 x86_64 GNU/Linux
Compilation information
  commit: f31d3924f6ee2ce9d77f07edcc1ba27359319d14
  compilation date:  mar 17 sep 2024 16:16:17 -05

BEGIN INPUT INFO:
------------------------------------

GEOMETRY
	e-(C)	AUG-CC-PVTZ 0.0 0.0 0.0  multiplicity=2 addParticles=1 
	e-(C)	AUG-CC-PVTZ 0.0 0.0 16.5
	C	Dirac 0 0.0 0.0
	C	Dirac 0.0 0.0 16.5
END GEOMETRY

TASKS
        method = "UHF"
	mollerPlessetCorrection=2
END TASKS

CONTROL
	units="ANGS"
END CONTROL






... END INPUT INFO


 LOWDIN execution started at : Thu Feb 27 18:23:41 2025
 ---------------------------------------------------------------
 
 ***************************************************************
 *                   LOWDIN 2.0  (May/2013)                    *
 *                                                             *
 *  R. FLORES-MORENO, E. F. POSADA, F. S. MONCADA, J.ROMERO,   *
 *  J. CHARRY, M. DIAZ-TINOCO, S. A. GONZALEZ, N. F. AGUIRRE,  *
 *  A. REYES                                                   *
 *                                                             *
 *  https://sites.google.com/site/lowdinproject/               *
 *                                                             *
 ***************************************************************
 
 PARSING INPUT... DONE!
 
 LOWDIN IS RUNNING WITH NEXT PARAMETERS: 
 ----------------------------------------
 
         METHOD TYPE:  UHF
         NUMBER OF CORES:     9
         MOLLER PLESSET CORRECTION:      2
         NONELECTRONIC DENSITY GUESS: HCORE
         ELECTRONIC DENSITY GUESS: HCORE
         CRITERIUM OF CONVERGENCE: ENERGY
         NONELECTRONIC ENERGY TOLERANCE IN SCFs:     0.10000E-07
         ELECTRONIC ENERGY TOLERANCE IN SCFs:     0.10000E-07
         TOTAL ENERGY TOLERANCE IN SCFs:     0.10000E-07
         SCHEME OF ITERATION: GLOBAL ITERATIONS
         SCF MAX. SUBITERATIONS - NONELECTRONS :     1
         SCF MAX. SUBITERATIONS - ELECTRONS :     1
         SCF MAX. ITERATIONS - INTERSPECIES :   200
         INTEGRAL STORAGE: DISK
         STACK SIZE FOR ERIS : 30000
         METHOD OF SCF CONVERGENCE: DAMPING
 
  MOLECULAR SYSTEM: c_step_30
 -----------------
 
    DESCRIPTION   : c_step_30
    CHARGE        :   0
    PUNTUAL GROUP : NONE
 
 
  INFORMATION OF PARTICLES :
 =========================
         Total number of particles   =      15
         Number of quantum particles =      13
         Number of puntual charges   =       2
         Number of quantum species   =       2
 
                 INFORMATION OF QUANTUM SPECIES 
    ----------------------------------------------------------------------
         ID      Symbol            mass     charge      omega     spin     multiplicity
    ----------------------------------------------------------------------
         1        E-ALPHA         1.0000     -1.00      0.00      0.50      2.00
         2         E-BETA         1.0000     -1.00      0.00      0.50      2.00
 
                   CONSTANTS OF COUPLING 
      ------------------------------------------------------------
              Symbol      kappa        eta     lambda occupation
      ------------------------------------------------------------
             E-ALPHA      -1.00       1.00       1.00       7.00
              E-BETA      -1.00       1.00       1.00       6.00
 
                   BASIS SET FOR SPECIES 
      ------------------------------------------------------------
           Symbol          N. Basis     N. Particles     Basis Set
      ------------------------------------------------------------
            E-ALPHA           28                7     AUG-CC-PVT
             E-BETA           28                6     AUG-CC-PVT
 
                                ATOMIC BASIS
         ------------------------------------------------------------
          PRIMITIVE   SHELL             EXPONENT         COEFFICIENT 
         ------------------------------------------------------------
 
    BEGIN DESCRIPTION OF BASIS FOR: E-ALP
    ==============================
 
 
             C BASIS SET:    AUG-CC-PVTZ
             1         S             8236.00000000          0.00053100
             2         S             1235.00000000          0.00410800
             3         S              280.80000000          0.02108700
             4         S               79.27000000          0.08185300
             5         S               25.59000000          0.23481700
             6         S                8.99700000          0.43440100
             7         S                3.31900000          0.34612900
             8         S                0.36430000         -0.00898300
             1         S             8236.00000000         -0.00011300
             2         S             1235.00000000         -0.00087800
             3         S              280.80000000         -0.00454000
             4         S               79.27000000         -0.01813300
             5         S               25.59000000         -0.05576000
             6         S                8.99700000         -0.12689500
             7         S                3.31900000         -0.17035200
             8         S                0.36430000          0.59868400
             1         S                0.90590000          1.00000000
             1         S                0.12850000          1.00000000
             1         S                0.04402000          1.00000000
             1         P               18.71000000          0.01403100
             2         P                4.13300000          0.08686600
             3         P                1.20000000          0.29021600
             1         P                0.38270000          1.00000000
             1         P                0.12090000          1.00000000
             1         P                0.03569000          1.00000000
             1         D                1.09700000          1.00000000
             1         D                0.31800000          1.00000000
             1         D                0.10000000          1.00000000
             1         F                0.76100000          1.00000000
             1         F                0.26800000          1.00000000
 
             C BASIS SET:    AUG-CC-PVTZ
             1         S             8236.00000000          0.00053100
             2         S             1235.00000000          0.00410800
             3         S              280.80000000          0.02108700
             4         S               79.27000000          0.08185300
             5         S               25.59000000          0.23481700
             6         S                8.99700000          0.43440100
             7         S                3.31900000          0.34612900
             8         S                0.36430000         -0.00898300
             1         S             8236.00000000         -0.00011300
             2         S             1235.00000000         -0.00087800
             3         S              280.80000000         -0.00454000
             4         S               79.27000000         -0.01813300
             5         S               25.59000000         -0.05576000
             6         S                8.99700000         -0.12689500
             7         S                3.31900000         -0.17035200
             8         S                0.36430000          0.59868400
             1         S                0.90590000          1.00000000
             1         S                0.12850000          1.00000000
             1         S                0.04402000          1.00000000
             1         P               18.71000000          0.01403100
             2         P                4.13300000          0.08686600
             3         P                1.20000000          0.29021600
             1         P                0.38270000          1.00000000
             1         P                0.12090000          1.00000000
             1         P                0.03569000          1.00000000
             1         D                1.09700000          1.00000000
             1         D                0.31800000          1.00000000
             1         D                0.10000000          1.00000000
             1         F                0.76100000          1.00000000
             1         F                0.26800000          1.00000000
    ... END DESCRIPTION OF BASIS
 
 
  END INFORMATION OF PARTICLES
 
 
  INFORMATION OF THE QUANTUM SYSTEM 
     ---------------------------------------------------------------------
                 ID     Occupied Orbitals     Basis size
     ---------------------------------------------------------------------
            E-ALPHA            7              110
             E-BETA            6              110
 
  END INFORMATION OF QUANTUM SYSTEM
 
                       INITIAL GEOMETRY: AMSTRONG
                 -----------------------------------
                       <x>                 <y>                 <z>
  E-ALPHAC        0.0000000000        0.0000000000        0.0000000000
  E-ALPHAC        0.0000000000        0.0000000000       16.5000000000
         C        0.0000000000        0.0000000000        0.0000000000
         C        0.0000000000        0.0000000000       16.5000000000
 
                     MATRIX OF DISTANCE: ANGSTROM
                 -----------------------------------
                          C(1)           C(2)      
 
        C(1)             0.000000      16.500000
        C(2)            16.500000       0.000000
 
--------------------------------------------------------------------------------
** PROGRAM: SCF (Hartree Fock).     Author: S.A. Gonzalez, E. Posada, F. Moncada
--------------------------------------------------------------------------------
INFO: RUNNING IN UHF MODE.
 
----------------------------------------------------------------------
** PROGRAM INTS                          Author: E. F. Posada, 2013   
----------------------------------------------------------------------
INFO: RUNNING IN ONE_PARTICLE MODE.
 
 Number of Overlap integrals for species E-ALPHA:  12100
 Number of Overlap integrals for species E-BETA:  12100
 Number of Kinetic integrals for species E-ALPHA:  12100
 Number of Kinetic integrals for species E-BETA:  12100
 Number of Nuclear integrals for species E-ALPHA:  12100
 Number of Nuclear integrals for species E-BETA:  12100
 Number of Moment integrals for species E-ALPHA:  36300
 Number of Moment integrals for species E-BETA:  36300
 
** TOTAL CPU Time INTS :      0.638 (s)
** TOTAL Elapsed Time INTS :      0.226 (s)
 
       Usign  HCORE density guess for species:    E-ALPHA
     number of    E-ALPHA     particles in guess density matrix:     7.000000
       Usign  HCORE density guess for species:     E-BETA
     number of     E-BETA     particles in guess density matrix:     6.000000
 Number of unique integrals for species: 1 = 905592
 Number of unique integrals for species: 1 / 2 = 1808104 Screened: 83348
 
 TWO-BODY INTEGRAL SETUP: 
------------------------- 
 Storage:   DISK
 Scheme: LIBINT
 Stack size:  30000
 
 LIBINT library, Fermann, J. T.; Valeev, F. L. 2010                   
 LOWDIN-LIBINT Implementation V. 2.1  Posada E. F. ; Reyes A. 2016   
 ----------------------------------------------------------------------

*** TOTAL CPU time intra-species integrals :      0.942 (s)
*** TOTAL elapsed time intra-species integrals :      0.154 (s)


*** TOTAL CPU time inter-species integrals :      1.912 (s)
*** TOTAL elapsed time inter-species integrals :      0.284 (s)

INFO: RUNNING SCHEME SIMULTANEOUS
 
 Begin Multi-Species SCF calculation:
 
 --------------------------------------------------------------------------------------------------
      Iteration                   Energy            Energy Change           Density Change
 --------------------------------------------------------------------------------------------------
              1         -66.857091389729          66.857091389729           0.157247397011
              2         -70.792335578704           3.935244188975           0.135870202391
              3         -74.450030155516           3.657694576812           0.027380983678
              4         -71.821760260852          -2.628269894664           0.002966949105
              5         -72.298424980318           0.476664719466           0.011278979919
              6         -75.252404345643           2.953979365325           0.009068533701
              7         -75.251483535473          -0.000920810170           0.007204895419
              8         -75.339448009815           0.087964474342           0.000937819616
              9         -75.344862153043           0.005414143228           0.000356359169
             10         -75.345708711450           0.000846558407           0.000179735720
             11         -75.345926511467           0.000217800016           0.000109353687
             12         -75.346000772011           0.000074260544           0.000075118715
             13         -75.346032167440           0.000031395429           0.000055806065
             14         -75.346047896734           0.000015729295           0.000043481085
             15         -75.346056894680           0.000008997946           0.000035009628
             16         -75.346062554067           0.000005659387           0.000028795238
             17         -75.346066337336           0.000003783269           0.000024001593
             18         -75.346068959025           0.000002621689           0.000020169024
             19         -75.346070812716           0.000001853692           0.000017030428
             20         -75.346072137842           0.000001325125           0.000014421772
             21         -75.346073090731           0.000000952889           0.000012233719
             22         -75.346073778119           0.000000687388           0.000010388408
             23         -75.346074274817           0.000000496699           0.000008826980
             24         -75.346074634042           0.000000359225           0.000007503105
             25         -75.346074893957           0.000000259914           0.000006379255
             26         -75.346075082052           0.000000188096           0.000005424484
             27         -75.346075218183           0.000000136130           0.000004612976
             28         -75.346075316703           0.000000098521           0.000003923037
             29         -75.346075388001           0.000000071298           0.000003336354
             30         -75.346075439595           0.000000051594           0.000002837426
             31         -75.346075476928           0.000000037333           0.000002413104
             32         -75.346075503939           0.000000027011           0.000002052222
             33         -75.346075523481           0.000000019542           0.000001745295
             34         -75.346075537618           0.000000014137           0.000001484255
             35         -75.346075547845           0.000000010227           0.000001262245
             36         -75.346075555243           0.000000007398           0.000001073432
 Total energy converged after  36 global iterations                                                  
 
 ...end Multi-Species SCF calculation
 
 
 Begin SCF calculation by: E-ALPHA
 -------------------------
 
 -----------------------------------------------------------------------------------
 Iteration                   Energy           Density Change         DIIS Error 
 -----------------------------------------------------------------------------------
    1         -34.537350732819           0.058649099076                 -- 
    2         -32.867333157884           0.014586988411                 -- 
    3         -25.894618704357           0.001387014121                 -- 
    4         -27.990081059028           0.005793336639                 -- 
    5         -29.067344576928           0.002520372879                 -- 
    6         -30.403900097923           0.001041605821                 -- 
    7         -29.684855203712           0.000332126001                 -- 
    8         -29.622213706876           0.000130328859                 -- 
    9         -29.595904153773           0.000070512959                 -- 
   10         -29.582092628127           0.000044229919                 -- 
   11         -29.570733874821           0.000031635474                 -- 
   12         -29.563132984701           0.000023001715                 -- 
   13         -29.557259505461           0.000017698299                 -- 
   14         -29.552801708086           0.000013954227                 -- 
   15         -29.549262155547           0.000011328047                 -- 
   16         -29.546419165734           0.000009342550                 -- 
   17         -29.544093188669           0.000007798866                 -- 
   18         -29.542171108861           0.000006555510                 -- 
   19         -29.540568812932           0.000005535852                 -- 
   20         -29.539225377453           0.000004687780                 -- 
   21         -29.538094099090           0.000003976712                 -- 
   22         -29.537138629835           0.000003377229                 -- 
   23         -29.536329929795           0.000002870117                 -- 
   24         -29.535644443201           0.000002440197                 -- 
   25         -29.535062797998           0.000002075213                 -- 
   26         -29.534568912166           0.000001765081                 -- 
   27         -29.534149338497           0.000001501412                 -- 
   28         -29.533792775907           0.000001277171                 -- 
   29         -29.533489692233           0.000001086425                 -- 
   30         -29.533232026805           0.000000924155                 -- 
   31         -29.533012951062           0.000000786104                 -- 
   32         -29.532826673022           0.000000668656                 -- 
   33         -29.532668275712           0.000000568739                 -- 
   34         -29.532533582516           0.000000483739                 -- 
   35         -29.532419044284           0.000000411431                 -- 
 
 ... end SCF calculation
 
 Begin SCF calculation by: E-BETA
 -------------------------
 
 -----------------------------------------------------------------------------------
 Iteration                   Energy           Density Change         DIIS Error 
 -----------------------------------------------------------------------------------
    1         -32.181450349793           0.077221103315                 -- 
    2         -29.894405284977           0.012793995267                 -- 
    3         -24.480320318183           0.001579934984                 -- 
    4         -26.628739956517           0.005485643280                 -- 
    5         -27.099723038986           0.006548160821                 -- 
    6         -27.634599260743           0.006163289598                 -- 
    7         -27.588743404686           0.000605693614                 -- 
    8         -27.580554825685           0.000226030310                 -- 
    9         -27.592168260785           0.000109222762                 -- 
   10         -27.604133463306           0.000065123768                 -- 
   11         -27.611382579673           0.000043483241                 -- 
   12         -27.617334938443           0.000032804351                 -- 
   13         -27.621671500717           0.000025782787                 -- 
   14         -27.625078512080           0.000021055402                 -- 
   15         -27.627742735643           0.000017467191                 -- 
   16         -27.629883856032           0.000014659043                 -- 
   17         -27.631623635910           0.000012370158                 -- 
   18         -27.633056582801           0.000010474918                 -- 
   19         -27.634247039764           0.000008885920                 -- 
   20         -27.635243119266           0.000007545939                 -- 
   21         -27.636080685088           0.000006411696                 -- 
   22         -27.636787526309           0.000005449752                 -- 
   23         -27.637385553972           0.000004632988                 -- 
   24         -27.637892416070           0.000003939058                 -- 
   25         -27.638322531227           0.000003349271                 -- 
   26         -27.638687821166           0.000002847895                 -- 
   27         -27.638998226923           0.000002421624                 -- 
   28         -27.639262090200           0.000002059183                 -- 
   29         -27.639486441627           0.000001751001                 -- 
   30         -27.639677225265           0.000001488949                 -- 
   31         -27.639839477271           0.000001266119                 -- 
   32         -27.639977470778           0.000001076638                 -- 
   33         -27.640094835018           0.000000915516                 -- 
   34         -27.640194654312           0.000000778506                 -- 
   35         -27.640279550954           0.000000662001                 -- 
 
 ... end SCF calculation
 
  EIGENVALUES AND EIGENVECTORS: 
 ==============================
 
 
  Eigenvalues for: E-ALPHA
 -----------------
 
    1         -11.305041511409
    2         -10.991123587129
    3          -0.684622279006
    4          -0.449958976949
    5          -0.386373835973
    6          -0.076666576545
    7          -0.076664165971
    8           0.058254185290
    9           0.087755633084
   10           0.099895634672
   11           0.122957851357
   12           0.153522529358
   13           0.185187958012
   14           0.227591119232
   15           0.231626320199
   16           0.249347997350
   17           0.249357522310
   18           0.333953782177
   19           0.335745339926
   20           0.342791028601
   21           0.346770569669
   22           0.347543882549
   23           0.354145996729
   24           0.400343237978
   25           0.441437926189
   26           0.480236847839
   27           0.509810083929
   28           0.513670240039
   29           0.513670405133
   30           0.515540736624
   31           0.531144034856
   32           0.531147036167
   33           0.540922269061
   34           0.643229080774
   35           0.643232508432
   36           0.720959274534
   37           1.065149237333
   38           1.066155388204
   39           1.103134741595
   40           1.112168671076
   41           1.112186716253
   42           1.115785829100
   43           1.116801574327
   44           1.124706841180
   45           1.127800871835
   46           1.129883278422
   47           1.131412132848
   48           1.139139362733
   49           1.141711659032
   50           1.156743230063
   51           1.182079147161
   52           1.222187255446
   53           1.311378195779
   54           1.311378245313
   55           1.334370642817
   56           1.356530774325
   57           1.356530774990
   58           1.358780935025
   59           1.358781606761
   60           1.369355520083
   61           1.369355542811
   62           1.375832442398
   63           1.375833731713
   64           1.376718659225
   65           1.379519389342
   66           1.403738940229
   67           1.403740373309
   68           1.461903866627
   69           1.901926694291
   70           2.112624863634
   71           3.063261485443
   72           3.078859659735
   73           3.130031530533
   74           3.355290634784
   75           3.355291017550
   76           3.405221905081
   77           3.417306927150
   78           3.417420977295
   79           3.465783606700
   80           3.465890081696
   81           3.468136017074
   82           3.473825732889
   83           3.490415051943
   84           3.493890510696
   85           3.496810674574
   86           3.509253347075
   87           3.523569812061
   88           3.525569098166
   89           3.714543392081
   90           3.714543402949
   91           3.755989738040
   92           3.755989791277
   93           3.767939595560
   94           3.767939595714
   95           3.771005095526
   96           3.786794194355
   97           3.786794199914
   98           3.798655787430
   99           3.798656260745
  100           3.802745578890
  101           6.112142750319
  102           6.398249045299
  103           7.249631677964
  104           7.278553651753
  105           7.290832874168
  106           7.535880176599
  107           7.535882246903
  108           7.544878583172
  109           8.487514581354
  110           8.783911251048
 
 
  Eigenvalues for: E-BETA
 -----------------
 
    1         -11.305041515503
    2         -10.972080646735
    3          -0.684622290969
    4          -0.386373808119
    5          -0.335984255514
    6          -0.039498305818
    7           0.058254234469
    8           0.087755163563
    9           0.099895554210
   10           0.122958596910
   11           0.153522584259
   12           0.185187530189
   13           0.230334474005
   14           0.231239504327
   15           0.231248588420
   16           0.255561724903
   17           0.333953856274
   18           0.335745574091
   19           0.342791189061
   20           0.346770341670
   21           0.347543886895
   22           0.354145728827
   23           0.415154603854
   24           0.415158086771
   25           0.441438301692
   26           0.480236867513
   27           0.509809763236
   28           0.519964757690
   29           0.529036932360
   30           0.529039542199
   31           0.536754932028
   32           0.545025116964
   33           0.545025284066
   34           0.655484503134
   35           0.732983355092
   36           0.732987007697
   37           1.065149299604
   38           1.066155471064
   39           1.103134729677
   40           1.112168763275
   41           1.112186826996
   42           1.115785862044
   43           1.116801460201
   44           1.124706804441
   45           1.127800878900
   46           1.129883080934
   47           1.131412108359
   48           1.139139410191
   49           1.141711636544
   50           1.156743364730
   51           1.182079176606
   52           1.222187063707
   53           1.351416827377
   54           1.358419920634
   55           1.365623168410
   56           1.365624488851
   57           1.370620050598
   58           1.373991326452
   59           1.373992491955
   60           1.381444243009
   61           1.381444264733
   62           1.393711531353
   63           1.393711532022
   64           1.410422145135
   65           1.410422186835
   66           1.417198647830
   67           1.472694852855
   68           1.472697378075
   69           1.901926693083
   70           2.121075015295
   71           3.063261553898
   72           3.078859655877
   73           3.130031451086
   74           3.368242094749
   75           3.417306949353
   76           3.417420998501
   77           3.417997534318
   78           3.417999092219
   79           3.465783642943
   80           3.465890119115
   81           3.468136006935
   82           3.473825697935
   83           3.490415015480
   84           3.493890487489
   85           3.496810668949
   86           3.509253300615
   87           3.523569800525
   88           3.525569074904
   89           3.756021382333
   90           3.769332326638
   91           3.769333368828
   92           3.796158951050
   93           3.800187057239
   94           3.800187982045
   95           3.812439475972
   96           3.812439481236
   97           3.812966305432
   98           3.812966315799
   99           3.833913280172
  100           3.833913280321
  101           6.112142747915
  102           6.416867537009
  103           7.249631677026
  104           7.278553802431
  105           7.290832721446
  106           7.538777343610
  107           7.549646683609
  108           7.549648922680
  109           8.487514578917
  110           8.797128373103
 
  end of eigenvalues 
 
  Occupied Eigenvectors for: E-ALPHA
 --------------------------- 
 
                         -11.3050       -10.9911        -0.6846        -0.4500        -0.3864   
 
    1      C     S       0.000000      -0.975232      -0.000000       0.012414      -0.000000
    2      C     S       0.000000       0.006115      -0.000000      -0.529578       0.000000
    3      C     S       0.000000      -0.046554      -0.000000      -0.134071       0.000000
    4      C     S      -0.000000       0.014712       0.000000      -0.380385      -0.000000
    5      C     S      -0.000000       0.002924       0.000000      -0.045827      -0.000000
    6      C    Px      -0.000000      -0.000000       0.000000      -0.000000      -0.000000
    7      C    Py       0.000000      -0.000000       0.000000      -0.000000       0.000000
    8      C    Pz      -0.000000      -0.000000       0.000000       0.000005      -0.000000
    9      C    Px       0.000000       0.000000      -0.000000       0.000000       0.000000
   10      C    Py      -0.000000       0.000000      -0.000000       0.000000      -0.000000
   11      C    Pz       0.000000       0.000001       0.000000       0.000007       0.000000
   12      C    Px       0.000000       0.000000      -0.000000       0.000000       0.000000
   13      C    Py      -0.000000       0.000000      -0.000000       0.000000      -0.000000
   14      C    Pz       0.000000       0.000000       0.000000      -0.000005       0.000000
   15      C    Px      -0.000000      -0.000000       0.000000      -0.000000      -0.000000
   16      C    Py       0.000000      -0.000000       0.000000      -0.000000       0.000000
   17      C    Pz      -0.000000      -0.000000       0.000000      -0.000003      -0.000000
   18      C   Dxx       0.000000      -0.000453      -0.000000       0.014167       0.000000
   19      C   Dxy       0.000000       0.000480      -0.000000       0.006353      -0.000000
   20      C   Dxz       0.000000      -0.000000       0.000000      -0.000000      -0.000000
   21      C   Dyy       0.000000      -0.002502      -0.000000      -0.012980       0.000000
   22      C   Dyz       0.000000      -0.000000       0.000000      -0.000000       0.000000
   23      C   Dzz       0.000000      -0.002583      -0.000000      -0.014053      -0.000000
   24      C   Dxx       0.000000      -0.007180      -0.000000       0.034181       0.000000
   25      C   Dxy      -0.000000      -0.000001      -0.000000       0.014624      -0.000000
   26      C   Dxz       0.000000       0.000000      -0.000000      -0.000000       0.000000
   27      C   Dyy       0.000000      -0.007176      -0.000000      -0.028310       0.000000
   28      C   Dyz       0.000000      -0.000000      -0.000000      -0.000000      -0.000000
   29      C   Dzz       0.000000      -0.007176      -0.000000      -0.030779       0.000000
   30      C   Dxx       0.000000      -0.002384      -0.000000       0.015470       0.000000
   31      C   Dxy       0.000000       0.000044      -0.000000       0.006966       0.000000
   32      C   Dxz      -0.000000      -0.000000       0.000000      -0.000000      -0.000000
   33      C   Dyy       0.000000      -0.002573      -0.000000      -0.014297       0.000000
   34      C   Dyz      -0.000000      -0.000000       0.000000      -0.000000       0.000000
   35      C   Dzz       0.000000      -0.002580      -0.000000      -0.015476       0.000000
   36      C  Fxxx      -0.000000      -0.000000       0.000000      -0.000000      -0.000000
   37      C  Fxxy       0.000000      -0.000000       0.000000      -0.000000       0.000000
   38      C  Fxxz      -0.000000      -0.000000       0.000000      -0.000000      -0.000000
   39      C  Fxyy      -0.000000      -0.000000       0.000000      -0.000000      -0.000000
   40      C  Fxyz      -0.000000       0.000000      -0.000000      -0.000000       0.000000
   41      C  Fxzz      -0.000000      -0.000000       0.000000      -0.000000      -0.000000
   42      C  Fyyy       0.000000      -0.000000       0.000000      -0.000000       0.000000
   43      C  Fyyz      -0.000000      -0.000000       0.000000       0.000000      -0.000000
   44      C  Fyzz       0.000000      -0.000000       0.000000      -0.000000       0.000000
   45      C  Fzzz      -0.000000      -0.000000       0.000000       0.000000      -0.000000
   46      C  Fxxx      -0.000000      -0.000000       0.000000      -0.000000      -0.000000
   47      C  Fxxy       0.000000      -0.000000       0.000000      -0.000000       0.000000
   48      C  Fxxz      -0.000000      -0.000000       0.000000       0.000001      -0.000000
   49      C  Fxyy      -0.000000      -0.000000       0.000000      -0.000000      -0.000000
   50      C  Fxyz       0.000000       0.000000      -0.000000       0.000000      -0.000000
   51      C  Fxzz      -0.000000      -0.000000       0.000000      -0.000000      -0.000000
   52      C  Fyyy       0.000000      -0.000000      -0.000000      -0.000000       0.000000
   53      C  Fyyz      -0.000000      -0.000000       0.000000       0.000000      -0.000000
   54      C  Fyzz       0.000000      -0.000000       0.000000      -0.000000       0.000000
   55      C  Fzzz      -0.000000      -0.000000       0.000000       0.000001      -0.000000
   56      C     S      -0.975589       0.000000      -0.005800       0.000000      -0.000000
   57      C     S       0.007218       0.000000       0.562443       0.000000      -0.000000
   58      C     S      -0.045272       0.000000       0.147092       0.000000      -0.000000
   59      C     S       0.015130      -0.000000       0.365029      -0.000000       0.000000
   60      C     S       0.002897      -0.000000       0.023275      -0.000000       0.000000
   61      C    Px      -0.000000      -0.000000       0.000000      -0.000000      -0.068762
   62      C    Py      -0.000000      -0.000000      -0.000000       0.000000       0.352807
   63      C    Pz       0.000026       0.000000       0.000328       0.000000       0.000000
   64      C    Px       0.000000       0.000000       0.000000      -0.000000      -0.089895
   65      C    Py       0.000000       0.000000      -0.000000       0.000000       0.461235
   66      C    Pz      -0.000058      -0.000000       0.000387      -0.000000       0.000000
   67      C    Px       0.000000       0.000000      -0.000000       0.000000      -0.057325
   68      C    Py       0.000000       0.000000       0.000000       0.000000       0.294126
   69      C    Pz      -0.000025      -0.000000       0.000904      -0.000000       0.000000
   70      C    Px      -0.000000      -0.000000       0.000000      -0.000000      -0.005380
   71      C    Py      -0.000000      -0.000000      -0.000000       0.000000       0.027602
   72      C    Pz       0.000003       0.000000       0.000133       0.000000       0.000000
   73      C   Dxx      -0.000896       0.000000      -0.014161       0.000000       0.000000
   74      C   Dxy       0.000650       0.000000      -0.008836      -0.000000       0.000000
   75      C   Dxz       0.000000       0.000000      -0.000000       0.000000      -0.000003
   76      C   Dyy      -0.003676       0.000000       0.023612       0.000000       0.000000
   77      C   Dyz      -0.000000      -0.000000       0.000000       0.000000       0.000013
   78      C   Dzz      -0.001895       0.000000       0.002685       0.000000       0.000000
   79      C   Dxx      -0.007572       0.000000      -0.026778       0.000000      -0.000000
   80      C   Dxy      -0.000037      -0.000000      -0.017288      -0.000000       0.000000
   81      C   Dxz      -0.000000      -0.000000      -0.000000      -0.000000      -0.000049
   82      C   Dyy      -0.007413       0.000000       0.047120       0.000000      -0.000000
   83      C   Dyz      -0.000000       0.000000       0.000000      -0.000000       0.000249
   84      C   Dzz      -0.007131       0.000000       0.004583       0.000000      -0.000000
   85      C   Dxx      -0.002365       0.000000      -0.012310       0.000000      -0.000000
   86      C   Dxy       0.000052       0.000000      -0.004048       0.000000       0.000000
   87      C   Dxz       0.000000       0.000000      -0.000000       0.000000      -0.000222
   88      C   Dyy      -0.002587       0.000000       0.004994       0.000000      -0.000000
   89      C   Dyz      -0.000000      -0.000000       0.000000       0.000000       0.001139
   90      C   Dzz      -0.002523       0.000000      -0.009665       0.000000       0.000000
   91      C  Fxxx      -0.000000      -0.000000      -0.000000       0.000000       0.001378
   92      C  Fxxy      -0.000000      -0.000000       0.000000      -0.000000      -0.002201
   93      C  Fxxz       0.000011       0.000000       0.000002       0.000000       0.000000
   94      C  Fxyy      -0.000000      -0.000000       0.000000       0.000000      -0.006691
   95      C  Fxyz       0.000000       0.000000      -0.000005      -0.000000      -0.000000
   96      C  Fxzz      -0.000000      -0.000000       0.000000       0.000000      -0.001598
   97      C  Fyyy      -0.000000      -0.000000       0.000000      -0.000000       0.020155
   98      C  Fyyz       0.000010       0.000000       0.000023       0.000000       0.000000
   99      C  Fyzz      -0.000000      -0.000000       0.000000      -0.000000       0.008200
  100      C  Fzzz       0.000024       0.000000       0.000045       0.000000       0.000000
  101      C  Fxxx      -0.000000      -0.000000       0.000000      -0.000000      -0.000606
  102      C  Fxxy      -0.000000      -0.000000      -0.000000       0.000000       0.002442
  103      C  Fxxz       0.000011       0.000000      -0.000015       0.000000       0.000000
  104      C  Fxyy      -0.000000      -0.000000       0.000000      -0.000000      -0.008269
  105      C  Fxyz       0.000000      -0.000000      -0.000029      -0.000000      -0.000000
  106      C  Fxzz      -0.000000      -0.000000      -0.000000      -0.000000      -0.002560
  107      C  Fyyy      -0.000000      -0.000000      -0.000000       0.000000       0.032912
  108      C  Fyyz       0.000011       0.000000       0.000110       0.000000       0.000000
  109      C  Fyzz      -0.000000      -0.000000      -0.000000       0.000000       0.013137
  110      C  Fzzz       0.000025       0.000000       0.000079       0.000000       0.000000
 
                          -0.0767        -0.0767   
 
    1      C     S       0.000000       0.000003
    2      C     S       0.000000       0.000014
    3      C     S      -0.000000       0.000011
    4      C     S       0.000000       0.000013
    5      C     S       0.000000      -0.000121
    6      C    Px      -0.058555      -0.000000
    7      C    Py       0.300333       0.000000
    8      C    Pz       0.000000      -0.305984
    9      C    Px      -0.075875      -0.000000
   10      C    Py       0.389165       0.000000
   11      C    Pz       0.000000      -0.396487
   12      C    Px      -0.070968      -0.000000
   13      C    Py       0.363996       0.000000
   14      C    Pz       0.000000      -0.370841
   15      C    Px      -0.032550      -0.000000
   16      C    Py       0.166949       0.000000
   17      C    Pz       0.000000      -0.170114
   18      C   Dxx      -0.000000       0.000001
   19      C   Dxy      -0.000000      -0.000000
   20      C   Dxz      -0.000000      -0.000000
   21      C   Dyy      -0.000000       0.000001
   22      C   Dyz       0.000000      -0.000000
   23      C   Dzz      -0.000000       0.000001
   24      C   Dxx      -0.000000       0.000008
   25      C   Dxy       0.000000       0.000000
   26      C   Dxz       0.000000       0.000000
   27      C   Dyy      -0.000000       0.000008
   28      C   Dyz      -0.000001      -0.000000
   29      C   Dzz      -0.000000       0.000010
   30      C   Dxx      -0.000000       0.000033
   31      C   Dxy       0.000000       0.000001
   32      C   Dxz      -0.000002      -0.000000
   33      C   Dyy      -0.000000       0.000031
   34      C   Dyz       0.000012       0.000000
   35      C   Dzz      -0.000000       0.000007
   36      C  Fxxx       0.000242       0.000000
   37      C  Fxxy       0.000061       0.000000
   38      C  Fxxz      -0.000000       0.000564
   39      C  Fxyy      -0.004568      -0.000000
   40      C  Fxyz       0.000000       0.001857
   41      C  Fxzz      -0.001471      -0.000000
   42      C  Fyyy       0.016179       0.000000
   43      C  Fyyz       0.000000      -0.007372
   44      C  Fyzz       0.007543       0.000000
   45      C  Fzzz       0.000000      -0.017185
   46      C  Fxxx       0.003291       0.000000
   47      C  Fxxy      -0.006217      -0.000000
   48      C  Fxxz      -0.000000       0.007690
   49      C  Fxyy      -0.008641      -0.000000
   50      C  Fxyz       0.000000       0.004017
   51      C  Fxzz      -0.001943      -0.000000
   52      C  Fyyy       0.020789       0.000000
   53      C  Fyyz       0.000000      -0.009473
   54      C  Fyzz       0.009964       0.000000
   55      C  Fzzz       0.000000      -0.022701
   56      C     S      -0.000000       0.000000
   57      C     S      -0.000000       0.000000
   58      C     S       0.000000       0.000000
   59      C     S      -0.000000      -0.000000
   60      C     S      -0.000000      -0.000001
   61      C    Px      -0.000000       0.000000
   62      C    Py       0.000000       0.000000
   63      C    Pz      -0.000000       0.000000
   64      C    Px       0.000000       0.000000
   65      C    Py      -0.000000      -0.000000
   66      C    Pz       0.000000      -0.000000
   67      C    Px       0.000000       0.000000
   68      C    Py      -0.000000       0.000000
   69      C    Pz       0.000000      -0.000001
   70      C    Px      -0.000000      -0.000000
   71      C    Py       0.000000      -0.000000
   72      C    Pz       0.000000       0.000001
   73      C   Dxx       0.000000       0.000000
   74      C   Dxy       0.000000      -0.000000
   75      C   Dxz       0.000000       0.000000
   76      C   Dyy       0.000000       0.000000
   77      C   Dyz      -0.000000      -0.000000
   78      C   Dzz       0.000000       0.000000
   79      C   Dxx       0.000000       0.000000
   80      C   Dxy      -0.000000      -0.000000
   81      C   Dxz      -0.000000      -0.000000
   82      C   Dyy       0.000000       0.000000
   83      C   Dyz       0.000000       0.000000
   84      C   Dzz       0.000000       0.000000
   85      C   Dxx      -0.000000       0.000000
   86      C   Dxy       0.000000       0.000000
   87      C   Dxz       0.000000       0.000000
   88      C   Dyy       0.000000       0.000000
   89      C   Dyz      -0.000000      -0.000000
   90      C   Dzz      -0.000000       0.000000
   91      C  Fxxx      -0.000000      -0.000000
   92      C  Fxxy       0.000000       0.000000
   93      C  Fxxz      -0.000000       0.000000
   94      C  Fxyy      -0.000000      -0.000000
   95      C  Fxyz      -0.000000      -0.000000
   96      C  Fxzz      -0.000000       0.000000
   97      C  Fyyy       0.000000       0.000000
   98      C  Fyyz      -0.000000       0.000000
   99      C  Fyzz       0.000000       0.000000
  100      C  Fzzz      -0.000000       0.000000
  101      C  Fxxx      -0.000000      -0.000000
  102      C  Fxxy       0.000000      -0.000000
  103      C  Fxxz      -0.000000       0.000000
  104      C  Fxyy      -0.000000       0.000000
  105      C  Fxyz       0.000000      -0.000000
  106      C  Fxzz      -0.000000      -0.000000
  107      C  Fyyy       0.000000       0.000000
  108      C  Fyyz      -0.000000       0.000000
  109      C  Fyzz       0.000000       0.000000
  110      C  Fzzz      -0.000000       0.000000
 
 
  Occupied Eigenvectors for: E-BETA
 --------------------------- 
 
                         -11.3050       -10.9721        -0.6846        -0.3864        -0.3360   
 
    1      C     S      -0.000000      -0.976027       0.000000       0.000000       0.014018
    2      C     S      -0.000000       0.007677       0.000000       0.000000      -0.507801
    3      C     S      -0.000000      -0.044183       0.000000      -0.000000      -0.127532
    4      C     S       0.000000       0.015544      -0.000000       0.000000      -0.385941
    5      C     S       0.000000       0.002981      -0.000000       0.000000      -0.060844
    6      C    Px      -0.000000      -0.000000      -0.000000      -0.000000      -0.000000
    7      C    Py      -0.000000       0.000000      -0.000000      -0.000000      -0.000000
    8      C    Pz       0.000000      -0.000000      -0.000000      -0.000000      -0.000004
    9      C    Px       0.000000       0.000000       0.000000       0.000000       0.000000
   10      C    Py       0.000000      -0.000000       0.000000       0.000000      -0.000000
   11      C    Pz      -0.000000      -0.000000       0.000000       0.000000      -0.000006
   12      C    Px       0.000000       0.000000       0.000000       0.000000       0.000000
   13      C    Py      -0.000000      -0.000000       0.000000       0.000000       0.000000
   14      C    Pz      -0.000000      -0.000000       0.000000      -0.000000      -0.000008
   15      C    Px      -0.000000      -0.000000      -0.000000      -0.000000       0.000000
   16      C    Py      -0.000000       0.000000      -0.000000      -0.000000      -0.000000
   17      C    Pz       0.000000       0.000000      -0.000000       0.000000      -0.000003
   18      C   Dxx      -0.000000      -0.003719       0.000000      -0.000000      -0.022331
   19      C   Dxy      -0.000000      -0.000451      -0.000000      -0.000000      -0.006546
   20      C   Dxz      -0.000000       0.000000      -0.000000      -0.000000       0.000000
   21      C   Dyy      -0.000000      -0.001793       0.000000      -0.000000       0.005639
   22      C   Dyz       0.000000       0.000000      -0.000000      -0.000000       0.000000
   23      C   Dzz      -0.000000      -0.001717       0.000000      -0.000000       0.006744
   24      C   Dxx      -0.000000      -0.007507       0.000000      -0.000000      -0.055537
   25      C   Dxy       0.000000       0.000014      -0.000000       0.000000      -0.015841
   26      C   Dxz      -0.000000      -0.000000       0.000000       0.000000       0.000000
   27      C   Dyy      -0.000000      -0.007565       0.000000      -0.000000       0.012151
   28      C   Dyz      -0.000000      -0.000000       0.000000       0.000000       0.000000
   29      C   Dzz      -0.000000      -0.007567       0.000000      -0.000000       0.014825
   30      C   Dxx      -0.000000      -0.002719       0.000000      -0.000000      -0.042060
   31      C   Dxy      -0.000000      -0.000048      -0.000000       0.000000      -0.010301
   32      C   Dxz      -0.000000       0.000000      -0.000000      -0.000000       0.000000
   33      C   Dyy      -0.000000      -0.002513       0.000000      -0.000000       0.001956
   34      C   Dyz      -0.000000       0.000000      -0.000000      -0.000000       0.000000
   35      C   Dzz      -0.000000      -0.002504       0.000000      -0.000000       0.003694
   36      C  Fxxx      -0.000000      -0.000000      -0.000000      -0.000000      -0.000000
   37      C  Fxxy      -0.000000       0.000000      -0.000000      -0.000000       0.000000
   38      C  Fxxz       0.000000       0.000000      -0.000000      -0.000000      -0.000000
   39      C  Fxyy      -0.000000      -0.000000      -0.000000      -0.000000      -0.000000
   40      C  Fxyz      -0.000000      -0.000000       0.000000      -0.000000      -0.000000
   41      C  Fxzz      -0.000000      -0.000000      -0.000000      -0.000000      -0.000000
   42      C  Fyyy      -0.000000       0.000000      -0.000000      -0.000000       0.000000
   43      C  Fyyz       0.000000       0.000000      -0.000000      -0.000000       0.000000
   44      C  Fyzz      -0.000000       0.000000      -0.000000      -0.000000       0.000000
   45      C  Fzzz       0.000000       0.000000      -0.000000      -0.000000       0.000000
   46      C  Fxxx      -0.000000      -0.000000      -0.000000      -0.000000      -0.000000
   47      C  Fxxy      -0.000000       0.000000      -0.000000      -0.000000      -0.000000
   48      C  Fxxz       0.000000       0.000000      -0.000000      -0.000000      -0.000000
   49      C  Fxyy      -0.000000      -0.000000      -0.000000      -0.000000      -0.000000
   50      C  Fxyz       0.000000      -0.000000      -0.000000      -0.000000      -0.000000
   51      C  Fxzz      -0.000000      -0.000000      -0.000000      -0.000000      -0.000000
   52      C  Fyyy      -0.000000       0.000000      -0.000000      -0.000000      -0.000000
   53      C  Fyyz       0.000000       0.000000      -0.000000       0.000000       0.000001
   54      C  Fyzz      -0.000000       0.000000      -0.000000      -0.000000      -0.000000
   55      C  Fzzz       0.000000       0.000000      -0.000000      -0.000000       0.000002
   56      C     S       0.975589       0.000000       0.005800       0.000000       0.000000
   57      C     S      -0.007218       0.000000      -0.562443       0.000000       0.000000
   58      C     S       0.045272       0.000000      -0.147092      -0.000000       0.000000
   59      C     S      -0.015130      -0.000000      -0.365029       0.000000      -0.000000
   60      C     S      -0.002897      -0.000000      -0.023275       0.000000      -0.000000
   61      C    Px       0.000000      -0.000000       0.000000      -0.352807      -0.000000
   62      C    Py      -0.000000      -0.000000      -0.000000      -0.068762      -0.000000
   63      C    Pz      -0.000026       0.000000      -0.000333      -0.000000       0.000000
   64      C    Px       0.000000       0.000000       0.000000      -0.461235      -0.000000
   65      C    Py       0.000000       0.000000       0.000000      -0.089895       0.000000
   66      C    Pz       0.000059      -0.000000      -0.000394      -0.000000      -0.000000
   67      C    Px      -0.000000       0.000000       0.000000      -0.294126       0.000000
   68      C    Py       0.000000       0.000000      -0.000000      -0.057325       0.000000
   69      C    Pz       0.000026      -0.000000      -0.000907      -0.000000      -0.000000
   70      C    Px       0.000000      -0.000000      -0.000000      -0.027602      -0.000000
   71      C    Py      -0.000000      -0.000000       0.000000      -0.005380      -0.000000
   72      C    Pz      -0.000003       0.000000      -0.000133      -0.000000       0.000000
   73      C   Dxx       0.003676       0.000000      -0.023612      -0.000000       0.000000
   74      C   Dxy       0.000650      -0.000000      -0.008836      -0.000000      -0.000000
   75      C   Dxz       0.000000      -0.000000      -0.000000      -0.000014       0.000000
   76      C   Dyy       0.000896       0.000000       0.014161      -0.000000       0.000000
   77      C   Dyz       0.000000       0.000000       0.000000      -0.000003       0.000000
   78      C   Dzz       0.001895       0.000000      -0.002685      -0.000000       0.000000
   79      C   Dxx       0.007413       0.000000      -0.047120      -0.000000       0.000000
   80      C   Dxy      -0.000037       0.000000      -0.017288      -0.000000       0.000000
   81      C   Dxz       0.000000      -0.000000      -0.000000      -0.000251      -0.000000
   82      C   Dyy       0.007572       0.000000       0.026778      -0.000000       0.000000
   83      C   Dyz       0.000000      -0.000000       0.000000      -0.000049      -0.000000
   84      C   Dzz       0.007131       0.000000      -0.004583      -0.000000       0.000000
   85      C   Dxx       0.002587       0.000000      -0.004994      -0.000000       0.000000
   86      C   Dxy       0.000052      -0.000000      -0.004048      -0.000000      -0.000000
   87      C   Dxz       0.000000      -0.000000      -0.000000      -0.001139       0.000000
   88      C   Dyy       0.002365       0.000000       0.012310      -0.000000       0.000000
   89      C   Dyz      -0.000000       0.000000      -0.000000      -0.000222       0.000000
   90      C   Dzz       0.002523       0.000000       0.009665      -0.000000       0.000000
   91      C  Fxxx      -0.000000      -0.000000      -0.000000      -0.020155       0.000000
   92      C  Fxxy      -0.000000      -0.000000      -0.000000      -0.006691      -0.000000
   93      C  Fxxz      -0.000010       0.000000      -0.000023      -0.000000       0.000000
   94      C  Fxyy      -0.000000      -0.000000      -0.000000       0.002201       0.000000
   95      C  Fxyz       0.000000      -0.000000      -0.000005       0.000000      -0.000000
   96      C  Fxzz      -0.000000      -0.000000      -0.000000      -0.008200       0.000000
   97      C  Fyyy      -0.000000      -0.000000      -0.000000       0.001378      -0.000000
   98      C  Fyyz      -0.000011       0.000000      -0.000002       0.000000       0.000000
   99      C  Fyzz       0.000000      -0.000000       0.000000      -0.001598      -0.000000
  100      C  Fzzz      -0.000024       0.000000      -0.000045      -0.000000       0.000000
  101      C  Fxxx       0.000000      -0.000000      -0.000000      -0.032912      -0.000000
  102      C  Fxxy      -0.000000      -0.000000       0.000000      -0.008269      -0.000000
  103      C  Fxxz      -0.000011       0.000000      -0.000111      -0.000000       0.000000
  104      C  Fxyy       0.000000      -0.000000       0.000000      -0.002443      -0.000000
  105      C  Fxyz       0.000000       0.000000      -0.000029       0.000000       0.000000
  106      C  Fxzz       0.000000      -0.000000      -0.000000      -0.013137      -0.000000
  107      C  Fyyy      -0.000000      -0.000000       0.000000      -0.000606      -0.000000
  108      C  Fyyz      -0.000011       0.000000       0.000015       0.000000       0.000000
  109      C  Fyzz       0.000000      -0.000000      -0.000000      -0.002560      -0.000000
  110      C  Fzzz      -0.000025       0.000000      -0.000079      -0.000000       0.000000
 
                          -0.0395   
 
    1      C     S      -0.000000
    2      C     S      -0.000000
    3      C     S       0.000000
    4      C     S      -0.000000
    5      C     S      -0.000000
    6      C    Px       0.276738
    7      C    Py       0.053955
    8      C    Pz      -0.000000
    9      C    Px       0.351873
   10      C    Py       0.068604
   11      C    Pz      -0.000000
   12      C    Px       0.349051
   13      C    Py       0.068054
   14      C    Pz      -0.000000
   15      C    Px       0.256410
   16      C    Py       0.049992
   17      C    Pz      -0.000000
   18      C   Dxx       0.000000
   19      C   Dxy      -0.000000
   20      C   Dxz       0.000001
   21      C   Dyy       0.000000
   22      C   Dyz       0.000000
   23      C   Dzz       0.000000
   24      C   Dxx       0.000000
   25      C   Dxy       0.000000
   26      C   Dxz      -0.000000
   27      C   Dyy       0.000000
   28      C   Dyz      -0.000000
   29      C   Dzz       0.000000
   30      C   Dxx       0.000000
   31      C   Dxy       0.000000
   32      C   Dxz       0.000014
   33      C   Dyy       0.000000
   34      C   Dyz       0.000003
   35      C   Dzz       0.000000
   36      C  Fxxx       0.021801
   37      C  Fxxy       0.005091
   38      C  Fxxz      -0.000000
   39      C  Fxyy       0.002502
   40      C  Fxyz      -0.000000
   41      C  Fxzz       0.001570
   42      C  Fyyy       0.000820
   43      C  Fyyz      -0.000000
   44      C  Fyzz       0.000306
   45      C  Fzzz      -0.000000
   46      C  Fxxx       0.036048
   47      C  Fxxy       0.010352
   48      C  Fxxz      -0.000000
   49      C  Fxyy      -0.000258
   50      C  Fxyz      -0.000000
   51      C  Fxzz      -0.002365
   52      C  Fyyy      -0.000725
   53      C  Fyyz       0.000000
   54      C  Fyzz      -0.000461
   55      C  Fzzz       0.000000
   56      C     S       0.000000
   57      C     S       0.000000
   58      C     S      -0.000000
   59      C     S       0.000000
   60      C     S       0.000000
   61      C    Px       0.000000
   62      C    Py       0.000000
   63      C    Pz       0.000000
   64      C    Px      -0.000000
   65      C    Py      -0.000000
   66      C    Pz      -0.000000
   67      C    Px      -0.000000
   68      C    Py      -0.000000
   69      C    Pz      -0.000000
   70      C    Px       0.000000
   71      C    Py       0.000000
   72      C    Pz       0.000000
   73      C   Dxx      -0.000000
   74      C   Dxy       0.000000
   75      C   Dxz      -0.000000
   76      C   Dyy      -0.000000
   77      C   Dyz      -0.000000
   78      C   Dzz      -0.000000
   79      C   Dxx      -0.000000
   80      C   Dxy      -0.000000
   81      C   Dxz       0.000000
   82      C   Dyy      -0.000000
   83      C   Dyz       0.000000
   84      C   Dzz      -0.000000
   85      C   Dxx      -0.000000
   86      C   Dxy      -0.000000
   87      C   Dxz      -0.000000
   88      C   Dyy      -0.000000
   89      C   Dyz      -0.000000
   90      C   Dzz      -0.000000
   91      C  Fxxx       0.000000
   92      C  Fxxy       0.000000
   93      C  Fxxz       0.000000
   94      C  Fxyy       0.000000
   95      C  Fxyz       0.000000
   96      C  Fxzz       0.000000
   97      C  Fyyy       0.000000
   98      C  Fyyz       0.000000
   99      C  Fyzz       0.000000
  100      C  Fzzz      -0.000000
  101      C  Fxxx       0.000000
  102      C  Fxxy       0.000000
  103      C  Fxxz       0.000000
  104      C  Fxyy       0.000000
  105      C  Fxyz      -0.000000
  106      C  Fxzz       0.000000
  107      C  Fyyy       0.000000
  108      C  Fyyz      -0.000000
  109      C  Fyzz       0.000000
  110      C  Fzzz       0.000000
 
 
  end of eigenvectors 
 
  END OF EIGENVALUES AND EIGENVECTORS
 
 
  COMPONENTS OF KINETIC ENERGY: 
 -----------------------------
 
             E-ALPHA Kinetic energy =           38.232192053168
              E-BETA Kinetic energy =           37.092424494220
                                     _________________________
               Total kinetic energy =           75.324616547389
 
  COMPONENTS OF POTENTIAL ENERGY: 
 -------------------------------
 
          Fixed potential energy    =            1.154568543796
 
  Quantum/Fixed interaction energy: 
 ----------------------------------
 
     E-ALPHA/Fixed interact. energy =          -92.654441857053
      E-BETA/Fixed interact. energy =          -87.977424373623
                                     _________________________
               Total Q/Fixed energy =         -180.631866230676
 
  Coulomb energy: 
 ------------------
 
     E-ALPHA/E-ALPHA Hartree energy =           10.907989163399
       E-BETA/E-BETA Hartree energy =            8.843274365592
      E-ALPHA/E-BETA Hartree energy =           19.327965206142
                                     _________________________
               Total Hartree energy =           39.079228735133
 
  Exchange(HF) energy: 
 ----------------------
 
            E-ALPHA Exchange energy =           -5.346055539844
             E-BETA Exchange energy =           -4.926567616392
                                     _________________________
              Total Exchange energy =          -10.272623156235
 
  TOTAL ENERGY COMPONENTS: 
 ==========================
 
          TOTAL KINETIC ENERGY      =           75.324616547389
          TOTAL POTENTIAL ENERGY    =         -150.670692107982
                                     _________________________
                       TOTAL ENERGY =          -75.346075560593
 
                 VIRIAL RATIO (V/T) =            2.000284887122
 
 
  END ENERGY COMPONENTS
 
 
** TOTAL CPU Time SCF :     26.324 (s)
** TOTAL Elapsed Time SCF :      3.201 (s)
 
 We are calculating properties for E-ALPHA in the HF/KS ground state
 We are calculating properties for E-BETA in the HF/KS ground state
 
  POPULATION ANALYSES: 
 ====================
 
 MULLIKEN Population: for E-        
 ---------------------
 
                          total          spin      
 
    1      C     S       1.950786      -0.000888
    2      C     S       0.974135       0.024912
    3      C     S       0.218180       0.007179
    4      C     S       0.703376      -0.008768
    5      C     S       0.071757      -0.011441
    6      C    Px       0.173440      -0.158778
    7      C    Py       0.199166       0.186538
    8      C    Pz       0.200178       0.200178
    9      C    Px       0.315592      -0.289223
   10      C    Py       0.358334       0.335344
   11      C    Pz       0.360017       0.360017
   12      C    Px       0.310366      -0.287315
   13      C    Py       0.314564       0.291844
   14      C    Pz       0.314723       0.314723
   15      C    Px       0.156853      -0.150206
   16      C    Py       0.093268       0.081596
   17      C    Pz       0.090770       0.090770
   18      C   Dxx       0.006641      -0.023823
   19      C   Dxy       0.000202      -0.000011
   20      C   Dxz       0.000000      -0.000000
   21      C   Dyy       0.005572       0.012041
   22      C   Dyz       0.000000       0.000000
   23      C   Dzz       0.005631       0.013452
   24      C   Dxx       0.018523      -0.058779
   25      C   Dxy       0.000721      -0.000078
   26      C   Dxz      -0.000000       0.000000
   27      C   Dyy       0.011437       0.026138
   28      C   Dyz      -0.000000      -0.000000
   29      C   Dzz       0.011518       0.029454
   30      C   Dxx       0.012321      -0.022079
   31      C   Dxy       0.000321      -0.000096
   32      C   Dxz       0.000000      -0.000000
   33      C   Dyy       0.004512       0.005865
   34      C   Dyz       0.000000       0.000000
   35      C   Dzz       0.004365       0.006922
   36      C  Fxxx       0.015582      -0.015651
   37      C  Fxxy       0.000588      -0.000521
   38      C  Fxxz      -0.000312      -0.000312
   39      C  Fxyy       0.001823      -0.000794
   40      C  Fxyz       0.000008       0.000008
   41      C  Fxzz       0.000978      -0.000660
   42      C  Fyyy       0.012138       0.011914
   43      C  Fyyz       0.004161       0.004161
   44      C  Fyzz       0.004214       0.004151
   45      C  Fzzz       0.013025       0.013025
   46      C  Fxxx       0.025597      -0.026478
   47      C  Fxxy      -0.002042      -0.004339
   48      C  Fxxz      -0.004011      -0.004011
   49      C  Fxyy       0.000801       0.001071
   50      C  Fxyz       0.000020       0.000020
   51      C  Fxzz      -0.001038       0.001437
   52      C  Fyyy       0.014575       0.014774
   53      C  Fyyz       0.005078       0.005078
   54      C  Fyzz       0.005201       0.005295
   55      C  Fzzz       0.016343       0.016343
   56      C     S       1.950310       0.000000
   57      C     S       1.072463      -0.000000
   58      C     S       0.246175      -0.000000
   59      C     S       0.653901       0.000000
   60      C     S       0.028644       0.000000
   61      C    Px       0.263395      -0.244117
   62      C    Py       0.263395       0.244117
   63      C    Pz       0.000001      -0.000000
   64      C    Px       0.445766      -0.413140
   65      C    Py       0.445766       0.413140
   66      C    Pz       0.000001      -0.000000
   67      C    Px       0.230018      -0.213183
   68      C    Py       0.230019       0.213183
   69      C    Pz       0.000003      -0.000000
   70      C    Px       0.010574      -0.009800
   71      C    Py       0.010574       0.009800
   72      C    Pz       0.000000      -0.000000
   73      C   Dxx       0.007778      -0.025342
   74      C   Dxy       0.000328       0.000000
   75      C   Dxz       0.000000      -0.000000
   76      C   Dyy       0.007778       0.025342
   77      C   Dyz       0.000000       0.000000
   78      C   Dzz       0.003983       0.000000
   79      C   Dxx       0.015702      -0.047051
   80      C   Dxy       0.000840       0.000000
   81      C   Dxz       0.000000      -0.000000
   82      C   Dyy       0.015702       0.047051
   83      C   Dyz       0.000000       0.000000
   84      C   Dzz       0.006048      -0.000000
   85      C   Dxx      -0.001914      -0.005301
   86      C   Dxy       0.000122       0.000000
   87      C   Dxz       0.000002      -0.000001
   88      C   Dyy      -0.001914       0.005301
   89      C   Dyz       0.000002       0.000001
   90      C   Dzz      -0.005952      -0.000000
   91      C  Fxxx       0.015650      -0.016063
   92      C  Fxxy      -0.000464      -0.002064
   93      C  Fxxz       0.000000      -0.000000
   94      C  Fxyy      -0.000464       0.002064
   95      C  Fxyz       0.000000      -0.000000
   96      C  Fxzz       0.004981      -0.004617
   97      C  Fyyy       0.015650       0.016063
   98      C  Fyyz       0.000000       0.000000
   99      C  Fyzz       0.004981       0.004617
  100      C  Fzzz       0.000000      -0.000000
  101      C  Fxxx       0.021498      -0.021349
  102      C  Fxxy       0.001982       0.000328
  103      C  Fxxz       0.000000      -0.000000
  104      C  Fxyy       0.001982      -0.000328
  105      C  Fxyz       0.000000      -0.000000
  106      C  Fxzz       0.006597      -0.006114
  107      C  Fyyy       0.021498       0.021349
  108      C  Fyyz       0.000000       0.000000
  109      C  Fyzz       0.006597       0.006114
  110      C  Fzzz       0.000000      -0.000000
 
                           __________     __________
              Total =       13.000000       1.000000
 
  Atomic MULLIKEN Population: for E-        
            C                7.000000       1.000000
            C                6.000000       0.000000
 
 ...end of MULLIKEN Population
 
 
 END POPULATION ANALYSES 
 
 
  POPULATION ANALYSES: 
 ====================
 
 LOWDIN Population: for E-        
 ---------------------
 
                          total          spin      
 
    1      C     S       1.609867      -0.000235
    2      C     S       0.562707       0.008382
    3      C     S       0.397454       0.006108
    4      C     S       0.321052      -0.003493
    5      C     S       0.117167      -0.007499
    6      C    Px       0.157926      -0.144426
    7      C    Py       0.183257       0.171760
    8      C    Pz       0.184250       0.184250
    9      C    Px       0.155831      -0.143237
   10      C    Py       0.173314       0.162099
   11      C    Pz       0.174163       0.174163
   12      C    Px       0.179927      -0.167769
   13      C    Py       0.168406       0.155351
   14      C    Pz       0.168114       0.168114
   15      C    Px       0.139810      -0.133343
   16      C    Py       0.090389       0.080020
   17      C    Pz       0.088459       0.088459
   18      C   Dxx       0.155691      -0.023642
   19      C   Dxy       0.000227      -0.000013
   20      C   Dxz       0.000000      -0.000000
   21      C   Dyy       0.154132       0.017180
   22      C   Dyz       0.000000      -0.000000
   23      C   Dzz       0.154184       0.018786
   24      C   Dxx       0.152695      -0.048666
   25      C   Dxy       0.000673      -0.000080
   26      C   Dxz       0.000000      -0.000000
   27      C   Dyy       0.145331       0.020597
   28      C   Dyz       0.000000       0.000000
   29      C   Dzz       0.145377       0.023293
   30      C   Dxx       0.031482      -0.018084
   31      C   Dxy       0.000344      -0.000092
   32      C   Dxz       0.000000      -0.000000
   33      C   Dyy       0.025833       0.003329
   34      C   Dyz       0.000000       0.000000
   35      C   Dzz       0.025783       0.004129
   36      C  Fxxx       0.101618      -0.094243
   37      C  Fxxy       0.044874       0.040942
   38      C  Fxxz       0.044195       0.044195
   39      C  Fxyy       0.040649      -0.036361
   40      C  Fxyz       0.000009       0.000009
   41      C  Fxzz       0.039813      -0.036236
   42      C  Fyyy       0.111317       0.104688
   43      C  Fyyz       0.048620       0.048620
   44      C  Fyzz       0.048461       0.045567
   45      C  Fzzz       0.112569       0.112569
   46      C  Fxxx       0.105135      -0.099016
   47      C  Fxxy       0.038028       0.033552
   48      C  Fxxz       0.036687       0.036687
   49      C  Fxyy       0.040261      -0.036091
   50      C  Fxyz       0.000019       0.000019
   51      C  Fxzz       0.039025      -0.035874
   52      C  Fyyy       0.099083       0.092587
   53      C  Fyyz       0.042778       0.042778
   54      C  Fyzz       0.042876       0.040030
   55      C  Fzzz       0.100137       0.100137
   56      C     S       1.610803       0.000000
   57      C     S       0.594427       0.000000
   58      C     S       0.419347      -0.000000
   59      C     S       0.305202       0.000000
   60      C     S       0.088713       0.000000
   61      C    Px       0.244212      -0.226340
   62      C    Py       0.244212       0.226340
   63      C    Pz       0.000000      -0.000000
   64      C    Px       0.210116      -0.194924
   65      C    Py       0.210116       0.194924
   66      C    Pz       0.000001      -0.000000
   67      C    Px       0.122885      -0.114004
   68      C    Py       0.122885       0.114004
   69      C    Pz       0.000001      -0.000000
   70      C    Px       0.022801      -0.021137
   71      C    Py       0.022801       0.021137
   72      C    Pz       0.000000      -0.000000
   73      C   Dxx       0.171514      -0.027100
   74      C   Dxy       0.000361       0.000000
   75      C   Dxz       0.000000      -0.000000
   76      C   Dyy       0.171514       0.027100
   77      C   Dyz       0.000000       0.000000
   78      C   Dzz       0.166925      -0.000000
   79      C   Dxx       0.144274      -0.036113
   80      C   Dxy       0.000757       0.000000
   81      C   Dxz       0.000000      -0.000000
   82      C   Dyy       0.144274       0.036113
   83      C   Dyz       0.000000       0.000000
   84      C   Dzz       0.135518      -0.000000
   85      C   Dxx       0.016263      -0.005717
   86      C   Dxy       0.000173       0.000000
   87      C   Dxz       0.000001      -0.000001
   88      C   Dyy       0.016263       0.005717
   89      C   Dyz       0.000001       0.000001
   90      C   Dzz       0.013666      -0.000000
   91      C  Fxxx       0.136073      -0.127233
   92      C  Fxxy       0.054353       0.049002
   93      C  Fxxz       0.000000      -0.000000
   94      C  Fxyy       0.054353      -0.049002
   95      C  Fxyz       0.000000      -0.000000
   96      C  Fxzz       0.058791      -0.054487
   97      C  Fyyy       0.136073       0.127233
   98      C  Fyyz       0.000000       0.000000
   99      C  Fyzz       0.058791       0.054487
  100      C  Fzzz       0.000000      -0.000000
  101      C  Fxxx       0.084087      -0.078849
  102      C  Fxxy       0.031629       0.028186
  103      C  Fxxz       0.000000      -0.000000
  104      C  Fxyy       0.031629      -0.028186
  105      C  Fxyz       0.000000      -0.000000
  106      C  Fxzz       0.035052      -0.032485
  107      C  Fyyy       0.084087       0.078849
  108      C  Fyyz       0.000000       0.000000
  109      C  Fyzz       0.035052       0.032485
  110      C  Fzzz       0.000001      -0.000000
 
                           __________     __________
              Total =       13.000000       1.000000
 
  Atomic LOWDIN Population: for E-        
            C                7.000000       1.000000
            C                6.000000       0.000000
 
 ...end of LOWDIN Population
 
 
 END POPULATION ANALYSES 
 
 
  EXPECTED POSITIONS OF QUANTUM SPECIES:
 ======================
 
 POSITIONS IN ANGSTROMS
 ------
 
                        <x>      <y>      <z>         
            E-ALPHA   0.0000   0.0000  49.5028
             E-BETA   0.0000   0.0000  49.5028
 
 END EXPECTED POSITIONS
 
 
  ELECTROSTATIC MOMENTS:
 ======================
 
 
 DIPOLE: (A.U.)
 ------
 
                           <Dx>         <Dy>         <Dz>          |D|
            E-ALPHA  -0.00000000  -0.00000000 -93.54678302
             E-BETA  -0.00000000  -0.00000000 -93.54671839
    Point charges:    0.00000000   0.00000000 187.08287278
                     ____________________________
      Total Dipole:  -0.00000000  -0.00000000  -0.01062863   0.01062863
 
 DIPOLE: (DEBYE)
 ------
 
                           <Dx>         <Dy>         <Dz>          |D|
            E-ALPHA  -0.00000000  -0.00000000-237.77217461
             E-BETA  -0.00000000  -0.00000000-237.77201034
    Point charges:    0.00000000   0.00000000 475.51716967
                     ____________________________
      Total Dipole:  -0.00000000  -0.00000000  -0.02701528   0.02701528
 
 QUADRUPOLE NON-TRACELESS: (DEBYE ANGS)
 ------
 
                           <xx>         <yy>         <zz>         <xy>         <xz>         <yz>
            E-ALPHA   -7.01147208  -12.89374499-3934.25528422    1.19199715   -0.00000000   -0.00000000
             E-BETA  -13.02420360   -6.13806274-3929.49801906   -1.39545338    0.00000000    0.00000000
    Point charges:     0.00000000    0.00000000 7846.03240453    0.00000000    0.00000000    0.00000000
  Total Quadrupole:  -20.03567568  -19.03180773  -17.72089875   -0.20345624    0.00000000   -0.00000000
                     ____________________________
 
 END ELECTROSTATIC MOMENTS
 
 
 BEGIN FOUR-INDEX INTEGRALS TRANFORMATION:
 ========================================
 Selected method: C         
 
 --------------------------------------------------
    4N^5 Algorithm Four-index integral tranformation
 --------------------------------------------------
 
 Integrals transformation for: E-ALPHA
 
              Transformation boundaries 
                 orbital lower upper
                       p     1     7
                       q     8   110
                       r     1     7
                       s     8   110
 
         Loading AO integrals time(s):  0.611E-02
      Integral transformation time(s):  0.143E+01
       Non-zero transformed integrals:        58251
 
 Inter-species integrals transformation for: E-ALPHA/E-BETA
 
              Transformation boundaries 
                 orbital lower upper
                       p     1     6
                       q     7   110
                       r     1     7
                       s     8   110
 
         Loading AO integrals time(s):  0.101E-01
      Integral transformation time(s):  0.738E+01
 Non zero transformed coupling integrals:        44179
 
 Integrals transformation for: E-BETA
 
              Transformation boundaries 
                 orbital lower upper
                       p     1     6
                       q     7   110
                       r     1     6
                       s     7   110
 
         Loading AO integrals time(s):  0.610E-02
      Integral transformation time(s):  0.133E+01
       Non-zero transformed integrals:       217701
 
** TOTAL Elapsed Time for integrals transformation :     10.429 (s)
 
 
  POST HARTREE-FOCK CALCULATION
  MANY-BODY PERTURBATION THEORY:
 ==============================
 
              MOLLER-PLESSET FORMALISM 
               ORDER OF CORRECTION =     2
 
                E(0) + E(1) =     -75.346075560593
                       E(2) =      -0.187674299314
                             ____________________
                     E(MP2) =     -75.533749859908
 
              -----------------------------------
               E(n){ Specie }     E(n) / Hartree 
              -----------------------------------
 
            E(2){ E-ALPHA } =      -0.020309031874
             E(2){ E-BETA } =      -0.009334268249
 
     E(2){ E-ALPHA/E-BETA } =      -0.158030999191
 
** TOTAL CPU Time HF-MBPT :      0.999 (s)
** TOTAL Elapsed Time HF-MBPT :      0.378 (s)
 

  TOTAL CPU Time:      0.517 (s)
 TOTAL Wall Time:     14.138 (s)
  Elapsed Time:   0h  0m 14s 139ms
LOWDIN execution terminated normally at : Thu Feb 27 18:23:55 2025
-rw-rw-r-- 1 pohl pohl 4.9M feb 27 18:23 0E-ALPHA.E-BETA.ints
-rw-rw-r-- 1 pohl pohl 2.8M feb 27 18:23 0E-ALPHA.ints
-rw-rw-r-- 1 pohl pohl 4.9M feb 27 18:23 1E-ALPHA.E-BETA.ints
-rw-rw-r-- 1 pohl pohl 2.8M feb 27 18:23 1E-ALPHA.ints
-rw-rw-r-- 1 pohl pohl 4.9M feb 27 18:23 2E-ALPHA.E-BETA.ints
-rw-rw-r-- 1 pohl pohl 2.8M feb 27 18:23 2E-ALPHA.ints
-rw-rw-r-- 1 pohl pohl 4.9M feb 27 18:23 3E-ALPHA.E-BETA.ints
-rw-rw-r-- 1 pohl pohl 2.8M feb 27 18:23 3E-ALPHA.ints
-rw-rw-r-- 1 pohl pohl 4.9M feb 27 18:23 4E-ALPHA.E-BETA.ints
-rw-rw-r-- 1 pohl pohl 2.8M feb 27 18:23 4E-ALPHA.ints
-rw-rw-r-- 1 pohl pohl 4.9M feb 27 18:23 5E-ALPHA.E-BETA.ints
-rw-rw-r-- 1 pohl pohl 2.8M feb 27 18:23 5E-ALPHA.ints
-rw-rw-r-- 1 pohl pohl 4.9M feb 27 18:23 6E-ALPHA.E-BETA.ints
-rw-rw-r-- 1 pohl pohl 2.8M feb 27 18:23 6E-ALPHA.ints
-rw-rw-r-- 1 pohl pohl 4.9M feb 27 18:23 7E-ALPHA.E-BETA.ints
-rw-rw-r-- 1 pohl pohl 2.8M feb 27 18:23 7E-ALPHA.ints
-rw-rw-r-- 1 pohl pohl 4.9M feb 27 18:23 8E-ALPHA.E-BETA.ints
-rw-rw-r-- 1 pohl pohl 2.8M feb 27 18:23 8E-ALPHA.ints
-rw-rw-r-- 1 pohl pohl  258 feb 27 18:23 c_step_30
-rw-rw-r-- 1 pohl pohl 1.1K feb 27 18:23 c_step_30.aux
-rw-rw-r-- 1 pohl pohl  266 feb 27 18:23 c_step_30.lowdin
-rw-rw-r-- 1 pohl pohl  76K feb 27 18:23 c_step_30.out
-rw-rw-r-- 1 pohl pohl 192K feb 27 18:23 c_step_30.vec
-rw-rw-r-- 1 pohl pohl   12 feb 27 18:23 E-ALPHA.E-BETA.nints
-rw-rw-r-- 1 pohl pohl 6.9M feb 27 18:23 E-ALPHAmoint.dat
-rw-rw-r-- 1 pohl pohl 1.4M feb 27 18:23 E-BETA.E-ALPHAmoint.dat
-rw-rw-r-- 1 pohl pohl 6.2M feb 27 18:23 E-BETAmoint.dat
-rw-rw-r-- 1 pohl pohl   65 feb 27 18:23 gepol.inp
-rw-rw-r-- 1 pohl pohl  182 feb 27 18:23 gepol.xyzr
-rw-rw-r-- 1 pohl pohl  13K feb 27 18:23 lowdin.bas
-rw-rw-r-- 1 pohl pohl  16K feb 27 18:23 lowdin.dat
-rw-rw-r-- 1 pohl pohl 2.3M feb 27 18:23 lowdin.opints
-rw-rw-r-- 1 pohl pohl  46K feb 27 18:23 lowdin.sys
-rw-rw-r-- 1 pohl pohl 2.1M feb 27 18:23 lowdin.wfn
