Begin job by input: c_step_7.lowdin, for user:   at  jue 27 feb 2025 18:17:28 -05
under operating system Linux helios 5.19.0-46-generic #47-Ubuntu SMP PREEMPT_DYNAMIC Fri Jun 16 13:30:11 UTC 2023 x86_64 x86_64 x86_64 GNU/Linux
Compilation information
  commit: f31d3924f6ee2ce9d77f07edcc1ba27359319d14
  compilation date:  mar 17 sep 2024 16:16:17 -05

BEGIN INPUT INFO:
------------------------------------

GEOMETRY
	e-(C)	AUG-CC-PVTZ 0.0 0.0 0.0  multiplicity=2 addParticles=1 
	e-(C)	AUG-CC-PVTZ 0.0 0.0 5.0
	C	Dirac 0 0.0 0.0
	C	Dirac 0.0 0.0 5.0
END GEOMETRY

TASKS
        method = "UHF"
	mollerPlessetCorrection=2
END TASKS

CONTROL
	units="ANGS"
END CONTROL






... END INPUT INFO


 LOWDIN execution started at : Thu Feb 27 18:17:28 2025
 ---------------------------------------------------------------
 
 ***************************************************************
 *                   LOWDIN 2.0  (May/2013)                    *
 *                                                             *
 *  R. FLORES-MORENO, E. F. POSADA, F. S. MONCADA, J.ROMERO,   *
 *  J. CHARRY, M. DIAZ-TINOCO, S. A. GONZALEZ, N. F. AGUIRRE,  *
 *  A. REYES                                                   *
 *                                                             *
 *  https://sites.google.com/site/lowdinproject/               *
 *                                                             *
 ***************************************************************
 
 PARSING INPUT... DONE!
 
 LOWDIN IS RUNNING WITH NEXT PARAMETERS: 
 ----------------------------------------
 
         METHOD TYPE:  UHF
         NUMBER OF CORES:     9
         MOLLER PLESSET CORRECTION:      2
         NONELECTRONIC DENSITY GUESS: HCORE
         ELECTRONIC DENSITY GUESS: HCORE
         CRITERIUM OF CONVERGENCE: ENERGY
         NONELECTRONIC ENERGY TOLERANCE IN SCFs:     0.10000E-07
         ELECTRONIC ENERGY TOLERANCE IN SCFs:     0.10000E-07
         TOTAL ENERGY TOLERANCE IN SCFs:     0.10000E-07
         SCHEME OF ITERATION: GLOBAL ITERATIONS
         SCF MAX. SUBITERATIONS - NONELECTRONS :     1
         SCF MAX. SUBITERATIONS - ELECTRONS :     1
         SCF MAX. ITERATIONS - INTERSPECIES :   200
         INTEGRAL STORAGE: DISK
         STACK SIZE FOR ERIS : 30000
         METHOD OF SCF CONVERGENCE: DAMPING
 
  MOLECULAR SYSTEM: c_step_7
 -----------------
 
    DESCRIPTION   : c_step_7
    CHARGE        :   0
    PUNTUAL GROUP : NONE
 
 
  INFORMATION OF PARTICLES :
 =========================
         Total number of particles   =      15
         Number of quantum particles =      13
         Number of puntual charges   =       2
         Number of quantum species   =       2
 
                 INFORMATION OF QUANTUM SPECIES 
    ----------------------------------------------------------------------
         ID      Symbol            mass     charge      omega     spin     multiplicity
    ----------------------------------------------------------------------
         1        E-ALPHA         1.0000     -1.00      0.00      0.50      2.00
         2         E-BETA         1.0000     -1.00      0.00      0.50      2.00
 
                   CONSTANTS OF COUPLING 
      ------------------------------------------------------------
              Symbol      kappa        eta     lambda occupation
      ------------------------------------------------------------
             E-ALPHA      -1.00       1.00       1.00       7.00
              E-BETA      -1.00       1.00       1.00       6.00
 
                   BASIS SET FOR SPECIES 
      ------------------------------------------------------------
           Symbol          N. Basis     N. Particles     Basis Set
      ------------------------------------------------------------
            E-ALPHA           28                7     AUG-CC-PVT
             E-BETA           28                6     AUG-CC-PVT
 
                                ATOMIC BASIS
         ------------------------------------------------------------
          PRIMITIVE   SHELL             EXPONENT         COEFFICIENT 
         ------------------------------------------------------------
 
    BEGIN DESCRIPTION OF BASIS FOR: E-ALP
    ==============================
 
 
             C BASIS SET:    AUG-CC-PVTZ
             1         S             8236.00000000          0.00053100
             2         S             1235.00000000          0.00410800
             3         S              280.80000000          0.02108700
             4         S               79.27000000          0.08185300
             5         S               25.59000000          0.23481700
             6         S                8.99700000          0.43440100
             7         S                3.31900000          0.34612900
             8         S                0.36430000         -0.00898300
             1         S             8236.00000000         -0.00011300
             2         S             1235.00000000         -0.00087800
             3         S              280.80000000         -0.00454000
             4         S               79.27000000         -0.01813300
             5         S               25.59000000         -0.05576000
             6         S                8.99700000         -0.12689500
             7         S                3.31900000         -0.17035200
             8         S                0.36430000          0.59868400
             1         S                0.90590000          1.00000000
             1         S                0.12850000          1.00000000
             1         S                0.04402000          1.00000000
             1         P               18.71000000          0.01403100
             2         P                4.13300000          0.08686600
             3         P                1.20000000          0.29021600
             1         P                0.38270000          1.00000000
             1         P                0.12090000          1.00000000
             1         P                0.03569000          1.00000000
             1         D                1.09700000          1.00000000
             1         D                0.31800000          1.00000000
             1         D                0.10000000          1.00000000
             1         F                0.76100000          1.00000000
             1         F                0.26800000          1.00000000
 
             C BASIS SET:    AUG-CC-PVTZ
             1         S             8236.00000000          0.00053100
             2         S             1235.00000000          0.00410800
             3         S              280.80000000          0.02108700
             4         S               79.27000000          0.08185300
             5         S               25.59000000          0.23481700
             6         S                8.99700000          0.43440100
             7         S                3.31900000          0.34612900
             8         S                0.36430000         -0.00898300
             1         S             8236.00000000         -0.00011300
             2         S             1235.00000000         -0.00087800
             3         S              280.80000000         -0.00454000
             4         S               79.27000000         -0.01813300
             5         S               25.59000000         -0.05576000
             6         S                8.99700000         -0.12689500
             7         S                3.31900000         -0.17035200
             8         S                0.36430000          0.59868400
             1         S                0.90590000          1.00000000
             1         S                0.12850000          1.00000000
             1         S                0.04402000          1.00000000
             1         P               18.71000000          0.01403100
             2         P                4.13300000          0.08686600
             3         P                1.20000000          0.29021600
             1         P                0.38270000          1.00000000
             1         P                0.12090000          1.00000000
             1         P                0.03569000          1.00000000
             1         D                1.09700000          1.00000000
             1         D                0.31800000          1.00000000
             1         D                0.10000000          1.00000000
             1         F                0.76100000          1.00000000
             1         F                0.26800000          1.00000000
    ... END DESCRIPTION OF BASIS
 
 
  END INFORMATION OF PARTICLES
 
 
  INFORMATION OF THE QUANTUM SYSTEM 
     ---------------------------------------------------------------------
                 ID     Occupied Orbitals     Basis size
     ---------------------------------------------------------------------
            E-ALPHA            7              110
             E-BETA            6              110
 
  END INFORMATION OF QUANTUM SYSTEM
 
                       INITIAL GEOMETRY: AMSTRONG
                 -----------------------------------
                       <x>                 <y>                 <z>
  E-ALPHAC        0.0000000000        0.0000000000        0.0000000000
  E-ALPHAC        0.0000000000        0.0000000000        5.0000000000
         C        0.0000000000        0.0000000000        0.0000000000
         C        0.0000000000        0.0000000000        5.0000000000
 
                     MATRIX OF DISTANCE: ANGSTROM
                 -----------------------------------
                          C(1)           C(2)      
 
        C(1)             0.000000       5.000000
        C(2)             5.000000       0.000000
 
--------------------------------------------------------------------------------
** PROGRAM: SCF (Hartree Fock).     Author: S.A. Gonzalez, E. Posada, F. Moncada
--------------------------------------------------------------------------------
INFO: RUNNING IN UHF MODE.
 
----------------------------------------------------------------------
** PROGRAM INTS                          Author: E. F. Posada, 2013   
----------------------------------------------------------------------
INFO: RUNNING IN ONE_PARTICLE MODE.
 
 Number of Overlap integrals for species E-ALPHA:  12100
 Number of Overlap integrals for species E-BETA:  12100
 Number of Kinetic integrals for species E-ALPHA:  12100
 Number of Kinetic integrals for species E-BETA:  12100
 Number of Nuclear integrals for species E-ALPHA:  12100
 Number of Nuclear integrals for species E-BETA:  12100
 Number of Moment integrals for species E-ALPHA:  36300
 Number of Moment integrals for species E-BETA:  36300
 
** TOTAL CPU Time INTS :      0.615 (s)
** TOTAL Elapsed Time INTS :      0.237 (s)
 
       Usign  HCORE density guess for species:    E-ALPHA
     number of    E-ALPHA     particles in guess density matrix:     7.000000
       Usign  HCORE density guess for species:     E-BETA
     number of     E-BETA     particles in guess density matrix:     6.000000
 Number of unique integrals for species: 1 = 2787545
 Number of unique integrals for species: 1 / 2 = 5570702 Screened: 74
 
 TWO-BODY INTEGRAL SETUP: 
------------------------- 
 Storage:   DISK
 Scheme: LIBINT
 Stack size:  30000
 
 LIBINT library, Fermann, J. T.; Valeev, F. L. 2010                   
 LOWDIN-LIBINT Implementation V. 2.1  Posada E. F. ; Reyes A. 2016   
 ----------------------------------------------------------------------

*** TOTAL CPU time intra-species integrals :      1.693 (s)
*** TOTAL elapsed time intra-species integrals :      0.244 (s)


*** TOTAL CPU time inter-species integrals :      3.889 (s)
*** TOTAL elapsed time inter-species integrals :      0.525 (s)

INFO: RUNNING SCHEME SIMULTANEOUS
 
 Begin Multi-Species SCF calculation:
 
 --------------------------------------------------------------------------------------------------
      Iteration                   Energy            Energy Change           Density Change
 --------------------------------------------------------------------------------------------------
              1         -65.766248742538          65.766248742538           0.217690597464
              2         -68.325922699382           2.559673956844           0.204877617832
              3         -74.391969362907           6.066046663525           0.021635461289
              4         -75.104329863856           0.712360500950           0.004636414846
              5         -75.259168693202           0.154838829346           0.001919830821
              6         -75.276143604623           0.016974911421           0.001311590080
              7         -75.283383306221           0.007239701598           0.001221105748
              8         -75.287792032245           0.004408726023           0.001075895960
              9         -75.290528659080           0.002736626835           0.000920986708
             10         -75.292176014078           0.001647354998           0.000757478827
             11         -75.293131370542           0.000955356464           0.000604206689
             12         -75.293667732396           0.000536361853           0.000469543729
             13         -75.293961146468           0.000293414073           0.000357467259
             14         -75.294118501822           0.000157355353           0.000267792763
             15         -75.294201652676           0.000083150854           0.000198151490
             16         -75.294245120419           0.000043467743           0.000145255527
             17         -75.294267667578           0.000022547159           0.000105736156
             18         -75.294279298340           0.000011630761           0.000076568588
             19         -75.294285274462           0.000005976123           0.000055233683
             20         -75.294288336654           0.000003062192           0.000039730522
             21         -75.294289902718           0.000001566063           0.000028519228
             22         -75.294290702570           0.000000799852           0.000020440180
             23         -75.294291110720           0.000000408151           0.000014633263
             24         -75.294291318872           0.000000208152           0.000010467332
             25         -75.294291424991           0.000000106119           0.000007482790
             26         -75.294291479084           0.000000054094           0.000005346792
             27         -75.294291506660           0.000000027576           0.000003819240
             28         -75.294291520720           0.000000014061           0.000002727432
             29         -75.294291527893           0.000000007173           0.000001947404
 Total energy converged after  29 global iterations                                                  
 
 ...end Multi-Species SCF calculation
 
 
 Begin SCF calculation by: E-ALPHA
 -------------------------
 
 -----------------------------------------------------------------------------------
 Iteration                   Energy           Density Change         DIIS Error 
 -----------------------------------------------------------------------------------
    1         -36.186361670412           0.102739622190                 -- 
    2         -33.556957908318           0.009805863789                 -- 
    3         -29.275562465599           0.001881368880                 -- 
    4         -30.138149571760           0.001359822949                 -- 
    5         -30.180508786596           0.000773566192                 -- 
    6         -30.039150107811           0.000887511458                 -- 
    7         -29.978604511396           0.000800221789                 -- 
    8         -29.924723436823           0.000713745627                 -- 
    9         -29.887962861661           0.000601537523                 -- 
   10         -29.861192590242           0.000489666226                 -- 
   11         -29.842264196251           0.000386409452                 -- 
   12         -29.828884412457           0.000297736889                 -- 
   13         -29.819482144556           0.000225156795                 -- 
   14         -29.812889568857           0.000167848805                 -- 
   15         -29.808273419411           0.000123774094                 -- 
   16         -29.805042022445           0.000090529370                 -- 
   17         -29.802779103134           0.000065809971                 -- 
   18         -29.801193078003           0.000047622512                 -- 
   19         -29.800080259713           0.000034344489                 -- 
   20         -29.799298512635           0.000024705967                 -- 
   21         -29.798748655215           0.000017738815                 -- 
   22         -29.798361431572           0.000012718335                 -- 
   23         -29.798088427696           0.000009108979                 -- 
   24         -29.797895752629           0.000006518594                 -- 
   25         -29.797759646367           0.000004661920                 -- 
   26         -29.797663426030           0.000003332441                 -- 
   27         -29.797595360434           0.000002381176                 -- 
   28         -29.797547188697           0.000001700922                 -- 
 
 ... end SCF calculation
 
 Begin SCF calculation by: E-BETA
 -------------------------
 
 -----------------------------------------------------------------------------------
 Iteration                   Energy           Density Change         DIIS Error 
 -----------------------------------------------------------------------------------
    1         -33.501106523046           0.102137995642                 -- 
    2         -30.588415446963           0.011829597501                 -- 
    3         -27.058673213508           0.002755045966                 -- 
    4         -27.860101838716           0.000560007872                 -- 
    5         -28.191268348603           0.000538023889                 -- 
    6         -28.269489440615           0.000333594291                 -- 
    7         -28.380711828064           0.000275674171                 -- 
    8         -28.456979907231           0.000207241081                 -- 
    9         -28.517799238732           0.000155941303                 -- 
   10         -28.562780200042           0.000114540464                 -- 
   11         -28.595974991784           0.000083134277                 -- 
   12         -28.620088544336           0.000059730370                 -- 
   13         -28.637477564731           0.000042635968                 -- 
   14         -28.649942907113           0.000030302685                 -- 
   15         -28.658845114523           0.000021481433                 -- 
   16         -28.665186745484           0.000015206785                 -- 
   17         -28.669697298081           0.000010758617                 -- 
   18         -28.672902583135           0.000007611172                 -- 
   19         -28.675179290808           0.000005386032                 -- 
   20         -28.676796186862           0.000003813262                 -- 
   21         -28.677944539655           0.000002701365                 -- 
   22         -28.678760253570           0.000001914928                 -- 
   23         -28.679339811690           0.000001358353                 -- 
   24         -28.679751684622           0.000000964196                 -- 
   25         -28.680044460553           0.000000684872                 -- 
   26         -28.680252623616           0.000000486799                 -- 
   27         -28.680400654496           0.000000346256                 -- 
   28         -28.680505938105           0.000000246482                 -- 
 
 ... end SCF calculation
 
  EIGENVALUES AND EIGENVECTORS: 
 ==============================
 
 
  Eigenvalues for: E-ALPHA
 -----------------
 
    1         -11.168980535878
    2         -11.168979462555
    3          -0.557927564623
    4          -0.556803106168
    5          -0.250079439126
    6          -0.249355650875
    7           0.042125573057
    8           0.151015631275
    9           0.159347237496
   10           0.161133069866
   11           0.171023034188
   12           0.198285811474
   13           0.216437565194
   14           0.224310082245
   15           0.267727022232
   16           0.268057972245
   17           0.272569567335
   18           0.275907183555
   19           0.399196548213
   20           0.417308486426
   21           0.421573080146
   22           0.441704774222
   23           0.442303459594
   24           0.455363612921
   25           0.455710482737
   26           0.463680727996
   27           0.468781564528
   28           0.483645061459
   29           0.496386800664
   30           0.546245290762
   31           0.555306346549
   32           0.562965811461
   33           0.583777245242
   34           0.615769320255
   35           0.625224229843
   36           0.646776902131
   37           1.174233520759
   38           1.174481447344
   39           1.202461865055
   40           1.210744731624
   41           1.211835432541
   42           1.221525437451
   43           1.224159241703
   44           1.231680372637
   45           1.234013922827
   46           1.234675227924
   47           1.243542392819
   48           1.244061066252
   49           1.248387877633
   50           1.251159366929
   51           1.252029259773
   52           1.252999415050
   53           1.253440641529
   54           1.258816159758
   55           1.260264362841
   56           1.260340850043
   57           1.262933949072
   58           1.263477455880
   59           1.264993353027
   60           1.266272283055
   61           1.275258620792
   62           1.282157356078
   63           1.288695407813
   64           1.306529848574
   65           1.327154139078
   66           1.339984830420
   67           1.354652256318
   68           1.438423434432
   69           2.028735886268
   70           2.093528093817
   71           3.191011395258
   72           3.202659467999
   73           3.207990645317
   74           3.245756527298
   75           3.257527731901
   76           3.268784130840
   77           3.541457881452
   78           3.553334397011
   79           3.567126387598
   80           3.574285034882
   81           3.597287246943
   82           3.597638978864
   83           3.598305441859
   84           3.600740974105
   85           3.604324258449
   86           3.605085102754
   87           3.611359427977
   88           3.618430394509
   89           3.624329674808
   90           3.628792420678
   91           3.631193684255
   92           3.631716764722
   93           3.638654232667
   94           3.638991733017
   95           3.645163522824
   96           3.659139801098
   97           3.659382922108
   98           3.661470703460
   99           3.662635596923
  100           3.688583679252
  101           6.237948267118
  102           6.263209071681
  103           7.380926356760
  104           7.400680185150
  105           7.406505051574
  106           7.444554971449
  107           7.464356726826
  108           7.564292101722
  109           8.628892614113
  110           8.631009736032
 
 
  Eigenvalues for: E-BETA
 -----------------
 
    1         -11.168335979562
    2         -11.168335804612
    3          -0.543403435849
    4          -0.542970857183
    5          -0.237178342866
    6          -0.236552409626
    7           0.164696219130
    8           0.166516994601
    9           0.179450070750
   10           0.188920994528
   11           0.194455072223
   12           0.211673221420
   13           0.227727256231
   14           0.230792253122
   15           0.273289700600
   16           0.279116331088
   17           0.296794791670
   18           0.300414644958
   19           0.402353683188
   20           0.428236651407
   21           0.430452209684
   22           0.457233588191
   23           0.457691246629
   24           0.465734723530
   25           0.467888265436
   26           0.469403550108
   27           0.474934882953
   28           0.494760674484
   29           0.498771042956
   30           0.558370872775
   31           0.567189466411
   32           0.567207998494
   33           0.585810062771
   34           0.619901077117
   35           0.629258415112
   36           0.649753038751
   37           1.178397312797
   38           1.183309493967
   39           1.208359773248
   40           1.220201503044
   41           1.221951243239
   42           1.223956644090
   43           1.232986882478
   44           1.240606178753
   45           1.242371084578
   46           1.243851297638
   47           1.244286052597
   48           1.252982820789
   49           1.253641525477
   50           1.256238287766
   51           1.256689880428
   52           1.256797565321
   53           1.256917519814
   54           1.258175719071
   55           1.262623863910
   56           1.262926286088
   57           1.270805843782
   58           1.271132508951
   59           1.271383158531
   60           1.271490184341
   61           1.281295708864
   62           1.282091878477
   63           1.298436076487
   64           1.307613766589
   65           1.328392173824
   66           1.338757572494
   67           1.353153340568
   68           1.440995110485
   69           2.030428822527
   70           2.094998400174
   71           3.199842199712
   72           3.209081313650
   73           3.211458873196
   74           3.246525781387
   75           3.256511485176
   76           3.267726539826
   77           3.548300545437
   78           3.560321960728
   79           3.574316415093
   80           3.582266261827
   81           3.595726079859
   82           3.605916941252
   83           3.606329820077
   84           3.606378409162
   85           3.610255550142
   86           3.612890465841
   87           3.617184361305
   88           3.618125292475
   89           3.624267000426
   90           3.628178652859
   91           3.634253486527
   92           3.634717874402
   93           3.637943875183
   94           3.638291258120
   95           3.641868785521
   96           3.662432140405
   97           3.662563865648
   98           3.663132449456
   99           3.663530406751
  100           3.686672979121
  101           6.239401826525
  102           6.264692587950
  103           7.390944235774
  104           7.393328188904
  105           7.407043045495
  106           7.454520878263
  107           7.457007927684
  108           7.564841625262
  109           8.629964424309
  110           8.632078931083
 
  end of eigenvalues 
 
  Occupied Eigenvectors for: E-ALPHA
 --------------------------- 
 
                         -11.1690       -11.1690        -0.5579        -0.5568        -0.2501   
 
    1      C     S       0.686437      -0.693226       0.005611      -0.005496       0.000000
    2      C     S      -0.005045       0.004977      -0.389759       0.390690       0.000000
    3      C     S       0.031939      -0.032376      -0.100620       0.101247       0.000000
    4      C     S      -0.010648       0.011208      -0.259036       0.259672      -0.000000
    5      C     S      -0.001928       0.002693      -0.033121       0.028927      -0.000000
    6      C    Px       0.000000      -0.000000       0.000000      -0.000000      -0.238138
    7      C    Py      -0.000000       0.000000      -0.000000       0.000000      -0.065425
    8      C    Pz       0.000080      -0.000044       0.000551      -0.000682      -0.000000
    9      C    Px      -0.000000       0.000000       0.000000      -0.000000      -0.310348
   10      C    Py       0.000000      -0.000000      -0.000000       0.000000      -0.085264
   11      C    Pz      -0.000139       0.000055       0.000637      -0.000711      -0.000000
   12      C    Px      -0.000000       0.000000       0.000000      -0.000000      -0.220531
   13      C    Py       0.000000      -0.000000      -0.000000       0.000000      -0.060588
   14      C    Pz      -0.000120      -0.000222       0.004274      -0.003490      -0.000000
   15      C    Px       0.000000      -0.000000      -0.000000      -0.000000      -0.032059
   16      C    Py      -0.000000       0.000000       0.000000       0.000000      -0.008808
   17      C    Pz       0.000025       0.000174      -0.000799       0.000594      -0.000000
   18      C   Dxx       0.002431      -0.002469      -0.014587       0.014732       0.000000
   19      C   Dxy       0.000568      -0.000574      -0.007656       0.007709      -0.000000
   20      C   Dxz       0.000000      -0.000000      -0.000000       0.000000      -0.000007
   21      C   Dyy       0.000776      -0.000796       0.007725      -0.007735      -0.000000
   22      C   Dyz      -0.000000       0.000000       0.000000      -0.000000      -0.000002
   23      C   Dzz       0.001294      -0.001326      -0.001336       0.001412      -0.000000
   24      C   Dxx       0.005217      -0.005447      -0.029618       0.030021       0.000000
   25      C   Dxy      -0.000041       0.000043      -0.015641       0.015549      -0.000000
   26      C   Dxz       0.000000      -0.000000      -0.000000       0.000000       0.000632
   27      C   Dyy       0.005336      -0.005572       0.015964      -0.015292      -0.000000
   28      C   Dyz      -0.000000       0.000000       0.000000      -0.000000       0.000174
   29      C   Dzz       0.005023      -0.005224      -0.001438       0.002001       0.000000
   30      C   Dxx       0.001798      -0.002081      -0.001531       0.003578       0.000000
   31      C   Dxy       0.000041      -0.000044      -0.002073       0.002662      -0.000000
   32      C   Dxz       0.000000      -0.000000      -0.000000       0.000000       0.004202
   33      C   Dyy       0.001679      -0.001952       0.004511      -0.004178      -0.000000
   34      C   Dyz      -0.000000       0.000000       0.000000      -0.000000       0.001154
   35      C   Dzz       0.001709      -0.002057       0.010266      -0.008586       0.000000
   36      C  Fxxx       0.000000      -0.000000       0.000000      -0.000000      -0.012710
   37      C  Fxxy      -0.000000       0.000000      -0.000000       0.000000      -0.006020
   38      C  Fxxz       0.000020      -0.000003      -0.000018      -0.000063      -0.000000
   39      C  Fxyy       0.000000      -0.000000      -0.000000       0.000000       0.000593
   40      C  Fxyz      -0.000000       0.000001       0.000001      -0.000020       0.000000
   41      C  Fxzz       0.000000      -0.000000       0.000000      -0.000000      -0.005457
   42      C  Fyyy      -0.000000       0.000000      -0.000000       0.000000       0.001117
   43      C  Fyyz       0.000022      -0.000005      -0.000020      -0.000004       0.000000
   44      C  Fyzz      -0.000000       0.000000      -0.000000       0.000000      -0.001499
   45      C  Fzzz       0.000067       0.000015       0.000025      -0.000081      -0.000000
   46      C  Fxxx       0.000000      -0.000000       0.000000      -0.000000      -0.019173
   47      C  Fxxy      -0.000000       0.000000      -0.000000       0.000000      -0.007620
   48      C  Fxxz       0.000051       0.000055       0.000239      -0.000182      -0.000000
   49      C  Fxyy       0.000000      -0.000000      -0.000000       0.000000      -0.001164
   50      C  Fxyz      -0.000001       0.000001       0.000221      -0.000148       0.000000
   51      C  Fxzz       0.000000      -0.000000      -0.000000      -0.000000      -0.007438
   52      C  Fyyy      -0.000000       0.000000      -0.000000       0.000000       0.000174
   53      C  Fyyz       0.000055       0.000054      -0.000405       0.000248       0.000000
   54      C  Fyzz      -0.000000       0.000000       0.000000       0.000000      -0.002043
   55      C  Fzzz       0.000070       0.000064      -0.000176      -0.000087       0.000000
   56      C     S       0.693166       0.686497       0.005611       0.005496      -0.000000
   57      C     S      -0.005093      -0.004928      -0.389762      -0.390687      -0.000000
   58      C     S       0.032253       0.032063      -0.100621      -0.101246      -0.000000
   59      C     S      -0.010757      -0.011104      -0.259038      -0.259670       0.000000
   60      C     S      -0.001954      -0.002674      -0.033121      -0.028926       0.000000
   61      C    Px       0.000000       0.000000       0.000000       0.000000      -0.238141
   62      C    Py      -0.000000      -0.000000      -0.000000      -0.000000      -0.065426
   63      C    Pz      -0.000080      -0.000043      -0.000551      -0.000682      -0.000000
   64      C    Px      -0.000000      -0.000000       0.000000       0.000000      -0.310352
   65      C    Py       0.000000       0.000000      -0.000000      -0.000000      -0.085265
   66      C    Pz       0.000139       0.000053      -0.000637      -0.000711      -0.000000
   67      C    Px      -0.000000      -0.000000       0.000000       0.000000      -0.220534
   68      C    Py       0.000000       0.000000      -0.000000      -0.000000      -0.060589
   69      C    Pz       0.000118      -0.000223      -0.004274      -0.003490      -0.000000
   70      C    Px       0.000000       0.000000      -0.000000       0.000000      -0.032059
   71      C    Py      -0.000000      -0.000000       0.000000      -0.000000      -0.008808
   72      C    Pz      -0.000024       0.000174       0.000799       0.000594      -0.000000
   73      C   Dxx       0.002455       0.002445      -0.014587      -0.014732       0.000000
   74      C   Dxy       0.000573       0.000568      -0.007656      -0.007709      -0.000000
   75      C   Dxz      -0.000000      -0.000000       0.000000       0.000000       0.000007
   76      C   Dyy       0.000784       0.000789       0.007725       0.007735      -0.000000
   77      C   Dyz       0.000000       0.000000      -0.000000      -0.000000       0.000002
   78      C   Dzz       0.001307       0.001313      -0.001336      -0.001412      -0.000000
   79      C   Dxx       0.005269       0.005396      -0.029619      -0.030021       0.000000
   80      C   Dxy      -0.000041      -0.000042      -0.015641      -0.015549      -0.000000
   81      C   Dxz      -0.000000      -0.000000       0.000000       0.000000      -0.000632
   82      C   Dyy       0.005390       0.005519       0.015964       0.015292      -0.000000
   83      C   Dyz       0.000000       0.000000      -0.000000      -0.000000      -0.000174
   84      C   Dzz       0.005074       0.005175      -0.001438      -0.002001      -0.000000
   85      C   Dxx       0.001818       0.002064      -0.001531      -0.003578       0.000000
   86      C   Dxy       0.000041       0.000044      -0.002074      -0.002662      -0.000000
   87      C   Dxz      -0.000000      -0.000000       0.000000       0.000000      -0.004202
   88      C   Dyy       0.001698       0.001935       0.004512       0.004178      -0.000000
   89      C   Dyz       0.000000       0.000000      -0.000000      -0.000000      -0.001154
   90      C   Dzz       0.001729       0.002040       0.010266       0.008586      -0.000000
   91      C  Fxxx       0.000000       0.000000       0.000000       0.000000      -0.012710
   92      C  Fxxy      -0.000000      -0.000000      -0.000000      -0.000000      -0.006020
   93      C  Fxxz      -0.000020      -0.000003       0.000018      -0.000063       0.000000
   94      C  Fxyy       0.000000       0.000000      -0.000000      -0.000000       0.000593
   95      C  Fxyz       0.000000       0.000001      -0.000001      -0.000020      -0.000000
   96      C  Fxzz       0.000000       0.000000       0.000000       0.000000      -0.005457
   97      C  Fyyy      -0.000000      -0.000000      -0.000000      -0.000000       0.001117
   98      C  Fyyz      -0.000022      -0.000005       0.000020      -0.000004      -0.000000
   99      C  Fyzz      -0.000000      -0.000000      -0.000000      -0.000000      -0.001499
  100      C  Fzzz      -0.000067       0.000015      -0.000025      -0.000081      -0.000000
  101      C  Fxxx       0.000000       0.000000       0.000000       0.000000      -0.019173
  102      C  Fxxy      -0.000000      -0.000000      -0.000000      -0.000000      -0.007620
  103      C  Fxxz      -0.000051       0.000056      -0.000239      -0.000182       0.000000
  104      C  Fxyy       0.000000       0.000000      -0.000000      -0.000000      -0.001164
  105      C  Fxyz       0.000001       0.000001      -0.000221      -0.000148      -0.000000
  106      C  Fxzz       0.000000       0.000000      -0.000000       0.000000      -0.007438
  107      C  Fyyy      -0.000000      -0.000000      -0.000000      -0.000000       0.000174
  108      C  Fyyz      -0.000055       0.000054       0.000405       0.000248      -0.000000
  109      C  Fyzz      -0.000000      -0.000000       0.000000      -0.000000      -0.002043
  110      C  Fzzz      -0.000070       0.000065       0.000176      -0.000087      -0.000000
 
                          -0.2494         0.0421   
 
    1      C     S      -0.000000       0.000000
    2      C     S      -0.000000       0.000000
    3      C     S       0.000000       0.000000
    4      C     S      -0.000000       0.000000
    5      C     S       0.000000      -0.000000
    6      C    Px      -0.238786      -0.028256
    7      C    Py      -0.065603       0.102846
    8      C    Pz      -0.000000      -0.000000
    9      C    Px      -0.311034      -0.033096
   10      C    Py      -0.085453       0.120463
   11      C    Pz      -0.000000      -0.000000
   12      C    Px      -0.219452       0.025058
   13      C    Py      -0.060292      -0.091208
   14      C    Pz      -0.000000      -0.000000
   15      C    Px      -0.034771      -0.149166
   16      C    Py      -0.009553       0.542940
   17      C    Pz       0.000000      -0.000000
   18      C   Dxx       0.000000       0.000000
   19      C   Dxy      -0.000000       0.000000
   20      C   Dxz      -0.000022      -0.000125
   21      C   Dyy      -0.000000       0.000000
   22      C   Dyz      -0.000006       0.000456
   23      C   Dzz       0.000000       0.000000
   24      C   Dxx       0.000000       0.000000
   25      C   Dxy      -0.000000       0.000000
   26      C   Dxz       0.000866      -0.000224
   27      C   Dyy      -0.000000       0.000000
   28      C   Dyz       0.000238       0.000817
   29      C   Dzz       0.000000       0.000000
   30      C   Dxx       0.000000       0.000000
   31      C   Dxy      -0.000000       0.000000
   32      C   Dxz       0.003583      -0.001579
   33      C   Dyy      -0.000000       0.000000
   34      C   Dyz       0.000984       0.005749
   35      C   Dzz      -0.000000       0.000000
   36      C  Fxxx      -0.012869      -0.006877
   37      C  Fxxy      -0.006044       0.010654
   38      C  Fxxz      -0.000000      -0.000000
   39      C  Fxyy       0.000528      -0.000198
   40      C  Fxyz       0.000000      -0.000000
   41      C  Fxzz      -0.005546      -0.002933
   42      C  Fyyy       0.001078       0.017628
   43      C  Fyyz       0.000000      -0.000000
   44      C  Fyzz      -0.001524       0.010677
   45      C  Fzzz       0.000000      -0.000000
   46      C  Fxxx      -0.019913      -0.025467
   47      C  Fxxy      -0.007743       0.040323
   48      C  Fxxz      -0.000000      -0.000000
   49      C  Fxyy      -0.001449      -0.005361
   50      C  Fxyz       0.000000      -0.000000
   51      C  Fxzz      -0.007676      -0.011660
   52      C  Fyyy       0.000004       0.077185
   53      C  Fyyz       0.000000      -0.000000
   54      C  Fyzz      -0.002109       0.042439
   55      C  Fzzz      -0.000000      -0.000000
   56      C     S      -0.000000       0.000000
   57      C     S      -0.000000       0.000000
   58      C     S       0.000000       0.000000
   59      C     S      -0.000000       0.000000
   60      C     S      -0.000000      -0.000000
   61      C    Px       0.238782      -0.028256
   62      C    Py       0.065602       0.102846
   63      C    Pz       0.000000       0.000000
   64      C    Px       0.311030      -0.033096
   65      C    Py       0.085451       0.120463
   66      C    Pz       0.000000       0.000000
   67      C    Px       0.219449       0.025058
   68      C    Py       0.060291      -0.091208
   69      C    Pz       0.000000       0.000000
   70      C    Px       0.034771      -0.149166
   71      C    Py       0.009553       0.542940
   72      C    Pz       0.000000       0.000000
   73      C   Dxx      -0.000000       0.000000
   74      C   Dxy       0.000000       0.000000
   75      C   Dxz      -0.000022       0.000125
   76      C   Dyy       0.000000       0.000000
   77      C   Dyz      -0.000006      -0.000456
   78      C   Dzz       0.000000       0.000000
   79      C   Dxx      -0.000000       0.000000
   80      C   Dxy       0.000000       0.000000
   81      C   Dxz       0.000866       0.000224
   82      C   Dyy       0.000000       0.000000
   83      C   Dyz       0.000238      -0.000817
   84      C   Dzz       0.000000       0.000000
   85      C   Dxx      -0.000000       0.000000
   86      C   Dxy       0.000000       0.000000
   87      C   Dxz       0.003583       0.001579
   88      C   Dyy       0.000000       0.000000
   89      C   Dyz       0.000984      -0.005749
   90      C   Dzz       0.000000       0.000000
   91      C  Fxxx       0.012868      -0.006877
   92      C  Fxxy       0.006044       0.010654
   93      C  Fxxz      -0.000000       0.000000
   94      C  Fxyy      -0.000528      -0.000198
   95      C  Fxyz       0.000000       0.000000
   96      C  Fxzz       0.005546      -0.002933
   97      C  Fyyy      -0.001078       0.017628
   98      C  Fyyz       0.000000       0.000000
   99      C  Fyzz       0.001524       0.010677
  100      C  Fzzz       0.000000       0.000000
  101      C  Fxxx       0.019913      -0.025467
  102      C  Fxxy       0.007743       0.040323
  103      C  Fxxz      -0.000000       0.000000
  104      C  Fxyy       0.001449      -0.005361
  105      C  Fxyz       0.000000       0.000000
  106      C  Fxzz       0.007676      -0.011660
  107      C  Fyyy      -0.000004       0.077185
  108      C  Fyyz       0.000000       0.000000
  109      C  Fyzz       0.002109       0.042439
  110      C  Fzzz       0.000000       0.000000
 
 
  Occupied Eigenvectors for: E-BETA
 --------------------------- 
 
                         -11.1683       -11.1683        -0.5434        -0.5430        -0.2372   
 
    1      C     S       0.668580       0.710611       0.004883      -0.004993       0.000000
    2      C     S      -0.004885      -0.005312      -0.393734       0.393909       0.000000
    3      C     S       0.031045       0.032871      -0.102929       0.102922       0.000000
    4      C     S      -0.010929      -0.011143      -0.260560       0.261338      -0.000000
    5      C     S      -0.002667      -0.002083      -0.017342       0.018469      -0.000000
    6      C    Px       0.000000       0.000000      -0.000000       0.000000       0.066190
    7      C    Py      -0.000000      -0.000000       0.000000      -0.000000      -0.240921
    8      C    Pz       0.000053       0.000094       0.001789      -0.001809      -0.000000
    9      C    Px      -0.000000       0.000000      -0.000000       0.000000       0.085731
   10      C    Py       0.000000      -0.000000       0.000000      -0.000000      -0.312046
   11      C    Pz      -0.000113      -0.000209       0.002416      -0.002416      -0.000000
   12      C    Px      -0.000000       0.000000       0.000000      -0.000000       0.059683
   13      C    Py       0.000000       0.000000      -0.000000       0.000000      -0.217237
   14      C    Pz       0.000203      -0.000135       0.003382      -0.004649      -0.000000
   15      C    Px      -0.000000      -0.000000       0.000000      -0.000000       0.008060
   16      C    Py       0.000000      -0.000000      -0.000000       0.000000      -0.029337
   17      C    Pz      -0.000172       0.000019       0.000727      -0.000469      -0.000000
   18      C   Dxx       0.000782       0.000818       0.008304      -0.008298      -0.000000
   19      C   Dxy      -0.000563      -0.000598       0.007776      -0.007785      -0.000000
   20      C   Dxz      -0.000000      -0.000000       0.000000      -0.000000      -0.000046
   21      C   Dyy       0.002422       0.002560      -0.014358       0.014388       0.000000
   22      C   Dyz       0.000000       0.000000      -0.000000       0.000000       0.000166
   23      C   Dzz       0.001381       0.001449      -0.002355       0.002333       0.000000
   24      C   Dxx       0.005384       0.005535       0.015662      -0.015857       0.000000
   25      C   Dxy       0.000023       0.000024       0.014935      -0.014942       0.000000
   26      C   Dxz       0.000000       0.000000       0.000000      -0.000000      -0.000304
   27      C   Dyy       0.005317       0.005466      -0.027862       0.027687      -0.000000
   28      C   Dyz      -0.000000      -0.000000      -0.000000       0.000000       0.001108
   29      C   Dzz       0.005082       0.005246      -0.004868       0.004872       0.000000
   30      C   Dxx       0.001903       0.001759       0.006148      -0.006394       0.000000
   31      C   Dxy      -0.000045      -0.000047       0.003727      -0.003741       0.000000
   32      C   Dxz      -0.000000      -0.000000       0.000000      -0.000000      -0.001441
   33      C   Dyy       0.002035       0.001896      -0.004712       0.004510      -0.000000
   34      C   Dyz       0.000000       0.000000      -0.000000       0.000000       0.005243
   35      C   Dzz       0.002025       0.001816       0.004302      -0.005265       0.000000
   36      C  Fxxx       0.000000      -0.000000       0.000000      -0.000000      -0.000823
   37      C  Fxxy      -0.000000       0.000000      -0.000000       0.000000       0.000232
   38      C  Fxxz       0.000017       0.000035      -0.000012       0.000009       0.000000
   39      C  Fxyy      -0.000000      -0.000000       0.000000      -0.000000       0.005528
   40      C  Fxyz       0.000001       0.000001      -0.000031       0.000033       0.000000
   41      C  Fxzz       0.000000      -0.000000       0.000000      -0.000000       0.001651
   42      C  Fyyy      -0.000000       0.000000      -0.000000       0.000000      -0.012176
   43      C  Fyyz       0.000014       0.000033       0.000078      -0.000086      -0.000000
   44      C  Fyzz      -0.000000       0.000000      -0.000000       0.000000      -0.006008
   45      C  Fzzz       0.000011       0.000097       0.000197      -0.000085      -0.000000
   46      C  Fxxx       0.000000      -0.000000      -0.000000      -0.000000       0.000790
   47      C  Fxxy      -0.000000      -0.000000      -0.000000       0.000000      -0.002314
   48      C  Fxxz      -0.000046       0.000063       0.000050       0.000313       0.000000
   49      C  Fxyy       0.000000      -0.000000       0.000000      -0.000000       0.005824
   50      C  Fxyz       0.000000       0.000001      -0.000215       0.000216       0.000000
   51      C  Fxzz       0.000000      -0.000000       0.000000      -0.000000       0.002586
   52      C  Fyyy      -0.000000      -0.000000      -0.000000       0.000000      -0.016952
   53      C  Fyyz      -0.000047       0.000061       0.000676      -0.000316      -0.000000
   54      C  Fyzz      -0.000000      -0.000000      -0.000000       0.000000      -0.009413
   55      C  Fzzz      -0.000043       0.000093       0.000321       0.000028      -0.000000
   56      C     S      -0.710669       0.668519       0.004884       0.004992       0.000000
   57      C     S       0.005200      -0.005004      -0.393744      -0.393898       0.000000
   58      C     S      -0.032992       0.030917      -0.102932      -0.102919       0.000000
   59      C     S       0.011589      -0.010456      -0.260567      -0.261331      -0.000000
   60      C     S       0.002789      -0.001916      -0.017342      -0.018468      -0.000000
   61      C    Px      -0.000000       0.000000      -0.000000      -0.000000       0.066191
   62      C    Py       0.000000      -0.000000       0.000000       0.000000      -0.240926
   63      C    Pz       0.000058      -0.000090      -0.001789      -0.001809       0.000000
   64      C    Px       0.000000      -0.000000      -0.000000      -0.000000       0.085732
   65      C    Py      -0.000000       0.000000       0.000000       0.000000      -0.312052
   66      C    Pz      -0.000125       0.000202      -0.002416      -0.002416       0.000000
   67      C    Px       0.000000      -0.000000       0.000000       0.000000       0.059684
   68      C    Py      -0.000000       0.000000      -0.000000      -0.000000      -0.217242
   69      C    Pz       0.000194       0.000147      -0.003382      -0.004649       0.000000
   70      C    Px      -0.000000       0.000000       0.000000       0.000000       0.008060
   71      C    Py       0.000000      -0.000000      -0.000000      -0.000000      -0.029338
   72      C    Pz      -0.000171      -0.000030      -0.000727      -0.000469       0.000000
   73      C   Dxx      -0.000830       0.000768       0.008305       0.008298      -0.000000
   74      C   Dxy       0.000598      -0.000563       0.007776       0.007784      -0.000000
   75      C   Dxz      -0.000000       0.000000      -0.000000      -0.000000       0.000046
   76      C   Dyy      -0.002573       0.002408      -0.014358      -0.014388       0.000000
   77      C   Dyz       0.000000      -0.000000       0.000000       0.000000      -0.000166
   78      C   Dzz      -0.001467       0.001362      -0.002355      -0.002332       0.000000
   79      C   Dxx      -0.005712       0.005196       0.015662       0.015856       0.000000
   80      C   Dxy      -0.000025       0.000022       0.014935       0.014941       0.000000
   81      C   Dxz       0.000000      -0.000000      -0.000000      -0.000000       0.000304
   82      C   Dyy      -0.005641       0.005131      -0.027863      -0.027686      -0.000000
   83      C   Dyz      -0.000000       0.000000       0.000000       0.000000      -0.001108
   84      C   Dzz      -0.005392       0.004926      -0.004868      -0.004872       0.000000
   85      C   Dxx      -0.002007       0.001640       0.006149       0.006393       0.000000
   86      C   Dxy       0.000048      -0.000044       0.003727       0.003741       0.000000
   87      C   Dxz      -0.000000       0.000000      -0.000000      -0.000000       0.001441
   88      C   Dyy      -0.002147       0.001768      -0.004712      -0.004510      -0.000000
   89      C   Dyz       0.000000      -0.000000       0.000000       0.000000      -0.005243
   90      C   Dzz      -0.002132       0.001689       0.004303       0.005265       0.000000
   91      C  Fxxx      -0.000000       0.000000       0.000000       0.000000      -0.000823
   92      C  Fxxy       0.000000      -0.000000      -0.000000      -0.000000       0.000232
   93      C  Fxxz       0.000019      -0.000034       0.000012       0.000009      -0.000000
   94      C  Fxyy      -0.000000       0.000000       0.000000       0.000000       0.005528
   95      C  Fxyz       0.000001      -0.000001       0.000031       0.000033      -0.000000
   96      C  Fxzz      -0.000000       0.000000       0.000000       0.000000       0.001651
   97      C  Fyyy       0.000000      -0.000000      -0.000000      -0.000000      -0.012176
   98      C  Fyyz       0.000016      -0.000032      -0.000078      -0.000086       0.000000
   99      C  Fyzz       0.000000      -0.000000      -0.000000      -0.000000      -0.006008
  100      C  Fzzz       0.000017      -0.000096      -0.000197      -0.000085       0.000000
  101      C  Fxxx      -0.000000       0.000000      -0.000000       0.000000       0.000790
  102      C  Fxxy       0.000000      -0.000000      -0.000000      -0.000000      -0.002314
  103      C  Fxxz      -0.000042      -0.000065      -0.000050       0.000313      -0.000000
  104      C  Fxyy      -0.000000       0.000000       0.000000       0.000000       0.005824
  105      C  Fxyz       0.000000      -0.000001       0.000215       0.000216      -0.000000
  106      C  Fxzz      -0.000000       0.000000       0.000000       0.000000       0.002586
  107      C  Fyyy       0.000000      -0.000000      -0.000000      -0.000000      -0.016953
  108      C  Fyyz      -0.000044      -0.000063      -0.000676      -0.000316       0.000000
  109      C  Fyzz       0.000000      -0.000000      -0.000000      -0.000000      -0.009413
  110      C  Fzzz      -0.000038      -0.000096      -0.000321       0.000029       0.000000
 
                          -0.2366   
 
    1      C     S      -0.000000
    2      C     S      -0.000000
    3      C     S      -0.000000
    4      C     S      -0.000000
    5      C     S       0.000000
    6      C    Px      -0.066357
    7      C    Py       0.241530
    8      C    Pz       0.000000
    9      C    Px      -0.085880
   10      C    Py       0.312591
   11      C    Pz       0.000000
   12      C    Px      -0.059273
   13      C    Py       0.215745
   14      C    Pz       0.000000
   15      C    Px      -0.008830
   16      C    Py       0.032140
   17      C    Pz       0.000000
   18      C   Dxx       0.000000
   19      C   Dxy       0.000000
   20      C   Dxz       0.000045
   21      C   Dyy      -0.000000
   22      C   Dyz      -0.000165
   23      C   Dzz       0.000000
   24      C   Dxx       0.000000
   25      C   Dxy      -0.000000
   26      C   Dxz       0.000346
   27      C   Dyy       0.000000
   28      C   Dyz      -0.001260
   29      C   Dzz      -0.000000
   30      C   Dxx      -0.000000
   31      C   Dxy      -0.000000
   32      C   Dxz       0.001331
   33      C   Dyy       0.000000
   34      C   Dyz      -0.004843
   35      C   Dzz      -0.000000
   36      C  Fxxx       0.000775
   37      C  Fxxy      -0.000152
   38      C  Fxxz      -0.000000
   39      C  Fxyy      -0.005559
   40      C  Fxyz      -0.000000
   41      C  Fxzz      -0.001684
   42      C  Fyyy       0.012375
   43      C  Fyyz       0.000000
   44      C  Fyzz       0.006129
   45      C  Fzzz       0.000000
   46      C  Fxxx      -0.001028
   47      C  Fxxy       0.002703
   48      C  Fxxz      -0.000000
   49      C  Fxyy      -0.005940
   50      C  Fxyz      -0.000000
   51      C  Fxzz      -0.002661
   52      C  Fyyy       0.017843
   53      C  Fyyz       0.000000
   54      C  Fyzz       0.009684
   55      C  Fzzz      -0.000000
   56      C     S       0.000000
   57      C     S       0.000000
   58      C     S       0.000000
   59      C     S       0.000000
   60      C     S      -0.000000
   61      C    Px       0.066356
   62      C    Py      -0.241525
   63      C    Pz       0.000000
   64      C    Px       0.085879
   65      C    Py      -0.312585
   66      C    Pz       0.000000
   67      C    Px       0.059272
   68      C    Py      -0.215741
   69      C    Pz       0.000000
   70      C    Px       0.008830
   71      C    Py      -0.032140
   72      C    Pz       0.000000
   73      C   Dxx      -0.000000
   74      C   Dxy      -0.000000
   75      C   Dxz       0.000045
   76      C   Dyy       0.000000
   77      C   Dyz      -0.000165
   78      C   Dzz      -0.000000
   79      C   Dxx      -0.000000
   80      C   Dxy       0.000000
   81      C   Dxz       0.000346
   82      C   Dyy      -0.000000
   83      C   Dyz      -0.001260
   84      C   Dzz       0.000000
   85      C   Dxx       0.000000
   86      C   Dxy       0.000000
   87      C   Dxz       0.001331
   88      C   Dyy      -0.000000
   89      C   Dyz      -0.004843
   90      C   Dzz       0.000000
   91      C  Fxxx      -0.000775
   92      C  Fxxy       0.000152
   93      C  Fxxz      -0.000000
   94      C  Fxyy       0.005559
   95      C  Fxyz      -0.000000
   96      C  Fxzz       0.001684
   97      C  Fyyy      -0.012374
   98      C  Fyyz       0.000000
   99      C  Fyzz      -0.006129
  100      C  Fzzz       0.000000
  101      C  Fxxx       0.001028
  102      C  Fxxy      -0.002703
  103      C  Fxxz      -0.000000
  104      C  Fxyy       0.005940
  105      C  Fxyz      -0.000000
  106      C  Fxzz       0.002661
  107      C  Fyyy      -0.017843
  108      C  Fyyz       0.000000
  109      C  Fyzz      -0.009684
  110      C  Fzzz      -0.000000
 
 
  end of eigenvectors 
 
  END OF EIGENVALUES AND EIGENVECTORS
 
 
  COMPONENTS OF KINETIC ENERGY: 
 -----------------------------
 
             E-ALPHA Kinetic energy =           37.748710006289
              E-BETA Kinetic energy =           37.560594356259
                                     _________________________
               Total kinetic energy =           75.309304362547
 
  COMPONENTS OF POTENTIAL ENERGY: 
 -------------------------------
 
          Fixed potential energy    =            3.810076194528
 
  Quantum/Fixed interaction energy: 
 ----------------------------------
 
     E-ALPHA/Fixed interact. energy =          -94.060019853819
      E-BETA/Fixed interact. energy =          -91.651168112895
                                     _________________________
               Total Q/Fixed energy =         -185.711187966714
 
  Coulomb energy: 
 ------------------
 
     E-ALPHA/E-ALPHA Hartree energy =           11.024013189169
       E-BETA/E-BETA Hartree energy =            9.810965279466
      E-ALPHA/E-BETA Hartree energy =           20.626259640607
                                     _________________________
               Total Hartree energy =           41.461238109242
 
  Exchange(HF) energy: 
 ----------------------
 
            E-ALPHA Exchange energy =           -5.136500405842
             E-BETA Exchange energy =           -5.027221825317
                                     _________________________
              Total Exchange energy =          -10.163722231159
 
  TOTAL ENERGY COMPONENTS: 
 ==========================
 
          TOTAL KINETIC ENERGY      =           75.309304362547
          TOTAL POTENTIAL ENERGY    =         -150.603595894103
                                     _________________________
                       TOTAL ENERGY =          -75.294291531556
 
                 VIRIAL RATIO (V/T) =            1.999800651047
 
 
  END ENERGY COMPONENTS
 
 
** TOTAL CPU Time SCF :     28.985 (s)
** TOTAL Elapsed Time SCF :      3.740 (s)
 
 We are calculating properties for E-ALPHA in the HF/KS ground state
 We are calculating properties for E-BETA in the HF/KS ground state
 
  POPULATION ANALYSES: 
 ====================
 
 MULLIKEN Population: for E-        
 ---------------------
 
                          total          spin      
 
    1      C     S       1.950494      -0.000090
    2      C     S       1.054837      -0.005752
    3      C     S       0.241171      -0.002157
    4      C     S       0.662726      -0.000900
    5      C     S       0.043648       0.012189
    6      C    Px       0.253599       0.217664
    7      C    Py       0.278530      -0.197554
    8      C    Pz       0.000018      -0.000013
    9      C    Px       0.433540       0.372808
   10      C    Py       0.477102      -0.327497
   11      C    Pz       0.000038      -0.000028
   12      C    Px       0.249384       0.214586
   13      C    Py       0.199724      -0.261302
   14      C    Pz       0.000087      -0.000035
   15      C    Px       0.048261       0.045752
   16      C    Py       0.397641       0.364411
   17      C    Pz       0.000001       0.000031
   18      C   Dxx       0.007163       0.021659
   19      C   Dxy       0.000503      -0.000002
   20      C   Dxz       0.000000       0.000000
   21      C   Dyy       0.007432      -0.020892
   22      C   Dyz       0.000002       0.000001
   23      C   Dzz       0.003906      -0.000920
   24      C   Dxx       0.014942       0.041266
   25      C   Dxy       0.001290       0.000022
   26      C   Dxz       0.000006       0.000005
   27      C   Dyy       0.012878      -0.039181
   28      C   Dyz       0.000022       0.000002
   29      C   Dzz       0.006186      -0.002792
   30      C   Dxx      -0.001412       0.003936
   31      C   Dxy       0.000158      -0.000041
   32      C   Dxz       0.000062       0.000053
   33      C   Dyy       0.000310      -0.004139
   34      C   Dyz       0.000436       0.000324
   35      C   Dzz      -0.006384      -0.002154
   36      C  Fxxx       0.014194       0.014662
   37      C  Fxxy       0.003614       0.003920
   38      C  Fxxz       0.000000       0.000000
   39      C  Fxyy       0.000842      -0.001710
   40      C  Fxyz       0.000000      -0.000000
   41      C  Fxzz       0.004990       0.004248
   42      C  Fyyy       0.018150      -0.008462
   43      C  Fyyz       0.000001      -0.000001
   44      C  Fyzz       0.007643      -0.002189
   45      C  Fzzz       0.000002      -0.000001
   46      C  Fxxx       0.021078       0.020631
   47      C  Fxxy       0.015361       0.011998
   48      C  Fxxz      -0.000000       0.000002
   49      C  Fxyy       0.002445       0.000148
   50      C  Fxyz       0.000000      -0.000000
   51      C  Fxzz       0.006668       0.005682
   52      C  Fyyy       0.046584       0.014765
   53      C  Fyyz       0.000003      -0.000006
   54      C  Fyzz       0.020122       0.007053
   55      C  Fzzz       0.000001      -0.000001
   56      C     S       1.950494      -0.000090
   57      C     S       1.054837      -0.005752
   58      C     S       0.241171      -0.002157
   59      C     S       0.662726      -0.000900
   60      C     S       0.043648       0.012189
   61      C    Px       0.253599       0.217664
   62      C    Py       0.278530      -0.197554
   63      C    Pz       0.000018      -0.000013
   64      C    Px       0.433540       0.372808
   65      C    Py       0.477102      -0.327497
   66      C    Pz       0.000038      -0.000028
   67      C    Px       0.249384       0.214586
   68      C    Py       0.199724      -0.261301
   69      C    Pz       0.000087      -0.000035
   70      C    Px       0.048261       0.045752
   71      C    Py       0.397641       0.364411
   72      C    Pz       0.000001       0.000031
   73      C   Dxx       0.007163       0.021659
   74      C   Dxy       0.000503      -0.000002
   75      C   Dxz       0.000000       0.000000
   76      C   Dyy       0.007432      -0.020892
   77      C   Dyz       0.000002       0.000001
   78      C   Dzz       0.003906      -0.000920
   79      C   Dxx       0.014942       0.041266
   80      C   Dxy       0.001290       0.000022
   81      C   Dxz       0.000006       0.000005
   82      C   Dyy       0.012878      -0.039181
   83      C   Dyz       0.000022       0.000002
   84      C   Dzz       0.006186      -0.002792
   85      C   Dxx      -0.001412       0.003936
   86      C   Dxy       0.000158      -0.000041
   87      C   Dxz       0.000062       0.000053
   88      C   Dyy       0.000310      -0.004139
   89      C   Dyz       0.000436       0.000324
   90      C   Dzz      -0.006384      -0.002154
   91      C  Fxxx       0.014194       0.014662
   92      C  Fxxy       0.003614       0.003920
   93      C  Fxxz       0.000000       0.000000
   94      C  Fxyy       0.000842      -0.001710
   95      C  Fxyz       0.000000      -0.000000
   96      C  Fxzz       0.004990       0.004248
   97      C  Fyyy       0.018150      -0.008462
   98      C  Fyyz       0.000001      -0.000001
   99      C  Fyzz       0.007643      -0.002189
  100      C  Fzzz       0.000002      -0.000001
  101      C  Fxxx       0.021078       0.020631
  102      C  Fxxy       0.015361       0.011998
  103      C  Fxxz      -0.000000       0.000002
  104      C  Fxyy       0.002445       0.000148
  105      C  Fxyz       0.000000      -0.000000
  106      C  Fxzz       0.006668       0.005682
  107      C  Fyyy       0.046584       0.014765
  108      C  Fyyz       0.000003      -0.000006
  109      C  Fyzz       0.020122       0.007053
  110      C  Fzzz       0.000001      -0.000001
 
                           __________     __________
              Total =       13.000000       1.000000
 
  Atomic MULLIKEN Population: for E-        
            C                6.500000       0.500000
            C                6.500000       0.500000
 
 ...end of MULLIKEN Population
 
 
 END POPULATION ANALYSES 
 
 
  POPULATION ANALYSES: 
 ====================
 
 LOWDIN Population: for E-        
 ---------------------
 
                          total          spin      
 
    1      C     S       1.610587      -0.000124
    2      C     S       0.588941      -0.001808
    3      C     S       0.415447      -0.001400
    4      C     S       0.307383       0.000293
    5      C     S       0.095726       0.002920
    6      C    Px       0.234631       0.201373
    7      C    Py       0.254581      -0.186114
    8      C    Pz       0.000017      -0.000012
    9      C    Px       0.205506       0.177010
   10      C    Py       0.226810      -0.154402
   11      C    Pz       0.000022      -0.000014
   12      C    Px       0.136139       0.118049
   13      C    Py       0.178877      -0.062973
   14      C    Pz       0.000053      -0.000016
   15      C    Px       0.053741       0.049667
   16      C    Py       0.334486       0.280422
   17      C    Pz       0.001319       0.000096
   18      C   Dxx       0.168413       0.022411
   19      C   Dxy       0.000555       0.000003
   20      C   Dxz       0.000000       0.000000
   21      C   Dyy       0.168346      -0.023038
   22      C   Dyz       0.000002       0.000000
   23      C   Dzz       0.164471      -0.002043
   24      C   Dxx       0.144850       0.031898
   25      C   Dxy       0.001155       0.000010
   26      C   Dxz       0.000009       0.000007
   27      C   Dyy       0.144287      -0.029163
   28      C   Dyz       0.000024      -0.000005
   29      C   Dzz       0.136092      -0.002025
   30      C   Dxx       0.018143       0.005988
   31      C   Dxy       0.000240      -0.000034
   32      C   Dxz       0.000137       0.000127
   33      C   Dyy       0.018523      -0.003769
   34      C   Dyz       0.001254       0.001125
   35      C   Dzz       0.015350      -0.000136
   36      C  Fxxx       0.132147       0.115336
   37      C  Fxxy       0.060368      -0.038901
   38      C  Fxxz       0.000005      -0.000003
   39      C  Fxyy       0.054076       0.044515
   40      C  Fxyz       0.000000      -0.000000
   41      C  Fxzz       0.057468       0.049337
   42      C  Fyyy       0.142904      -0.102406
   43      C  Fyyz       0.000006      -0.000005
   44      C  Fyzz       0.063735      -0.043969
   45      C  Fzzz       0.000015      -0.000009
   46      C  Fxxx       0.089038       0.078365
   47      C  Fxxy       0.045527      -0.016136
   48      C  Fxxz       0.000012      -0.000002
   49      C  Fxyy       0.034559       0.028318
   50      C  Fxyz       0.000000      -0.000000
   51      C  Fxzz       0.037617       0.032424
   52      C  Fyyy       0.106791      -0.051966
   53      C  Fyyz       0.000014      -0.000009
   54      C  Fyzz       0.049572      -0.019205
   55      C  Fzzz       0.000027      -0.000009
   56      C     S       1.610587      -0.000124
   57      C     S       0.588941      -0.001808
   58      C     S       0.415447      -0.001400
   59      C     S       0.307383       0.000293
   60      C     S       0.095726       0.002920
   61      C    Px       0.234631       0.201373
   62      C    Py       0.254581      -0.186114
   63      C    Pz       0.000017      -0.000012
   64      C    Px       0.205506       0.177010
   65      C    Py       0.226810      -0.154402
   66      C    Pz       0.000022      -0.000014
   67      C    Px       0.136139       0.118049
   68      C    Py       0.178877      -0.062973
   69      C    Pz       0.000053      -0.000016
   70      C    Px       0.053741       0.049667
   71      C    Py       0.334486       0.280422
   72      C    Pz       0.001319       0.000096
   73      C   Dxx       0.168413       0.022411
   74      C   Dxy       0.000555       0.000003
   75      C   Dxz       0.000000       0.000000
   76      C   Dyy       0.168346      -0.023038
   77      C   Dyz       0.000002       0.000000
   78      C   Dzz       0.164471      -0.002043
   79      C   Dxx       0.144850       0.031898
   80      C   Dxy       0.001155       0.000010
   81      C   Dxz       0.000009       0.000007
   82      C   Dyy       0.144287      -0.029163
   83      C   Dyz       0.000024      -0.000005
   84      C   Dzz       0.136092      -0.002025
   85      C   Dxx       0.018143       0.005988
   86      C   Dxy       0.000240      -0.000034
   87      C   Dxz       0.000137       0.000127
   88      C   Dyy       0.018523      -0.003769
   89      C   Dyz       0.001254       0.001125
   90      C   Dzz       0.015350      -0.000136
   91      C  Fxxx       0.132147       0.115336
   92      C  Fxxy       0.060368      -0.038901
   93      C  Fxxz       0.000005      -0.000003
   94      C  Fxyy       0.054076       0.044515
   95      C  Fxyz       0.000000      -0.000000
   96      C  Fxzz       0.057468       0.049337
   97      C  Fyyy       0.142904      -0.102406
   98      C  Fyyz       0.000006      -0.000005
   99      C  Fyzz       0.063735      -0.043969
  100      C  Fzzz       0.000015      -0.000009
  101      C  Fxxx       0.089038       0.078365
  102      C  Fxxy       0.045527      -0.016136
  103      C  Fxxz       0.000012      -0.000002
  104      C  Fxyy       0.034559       0.028318
  105      C  Fxyz       0.000000      -0.000000
  106      C  Fxzz       0.037617       0.032424
  107      C  Fyyy       0.106791      -0.051966
  108      C  Fyyz       0.000014      -0.000009
  109      C  Fyzz       0.049572      -0.019205
  110      C  Fzzz       0.000027      -0.000009
 
                           __________     __________
              Total =       13.000000       1.000000
 
  Atomic LOWDIN Population: for E-        
            C                6.500000       0.500000
            C                6.500000       0.500000
 
 ...end of LOWDIN Population
 
 
 END POPULATION ANALYSES 
 
 
  EXPECTED POSITIONS OF QUANTUM SPECIES:
 ======================
 
 POSITIONS IN ANGSTROMS
 ------
 
                        <x>      <y>      <z>         
            E-ALPHA   0.0000  -0.0000  17.5000
             E-BETA  -0.0000   0.0000  15.0000
 
 END EXPECTED POSITIONS
 
 
  ELECTROSTATIC MOMENTS:
 ======================
 
 
 DIPOLE: (A.U.)
 ------
 
                           <Dx>         <Dy>         <Dz>          |D|
            E-ALPHA  -0.00000000   0.00000000 -33.07020449
             E-BETA   0.00000000  -0.00000000 -28.34588982
    Point charges:    0.00000000   0.00000000  56.69177963
                     ____________________________
      Total Dipole:  -0.00000000   0.00000000  -4.72431467   4.72431467
 
 DIPOLE: (DEBYE)
 ------
 
                           <Dx>         <Dy>         <Dz>          |D|
            E-ALPHA  -0.00000000   0.00000000 -84.05606458
             E-BETA   0.00000000  -0.00000000 -72.04805602
    Point charges:    0.00000000   0.00000000 144.09611202
                     ____________________________
      Total Dipole:  -0.00000000   0.00000000 -12.00800858  12.00800858
 
 QUADRUPOLE NON-TRACELESS: (DEBYE ANGS)
 ------
 
                           <xx>         <yy>         <zz>         <xy>         <xz>         <yz>
            E-ALPHA  -18.02785471  -25.94082173 -429.00183719    2.35147600   -0.00000000    0.00000000
             E-BETA   -5.04466729   -9.47579202 -366.19792391    1.31678589    0.00000000   -0.00000000
    Point charges:     0.00000000    0.00000000  720.48047792    0.00000000    0.00000000    0.00000000
  Total Quadrupole:  -23.07252200  -35.41661375  -74.71928319    3.66826189   -0.00000000    0.00000000
                     ____________________________
 
 END ELECTROSTATIC MOMENTS
 
 
 BEGIN FOUR-INDEX INTEGRALS TRANFORMATION:
 ========================================
 Selected method: C         
 
 --------------------------------------------------
    4N^5 Algorithm Four-index integral tranformation
 --------------------------------------------------
 
 Integrals transformation for: E-ALPHA
 
              Transformation boundaries 
                 orbital lower upper
                       p     1     7
                       q     8   110
                       r     1     7
                       s     8   110
 
         Loading AO integrals time(s):  0.203E-01
      Integral transformation time(s):  0.142E+01
       Non-zero transformed integrals:       152604
 
 Inter-species integrals transformation for: E-ALPHA/E-BETA
 
              Transformation boundaries 
                 orbital lower upper
                       p     1     6
                       q     7   110
                       r     1     7
                       s     8   110
 
         Loading AO integrals time(s):  0.340E-01
      Integral transformation time(s):  0.734E+01
 Non zero transformed coupling integrals:       147851
 
 Integrals transformation for: E-BETA
 
              Transformation boundaries 
                 orbital lower upper
                       p     1     6
                       q     7   110
                       r     1     6
                       s     7   110
 
         Loading AO integrals time(s):  0.179E-01
      Integral transformation time(s):  0.122E+01
       Non-zero transformed integrals:       220434
 
** TOTAL Elapsed Time for integrals transformation :     10.319 (s)
 
 
  POST HARTREE-FOCK CALCULATION
  MANY-BODY PERTURBATION THEORY:
 ==============================
 
              MOLLER-PLESSET FORMALISM 
               ORDER OF CORRECTION =     2
 
                E(0) + E(1) =     -75.294291531556
                       E(2) =      -0.185895057993
                             ____________________
                     E(MP2) =     -75.480186589549
 
              -----------------------------------
               E(n){ Specie }     E(n) / Hartree 
              -----------------------------------
 
            E(2){ E-ALPHA } =      -0.018387728233
             E(2){ E-BETA } =      -0.009268740998
 
     E(2){ E-ALPHA/E-BETA } =      -0.158238588761
 
** TOTAL CPU Time HF-MBPT :      0.998 (s)
** TOTAL Elapsed Time HF-MBPT :      0.382 (s)
 

  TOTAL CPU Time:      0.503 (s)
 TOTAL Wall Time:     14.579 (s)
  Elapsed Time:   0h  0m 14s 578ms
LOWDIN execution terminated normally at : Thu Feb 27 18:17:42 2025
-rw-rw-r-- 1 pohl pohl  16M feb 27 18:17 0E-ALPHA.E-BETA.ints
-rw-rw-r-- 1 pohl pohl 7.6M feb 27 18:17 0E-ALPHA.ints
-rw-rw-r-- 1 pohl pohl  16M feb 27 18:17 1E-ALPHA.E-BETA.ints
-rw-rw-r-- 1 pohl pohl 7.6M feb 27 18:17 1E-ALPHA.ints
-rw-rw-r-- 1 pohl pohl  15M feb 27 18:17 2E-ALPHA.E-BETA.ints
-rw-rw-r-- 1 pohl pohl 7.6M feb 27 18:17 2E-ALPHA.ints
-rw-rw-r-- 1 pohl pohl  15M feb 27 18:17 3E-ALPHA.E-BETA.ints
-rw-rw-r-- 1 pohl pohl 7.6M feb 27 18:17 3E-ALPHA.ints
-rw-rw-r-- 1 pohl pohl  15M feb 27 18:17 4E-ALPHA.E-BETA.ints
-rw-rw-r-- 1 pohl pohl 7.6M feb 27 18:17 4E-ALPHA.ints
-rw-rw-r-- 1 pohl pohl  14M feb 27 18:17 5E-ALPHA.E-BETA.ints
-rw-rw-r-- 1 pohl pohl 7.6M feb 27 18:17 5E-ALPHA.ints
-rw-rw-r-- 1 pohl pohl  15M feb 27 18:17 6E-ALPHA.E-BETA.ints
-rw-rw-r-- 1 pohl pohl 6.9M feb 27 18:17 6E-ALPHA.ints
-rw-rw-r-- 1 pohl pohl  16M feb 27 18:17 7E-ALPHA.E-BETA.ints
-rw-rw-r-- 1 pohl pohl 7.6M feb 27 18:17 7E-ALPHA.ints
-rw-rw-r-- 1 pohl pohl  15M feb 27 18:17 8E-ALPHA.E-BETA.ints
-rw-rw-r-- 1 pohl pohl 7.6M feb 27 18:17 8E-ALPHA.ints
-rw-rw-r-- 1 pohl pohl  256 feb 27 18:17 c_step_7
-rw-rw-r-- 1 pohl pohl 1.1K feb 27 18:17 c_step_7.aux
-rw-rw-r-- 1 pohl pohl  264 feb 27 18:17 c_step_7.lowdin
-rw-rw-r-- 1 pohl pohl  74K feb 27 18:17 c_step_7.out
-rw-rw-r-- 1 pohl pohl 192K feb 27 18:17 c_step_7.vec
-rw-rw-r-- 1 pohl pohl   12 feb 27 18:17 E-ALPHA.E-BETA.nints
-rw-rw-r-- 1 pohl pohl 8.3M feb 27 18:17 E-ALPHAmoint.dat
-rw-rw-r-- 1 pohl pohl 3.5M feb 27 18:17 E-BETA.E-ALPHAmoint.dat
-rw-rw-r-- 1 pohl pohl 7.6M feb 27 18:17 E-BETAmoint.dat
-rw-rw-r-- 1 pohl pohl   64 feb 27 18:17 gepol.inp
-rw-rw-r-- 1 pohl pohl  182 feb 27 18:17 gepol.xyzr
-rw-rw-r-- 1 pohl pohl  13K feb 27 18:17 lowdin.bas
-rw-rw-r-- 1 pohl pohl  16K feb 27 18:17 lowdin.dat
-rw-rw-r-- 1 pohl pohl 2.3M feb 27 18:17 lowdin.opints
-rw-rw-r-- 1 pohl pohl  46K feb 27 18:17 lowdin.sys
-rw-rw-r-- 1 pohl pohl 2.1M feb 27 18:17 lowdin.wfn
