Begin job by input: c_step_27.lowdin, for user:   at  jue 27 feb 2025 18:22:59 -05
under operating system Linux helios 5.19.0-46-generic #47-Ubuntu SMP PREEMPT_DYNAMIC Fri Jun 16 13:30:11 UTC 2023 x86_64 x86_64 x86_64 GNU/Linux
Compilation information
  commit: f31d3924f6ee2ce9d77f07edcc1ba27359319d14
  compilation date:  mar 17 sep 2024 16:16:17 -05

BEGIN INPUT INFO:
------------------------------------

GEOMETRY
	e-(C)	AUG-CC-PVTZ 0.0 0.0 0.0  multiplicity=2 addParticles=1 
	e-(C)	AUG-CC-PVTZ 0.0 0.0 15.0
	C	Dirac 0 0.0 0.0
	C	Dirac 0.0 0.0 15.0
END GEOMETRY

TASKS
        method = "UHF"
	mollerPlessetCorrection=2
END TASKS

CONTROL
	units="ANGS"
END CONTROL






... END INPUT INFO


 LOWDIN execution started at : Thu Feb 27 18:22:59 2025
 ---------------------------------------------------------------
 
 ***************************************************************
 *                   LOWDIN 2.0  (May/2013)                    *
 *                                                             *
 *  R. FLORES-MORENO, E. F. POSADA, F. S. MONCADA, J.ROMERO,   *
 *  J. CHARRY, M. DIAZ-TINOCO, S. A. GONZALEZ, N. F. AGUIRRE,  *
 *  A. REYES                                                   *
 *                                                             *
 *  https://sites.google.com/site/lowdinproject/               *
 *                                                             *
 ***************************************************************
 
 PARSING INPUT... DONE!
 
 LOWDIN IS RUNNING WITH NEXT PARAMETERS: 
 ----------------------------------------
 
         METHOD TYPE:  UHF
         NUMBER OF CORES:     9
         MOLLER PLESSET CORRECTION:      2
         NONELECTRONIC DENSITY GUESS: HCORE
         ELECTRONIC DENSITY GUESS: HCORE
         CRITERIUM OF CONVERGENCE: ENERGY
         NONELECTRONIC ENERGY TOLERANCE IN SCFs:     0.10000E-07
         ELECTRONIC ENERGY TOLERANCE IN SCFs:     0.10000E-07
         TOTAL ENERGY TOLERANCE IN SCFs:     0.10000E-07
         SCHEME OF ITERATION: GLOBAL ITERATIONS
         SCF MAX. SUBITERATIONS - NONELECTRONS :     1
         SCF MAX. SUBITERATIONS - ELECTRONS :     1
         SCF MAX. ITERATIONS - INTERSPECIES :   200
         INTEGRAL STORAGE: DISK
         STACK SIZE FOR ERIS : 30000
         METHOD OF SCF CONVERGENCE: DAMPING
 
  MOLECULAR SYSTEM: c_step_27
 -----------------
 
    DESCRIPTION   : c_step_27
    CHARGE        :   0
    PUNTUAL GROUP : NONE
 
 
  INFORMATION OF PARTICLES :
 =========================
         Total number of particles   =      15
         Number of quantum particles =      13
         Number of puntual charges   =       2
         Number of quantum species   =       2
 
                 INFORMATION OF QUANTUM SPECIES 
    ----------------------------------------------------------------------
         ID      Symbol            mass     charge      omega     spin     multiplicity
    ----------------------------------------------------------------------
         1        E-ALPHA         1.0000     -1.00      0.00      0.50      2.00
         2         E-BETA         1.0000     -1.00      0.00      0.50      2.00
 
                   CONSTANTS OF COUPLING 
      ------------------------------------------------------------
              Symbol      kappa        eta     lambda occupation
      ------------------------------------------------------------
             E-ALPHA      -1.00       1.00       1.00       7.00
              E-BETA      -1.00       1.00       1.00       6.00
 
                   BASIS SET FOR SPECIES 
      ------------------------------------------------------------
           Symbol          N. Basis     N. Particles     Basis Set
      ------------------------------------------------------------
            E-ALPHA           28                7     AUG-CC-PVT
             E-BETA           28                6     AUG-CC-PVT
 
                                ATOMIC BASIS
         ------------------------------------------------------------
          PRIMITIVE   SHELL             EXPONENT         COEFFICIENT 
         ------------------------------------------------------------
 
    BEGIN DESCRIPTION OF BASIS FOR: E-ALP
    ==============================
 
 
             C BASIS SET:    AUG-CC-PVTZ
             1         S             8236.00000000          0.00053100
             2         S             1235.00000000          0.00410800
             3         S              280.80000000          0.02108700
             4         S               79.27000000          0.08185300
             5         S               25.59000000          0.23481700
             6         S                8.99700000          0.43440100
             7         S                3.31900000          0.34612900
             8         S                0.36430000         -0.00898300
             1         S             8236.00000000         -0.00011300
             2         S             1235.00000000         -0.00087800
             3         S              280.80000000         -0.00454000
             4         S               79.27000000         -0.01813300
             5         S               25.59000000         -0.05576000
             6         S                8.99700000         -0.12689500
             7         S                3.31900000         -0.17035200
             8         S                0.36430000          0.59868400
             1         S                0.90590000          1.00000000
             1         S                0.12850000          1.00000000
             1         S                0.04402000          1.00000000
             1         P               18.71000000          0.01403100
             2         P                4.13300000          0.08686600
             3         P                1.20000000          0.29021600
             1         P                0.38270000          1.00000000
             1         P                0.12090000          1.00000000
             1         P                0.03569000          1.00000000
             1         D                1.09700000          1.00000000
             1         D                0.31800000          1.00000000
             1         D                0.10000000          1.00000000
             1         F                0.76100000          1.00000000
             1         F                0.26800000          1.00000000
 
             C BASIS SET:    AUG-CC-PVTZ
             1         S             8236.00000000          0.00053100
             2         S             1235.00000000          0.00410800
             3         S              280.80000000          0.02108700
             4         S               79.27000000          0.08185300
             5         S               25.59000000          0.23481700
             6         S                8.99700000          0.43440100
             7         S                3.31900000          0.34612900
             8         S                0.36430000         -0.00898300
             1         S             8236.00000000         -0.00011300
             2         S             1235.00000000         -0.00087800
             3         S              280.80000000         -0.00454000
             4         S               79.27000000         -0.01813300
             5         S               25.59000000         -0.05576000
             6         S                8.99700000         -0.12689500
             7         S                3.31900000         -0.17035200
             8         S                0.36430000          0.59868400
             1         S                0.90590000          1.00000000
             1         S                0.12850000          1.00000000
             1         S                0.04402000          1.00000000
             1         P               18.71000000          0.01403100
             2         P                4.13300000          0.08686600
             3         P                1.20000000          0.29021600
             1         P                0.38270000          1.00000000
             1         P                0.12090000          1.00000000
             1         P                0.03569000          1.00000000
             1         D                1.09700000          1.00000000
             1         D                0.31800000          1.00000000
             1         D                0.10000000          1.00000000
             1         F                0.76100000          1.00000000
             1         F                0.26800000          1.00000000
    ... END DESCRIPTION OF BASIS
 
 
  END INFORMATION OF PARTICLES
 
 
  INFORMATION OF THE QUANTUM SYSTEM 
     ---------------------------------------------------------------------
                 ID     Occupied Orbitals     Basis size
     ---------------------------------------------------------------------
            E-ALPHA            7              110
             E-BETA            6              110
 
  END INFORMATION OF QUANTUM SYSTEM
 
                       INITIAL GEOMETRY: AMSTRONG
                 -----------------------------------
                       <x>                 <y>                 <z>
  E-ALPHAC        0.0000000000        0.0000000000        0.0000000000
  E-ALPHAC        0.0000000000        0.0000000000       15.0000000000
         C        0.0000000000        0.0000000000        0.0000000000
         C        0.0000000000        0.0000000000       15.0000000000
 
                     MATRIX OF DISTANCE: ANGSTROM
                 -----------------------------------
                          C(1)           C(2)      
 
        C(1)             0.000000      15.000000
        C(2)            15.000000       0.000000
 
--------------------------------------------------------------------------------
** PROGRAM: SCF (Hartree Fock).     Author: S.A. Gonzalez, E. Posada, F. Moncada
--------------------------------------------------------------------------------
INFO: RUNNING IN UHF MODE.
 
----------------------------------------------------------------------
** PROGRAM INTS                          Author: E. F. Posada, 2013   
----------------------------------------------------------------------
INFO: RUNNING IN ONE_PARTICLE MODE.
 
 Number of Overlap integrals for species E-ALPHA:  12100
 Number of Overlap integrals for species E-BETA:  12100
 Number of Kinetic integrals for species E-ALPHA:  12100
 Number of Kinetic integrals for species E-BETA:  12100
 Number of Nuclear integrals for species E-ALPHA:  12100
 Number of Nuclear integrals for species E-BETA:  12100
 Number of Moment integrals for species E-ALPHA:  36300
 Number of Moment integrals for species E-BETA:  36300
 
** TOTAL CPU Time INTS :      0.685 (s)
** TOTAL Elapsed Time INTS :      0.233 (s)
 
       Usign  HCORE density guess for species:    E-ALPHA
     number of    E-ALPHA     particles in guess density matrix:     7.000000
       Usign  HCORE density guess for species:     E-BETA
     number of     E-BETA     particles in guess density matrix:     6.000000
 Number of unique integrals for species: 1 = 920180
 Number of unique integrals for species: 1 / 2 = 1837280 Screened: 71487
 
 TWO-BODY INTEGRAL SETUP: 
------------------------- 
 Storage:   DISK
 Scheme: LIBINT
 Stack size:  30000
 
 LIBINT library, Fermann, J. T.; Valeev, F. L. 2010                   
 LOWDIN-LIBINT Implementation V. 2.1  Posada E. F. ; Reyes A. 2016   
 ----------------------------------------------------------------------

*** TOTAL CPU time intra-species integrals :      1.019 (s)
*** TOTAL elapsed time intra-species integrals :      0.165 (s)


*** TOTAL CPU time inter-species integrals :      2.047 (s)
*** TOTAL elapsed time inter-species integrals :      0.305 (s)

INFO: RUNNING SCHEME SIMULTANEOUS
 
 Begin Multi-Species SCF calculation:
 
 --------------------------------------------------------------------------------------------------
      Iteration                   Energy            Energy Change           Density Change
 --------------------------------------------------------------------------------------------------
              1         -66.839457384635          66.839457384635           0.160170220834
              2         -70.768294417227           3.928837032592           0.139617344312
              3         -74.793136673391           4.024842256164           0.024102082864
              4         -74.209295564980          -0.583841108411           0.011287752428
              5         -75.258243056601           1.048947491621           0.004434147871
              6         -75.329322726745           0.071079670144           0.002495934355
              7         -75.341701976033           0.012379249289           0.000844912987
              8         -75.344548508079           0.002846532046           0.000539421942
              9         -75.345425649655           0.000877141576           0.000283544740
             10         -75.345780888551           0.000355238896           0.000187669206
             11         -75.345941418922           0.000160530371           0.000119583255
             12         -75.346018307106           0.000076888184           0.000082049493
             13         -75.346056145505           0.000037838399           0.000056502584
             14         -75.346075116867           0.000018971362           0.000040109381
             15         -75.346084760518           0.000009643651           0.000028798414
             16         -75.346089723822           0.000004963304           0.000021015422
             17         -75.346092310243           0.000002586421           0.000015505306
             18         -75.346093676722           0.000001366479           0.000011570876
             19         -75.346094410357           0.000000733634           0.000008723311
             20         -75.346094811839           0.000000401483           0.000006644826
             21         -75.346095036587           0.000000224748           0.000005114169
             22         -75.346095165731           0.000000129144           0.000003977989
             23         -75.346095242118           0.000000076387           0.000003127644
             24         -75.346095288699           0.000000046581           0.000002485699
             25         -75.346095317981           0.000000029281           0.000001996460
             26         -75.346095336921           0.000000018940           0.000001619682
             27         -75.346095349488           0.000000012568           0.000001326177
             28         -75.346095358010           0.000000008522           0.000001094752
 Total energy converged after  28 global iterations                                                  
 
 ...end Multi-Species SCF calculation
 
 
 Begin SCF calculation by: E-ALPHA
 -------------------------
 
 -----------------------------------------------------------------------------------
 Iteration                   Energy           Density Change         DIIS Error 
 -----------------------------------------------------------------------------------
    1         -34.649936331703           0.060896466228                 -- 
    2         -32.242263466725           0.012983037802                 -- 
    3         -29.295535139508           0.005780146728                 -- 
    4         -29.281429724896           0.002122808583                 -- 
    5         -29.872456643489           0.001378049302                 -- 
    6         -29.569027338537           0.000519952657                 -- 
    7         -29.627231522135           0.000344836970                 -- 
    8         -29.583905417966           0.000206955461                 -- 
    9         -29.583677830488           0.000138991267                 -- 
   10         -29.575024082767           0.000094122197                 -- 
   11         -29.572200841897           0.000065095457                 -- 
   12         -29.569360096041           0.000045559948                 -- 
   13         -29.567656802532           0.000032118307                 -- 
   14         -29.566306919316           0.000022795035                 -- 
   15         -29.565315347790           0.000016246556                 -- 
   16         -29.564530978865           0.000011630313                 -- 
   17         -29.563908510391           0.000008358000                 -- 
   18         -29.563401964840           0.000006033323                 -- 
   19         -29.562985632170           0.000004377506                 -- 
   20         -29.562639738308           0.000003196244                 -- 
   21         -29.562350504387           0.000002351949                 -- 
   22         -29.562107405938           0.000001747276                 -- 
   23         -29.561902379548           0.000001312937                 -- 
   24         -29.561729029626           0.000000999589                 -- 
   25         -29.561582208425           0.000000772056                 -- 
   26         -29.561457703918           0.000000605304                 -- 
   27         -29.561352034009           0.000000481593                 -- 
 
 ... end SCF calculation
 
 Begin SCF calculation by: E-BETA
 -------------------------
 
 -----------------------------------------------------------------------------------
 Iteration                   Energy           Density Change         DIIS Error 
 -----------------------------------------------------------------------------------
    1         -32.109774946583           0.078720878084                 -- 
    2         -29.637965194772           0.011119045061                 -- 
    3         -26.528839110379           0.005507605700                 -- 
    4         -27.192785581968           0.002311339287                 -- 
    5         -27.801354576659           0.001117885053                 -- 
    6         -27.576529061932           0.000324960330                 -- 
    7         -27.657035727244           0.000194584972                 -- 
    8         -27.636628355855           0.000076589279                 -- 
    9         -27.648617370370           0.000048677938                 -- 
   10         -27.649050609892           0.000025461058                 -- 
   11         -27.652156945852           0.000016954036                 -- 
   12         -27.653581234998           0.000010942636                 -- 
   13         -27.654933057991           0.000007991074                 -- 
   14         -27.655867842448           0.000006003379                 -- 
   15         -27.656620370391           0.000004768866                 -- 
   16         -27.657203015615           0.000003874993                 -- 
   17         -27.657672394091           0.000003212876                 -- 
   18         -27.658052384162           0.000002689988                 -- 
   19         -27.658364766894           0.000002267321                 -- 
   20         -27.658623560955           0.000001917925                 -- 
   21         -27.658839588389           0.000001626040                 -- 
   22         -27.659020824999           0.000001380368                 -- 
   23         -27.659173473570           0.000001172762                 -- 
   24         -27.659302399931           0.000000996871                 -- 
   25         -27.659411511387           0.000000847626                 -- 
   26         -27.659503985749           0.000000720873                 -- 
   27         -27.659582439939           0.000000613159                 -- 
 
 ... end SCF calculation
 
  EIGENVALUES AND EIGENVECTORS: 
 ==============================
 
 
  Eigenvalues for: E-ALPHA
 -----------------
 
    1         -11.301856559018
    2         -10.991143064391
    3          -0.681428784589
    4          -0.449974810779
    5          -0.383184215042
    6          -0.076699691503
    7          -0.076662766176
    8           0.061473652998
    9           0.090890168303
   10           0.103085731303
   11           0.126056823150
   12           0.156937746613
   13           0.188329530790
   14           0.227568239676
   15           0.231605319626
   16           0.249325343551
   17           0.249335316287
   18           0.337205316730
   19           0.338972762684
   20           0.345960733517
   21           0.350000543845
   22           0.350688306321
   23           0.357321012108
   24           0.400323937994
   25           0.444592099724
   26           0.483545447670
   27           0.512968993372
   28           0.513646822173
   29           0.513647158560
   30           0.515518713880
   31           0.531119473464
   32           0.531126636646
   33           0.540900226473
   34           0.643208048512
   35           0.643212363219
   36           0.720939858723
   37           1.068357840816
   38           1.069362272947
   39           1.106309171177
   40           1.115389464276
   41           1.115407242808
   42           1.118976988572
   43           1.120003329450
   44           1.127928756871
   45           1.131001672601
   46           1.133056437759
   47           1.134629370681
   48           1.142309748366
   49           1.144884192778
   50           1.159915204914
   51           1.185336694089
   52           1.225360082579
   53           1.311357727194
   54           1.311357824602
   55           1.334350296354
   56           1.356508835246
   57           1.356508836823
   58           1.358760862060
   59           1.358762425526
   60           1.369333996340
   61           1.369334040897
   62           1.375810744844
   63           1.375812823394
   64           1.376699320042
   65           1.379498153515
   66           1.403716906073
   67           1.403722570850
   68           1.461884614860
   69           1.905127134417
   70           2.112603664278
   71           3.066444835986
   72           3.082073141983
   73           3.133213952903
   74           3.355268493402
   75           3.355273734670
   76           3.405203450428
   77           3.420503653635
   78           3.420617455051
   79           3.468984704281
   80           3.469090928760
   81           3.471320834398
   82           3.477021059374
   83           3.493603466422
   84           3.497089218958
   85           3.500005208086
   86           3.512449897252
   87           3.526753837035
   88           3.528754508354
   89           3.714523943208
   90           3.714523964553
   91           3.755970650658
   92           3.755973392383
   93           3.767918624659
   94           3.767918625024
   95           3.770987968907
   96           3.786774641901
   97           3.786774652808
   98           3.798636677632
   99           3.798638059125
  100           3.802727233411
  101           6.115335992001
  102           6.398229291745
  103           7.252867675982
  104           7.281729718959
  105           7.294008882058
  106           7.535857452771
  107           7.535862243107
  108           7.544859006474
  109           8.490707150826
  110           8.783891204297
 
 
  Eigenvalues for: E-BETA
 -----------------
 
    1         -11.301856422795
    2         -10.972103110876
    3          -0.681428671848
    4          -0.383183764239
    5          -0.336010691614
    6          -0.039529285668
    7           0.061474620917
    8           0.090889369318
    9           0.103084000422
   10           0.126058062527
   11           0.156938891541
   12           0.188328912319
   13           0.230312717459
   14           0.231215303263
   15           0.231228232282
   16           0.255539408040
   17           0.337205317780
   18           0.338973129004
   19           0.345960574991
   20           0.350000178506
   21           0.350688260722
   22           0.357320441473
   23           0.415129815407
   24           0.415138376359
   25           0.444592776864
   26           0.483545900952
   27           0.512968509452
   28           0.519944897215
   29           0.529016659535
   30           0.529019303135
   31           0.536733036400
   32           0.545003479110
   33           0.545003807279
   34           0.655460539483
   35           0.732958086905
   36           0.732966761575
   37           1.068357869176
   38           1.069362337045
   39           1.106309067891
   40           1.115389566429
   41           1.115407500770
   42           1.118976307538
   43           1.120002687691
   44           1.127929133746
   45           1.131001765175
   46           1.133055189151
   47           1.134630333398
   48           1.142309808795
   49           1.144884127400
   50           1.159915484593
   51           1.185337489614
   52           1.225359799653
   53           1.351394732964
   54           1.358397028893
   55           1.365599214986
   56           1.365603844651
   57           1.370599336464
   58           1.373970356585
   59           1.373971984548
   60           1.381423286175
   61           1.381423328618
   62           1.393690277693
   63           1.393690279277
   64           1.410400154159
   65           1.410400235804
   66           1.417175155833
   67           1.472670033021
   68           1.472677403329
   69           1.905127130973
   70           2.121053214361
   71           3.066445074524
   72           3.082073122297
   73           3.133213917332
   74           3.368219311784
   75           3.417971605533
   76           3.417980116021
   77           3.420503782373
   78           3.420617586190
   79           3.468984756924
   80           3.469090982718
   81           3.471321023782
   82           3.477021151715
   83           3.493603615283
   84           3.497089173575
   85           3.500005221999
   86           3.512449836015
   87           3.526753899801
   88           3.528754552728
   89           3.755998419145
   90           3.769305614222
   91           3.769313936195
   92           3.796137652488
   93           3.800162949168
   94           3.800169180073
   95           3.812417540179
   96           3.812417549491
   97           3.812942879574
   98           3.812942899459
   99           3.833890489553
  100           3.833890489905
  101           6.115336092582
  102           6.416845403236
  103           7.252867679730
  104           7.281729972330
  105           7.294008673280
  106           7.538756937738
  107           7.549622496633
  108           7.549629241244
  109           8.490707202162
  110           8.797106702626
 
  end of eigenvalues 
 
  Occupied Eigenvectors for: E-ALPHA
 --------------------------- 
 
                         -11.3019       -10.9911        -0.6814        -0.4500        -0.3832   
 
    1      C     S       0.975589       0.000000       0.005800      -0.000000       0.000000
    2      C     S      -0.007218       0.000000      -0.562445      -0.000000       0.000000
    3      C     S       0.045272       0.000000      -0.147094      -0.000000       0.000000
    4      C     S      -0.015130      -0.000000      -0.365024       0.000000      -0.000000
    5      C     S      -0.002897      -0.000000      -0.023278       0.000000      -0.000000
    6      C    Px      -0.000000       0.000000       0.000000      -0.000000      -0.201396
    7      C    Py       0.000000       0.000000      -0.000000      -0.000000       0.297720
    8      C    Pz       0.000031      -0.000000       0.000364       0.000000       0.000000
    9      C    Px       0.000000      -0.000000       0.000000       0.000000      -0.263290
   10      C    Py      -0.000000      -0.000000      -0.000000       0.000000       0.389216
   11      C    Pz      -0.000068       0.000000       0.000419      -0.000000       0.000000
   12      C    Px       0.000000       0.000000      -0.000000       0.000000      -0.167909
   13      C    Py      -0.000000       0.000000      -0.000000       0.000000       0.248216
   14      C    Pz      -0.000030       0.000000       0.001076      -0.000000       0.000000
   15      C    Px      -0.000000       0.000000       0.000000      -0.000000      -0.015767
   16      C    Py       0.000000      -0.000000       0.000000      -0.000000       0.023308
   17      C    Pz       0.000004      -0.000000       0.000162       0.000000       0.000000
   18      C   Dxx       0.001728       0.000000       0.002857      -0.000000       0.000000
   19      C   Dxy      -0.001607      -0.000000       0.021840       0.000000      -0.000000
   20      C   Dxz      -0.000000       0.000000       0.000000      -0.000000       0.000006
   21      C   Dyy       0.002844       0.000000      -0.012308      -0.000000       0.000000
   22      C   Dyz       0.000000       0.000000      -0.000000       0.000000      -0.000009
   23      C   Dzz       0.001895       0.000000      -0.002684      -0.000000       0.000000
   24      C   Dxx       0.007524       0.000000       0.004662      -0.000000       0.000000
   25      C   Dxy       0.000092      -0.000000       0.042729       0.000000      -0.000000
   26      C   Dxz      -0.000000       0.000000       0.000000      -0.000000       0.000167
   27      C   Dyy       0.007460       0.000000      -0.025009      -0.000000       0.000000
   28      C   Dyz       0.000000      -0.000000      -0.000000       0.000000      -0.000246
   29      C   Dzz       0.007131       0.000000      -0.004575      -0.000000       0.000000
   30      C   Dxx       0.002431       0.000000       0.007124      -0.000000       0.000000
   31      C   Dxy      -0.000129       0.000000       0.010007      -0.000000       0.000000
   32      C   Dxz      -0.000000      -0.000000       0.000000      -0.000000       0.000783
   33      C   Dyy       0.002521       0.000000       0.000175      -0.000000       0.000000
   34      C   Dyz       0.000000      -0.000000      -0.000000      -0.000000      -0.001157
   35      C   Dzz       0.002523       0.000000       0.009684      -0.000000       0.000000
   36      C  Fxxx      -0.000000      -0.000000       0.000000      -0.000000      -0.000613
   37      C  Fxxy       0.000000       0.000000       0.000000      -0.000000       0.007367
   38      C  Fxxz       0.000013      -0.000000       0.000010       0.000000       0.000000
   39      C  Fxyy      -0.000000       0.000000       0.000000      -0.000000      -0.013356
   40      C  Fxyz       0.000000      -0.000000      -0.000014      -0.000000      -0.000000
   41      C  Fxzz      -0.000000       0.000000       0.000000      -0.000000      -0.004681
   42      C  Fyyy       0.000000       0.000000       0.000000      -0.000000       0.010132
   43      C  Fyyz       0.000012      -0.000000       0.000020       0.000000       0.000000
   44      C  Fyzz       0.000000       0.000000       0.000000      -0.000000       0.006920
   45      C  Fzzz       0.000028      -0.000000       0.000053       0.000000       0.000000
   46      C  Fxxx      -0.000000      -0.000000       0.000000      -0.000000      -0.006867
   47      C  Fxxy       0.000000       0.000000      -0.000000      -0.000000       0.012160
   48      C  Fxxz       0.000013      -0.000000       0.000027       0.000000       0.000000
   49      C  Fxyy      -0.000000      -0.000000       0.000000      -0.000000      -0.017391
   50      C  Fxyz       0.000000       0.000000      -0.000086      -0.000000      -0.000000
   51      C  Fxzz      -0.000000      -0.000000      -0.000000      -0.000000      -0.007489
   52      C  Fyyy       0.000000       0.000000       0.000000      -0.000000       0.020250
   53      C  Fyyz       0.000013      -0.000000       0.000087       0.000000       0.000000
   54      C  Fyzz       0.000000       0.000000       0.000000      -0.000000       0.011070
   55      C  Fzzz       0.000029      -0.000000       0.000096       0.000000       0.000000
   56      C     S      -0.000000      -0.975232       0.000000      -0.012415       0.000000
   57      C     S      -0.000000       0.006115      -0.000000       0.529575       0.000000
   58      C     S      -0.000000      -0.046554       0.000000       0.134069       0.000000
   59      C     S       0.000000       0.014712      -0.000000       0.380387      -0.000000
   60      C     S       0.000000       0.002923      -0.000000       0.045830      -0.000000
   61      C    Px       0.000000       0.000000       0.000000      -0.000000      -0.000000
   62      C    Py       0.000000      -0.000000      -0.000000       0.000000       0.000000
   63      C    Pz      -0.000000       0.000000       0.000000       0.000005      -0.000000
   64      C    Px      -0.000000      -0.000000      -0.000000       0.000000       0.000000
   65      C    Py      -0.000000       0.000000       0.000000      -0.000000      -0.000000
   66      C    Pz       0.000000      -0.000001       0.000000       0.000008       0.000000
   67      C    Px      -0.000000      -0.000000      -0.000000       0.000000       0.000000
   68      C    Py      -0.000000       0.000000      -0.000000      -0.000000      -0.000000
   69      C    Pz       0.000000      -0.000000       0.000000      -0.000008      -0.000000
   70      C    Px       0.000000       0.000000       0.000000      -0.000000      -0.000000
   71      C    Py       0.000000       0.000000       0.000000      -0.000000       0.000000
   72      C    Pz      -0.000000       0.000000      -0.000000      -0.000005       0.000000
   73      C   Dxx      -0.000000      -0.001066       0.000000      -0.006043       0.000000
   74      C   Dxy       0.000000       0.001185       0.000000      -0.015699       0.000000
   75      C   Dxz       0.000000      -0.000000       0.000000       0.000000       0.000000
   76      C   Dyy      -0.000000      -0.001889       0.000000       0.004858       0.000000
   77      C   Dyz      -0.000000      -0.000000       0.000000       0.000000      -0.000000
   78      C   Dzz      -0.000000      -0.002583       0.000000       0.014051       0.000000
   79      C   Dxx      -0.000000      -0.007179       0.000000      -0.015480       0.000000
   80      C   Dxy      -0.000000      -0.000002       0.000000      -0.036136      -0.000000
   81      C   Dxz      -0.000000      -0.000000       0.000000       0.000000      -0.000000
   82      C   Dyy      -0.000000      -0.007177       0.000000       0.009613       0.000000
   83      C   Dyz       0.000000       0.000000       0.000000       0.000000       0.000000
   84      C   Dzz      -0.000000      -0.007176       0.000000       0.030776       0.000000
   85      C   Dxx      -0.000000      -0.002440       0.000000      -0.006564       0.000000
   86      C   Dxy       0.000000       0.000109       0.000000      -0.017212       0.000000
   87      C   Dxz       0.000000      -0.000000      -0.000000       0.000000       0.000000
   88      C   Dyy      -0.000000      -0.002516       0.000000       0.005388       0.000000
   89      C   Dyz       0.000000      -0.000000      -0.000000       0.000000      -0.000000
   90      C   Dzz      -0.000000      -0.002580       0.000000       0.015481       0.000000
   91      C  Fxxx       0.000000       0.000000       0.000000      -0.000000      -0.000000
   92      C  Fxxy       0.000000      -0.000000      -0.000000       0.000000       0.000000
   93      C  Fxxz      -0.000000       0.000000      -0.000000       0.000000      -0.000000
   94      C  Fxyy       0.000000       0.000000       0.000000      -0.000000      -0.000000
   95      C  Fxyz      -0.000000      -0.000000      -0.000000      -0.000000       0.000000
   96      C  Fxzz       0.000000       0.000000       0.000000      -0.000000      -0.000000
   97      C  Fyyy       0.000000      -0.000000      -0.000000       0.000000       0.000000
   98      C  Fyyz      -0.000000       0.000000      -0.000000       0.000000      -0.000000
   99      C  Fyzz       0.000000      -0.000000      -0.000000      -0.000000       0.000000
  100      C  Fzzz      -0.000000       0.000000      -0.000000       0.000000      -0.000000
  101      C  Fxxx       0.000000       0.000000       0.000000      -0.000000      -0.000000
  102      C  Fxxy       0.000000      -0.000000      -0.000000       0.000000       0.000000
  103      C  Fxxz      -0.000000       0.000000      -0.000000       0.000001       0.000000
  104      C  Fxyy       0.000000       0.000000       0.000000      -0.000000      -0.000000
  105      C  Fxyz       0.000000      -0.000000      -0.000000       0.000001      -0.000000
  106      C  Fxzz       0.000000       0.000000       0.000000      -0.000000      -0.000000
  107      C  Fyyy       0.000000      -0.000000       0.000000       0.000000       0.000000
  108      C  Fyyz      -0.000000       0.000000      -0.000000       0.000001      -0.000000
  109      C  Fyzz       0.000000      -0.000000       0.000000       0.000000       0.000000
  110      C  Fzzz      -0.000000       0.000000      -0.000000       0.000001      -0.000000
 
                          -0.0767        -0.0767   
 
    1      C     S       0.000000      -0.000000
    2      C     S       0.000000      -0.000001
    3      C     S       0.000000      -0.000002
    4      C     S      -0.000000       0.000005
    5      C     S      -0.000000       0.000010
    6      C    Px       0.000000      -0.000000
    7      C    Py      -0.000000       0.000000
    8      C    Pz       0.000000       0.000001
    9      C    Px      -0.000000       0.000000
   10      C    Py       0.000000      -0.000000
   11      C    Pz       0.000000      -0.000000
   12      C    Px      -0.000000       0.000000
   13      C    Py       0.000001      -0.000000
   14      C    Pz      -0.000000      -0.000015
   15      C    Px       0.000000      -0.000000
   16      C    Py      -0.000000      -0.000000
   17      C    Pz       0.000000       0.000012
   18      C   Dxx       0.000000      -0.000000
   19      C   Dxy      -0.000000       0.000000
   20      C   Dxz       0.000000      -0.000000
   21      C   Dyy       0.000000      -0.000000
   22      C   Dyz      -0.000000       0.000000
   23      C   Dzz       0.000000      -0.000000
   24      C   Dxx       0.000000      -0.000002
   25      C   Dxy      -0.000000       0.000000
   26      C   Dxz      -0.000000       0.000000
   27      C   Dyy       0.000000      -0.000002
   28      C   Dyz       0.000000      -0.000000
   29      C   Dzz       0.000000      -0.000002
   30      C   Dxx       0.000000      -0.000004
   31      C   Dxy       0.000000      -0.000000
   32      C   Dxz       0.000000      -0.000000
   33      C   Dyy       0.000000      -0.000004
   34      C   Dyz      -0.000000       0.000000
   35      C   Dzz       0.000000      -0.000004
   36      C  Fxxx       0.000000      -0.000000
   37      C  Fxxy      -0.000000       0.000000
   38      C  Fxxz       0.000000       0.000001
   39      C  Fxyy       0.000000      -0.000000
   40      C  Fxyz      -0.000000      -0.000000
   41      C  Fxzz       0.000000      -0.000000
   42      C  Fyyy      -0.000000       0.000000
   43      C  Fyyz       0.000000       0.000001
   44      C  Fyzz      -0.000000       0.000000
   45      C  Fzzz       0.000000       0.000001
   46      C  Fxxx       0.000000      -0.000000
   47      C  Fxxy      -0.000000       0.000000
   48      C  Fxxz       0.000000       0.000003
   49      C  Fxyy       0.000000      -0.000000
   50      C  Fxyz       0.000000      -0.000000
   51      C  Fxzz       0.000000      -0.000000
   52      C  Fyyy      -0.000000       0.000000
   53      C  Fyyz       0.000000       0.000003
   54      C  Fyzz      -0.000000       0.000000
   55      C  Fzzz       0.000000       0.000006
   56      C     S       0.000000      -0.000004
   57      C     S       0.000000      -0.000021
   58      C     S      -0.000000      -0.000015
   59      C     S       0.000000      -0.000020
   60      C     S      -0.000000       0.000171
   61      C    Px       0.171452      -0.000000
   62      C    Py      -0.253455      -0.000000
   63      C    Pz       0.000000      -0.305963
   64      C    Px       0.222164      -0.000000
   65      C    Py      -0.328420      -0.000000
   66      C    Pz       0.000000      -0.396459
   67      C    Px       0.207793      -0.000000
   68      C    Py      -0.307176      -0.000000
   69      C    Pz       0.000000      -0.370832
   70      C    Px       0.095280      -0.000000
   71      C    Py      -0.140851      -0.000000
   72      C    Pz       0.000000      -0.170191
   73      C   Dxx      -0.000000      -0.000002
   74      C   Dxy      -0.000000       0.000000
   75      C   Dxz      -0.000000      -0.000000
   76      C   Dyy      -0.000000      -0.000002
   77      C   Dyz       0.000000      -0.000000
   78      C   Dzz      -0.000000      -0.000001
   79      C   Dxx      -0.000000      -0.000012
   80      C   Dxy       0.000000       0.000000
   81      C   Dxz       0.000001       0.000000
   82      C   Dyy      -0.000000      -0.000012
   83      C   Dyz      -0.000001       0.000000
   84      C   Dzz      -0.000000      -0.000015
   85      C   Dxx       0.000000      -0.000047
   86      C   Dxy       0.000000      -0.000002
   87      C   Dxz      -0.000010      -0.000000
   88      C   Dyy      -0.000000      -0.000046
   89      C   Dyz       0.000015       0.000000
   90      C   Dzz      -0.000000      -0.000009
   91      C  Fxxx       0.002267      -0.000000
   92      C  Fxxy      -0.005953       0.000000
   93      C  Fxxz       0.000000      -0.001811
   94      C  Fxyy       0.009384       0.000000
   95      C  Fxyz      -0.000000       0.004589
   96      C  Fxzz       0.004306      -0.000000
   97      C  Fyyy      -0.009254      -0.000000
   98      C  Fyyz      -0.000000      -0.004998
   99      C  Fyzz      -0.006365      -0.000000
  100      C  Fzzz       0.000000      -0.017185
  101      C  Fxxx      -0.003202       0.000000
  102      C  Fxxy      -0.007514       0.000000
  103      C  Fxxz       0.000000       0.002553
  104      C  Fxyy       0.016666       0.000000
  105      C  Fxyz      -0.000000       0.009924
  106      C  Fxzz       0.005688      -0.000000
  107      C  Fyyy      -0.008029      -0.000000
  108      C  Fyyz      -0.000000      -0.004338
  109      C  Fyzz      -0.008408      -0.000000
  110      C  Fzzz       0.000000      -0.022706
 
 
  Occupied Eigenvectors for: E-BETA
 --------------------------- 
 
                         -11.3019       -10.9721        -0.6814        -0.3832        -0.3360   
 
    1      C     S       0.975589       0.000000      -0.005800      -0.000000      -0.000000
    2      C     S      -0.007218       0.000000       0.562444      -0.000000      -0.000000
    3      C     S       0.045272       0.000000       0.147094       0.000000      -0.000000
    4      C     S      -0.015130      -0.000000       0.365024      -0.000000       0.000000
    5      C     S      -0.002897      -0.000000       0.023278      -0.000000       0.000000
    6      C    Px      -0.000000       0.000000       0.000000      -0.297719      -0.000000
    7      C    Py       0.000000       0.000000      -0.000000      -0.201396       0.000000
    8      C    Pz       0.000031      -0.000000      -0.000436      -0.000000       0.000000
    9      C    Px       0.000000      -0.000000       0.000000      -0.389216       0.000000
   10      C    Py      -0.000000      -0.000000       0.000000      -0.263290      -0.000000
   11      C    Pz      -0.000073       0.000000      -0.000526      -0.000000      -0.000000
   12      C    Px       0.000000       0.000000       0.000000      -0.248216       0.000000
   13      C    Py      -0.000000       0.000000       0.000000      -0.167909      -0.000000
   14      C    Pz      -0.000032       0.000000      -0.001114      -0.000000      -0.000000
   15      C    Px      -0.000000       0.000000      -0.000000      -0.023308      -0.000000
   16      C    Py       0.000000      -0.000000      -0.000000      -0.015767       0.000000
   17      C    Pz       0.000004      -0.000000      -0.000160      -0.000000       0.000000
   18      C   Dxx       0.002844       0.000000       0.012308       0.000000      -0.000000
   19      C   Dxy       0.001607      -0.000000       0.021840      -0.000000       0.000000
   20      C   Dxz       0.000000       0.000000       0.000000       0.000018       0.000000
   21      C   Dyy       0.001728       0.000000      -0.002857       0.000000      -0.000000
   22      C   Dyz      -0.000000       0.000000      -0.000000       0.000012      -0.000000
   23      C   Dzz       0.001895       0.000000       0.002684       0.000000      -0.000000
   24      C   Dxx       0.007460       0.000000       0.025009       0.000000      -0.000000
   25      C   Dxy      -0.000092       0.000000       0.042729       0.000000      -0.000000
   26      C   Dxz      -0.000000       0.000000       0.000000       0.000265      -0.000000
   27      C   Dyy       0.007524       0.000000      -0.004662       0.000000      -0.000000
   28      C   Dyz       0.000000      -0.000000      -0.000000       0.000179       0.000000
   29      C   Dzz       0.007131       0.000000       0.004575       0.000000      -0.000000
   30      C   Dxx       0.002521       0.000000      -0.000175       0.000000      -0.000000
   31      C   Dxy       0.000129      -0.000000       0.010007       0.000000       0.000000
   32      C   Dxz       0.000000      -0.000000       0.000000       0.001164      -0.000000
   33      C   Dyy       0.002431       0.000000      -0.007124       0.000000      -0.000000
   34      C   Dyz      -0.000000      -0.000000      -0.000000       0.000788      -0.000000
   35      C   Dzz       0.002523       0.000000      -0.009683       0.000000      -0.000000
   36      C  Fxxx      -0.000000      -0.000000       0.000000      -0.010132      -0.000000
   37      C  Fxxy       0.000000       0.000000      -0.000000      -0.013356       0.000000
   38      C  Fxxz       0.000013      -0.000000      -0.000021      -0.000000       0.000000
   39      C  Fxyy      -0.000000       0.000000      -0.000000      -0.007367      -0.000000
   40      C  Fxyz      -0.000000       0.000000      -0.000016       0.000000      -0.000000
   41      C  Fxzz      -0.000000       0.000000      -0.000000      -0.006920      -0.000000
   42      C  Fyyy       0.000000       0.000000      -0.000000      -0.000613       0.000000
   43      C  Fyyz       0.000013      -0.000000      -0.000010       0.000000       0.000000
   44      C  Fyzz       0.000000       0.000000      -0.000000      -0.004681       0.000000
   45      C  Fzzz       0.000030      -0.000000      -0.000055      -0.000000       0.000000
   46      C  Fxxx      -0.000000      -0.000000      -0.000000      -0.020250      -0.000000
   47      C  Fxxy       0.000000       0.000000       0.000000      -0.017391       0.000000
   48      C  Fxxz       0.000013      -0.000000      -0.000089      -0.000000       0.000000
   49      C  Fxyy      -0.000000      -0.000000      -0.000000      -0.012160      -0.000000
   50      C  Fxyz      -0.000000      -0.000000      -0.000088       0.000000       0.000000
   51      C  Fxzz      -0.000000      -0.000000      -0.000000      -0.011071      -0.000000
   52      C  Fyyy       0.000000       0.000000      -0.000000      -0.006867       0.000000
   53      C  Fyyz       0.000014      -0.000000      -0.000027       0.000000       0.000000
   54      C  Fyzz       0.000000       0.000000       0.000000      -0.007489       0.000000
   55      C  Fzzz       0.000031      -0.000000      -0.000096      -0.000000       0.000000
   56      C     S      -0.000000      -0.976027      -0.000000      -0.000000      -0.014018
   57      C     S      -0.000000       0.007677      -0.000000       0.000000       0.507804
   58      C     S      -0.000000      -0.044183      -0.000000       0.000000       0.127534
   59      C     S       0.000000       0.015544       0.000000      -0.000000       0.385941
   60      C     S       0.000000       0.002981       0.000000      -0.000000       0.060837
   61      C    Px       0.000000       0.000000      -0.000000      -0.000000      -0.000000
   62      C    Py       0.000000      -0.000000      -0.000000      -0.000000      -0.000000
   63      C    Pz      -0.000000       0.000000       0.000000      -0.000000      -0.000005
   64      C    Px      -0.000000      -0.000000       0.000000       0.000000       0.000000
   65      C    Py      -0.000000       0.000000       0.000000       0.000000       0.000000
   66      C    Pz       0.000000      -0.000000      -0.000000       0.000000      -0.000007
   67      C    Px      -0.000000      -0.000000       0.000000       0.000000       0.000000
   68      C    Py      -0.000000       0.000000       0.000000       0.000000       0.000000
   69      C    Pz       0.000000      -0.000000      -0.000000       0.000000      -0.000011
   70      C    Px       0.000000       0.000000      -0.000000      -0.000000      -0.000000
   71      C    Py       0.000000       0.000000      -0.000000      -0.000000      -0.000000
   72      C    Pz      -0.000000       0.000000       0.000000      -0.000000      -0.000004
   73      C   Dxx      -0.000000      -0.003143      -0.000000       0.000000       0.013961
   74      C   Dxy      -0.000000      -0.001114       0.000000      -0.000000       0.016175
   75      C   Dxz       0.000000       0.000000      -0.000000       0.000000      -0.000000
   76      C   Dyy      -0.000000      -0.002369      -0.000000       0.000000       0.002730
   77      C   Dyz      -0.000000       0.000000      -0.000000       0.000000      -0.000000
   78      C   Dzz      -0.000000      -0.001717      -0.000000       0.000000      -0.006743
   79      C   Dxx      -0.000000      -0.007524      -0.000000       0.000000       0.035282
   80      C   Dxy       0.000000       0.000033       0.000000       0.000000       0.039141
   81      C   Dxz      -0.000000      -0.000000      -0.000000      -0.000000      -0.000000
   82      C   Dyy      -0.000000      -0.007548      -0.000000       0.000000       0.008103
   83      C   Dyz       0.000000      -0.000000      -0.000000      -0.000000      -0.000000
   84      C   Dzz      -0.000000      -0.007567      -0.000000       0.000000      -0.014824
   85      C   Dxx      -0.000000      -0.002657      -0.000000       0.000000       0.028888
   86      C   Dxy      -0.000000      -0.000119       0.000000      -0.000000       0.025450
   87      C   Dxz       0.000000       0.000000      -0.000000       0.000000      -0.000000
   88      C   Dyy      -0.000000      -0.002574      -0.000000       0.000000       0.011215
   89      C   Dyz       0.000000       0.000000      -0.000000       0.000000      -0.000000
   90      C   Dzz      -0.000000      -0.002504      -0.000000       0.000000      -0.003693
   91      C  Fxxx       0.000000       0.000000      -0.000000      -0.000000       0.000000
   92      C  Fxxy       0.000000      -0.000000      -0.000000      -0.000000      -0.000000
   93      C  Fxxz      -0.000000       0.000000       0.000000      -0.000000       0.000000
   94      C  Fxyy       0.000000       0.000000      -0.000000      -0.000000      -0.000000
   95      C  Fxyz       0.000000       0.000000      -0.000000       0.000000      -0.000000
   96      C  Fxzz       0.000000       0.000000      -0.000000      -0.000000      -0.000000
   97      C  Fyyy       0.000000      -0.000000      -0.000000      -0.000000      -0.000000
   98      C  Fyyz      -0.000000      -0.000000       0.000000      -0.000000       0.000000
   99      C  Fyzz       0.000000      -0.000000      -0.000000      -0.000000      -0.000000
  100      C  Fzzz      -0.000000      -0.000000       0.000000      -0.000000       0.000000
  101      C  Fxxx       0.000000       0.000000      -0.000000      -0.000000      -0.000000
  102      C  Fxxy       0.000000      -0.000000      -0.000000      -0.000000      -0.000000
  103      C  Fxxz      -0.000000       0.000000       0.000000      -0.000000      -0.000000
  104      C  Fxyy       0.000000       0.000000      -0.000000      -0.000000      -0.000000
  105      C  Fxyz      -0.000000       0.000000       0.000000      -0.000000      -0.000001
  106      C  Fxzz       0.000000       0.000000      -0.000000      -0.000000      -0.000000
  107      C  Fyyy       0.000000      -0.000000      -0.000000      -0.000000      -0.000000
  108      C  Fyyz      -0.000000       0.000000       0.000000      -0.000000       0.000001
  109      C  Fyzz       0.000000      -0.000000      -0.000000      -0.000000      -0.000000
  110      C  Fzzz      -0.000000       0.000000       0.000000      -0.000000       0.000002
 
                          -0.0395   
 
    1      C     S       0.000000
    2      C     S       0.000000
    3      C     S       0.000000
    4      C     S      -0.000000
    5      C     S      -0.000000
    6      C    Px      -0.000000
    7      C    Py      -0.000000
    8      C    Pz      -0.000000
    9      C    Px       0.000000
   10      C    Py       0.000000
   11      C    Pz      -0.000000
   12      C    Px       0.000001
   13      C    Py       0.000001
   14      C    Pz      -0.000000
   15      C    Px      -0.000001
   16      C    Py      -0.000001
   17      C    Pz      -0.000000
   18      C   Dxx       0.000000
   19      C   Dxy       0.000000
   20      C   Dxz      -0.000000
   21      C   Dyy       0.000000
   22      C   Dyz      -0.000000
   23      C   Dzz       0.000000
   24      C   Dxx       0.000000
   25      C   Dxy      -0.000000
   26      C   Dxz       0.000000
   27      C   Dyy       0.000000
   28      C   Dyz       0.000000
   29      C   Dzz       0.000000
   30      C   Dxx       0.000000
   31      C   Dxy      -0.000000
   32      C   Dxz      -0.000000
   33      C   Dyy       0.000000
   34      C   Dyz      -0.000000
   35      C   Dzz       0.000000
   36      C  Fxxx      -0.000000
   37      C  Fxxy      -0.000000
   38      C  Fxxz       0.000000
   39      C  Fxyy      -0.000000
   40      C  Fxyz      -0.000000
   41      C  Fxzz      -0.000000
   42      C  Fyyy      -0.000000
   43      C  Fyyz       0.000000
   44      C  Fyzz      -0.000000
   45      C  Fzzz      -0.000000
   46      C  Fxxx      -0.000000
   47      C  Fxxy      -0.000000
   48      C  Fxxz       0.000000
   49      C  Fxyy      -0.000000
   50      C  Fxyz      -0.000000
   51      C  Fxzz      -0.000000
   52      C  Fyyy      -0.000000
   53      C  Fyyz       0.000000
   54      C  Fyzz      -0.000000
   55      C  Fzzz       0.000000
   56      C     S      -0.000000
   57      C     S       0.000000
   58      C     S       0.000000
   59      C     S      -0.000000
   60      C     S      -0.000000
   61      C    Px      -0.233543
   62      C    Py      -0.157983
   63      C    Pz       0.000000
   64      C    Px      -0.296951
   65      C    Py      -0.200876
   66      C    Pz       0.000000
   67      C    Px      -0.294571
   68      C    Py      -0.199266
   69      C    Pz       0.000000
   70      C    Px      -0.216344
   71      C    Py      -0.146349
   72      C    Pz       0.000000
   73      C   Dxx       0.000000
   74      C   Dxy      -0.000000
   75      C   Dxz       0.000001
   76      C   Dyy       0.000000
   77      C   Dyz       0.000001
   78      C   Dzz       0.000000
   79      C   Dxx       0.000000
   80      C   Dxy       0.000000
   81      C   Dxz      -0.000001
   82      C   Dyy       0.000000
   83      C   Dyz      -0.000000
   84      C   Dzz       0.000000
   85      C   Dxx       0.000000
   86      C   Dxy      -0.000000
   87      C   Dxz       0.000017
   88      C   Dyy       0.000000
   89      C   Dyz       0.000012
   90      C   Dzz       0.000000
   91      C  Fxxx      -0.013953
   92      C  Fxxy      -0.010873
   93      C  Fxxz       0.000000
   94      C  Fxyy      -0.008073
   95      C  Fxyz       0.000000
   96      C  Fxzz      -0.001325
   97      C  Fyyy      -0.005405
   98      C  Fyyz       0.000000
   99      C  Fyzz      -0.000896
  100      C  Fzzz       0.000000
  101      C  Fxxx      -0.020375
  102      C  Fxxy      -0.021195
  103      C  Fxxz       0.000000
  104      C  Fxyy      -0.013254
  105      C  Fxyz       0.000000
  106      C  Fxzz       0.001997
  107      C  Fyyy      -0.004667
  108      C  Fyyz       0.000000
  109      C  Fyzz       0.001351
  110      C  Fzzz      -0.000000
 
 
  end of eigenvectors 
 
  END OF EIGENVALUES AND EIGENVECTORS
 
 
  COMPONENTS OF KINETIC ENERGY: 
 -----------------------------
 
             E-ALPHA Kinetic energy =           38.232109321054
              E-BETA Kinetic energy =           37.092464361849
                                     _________________________
               Total kinetic energy =           75.324573682903
 
  COMPONENTS OF POTENTIAL ENERGY: 
 -------------------------------
 
          Fixed potential energy    =            1.270025398176
 
  Quantum/Fixed interaction energy: 
 ----------------------------------
 
     E-ALPHA/Fixed interact. energy =          -92.788973339527
      E-BETA/Fixed interact. energy =          -88.092792163362
                                     _________________________
               Total Q/Fixed energy =         -180.881765502888
 
  Coulomb energy: 
 ------------------
 
     E-ALPHA/E-ALPHA Hartree energy =           10.946404951818
       E-BETA/E-BETA Hartree energy =            8.872075447217
      E-ALPHA/E-BETA Hartree energy =           19.395204365252
                                     _________________________
               Total Hartree energy =           39.213684764287
 
  Exchange(HF) energy: 
 ----------------------
 
            E-ALPHA Exchange energy =           -5.346034620452
             E-BETA Exchange energy =           -4.926579085917
                                     _________________________
              Total Exchange energy =          -10.272613706369
 
  TOTAL ENERGY COMPONENTS: 
 ==========================
 
          TOTAL KINETIC ENERGY      =           75.324573682903
          TOTAL POTENTIAL ENERGY    =         -150.670669046795
                                     _________________________
                       TOTAL ENERGY =          -75.346095363891
 
                 VIRIAL RATIO (V/T) =            2.000285719254
 
 
  END ENERGY COMPONENTS
 
 
** TOTAL CPU Time SCF :     21.531 (s)
** TOTAL Elapsed Time SCF :      2.710 (s)
 
 We are calculating properties for E-ALPHA in the HF/KS ground state
 We are calculating properties for E-BETA in the HF/KS ground state
 
  POPULATION ANALYSES: 
 ====================
 
 MULLIKEN Population: for E-        
 ---------------------
 
                          total          spin      
 
    1      C     S       1.950310       0.000000
    2      C     S       1.072466       0.000001
    3      C     S       0.246177       0.000000
    4      C     S       0.653892      -0.000000
    5      C     S       0.028648       0.000000
    6      C    Px       0.263388      -0.098011
    7      C    Py       0.263389       0.098011
    8      C    Pz       0.000001      -0.000000
    9      C    Px       0.445756      -0.165873
   10      C    Py       0.445757       0.165874
   11      C    Pz       0.000002      -0.000000
   12      C    Px       0.230033      -0.085599
   13      C    Py       0.230032       0.085599
   14      C    Pz       0.000004      -0.000000
   15      C    Px       0.010582      -0.003938
   16      C    Py       0.010582       0.003938
   17      C    Pz       0.000000      -0.000000
   18      C   Dxx       0.006939      -0.010175
   19      C   Dxy       0.002006       0.000000
   20      C   Dxz       0.000000      -0.000000
   21      C   Dyy       0.006939       0.010175
   22      C   Dyz       0.000000       0.000000
   23      C   Dzz       0.003982      -0.000000
   24      C   Dxx       0.013559      -0.018892
   25      C   Dxy       0.005134       0.000000
   26      C   Dxz       0.000000      -0.000000
   27      C   Dyy       0.013559       0.018892
   28      C   Dyz       0.000000       0.000000
   29      C   Dzz       0.006038      -0.000000
   30      C   Dxx      -0.002220      -0.002129
   31      C   Dxy       0.000746       0.000000
   32      C   Dxz       0.000002      -0.000001
   33      C   Dyy      -0.002220       0.002129
   34      C   Dyz       0.000002       0.000001
   35      C   Dzz      -0.005963      -0.000000
   36      C  Fxxx       0.006953      -0.006410
   37      C  Fxxy       0.008232      -0.000945
   38      C  Fxxz       0.000000      -0.000000
   39      C  Fxyy       0.008232       0.000945
   40      C  Fxyz       0.000000      -0.000000
   41      C  Fxzz       0.004982      -0.001854
   42      C  Fyyy       0.006953       0.006410
   43      C  Fyyz       0.000000       0.000000
   44      C  Fyzz       0.004982       0.001854
   45      C  Fzzz       0.000000      -0.000000
   46      C  Fxxx       0.013534      -0.008529
   47      C  Fxxy       0.009950       0.000002
   48      C  Fxxz       0.000000      -0.000000
   49      C  Fxyy       0.009950      -0.000002
   50      C  Fxyz       0.000000      -0.000000
   51      C  Fxzz       0.006588      -0.002452
   52      C  Fyyy       0.013534       0.008529
   53      C  Fyyz       0.000000       0.000000
   54      C  Fyzz       0.006588       0.002452
   55      C  Fzzz       0.000000      -0.000000
   56      C     S       1.950786      -0.000888
   57      C     S       0.974136       0.024904
   58      C     S       0.218180       0.007177
   59      C     S       0.703377      -0.008765
   60      C     S       0.071755      -0.011434
   61      C    Px       0.181150      -0.055451
   62      C    Py       0.191480       0.083212
   63      C    Pz       0.200154       0.200154
   64      C    Px       0.328399      -0.102336
   65      C    Py       0.345561       0.148456
   66      C    Pz       0.359981       0.359981
   67      C    Px       0.311631      -0.114017
   68      C    Py       0.313313       0.118536
   69      C    Pz       0.314724       0.314724
   70      C    Px       0.137794      -0.080827
   71      C    Py       0.112265       0.012224
   72      C    Pz       0.090823       0.090823
   73      C   Dxx       0.005805      -0.013063
   74      C   Dxy       0.001235      -0.000068
   75      C   Dxz       0.000000      -0.000000
   76      C   Dyy       0.005376       0.001338
   77      C   Dyz       0.000000      -0.000000
   78      C   Dzz       0.005630       0.013450
   79      C   Dxx       0.014562      -0.033169
   80      C   Dxy       0.004404      -0.000476
   81      C   Dxz      -0.000000       0.000000
   82      C   Dyy       0.011717       0.000929
   83      C   Dyz      -0.000000      -0.000000
   84      C   Dzz       0.011517       0.029451
   85      C   Dxx       0.009165      -0.013473
   86      C   Dxy       0.001958      -0.000584
   87      C   Dxz       0.000000      -0.000000
   88      C   Dyy       0.006029      -0.002253
   89      C   Dyz       0.000000       0.000000
   90      C   Dzz       0.004368       0.006923
   91      C  Fxxx       0.009327      -0.007430
   92      C  Fxxy       0.006183      -0.000619
   93      C  Fxxz       0.001007       0.001007
   94      C  Fxyy       0.006676      -0.000595
   95      C  Fxyz       0.000046       0.000046
   96      C  Fxzz       0.001946       0.000780
   97      C  Fyyy       0.007945       0.003593
   98      C  Fyyz       0.002804       0.002804
   99      C  Fyzz       0.003245       0.002712
  100      C  Fzzz       0.013025       0.013025
  101      C  Fxxx       0.011051      -0.013583
  102      C  Fxxy       0.010059      -0.003391
  103      C  Fxxz      -0.001343      -0.001343
  104      C  Fxyy       0.011182      -0.000853
  105      C  Fxyz       0.000124       0.000124
  106      C  Fxzz       0.000829       0.002592
  107      C  Fyyy       0.006632       0.002857
  108      C  Fyyz       0.002307       0.002307
  109      C  Fyzz       0.003334       0.004140
  110      C  Fzzz       0.016347       0.016347
 
                           __________     __________
              Total =       13.000000       1.000000
 
  Atomic MULLIKEN Population: for E-        
            C                6.000000       0.000000
            C                7.000000       1.000000
 
 ...end of MULLIKEN Population
 
 
 END POPULATION ANALYSES 
 
 
  POPULATION ANALYSES: 
 ====================
 
 LOWDIN Population: for E-        
 ---------------------
 
                          total          spin      
 
    1      C     S       1.610804       0.000000
    2      C     S       0.594427       0.000000
    3      C     S       0.419348       0.000000
    4      C     S       0.305200       0.000000
    5      C     S       0.088713      -0.000000
    6      C    Px       0.244195      -0.090874
    7      C    Py       0.244195       0.090874
    8      C    Pz       0.000001      -0.000000
    9      C    Px       0.209078      -0.078261
   10      C    Py       0.209078       0.078261
   11      C    Pz       0.000001      -0.000000
   12      C    Px       0.122269      -0.045775
   13      C    Py       0.122269       0.045775
   14      C    Pz       0.000002      -0.000000
   15      C    Px       0.022782      -0.008489
   16      C    Py       0.022782       0.008489
   17      C    Pz       0.000001      -0.000000
   18      C   Dxx       0.170594      -0.010881
   19      C   Dxy       0.002205       0.000000
   20      C   Dxz       0.000000      -0.000000
   21      C   Dyy       0.170594       0.010881
   22      C   Dyz       0.000000       0.000000
   23      C   Dzz       0.166923       0.000000
   24      C   Dxx       0.142346      -0.014500
   25      C   Dxy       0.004622       0.000000
   26      C   Dxz       0.000001      -0.000000
   27      C   Dyy       0.142346       0.014500
   28      C   Dyz       0.000001       0.000000
   29      C   Dzz       0.135506      -0.000000
   30      C   Dxx       0.015823      -0.002296
   31      C   Dxy       0.001060       0.000000
   32      C   Dxz       0.000002      -0.000001
   33      C   Dyy       0.015823       0.002296
   34      C   Dyz       0.000002       0.000001
   35      C   Dzz       0.013661      -0.000000
   36      C  Fxxx       0.129794      -0.051045
   37      C  Fxxy       0.061604       0.019557
   38      C  Fxxz       0.000000      -0.000000
   39      C  Fxyy       0.061604      -0.019557
   40      C  Fxyz       0.000000      -0.000000
   41      C  Fxzz       0.058796      -0.021876
   42      C  Fyyy       0.129794       0.051046
   43      C  Fyyz       0.000000      -0.000000
   44      C  Fyzz       0.058796       0.021876
   45      C  Fzzz       0.000001      -0.000000
   46      C  Fxxx       0.078927      -0.031618
   47      C  Fxxy       0.037501       0.011188
   48      C  Fxxz       0.000001      -0.000000
   49      C  Fxyy       0.037501      -0.011188
   50      C  Fxyz       0.000000      -0.000000
   51      C  Fxzz       0.035052      -0.013042
   52      C  Fyyy       0.078927       0.031618
   53      C  Fyyz       0.000000       0.000000
   54      C  Fyzz       0.035052       0.013041
   55      C  Fzzz       0.000001      -0.000000
   56      C     S       1.609867      -0.000235
   57      C     S       0.562707       0.008379
   58      C     S       0.397454       0.006106
   59      C     S       0.321052      -0.003492
   60      C     S       0.117167      -0.007496
   61      C    Px       0.165539      -0.049816
   62      C    Py       0.175711       0.077150
   63      C    Pz       0.184226       0.184226
   64      C    Px       0.160248      -0.051881
   65      C    Py       0.167268       0.070724
   66      C    Pz       0.174148       0.174148
   67      C    Px       0.175651      -0.071045
   68      C    Py       0.171024       0.058692
   69      C    Pz       0.168126       0.168126
   70      C    Px       0.124932      -0.069476
   71      C    Py       0.105090       0.016177
   72      C    Pz       0.088500       0.088500
   73      C   Dxx       0.154645      -0.011395
   74      C   Dxy       0.001388      -0.000077
   75      C   Dxz       0.000000      -0.000000
   76      C   Dyy       0.154019       0.004997
   77      C   Dyz       0.000000      -0.000000
   78      C   Dzz       0.154184       0.018783
   79      C   Dxx       0.148774      -0.027736
   80      C   Dxy       0.004107      -0.000487
   81      C   Dxz       0.000000      -0.000000
   82      C   Dyy       0.145818       0.000076
   83      C   Dyz       0.000000       0.000000
   84      C   Dzz       0.145377       0.023292
   85      C   Dxx       0.028912      -0.011440
   86      C   Dxy       0.002102      -0.000564
   87      C   Dxz       0.000000      -0.000000
   88      C   Dyy       0.026644      -0.002842
   89      C   Dyz       0.000000       0.000000
   90      C   Dzz       0.025784       0.004130
   91      C  Fxxx       0.100072      -0.034743
   92      C  Fxxy       0.048795       0.017795
   93      C  Fxxz       0.045492       0.045492
   94      C  Fxyy       0.047094      -0.013093
   95      C  Fxyz       0.000053       0.000053
   96      C  Fxzz       0.042417      -0.011758
   97      C  Fyyy       0.103968       0.045088
   98      C  Fyyz       0.047269       0.047269
   99      C  Fyzz       0.045890       0.021090
  100      C  Fzzz       0.112559       0.112559
  101      C  Fxxx       0.096716      -0.041359
  102      C  Fxxy       0.046261       0.012230
  103      C  Fxxz       0.038462       0.038462
  104      C  Fxyy       0.047141      -0.015389
  105      C  Fxyz       0.000117       0.000117
  106      C  Fxzz       0.040174      -0.013161
  107      C  Fyyy       0.094291       0.035460
  108      C  Fyyz       0.040908       0.040908
  109      C  Fyzz       0.041720       0.017316
  110      C  Fzzz       0.100140       0.100140
 
                           __________     __________
              Total =       13.000000       1.000000
 
  Atomic LOWDIN Population: for E-        
            C                6.000000       0.000000
            C                7.000000       1.000000
 
 ...end of LOWDIN Population
 
 
 END POPULATION ANALYSES 
 
 
  EXPECTED POSITIONS OF QUANTUM SPECIES:
 ======================
 
 POSITIONS IN ANGSTROMS
 ------
 
                        <x>      <y>      <z>         
            E-ALPHA   0.0000  -0.0000  59.9966
             E-BETA   0.0000  -0.0000  44.9965
 
 END EXPECTED POSITIONS
 
 
  ELECTROSTATIC MOMENTS:
 ======================
 
 
 DIPOLE: (A.U.)
 ------
 
                           <Dx>         <Dy>         <Dz>          |D|
            E-ALPHA  -0.00000000   0.00000000-113.37724155
             E-BETA  -0.00000000   0.00000000 -85.03109007
    Point charges:    0.00000000   0.00000000 170.07533889
                     ____________________________
      Total Dipole:  -0.00000000   0.00000000 -28.33299273  28.33299273
 
 DIPOLE: (DEBYE)
 ------
 
                           <Dx>         <Dy>         <Dz>          |D|
            E-ALPHA  -0.00000000   0.00000000-288.17616603
             E-BETA  -0.00000000   0.00000000-216.12744493
    Point charges:    0.00000000   0.00000000 432.28833606
                     ____________________________
      Total Dipole:  -0.00000000   0.00000000 -72.01527489  72.01527489
 
 QUADRUPOLE NON-TRACELESS: (DEBYE ANGS)
 ------
 
                           <xx>         <yy>         <zz>         <xy>         <xz>         <yz>
            E-ALPHA   -8.77189639  -11.13365097-4333.67048743    2.94550398   -0.00000000   -0.00000000
             E-BETA  -10.96319792   -8.19840411-3248.19919460   -3.44816101    0.00000000    0.00000000
    Point charges:     0.00000000    0.00000000 6484.32430126    0.00000000    0.00000000    0.00000000
  Total Quadrupole:  -19.73509431  -19.33205508-1097.54538077   -0.50265703    0.00000000   -0.00000000
                     ____________________________
 
 END ELECTROSTATIC MOMENTS
 
 
 BEGIN FOUR-INDEX INTEGRALS TRANFORMATION:
 ========================================
 Selected method: C         
 
 --------------------------------------------------
    4N^5 Algorithm Four-index integral tranformation
 --------------------------------------------------
 
 Integrals transformation for: E-ALPHA
 
              Transformation boundaries 
                 orbital lower upper
                       p     1     7
                       q     8   110
                       r     1     7
                       s     8   110
 
         Loading AO integrals time(s):  0.633E-02
      Integral transformation time(s):  0.139E+01
       Non-zero transformed integrals:       115572
 
 Inter-species integrals transformation for: E-ALPHA/E-BETA
 
              Transformation boundaries 
                 orbital lower upper
                       p     1     6
                       q     7   110
                       r     1     7
                       s     8   110
 
         Loading AO integrals time(s):  0.926E-02
      Integral transformation time(s):  0.723E+01
 Non zero transformed coupling integrals:        52017
 
 Integrals transformation for: E-BETA
 
              Transformation boundaries 
                 orbital lower upper
                       p     1     6
                       q     7   110
                       r     1     6
                       s     7   110
 
         Loading AO integrals time(s):  0.667E-02
      Integral transformation time(s):  0.122E+01
       Non-zero transformed integrals:       254034
 
** TOTAL Elapsed Time for integrals transformation :     10.127 (s)
 
 
  POST HARTREE-FOCK CALCULATION
  MANY-BODY PERTURBATION THEORY:
 ==============================
 
              MOLLER-PLESSET FORMALISM 
               ORDER OF CORRECTION =     2
 
                E(0) + E(1) =     -75.346095363891
                       E(2) =      -0.187673882727
                             ____________________
                     E(MP2) =     -75.533769246618
 
              -----------------------------------
               E(n){ Specie }     E(n) / Hartree 
              -----------------------------------
 
            E(2){ E-ALPHA } =      -0.020309201604
             E(2){ E-BETA } =      -0.009334191192
 
     E(2){ E-ALPHA/E-BETA } =      -0.158030489930
 
** TOTAL CPU Time HF-MBPT :      0.989 (s)
** TOTAL Elapsed Time HF-MBPT :      0.347 (s)
 

  TOTAL CPU Time:      0.518 (s)
 TOTAL Wall Time:     13.309 (s)
  Elapsed Time:   0h  0m 13s 310ms
LOWDIN execution terminated normally at : Thu Feb 27 18:23:13 2025
-rw-rw-r-- 1 pohl pohl 5.5M feb 27 18:23 0E-ALPHA.E-BETA.ints
-rw-rw-r-- 1 pohl pohl 2.8M feb 27 18:23 0E-ALPHA.ints
-rw-rw-r-- 1 pohl pohl 4.9M feb 27 18:23 1E-ALPHA.E-BETA.ints
-rw-rw-r-- 1 pohl pohl 2.8M feb 27 18:23 1E-ALPHA.ints
-rw-rw-r-- 1 pohl pohl 5.5M feb 27 18:23 2E-ALPHA.E-BETA.ints
-rw-rw-r-- 1 pohl pohl 2.8M feb 27 18:23 2E-ALPHA.ints
-rw-rw-r-- 1 pohl pohl 4.9M feb 27 18:23 3E-ALPHA.E-BETA.ints
-rw-rw-r-- 1 pohl pohl 2.8M feb 27 18:23 3E-ALPHA.ints
-rw-rw-r-- 1 pohl pohl 4.9M feb 27 18:23 4E-ALPHA.E-BETA.ints
-rw-rw-r-- 1 pohl pohl 2.8M feb 27 18:23 4E-ALPHA.ints
-rw-rw-r-- 1 pohl pohl 4.9M feb 27 18:23 5E-ALPHA.E-BETA.ints
-rw-rw-r-- 1 pohl pohl 2.8M feb 27 18:23 5E-ALPHA.ints
-rw-rw-r-- 1 pohl pohl 4.9M feb 27 18:23 6E-ALPHA.E-BETA.ints
-rw-rw-r-- 1 pohl pohl 2.8M feb 27 18:23 6E-ALPHA.ints
-rw-rw-r-- 1 pohl pohl 4.9M feb 27 18:23 7E-ALPHA.E-BETA.ints
-rw-rw-r-- 1 pohl pohl 2.8M feb 27 18:23 7E-ALPHA.ints
-rw-rw-r-- 1 pohl pohl 5.5M feb 27 18:23 8E-ALPHA.E-BETA.ints
-rw-rw-r-- 1 pohl pohl 2.8M feb 27 18:23 8E-ALPHA.ints
-rw-rw-r-- 1 pohl pohl  258 feb 27 18:22 c_step_27
-rw-rw-r-- 1 pohl pohl 1.1K feb 27 18:22 c_step_27.aux
-rw-rw-r-- 1 pohl pohl  266 feb 27 18:22 c_step_27.lowdin
-rw-rw-r-- 1 pohl pohl  74K feb 27 18:23 c_step_27.out
-rw-rw-r-- 1 pohl pohl 192K feb 27 18:23 c_step_27.vec
-rw-rw-r-- 1 pohl pohl   12 feb 27 18:23 E-ALPHA.E-BETA.nints
-rw-rw-r-- 1 pohl pohl 6.9M feb 27 18:23 E-ALPHAmoint.dat
-rw-rw-r-- 1 pohl pohl 1.4M feb 27 18:23 E-BETA.E-ALPHAmoint.dat
-rw-rw-r-- 1 pohl pohl 6.2M feb 27 18:23 E-BETAmoint.dat
-rw-rw-r-- 1 pohl pohl   65 feb 27 18:23 gepol.inp
-rw-rw-r-- 1 pohl pohl  182 feb 27 18:23 gepol.xyzr
-rw-rw-r-- 1 pohl pohl  13K feb 27 18:23 lowdin.bas
-rw-rw-r-- 1 pohl pohl  16K feb 27 18:23 lowdin.dat
-rw-rw-r-- 1 pohl pohl 2.3M feb 27 18:23 lowdin.opints
-rw-rw-r-- 1 pohl pohl  46K feb 27 18:23 lowdin.sys
-rw-rw-r-- 1 pohl pohl 2.1M feb 27 18:23 lowdin.wfn
