Begin job by input: c_step_8.lowdin, for user:   at  jue 27 feb 2025 18:17:42 -05
under operating system Linux helios 5.19.0-46-generic #47-Ubuntu SMP PREEMPT_DYNAMIC Fri Jun 16 13:30:11 UTC 2023 x86_64 x86_64 x86_64 GNU/Linux
Compilation information
  commit: f31d3924f6ee2ce9d77f07edcc1ba27359319d14
  compilation date:  mar 17 sep 2024 16:16:17 -05

BEGIN INPUT INFO:
------------------------------------

GEOMETRY
	e-(C)	AUG-CC-PVTZ 0.0 0.0 0.0  multiplicity=2 addParticles=1 
	e-(C)	AUG-CC-PVTZ 0.0 0.0 5.5
	C	Dirac 0 0.0 0.0
	C	Dirac 0.0 0.0 5.5
END GEOMETRY

TASKS
        method = "UHF"
	mollerPlessetCorrection=2
END TASKS

CONTROL
	units="ANGS"
END CONTROL






... END INPUT INFO


 LOWDIN execution started at : Thu Feb 27 18:17:42 2025
 ---------------------------------------------------------------
 
 ***************************************************************
 *                   LOWDIN 2.0  (May/2013)                    *
 *                                                             *
 *  R. FLORES-MORENO, E. F. POSADA, F. S. MONCADA, J.ROMERO,   *
 *  J. CHARRY, M. DIAZ-TINOCO, S. A. GONZALEZ, N. F. AGUIRRE,  *
 *  A. REYES                                                   *
 *                                                             *
 *  https://sites.google.com/site/lowdinproject/               *
 *                                                             *
 ***************************************************************
 
 PARSING INPUT... DONE!
 
 LOWDIN IS RUNNING WITH NEXT PARAMETERS: 
 ----------------------------------------
 
         METHOD TYPE:  UHF
         NUMBER OF CORES:     9
         MOLLER PLESSET CORRECTION:      2
         NONELECTRONIC DENSITY GUESS: HCORE
         ELECTRONIC DENSITY GUESS: HCORE
         CRITERIUM OF CONVERGENCE: ENERGY
         NONELECTRONIC ENERGY TOLERANCE IN SCFs:     0.10000E-07
         ELECTRONIC ENERGY TOLERANCE IN SCFs:     0.10000E-07
         TOTAL ENERGY TOLERANCE IN SCFs:     0.10000E-07
         SCHEME OF ITERATION: GLOBAL ITERATIONS
         SCF MAX. SUBITERATIONS - NONELECTRONS :     1
         SCF MAX. SUBITERATIONS - ELECTRONS :     1
         SCF MAX. ITERATIONS - INTERSPECIES :   200
         INTEGRAL STORAGE: DISK
         STACK SIZE FOR ERIS : 30000
         METHOD OF SCF CONVERGENCE: DAMPING
 
  MOLECULAR SYSTEM: c_step_8
 -----------------
 
    DESCRIPTION   : c_step_8
    CHARGE        :   0
    PUNTUAL GROUP : NONE
 
 
  INFORMATION OF PARTICLES :
 =========================
         Total number of particles   =      15
         Number of quantum particles =      13
         Number of puntual charges   =       2
         Number of quantum species   =       2
 
                 INFORMATION OF QUANTUM SPECIES 
    ----------------------------------------------------------------------
         ID      Symbol            mass     charge      omega     spin     multiplicity
    ----------------------------------------------------------------------
         1        E-ALPHA         1.0000     -1.00      0.00      0.50      2.00
         2         E-BETA         1.0000     -1.00      0.00      0.50      2.00
 
                   CONSTANTS OF COUPLING 
      ------------------------------------------------------------
              Symbol      kappa        eta     lambda occupation
      ------------------------------------------------------------
             E-ALPHA      -1.00       1.00       1.00       7.00
              E-BETA      -1.00       1.00       1.00       6.00
 
                   BASIS SET FOR SPECIES 
      ------------------------------------------------------------
           Symbol          N. Basis     N. Particles     Basis Set
      ------------------------------------------------------------
            E-ALPHA           28                7     AUG-CC-PVT
             E-BETA           28                6     AUG-CC-PVT
 
                                ATOMIC BASIS
         ------------------------------------------------------------
          PRIMITIVE   SHELL             EXPONENT         COEFFICIENT 
         ------------------------------------------------------------
 
    BEGIN DESCRIPTION OF BASIS FOR: E-ALP
    ==============================
 
 
             C BASIS SET:    AUG-CC-PVTZ
             1         S             8236.00000000          0.00053100
             2         S             1235.00000000          0.00410800
             3         S              280.80000000          0.02108700
             4         S               79.27000000          0.08185300
             5         S               25.59000000          0.23481700
             6         S                8.99700000          0.43440100
             7         S                3.31900000          0.34612900
             8         S                0.36430000         -0.00898300
             1         S             8236.00000000         -0.00011300
             2         S             1235.00000000         -0.00087800
             3         S              280.80000000         -0.00454000
             4         S               79.27000000         -0.01813300
             5         S               25.59000000         -0.05576000
             6         S                8.99700000         -0.12689500
             7         S                3.31900000         -0.17035200
             8         S                0.36430000          0.59868400
             1         S                0.90590000          1.00000000
             1         S                0.12850000          1.00000000
             1         S                0.04402000          1.00000000
             1         P               18.71000000          0.01403100
             2         P                4.13300000          0.08686600
             3         P                1.20000000          0.29021600
             1         P                0.38270000          1.00000000
             1         P                0.12090000          1.00000000
             1         P                0.03569000          1.00000000
             1         D                1.09700000          1.00000000
             1         D                0.31800000          1.00000000
             1         D                0.10000000          1.00000000
             1         F                0.76100000          1.00000000
             1         F                0.26800000          1.00000000
 
             C BASIS SET:    AUG-CC-PVTZ
             1         S             8236.00000000          0.00053100
             2         S             1235.00000000          0.00410800
             3         S              280.80000000          0.02108700
             4         S               79.27000000          0.08185300
             5         S               25.59000000          0.23481700
             6         S                8.99700000          0.43440100
             7         S                3.31900000          0.34612900
             8         S                0.36430000         -0.00898300
             1         S             8236.00000000         -0.00011300
             2         S             1235.00000000         -0.00087800
             3         S              280.80000000         -0.00454000
             4         S               79.27000000         -0.01813300
             5         S               25.59000000         -0.05576000
             6         S                8.99700000         -0.12689500
             7         S                3.31900000         -0.17035200
             8         S                0.36430000          0.59868400
             1         S                0.90590000          1.00000000
             1         S                0.12850000          1.00000000
             1         S                0.04402000          1.00000000
             1         P               18.71000000          0.01403100
             2         P                4.13300000          0.08686600
             3         P                1.20000000          0.29021600
             1         P                0.38270000          1.00000000
             1         P                0.12090000          1.00000000
             1         P                0.03569000          1.00000000
             1         D                1.09700000          1.00000000
             1         D                0.31800000          1.00000000
             1         D                0.10000000          1.00000000
             1         F                0.76100000          1.00000000
             1         F                0.26800000          1.00000000
    ... END DESCRIPTION OF BASIS
 
 
  END INFORMATION OF PARTICLES
 
 
  INFORMATION OF THE QUANTUM SYSTEM 
     ---------------------------------------------------------------------
                 ID     Occupied Orbitals     Basis size
     ---------------------------------------------------------------------
            E-ALPHA            7              110
             E-BETA            6              110
 
  END INFORMATION OF QUANTUM SYSTEM
 
                       INITIAL GEOMETRY: AMSTRONG
                 -----------------------------------
                       <x>                 <y>                 <z>
  E-ALPHAC        0.0000000000        0.0000000000        0.0000000000
  E-ALPHAC        0.0000000000        0.0000000000        5.5000000000
         C        0.0000000000        0.0000000000        0.0000000000
         C        0.0000000000        0.0000000000        5.5000000000
 
                     MATRIX OF DISTANCE: ANGSTROM
                 -----------------------------------
                          C(1)           C(2)      
 
        C(1)             0.000000       5.500000
        C(2)             5.500000       0.000000
 
--------------------------------------------------------------------------------
** PROGRAM: SCF (Hartree Fock).     Author: S.A. Gonzalez, E. Posada, F. Moncada
--------------------------------------------------------------------------------
INFO: RUNNING IN UHF MODE.
 
----------------------------------------------------------------------
** PROGRAM INTS                          Author: E. F. Posada, 2013   
----------------------------------------------------------------------
INFO: RUNNING IN ONE_PARTICLE MODE.
 
 Number of Overlap integrals for species E-ALPHA:  12100
 Number of Overlap integrals for species E-BETA:  12100
 Number of Kinetic integrals for species E-ALPHA:  12100
 Number of Kinetic integrals for species E-BETA:  12100
 Number of Nuclear integrals for species E-ALPHA:  12100
 Number of Nuclear integrals for species E-BETA:  12100
 Number of Moment integrals for species E-ALPHA:  36300
 Number of Moment integrals for species E-BETA:  36300
 
** TOTAL CPU Time INTS :      0.683 (s)
** TOTAL Elapsed Time INTS :      0.235 (s)
 
       Usign  HCORE density guess for species:    E-ALPHA
     number of    E-ALPHA     particles in guess density matrix:     7.000000
       Usign  HCORE density guess for species:     E-BETA
     number of     E-BETA     particles in guess density matrix:     6.000000
 Number of unique integrals for species: 1 = 2449627
 Number of unique integrals for species: 1 / 2 = 4895102 Screened: 411
 
 TWO-BODY INTEGRAL SETUP: 
------------------------- 
 Storage:   DISK
 Scheme: LIBINT
 Stack size:  30000
 
 LIBINT library, Fermann, J. T.; Valeev, F. L. 2010                   
 LOWDIN-LIBINT Implementation V. 2.1  Posada E. F. ; Reyes A. 2016   
 ----------------------------------------------------------------------

*** TOTAL CPU time intra-species integrals :      1.619 (s)
*** TOTAL elapsed time intra-species integrals :      0.228 (s)


*** TOTAL CPU time inter-species integrals :      3.666 (s)
*** TOTAL elapsed time inter-species integrals :      0.491 (s)

INFO: RUNNING SCHEME SIMULTANEOUS
 
 Begin Multi-Species SCF calculation:
 
 --------------------------------------------------------------------------------------------------
      Iteration                   Energy            Energy Change           Density Change
 --------------------------------------------------------------------------------------------------
              1         -65.885707988146          65.885707988146           0.220683189589
              2         -68.520126788487           2.634418800341           0.180357664113
              3         -74.401131592252           5.881004803764           0.052201886668
              4         -74.960617680807           0.559486088555           0.004083479114
              5         -75.126497006811           0.165879326004           0.002963267260
              6         -75.145704978211           0.019207971400           0.001894945258
              7         -75.149544787680           0.003839809469           0.000858751579
              8         -75.150722788145           0.001178000465           0.000591978284
              9         -75.151234364767           0.000511576622           0.000456870986
             10         -75.151220868764          -0.000013496003           0.000236030072
             11         -75.151549554732           0.000328685968           0.000594433373
             12         -75.151067896017          -0.000481658716           0.000170523262
             13         -75.151935543142           0.000867647126           0.000237755755
             14         -75.153170253327           0.001234710185           0.001701702205
             15         -75.174120381839           0.020950128512           0.003139720273
             16         -75.267232985875           0.093112604036           0.003535852766
             17         -75.337020219918           0.069787234043           0.001939385495
             18         -75.358542157487           0.021521937568           0.000988433412
             19         -75.364308808335           0.005766650848           0.000620253552
             20         -75.366675881938           0.002367073603           0.000439488951
             21         -75.367827548745           0.001151666807           0.000342463408
             22         -75.368492151233           0.000664602488           0.000278695454
             23         -75.368908179423           0.000416028190           0.000229304765
             24         -75.369181073670           0.000272894247           0.000189607478
             25         -75.369364358786           0.000183285115           0.000157153278
             26         -75.369489243596           0.000124884811           0.000130657928
             27         -75.369575167243           0.000085923647           0.000108963213
             28         -75.369634733960           0.000059566717           0.000091151363
             29         -75.369676289037           0.000041555078           0.000076461158
             30         -75.369705435653           0.000029146615           0.000064292230
             31         -75.369725974526           0.000020538873           0.000054168381
             32         -75.369740505998           0.000014531473           0.000045714195
             33         -75.369750822602           0.000010316603           0.000038631411
             34         -75.369758168345           0.000007345743           0.000032681585
             35         -75.369763411742           0.000005243397           0.000027672422
             36         -75.369767162345           0.000003750603           0.000023447627
             37         -75.369769849914           0.000002687569           0.000019879211
             38         -75.369771778640           0.000001928726           0.000016861685
             39         -75.369773164555           0.000001385916           0.000014307615
             40         -75.369774161518           0.000000996962           0.000012144196
             41         -75.369774879365           0.000000717848           0.000010310569
             42         -75.369775396670           0.000000517305           0.000008755703
             43         -75.369775769731           0.000000373061           0.000007436697
             44         -75.369776038949           0.000000269218           0.000006317412
             45         -75.369776233348           0.000000194399           0.000005367355
             46         -75.369776373802           0.000000140454           0.000004560763
             47         -75.369776475335           0.000000101534           0.000003875846
             48         -75.369776548774           0.000000073438           0.000003294159
             49         -75.369776601920           0.000000053146           0.000002800077
             50         -75.369776640401           0.000000038481           0.000002380358
             51         -75.369776668280           0.000000027879           0.000002023773
             52         -75.369776688489           0.000000020209           0.000001720797
             53         -75.369776703148           0.000000014659           0.000001463349
             54         -75.369776713787           0.000000010640           0.000001244569
             55         -75.369776721515           0.000000007728           0.000001058636
 Total energy converged after  55 global iterations                                                  
 
 ...end Multi-Species SCF calculation
 
 
 Begin SCF calculation by: E-ALPHA
 -------------------------
 
 -----------------------------------------------------------------------------------
 Iteration                   Energy           Density Change         DIIS Error 
 -----------------------------------------------------------------------------------
    1         -35.889284872695           0.102636400333                 -- 
    2         -33.412456165689           0.010089300422                 -- 
    3         -29.291594875007           0.001893181352                 -- 
    4         -30.048620409500           0.001098928961                 -- 
    5         -30.605735432781           0.000445926846                 -- 
    6         -30.475831463396           0.000149251086                 -- 
    7         -30.542868580008           0.000131068647                 -- 
    8         -30.560609448628           0.000123887062                 -- 
    9         -30.580817803082           0.000066063784                 -- 
   10         -30.592676679148           0.000356894708                 -- 
   11         -30.600984705110           0.000108832986                 -- 
   12         -30.604394652741           0.000137825350                 -- 
   13         -30.609470966712           0.000577839349                 -- 
   14         -30.741468576331           0.002275801370                 -- 
   15         -30.753460864008           0.000928760601                 -- 
   16         -30.691109342411           0.001206237888                 -- 
   17         -30.780646758801           0.000347459733                 -- 
   18         -30.700444301638           0.000338493530                 -- 
   19         -30.695891393920           0.000200138934                 -- 
   20         -30.662978982148           0.000175717230                 -- 
   21         -30.643632673720           0.000139420549                 -- 
   22         -30.624292405721           0.000119024376                 -- 
   23         -30.609033292723           0.000100042902                 -- 
   24         -30.596000273083           0.000085053289                 -- 
   25         -30.585228862795           0.000072165435                 -- 
   26         -30.576209103311           0.000061341407                 -- 
   27         -30.568679879986           0.000052130107                 -- 
   28         -30.562372125283           0.000044314944                 -- 
   29         -30.557081600222           0.000037670416                 -- 
   30         -30.552635389817           0.000032023092                 -- 
   31         -30.548893223110           0.000027221710                 -- 
   32         -30.545739079307           0.000023139756                 -- 
   33         -30.543077333380           0.000019669343                 -- 
   34         -30.540828711775           0.000016718969                 -- 
   35         -30.538927353942           0.000014210791                 -- 
   36         -30.537318361100           0.000012078628                 -- 
   37         -30.535955856900           0.000010266186                 -- 
   38         -30.534801411996           0.000008725584                 -- 
   39         -30.533822769296           0.000007416098                 -- 
   40         -30.532992803683           0.000006303093                 -- 
   41         -30.532288670161           0.000005357116                 -- 
   42         -30.531691102719           0.000004553119                 -- 
   43         -30.531183834984           0.000003869807                 -- 
   44         -30.530753119680           0.000003289073                 -- 
   45         -30.530387328729           0.000002795524                 -- 
   46         -30.530076619488           0.000002376075                 -- 
   47         -30.529812655476           0.000002019602                 -- 
   48         -30.529588372176           0.000001716650                 -- 
   49         -30.529397780266           0.000001459183                 -- 
   50         -30.529235800017           0.000001240372                 -- 
   51         -30.529098121722           0.000001054410                 -- 
   52         -30.528981087932           0.000000896366                 -- 
   53         -30.528881593975           0.000000762046                 -- 
   54         -30.528797003850           0.000000647887                 -- 
 
 ... end SCF calculation
 
 Begin SCF calculation by: E-BETA
 -------------------------
 
 -----------------------------------------------------------------------------------
 Iteration                   Energy           Density Change         DIIS Error 
 -----------------------------------------------------------------------------------
    1         -33.334974531408           0.077721263779                 -- 
    2         -30.570753333237           0.042112586247                 -- 
    3         -26.917894246559           0.002190297762                 -- 
    4         -27.560966030223           0.001864338300                 -- 
    5         -27.957956434248           0.001449018412                 -- 
    6         -27.797453474576           0.000709500494                 -- 
    7         -27.792262431008           0.000460909637                 -- 
    8         -27.761488035557           0.000332983924                 -- 
    9         -27.752629610469           0.000169966288                 -- 
   10         -27.746610200719           0.000237538665                 -- 
   11         -27.735491871056           0.000061690275                 -- 
   12         -27.733243155912           0.000099930405                 -- 
   13         -27.736345454742           0.001123862856                 -- 
   14         -27.750665109230           0.000863918902                 -- 
   15         -27.906955191024           0.002607092165                 -- 
   16         -27.724780126708           0.000733147607                 -- 
   17         -27.840692781916           0.000640973678                 -- 
   18         -27.808765186833           0.000281760022                 -- 
   19         -27.857506375424           0.000239350017                 -- 
   20         -27.876041226573           0.000166746178                 -- 
   21         -27.902382238804           0.000139274904                 -- 
   22         -27.922452511756           0.000110280389                 -- 
   23         -27.940762914424           0.000089564576                 -- 
   24         -27.956108963785           0.000072099988                 -- 
   25         -27.969273419276           0.000058492494                 -- 
   26         -27.980417355475           0.000047621806                 -- 
   27         -27.989877025105           0.000039021255                 -- 
   28         -27.997890404791           0.000032146214                 -- 
   29         -28.004681795855           0.000026621815                 -- 
   30         -28.010436916069           0.000022145289                 -- 
   31         -28.015315383823           0.000018492484                 -- 
   32         -28.019451721186           0.000015491655                 -- 
   33         -28.022959845213           0.000013012242                 -- 
   34         -28.025935952939           0.000010953453                 -- 
   35         -28.028461357587           0.000009236836                 -- 
   36         -28.030604793077           0.000007800583                 -- 
   37         -28.032424396081           0.000006595499                 -- 
   38         -28.033969363534           0.000005582032                 -- 
   39         -28.035281349737           0.000004728098                 -- 
   40         -28.036395639653           0.000004007476                 -- 
   41         -28.037342136067           0.000003398587                 -- 
   42         -28.038146190453           0.000002883578                 -- 
   43         -28.038829303092           0.000002447605                 -- 
   44         -28.039409713567           0.000002078282                 -- 
   45         -28.039902899295           0.000001765239                 -- 
   46         -28.040321996767           0.000001499771                 -- 
   47         -28.040678157765           0.000001274558                 -- 
   48         -28.040980850802           0.000001083428                 -- 
   49         -28.041238116357           0.000000921175                 -- 
   50         -28.041456783105           0.000000783402                 -- 
   51         -28.041642651178           0.000000666387                 -- 
   52         -28.041800647556           0.000000566983                 -- 
   53         -28.041934957856           0.000000482523                 -- 
   54         -28.042049138143           0.000000410749                 -- 
 
 ... end SCF calculation
 
  EIGENVALUES AND EIGENVECTORS: 
 ==============================
 
 
  Eigenvalues for: E-ALPHA
 -----------------
 
    1         -11.251422469205
    2         -10.974279888075
    3          -0.733832222122
    4          -0.343571153629
    5          -0.343569637372
    6          -0.338555673166
    7          -0.042423393956
    8           0.110259166639
    9           0.156448252017
   10           0.177396928047
   11           0.177841087185
   12           0.221173234837
   13           0.232895142918
   14           0.232907103491
   15           0.256848734015
   16           0.268217704442
   17           0.388515249517
   18           0.396193664576
   19           0.396194129290
   20           0.400276863273
   21           0.402996360962
   22           0.417093397139
   23           0.417247321219
   24           0.433535980685
   25           0.498975307936
   26           0.499159347105
   27           0.524787906049
   28           0.527514143228
   29           0.531206879389
   30           0.534779194708
   31           0.550292380742
   32           0.556640625769
   33           0.605608299040
   34           0.655715901460
   35           0.732829791174
   36           0.738949182574
   37           1.112274189757
   38           1.112274199016
   39           1.132215960105
   40           1.132423863909
   41           1.141658114318
   42           1.173301228520
   43           1.179737901122
   44           1.179782703064
   45           1.182809839059
   46           1.182809880853
   47           1.187988494276
   48           1.187988494283
   49           1.194513870462
   50           1.211389111240
   51           1.211398342202
   52           1.246184628545
   53           1.356333656134
   54           1.363641285280
   55           1.366832666530
   56           1.368947088107
   57           1.372159439316
   58           1.373576448154
   59           1.379399650433
   60           1.379881785675
   61           1.384479654364
   62           1.391970407789
   63           1.393331525555
   64           1.411908575273
   65           1.417106873606
   66           1.444984693494
   67           1.472506293261
   68           1.487762975653
   69           1.986290977981
   70           2.157092038004
   71           3.123099603445
   72           3.123100725595
   73           3.151601071670
   74           3.367514051901
   75           3.417306448381
   76           3.425929307142
   77           3.471750297197
   78           3.471750302846
   79           3.480338647334
   80           3.480437423808
   81           3.498982940054
   82           3.531623935900
   83           3.531635903773
   84           3.533855526817
   85           3.537978388961
   86           3.537978399073
   87           3.549147143126
   88           3.549147143151
   89           3.758037117166
   90           3.767224636517
   91           3.769068159962
   92           3.794219869222
   93           3.798223535163
   94           3.798532512730
   95           3.810281834518
   96           3.810458359796
   97           3.812666331661
   98           3.824957086543
   99           3.831923585177
  100           3.837405316927
  101           6.166301253432
  102           6.419099809927
  103           7.341619483546
  104           7.347095977350
  105           7.347192298720
  106           7.547555484983
  107           7.558258074971
  108           7.653412957125
  109           8.550066745645
  110           8.801900146569
 
 
  Eigenvalues for: E-BETA
 -----------------
 
    1         -11.206485120736
    2         -10.993053749553
    3          -0.488779612216
    4          -0.451560699971
    5          -0.078565458469
    6          -0.077980045780
    7           0.126310215063
    8           0.150600055885
    9           0.150602954069
   10           0.169195636020
   11           0.226468052493
   12           0.231858097044
   13           0.248662606544
   14           0.248685689262
   15           0.261203129931
   16           0.262368672734
   17           0.280698899649
   18           0.397376873706
   19           0.399711917102
   20           0.413078311740
   21           0.415932617113
   22           0.417767921853
   23           0.417768014633
   24           0.442128248679
   25           0.516041680017
   26           0.519209689962
   27           0.529170667048
   28           0.529488644521
   29           0.536160993322
   30           0.565628704191
   31           0.584143888953
   32           0.584415407044
   33           0.595076119597
   34           0.643920749591
   35           0.653967001465
   36           0.721101172505
   37           1.176444299751
   38           1.188204959752
   39           1.188919651273
   40           1.190223291913
   41           1.195076144837
   42           1.195110505041
   43           1.203083366906
   44           1.203083405111
   45           1.218740165255
   46           1.218740165268
   47           1.221273788989
   48           1.221275266272
   49           1.227552745499
   50           1.263147948633
   51           1.297954811240
   52           1.298230626986
   53           1.314400194692
   54           1.333793848636
   55           1.355067559112
   56           1.357006510604
   57           1.357369065443
   58           1.360727400371
   59           1.361959712164
   60           1.367283237205
   61           1.367978006448
   62           1.373954678617
   63           1.374206174104
   64           1.377980631047
   65           1.402168520429
   66           1.403672498394
   67           1.428609078299
   68           1.461824856662
   69           1.997556815296
   70           2.150509882467
   71           3.171329912993
   72           3.211972187592
   73           3.212017902596
   74           3.354907981529
   75           3.366106786786
   76           3.404939449234
   77           3.552274068055
   78           3.554877296095
   79           3.555017165779
   80           3.569309802996
   81           3.572525948933
   82           3.572562937247
   83           3.592767988811
   84           3.592767991377
   85           3.603830166094
   86           3.603830275446
   87           3.628708568749
   88           3.628708568770
   89           3.715017024656
   90           3.728258928020
   91           3.754257393321
   92           3.756475199903
   93           3.766125705355
   94           3.766687747119
   95           3.778524887727
   96           3.784866215775
   97           3.785054151394
   98           3.796899339687
   99           3.798853109355
  100           3.801047428390
  101           6.207557966793
  102           6.400655619645
  103           7.345958741449
  104           7.366376107722
  105           7.366536462575
  106           7.544951524853
  107           7.553917936879
  108           7.642628880012
  109           8.579596498446
  110           8.788823260258
 
  end of eigenvalues 
 
  Occupied Eigenvectors for: E-ALPHA
 --------------------------- 
 
                         -11.2514       -10.9743        -0.7338        -0.3436        -0.3436   
 
    1      C     S      -0.000033      -0.976046       0.000137      -0.000000       0.000000
    2      C     S      -0.000062       0.007631       0.000334       0.000000      -0.000000
    3      C     S      -0.000103      -0.044285       0.000445       0.000000      -0.000000
    4      C     S       0.000368       0.015845      -0.001646       0.000000      -0.000000
    5      C     S       0.000496       0.003427      -0.001610       0.000000       0.000000
    6      C    Px      -0.000000       0.000000      -0.000000       0.000042       0.000035
    7      C    Py      -0.000000       0.000000      -0.000000      -0.000066       0.000022
    8      C    Pz       0.000032       0.000020      -0.000106       0.000000      -0.000000
    9      C    Px       0.000000       0.000000      -0.000000       0.000106      -0.000035
   10      C    Py       0.000000       0.000000      -0.000000      -0.000166      -0.000022
   11      C    Pz      -0.000110      -0.000087       0.000301      -0.000000       0.000000
   12      C    Px       0.000000       0.000000       0.000000       0.000616      -0.000817
   13      C    Py       0.000000       0.000000       0.000000      -0.000967      -0.000520
   14      C    Pz      -0.000180      -0.000191       0.000852      -0.000000      -0.000000
   15      C    Px      -0.000000       0.000000      -0.000000      -0.000617       0.001030
   16      C    Py      -0.000000       0.000000      -0.000000       0.000969       0.000656
   17      C    Pz       0.000143       0.000151      -0.000364       0.000000       0.000000
   18      C   Dxx      -0.000016      -0.002332       0.000042       0.000000      -0.000000
   19      C   Dxy       0.000000       0.001092      -0.000002      -0.000000       0.000000
   20      C   Dxz      -0.000000       0.000000      -0.000000      -0.000013       0.000022
   21      C   Dyy      -0.000016      -0.003215       0.000044      -0.000000      -0.000000
   22      C   Dyz      -0.000000       0.000000      -0.000000       0.000021       0.000014
   23      C   Dzz      -0.000017      -0.001727       0.000083       0.000000       0.000000
   24      C   Dxx      -0.000145      -0.007667       0.000635      -0.000000      -0.000000
   25      C   Dxy       0.000000      -0.000032      -0.000005       0.000000       0.000000
   26      C   Dxz       0.000000      -0.000000       0.000000       0.000081      -0.000125
   27      C   Dyy      -0.000145      -0.007641       0.000639       0.000000      -0.000000
   28      C   Dyz       0.000000      -0.000000       0.000000      -0.000128      -0.000079
   29      C   Dzz      -0.000142      -0.007711       0.000434      -0.000000       0.000000
   30      C   Dxx      -0.000200      -0.002763       0.000614       0.000000      -0.000000
   31      C   Dxy       0.000000       0.000116      -0.000006      -0.000000       0.000000
   32      C   Dxz      -0.000000       0.000000      -0.000000      -0.000248       0.000410
   33      C   Dyy      -0.000200      -0.002857       0.000619      -0.000000      -0.000000
   34      C   Dyz      -0.000000       0.000000      -0.000000       0.000390       0.000261
   35      C   Dzz      -0.000177      -0.002637       0.000927      -0.000000      -0.000000
   36      C  Fxxx      -0.000000      -0.000000      -0.000000      -0.000046       0.000074
   37      C  Fxxy      -0.000000      -0.000000      -0.000000       0.000031       0.000021
   38      C  Fxxz       0.000025       0.000025      -0.000071       0.000000      -0.000000
   39      C  Fxyy      -0.000000      -0.000000      -0.000000      -0.000017       0.000033
   40      C  Fxyz       0.000000       0.000000       0.000000       0.000000       0.000000
   41      C  Fxzz      -0.000000      -0.000000       0.000000      -0.000014       0.000021
   42      C  Fyyy      -0.000000      -0.000000      -0.000000       0.000070       0.000047
   43      C  Fyyz       0.000025       0.000025      -0.000071       0.000000      -0.000000
   44      C  Fyzz      -0.000000      -0.000000       0.000000       0.000022       0.000013
   45      C  Fzzz       0.000064       0.000052      -0.000209       0.000000      -0.000000
   46      C  Fxxx      -0.000000      -0.000000      -0.000000      -0.000183       0.000277
   47      C  Fxxy      -0.000000      -0.000000      -0.000000       0.000123       0.000081
   48      C  Fxxz       0.000052       0.000039      -0.000267       0.000000       0.000000
   49      C  Fxyy      -0.000000      -0.000000      -0.000000      -0.000071       0.000124
   50      C  Fxyz       0.000000       0.000000      -0.000002      -0.000000       0.000000
   51      C  Fxzz      -0.000000      -0.000000      -0.000000      -0.000109       0.000169
   52      C  Fyyy      -0.000000      -0.000000      -0.000000       0.000278       0.000175
   53      C  Fyyz       0.000052       0.000039      -0.000265       0.000000       0.000000
   54      C  Fyzz      -0.000000      -0.000000      -0.000000       0.000171       0.000108
   55      C  Fzzz       0.000100       0.000099      -0.000466       0.000000       0.000000
   56      C     S       0.974603       0.000036      -0.004334      -0.000000      -0.000000
   57      C     S      -0.005247       0.000068       0.582276       0.000000      -0.000000
   58      C     S       0.048369       0.000114       0.153800       0.000000      -0.000000
   59      C     S      -0.014423      -0.000402       0.345229      -0.000000      -0.000000
   60      C     S      -0.003235      -0.000552       0.026708      -0.000000       0.000000
   61      C    Px      -0.000000       0.000000       0.000000       0.195696      -0.307323
   62      C    Py      -0.000000      -0.000000       0.000000      -0.307335      -0.195689
   63      C    Pz      -0.000219       0.000035      -0.000608      -0.000000       0.000000
   64      C    Px       0.000000      -0.000000       0.000000       0.258967      -0.406684
   65      C    Py       0.000000       0.000000       0.000000      -0.406699      -0.258957
   66      C    Pz       0.000329      -0.000120      -0.001863      -0.000000       0.000000
   67      C    Px       0.000000      -0.000000      -0.000000       0.154340      -0.242424
   68      C    Py       0.000000       0.000000      -0.000000      -0.242386      -0.154364
   69      C    Pz       0.000021      -0.000196       0.004464      -0.000000       0.000000
   70      C    Px      -0.000000       0.000000      -0.000000       0.012817      -0.020146
   71      C    Py      -0.000000      -0.000000      -0.000000      -0.020129      -0.012828
   72      C    Pz       0.000110       0.000160       0.000505       0.000000       0.000000
   73      C   Dxx       0.002094       0.000017       0.012404      -0.000000       0.000000
   74      C   Dxy      -0.000000      -0.000000      -0.000001       0.000000       0.000000
   75      C   Dxz      -0.000000       0.000000      -0.000000      -0.000303       0.000477
   76      C   Dyy       0.002094       0.000018       0.012405       0.000000       0.000000
   77      C   Dyz      -0.000000       0.000000      -0.000000       0.000477       0.000304
   78      C   Dzz       0.000127       0.000019      -0.009103       0.000000      -0.000000
   79      C   Dxx       0.007093       0.000159       0.020367      -0.000000       0.000000
   80      C   Dxy       0.000000       0.000000       0.000003       0.000000       0.000000
   81      C   Dxz      -0.000000      -0.000000      -0.000000       0.000528      -0.000827
   82      C   Dyy       0.007093       0.000159       0.020364       0.000000       0.000000
   83      C   Dyz      -0.000000       0.000000      -0.000000      -0.000829      -0.000527
   84      C   Dzz       0.006852       0.000156      -0.020812       0.000000       0.000000
   85      C   Dxx       0.002606       0.000221      -0.007509      -0.000000       0.000000
   86      C   Dxy       0.000000      -0.000000       0.000007       0.000000       0.000000
   87      C   Dxz      -0.000000       0.000000      -0.000000       0.004375      -0.006857
   88      C   Dyy       0.002606       0.000221      -0.007514       0.000000       0.000000
   89      C   Dyz      -0.000000       0.000000      -0.000000      -0.006872      -0.004366
   90      C   Dzz       0.002475       0.000195      -0.019921       0.000000       0.000000
   91      C  Fxxx      -0.000000       0.000000       0.000000       0.007678      -0.012058
   92      C  Fxxy      -0.000000      -0.000000       0.000000      -0.005393      -0.003433
   93      C  Fxxz      -0.000050       0.000027       0.000159      -0.000000       0.000000
   94      C  Fxyy      -0.000000       0.000000       0.000000       0.003435      -0.005392
   95      C  Fxyz      -0.000000      -0.000000       0.000000       0.000000       0.000000
   96      C  Fxzz      -0.000000       0.000000       0.000000       0.002811      -0.004414
   97      C  Fyyy      -0.000000      -0.000000       0.000000      -0.012059      -0.007678
   98      C  Fyyz      -0.000050       0.000027       0.000159       0.000000       0.000000
   99      C  Fyzz      -0.000000      -0.000000       0.000000      -0.004415      -0.002811
  100      C  Fzzz      -0.000115       0.000070       0.000369       0.000000       0.000000
  101      C  Fxxx      -0.000000       0.000000       0.000000       0.014207      -0.022295
  102      C  Fxxy      -0.000000      -0.000000       0.000000      -0.009973      -0.006357
  103      C  Fxxz      -0.000043       0.000057       0.000647      -0.000000       0.000000
  104      C  Fxyy      -0.000000       0.000000       0.000000       0.006343      -0.009972
  105      C  Fxyz      -0.000000       0.000000      -0.000003       0.000000       0.000000
  106      C  Fxzz      -0.000000       0.000000      -0.000000       0.004605      -0.007227
  107      C  Fyyy      -0.000000      -0.000000       0.000000      -0.022303      -0.014191
  108      C  Fyyz      -0.000043       0.000056       0.000649       0.000000       0.000000
  109      C  Fyzz      -0.000000      -0.000000      -0.000000      -0.007232      -0.004602
  110      C  Fzzz      -0.000095       0.000109       0.000853      -0.000000       0.000000
 
                          -0.3386        -0.0424   
 
    1      C     S       0.014016       0.000000
    2      C     S      -0.508053       0.000000
    3      C     S      -0.127555       0.000000
    4      C     S      -0.386199      -0.000000
    5      C     S      -0.061048      -0.000000
    6      C    Px       0.000000       0.151963
    7      C    Py       0.000000      -0.238651
    8      C    Pz      -0.000423       0.000000
    9      C    Px       0.000000       0.193308
   10      C    Py       0.000000      -0.303581
   11      C    Pz      -0.000581       0.000000
   12      C    Px       0.000000       0.192650
   13      C    Py       0.000000      -0.302548
   14      C    Pz      -0.000328       0.000000
   15      C    Px       0.000000       0.137340
   16      C    Py       0.000000      -0.215686
   17      C    Pz      -0.000640       0.000000
   18      C   Dxx      -0.001923      -0.000000
   19      C   Dxy       0.015838       0.000000
   20      C   Dxz       0.000000       0.000049
   21      C   Dyy      -0.014729       0.000000
   22      C   Dyz       0.000000      -0.000077
   23      C   Dzz       0.006725      -0.000000
   24      C   Dxx      -0.006080      -0.000000
   25      C   Dxy       0.038307       0.000000
   26      C   Dxz       0.000000       0.000041
   27      C   Dyy      -0.037055       0.000000
   28      C   Dyz       0.000000      -0.000065
   29      C   Dzz       0.014973       0.000000
   30      C   Dxx      -0.009571      -0.000000
   31      C   Dxy       0.024705       0.000000
   32      C   Dxz       0.000000       0.000430
   33      C   Dyy      -0.029548       0.000000
   34      C   Dyz       0.000000      -0.000675
   35      C   Dzz       0.003542       0.000000
   36      C  Fxxx      -0.000000       0.004816
   37      C  Fxxy      -0.000000      -0.007613
   38      C  Fxxz      -0.000016      -0.000000
   39      C  Fxyy      -0.000000       0.010772
   40      C  Fxyz       0.000008       0.000000
   41      C  Fxzz      -0.000000       0.000812
   42      C  Fyyy      -0.000000      -0.014499
   43      C  Fyyz      -0.000022       0.000000
   44      C  Fyzz      -0.000000      -0.001275
   45      C  Fzzz       0.000005       0.000000
   46      C  Fxxx      -0.000000       0.003371
   47      C  Fxxy      -0.000000      -0.011876
   48      C  Fxxz       0.000009      -0.000000
   49      C  Fxyy      -0.000000       0.020880
   50      C  Fxyz       0.000045       0.000000
   51      C  Fxzz      -0.000000      -0.001410
   52      C  Fyyy      -0.000000      -0.020883
   53      C  Fyyz      -0.000027       0.000000
   54      C  Fyzz      -0.000000       0.002215
   55      C  Fzzz      -0.000047       0.000000
   56      C     S      -0.000017      -0.000000
   57      C     S       0.000389      -0.000000
   58      C     S       0.000182      -0.000000
   59      C     S       0.000007       0.000000
   60      C     S       0.000523       0.000000
   61      C    Px       0.000000      -0.000865
   62      C    Py       0.000000       0.001359
   63      C    Pz       0.000091      -0.000000
   64      C    Px       0.000000      -0.001282
   65      C    Py       0.000000       0.002013
   66      C    Pz       0.000193      -0.000000
   67      C    Px       0.000000      -0.002753
   68      C    Py       0.000000       0.004324
   69      C    Pz       0.000175       0.000000
   70      C    Px       0.000000       0.001522
   71      C    Py       0.000000      -0.002390
   72      C    Pz      -0.000343      -0.000000
   73      C   Dxx       0.000034       0.000000
   74      C   Dxy       0.000006      -0.000000
   75      C   Dxz      -0.000000      -0.000007
   76      C   Dyy       0.000029      -0.000000
   77      C   Dyz      -0.000000       0.000011
   78      C   Dzz       0.000009      -0.000000
   79      C   Dxx       0.000091       0.000000
   80      C   Dxy      -0.000030      -0.000000
   81      C   Dxz       0.000000      -0.000192
   82      C   Dyy       0.000116      -0.000000
   83      C   Dyz       0.000000       0.000301
   84      C   Dzz       0.000050      -0.000000
   85      C   Dxx      -0.000016      -0.000000
   86      C   Dxy       0.000086       0.000000
   87      C   Dxz       0.000000       0.000138
   88      C   Dyy      -0.000086       0.000000
   89      C   Dyz       0.000000      -0.000217
   90      C   Dzz       0.000073      -0.000000
   91      C  Fxxx       0.000000       0.000100
   92      C  Fxxy       0.000000      -0.000070
   93      C  Fxxz      -0.000002      -0.000000
   94      C  Fxyy       0.000000       0.000045
   95      C  Fxyz       0.000003       0.000000
   96      C  Fxzz       0.000000       0.000063
   97      C  Fyyy       0.000000      -0.000157
   98      C  Fyyz      -0.000005       0.000000
   99      C  Fyzz       0.000000      -0.000100
  100      C  Fzzz      -0.000023      -0.000000
  101      C  Fxxx       0.000000       0.000606
  102      C  Fxxy       0.000000      -0.000426
  103      C  Fxxz      -0.000045       0.000000
  104      C  Fxyy       0.000000       0.000272
  105      C  Fxyz      -0.000012      -0.000000
  106      C  Fxzz       0.000000       0.000257
  107      C  Fyyy       0.000000      -0.000952
  108      C  Fyyz      -0.000035      -0.000000
  109      C  Fyzz       0.000000      -0.000403
  110      C  Fzzz      -0.000051      -0.000000
 
 
  Occupied Eigenvectors for: E-BETA
 --------------------------- 
 
                         -11.2065       -10.9931        -0.4888        -0.4516        -0.0786   
 
    1      C     S       0.000031       0.975252      -0.000123      -0.012375       0.000000
    2      C     S       0.000058      -0.006096       0.003452       0.529405       0.000000
    3      C     S       0.000109       0.046620       0.000740       0.134183       0.000000
    4      C     S      -0.000449      -0.014982       0.003084       0.380109      -0.000000
    5      C     S      -0.000357      -0.003260       0.000799       0.044018      -0.000000
    6      C    Px      -0.000000      -0.000000      -0.000000       0.000000       0.258065
    7      C    Py      -0.000000      -0.000000      -0.000000       0.000000       0.164325
    8      C    Pz      -0.000041      -0.000002       0.000455      -0.000548       0.000000
    9      C    Px       0.000000       0.000000      -0.000000       0.000000       0.334376
   10      C    Py       0.000000       0.000000      -0.000000       0.000000       0.212917
   11      C    Pz       0.000145       0.000009       0.000503      -0.000676       0.000000
   12      C    Px       0.000000       0.000000       0.000000      -0.000000       0.313781
   13      C    Py       0.000000       0.000000       0.000000      -0.000000       0.199803
   14      C    Pz       0.000183       0.000125       0.000303       0.001437       0.000000
   15      C    Px      -0.000000      -0.000000      -0.000000      -0.000000       0.142658
   16      C    Py      -0.000000      -0.000000      -0.000000      -0.000000       0.090838
   17      C    Pz      -0.000081      -0.000107       0.000223      -0.000492       0.000000
   18      C   Dxx       0.000015       0.001968       0.000014       0.005660       0.000000
   19      C   Dxy      -0.000000       0.001159       0.000103       0.015358      -0.000000
   20      C   Dxz      -0.000000       0.000000       0.000000       0.000000      -0.000006
   21      C   Dyy       0.000015       0.001030      -0.000070      -0.006759       0.000000
   22      C   Dyz      -0.000000       0.000000       0.000000       0.000000      -0.000004
   23      C   Dzz       0.000024       0.002593       0.000074       0.014037       0.000000
   24      C   Dxx       0.000163       0.007281      -0.000142       0.011641       0.000000
   25      C   Dxy      -0.000000      -0.000003       0.000237       0.035332       0.000000
   26      C   Dxz       0.000000       0.000000      -0.000000       0.000000      -0.000049
   27      C   Dyy       0.000163       0.007284      -0.000333      -0.016929       0.000000
   28      C   Dyz       0.000000       0.000000      -0.000000       0.000000      -0.000031
   29      C   Dzz       0.000130       0.007296       0.000081       0.031123       0.000000
   30      C   Dxx       0.000156       0.002671      -0.000176       0.006862       0.000000
   31      C   Dxy      -0.000000       0.000107       0.000121       0.016799      -0.000000
   32      C   Dxz      -0.000000      -0.000000       0.000000      -0.000000       0.000686
   33      C   Dyy       0.000156       0.002585      -0.000274      -0.006721       0.000000
   34      C   Dyz      -0.000000      -0.000000       0.000000      -0.000000       0.000437
   35      C   Dzz       0.000192       0.002690      -0.000105       0.016422       0.000000
   36      C  Fxxx      -0.000000      -0.000000      -0.000000       0.000000       0.009799
   37      C  Fxxy      -0.000000      -0.000000      -0.000000       0.000000       0.009371
   38      C  Fxxz      -0.000030      -0.000008       0.000026      -0.000041       0.000000
   39      C  Fxyy      -0.000000      -0.000000      -0.000000       0.000000       0.005500
   40      C  Fxyz      -0.000000      -0.000000       0.000006      -0.000007       0.000000
   41      C  Fxzz      -0.000000      -0.000000      -0.000000       0.000000       0.006446
   42      C  Fyyy      -0.000000      -0.000000      -0.000000       0.000000       0.001865
   43      C  Fyyz      -0.000030      -0.000008       0.000021      -0.000035       0.000000
   44      C  Fyzz      -0.000000      -0.000000      -0.000000       0.000000       0.004104
   45      C  Fzzz      -0.000083      -0.000015       0.000069      -0.000120       0.000000
   46      C  Fxxx      -0.000000      -0.000000      -0.000000       0.000000       0.008728
   47      C  Fxxy      -0.000000      -0.000000      -0.000000       0.000000       0.016643
   48      C  Fxxz      -0.000064      -0.000022       0.000054      -0.000265       0.000000
   49      C  Fxyy      -0.000000      -0.000000      -0.000000       0.000000       0.006309
   50      C  Fxyz      -0.000000       0.000000       0.000018       0.000024       0.000000
   51      C  Fxzz      -0.000000      -0.000000      -0.000000      -0.000000       0.008590
   52      C  Fyyy      -0.000000      -0.000000      -0.000000       0.000000      -0.003853
   53      C  Fyyz      -0.000064      -0.000022       0.000039      -0.000284      -0.000000
   54      C  Fyzz      -0.000000      -0.000000      -0.000000      -0.000000       0.005470
   55      C  Fzzz      -0.000111      -0.000053       0.000170      -0.000364       0.000000
   56      C     S      -0.976520      -0.000034      -0.008680       0.000051       0.000000
   57      C     S       0.008928      -0.000062       0.533923      -0.004241      -0.000000
   58      C     S      -0.042609      -0.000123       0.136428      -0.001183      -0.000000
   59      C     S       0.016281       0.000472       0.390723      -0.003428      -0.000000
   60      C     S       0.003191       0.000474       0.023381       0.001375      -0.000000
   61      C    Px       0.000000      -0.000000       0.000000      -0.000000       0.000451
   62      C    Py       0.000000       0.000000       0.000000      -0.000000       0.000287
   63      C    Pz       0.000324      -0.000041       0.008485      -0.000229      -0.000000
   64      C    Px      -0.000000       0.000000       0.000000      -0.000000       0.000510
   65      C    Py      -0.000000      -0.000000       0.000000      -0.000000       0.000325
   66      C    Pz      -0.000844       0.000146       0.011041      -0.000280      -0.000000
   67      C    Px      -0.000000       0.000000       0.000000      -0.000000      -0.000951
   68      C    Py      -0.000000      -0.000000       0.000000      -0.000000      -0.000606
   69      C    Pz      -0.000282       0.000193       0.015267      -0.000621      -0.000000
   70      C    Px       0.000000      -0.000000       0.000000      -0.000000       0.001687
   71      C    Py       0.000000       0.000000       0.000000      -0.000000       0.001074
   72      C    Pz      -0.000015      -0.000122       0.002249      -0.000673      -0.000000
   73      C   Dxx      -0.002454      -0.000019      -0.003493      -0.000001       0.000000
   74      C   Dxy      -0.000000      -0.000000       0.000001       0.000003      -0.000000
   75      C   Dxz      -0.000000      -0.000000       0.000000      -0.000000      -0.000021
   76      C   Dyy      -0.002454      -0.000019      -0.003494      -0.000003       0.000000
   77      C   Dyz      -0.000000      -0.000000       0.000000      -0.000000      -0.000013
   78      C   Dzz      -0.003559      -0.000025       0.015553      -0.000121       0.000000
   79      C   Dxx      -0.008032      -0.000178      -0.002360      -0.000092       0.000000
   80      C   Dxy       0.000000       0.000000       0.000002      -0.000014       0.000000
   81      C   Dxz       0.000000       0.000000       0.000000      -0.000000      -0.000048
   82      C   Dyy      -0.008032      -0.000178      -0.002362      -0.000081       0.000000
   83      C   Dyz       0.000000      -0.000000       0.000000      -0.000000      -0.000030
   84      C   Dzz      -0.007576      -0.000157       0.036304      -0.000465       0.000000
   85      C   Dxx      -0.002625      -0.000198       0.002872      -0.000495      -0.000000
   86      C   Dxy      -0.000000      -0.000000       0.000013       0.000043      -0.000000
   87      C   Dxz      -0.000000       0.000000       0.000000       0.000000      -0.000033
   88      C   Dyy      -0.002625      -0.000198       0.002861      -0.000530      -0.000000
   89      C   Dyz      -0.000000       0.000000       0.000000       0.000000      -0.000021
   90      C   Dzz      -0.002779      -0.000207       0.007327       0.000024       0.000000
   91      C  Fxxx       0.000000      -0.000000       0.000000       0.000000       0.000108
   92      C  Fxxy       0.000000       0.000000       0.000000       0.000000       0.000030
   93      C  Fxxz       0.000155      -0.000031       0.000014      -0.000004       0.000000
   94      C  Fxyy       0.000000      -0.000000       0.000000       0.000000       0.000048
   95      C  Fxyz       0.000000      -0.000000       0.000001       0.000002       0.000000
   96      C  Fxzz       0.000000      -0.000000       0.000000      -0.000000       0.000071
   97      C  Fyyy       0.000000       0.000000       0.000000       0.000000       0.000069
   98      C  Fyyz       0.000155      -0.000031       0.000013      -0.000005       0.000000
   99      C  Fyzz       0.000000       0.000000       0.000000      -0.000000       0.000045
  100      C  Fzzz       0.000345      -0.000083       0.000698       0.000008       0.000000
  101      C  Fxxx       0.000000      -0.000000       0.000000       0.000000       0.000507
  102      C  Fxxy       0.000000       0.000000       0.000000       0.000000       0.000145
  103      C  Fxxz       0.000141      -0.000063      -0.000368       0.000113       0.000000
  104      C  Fxyy       0.000000      -0.000000       0.000000       0.000000       0.000227
  105      C  Fxyz       0.000000       0.000000      -0.000004      -0.000007       0.000000
  106      C  Fxzz       0.000000      -0.000000       0.000000      -0.000000       0.000275
  107      C  Fyyy       0.000000       0.000000       0.000000       0.000000       0.000323
  108      C  Fyyz       0.000141      -0.000063      -0.000365       0.000119       0.000000
  109      C  Fyzz       0.000000       0.000000       0.000000      -0.000000       0.000175
  110      C  Fzzz       0.000314      -0.000115       0.001408       0.000029       0.000000
 
                          -0.0780   
 
    1      C     S       0.000001
    2      C     S       0.000802
    3      C     S       0.000056
    4      C     S       0.002425
    5      C     S      -0.001962
    6      C    Px       0.000000
    7      C    Py       0.000000
    8      C    Pz      -0.304793
    9      C    Px       0.000000
   10      C    Py       0.000000
   11      C    Pz      -0.395019
   12      C    Px       0.000000
   13      C    Py       0.000000
   14      C    Pz      -0.374278
   15      C    Px       0.000000
   16      C    Py       0.000000
   17      C    Pz      -0.169916
   18      C   Dxx      -0.000015
   19      C   Dxy       0.000014
   20      C   Dxz       0.000000
   21      C   Dyy      -0.000026
   22      C   Dyz       0.000000
   23      C   Dzz      -0.000049
   24      C   Dxx      -0.000416
   25      C   Dxy       0.000006
   26      C   Dxz      -0.000000
   27      C   Dyy      -0.000421
   28      C   Dyz      -0.000000
   29      C   Dzz      -0.000360
   30      C   Dxx      -0.000004
   31      C   Dxy      -0.000099
   32      C   Dxz       0.000000
   33      C   Dyy       0.000076
   34      C   Dyz       0.000000
   35      C   Dzz      -0.002552
   36      C  Fxxx       0.000000
   37      C  Fxxy       0.000000
   38      C  Fxxz      -0.005136
   39      C  Fxyy       0.000000
   40      C  Fxyz      -0.004491
   41      C  Fxzz       0.000000
   42      C  Fyyy       0.000000
   43      C  Fyyz      -0.001505
   44      C  Fyzz       0.000000
   45      C  Fzzz      -0.016900
   46      C  Fxxx       0.000000
   47      C  Fxxy       0.000000
   48      C  Fxxz      -0.004052
   49      C  Fxyy       0.000000
   50      C  Fxyz      -0.009694
   51      C  Fxzz       0.000000
   52      C  Fyyy      -0.000000
   53      C  Fyyz       0.003787
   54      C  Fyzz       0.000000
   55      C  Fzzz      -0.021685
   56      C     S      -0.000101
   57      C     S       0.005498
   58      C     S       0.000856
   59      C     S       0.013886
   60      C     S      -0.003055
   61      C    Px       0.000000
   62      C    Py       0.000000
   63      C    Pz       0.004119
   64      C    Px       0.000000
   65      C    Py       0.000000
   66      C    Pz       0.006140
   67      C    Px       0.000000
   68      C    Py       0.000000
   69      C    Pz       0.007712
   70      C    Px       0.000000
   71      C    Py       0.000000
   72      C    Pz       0.004303
   73      C   Dxx      -0.000044
   74      C   Dxy      -0.000005
   75      C   Dxz       0.000000
   76      C   Dyy      -0.000040
   77      C   Dyz       0.000000
   78      C   Dzz      -0.000120
   79      C   Dxx      -0.001132
   80      C   Dxy       0.000025
   81      C   Dxz       0.000000
   82      C   Dyy      -0.001152
   83      C   Dyz       0.000000
   84      C   Dzz      -0.000216
   85      C   Dxx       0.001770
   86      C   Dxy      -0.000080
   87      C   Dxz      -0.000000
   88      C   Dyy       0.001834
   89      C   Dyz      -0.000000
   90      C   Dzz      -0.001558
   91      C  Fxxx       0.000000
   92      C  Fxxy       0.000000
   93      C  Fxxz      -0.000092
   94      C  Fxyy       0.000000
   95      C  Fxyz      -0.000001
   96      C  Fxzz       0.000000
   97      C  Fyyy       0.000000
   98      C  Fyyz      -0.000091
   99      C  Fyzz       0.000000
  100      C  Fzzz      -0.000092
  101      C  Fxxx      -0.000000
  102      C  Fxxy      -0.000000
  103      C  Fxxz      -0.000976
  104      C  Fxyy      -0.000000
  105      C  Fxyz       0.000005
  106      C  Fxzz       0.000000
  107      C  Fyyy      -0.000000
  108      C  Fyyz      -0.000981
  109      C  Fyzz       0.000000
  110      C  Fzzz      -0.000203
 
 
  end of eigenvectors 
 
  END OF EIGENVALUES AND EIGENVECTORS
 
 
  COMPONENTS OF KINETIC ENERGY: 
 -----------------------------
 
             E-ALPHA Kinetic energy =           38.421747634153
              E-BETA Kinetic energy =           36.922043437385
                                     _________________________
               Total kinetic energy =           75.343791071538
 
  COMPONENTS OF POTENTIAL ENERGY: 
 -------------------------------
 
          Fixed potential energy    =            3.463705631389
 
  Quantum/Fixed interaction energy: 
 ----------------------------------
 
     E-ALPHA/Fixed interact. energy =          -95.714227390558
      E-BETA/Fixed interact. energy =          -89.972435643947
                                     _________________________
               Total Q/Fixed energy =         -185.686663034504
 
  Coulomb energy: 
 ------------------
 
     E-ALPHA/E-ALPHA Hartree energy =           11.895240802837
       E-BETA/E-BETA Hartree energy =            9.646795908620
      E-ALPHA/E-BETA Hartree energy =           20.262616364064
                                     _________________________
               Total Hartree energy =           41.804653075522
 
  Exchange(HF) energy: 
 ----------------------
 
            E-ALPHA Exchange energy =           -5.394126662706
             E-BETA Exchange energy =           -4.901136808371
                                     _________________________
              Total Exchange energy =          -10.295263471077
 
  TOTAL ENERGY COMPONENTS: 
 ==========================
 
          TOTAL KINETIC ENERGY      =           75.343791071538
          TOTAL POTENTIAL ENERGY    =         -150.713567798670
                                     _________________________
                       TOTAL ENERGY =          -75.369776727132
 
                 VIRIAL RATIO (V/T) =            2.000344894453
 
 
  END ENERGY COMPONENTS
 
 
** TOTAL CPU Time SCF :     50.946 (s)
** TOTAL Elapsed Time SCF :      6.063 (s)
 
 We are calculating properties for E-ALPHA in the HF/KS ground state
 We are calculating properties for E-BETA in the HF/KS ground state
 
  POPULATION ANALYSES: 
 ====================
 
 MULLIKEN Population: for E-        
 ---------------------
 
                          total          spin      
 
    1      C     S       1.950823       0.000888
    2      C     S       0.974212      -0.024392
    3      C     S       0.218360      -0.007171
    4      C     S       0.703279       0.009142
    5      C     S       0.070629       0.012695
    6      C    Px       0.192480      -0.092341
    7      C    Py       0.181229       0.065745
    8      C    Pz       0.198864      -0.198863
    9      C    Px       0.347209      -0.165037
   10      C    Py       0.328496       0.120799
   11      C    Pz       0.358137      -0.358136
   12      C    Px       0.314819      -0.134440
   13      C    Py       0.313514       0.131357
   14      C    Pz       0.317999      -0.317996
   15      C    Px       0.108892      -0.019466
   16      C    Py       0.136328       0.084283
   17      C    Pz       0.091142      -0.091188
   18      C   Dxx       0.005392      -0.002382
   19      C   Dxy       0.001182       0.000066
   20      C   Dxz       0.000000       0.000000
   21      C   Dyy       0.005890       0.014032
   22      C   Dyz       0.000000       0.000000
   23      C   Dzz       0.005632      -0.013429
   24      C   Dxx       0.011726      -0.003555
   25      C   Dxy       0.004210       0.000455
   26      C   Dxz       0.000000       0.000000
   27      C   Dyy       0.014965       0.035287
   28      C   Dyz       0.000000       0.000000
   29      C   Dzz       0.011666      -0.029780
   30      C   Dxx       0.005929       0.001106
   31      C   Dxy       0.001858       0.000547
   32      C   Dxz      -0.000001      -0.000002
   33      C   Dyy       0.009412       0.013809
   34      C   Dyz      -0.000001      -0.000002
   35      C   Dzz       0.004790      -0.007225
   36      C  Fxxx       0.008086      -0.004364
   37      C  Fxxy       0.006408       0.000576
   38      C  Fxxz       0.002878      -0.002878
   39      C  Fxyy       0.005856       0.000629
   40      C  Fxyz       0.000044      -0.000044
   41      C  Fxzz       0.003304      -0.002840
   42      C  Fyyy       0.009637       0.008143
   43      C  Fyyz       0.000835      -0.000835
   44      C  Fyzz       0.001818      -0.000673
   45      C  Fzzz       0.012788      -0.012788
   46      C  Fxxx       0.006562      -0.003951
   47      C  Fxxy       0.010432       0.000523
   48      C  Fxxz       0.002157      -0.002157
   49      C  Fxyy       0.009208       0.003519
   50      C  Fxyz       0.000118      -0.000118
   51      C  Fxzz       0.003485      -0.004293
   52      C  Fyyy       0.011403       0.014322
   53      C  Fyyz      -0.001991       0.001991
   54      C  Fyzz       0.000581      -0.002573
   55      C  Fzzz       0.015626      -0.015626
   56      C     S       1.950271      -0.002193
   57      C     S       1.063857       0.052184
   58      C     S       0.243354       0.018103
   59      C     S       0.662265      -0.050145
   60      C     S       0.031232       0.000760
   61      C    Px       0.269865       0.269864
   62      C    Py       0.269874       0.269874
   63      C    Pz       0.000209      -0.000208
   64      C    Px       0.458210       0.458208
   65      C    Py       0.458220       0.458219
   66      C    Pz       0.000436      -0.000445
   67      C    Px       0.217673       0.217685
   68      C    Py       0.217647       0.217652
   69      C    Pz       0.000819      -0.000769
   70      C    Px       0.008813       0.008692
   71      C    Py       0.008836       0.008787
   72      C    Pz       0.000774      -0.000830
   73      C   Dxx       0.006693       0.010499
   74      C   Dxy       0.000000      -0.000000
   75      C   Dxz      -0.000001      -0.000001
   76      C   Dyy       0.006693       0.010500
   77      C   Dyz      -0.000001      -0.000001
   78      C   Dzz       0.004914      -0.016549
   79      C   Dxx       0.011761       0.014321
   80      C   Dxy      -0.000000       0.000000
   81      C   Dxz       0.000006       0.000005
   82      C   Dyy       0.011758       0.014321
   83      C   Dyz       0.000006       0.000006
   84      C   Dzz       0.012030      -0.036277
   85      C   Dxx      -0.001356      -0.003232
   86      C   Dxy       0.000000       0.000000
   87      C   Dxz       0.000070       0.000069
   88      C   Dyy      -0.001362      -0.003229
   89      C   Dyz       0.000067       0.000067
   90      C   Dzz      -0.002899      -0.008287
   91      C  Fxxx       0.011451       0.011451
   92      C  Fxxy       0.003817       0.003817
   93      C  Fxxz      -0.000001       0.000001
   94      C  Fxyy       0.003817       0.003817
   95      C  Fxyz      -0.000000      -0.000000
   96      C  Fxzz       0.003114       0.003114
   97      C  Fyyy       0.011452       0.011452
   98      C  Fyyz      -0.000001       0.000001
   99      C  Fyzz       0.003114       0.003114
  100      C  Fzzz       0.000016      -0.000014
  101      C  Fxxx       0.017222       0.017218
  102      C  Fxxy       0.005742       0.005742
  103      C  Fxxz      -0.000024       0.000028
  104      C  Fxyy       0.005738       0.005737
  105      C  Fxyz       0.000000       0.000000
  106      C  Fxzz       0.004140       0.004137
  107      C  Fyyy       0.017220       0.017218
  108      C  Fyyz      -0.000024       0.000028
  109      C  Fyzz       0.004141       0.004140
  110      C  Fzzz       0.000031      -0.000023
 
                           __________     __________
              Total =       13.000000       1.000000
 
  Atomic MULLIKEN Population: for E-        
            C                6.998299      -0.998632
            C                6.001701       1.998632
 
 ...end of MULLIKEN Population
 
 
 END POPULATION ANALYSES 
 
 
  POPULATION ANALYSES: 
 ====================
 
 LOWDIN Population: for E-        
 ---------------------
 
                          total          spin      
 
    1      C     S       1.609825       0.000238
    2      C     S       0.562745      -0.008138
    3      C     S       0.397437      -0.005947
    4      C     S       0.320678       0.003376
    5      C     S       0.117320       0.007352
    6      C    Px       0.176722      -0.085495
    7      C    Py       0.165645       0.059312
    8      C    Pz       0.183132      -0.183132
    9      C    Px       0.168022      -0.078867
   10      C    Py       0.160394       0.060854
   11      C    Pz       0.173316      -0.173315
   12      C    Px       0.170808      -0.067658
   13      C    Py       0.175994       0.079842
   14      C    Pz       0.168193      -0.168190
   15      C    Px       0.102292      -0.022712
   16      C    Py       0.123513       0.072867
   17      C    Pz       0.085383      -0.085138
   18      C   Dxx       0.153988      -0.006030
   19      C   Dxy       0.001329       0.000075
   20      C   Dxz       0.000000       0.000000
   21      C   Dyy       0.154715       0.012646
   22      C   Dyz       0.000000       0.000000
   23      C   Dzz       0.154209      -0.018650
   24      C   Dxx       0.145676      -0.002043
   25      C   Dxy       0.003924       0.000464
   26      C   Dxz       0.000000       0.000000
   27      C   Dyy       0.149032       0.029610
   28      C   Dyz       0.000000       0.000000
   29      C   Dzz       0.145241      -0.023297
   30      C   Dxx       0.026338       0.002168
   31      C   Dxy       0.001997       0.000529
   32      C   Dxz       0.000000      -0.000000
   33      C   Dyy       0.028873       0.011886
   34      C   Dyz       0.000000       0.000000
   35      C   Dzz       0.025871      -0.004234
   36      C  Fxxx       0.104636      -0.050397
   37      C  Fxxy       0.046868       0.015382
   38      C  Fxxz       0.047152      -0.047152
   39      C  Fxyy       0.048700      -0.019828
   40      C  Fxyz       0.000051      -0.000051
   41      C  Fxzz       0.046208      -0.023274
   42      C  Fyyy       0.100449       0.040606
   43      C  Fyyz       0.045134      -0.045134
   44      C  Fyzz       0.042361       0.014178
   45      C  Fzzz       0.112094      -0.112093
   46      C  Fxxx       0.094542      -0.040712
   47      C  Fxxy       0.046794       0.017272
   48      C  Fxxz       0.041154      -0.041154
   49      C  Fxyy       0.045792      -0.014156
   50      C  Fxyz       0.000112      -0.000112
   51      C  Fxzz       0.041893      -0.019436
   52      C  Fyyy       0.097308       0.046668
   53      C  Fyyz       0.038369      -0.038368
   54      C  Fyzz       0.040127       0.015263
   55      C  Fzzz       0.100288      -0.100287
   56      C     S       1.610622      -0.000621
   57      C     S       0.591906       0.015099
   58      C     S       0.417238       0.013335
   59      C     S       0.307565      -0.012181
   60      C     S       0.092976      -0.009779
   61      C    Px       0.251125       0.251124
   62      C    Py       0.251134       0.251134
   63      C    Pz       0.000188      -0.000187
   64      C    Px       0.212887       0.212886
   65      C    Py       0.212892       0.212891
   66      C    Pz       0.000211      -0.000211
   67      C    Px       0.117118       0.117116
   68      C    Py       0.117111       0.117111
   69      C    Pz       0.000401      -0.000371
   70      C    Px       0.020832       0.020438
   71      C    Py       0.020929       0.020769
   72      C    Pz       0.005122      -0.004338
   73      C   Dxx       0.168803       0.018008
   74      C   Dxy       0.000000      -0.000000
   75      C   Dxz       0.000000       0.000000
   76      C   Dyy       0.168803       0.018009
   77      C   Dyz       0.000000       0.000000
   78      C   Dzz       0.166962      -0.010919
   79      C   Dxx       0.141841       0.007024
   80      C   Dxy       0.000000      -0.000000
   81      C   Dxz       0.000011       0.000011
   82      C   Dyy       0.141837       0.007024
   83      C   Dyz       0.000011       0.000011
   84      C   Dzz       0.140873      -0.031357
   85      C   Dxx       0.016589      -0.002452
   86      C   Dxy       0.000000       0.000000
   87      C   Dxz       0.000118       0.000063
   88      C   Dyy       0.016586      -0.002451
   89      C   Dyz       0.000140       0.000117
   90      C   Dzz       0.017333      -0.008972
   91      C  Fxxx       0.135896       0.135895
   92      C  Fxxy       0.059131       0.059130
   93      C  Fxxz       0.000052      -0.000052
   94      C  Fxyy       0.059129       0.059128
   95      C  Fxyz       0.000000       0.000000
   96      C  Fxzz       0.058313       0.058313
   97      C  Fyyy       0.135898       0.135898
   98      C  Fyyz       0.000052      -0.000052
   99      C  Fyzz       0.058315       0.058315
  100      C  Fzzz       0.000138      -0.000138
  101      C  Fxxx       0.079197       0.079196
  102      C  Fxxy       0.033399       0.033399
  103      C  Fxxz       0.000060      -0.000051
  104      C  Fxyy       0.033398       0.033398
  105      C  Fxyz       0.000000       0.000000
  106      C  Fxzz       0.032379       0.032377
  107      C  Fyyy       0.079193       0.079193
  108      C  Fyyz       0.000060      -0.000051
  109      C  Fyzz       0.032378       0.032377
  110      C  Fzzz       0.000208      -0.000193
 
                           __________     __________
              Total =       13.000000       1.000000
 
  Atomic LOWDIN Population: for E-        
            C                6.992642      -0.994411
            C                6.007358       1.994411
 
 ...end of LOWDIN Population
 
 
 END POPULATION ANALYSES 
 
 
  EXPECTED POSITIONS OF QUANTUM SPECIES:
 ======================
 
 POSITIONS IN ANGSTROMS
 ------
 
                        <x>      <y>      <z>         
            E-ALPHA  -0.0000  -0.0000  22.0202
             E-BETA   0.0000   0.0000  11.0466
 
 END EXPECTED POSITIONS
 
 
  ELECTROSTATIC MOMENTS:
 ======================
 
 
 DIPOLE: (A.U.)
 ------
 
                           <Dx>         <Dy>         <Dz>          |D|
            E-ALPHA   0.00000000   0.00000000 -41.61211989
             E-BETA  -0.00000000  -0.00000000 -20.87505735
    Point charges:    0.00000000   0.00000000  62.36095759
                     ____________________________
      Total Dipole:   0.00000000   0.00000000  -0.12621964   0.12621964
 
 DIPOLE: (DEBYE)
 ------
 
                           <Dx>         <Dy>         <Dz>          |D|
            E-ALPHA   0.00000000   0.00000000-105.76744508
             E-BETA  -0.00000000  -0.00000000 -53.05909643
    Point charges:    0.00000000   0.00000000 158.50572322
                     ____________________________
      Total Dipole:   0.00000000   0.00000000  -0.32081829   0.32081829
 
 QUADRUPOLE NON-TRACELESS: (DEBYE ANGS)
 ------
 
                           <xx>         <yy>         <zz>         <xy>         <xz>         <yz>
            E-ALPHA  -10.40594161  -12.46749592 -588.90499638    2.20795384    0.00000004    0.00000003
             E-BETA   -8.74993777   -7.12409980 -302.55779248   -1.74129547   -0.00000001   -0.00000000
    Point charges:     0.00000000    0.00000000  871.78137828    0.00000000    0.00000000    0.00000000
  Total Quadrupole:  -19.15587938  -19.59159572  -19.68141058    0.46665837    0.00000004    0.00000002
                     ____________________________
 
 END ELECTROSTATIC MOMENTS
 
 
 BEGIN FOUR-INDEX INTEGRALS TRANFORMATION:
 ========================================
 Selected method: C         
 
 --------------------------------------------------
    4N^5 Algorithm Four-index integral tranformation
 --------------------------------------------------
 
 Integrals transformation for: E-ALPHA
 
              Transformation boundaries 
                 orbital lower upper
                       p     1     7
                       q     8   110
                       r     1     7
                       s     8   110
 
         Loading AO integrals time(s):  0.137E-01
      Integral transformation time(s):  0.137E+01
       Non-zero transformed integrals:       296019
 
 Inter-species integrals transformation for: E-ALPHA/E-BETA
 
              Transformation boundaries 
                 orbital lower upper
                       p     1     6
                       q     7   110
                       r     1     7
                       s     8   110
 
         Loading AO integrals time(s):  0.271E-01
      Integral transformation time(s):  0.731E+01
 Non zero transformed coupling integrals:       162703
 
 Integrals transformation for: E-BETA
 
              Transformation boundaries 
                 orbital lower upper
                       p     1     6
                       q     7   110
                       r     1     6
                       s     7   110
 
         Loading AO integrals time(s):  0.135E-01
      Integral transformation time(s):  0.109E+01
       Non-zero transformed integrals:       266010
 
** TOTAL Elapsed Time for integrals transformation :     10.094 (s)
 
 
  POST HARTREE-FOCK CALCULATION
  MANY-BODY PERTURBATION THEORY:
 ==============================
 
              MOLLER-PLESSET FORMALISM 
               ORDER OF CORRECTION =     2
 
                E(0) + E(1) =     -75.369776727132
                       E(2) =      -0.191177597658
                             ____________________
                     E(MP2) =     -75.560954324791
 
              -----------------------------------
               E(n){ Specie }     E(n) / Hartree 
              -----------------------------------
 
            E(2){ E-ALPHA } =      -0.019252578539
             E(2){ E-BETA } =      -0.016250851832
 
     E(2){ E-ALPHA/E-BETA } =      -0.155674167287
 
** TOTAL CPU Time HF-MBPT :      0.963 (s)
** TOTAL Elapsed Time HF-MBPT :      0.348 (s)
 

  TOTAL CPU Time:      0.558 (s)
 TOTAL Wall Time:     16.634 (s)
  Elapsed Time:   0h  0m 16s 634ms
LOWDIN execution terminated normally at : Thu Feb 27 18:17:59 2025
-rw-rw-r-- 1 pohl pohl  14M feb 27 18:17 0E-ALPHA.E-BETA.ints
-rw-rw-r-- 1 pohl pohl 6.9M feb 27 18:17 0E-ALPHA.ints
-rw-rw-r-- 1 pohl pohl  14M feb 27 18:17 1E-ALPHA.E-BETA.ints
-rw-rw-r-- 1 pohl pohl 6.9M feb 27 18:17 1E-ALPHA.ints
-rw-rw-r-- 1 pohl pohl  14M feb 27 18:17 2E-ALPHA.E-BETA.ints
-rw-rw-r-- 1 pohl pohl 6.9M feb 27 18:17 2E-ALPHA.ints
-rw-rw-r-- 1 pohl pohl  13M feb 27 18:17 3E-ALPHA.E-BETA.ints
-rw-rw-r-- 1 pohl pohl 6.9M feb 27 18:17 3E-ALPHA.ints
-rw-rw-r-- 1 pohl pohl  13M feb 27 18:17 4E-ALPHA.E-BETA.ints
-rw-rw-r-- 1 pohl pohl 6.9M feb 27 18:17 4E-ALPHA.ints
-rw-rw-r-- 1 pohl pohl  13M feb 27 18:17 5E-ALPHA.E-BETA.ints
-rw-rw-r-- 1 pohl pohl 6.9M feb 27 18:17 5E-ALPHA.ints
-rw-rw-r-- 1 pohl pohl  14M feb 27 18:17 6E-ALPHA.E-BETA.ints
-rw-rw-r-- 1 pohl pohl 6.2M feb 27 18:17 6E-ALPHA.ints
-rw-rw-r-- 1 pohl pohl  14M feb 27 18:17 7E-ALPHA.E-BETA.ints
-rw-rw-r-- 1 pohl pohl 6.2M feb 27 18:17 7E-ALPHA.ints
-rw-rw-r-- 1 pohl pohl  14M feb 27 18:17 8E-ALPHA.E-BETA.ints
-rw-rw-r-- 1 pohl pohl 6.2M feb 27 18:17 8E-ALPHA.ints
-rw-rw-r-- 1 pohl pohl  256 feb 27 18:17 c_step_8
-rw-rw-r-- 1 pohl pohl 1.1K feb 27 18:17 c_step_8.aux
-rw-rw-r-- 1 pohl pohl  264 feb 27 18:17 c_step_8.lowdin
-rw-rw-r-- 1 pohl pohl  80K feb 27 18:17 c_step_8.out
-rw-rw-r-- 1 pohl pohl 192K feb 27 18:17 c_step_8.vec
-rw-rw-r-- 1 pohl pohl   12 feb 27 18:17 E-ALPHA.E-BETA.nints
-rw-rw-r-- 1 pohl pohl 8.3M feb 27 18:17 E-ALPHAmoint.dat
-rw-rw-r-- 1 pohl pohl 4.2M feb 27 18:17 E-BETA.E-ALPHAmoint.dat
-rw-rw-r-- 1 pohl pohl 7.6M feb 27 18:17 E-BETAmoint.dat
-rw-rw-r-- 1 pohl pohl   64 feb 27 18:17 gepol.inp
-rw-rw-r-- 1 pohl pohl  182 feb 27 18:17 gepol.xyzr
-rw-rw-r-- 1 pohl pohl  13K feb 27 18:17 lowdin.bas
-rw-rw-r-- 1 pohl pohl  16K feb 27 18:17 lowdin.dat
-rw-rw-r-- 1 pohl pohl 2.3M feb 27 18:17 lowdin.opints
-rw-rw-r-- 1 pohl pohl  46K feb 27 18:17 lowdin.sys
-rw-rw-r-- 1 pohl pohl 2.1M feb 27 18:17 lowdin.wfn
