Begin job by input: c_step_24.lowdin, for user:   at  jue 27 feb 2025 18:22:16 -05
under operating system Linux helios 5.19.0-46-generic #47-Ubuntu SMP PREEMPT_DYNAMIC Fri Jun 16 13:30:11 UTC 2023 x86_64 x86_64 x86_64 GNU/Linux
Compilation information
  commit: f31d3924f6ee2ce9d77f07edcc1ba27359319d14
  compilation date:  mar 17 sep 2024 16:16:17 -05

BEGIN INPUT INFO:
------------------------------------

GEOMETRY
	e-(C)	AUG-CC-PVTZ 0.0 0.0 0.0  multiplicity=2 addParticles=1 
	e-(C)	AUG-CC-PVTZ 0.0 0.0 13.5
	C	Dirac 0 0.0 0.0
	C	Dirac 0.0 0.0 13.5
END GEOMETRY

TASKS
        method = "UHF"
	mollerPlessetCorrection=2
END TASKS

CONTROL
	units="ANGS"
END CONTROL






... END INPUT INFO


 LOWDIN execution started at : Thu Feb 27 18:22:16 2025
 ---------------------------------------------------------------
 
 ***************************************************************
 *                   LOWDIN 2.0  (May/2013)                    *
 *                                                             *
 *  R. FLORES-MORENO, E. F. POSADA, F. S. MONCADA, J.ROMERO,   *
 *  J. CHARRY, M. DIAZ-TINOCO, S. A. GONZALEZ, N. F. AGUIRRE,  *
 *  A. REYES                                                   *
 *                                                             *
 *  https://sites.google.com/site/lowdinproject/               *
 *                                                             *
 ***************************************************************
 
 PARSING INPUT... DONE!
 
 LOWDIN IS RUNNING WITH NEXT PARAMETERS: 
 ----------------------------------------
 
         METHOD TYPE:  UHF
         NUMBER OF CORES:     9
         MOLLER PLESSET CORRECTION:      2
         NONELECTRONIC DENSITY GUESS: HCORE
         ELECTRONIC DENSITY GUESS: HCORE
         CRITERIUM OF CONVERGENCE: ENERGY
         NONELECTRONIC ENERGY TOLERANCE IN SCFs:     0.10000E-07
         ELECTRONIC ENERGY TOLERANCE IN SCFs:     0.10000E-07
         TOTAL ENERGY TOLERANCE IN SCFs:     0.10000E-07
         SCHEME OF ITERATION: GLOBAL ITERATIONS
         SCF MAX. SUBITERATIONS - NONELECTRONS :     1
         SCF MAX. SUBITERATIONS - ELECTRONS :     1
         SCF MAX. ITERATIONS - INTERSPECIES :   200
         INTEGRAL STORAGE: DISK
         STACK SIZE FOR ERIS : 30000
         METHOD OF SCF CONVERGENCE: DAMPING
 
  MOLECULAR SYSTEM: c_step_24
 -----------------
 
    DESCRIPTION   : c_step_24
    CHARGE        :   0
    PUNTUAL GROUP : NONE
 
 
  INFORMATION OF PARTICLES :
 =========================
         Total number of particles   =      15
         Number of quantum particles =      13
         Number of puntual charges   =       2
         Number of quantum species   =       2
 
                 INFORMATION OF QUANTUM SPECIES 
    ----------------------------------------------------------------------
         ID      Symbol            mass     charge      omega     spin     multiplicity
    ----------------------------------------------------------------------
         1        E-ALPHA         1.0000     -1.00      0.00      0.50      2.00
         2         E-BETA         1.0000     -1.00      0.00      0.50      2.00
 
                   CONSTANTS OF COUPLING 
      ------------------------------------------------------------
              Symbol      kappa        eta     lambda occupation
      ------------------------------------------------------------
             E-ALPHA      -1.00       1.00       1.00       7.00
              E-BETA      -1.00       1.00       1.00       6.00
 
                   BASIS SET FOR SPECIES 
      ------------------------------------------------------------
           Symbol          N. Basis     N. Particles     Basis Set
      ------------------------------------------------------------
            E-ALPHA           28                7     AUG-CC-PVT
             E-BETA           28                6     AUG-CC-PVT
 
                                ATOMIC BASIS
         ------------------------------------------------------------
          PRIMITIVE   SHELL             EXPONENT         COEFFICIENT 
         ------------------------------------------------------------
 
    BEGIN DESCRIPTION OF BASIS FOR: E-ALP
    ==============================
 
 
             C BASIS SET:    AUG-CC-PVTZ
             1         S             8236.00000000          0.00053100
             2         S             1235.00000000          0.00410800
             3         S              280.80000000          0.02108700
             4         S               79.27000000          0.08185300
             5         S               25.59000000          0.23481700
             6         S                8.99700000          0.43440100
             7         S                3.31900000          0.34612900
             8         S                0.36430000         -0.00898300
             1         S             8236.00000000         -0.00011300
             2         S             1235.00000000         -0.00087800
             3         S              280.80000000         -0.00454000
             4         S               79.27000000         -0.01813300
             5         S               25.59000000         -0.05576000
             6         S                8.99700000         -0.12689500
             7         S                3.31900000         -0.17035200
             8         S                0.36430000          0.59868400
             1         S                0.90590000          1.00000000
             1         S                0.12850000          1.00000000
             1         S                0.04402000          1.00000000
             1         P               18.71000000          0.01403100
             2         P                4.13300000          0.08686600
             3         P                1.20000000          0.29021600
             1         P                0.38270000          1.00000000
             1         P                0.12090000          1.00000000
             1         P                0.03569000          1.00000000
             1         D                1.09700000          1.00000000
             1         D                0.31800000          1.00000000
             1         D                0.10000000          1.00000000
             1         F                0.76100000          1.00000000
             1         F                0.26800000          1.00000000
 
             C BASIS SET:    AUG-CC-PVTZ
             1         S             8236.00000000          0.00053100
             2         S             1235.00000000          0.00410800
             3         S              280.80000000          0.02108700
             4         S               79.27000000          0.08185300
             5         S               25.59000000          0.23481700
             6         S                8.99700000          0.43440100
             7         S                3.31900000          0.34612900
             8         S                0.36430000         -0.00898300
             1         S             8236.00000000         -0.00011300
             2         S             1235.00000000         -0.00087800
             3         S              280.80000000         -0.00454000
             4         S               79.27000000         -0.01813300
             5         S               25.59000000         -0.05576000
             6         S                8.99700000         -0.12689500
             7         S                3.31900000         -0.17035200
             8         S                0.36430000          0.59868400
             1         S                0.90590000          1.00000000
             1         S                0.12850000          1.00000000
             1         S                0.04402000          1.00000000
             1         P               18.71000000          0.01403100
             2         P                4.13300000          0.08686600
             3         P                1.20000000          0.29021600
             1         P                0.38270000          1.00000000
             1         P                0.12090000          1.00000000
             1         P                0.03569000          1.00000000
             1         D                1.09700000          1.00000000
             1         D                0.31800000          1.00000000
             1         D                0.10000000          1.00000000
             1         F                0.76100000          1.00000000
             1         F                0.26800000          1.00000000
    ... END DESCRIPTION OF BASIS
 
 
  END INFORMATION OF PARTICLES
 
 
  INFORMATION OF THE QUANTUM SYSTEM 
     ---------------------------------------------------------------------
                 ID     Occupied Orbitals     Basis size
     ---------------------------------------------------------------------
            E-ALPHA            7              110
             E-BETA            6              110
 
  END INFORMATION OF QUANTUM SYSTEM
 
                       INITIAL GEOMETRY: AMSTRONG
                 -----------------------------------
                       <x>                 <y>                 <z>
  E-ALPHAC        0.0000000000        0.0000000000        0.0000000000
  E-ALPHAC        0.0000000000        0.0000000000       13.5000000000
         C        0.0000000000        0.0000000000        0.0000000000
         C        0.0000000000        0.0000000000       13.5000000000
 
                     MATRIX OF DISTANCE: ANGSTROM
                 -----------------------------------
                          C(1)           C(2)      
 
        C(1)             0.000000      13.500000
        C(2)            13.500000       0.000000
 
--------------------------------------------------------------------------------
** PROGRAM: SCF (Hartree Fock).     Author: S.A. Gonzalez, E. Posada, F. Moncada
--------------------------------------------------------------------------------
INFO: RUNNING IN UHF MODE.
 
----------------------------------------------------------------------
** PROGRAM INTS                          Author: E. F. Posada, 2013   
----------------------------------------------------------------------
INFO: RUNNING IN ONE_PARTICLE MODE.
 
 Number of Overlap integrals for species E-ALPHA:  12100
 Number of Overlap integrals for species E-BETA:  12100
 Number of Kinetic integrals for species E-ALPHA:  12100
 Number of Kinetic integrals for species E-BETA:  12100
 Number of Nuclear integrals for species E-ALPHA:  12100
 Number of Nuclear integrals for species E-BETA:  12100
 Number of Moment integrals for species E-ALPHA:  36300
 Number of Moment integrals for species E-BETA:  36300
 
** TOTAL CPU Time INTS :      0.730 (s)
** TOTAL Elapsed Time INTS :      0.231 (s)
 
       Usign  HCORE density guess for species:    E-ALPHA
     number of    E-ALPHA     particles in guess density matrix:     7.000000
       Usign  HCORE density guess for species:     E-BETA
     number of     E-BETA     particles in guess density matrix:     6.000000
 Number of unique integrals for species: 1 = 955682
 Number of unique integrals for species: 1 / 2 = 1908283 Screened: 64211
 
 TWO-BODY INTEGRAL SETUP: 
------------------------- 
 Storage:   DISK
 Scheme: LIBINT
 Stack size:  30000
 
 LIBINT library, Fermann, J. T.; Valeev, F. L. 2010                   
 LOWDIN-LIBINT Implementation V. 2.1  Posada E. F. ; Reyes A. 2016   
 ----------------------------------------------------------------------

*** TOTAL CPU time intra-species integrals :      1.028 (s)
*** TOTAL elapsed time intra-species integrals :      0.161 (s)


*** TOTAL CPU time inter-species integrals :      2.106 (s)
*** TOTAL elapsed time inter-species integrals :      0.311 (s)

INFO: RUNNING SCHEME SIMULTANEOUS
 
 Begin Multi-Species SCF calculation:
 
 --------------------------------------------------------------------------------------------------
      Iteration                   Energy            Energy Change           Density Change
 --------------------------------------------------------------------------------------------------
              1         -66.810803045154          66.810803045154           0.161588405204
              2         -70.676575700836           3.865772655682           0.139703480009
              3         -74.748050115261           4.071474414425           0.024381442205
              4         -75.227868154662           0.479818039401           0.003839538510
              5         -75.308095814619           0.080227659957           0.001673214603
              6         -75.317832048861           0.009736234241           0.000916110317
              7         -75.321276865504           0.003444816644           0.000605446717
              8         -75.322747539232           0.001470673728           0.000419933842
              9         -75.323413077351           0.000665538119           0.000296608508
             10         -75.323723286354           0.000310209003           0.000214511593
             11         -75.323878355189           0.000155068836           0.000180403268
             12         -75.323987597280           0.000109242091           0.000214353637
             13         -75.324161041860           0.000173444579           0.000343178586
             14         -75.324635372407           0.000474330547           0.000580795018
             15         -75.326023211832           0.001387839426           0.000907128408
             16         -75.329444855765           0.003421643933           0.001152802983
             17         -75.335032652781           0.005587797015           0.001092805936
             18         -75.339994181111           0.004961528330           0.000810852325
             19         -75.342660307873           0.002666126762           0.000571575009
             20         -75.343992695468           0.001332387595           0.000428687670
             21         -75.344763230548           0.000770535080           0.000335168319
             22         -75.345245894007           0.000482663459           0.000265603472
             23         -75.345553996217           0.000308102210           0.000211328864
             24         -75.345751256567           0.000197260350           0.000168664732
             25         -75.345877962240           0.000126705673           0.000135165579
             26         -75.345959893179           0.000081930939           0.000108885473
             27         -75.346013391543           0.000053498365           0.000088241686
             28         -75.346048737906           0.000035346362           0.000071969020
             29         -75.346072387776           0.000023649870           0.000059073197
             30         -75.346088410258           0.000016022482           0.000048783708
             31         -75.346099391933           0.000010981675           0.000040509807
             32         -75.346106996485           0.000007604552           0.000033802111
             33         -75.346112308889           0.000005312404           0.000028320309
             34         -75.346116047128           0.000003738239           0.000023806866
             35         -75.346118693189           0.000002646061           0.000020066207
             36         -75.346120574958           0.000001881769           0.000016948700
             37         -75.346121918124           0.000001343166           0.000014338656
             38         -75.346122879594           0.000000961470           0.000012145506
             39         -75.346123569362           0.000000689768           0.000010297414
             40         -75.346124065054           0.000000495693           0.000008736680
             41         -75.346124421746           0.000000356692           0.000007416426
             42         -75.346124678677           0.000000256930           0.000006298191
             43         -75.346124863893           0.000000185216           0.000005350165
             44         -75.346124997493           0.000000133600           0.000004545869
             45         -75.346125093908           0.000000096415           0.000003863148
             46         -75.346125163513           0.000000069605           0.000003283390
             47         -75.346125213779           0.000000050265           0.000002790919
             48         -75.346125250086           0.000000036307           0.000002372496
             49         -75.346125276316           0.000000026230           0.000002016926
             50         -75.346125295270           0.000000018953           0.000001714727
             51         -75.346125308966           0.000000013696           0.000001457860
             52         -75.346125318865           0.000000009899           0.000001239509
 Total energy converged after  52 global iterations                                                  
 
 ...end Multi-Species SCF calculation
 
 
 Begin SCF calculation by: E-ALPHA
 -------------------------
 
 -----------------------------------------------------------------------------------
 Iteration                   Energy           Density Change         DIIS Error 
 -----------------------------------------------------------------------------------
    1         -34.598688130152           0.058867876830                 -- 
    2         -32.242370696085           0.014185376129                 -- 
    3         -29.141729294467           0.001700313003                 -- 
    4         -29.674389453324           0.000882297669                 -- 
    5         -29.589038845271           0.000453267891                 -- 
    6         -29.500504024118           0.000337355612                 -- 
    7         -29.451131369133           0.000245001511                 -- 
    8         -29.416612397622           0.000181211654                 -- 
    9         -29.393989410228           0.000136459605                 -- 
   10         -29.378777355326           0.000125730672                 -- 
   11         -29.368731582390           0.000167317929                 -- 
   12         -29.362543410307           0.000282736332                 -- 
   13         -29.360086433150           0.000479920826                 -- 
   14         -29.362927221278           0.000739591772                 -- 
   15         -29.373271454795           0.000908046971                 -- 
   16         -29.392055916225           0.000821623786                 -- 
   17         -29.416706562552           0.000587283231                 -- 
   18         -29.440285052310           0.000402289798                 -- 
   19         -29.461306482847           0.000292281161                 -- 
   20         -29.480465275477           0.000220784638                 -- 
   21         -29.497330887804           0.000168224376                 -- 
   22         -29.511977372270           0.000128181535                 -- 
   23         -29.524570745499           0.000097684208                 -- 
   24         -29.535341508929           0.000074638565                 -- 
   25         -29.544519789988           0.000057323123                 -- 
   26         -29.552324457820           0.000044348415                 -- 
   27         -29.558952652429           0.000034621840                 -- 
   28         -29.564578065120           0.000027305018                 -- 
   29         -29.569351093907           0.000021765565                 -- 
   30         -29.573400743349           0.000017533511                 -- 
   31         -29.576836977419           0.000014263888                 -- 
   32         -29.579753202495           0.000011706046                 -- 
   33         -29.582228603330           0.000009679100                 -- 
   34         -29.584330246150           0.000008052834                 -- 
   35         -29.586114915437           0.000006733273                 -- 
   36         -29.587630693073           0.000005652080                 -- 
   37         -29.588918302682           0.000004758964                 -- 
   38         -29.590012248117           0.000004016338                 -- 
   39         -29.590941774915           0.000003395623                 -- 
   40         -29.591731681348           0.000002874705                 -- 
   41         -29.592403002429           0.000002436179                 -- 
   42         -29.592973586979           0.000002066138                 -- 
   43         -29.593458584751           0.000001753327                 -- 
   44         -29.593870857951           0.000001488536                 -- 
   45         -29.594221329131           0.000001264163                 -- 
   46         -29.594519275518           0.000001073890                 -- 
   47         -29.594772578193           0.000000912439                 -- 
   48         -29.594987933165           0.000000775382                 -- 
   49         -29.595171030276           0.000000658993                 -- 
   50         -29.595326704901           0.000000560129                 -- 
   51         -29.595459066639           0.000000476134                 -- 
 
 ... end SCF calculation
 
 Begin SCF calculation by: E-BETA
 -------------------------
 
 -----------------------------------------------------------------------------------
 Iteration                   Energy           Density Change         DIIS Error 
 -----------------------------------------------------------------------------------
    1         -32.173321842553           0.080835603179                 -- 
    2         -29.590063951658           0.010196066076                 -- 
    3         -26.949575162277           0.002139225507                 -- 
    4         -27.563919699957           0.000790916934                 -- 
    5         -27.693683705272           0.000462842427                 -- 
    6         -27.750157028591           0.000268091105                 -- 
    7         -27.800621937103           0.000174932331                 -- 
    8         -27.834626561760           0.000115396854                 -- 
    9         -27.859004951494           0.000078051988                 -- 
   10         -27.875838492377           0.000054672596                 -- 
   11         -27.887389638751           0.000047035708                 -- 
   12         -27.895043936019           0.000060442255                 -- 
   13         -27.899354779075           0.000100874192                 -- 
   14         -27.899574877053           0.000167536635                 -- 
   15         -27.892903810373           0.000244756012                 -- 
   16         -27.876979009797           0.000271182150                 -- 
   17         -27.853506262116           0.000223569094                 -- 
   18         -27.826366996371           0.000169285210                 -- 
   19         -27.801538692323           0.000136406510                 -- 
   20         -27.781344039436           0.000114383681                 -- 
   21         -27.764889971279           0.000097379096                 -- 
   22         -27.751442620169           0.000083147329                 -- 
   23         -27.740383690552           0.000070980524                 -- 
   24         -27.731247351653           0.000060527014                 -- 
   25         -27.723665275494           0.000051562350                 -- 
   26         -27.717349408541           0.000043893271                 -- 
   27         -27.712071076782           0.000037347180                 -- 
   28         -27.707647746696           0.000031768180                 -- 
   29         -27.703932349024           0.000027018143                 -- 
   30         -27.700805542944           0.000022976296                 -- 
   31         -27.698169813469           0.000019538223                 -- 
   32         -27.695945013126           0.000016614263                 -- 
   33         -27.694064930383           0.000014127766                 -- 
   34         -27.692474628178           0.000012013373                 -- 
   35         -27.691128354536           0.000010215427                 -- 
   36         -27.689987886774           0.000008686576                 -- 
   37         -27.689021207023           0.000007386542                 -- 
   38         -27.688201434194           0.000006281076                 -- 
   39         -27.687505956494           0.000005341057                 -- 
   40         -27.686915722368           0.000004541721                 -- 
   41         -27.686414657741           0.000003862012                 -- 
   42         -27.685989184762           0.000003284027                 -- 
   43         -27.685627822716           0.000002792542                 -- 
   44         -27.685320855896           0.000002374611                 -- 
   45         -27.685060056339           0.000002019227                 -- 
   46         -27.684838451749           0.000001717029                 -- 
   47         -27.684650130801           0.000001460058                 -- 
   48         -27.684490079475           0.000001241544                 -- 
   49         -27.684354043252           0.000001055734                 -- 
   50         -27.684238410920           0.000000897731                 -- 
   51         -27.684140116461           0.000000763375                 -- 
 
 ... end SCF calculation
 
  EIGENVALUES AND EIGENVECTORS: 
 ==============================
 
 
  Eigenvalues for: E-ALPHA
 -----------------
 
    1         -11.297969670491
    2         -10.991119814622
    3          -0.677528977560
    4          -0.449872342157
    5          -0.379289790759
    6          -0.076580325922
    7          -0.076574292871
    8           0.065404346470
    9           0.094701286117
   10           0.106976042843
   11           0.129814962854
   12           0.161178829575
   13           0.192151892012
   14           0.227524204527
   15           0.231561583493
   16           0.249301806456
   17           0.249328119510
   18           0.341190658220
   19           0.342922503459
   20           0.349824202528
   21           0.353954453999
   22           0.354514860136
   23           0.361194364127
   24           0.400340013061
   25           0.448433857864
   26           0.487620822016
   27           0.513602703371
   28           0.513603392048
   29           0.515494729105
   30           0.516817502972
   31           0.531075031762
   32           0.531083208354
   33           0.540856302363
   34           0.643217056332
   35           0.643226630811
   36           0.720952354253
   37           1.072279717771
   38           1.073281290692
   39           1.110180214041
   40           1.119329816326
   41           1.119347842789
   42           1.122870609774
   43           1.123913629901
   44           1.131872493731
   45           1.134912547459
   46           1.136924000926
   47           1.138567115481
   48           1.146175101097
   49           1.148752761502
   50           1.163783114602
   51           1.189335457025
   52           1.229229185372
   53           1.311366402528
   54           1.311366607268
   55           1.334358542909
   56           1.356488144012
   57           1.356488148106
   58           1.358779604198
   59           1.358781492248
   60           1.369315744985
   61           1.369315838322
   62           1.375793990829
   63           1.375797559378
   64           1.376721702764
   65           1.379481427472
   66           1.403737264235
   67           1.403741315143
   68           1.461904954181
   69           1.909037327501
   70           2.112592979762
   71           3.070329470407
   72           3.086002687624
   73           3.137097145330
   74           3.355291963409
   75           3.355293085855
   76           3.405245291856
   77           3.424408208139
   78           3.424521730180
   79           3.472895750798
   80           3.473001592905
   81           3.475207760167
   82           3.480923585248
   83           3.497495787752
   84           3.500996681688
   85           3.503906426194
   86           3.516354138543
   87           3.530639461084
   88           3.532642206461
   89           3.714550467635
   90           3.714550512513
   91           3.756031963747
   92           3.756032163116
   93           3.767913608592
   94           3.767913609540
   95           3.771060274128
   96           3.786797264936
   97           3.786797287745
   98           3.798676895705
   99           3.798678197183
  100           3.802773525223
  101           6.119235408829
  102           6.398247864661
  103           7.256830775542
  104           7.285603380435
  105           7.297882516884
  106           7.535846359999
  107           7.535851390052
  108           7.544873750964
  109           8.494605482459
  110           8.783903257103
 
 
  Eigenvalues for: E-BETA
 -----------------
 
    1         -11.297969702383
    2         -10.972144049606
    3          -0.677529022834
    4          -0.379289772253
    5          -0.336134786459
    6          -0.039752648999
    7           0.065404316510
    8           0.094700035390
    9           0.106976116736
   10           0.129816951714
   11           0.161178754968
   12           0.192150737183
   13           0.230298580668
   14           0.231192255158
   15           0.231216361831
   16           0.255466230422
   17           0.341190867726
   18           0.342923155769
   19           0.349824685790
   20           0.353953816174
   21           0.354514878744
   22           0.361193680984
   23           0.415102578182
   24           0.415112223086
   25           0.448434855732
   26           0.487620931097
   27           0.516816639531
   28           0.519948269528
   29           0.529018041436
   30           0.529025208821
   31           0.536712908071
   32           0.544997391636
   33           0.544998079931
   34           0.655373741277
   35           0.732919992358
   36           0.732930002713
   37           1.072279892545
   38           1.073281532364
   39           1.110180197475
   40           1.119330072414
   41           1.119348127254
   42           1.122870834443
   43           1.123913400389
   44           1.131872309945
   45           1.134912550179
   46           1.136923650629
   47           1.138566861276
   48           1.146175230504
   49           1.148752705125
   50           1.163783469051
   51           1.189335416612
   52           1.229228668637
   53           1.351357515915
   54           1.358353057020
   55           1.365563440208
   56           1.365567030516
   57           1.370593389644
   58           1.373964954872
   59           1.373968188654
   60           1.381417959475
   61           1.381418048293
   62           1.393684579604
   63           1.393684583712
   64           1.410376697642
   65           1.410376869791
   66           1.417106463537
   67           1.472637941455
   68           1.472644814444
   69           1.909037326226
   70           2.121029716528
   71           3.070329636972
   72           3.086002684220
   73           3.137096919162
   74           3.368169095570
   75           3.417936550630
   76           3.417940702848
   77           3.424408256847
   78           3.424521772777
   79           3.472895850041
   80           3.473001695615
   81           3.475207703070
   82           3.480923468003
   83           3.497495660212
   84           3.500996621394
   85           3.503906408750
   86           3.516354013580
   87           3.530639418352
   88           3.532642132334
   89           3.755946878978
   90           3.769255113416
   91           3.769257870349
   92           3.796121718327
   93           3.800145981947
   94           3.800148455999
   95           3.812389783546
   96           3.812389805048
   97           3.812884369956
   98           3.812884412745
   99           3.833846770913
  100           3.833846771827
  101           6.119235386944
  102           6.416812976608
  103           7.256830792735
  104           7.285603788918
  105           7.297882095982
  106           7.538754107217
  107           7.549599998384
  108           7.549605483504
  109           8.494605468083
  110           8.797084066369
 
  end of eigenvalues 
 
  Occupied Eigenvectors for: E-ALPHA
 --------------------------- 
 
                         -11.2980       -10.9911        -0.6775        -0.4499        -0.3793   
 
    1      C     S       0.975589      -0.000000      -0.005800      -0.000000      -0.000000
    2      C     S      -0.007218      -0.000000       0.562447      -0.000000      -0.000000
    3      C     S       0.045272      -0.000000       0.147096      -0.000000      -0.000000
    4      C     S      -0.015130       0.000000       0.365017       0.000001       0.000000
    5      C     S      -0.002897       0.000000       0.023283       0.000002       0.000000
    6      C    Px       0.000000      -0.000000       0.000000       0.000000      -0.284213
    7      C    Py       0.000000       0.000000      -0.000000       0.000000      -0.220034
    8      C    Pz       0.000038       0.000000      -0.000495       0.000000      -0.000000
    9      C    Px      -0.000000       0.000000       0.000000      -0.000000      -0.371556
   10      C    Py      -0.000000      -0.000000       0.000000      -0.000000      -0.287654
   11      C    Pz      -0.000087      -0.000000      -0.000585      -0.000000      -0.000000
   12      C    Px      -0.000000       0.000000       0.000000      -0.000000      -0.236977
   13      C    Py      -0.000000      -0.000000      -0.000000      -0.000000      -0.183465
   14      C    Pz      -0.000038      -0.000000      -0.001352      -0.000002      -0.000000
   15      C    Px       0.000000      -0.000000      -0.000000      -0.000000      -0.022275
   16      C    Py       0.000000       0.000000      -0.000000       0.000000      -0.017245
   17      C    Pz       0.000005       0.000000      -0.000198       0.000001      -0.000000
   18      C   Dxx       0.002662      -0.000000       0.009830      -0.000000      -0.000000
   19      C   Dxy       0.001676      -0.000000       0.022779      -0.000000       0.000000
   20      C   Dxz       0.000000       0.000000       0.000000       0.000000       0.000016
   21      C   Dyy       0.001911      -0.000000      -0.000378      -0.000000      -0.000000
   22      C   Dyz      -0.000000      -0.000000      -0.000000      -0.000000       0.000012
   23      C   Dzz       0.001895      -0.000000       0.002684      -0.000000      -0.000000
   24      C   Dxx       0.007471      -0.000000       0.020165      -0.000000      -0.000000
   25      C   Dxy      -0.000096      -0.000000       0.044567      -0.000000      -0.000000
   26      C   Dxz      -0.000000      -0.000000       0.000000      -0.000000       0.000302
   27      C   Dyy       0.007514      -0.000000       0.000192      -0.000000      -0.000000
   28      C   Dyz       0.000000      -0.000000      -0.000000       0.000000       0.000233
   29      C   Dzz       0.007131      -0.000000       0.004563      -0.000000      -0.000000
   30      C   Dxx       0.002506      -0.000000      -0.001297      -0.000001      -0.000000
   31      C   Dxy       0.000134       0.000000       0.010441       0.000000       0.000000
   32      C   Dxz       0.000000       0.000000       0.000000       0.000000       0.001364
   33      C   Dyy       0.002446      -0.000000      -0.005976      -0.000001      -0.000000
   34      C   Dyz      -0.000000      -0.000000       0.000000      -0.000000       0.001056
   35      C   Dzz       0.002523      -0.000000      -0.009710      -0.000001      -0.000000
   36      C  Fxxx       0.000000      -0.000000      -0.000000       0.000000      -0.008231
   37      C  Fxxy       0.000000       0.000000      -0.000000       0.000000      -0.013096
   38      C  Fxxz       0.000016       0.000000      -0.000024       0.000000      -0.000000
   39      C  Fxyy       0.000000      -0.000000      -0.000000       0.000000      -0.008962
   40      C  Fxyz      -0.000000      -0.000000      -0.000019       0.000000      -0.000000
   41      C  Fxzz       0.000000      -0.000000      -0.000000       0.000000      -0.006608
   42      C  Fyyy       0.000000       0.000000      -0.000000       0.000000      -0.001783
   43      C  Fyyz       0.000016       0.000000      -0.000015       0.000000       0.000000
   44      C  Fyzz       0.000000       0.000000      -0.000000       0.000000      -0.005116
   45      C  Fzzz       0.000036       0.000000      -0.000067       0.000000      -0.000000
   46      C  Fxxx       0.000000      -0.000000      -0.000000       0.000000      -0.017761
   47      C  Fxxy       0.000000       0.000000       0.000000       0.000000      -0.017368
   48      C  Fxxz       0.000016       0.000000      -0.000095       0.000000      -0.000000
   49      C  Fxyy       0.000000      -0.000000      -0.000000       0.000000      -0.013725
   50      C  Fxyz      -0.000000       0.000000      -0.000112       0.000000      -0.000000
   51      C  Fxzz       0.000000      -0.000000      -0.000000       0.000000      -0.010547
   52      C  Fyyy       0.000000       0.000000       0.000000       0.000000      -0.008725
   53      C  Fyyz       0.000016       0.000000      -0.000045       0.000000       0.000000
   54      C  Fyzz       0.000000       0.000000       0.000000       0.000000      -0.008165
   55      C  Fzzz       0.000037       0.000000      -0.000120       0.000001      -0.000000
   56      C     S      -0.000000       0.975233       0.000000      -0.012424      -0.000000
   57      C     S      -0.000000      -0.006117       0.000000       0.529498      -0.000000
   58      C     S      -0.000000       0.046551       0.000000       0.134038       0.000000
   59      C     S       0.000000      -0.014713      -0.000000       0.380415      -0.000000
   60      C     S       0.000000      -0.002923      -0.000000       0.045901      -0.000000
   61      C    Px       0.000000      -0.000000       0.000000       0.000000       0.000000
   62      C    Py      -0.000000       0.000000      -0.000000      -0.000000       0.000000
   63      C    Pz      -0.000000      -0.000000       0.000000       0.000011      -0.000000
   64      C    Px      -0.000000       0.000000      -0.000000      -0.000000      -0.000000
   65      C    Py       0.000000      -0.000000      -0.000000       0.000000      -0.000000
   66      C    Pz       0.000000       0.000001      -0.000000       0.000016       0.000000
   67      C    Px      -0.000000       0.000000      -0.000000      -0.000000      -0.000000
   68      C    Py       0.000000      -0.000000       0.000000       0.000000      -0.000000
   69      C    Pz       0.000000       0.000001      -0.000000      -0.000012       0.000000
   70      C    Px       0.000000       0.000000       0.000000       0.000000       0.000000
   71      C    Py      -0.000000       0.000000      -0.000000      -0.000000       0.000000
   72      C    Pz      -0.000000      -0.000000       0.000000      -0.000008      -0.000000
   73      C   Dxx      -0.000000       0.001755       0.000000       0.003073       0.000000
   74      C   Dxy      -0.000000       0.001236       0.000000       0.016376       0.000000
   75      C   Dxz       0.000000      -0.000000      -0.000000      -0.000000       0.000000
   76      C   Dyy      -0.000000       0.001201       0.000000      -0.004266       0.000000
   77      C   Dyz       0.000000       0.000000       0.000000       0.000000       0.000000
   78      C   Dzz      -0.000000       0.002584       0.000000       0.014052       0.000000
   79      C   Dxx      -0.000000       0.007178       0.000000       0.005512       0.000000
   80      C   Dxy       0.000000      -0.000002       0.000000       0.037694      -0.000000
   81      C   Dxz      -0.000000      -0.000000      -0.000000      -0.000000      -0.000000
   82      C   Dyy      -0.000000       0.007179       0.000000      -0.011381       0.000000
   83      C   Dyz      -0.000000       0.000000      -0.000000       0.000000      -0.000000
   84      C   Dzz      -0.000000       0.007176       0.000000       0.030784       0.000000
   85      C   Dxx      -0.000000       0.002504       0.000000       0.003451       0.000000
   86      C   Dxy      -0.000000       0.000114       0.000000       0.017968      -0.000000
   87      C   Dxz       0.000000       0.000000      -0.000000      -0.000000       0.000000
   88      C   Dyy      -0.000000       0.002452       0.000000      -0.004602       0.000000
   89      C   Dyz      -0.000000       0.000000       0.000000       0.000000       0.000000
   90      C   Dzz      -0.000000       0.002580       0.000000       0.015504       0.000000
   91      C  Fxxx       0.000000      -0.000000       0.000000       0.000000       0.000000
   92      C  Fxxy      -0.000000       0.000000       0.000000       0.000000       0.000000
   93      C  Fxxz      -0.000000      -0.000000       0.000000       0.000000      -0.000000
   94      C  Fxyy       0.000000      -0.000000      -0.000000       0.000000       0.000000
   95      C  Fxyz       0.000000      -0.000000      -0.000000       0.000000       0.000000
   96      C  Fxzz       0.000000      -0.000000       0.000000       0.000000       0.000000
   97      C  Fyyy      -0.000000       0.000000       0.000000      -0.000000       0.000000
   98      C  Fyyz      -0.000000      -0.000000       0.000000       0.000000       0.000000
   99      C  Fyzz      -0.000000       0.000000       0.000000      -0.000000       0.000000
  100      C  Fzzz      -0.000000      -0.000001       0.000000       0.000001      -0.000000
  101      C  Fxxx       0.000000      -0.000000       0.000000       0.000000       0.000000
  102      C  Fxxy      -0.000000       0.000000      -0.000000      -0.000000       0.000000
  103      C  Fxxz      -0.000000      -0.000000       0.000000       0.000002      -0.000000
  104      C  Fxyy       0.000000      -0.000000       0.000000       0.000000       0.000000
  105      C  Fxyz      -0.000000      -0.000000      -0.000000      -0.000001       0.000000
  106      C  Fxzz       0.000000      -0.000000       0.000000       0.000000       0.000000
  107      C  Fyyy      -0.000000       0.000000      -0.000000      -0.000000       0.000000
  108      C  Fyyz      -0.000000      -0.000000       0.000000       0.000002      -0.000000
  109      C  Fyzz      -0.000000       0.000000      -0.000000      -0.000000       0.000000
  110      C  Fzzz      -0.000000      -0.000001       0.000000       0.000002      -0.000000
 
                          -0.0766        -0.0766   
 
    1      C     S       0.000000       0.000005
    2      C     S       0.000000       0.000010
    3      C     S       0.000000       0.000021
    4      C     S      -0.000000      -0.000053
    5      C     S      -0.000000      -0.000121
    6      C    Px       0.000000      -0.000000
    7      C    Py       0.000000       0.000000
    8      C    Pz      -0.000000      -0.000008
    9      C    Px      -0.000000       0.000000
   10      C    Py      -0.000000      -0.000000
   11      C    Pz       0.000000       0.000001
   12      C    Px      -0.000005       0.000000
   13      C    Py      -0.000004      -0.000000
   14      C    Pz       0.000000       0.000123
   15      C    Px       0.000004      -0.000000
   16      C    Py       0.000003       0.000000
   17      C    Pz      -0.000000      -0.000099
   18      C   Dxx       0.000000       0.000003
   19      C   Dxy      -0.000000       0.000000
   20      C   Dxz       0.000000       0.000000
   21      C   Dyy       0.000000       0.000003
   22      C   Dyz       0.000000      -0.000000
   23      C   Dzz       0.000000       0.000003
   24      C   Dxx       0.000000       0.000027
   25      C   Dxy       0.000000       0.000000
   26      C   Dxz      -0.000000      -0.000000
   27      C   Dyy       0.000000       0.000027
   28      C   Dyz      -0.000000       0.000000
   29      C   Dzz       0.000000       0.000027
   30      C   Dxx       0.000000       0.000047
   31      C   Dxy       0.000000      -0.000000
   32      C   Dxz       0.000000       0.000000
   33      C   Dyy       0.000000       0.000047
   34      C   Dyz       0.000000      -0.000000
   35      C   Dzz       0.000000       0.000045
   36      C  Fxxx       0.000000      -0.000000
   37      C  Fxxy       0.000000       0.000000
   38      C  Fxxz       0.000000      -0.000005
   39      C  Fxyy       0.000000      -0.000000
   40      C  Fxyz       0.000000      -0.000000
   41      C  Fxzz       0.000000       0.000000
   42      C  Fyyy       0.000000       0.000000
   43      C  Fyyz      -0.000000      -0.000005
   44      C  Fyzz       0.000000       0.000000
   45      C  Fzzz      -0.000000      -0.000011
   46      C  Fxxx       0.000002      -0.000000
   47      C  Fxxy       0.000001       0.000000
   48      C  Fxxz      -0.000000      -0.000021
   49      C  Fxyy       0.000001      -0.000000
   50      C  Fxyz      -0.000000      -0.000000
   51      C  Fxzz       0.000001      -0.000000
   52      C  Fyyy       0.000002       0.000000
   53      C  Fyyz      -0.000000      -0.000021
   54      C  Fyzz       0.000001       0.000000
   55      C  Fzzz      -0.000000      -0.000048
   56      C     S       0.000000       0.000007
   57      C     S       0.000000       0.000032
   58      C     S       0.000000       0.000024
   59      C     S      -0.000000       0.000031
   60      C     S       0.000000      -0.000278
   61      C    Px       0.241866      -0.000000
   62      C    Py       0.187250      -0.000000
   63      C    Pz       0.000000       0.305868
   64      C    Px       0.313390      -0.000000
   65      C    Py       0.242623      -0.000000
   66      C    Pz       0.000000       0.396319
   67      C    Px       0.293245      -0.000000
   68      C    Py       0.227027      -0.000000
   69      C    Pz       0.000000       0.370829
   70      C    Px       0.134780      -0.000000
   71      C    Py       0.104345      -0.000000
   72      C    Pz       0.000000       0.170508
   73      C   Dxx       0.000000       0.000003
   74      C   Dxy       0.000000       0.000000
   75      C   Dxz      -0.000000       0.000000
   76      C   Dyy       0.000000       0.000003
   77      C   Dyz      -0.000000      -0.000000
   78      C   Dzz       0.000000       0.000002
   79      C   Dxx       0.000000       0.000019
   80      C   Dxy       0.000000      -0.000000
   81      C   Dxz       0.000002      -0.000000
   82      C   Dyy       0.000000       0.000019
   83      C   Dyz       0.000002      -0.000000
   84      C   Dzz       0.000000       0.000024
   85      C   Dxx       0.000000       0.000074
   86      C   Dxy       0.000000      -0.000003
   87      C   Dxz      -0.000022       0.000000
   88      C   Dyy       0.000000       0.000075
   89      C   Dyz      -0.000017       0.000000
   90      C   Dzz       0.000000       0.000016
   91      C  Fxxx       0.007915      -0.000000
   92      C  Fxxy       0.009301      -0.000000
   93      C  Fxxz       0.000000       0.004478
   94      C  Fxyy       0.006922      -0.000000
   95      C  Fxyz       0.000000       0.004790
   96      C  Fxzz       0.006079      -0.000000
   97      C  Fyyy       0.003189      -0.000000
   98      C  Fyyz       0.000000       0.002331
   99      C  Fyzz       0.004706      -0.000000
  100      C  Fzzz       0.000000       0.017193
  101      C  Fxxx       0.005684      -0.000000
  102      C  Fxxy       0.016148      -0.000000
  103      C  Fxxz       0.000000       0.003217
  104      C  Fxyy       0.009851      -0.000000
  105      C  Fxyz       0.000000       0.010354
  106      C  Fxzz       0.008033      -0.000000
  107      C  Fyyy      -0.001951       0.000000
  108      C  Fyyz      -0.000000      -0.001423
  109      C  Fyzz       0.006219      -0.000000
  110      C  Fzzz       0.000000       0.022722
 
 
  Occupied Eigenvectors for: E-BETA
 --------------------------- 
 
                         -11.2980       -10.9721        -0.6775        -0.3793        -0.3361   
 
    1      C     S       0.975589       0.000000      -0.005800       0.000000      -0.000000
    2      C     S      -0.007218       0.000000       0.562447       0.000000      -0.000000
    3      C     S       0.045272       0.000000       0.147096      -0.000000      -0.000000
    4      C     S      -0.015130      -0.000000       0.365017       0.000000       0.000001
    5      C     S      -0.002897      -0.000000       0.023283       0.000000       0.000001
    6      C    Px       0.000000       0.000000      -0.000000      -0.220034      -0.000000
    7      C    Py       0.000000      -0.000000       0.000000       0.284213       0.000000
    8      C    Pz       0.000038      -0.000000      -0.000493       0.000000       0.000000
    9      C    Px      -0.000000      -0.000000      -0.000000      -0.287654      -0.000000
   10      C    Py      -0.000000       0.000000       0.000000       0.371556       0.000000
   11      C    Pz      -0.000087       0.000000      -0.000582       0.000000      -0.000000
   12      C    Px      -0.000000      -0.000000       0.000000      -0.183464      -0.000000
   13      C    Py      -0.000000       0.000000      -0.000000       0.236976      -0.000000
   14      C    Pz      -0.000038       0.000000      -0.001351       0.000000      -0.000001
   15      C    Px       0.000000       0.000000      -0.000000      -0.017245      -0.000000
   16      C    Py       0.000000      -0.000000      -0.000000       0.022275       0.000000
   17      C    Pz       0.000005      -0.000000      -0.000198       0.000000       0.000001
   18      C   Dxx       0.001911       0.000000      -0.000378      -0.000000      -0.000000
   19      C   Dxy      -0.001676       0.000000      -0.022779      -0.000000      -0.000000
   20      C   Dxz      -0.000000      -0.000000      -0.000000       0.000012      -0.000000
   21      C   Dyy       0.002662       0.000000       0.009830      -0.000000      -0.000000
   22      C   Dyz       0.000000       0.000000       0.000000      -0.000016      -0.000000
   23      C   Dzz       0.001895       0.000000       0.002684      -0.000000      -0.000000
   24      C   Dxx       0.007514       0.000000       0.000192      -0.000000      -0.000000
   25      C   Dxy       0.000096      -0.000000      -0.044567      -0.000000       0.000000
   26      C   Dxz       0.000000       0.000000      -0.000000       0.000233       0.000000
   27      C   Dyy       0.007471       0.000000       0.020165      -0.000000      -0.000000
   28      C   Dyz       0.000000       0.000000       0.000000      -0.000301       0.000000
   29      C   Dzz       0.007131       0.000000       0.004563      -0.000000      -0.000000
   30      C   Dxx       0.002446       0.000000      -0.005976      -0.000000      -0.000000
   31      C   Dxy      -0.000134       0.000000      -0.010441       0.000000      -0.000000
   32      C   Dxz      -0.000000      -0.000000      -0.000000       0.001056       0.000000
   33      C   Dyy       0.002506       0.000000      -0.001297      -0.000000      -0.000000
   34      C   Dyz       0.000000       0.000000       0.000000      -0.001364      -0.000000
   35      C   Dzz       0.002523       0.000000      -0.009710      -0.000000      -0.000000
   36      C  Fxxx       0.000000       0.000000      -0.000000      -0.001783       0.000000
   37      C  Fxxy       0.000000      -0.000000      -0.000000       0.008962       0.000000
   38      C  Fxxz       0.000016      -0.000000      -0.000015       0.000000       0.000000
   39      C  Fxyy       0.000000       0.000000      -0.000000      -0.013096       0.000000
   40      C  Fxyz       0.000000      -0.000000       0.000019      -0.000000       0.000000
   41      C  Fxzz       0.000000       0.000000      -0.000000      -0.005116       0.000000
   42      C  Fyyy       0.000000      -0.000000      -0.000000       0.008231       0.000000
   43      C  Fyyz       0.000016      -0.000000      -0.000024       0.000000       0.000000
   44      C  Fyzz       0.000000      -0.000000      -0.000000       0.006608       0.000000
   45      C  Fzzz       0.000036      -0.000000      -0.000066       0.000000       0.000000
   46      C  Fxxx       0.000000       0.000000      -0.000000      -0.008726       0.000000
   47      C  Fxxy       0.000000      -0.000000       0.000000       0.013725       0.000000
   48      C  Fxxz       0.000016      -0.000000      -0.000045       0.000000       0.000000
   49      C  Fxyy       0.000000       0.000000      -0.000000      -0.017367       0.000000
   50      C  Fxyz       0.000000       0.000000       0.000112      -0.000000      -0.000000
   51      C  Fxzz       0.000000       0.000000       0.000000      -0.008165       0.000000
   52      C  Fyyy       0.000000      -0.000000      -0.000000       0.017761       0.000000
   53      C  Fyyz       0.000016      -0.000000      -0.000095       0.000000       0.000000
   54      C  Fyzz       0.000000      -0.000000      -0.000000       0.010547       0.000000
   55      C  Fzzz       0.000037      -0.000000      -0.000120       0.000000       0.000000
   56      C     S      -0.000000      -0.976026       0.000000       0.000000      -0.014009
   57      C     S      -0.000000       0.007676       0.000000      -0.000000       0.507882
   58      C     S      -0.000000      -0.044186       0.000000       0.000000       0.127567
   59      C     S       0.000000       0.015543      -0.000000      -0.000000       0.385940
   60      C     S       0.000000       0.002982      -0.000000      -0.000000       0.060706
   61      C    Px       0.000000       0.000000      -0.000000       0.000000       0.000000
   62      C    Py      -0.000000      -0.000000      -0.000000      -0.000000       0.000000
   63      C    Pz      -0.000000       0.000000       0.000000       0.000000      -0.000010
   64      C    Px      -0.000000      -0.000000       0.000000      -0.000000      -0.000000
   65      C    Py       0.000000       0.000000       0.000000       0.000000      -0.000000
   66      C    Pz       0.000000       0.000000      -0.000000      -0.000000      -0.000014
   67      C    Px      -0.000000      -0.000000       0.000000      -0.000000      -0.000000
   68      C    Py       0.000000       0.000000       0.000000       0.000000      -0.000000
   69      C    Pz       0.000000       0.000000      -0.000000      -0.000000      -0.000019
   70      C    Px       0.000000      -0.000000      -0.000000       0.000000       0.000000
   71      C    Py      -0.000000      -0.000000      -0.000000      -0.000000       0.000000
   72      C    Pz      -0.000000      -0.000000       0.000000      -0.000000      -0.000007
   73      C   Dxx      -0.000000      -0.002495       0.000000       0.000000       0.004569
   74      C   Dxy       0.000000       0.001163      -0.000000      -0.000000      -0.016878
   75      C   Dxz       0.000000      -0.000000      -0.000000       0.000000       0.000000
   76      C   Dyy      -0.000000      -0.003016       0.000000       0.000000       0.012133
   77      C   Dyz       0.000000       0.000000       0.000000      -0.000000      -0.000000
   78      C   Dzz      -0.000000      -0.001716       0.000000       0.000000      -0.006747
   79      C   Dxx      -0.000000      -0.007544       0.000000       0.000000       0.012546
   80      C   Dxy      -0.000000      -0.000035      -0.000000       0.000000      -0.040843
   81      C   Dxz      -0.000000       0.000000      -0.000000      -0.000000       0.000000
   82      C   Dyy      -0.000000      -0.007528       0.000000       0.000000       0.030850
   83      C   Dyz      -0.000000      -0.000000      -0.000000       0.000000      -0.000000
   84      C   Dzz      -0.000000      -0.007567       0.000000       0.000000      -0.014836
   85      C   Dxx      -0.000000      -0.002588       0.000000       0.000000       0.014096
   86      C   Dxy       0.000000       0.000124      -0.000000      -0.000000      -0.026519
   87      C   Dxz       0.000000      -0.000000      -0.000000       0.000000       0.000000
   88      C   Dyy      -0.000000      -0.002644       0.000000       0.000000       0.025980
   89      C   Dyz      -0.000000       0.000000      -0.000000      -0.000000      -0.000000
   90      C   Dzz      -0.000000      -0.002505       0.000000       0.000000      -0.003681
   91      C  Fxxx       0.000000       0.000000      -0.000000       0.000000       0.000000
   92      C  Fxxy      -0.000000      -0.000000      -0.000000      -0.000000       0.000000
   93      C  Fxxz      -0.000000      -0.000000       0.000000       0.000000       0.000000
   94      C  Fxyy       0.000000       0.000000      -0.000000       0.000000       0.000000
   95      C  Fxyz      -0.000000      -0.000000       0.000000      -0.000000       0.000000
   96      C  Fxzz       0.000000       0.000000      -0.000000       0.000000       0.000000
   97      C  Fyyy      -0.000000      -0.000000      -0.000000      -0.000000       0.000000
   98      C  Fyyz      -0.000000      -0.000000       0.000000       0.000000       0.000000
   99      C  Fyzz      -0.000000      -0.000000      -0.000000      -0.000000       0.000000
  100      C  Fzzz      -0.000000      -0.000000       0.000000      -0.000000       0.000001
  101      C  Fxxx       0.000000       0.000000      -0.000000       0.000000       0.000000
  102      C  Fxxy      -0.000000      -0.000000      -0.000000      -0.000000       0.000000
  103      C  Fxxz      -0.000000      -0.000000       0.000000       0.000000       0.000001
  104      C  Fxyy       0.000000       0.000000      -0.000000       0.000000       0.000000
  105      C  Fxyz       0.000000      -0.000000      -0.000000      -0.000000       0.000001
  106      C  Fxzz       0.000000       0.000000      -0.000000       0.000000       0.000000
  107      C  Fyyy      -0.000000      -0.000000      -0.000000      -0.000000       0.000000
  108      C  Fyyz      -0.000000      -0.000000       0.000000       0.000000       0.000000
  109      C  Fyzz      -0.000000      -0.000000      -0.000000      -0.000000       0.000000
  110      C  Fzzz      -0.000000      -0.000000       0.000000       0.000000       0.000004
 
                          -0.0398   
 
    1      C     S      -0.000000
    2      C     S      -0.000000
    3      C     S      -0.000000
    4      C     S       0.000000
    5      C     S      -0.000000
    6      C    Px      -0.000000
    7      C    Py       0.000000
    8      C    Pz      -0.000000
    9      C    Px       0.000000
   10      C    Py      -0.000001
   11      C    Pz       0.000000
   12      C    Px       0.000008
   13      C    Py      -0.000011
   14      C    Pz      -0.000000
   15      C    Px      -0.000007
   16      C    Py       0.000008
   17      C    Pz       0.000000
   18      C   Dxx      -0.000000
   19      C   Dxy       0.000000
   20      C   Dxz      -0.000000
   21      C   Dyy      -0.000000
   22      C   Dyz       0.000000
   23      C   Dzz      -0.000000
   24      C   Dxx      -0.000000
   25      C   Dxy       0.000000
   26      C   Dxz       0.000000
   27      C   Dyy      -0.000000
   28      C   Dyz      -0.000000
   29      C   Dzz      -0.000000
   30      C   Dxx      -0.000000
   31      C   Dxy      -0.000000
   32      C   Dxz      -0.000000
   33      C   Dyy      -0.000000
   34      C   Dyz       0.000000
   35      C   Dzz      -0.000000
   36      C  Fxxx      -0.000001
   37      C  Fxxy       0.000000
   38      C  Fxxz      -0.000000
   39      C  Fxyy      -0.000000
   40      C  Fxyz      -0.000000
   41      C  Fxzz      -0.000000
   42      C  Fyyy       0.000001
   43      C  Fyyz      -0.000000
   44      C  Fyzz       0.000000
   45      C  Fzzz      -0.000000
   46      C  Fxxx      -0.000003
   47      C  Fxxy       0.000002
   48      C  Fxxz       0.000000
   49      C  Fxyy      -0.000001
   50      C  Fxyz      -0.000000
   51      C  Fxzz      -0.000001
   52      C  Fyyy       0.000004
   53      C  Fyyz       0.000000
   54      C  Fyzz       0.000002
   55      C  Fzzz       0.000000
   56      C     S      -0.000000
   57      C     S      -0.000000
   58      C     S      -0.000000
   59      C     S       0.000000
   60      C     S       0.000000
   61      C    Px      -0.172735
   62      C    Py       0.223117
   63      C    Pz      -0.000000
   64      C    Px      -0.219647
   65      C    Py       0.283713
   66      C    Pz      -0.000000
   67      C    Px      -0.217877
   68      C    Py       0.281426
   69      C    Pz      -0.000000
   70      C    Px      -0.159382
   71      C    Py       0.205869
   72      C    Pz      -0.000000
   73      C   Dxx      -0.000000
   74      C   Dxy       0.000000
   75      C   Dxz       0.000002
   76      C   Dyy       0.000000
   77      C   Dyz      -0.000002
   78      C   Dzz       0.000000
   79      C   Dxx      -0.000000
   80      C   Dxy       0.000000
   81      C   Dxz      -0.000000
   82      C   Dyy      -0.000000
   83      C   Dyz       0.000000
   84      C   Dzz      -0.000000
   85      C   Dxx      -0.000000
   86      C   Dxy       0.000000
   87      C   Dxz       0.000019
   88      C   Dyy      -0.000000
   89      C   Dyz      -0.000025
   90      C   Dzz      -0.000000
   91      C  Fxxx      -0.006617
   92      C  Fxxy       0.008952
   93      C  Fxxz      -0.000000
   94      C  Fxyy      -0.010912
   95      C  Fxyz       0.000000
   96      C  Fxzz      -0.000974
   97      C  Fyyy       0.012380
   98      C  Fyyz      -0.000000
   99      C  Fyzz       0.001258
  100      C  Fzzz      -0.000000
  101      C  Fxxx      -0.006683
  102      C  Fxxy       0.015447
  103      C  Fxxz      -0.000000
  104      C  Fxyy      -0.020952
  105      C  Fxyz       0.000000
  106      C  Fxzz       0.001495
  107      C  Fyyy       0.017291
  108      C  Fyyz      -0.000000
  109      C  Fyzz      -0.001931
  110      C  Fzzz       0.000000
 
 
  end of eigenvectors 
 
  END OF EIGENVALUES AND EIGENVECTORS
 
 
  COMPONENTS OF KINETIC ENERGY: 
 -----------------------------
 
             E-ALPHA Kinetic energy =           38.230750608178
              E-BETA Kinetic energy =           37.093732428046
                                     _________________________
               Total kinetic energy =           75.324483036224
 
  COMPONENTS OF POTENTIAL ENERGY: 
 -------------------------------
 
          Fixed potential energy    =            1.411139331307
 
  Quantum/Fixed interaction energy: 
 ----------------------------------
 
     E-ALPHA/Fixed interact. energy =          -92.950494918009
      E-BETA/Fixed interact. energy =          -88.236747134237
                                     _________________________
               Total Q/Fixed energy =         -181.187242052246
 
  Coulomb energy: 
 ------------------
 
     E-ALPHA/E-ALPHA Hartree energy =           10.992254340570
       E-BETA/E-BETA Hartree energy =            8.908201543432
      E-ALPHA/E-BETA Hartree energy =           19.477642871330
                                     _________________________
               Total Hartree energy =           39.378098755331
 
  Exchange(HF) energy: 
 ----------------------
 
            E-ALPHA Exchange energy =           -5.345690586601
             E-BETA Exchange energy =           -4.926913810034
                                     _________________________
              Total Exchange energy =          -10.272604396635
 
  TOTAL ENERGY COMPONENTS: 
 ==========================
 
          TOTAL KINETIC ENERGY      =           75.324483036224
          TOTAL POTENTIAL ENERGY    =         -150.670608362243
                                     _________________________
                       TOTAL ENERGY =          -75.346125326019
 
                 VIRIAL RATIO (V/T) =            2.000287320788
 
 
  END ENERGY COMPONENTS
 
 
** TOTAL CPU Time SCF :     41.155 (s)
** TOTAL Elapsed Time SCF :      4.712 (s)
 
 We are calculating properties for E-ALPHA in the HF/KS ground state
 We are calculating properties for E-BETA in the HF/KS ground state
 
  POPULATION ANALYSES: 
 ====================
 
 MULLIKEN Population: for E-        
 ---------------------
 
                          total          spin      
 
    1      C     S       1.950310       0.000000
    2      C     S       1.072469      -0.000000
    3      C     S       0.246180      -0.000000
    4      C     S       0.653878       0.000000
    5      C     S       0.028654       0.000000
    6      C    Px       0.263379       0.065975
    7      C    Py       0.263379      -0.065975
    8      C    Pz       0.000001       0.000000
    9      C    Px       0.445741       0.111655
   10      C    Py       0.445741      -0.111656
   11      C    Pz       0.000002       0.000000
   12      C    Px       0.230054       0.057627
   13      C    Py       0.230054      -0.057627
   14      C    Pz       0.000006       0.000000
   15      C    Px       0.010594       0.002654
   16      C    Py       0.010594      -0.002654
   17      C    Pz       0.000001       0.000000
   18      C   Dxx       0.006852       0.006849
   19      C   Dxy       0.002183       0.000000
   20      C   Dxz       0.000000       0.000000
   21      C   Dyy       0.006852      -0.006849
   22      C   Dyz       0.000000      -0.000000
   23      C   Dzz       0.003981       0.000000
   24      C   Dxx       0.013339       0.012717
   25      C   Dxy       0.005586       0.000000
   26      C   Dxz       0.000001       0.000000
   27      C   Dyy       0.013339      -0.012717
   28      C   Dyz       0.000001      -0.000000
   29      C   Dzz       0.006024       0.000000
   30      C   Dxx      -0.002245       0.001434
   31      C   Dxy       0.000812       0.000000
   32      C   Dxz       0.000003       0.000001
   33      C   Dyy      -0.002245      -0.001434
   34      C   Dyz       0.000003      -0.000001
   35      C   Dzz      -0.005979      -0.000000
   36      C  Fxxx       0.006037       0.004312
   37      C  Fxxy       0.009145       0.000644
   38      C  Fxxz       0.000000       0.000000
   39      C  Fxyy       0.009145      -0.000644
   40      C  Fxyz       0.000000       0.000000
   41      C  Fxzz       0.004983       0.001248
   42      C  Fyyy       0.006037      -0.004312
   43      C  Fyyz       0.000000      -0.000000
   44      C  Fyzz       0.004983      -0.001248
   45      C  Fzzz       0.000000       0.000000
   46      C  Fxxx       0.012701       0.005740
   47      C  Fxxy       0.010789       0.000008
   48      C  Fxxz       0.000000       0.000000
   49      C  Fxyy       0.010789      -0.000008
   50      C  Fxyz       0.000000       0.000000
   51      C  Fxzz       0.006574       0.001647
   52      C  Fyyy       0.012701      -0.005740
   53      C  Fyyz       0.000000      -0.000000
   54      C  Fyzz       0.006574      -0.001647
   55      C  Fzzz       0.000000       0.000000
   56      C     S       1.950786      -0.000886
   57      C     S       0.974138       0.024729
   58      C     S       0.218181       0.007121
   59      C     S       0.703402      -0.008710
   60      C     S       0.071710      -0.011287
   61      C    Px       0.189792       0.060377
   62      C    Py       0.182931      -0.032988
   63      C    Pz       0.200044       0.200044
   64      C    Px       0.342762       0.107205
   65      C    Py       0.331353      -0.061657
   66      C    Pz       0.359813       0.359813
   67      C    Px       0.313137       0.080495
   68      C    Py       0.312038      -0.076108
   69      C    Pz       0.314763       0.314763
   70      C    Px       0.116355      -0.002555
   71      C    Py       0.133300      -0.065092
   72      C    Pz       0.091041       0.091041
   73      C   Dxx       0.005392      -0.001017
   74      C   Dxy       0.001344      -0.000074
   75      C   Dxz       0.000000      -0.000000
   76      C   Dyy       0.005683      -0.010714
   77      C   Dyz       0.000000      -0.000000
   78      C   Dzz       0.005628       0.013453
   79      C   Dxx       0.011989      -0.004623
   80      C   Dxy       0.004794      -0.000518
   81      C   Dxz      -0.000000      -0.000000
   82      C   Dyy       0.013908      -0.027583
   83      C   Dyz      -0.000000      -0.000000
   84      C   Dzz       0.011516       0.029465
   85      C   Dxx       0.006457      -0.004051
   86      C   Dxy       0.002130      -0.000633
   87      C   Dxz       0.000000       0.000000
   88      C   Dyy       0.008559      -0.011601
   89      C   Dyz       0.000000      -0.000000
   90      C   Dzz       0.004382       0.006928
   91      C  Fxxx       0.007619       0.001788
   92      C  Fxxy       0.007146      -0.000588
   93      C  Fxxz       0.002508       0.002508
   94      C  Fxyy       0.006815      -0.000614
   95      C  Fxyz       0.000051       0.000051
   96      C  Fxzz       0.003032       0.002398
   97      C  Fyyy       0.008548      -0.005630
   98      C  Fyyz       0.001298       0.001298
   99      C  Fyzz       0.002156       0.001099
  100      C  Fzzz       0.013029       0.013029
  101      C  Fxxx       0.006159       0.000243
  102      C  Fxxy       0.012171      -0.001291
  103      C  Fxxz       0.001708       0.001708
  104      C  Fxyy       0.011420      -0.003029
  105      C  Fxyz       0.000135       0.000135
  106      C  Fxzz       0.002921       0.003896
  107      C  Fyyy       0.009115      -0.010804
  108      C  Fyyz      -0.000750      -0.000750
  109      C  Fyzz       0.001230       0.002857
  110      C  Fzzz       0.016360       0.016360
 
                           __________     __________
              Total =       13.000000       1.000000
 
  Atomic MULLIKEN Population: for E-        
            C                6.000000       0.000000
            C                7.000000       1.000000
 
 ...end of MULLIKEN Population
 
 
 END POPULATION ANALYSES 
 
 
  POPULATION ANALYSES: 
 ====================
 
 LOWDIN Population: for E-        
 ---------------------
 
                          total          spin      
 
    1      C     S       1.610804      -0.000000
    2      C     S       0.594427      -0.000000
    3      C     S       0.419349      -0.000000
    4      C     S       0.305197       0.000000
    5      C     S       0.088714       0.000000
    6      C    Px       0.244185       0.061170
    7      C    Py       0.244185      -0.061170
    8      C    Pz       0.000001       0.000000
    9      C    Px       0.208963       0.052680
   10      C    Py       0.208963      -0.052680
   11      C    Pz       0.000002       0.000000
   12      C    Px       0.122213       0.030816
   13      C    Py       0.122213      -0.030816
   14      C    Pz       0.000003       0.000000
   15      C    Px       0.022789       0.005717
   16      C    Py       0.022789      -0.005717
   17      C    Pz       0.000001       0.000000
   18      C   Dxx       0.170499       0.007325
   19      C   Dxy       0.002399       0.000000
   20      C   Dxz       0.000000       0.000000
   21      C   Dyy       0.170499      -0.007325
   22      C   Dyz       0.000000      -0.000000
   23      C   Dzz       0.166920      -0.000000
   24      C   Dxx       0.142149       0.009761
   25      C   Dxy       0.005028       0.000000
   26      C   Dxz       0.000001       0.000000
   27      C   Dyy       0.142149      -0.009761
   28      C   Dyz       0.000001      -0.000000
   29      C   Dzz       0.135489       0.000000
   30      C   Dxx       0.015780       0.001546
   31      C   Dxy       0.001153       0.000000
   32      C   Dxz       0.000003       0.000001
   33      C   Dyy       0.015780      -0.001546
   34      C   Dyz       0.000003      -0.000001
   35      C   Dzz       0.013653       0.000000
   36      C  Fxxx       0.129131       0.034358
   37      C  Fxxy       0.062364      -0.013156
   38      C  Fxxz       0.000000       0.000000
   39      C  Fxyy       0.062364       0.013156
   40      C  Fxyz       0.000000       0.000000
   41      C  Fxzz       0.058793       0.014725
   42      C  Fyyy       0.129131      -0.034358
   43      C  Fyyz       0.000000      -0.000000
   44      C  Fyzz       0.058793      -0.014725
   45      C  Fzzz       0.000001       0.000000
   46      C  Fxxx       0.078391       0.021282
   47      C  Fxxy       0.038121      -0.007523
   48      C  Fxxz       0.000001       0.000000
   49      C  Fxyy       0.038121       0.007523
   50      C  Fxyz       0.000000       0.000000
   51      C  Fxzz       0.035047       0.008778
   52      C  Fyyy       0.078391      -0.021282
   53      C  Fyyz       0.000001      -0.000000
   54      C  Fyzz       0.035047      -0.008778
   55      C  Fzzz       0.000002       0.000000
   56      C     S       1.609867      -0.000236
   57      C     S       0.562709       0.008322
   58      C     S       0.397455       0.006064
   59      C     S       0.321056      -0.003470
   60      C     S       0.117157      -0.007435
   61      C    Px       0.174051       0.056232
   62      C    Py       0.167294      -0.029259
   63      C    Pz       0.184119       0.184119
   64      C    Px       0.166041       0.050570
   65      C    Py       0.161378      -0.031981
   66      C    Pz       0.174078       0.174078
   67      C    Px       0.171715       0.037564
   68      C    Py       0.174796      -0.049773
   69      C    Pz       0.168185       0.168185
   70      C    Px       0.108266       0.002511
   71      C    Py       0.121437      -0.055071
   72      C    Pz       0.088671       0.088671
   73      C   Dxx       0.154061       0.002292
   74      C   Dxy       0.001511      -0.000085
   75      C   Dxz       0.000000      -0.000000
   76      C   Dyy       0.154485      -0.008746
   77      C   Dyz       0.000000      -0.000000
   78      C   Dzz       0.154182       0.018761
   79      C   Dxx       0.146122      -0.004439
   80      C   Dxy       0.004469      -0.000530
   81      C   Dxz       0.000000      -0.000000
   82      C   Dyy       0.148112      -0.023165
   83      C   Dyz       0.000000      -0.000000
   84      C   Dzz       0.145380       0.023309
   85      C   Dxx       0.026919      -0.004199
   86      C   Dxy       0.002287      -0.000611
   87      C   Dxz       0.000000       0.000000
   88      C   Dyy       0.028440      -0.009985
   89      C   Dyz       0.000000      -0.000000
   90      C   Dzz       0.025788       0.004152
   91      C  Fxxx       0.102867       0.031958
   92      C  Fxxy       0.047938      -0.008073
   93      C  Fxxz       0.046956       0.046956
   94      C  Fxyy       0.049065       0.012713
   95      C  Fxyz       0.000058       0.000058
   96      C  Fxzz       0.045325       0.015689
   97      C  Fyyy       0.100287      -0.021791
   98      C  Fyyz       0.045759       0.045759
   99      C  Fyzz       0.043005      -0.006427
  100      C  Fzzz       0.112514       0.112514
  101      C  Fxxx       0.094004       0.022942
  102      C  Fxxy       0.047793      -0.010888
  103      C  Fxxz       0.040511       0.040511
  104      C  Fxyy       0.047205       0.007680
  105      C  Fxyz       0.000128       0.000128
  106      C  Fxzz       0.041473       0.012344
  107      C  Fyyy       0.095630      -0.028766
  108      C  Fyyz       0.038863       0.038863
  109      C  Fyzz       0.040429      -0.008174
  110      C  Fzzz       0.100158       0.100158
 
                           __________     __________
              Total =       13.000000       1.000000
 
  Atomic LOWDIN Population: for E-        
            C                6.000000       0.000000
            C                7.000000       1.000000
 
 ...end of LOWDIN Population
 
 
 END POPULATION ANALYSES 
 
 
  EXPECTED POSITIONS OF QUANTUM SPECIES:
 ======================
 
 POSITIONS IN ANGSTROMS
 ------
 
                        <x>      <y>      <z>         
            E-ALPHA   0.0000  -0.0000  53.9957
             E-BETA  -0.0000  -0.0000  40.4958
 
 END EXPECTED POSITIONS
 
 
  ELECTROSTATIC MOMENTS:
 ======================
 
 
 DIPOLE: (A.U.)
 ------
 
                           <Dx>         <Dy>         <Dz>          |D|
            E-ALPHA  -0.00000000   0.00000000-102.03708532
             E-BETA   0.00000000   0.00000000 -76.52600107
    Point charges:    0.00000000   0.00000000 153.06780501
                     ____________________________
      Total Dipole:  -0.00000000   0.00000000 -25.49528138  25.49528138
 
 DIPOLE: (DEBYE)
 ------
 
                           <Dx>         <Dy>         <Dz>          |D|
            E-ALPHA  -0.00000000   0.00000000-259.35236769
             E-BETA   0.00000000   0.00000000-194.50966779
    Point charges:    0.00000000   0.00000000 389.05950246
                     ____________________________
      Total Dipole:  -0.00000000   0.00000000 -64.80253302  64.80253302
 
 QUADRUPOLE NON-TRACELESS: (DEBYE ANGS)
 ------
 
                           <xx>         <yy>         <zz>         <xy>         <xz>         <yz>
            E-ALPHA  -10.75440630   -9.16344412-3512.32255274   -3.07440717   -0.00000000   -0.00000000
             E-BETA   -8.64160304  -10.50035523-2632.18010781    3.59189024    0.00000000   -0.00000000
    Point charges:     0.00000000    0.00000000 5252.30268402    0.00000000    0.00000000    0.00000000
  Total Quadrupole:  -19.39600934  -19.66379935 -892.19997652    0.51748308    0.00000000   -0.00000000
                     ____________________________
 
 END ELECTROSTATIC MOMENTS
 
 
 BEGIN FOUR-INDEX INTEGRALS TRANFORMATION:
 ========================================
 Selected method: C         
 
 --------------------------------------------------
    4N^5 Algorithm Four-index integral tranformation
 --------------------------------------------------
 
 Integrals transformation for: E-ALPHA
 
              Transformation boundaries 
                 orbital lower upper
                       p     1     7
                       q     8   110
                       r     1     7
                       s     8   110
 
         Loading AO integrals time(s):  0.573E-02
      Integral transformation time(s):  0.145E+01
       Non-zero transformed integrals:       215877
 
 Inter-species integrals transformation for: E-ALPHA/E-BETA
 
              Transformation boundaries 
                 orbital lower upper
                       p     1     6
                       q     7   110
                       r     1     7
                       s     8   110
 
         Loading AO integrals time(s):  0.102E-01
      Integral transformation time(s):  0.727E+01
 Non zero transformed coupling integrals:        66333
 
 Integrals transformation for: E-BETA
 
              Transformation boundaries 
                 orbital lower upper
                       p     1     6
                       q     7   110
                       r     1     6
                       s     7   110
 
         Loading AO integrals time(s):  0.567E-02
      Integral transformation time(s):  0.137E+01
       Non-zero transformed integrals:        81408
 
** TOTAL Elapsed Time for integrals transformation :     10.382 (s)
 
 
  POST HARTREE-FOCK CALCULATION
  MANY-BODY PERTURBATION THEORY:
 ==============================
 
              MOLLER-PLESSET FORMALISM 
               ORDER OF CORRECTION =     2
 
                E(0) + E(1) =     -75.346125326019
                       E(2) =      -0.187674774184
                             ____________________
                     E(MP2) =     -75.533800100203
 
              -----------------------------------
               E(n){ Specie }     E(n) / Hartree 
              -----------------------------------
 
            E(2){ E-ALPHA } =      -0.020312755697
             E(2){ E-BETA } =      -0.009332864630
 
     E(2){ E-ALPHA/E-BETA } =      -0.158029153856
 
** TOTAL CPU Time HF-MBPT :      0.992 (s)
** TOTAL Elapsed Time HF-MBPT :      0.379 (s)
 

  TOTAL CPU Time:      0.517 (s)
 TOTAL Wall Time:     15.607 (s)
  Elapsed Time:   0h  0m 15s 608ms
LOWDIN execution terminated normally at : Thu Feb 27 18:22:32 2025
-rw-rw-r-- 1 pohl pohl 5.5M feb 27 18:22 0E-ALPHA.E-BETA.ints
-rw-rw-r-- 1 pohl pohl 2.8M feb 27 18:22 0E-ALPHA.ints
-rw-rw-r-- 1 pohl pohl 5.5M feb 27 18:22 1E-ALPHA.E-BETA.ints
-rw-rw-r-- 1 pohl pohl 2.8M feb 27 18:22 1E-ALPHA.ints
-rw-rw-r-- 1 pohl pohl 5.5M feb 27 18:22 2E-ALPHA.E-BETA.ints
-rw-rw-r-- 1 pohl pohl 2.8M feb 27 18:22 2E-ALPHA.ints
-rw-rw-r-- 1 pohl pohl 5.5M feb 27 18:22 3E-ALPHA.E-BETA.ints
-rw-rw-r-- 1 pohl pohl 2.8M feb 27 18:22 3E-ALPHA.ints
-rw-rw-r-- 1 pohl pohl 4.9M feb 27 18:22 4E-ALPHA.E-BETA.ints
-rw-rw-r-- 1 pohl pohl 2.8M feb 27 18:22 4E-ALPHA.ints
-rw-rw-r-- 1 pohl pohl 4.9M feb 27 18:22 5E-ALPHA.E-BETA.ints
-rw-rw-r-- 1 pohl pohl 2.8M feb 27 18:22 5E-ALPHA.ints
-rw-rw-r-- 1 pohl pohl 5.5M feb 27 18:22 6E-ALPHA.E-BETA.ints
-rw-rw-r-- 1 pohl pohl 2.8M feb 27 18:22 6E-ALPHA.ints
-rw-rw-r-- 1 pohl pohl 5.5M feb 27 18:22 7E-ALPHA.E-BETA.ints
-rw-rw-r-- 1 pohl pohl 2.8M feb 27 18:22 7E-ALPHA.ints
-rw-rw-r-- 1 pohl pohl 5.5M feb 27 18:22 8E-ALPHA.E-BETA.ints
-rw-rw-r-- 1 pohl pohl 2.8M feb 27 18:22 8E-ALPHA.ints
-rw-rw-r-- 1 pohl pohl  258 feb 27 18:22 c_step_24
-rw-rw-r-- 1 pohl pohl 1.1K feb 27 18:22 c_step_24.aux
-rw-rw-r-- 1 pohl pohl  266 feb 27 18:22 c_step_24.lowdin
-rw-rw-r-- 1 pohl pohl  80K feb 27 18:22 c_step_24.out
-rw-rw-r-- 1 pohl pohl 192K feb 27 18:22 c_step_24.vec
-rw-rw-r-- 1 pohl pohl   12 feb 27 18:22 E-ALPHA.E-BETA.nints
-rw-rw-r-- 1 pohl pohl 6.9M feb 27 18:22 E-ALPHAmoint.dat
-rw-rw-r-- 1 pohl pohl 2.1M feb 27 18:22 E-BETA.E-ALPHAmoint.dat
-rw-rw-r-- 1 pohl pohl 6.9M feb 27 18:22 E-BETAmoint.dat
-rw-rw-r-- 1 pohl pohl   65 feb 27 18:22 gepol.inp
-rw-rw-r-- 1 pohl pohl  182 feb 27 18:22 gepol.xyzr
-rw-rw-r-- 1 pohl pohl  13K feb 27 18:22 lowdin.bas
-rw-rw-r-- 1 pohl pohl  16K feb 27 18:22 lowdin.dat
-rw-rw-r-- 1 pohl pohl 2.3M feb 27 18:22 lowdin.opints
-rw-rw-r-- 1 pohl pohl  46K feb 27 18:22 lowdin.sys
-rw-rw-r-- 1 pohl pohl 2.1M feb 27 18:22 lowdin.wfn
