Begin job by input: c_step_18.lowdin, for user:   at  jue 27 feb 2025 18:20:26 -05
under operating system Linux helios 5.19.0-46-generic #47-Ubuntu SMP PREEMPT_DYNAMIC Fri Jun 16 13:30:11 UTC 2023 x86_64 x86_64 x86_64 GNU/Linux
Compilation information
  commit: f31d3924f6ee2ce9d77f07edcc1ba27359319d14
  compilation date:  mar 17 sep 2024 16:16:17 -05

BEGIN INPUT INFO:
------------------------------------

GEOMETRY
	e-(C)	AUG-CC-PVTZ 0.0 0.0 0.0  multiplicity=2 addParticles=1 
	e-(C)	AUG-CC-PVTZ 0.0 0.0 10.5
	C	Dirac 0 0.0 0.0
	C	Dirac 0.0 0.0 10.5
END GEOMETRY

TASKS
        method = "UHF"
	mollerPlessetCorrection=2
END TASKS

CONTROL
	units="ANGS"
END CONTROL






... END INPUT INFO


 LOWDIN execution started at : Thu Feb 27 18:20:26 2025
 ---------------------------------------------------------------
 
 ***************************************************************
 *                   LOWDIN 2.0  (May/2013)                    *
 *                                                             *
 *  R. FLORES-MORENO, E. F. POSADA, F. S. MONCADA, J.ROMERO,   *
 *  J. CHARRY, M. DIAZ-TINOCO, S. A. GONZALEZ, N. F. AGUIRRE,  *
 *  A. REYES                                                   *
 *                                                             *
 *  https://sites.google.com/site/lowdinproject/               *
 *                                                             *
 ***************************************************************
 
 PARSING INPUT... DONE!
 
 LOWDIN IS RUNNING WITH NEXT PARAMETERS: 
 ----------------------------------------
 
         METHOD TYPE:  UHF
         NUMBER OF CORES:     9
         MOLLER PLESSET CORRECTION:      2
         NONELECTRONIC DENSITY GUESS: HCORE
         ELECTRONIC DENSITY GUESS: HCORE
         CRITERIUM OF CONVERGENCE: ENERGY
         NONELECTRONIC ENERGY TOLERANCE IN SCFs:     0.10000E-07
         ELECTRONIC ENERGY TOLERANCE IN SCFs:     0.10000E-07
         TOTAL ENERGY TOLERANCE IN SCFs:     0.10000E-07
         SCHEME OF ITERATION: GLOBAL ITERATIONS
         SCF MAX. SUBITERATIONS - NONELECTRONS :     1
         SCF MAX. SUBITERATIONS - ELECTRONS :     1
         SCF MAX. ITERATIONS - INTERSPECIES :   200
         INTEGRAL STORAGE: DISK
         STACK SIZE FOR ERIS : 30000
         METHOD OF SCF CONVERGENCE: DAMPING
 
  MOLECULAR SYSTEM: c_step_18
 -----------------
 
    DESCRIPTION   : c_step_18
    CHARGE        :   0
    PUNTUAL GROUP : NONE
 
 
  INFORMATION OF PARTICLES :
 =========================
         Total number of particles   =      15
         Number of quantum particles =      13
         Number of puntual charges   =       2
         Number of quantum species   =       2
 
                 INFORMATION OF QUANTUM SPECIES 
    ----------------------------------------------------------------------
         ID      Symbol            mass     charge      omega     spin     multiplicity
    ----------------------------------------------------------------------
         1        E-ALPHA         1.0000     -1.00      0.00      0.50      2.00
         2         E-BETA         1.0000     -1.00      0.00      0.50      2.00
 
                   CONSTANTS OF COUPLING 
      ------------------------------------------------------------
              Symbol      kappa        eta     lambda occupation
      ------------------------------------------------------------
             E-ALPHA      -1.00       1.00       1.00       7.00
              E-BETA      -1.00       1.00       1.00       6.00
 
                   BASIS SET FOR SPECIES 
      ------------------------------------------------------------
           Symbol          N. Basis     N. Particles     Basis Set
      ------------------------------------------------------------
            E-ALPHA           28                7     AUG-CC-PVT
             E-BETA           28                6     AUG-CC-PVT
 
                                ATOMIC BASIS
         ------------------------------------------------------------
          PRIMITIVE   SHELL             EXPONENT         COEFFICIENT 
         ------------------------------------------------------------
 
    BEGIN DESCRIPTION OF BASIS FOR: E-ALP
    ==============================
 
 
             C BASIS SET:    AUG-CC-PVTZ
             1         S             8236.00000000          0.00053100
             2         S             1235.00000000          0.00410800
             3         S              280.80000000          0.02108700
             4         S               79.27000000          0.08185300
             5         S               25.59000000          0.23481700
             6         S                8.99700000          0.43440100
             7         S                3.31900000          0.34612900
             8         S                0.36430000         -0.00898300
             1         S             8236.00000000         -0.00011300
             2         S             1235.00000000         -0.00087800
             3         S              280.80000000         -0.00454000
             4         S               79.27000000         -0.01813300
             5         S               25.59000000         -0.05576000
             6         S                8.99700000         -0.12689500
             7         S                3.31900000         -0.17035200
             8         S                0.36430000          0.59868400
             1         S                0.90590000          1.00000000
             1         S                0.12850000          1.00000000
             1         S                0.04402000          1.00000000
             1         P               18.71000000          0.01403100
             2         P                4.13300000          0.08686600
             3         P                1.20000000          0.29021600
             1         P                0.38270000          1.00000000
             1         P                0.12090000          1.00000000
             1         P                0.03569000          1.00000000
             1         D                1.09700000          1.00000000
             1         D                0.31800000          1.00000000
             1         D                0.10000000          1.00000000
             1         F                0.76100000          1.00000000
             1         F                0.26800000          1.00000000
 
             C BASIS SET:    AUG-CC-PVTZ
             1         S             8236.00000000          0.00053100
             2         S             1235.00000000          0.00410800
             3         S              280.80000000          0.02108700
             4         S               79.27000000          0.08185300
             5         S               25.59000000          0.23481700
             6         S                8.99700000          0.43440100
             7         S                3.31900000          0.34612900
             8         S                0.36430000         -0.00898300
             1         S             8236.00000000         -0.00011300
             2         S             1235.00000000         -0.00087800
             3         S              280.80000000         -0.00454000
             4         S               79.27000000         -0.01813300
             5         S               25.59000000         -0.05576000
             6         S                8.99700000         -0.12689500
             7         S                3.31900000         -0.17035200
             8         S                0.36430000          0.59868400
             1         S                0.90590000          1.00000000
             1         S                0.12850000          1.00000000
             1         S                0.04402000          1.00000000
             1         P               18.71000000          0.01403100
             2         P                4.13300000          0.08686600
             3         P                1.20000000          0.29021600
             1         P                0.38270000          1.00000000
             1         P                0.12090000          1.00000000
             1         P                0.03569000          1.00000000
             1         D                1.09700000          1.00000000
             1         D                0.31800000          1.00000000
             1         D                0.10000000          1.00000000
             1         F                0.76100000          1.00000000
             1         F                0.26800000          1.00000000
    ... END DESCRIPTION OF BASIS
 
 
  END INFORMATION OF PARTICLES
 
 
  INFORMATION OF THE QUANTUM SYSTEM 
     ---------------------------------------------------------------------
                 ID     Occupied Orbitals     Basis size
     ---------------------------------------------------------------------
            E-ALPHA            7              110
             E-BETA            6              110
 
  END INFORMATION OF QUANTUM SYSTEM
 
                       INITIAL GEOMETRY: AMSTRONG
                 -----------------------------------
                       <x>                 <y>                 <z>
  E-ALPHAC        0.0000000000        0.0000000000        0.0000000000
  E-ALPHAC        0.0000000000        0.0000000000       10.5000000000
         C        0.0000000000        0.0000000000        0.0000000000
         C        0.0000000000        0.0000000000       10.5000000000
 
                     MATRIX OF DISTANCE: ANGSTROM
                 -----------------------------------
                          C(1)           C(2)      
 
        C(1)             0.000000      10.500000
        C(2)            10.500000       0.000000
 
--------------------------------------------------------------------------------
** PROGRAM: SCF (Hartree Fock).     Author: S.A. Gonzalez, E. Posada, F. Moncada
--------------------------------------------------------------------------------
INFO: RUNNING IN UHF MODE.
 
----------------------------------------------------------------------
** PROGRAM INTS                          Author: E. F. Posada, 2013   
----------------------------------------------------------------------
INFO: RUNNING IN ONE_PARTICLE MODE.
 
 Number of Overlap integrals for species E-ALPHA:  12100
 Number of Overlap integrals for species E-BETA:  12100
 Number of Kinetic integrals for species E-ALPHA:  12100
 Number of Kinetic integrals for species E-BETA:  12100
 Number of Nuclear integrals for species E-ALPHA:  12100
 Number of Nuclear integrals for species E-BETA:  12100
 Number of Moment integrals for species E-ALPHA:  36300
 Number of Moment integrals for species E-BETA:  36300
 
** TOTAL CPU Time INTS :      0.661 (s)
** TOTAL Elapsed Time INTS :      0.246 (s)
 
       Usign  HCORE density guess for species:    E-ALPHA
     number of    E-ALPHA     particles in guess density matrix:     7.000000
       Usign  HCORE density guess for species:     E-BETA
     number of     E-BETA     particles in guess density matrix:     6.000000
 Number of unique integrals for species: 1 = 1183547
 Number of unique integrals for species: 1 / 2 = 2363962 Screened: 43435
 
 TWO-BODY INTEGRAL SETUP: 
------------------------- 
 Storage:   DISK
 Scheme: LIBINT
 Stack size:  30000
 
 LIBINT library, Fermann, J. T.; Valeev, F. L. 2010                   
 LOWDIN-LIBINT Implementation V. 2.1  Posada E. F. ; Reyes A. 2016   
 ----------------------------------------------------------------------

*** TOTAL CPU time intra-species integrals :      1.116 (s)
*** TOTAL elapsed time intra-species integrals :      0.170 (s)


*** TOTAL CPU time inter-species integrals :      2.430 (s)
*** TOTAL elapsed time inter-species integrals :      0.347 (s)

INFO: RUNNING SCHEME SIMULTANEOUS
 
 Begin Multi-Species SCF calculation:
 
 --------------------------------------------------------------------------------------------------
      Iteration                   Energy            Energy Change           Density Change
 --------------------------------------------------------------------------------------------------
              1         -66.681607506058          66.681607506058           0.176292621719
              2         -70.285280113085           3.603672607027           0.155349753424
              3         -74.681966959815           4.396686846730           0.024950357258
              4         -75.010106306051           0.328139346236           0.003227344263
              5         -75.109032453264           0.098926147213           0.002106493672
              6         -75.117724704688           0.008692251424           0.001227863732
              7         -75.117589962490          -0.000134742198           0.001763405479
              8         -75.108468019094          -0.009121943397           0.000781400654
              9         -75.124823146753           0.016355127660           0.004969490433
             10         -75.220862724862           0.096039578108           0.003393147444
             11         -75.327648269591           0.106785544729           0.002569083789
             12         -75.357837579406           0.030189309816           0.001163017910
             13         -75.364684137650           0.006846558244           0.000580707811
             14         -75.366274121909           0.001589984259           0.000366863039
             15         -75.366987250116           0.000713128208           0.000285751727
             16         -75.367399774212           0.000412524095           0.000226779911
             17         -75.367665332733           0.000265558521           0.000186665609
             18         -75.367843091841           0.000177759108           0.000154633132
             19         -75.367964575373           0.000121483531           0.000129228843
             20         -75.368048609906           0.000084034533           0.000108394958
             21         -75.368107240406           0.000058630500           0.000091220350
             22         -75.368148410275           0.000041169869           0.000076926636
             23         -75.368177467429           0.000029057153           0.000064980724
             24         -75.368198060758           0.000020593329           0.000054957763
             25         -75.368212705639           0.000014644882           0.000046526708
             26         -75.368223150016           0.000010444376           0.000039419955
             27         -75.368230616518           0.000007466503           0.000033420071
             28         -75.368235964975           0.000005348456           0.000028348248
             29         -75.368239802792           0.000003837817           0.000024056596
             30         -75.368242560685           0.000002757893           0.000020422105
             31         -75.368244545043           0.000001984358           0.000017342062
             32         -75.368245974401           0.000001429358           0.000014730422
             33         -75.368247004983           0.000001030582           0.000012514919
             34         -75.368247748684           0.000000743701           0.000010634731
             35         -75.368248285781           0.000000537097           0.000009038585
             36         -75.368248673946           0.000000388165           0.000007683193
             37         -75.368248954664           0.000000280718           0.000006531969
             38         -75.368249157805           0.000000203141           0.000005553961
             39         -75.368249304898           0.000000147093           0.000004722961
             40         -75.368249411470           0.000000106573           0.000004016766
             41         -75.368249488732           0.000000077261           0.000003416552
             42         -75.368249544778           0.000000056047           0.000002906355
             43         -75.368249585461           0.000000040682           0.000002472628
             44         -75.368249615011           0.000000029550           0.000002103876
             45         -75.368249636490           0.000000021479           0.000001790336
             46         -75.368249652114           0.000000015624           0.000001523720
             47         -75.368249663488           0.000000011374           0.000001296988
             48         -75.368249671776           0.000000008288           0.000001104158
 Total energy converged after  48 global iterations                                                  
 
 ...end Multi-Species SCF calculation
 
 
 Begin SCF calculation by: E-ALPHA
 -------------------------
 
 -----------------------------------------------------------------------------------
 Iteration                   Energy           Density Change         DIIS Error 
 -----------------------------------------------------------------------------------
    1         -35.048253411402           0.070189199552                 -- 
    2         -32.476274603301           0.007804085552                 -- 
    3         -29.201923721082           0.001456354717                 -- 
    4         -29.836142392386           0.000874298578                 -- 
    5         -30.239103523846           0.000376372719                 -- 
    6         -30.109459684148           0.001280707584                 -- 
    7         -30.098019782983           0.000345003455                 -- 
    8         -30.127405117218           0.001330548938                 -- 
    9         -30.432492840659           0.002672759023                 -- 
   10         -30.388713814169           0.000566447647                 -- 
   11         -30.306934370778           0.000695985247                 -- 
   12         -30.361932563712           0.000223844294                 -- 
   13         -30.297309198581           0.000212345970                 -- 
   14         -30.284445827055           0.000143107195                 -- 
   15         -30.260685604221           0.000126035144                 -- 
   16         -30.245254233684           0.000103025310                 -- 
   17         -30.231182803324           0.000087936618                 -- 
   18         -30.219954026208           0.000074257173                 -- 
   19         -30.210501516673           0.000063127004                 -- 
   20         -30.202678692287           0.000053597248                 -- 
   21         -30.196138542780           0.000045558266                 -- 
   22         -30.190672941443           0.000038722823                 -- 
   23         -30.186089981574           0.000032921034                 -- 
   24         -30.182240994208           0.000027989838                 -- 
   25         -30.179002205295           0.000023799015                 -- 
   26         -30.176272865538           0.000020236351                 -- 
   27         -30.173969753615           0.000017207531                 -- 
   28         -30.172024129370           0.000014632340                 -- 
   29         -30.170378914735           0.000012442753                 -- 
   30         -30.168986586919           0.000010580970                 -- 
   31         -30.167807453625           0.000008997883                 -- 
   32         -30.166808280804           0.000007651751                 -- 
   33         -30.165961179019           0.000006507094                 -- 
   34         -30.165242699334           0.000005533750                 -- 
   35         -30.164633093693           0.000004706071                 -- 
   36         -30.164115707361           0.000004002255                 -- 
   37         -30.163676477416           0.000003403761                 -- 
   38         -30.163303517175           0.000002894824                 -- 
   39         -30.162986770599           0.000002462041                 -- 
   40         -30.162717723997           0.000002094013                 -- 
   41         -30.162489164880           0.000001781049                 -- 
   42         -30.162294979794           0.000001514908                 -- 
   43         -30.162129984459           0.000001288582                 -- 
   44         -30.161989780838           0.000001096113                 -- 
   45         -30.161870636660           0.000000932434                 -- 
   46         -30.161769383746           0.000000793235                 -- 
   47         -30.161683332119           0.000000674855                 -- 
 
 ... end SCF calculation
 
 Begin SCF calculation by: E-BETA
 -------------------------
 
 -----------------------------------------------------------------------------------
 Iteration                   Energy           Density Change         DIIS Error 
 -----------------------------------------------------------------------------------
    1         -32.178150734372           0.085160553873                 -- 
    2         -29.435565544936           0.017146271707                 -- 
    3         -26.750346347192           0.001770989546                 -- 
    4         -27.239522342252           0.001232195093                 -- 
    5         -27.549819594306           0.000851491013                 -- 
    6         -27.435767889397           0.000482697895                 -- 
    7         -27.441543931393           0.000436397199                 -- 
    8         -27.547137017576           0.003638941495                 -- 
    9         -27.488649400017           0.000720388421                 -- 
   10         -27.612851024832           0.002002636142                 -- 
   11         -27.489313045441           0.000467032663                 -- 
   12         -27.593682009651           0.000356863517                 -- 
   13         -27.584946152243           0.000154517069                 -- 
   14         -27.620519799805           0.000142644531                 -- 
   15         -27.638201588095           0.000100744767                 -- 
   16         -27.657883555705           0.000083640298                 -- 
   17         -27.673311551036           0.000066696514                 -- 
   18         -27.686870601713           0.000054971670                 -- 
   19         -27.698219716941           0.000045267953                 -- 
   20         -27.707873427317           0.000037623103                 -- 
   21         -27.716028962934           0.000031368371                 -- 
   22         -27.722936988778           0.000026257900                 -- 
   23         -27.728784944666           0.000022036730                 -- 
   24         -27.733739450919           0.000018536870                 -- 
   25         -27.737938344339           0.000015620939                 -- 
   26         -27.741498571834           0.000013183720                 -- 
   27         -27.744518395196           0.000011140716                 -- 
   28         -27.747080744412           0.000009424256                 -- 
   29         -27.749255570150           0.000007979351                 -- 
   30         -27.751101960966           0.000006761092                 -- 
   31         -27.752669863327           0.000005732540                 -- 
   32         -27.754001533212           0.000004863168                 -- 
   33         -27.755132744762           0.000004127637                 -- 
   34         -27.756093803877           0.000003504835                 -- 
   35         -27.756910397902           0.000002977121                 -- 
   36         -27.757604309695           0.000002529714                 -- 
   37         -27.758194018490           0.000002150200                 -- 
   38         -27.758695206280           0.000001828137                 -- 
   39         -27.759121185109           0.000001554725                 -- 
   40         -27.759483258016           0.000001322539                 -- 
   41         -27.759791024240           0.000001125306                 -- 
   42         -27.760052637491           0.000000957720                 -- 
   43         -27.760275024670           0.000000815293                 -- 
   44         -27.760464071208           0.000000694223                 -- 
   45         -27.760624778183           0.000000591287                 -- 
   46         -27.760761395594           0.000000503753                 -- 
   47         -27.760877535434           0.000000429303                 -- 
 
 ... end SCF calculation
 
  EIGENVALUES AND EIGENVECTORS: 
 ==============================
 
 
  Eigenvalues for: E-ALPHA
 -----------------
 
    1         -11.295998959217
    2         -10.972285809182
    3          -0.779097975411
    4          -0.388528913093
    5          -0.388528712763
    6          -0.336279075882
    7          -0.039897419912
    8           0.067976013178
    9           0.115258761731
   10           0.139468478789
   11           0.139475628655
   12           0.168118011371
   13           0.230233317484
   14           0.231099460535
   15           0.231352278763
   16           0.255348370779
   17           0.349884761596
   18           0.354383695399
   19           0.354383695719
   20           0.354984254175
   21           0.354986739071
   22           0.358344334237
   23           0.414977992523
   24           0.415001764952
   25           0.455658157015
   26           0.455659916699
   27           0.494507109993
   28           0.519929811166
   29           0.528873443530
   30           0.528897307408
   31           0.536694548442
   32           0.544852703448
   33           0.544855066763
   34           0.655242437828
   35           0.732798264595
   36           0.732937355943
   37           1.068385494563
   38           1.068385494771
   39           1.083858116585
   40           1.083859010885
   41           1.087676393670
   42           1.118534750444
   43           1.130641425267
   44           1.132032603925
   45           1.132033525006
   46           1.137254162965
   47           1.137254163121
   48           1.144480643503
   49           1.144480643504
   50           1.166502356056
   51           1.166504059353
   52           1.194536841811
   53           1.351259601776
   54           1.358373517120
   55           1.365418063908
   56           1.365430594081
   57           1.370455636547
   58           1.373822520313
   59           1.373833427908
   60           1.381276879307
   61           1.381277363324
   62           1.393540053248
   63           1.393540076192
   64           1.410233135788
   65           1.410233494806
   66           1.416970006087
   67           1.472510437091
   68           1.472670735132
   69           1.914943989702
   70           2.121133554161
   71           3.077200357176
   72           3.077200956813
   73           3.094599506319
   74           3.368030106509
   75           3.417803900244
   76           3.417942921843
   77           3.427109549644
   78           3.427109549693
   79           3.433338463586
   80           3.433338683219
   81           3.435772230829
   82           3.483226332165
   83           3.485578799751
   84           3.485579122453
   85           3.492696366026
   86           3.492696366057
   87           3.504642113130
   88           3.504642113130
   89           3.755805514959
   90           3.769109552046
   91           3.769119525473
   92           3.795981306538
   93           3.800002066635
   94           3.800010957695
   95           3.812247932641
   96           3.812248048970
   97           3.812740954334
   98           3.812741209787
   99           3.833703073596
  100           3.833703077546
  101           6.116268416054
  102           6.416672663230
  103           7.269383305971
  104           7.297376191350
  105           7.297377285231
  106           7.538628769053
  107           7.549480203079
  108           7.551014078405
  109           8.498075066480
  110           8.797000486212
 
 
  Eigenvalues for: E-BETA
 -----------------
 
    1         -11.250990964227
    2         -10.991260111021
    3          -0.533738289175
    4          -0.450010063583
    5          -0.076726826157
    6          -0.076702259635
    7           0.087538478104
    8           0.110633969340
    9           0.110638848640
   10           0.121935363115
   11           0.183899819057
   12           0.217679731151
   13           0.217679917182
   14           0.227485554113
   15           0.231451009260
   16           0.249214548530
   17           0.249523040340
   18           0.359947315699
   19           0.366037292182
   20           0.366039637676
   21           0.375968939525
   22           0.375968939538
   23           0.377319196972
   24           0.400207905602
   25           0.509496934053
   26           0.513457254773
   27           0.513487657217
   28           0.516181012483
   29           0.530927854035
   30           0.530955413951
   31           0.539807839802
   32           0.539811811249
   33           0.540776193688
   34           0.643095770487
   35           0.643358529301
   36           0.720821811326
   37           1.129609273030
   38           1.141772893817
   39           1.141773780712
   40           1.142453828588
   41           1.146972452941
   42           1.146973359595
   43           1.157775960983
   44           1.157775961110
   45           1.165074435958
   46           1.175153874693
   47           1.175153874693
   48           1.177093867301
   49           1.177093867520
   50           1.214364665160
   51           1.253399484749
   52           1.253401402092
   53           1.311224686412
   54           1.311225556904
   55           1.334449321362
   56           1.356343757506
   57           1.356343776955
   58           1.358639369645
   59           1.358645426456
   60           1.369174979214
   61           1.369175496832
   62           1.375662682910
   63           1.375664281215
   64           1.376589698661
   65           1.379343272173
   66           1.403605818987
   67           1.403818477478
   68           1.461771625631
   69           1.928952103374
   70           2.112711107337
   71           3.115081973029
   72           3.166236729801
   73           3.166237533726
   74           3.355154165952
   75           3.355318702146
   76           3.405108944200
   77           3.492508053895
   78           3.508345166733
   79           3.508345511874
   80           3.519825621297
   81           3.526720396848
   82           3.526720753510
   83           3.547590378976
   84           3.547590379004
   85           3.559344000476
   86           3.559344000524
   87           3.584253396496
   88           3.584253396496
   89           3.714409610485
   90           3.714409896509
   91           3.755893194545
   92           3.755893810227
   93           3.767771323908
   94           3.767771327995
   95           3.770922644717
   96           3.786657216360
   97           3.786657342018
   98           3.798536580734
   99           3.798541197770
  100           3.802635299316
  101           6.157844711134
  102           6.398108940596
  103           7.276602556783
  104           7.316999590642
  105           7.317001299378
  106           7.535726942959
  107           7.537328395780
  108           7.544749384422
  109           8.527632590496
  110           8.783821317752
 
  end of eigenvalues 
 
  Occupied Eigenvectors for: E-ALPHA
 --------------------------- 
 
                         -11.2960       -10.9723        -0.7791        -0.3885        -0.3885   
 
    1      C     S       0.000001      -0.976026      -0.000004       0.000000      -0.000000
    2      C     S       0.000001       0.007675      -0.000007       0.000000      -0.000000
    3      C     S       0.000008      -0.044186      -0.000021       0.000000      -0.000000
    4      C     S      -0.000033       0.015545       0.000075      -0.000000       0.000000
    5      C     S      -0.000020       0.002983       0.000067      -0.000000       0.000000
    6      C    Px      -0.000000       0.000000      -0.000000      -0.000001       0.000002
    7      C    Py      -0.000000       0.000000      -0.000000      -0.000002      -0.000001
    8      C    Pz      -0.000004      -0.000000       0.000006      -0.000000       0.000000
    9      C    Px       0.000000       0.000000       0.000000       0.000002      -0.000003
   10      C    Py       0.000000       0.000000       0.000000       0.000002       0.000002
   11      C    Pz       0.000013      -0.000001      -0.000012       0.000000      -0.000000
   12      C    Px       0.000000       0.000000       0.000000       0.000014      -0.000023
   13      C    Py       0.000000      -0.000000       0.000000       0.000023       0.000014
   14      C    Pz       0.000022      -0.000001      -0.000073       0.000000      -0.000000
   15      C    Px      -0.000000      -0.000000      -0.000000      -0.000008       0.000012
   16      C    Py      -0.000000       0.000000      -0.000000      -0.000012      -0.000008
   17      C    Pz      -0.000008       0.000000       0.000036      -0.000000       0.000000
   18      C   Dxx       0.000002      -0.003208      -0.000003       0.000000      -0.000000
   19      C   Dxy      -0.000000       0.001082      -0.000000      -0.000000       0.000000
   20      C   Dxz      -0.000000       0.000000      -0.000000      -0.000000       0.000000
   21      C   Dyy       0.000002      -0.002304      -0.000003       0.000000      -0.000000
   22      C   Dyz      -0.000000       0.000000      -0.000000      -0.000000      -0.000000
   23      C   Dzz       0.000002      -0.001716      -0.000003       0.000000       0.000000
   24      C   Dxx       0.000011      -0.007523      -0.000027       0.000000      -0.000000
   25      C   Dxy       0.000000      -0.000032      -0.000000      -0.000000       0.000000
   26      C   Dxz      -0.000000      -0.000000      -0.000000       0.000000      -0.000000
   27      C   Dyy       0.000011      -0.007550      -0.000027       0.000000      -0.000000
   28      C   Dyz       0.000000      -0.000000       0.000000       0.000000       0.000000
   29      C   Dzz       0.000012      -0.007567      -0.000027       0.000000      -0.000000
   30      C   Dxx       0.000011      -0.002665      -0.000033       0.000000      -0.000000
   31      C   Dxy      -0.000000       0.000116      -0.000000      -0.000000       0.000000
   32      C   Dxz      -0.000000       0.000000      -0.000000      -0.000000       0.000000
   33      C   Dyy       0.000011      -0.002568      -0.000033       0.000000      -0.000000
   34      C   Dyz      -0.000000       0.000000      -0.000000      -0.000000      -0.000000
   35      C   Dzz       0.000011      -0.002505      -0.000033       0.000000      -0.000000
   36      C  Fxxx      -0.000000      -0.000000      -0.000000      -0.000002       0.000003
   37      C  Fxxy      -0.000000      -0.000000      -0.000000      -0.000001      -0.000001
   38      C  Fxxz      -0.000003       0.000000       0.000005      -0.000000       0.000000
   39      C  Fxyy      -0.000000      -0.000000      -0.000000      -0.000001       0.000001
   40      C  Fxyz      -0.000000       0.000000       0.000000      -0.000000      -0.000000
   41      C  Fxzz      -0.000000      -0.000000      -0.000000      -0.000001       0.000001
   42      C  Fyyy      -0.000000      -0.000000      -0.000000      -0.000003      -0.000002
   43      C  Fyyz      -0.000003       0.000000       0.000005      -0.000000       0.000000
   44      C  Fyzz      -0.000000      -0.000000      -0.000000      -0.000001      -0.000001
   45      C  Fzzz      -0.000008       0.000001       0.000011      -0.000000       0.000000
   46      C  Fxxx      -0.000000      -0.000000      -0.000000      -0.000006       0.000010
   47      C  Fxxy      -0.000000       0.000000      -0.000000      -0.000004      -0.000003
   48      C  Fxxz      -0.000006       0.000000       0.000015      -0.000000       0.000000
   49      C  Fxyy      -0.000000      -0.000000      -0.000000      -0.000003       0.000004
   50      C  Fxyz       0.000000       0.000000      -0.000000       0.000000      -0.000000
   51      C  Fxzz      -0.000000      -0.000000      -0.000000      -0.000003       0.000004
   52      C  Fyyy      -0.000000       0.000000      -0.000000      -0.000010      -0.000006
   53      C  Fyyz      -0.000006       0.000000       0.000015      -0.000000       0.000000
   54      C  Fyzz      -0.000000       0.000000      -0.000000      -0.000004      -0.000003
   55      C  Fzzz      -0.000013       0.000001       0.000033      -0.000000       0.000000
   56      C     S      -0.974578       0.000001       0.004293       0.000000      -0.000000
   57      C     S       0.005273       0.000002      -0.582379       0.000000       0.000000
   58      C     S      -0.048302       0.000009      -0.153917       0.000000       0.000000
   59      C     S       0.014144      -0.000036      -0.344935      -0.000000      -0.000000
   60      C     S       0.002838      -0.000021      -0.025681      -0.000000      -0.000000
   61      C    Px       0.000000       0.000000      -0.000000       0.193962      -0.308832
   62      C    Py       0.000000       0.000000      -0.000000       0.308832       0.193962
   63      C    Pz       0.000067       0.000004       0.000102      -0.000000      -0.000000
   64      C    Px      -0.000000      -0.000000      -0.000000       0.256776      -0.408848
   65      C    Py      -0.000000      -0.000000      -0.000000       0.408847       0.256777
   66      C    Pz      -0.000114      -0.000014       0.000437      -0.000000      -0.000000
   67      C    Px      -0.000000      -0.000000       0.000000       0.152497      -0.242810
   68      C    Py      -0.000000      -0.000000       0.000000       0.242811       0.152497
   69      C    Pz      -0.000053      -0.000024      -0.001223      -0.000000      -0.000000
   70      C    Px       0.000000       0.000000       0.000000       0.011823      -0.018824
   71      C    Py       0.000000       0.000000       0.000000       0.018825       0.011822
   72      C    Pz       0.000007       0.000009      -0.000223      -0.000000      -0.000000
   73      C   Dxx      -0.002072       0.000002      -0.012426      -0.000000       0.000000
   74      C   Dxy       0.000000       0.000000       0.000000      -0.000000       0.000000
   75      C   Dxz       0.000000       0.000000       0.000000      -0.000073       0.000116
   76      C   Dyy      -0.002072       0.000002      -0.012426      -0.000000      -0.000000
   77      C   Dyz       0.000000       0.000000       0.000000      -0.000116      -0.000073
   78      C   Dzz      -0.000112       0.000002       0.009062       0.000000       0.000000
   79      C   Dxx      -0.006984       0.000012      -0.020338       0.000000       0.000000
   80      C   Dxy      -0.000000      -0.000000      -0.000000      -0.000000       0.000000
   81      C   Dxz       0.000000       0.000000       0.000000       0.000149      -0.000237
   82      C   Dyy      -0.006984       0.000012      -0.020338       0.000000      -0.000000
   83      C   Dyz       0.000000       0.000000       0.000000       0.000237       0.000149
   84      C   Dzz      -0.006718       0.000013       0.020020      -0.000000       0.000000
   85      C   Dxx      -0.002430       0.000012       0.007688       0.000000       0.000000
   86      C   Dxy      -0.000000       0.000000      -0.000000      -0.000000       0.000000
   87      C   Dxz       0.000000       0.000000       0.000000       0.001284      -0.002045
   88      C   Dyy      -0.002430       0.000012       0.007687       0.000000      -0.000000
   89      C   Dyz       0.000000       0.000000       0.000000       0.002045       0.001285
   90      C   Dzz      -0.002357       0.000012       0.018828      -0.000000       0.000000
   91      C  Fxxx       0.000000       0.000000      -0.000000       0.007628      -0.012145
   92      C  Fxxy       0.000000       0.000000      -0.000000       0.005431       0.003411
   93      C  Fxxz       0.000020       0.000004      -0.000047      -0.000000       0.000000
   94      C  Fxyy       0.000000       0.000000      -0.000000       0.003411      -0.005431
   95      C  Fxyz       0.000000       0.000000      -0.000000      -0.000000       0.000000
   96      C  Fxzz       0.000000       0.000000      -0.000000       0.002754      -0.004385
   97      C  Fyyy       0.000000       0.000000      -0.000000       0.012145       0.007628
   98      C  Fyyz       0.000020       0.000004      -0.000047      -0.000000      -0.000000
   99      C  Fyzz       0.000000       0.000000      -0.000000       0.004385       0.002754
  100      C  Fzzz       0.000045       0.000008      -0.000113      -0.000000      -0.000000
  101      C  Fxxx       0.000000       0.000000      -0.000000       0.013870      -0.022084
  102      C  Fxxy       0.000000       0.000000      -0.000000       0.009876       0.006202
  103      C  Fxxz       0.000022       0.000006      -0.000216      -0.000000       0.000000
  104      C  Fxyy       0.000000       0.000000      -0.000000       0.006203      -0.009876
  105      C  Fxyz       0.000000      -0.000000       0.000000      -0.000000       0.000000
  106      C  Fxzz       0.000000       0.000000       0.000000       0.005130      -0.008169
  107      C  Fyyy       0.000000       0.000000      -0.000000       0.022084       0.013870
  108      C  Fyyz       0.000022       0.000006      -0.000216      -0.000000      -0.000000
  109      C  Fyzz       0.000000       0.000000       0.000000       0.008169       0.005130
  110      C  Fzzz       0.000051       0.000014      -0.000213      -0.000000      -0.000000
 
                          -0.3363        -0.0399   
 
    1      C     S       0.014009       0.000000
    2      C     S      -0.507884      -0.000000
    3      C     S      -0.127568      -0.000000
    4      C     S      -0.385942       0.000000
    5      C     S      -0.060699       0.000000
    6      C    Px       0.000000      -0.238957
    7      C    Py       0.000000       0.150076
    8      C    Pz      -0.000026       0.000000
    9      C    Px       0.000000      -0.303857
   10      C    Py       0.000000       0.190835
   11      C    Pz      -0.000038       0.000000
   12      C    Px       0.000000      -0.301436
   13      C    Py       0.000000       0.189315
   14      C    Pz      -0.000050       0.000000
   15      C    Px       0.000000      -0.220425
   16      C    Py       0.000000       0.138437
   17      C    Pz      -0.000018       0.000000
   18      C   Dxx      -0.014907       0.000000
   19      C   Dxy       0.015705       0.000000
   20      C   Dxz       0.000000      -0.000006
   21      C   Dyy      -0.001793      -0.000000
   22      C   Dyz       0.000000       0.000004
   23      C   Dzz       0.006746      -0.000000
   24      C   Dxx      -0.037564      -0.000000
   25      C   Dxy       0.038003      -0.000000
   26      C   Dxz       0.000000       0.000001
   27      C   Dyy      -0.005831       0.000000
   28      C   Dyz       0.000000      -0.000000
   29      C   Dzz       0.014835      -0.000000
   30      C   Dxx      -0.030336       0.000000
   31      C   Dxy       0.024673       0.000000
   32      C   Dxz       0.000000      -0.000069
   33      C   Dyy      -0.009733      -0.000000
   34      C   Dyz       0.000000       0.000043
   35      C   Dzz       0.003672      -0.000000
   36      C  Fxxx       0.000000      -0.014763
   37      C  Fxxy      -0.000000       0.010750
   38      C  Fxxz      -0.000000       0.000000
   39      C  Fxyy      -0.000000      -0.007566
   40      C  Fxyz       0.000000       0.000000
   41      C  Fxzz      -0.000000      -0.001346
   42      C  Fyyy      -0.000000       0.004801
   43      C  Fyyz       0.000000      -0.000000
   44      C  Fyzz      -0.000000       0.000845
   45      C  Fzzz       0.000002       0.000000
   46      C  Fxxx       0.000000      -0.021907
   47      C  Fxxy      -0.000000       0.021066
   48      C  Fxxz       0.000000       0.000000
   49      C  Fxyy      -0.000000      -0.011973
   50      C  Fxyz       0.000004       0.000000
   51      C  Fxzz      -0.000000       0.002068
   52      C  Fyyy      -0.000000       0.003662
   53      C  Fyyz       0.000003      -0.000000
   54      C  Fyzz      -0.000000      -0.001299
   55      C  Fzzz       0.000009      -0.000000
   56      C     S       0.000000      -0.000000
   57      C     S       0.000001       0.000000
   58      C     S       0.000000      -0.000000
   59      C     S       0.000004       0.000000
   60      C     S      -0.000011       0.000000
   61      C    Px       0.000000      -0.000007
   62      C    Py       0.000000       0.000004
   63      C    Pz      -0.000001      -0.000000
   64      C    Px       0.000000       0.000024
   65      C    Py       0.000000      -0.000015
   66      C    Pz       0.000002      -0.000000
   67      C    Px       0.000000       0.000479
   68      C    Py       0.000000      -0.000301
   69      C    Pz       0.000011       0.000000
   70      C    Px       0.000000      -0.000395
   71      C    Py       0.000000       0.000248
   72      C    Pz      -0.000005       0.000000
   73      C   Dxx      -0.000000      -0.000000
   74      C   Dxy       0.000000      -0.000000
   75      C   Dxz      -0.000000       0.000001
   76      C   Dyy      -0.000000       0.000000
   77      C   Dyz      -0.000000      -0.000001
   78      C   Dzz      -0.000000      -0.000000
   79      C   Dxx      -0.000000      -0.000000
   80      C   Dxy      -0.000000      -0.000000
   81      C   Dxz       0.000000      -0.000006
   82      C   Dyy      -0.000000       0.000000
   83      C   Dyz       0.000000       0.000004
   84      C   Dzz       0.000000      -0.000000
   85      C   Dxx       0.000003       0.000000
   86      C   Dxy       0.000000       0.000000
   87      C   Dxz      -0.000000       0.000020
   88      C   Dyy       0.000003      -0.000000
   89      C   Dyz      -0.000000      -0.000012
   90      C   Dzz       0.000002      -0.000000
   91      C  Fxxx       0.000000      -0.000036
   92      C  Fxxy       0.000000       0.000010
   93      C  Fxxz      -0.000001       0.000000
   94      C  Fxyy       0.000000      -0.000016
   95      C  Fxyz       0.000000       0.000000
   96      C  Fxzz       0.000000      -0.000016
   97      C  Fyyy       0.000000       0.000023
   98      C  Fyyz      -0.000001      -0.000000
   99      C  Fyzz       0.000000       0.000010
  100      C  Fzzz      -0.000002      -0.000000
  101      C  Fxxx       0.000000      -0.000170
  102      C  Fxxy       0.000000       0.000048
  103      C  Fxxz      -0.000002      -0.000000
  104      C  Fxyy       0.000000      -0.000076
  105      C  Fxyz      -0.000000      -0.000000
  106      C  Fxzz       0.000000      -0.000077
  107      C  Fyyy       0.000000       0.000107
  108      C  Fyyz      -0.000002       0.000000
  109      C  Fyzz       0.000000       0.000048
  110      C  Fzzz      -0.000005      -0.000000
 
 
  Occupied Eigenvectors for: E-BETA
 --------------------------- 
 
                         -11.2510       -10.9913        -0.5337        -0.4500        -0.0767   
 
    1      C     S      -0.000001       0.975233       0.000000       0.012424       0.000000
    2      C     S      -0.000001      -0.006117       0.000002      -0.529497       0.000000
    3      C     S      -0.000008       0.046551       0.000003      -0.134038       0.000000
    4      C     S       0.000033      -0.014714      -0.000008      -0.380414       0.000000
    5      C     S       0.000020      -0.002924      -0.000006      -0.045905      -0.000000
    6      C    Px       0.000000      -0.000000      -0.000000      -0.000000       0.162687
    7      C    Py       0.000000      -0.000000      -0.000000      -0.000000       0.259037
    8      C    Pz       0.000004       0.000001       0.000000       0.000031       0.000000
    9      C    Px      -0.000000       0.000000      -0.000000      -0.000000       0.210797
   10      C    Py      -0.000000       0.000000       0.000000      -0.000000       0.335640
   11      C    Pz      -0.000013      -0.000003       0.000003       0.000044       0.000000
   12      C    Px      -0.000000       0.000000       0.000000       0.000000       0.197252
   13      C    Py      -0.000000       0.000000       0.000000       0.000000       0.314073
   14      C    Pz      -0.000022      -0.000001       0.000011      -0.000033       0.000000
   15      C    Px       0.000000      -0.000000      -0.000000       0.000000       0.090629
   16      C    Py       0.000000      -0.000000      -0.000000       0.000000       0.144303
   17      C    Pz       0.000008      -0.000000      -0.000004      -0.000021       0.000000
   18      C   Dxx      -0.000002       0.000998       0.000000       0.006958       0.000000
   19      C   Dxy      -0.000000       0.001150       0.000000      -0.015238      -0.000000
   20      C   Dxz       0.000000       0.000000      -0.000000      -0.000000       0.000000
   21      C   Dyy      -0.000002       0.001958       0.000000      -0.005766       0.000000
   22      C   Dyz       0.000000       0.000000      -0.000000      -0.000000       0.000001
   23      C   Dzz      -0.000002       0.002584       0.000000      -0.014051       0.000000
   24      C   Dxx      -0.000011       0.007180       0.000003       0.017577       0.000000
   25      C   Dxy       0.000000      -0.000002       0.000000      -0.035074       0.000000
   26      C   Dxz       0.000000       0.000000       0.000000      -0.000000      -0.000004
   27      C   Dyy      -0.000011       0.007178       0.000003      -0.011710       0.000000
   28      C   Dyz      -0.000000       0.000000      -0.000000      -0.000000      -0.000006
   29      C   Dzz      -0.000012       0.007177       0.000003      -0.030783      -0.000000
   30      C   Dxx      -0.000011       0.002434       0.000003       0.007559      -0.000000
   31      C   Dxy      -0.000000       0.000106       0.000000      -0.016717      -0.000000
   32      C   Dxz       0.000000      -0.000000      -0.000000       0.000000       0.000039
   33      C   Dyy      -0.000011       0.002523       0.000003      -0.006400      -0.000000
   34      C   Dyz       0.000000      -0.000000      -0.000000       0.000000       0.000062
   35      C   Dzz      -0.000011       0.002580       0.000004      -0.015512       0.000000
   36      C  Fxxx       0.000000      -0.000000      -0.000000      -0.000000       0.001834
   37      C  Fxxy       0.000000      -0.000000      -0.000000      -0.000000       0.005412
   38      C  Fxxz       0.000003       0.000001      -0.000001      -0.000000       0.000000
   39      C  Fxyy       0.000000      -0.000000      -0.000000      -0.000000       0.009338
   40      C  Fxyz      -0.000000       0.000000       0.000000       0.000000       0.000000
   41      C  Fxzz       0.000000      -0.000000      -0.000000      -0.000000       0.004088
   42      C  Fyyy       0.000000      -0.000000      -0.000000      -0.000000       0.009968
   43      C  Fyyz       0.000003       0.000001      -0.000001       0.000000       0.000000
   44      C  Fyzz       0.000000      -0.000000      -0.000000      -0.000000       0.006509
   45      C  Fzzz       0.000007       0.000001      -0.000001       0.000002       0.000000
   46      C  Fxxx       0.000000      -0.000000      -0.000000      -0.000000      -0.003724
   47      C  Fxxy       0.000000      -0.000000      -0.000000      -0.000000       0.006222
   48      C  Fxxz       0.000005       0.000000      -0.000002       0.000007      -0.000000
   49      C  Fxyy       0.000000      -0.000000      -0.000000       0.000000       0.016743
   50      C  Fxyz       0.000000       0.000000       0.000000      -0.000002       0.000000
   51      C  Fxzz       0.000000      -0.000000      -0.000000       0.000000       0.005404
   52      C  Fyyy       0.000000      -0.000000      -0.000000      -0.000000       0.009302
   53      C  Fyyz       0.000005       0.000000      -0.000002       0.000005       0.000000
   54      C  Fyzz       0.000000      -0.000000      -0.000000       0.000000       0.008605
   55      C  Fzzz       0.000012       0.000001      -0.000004       0.000004       0.000000
   56      C     S       0.976510      -0.000001      -0.008707       0.000006      -0.000000
   57      C     S      -0.008944      -0.000002       0.533974       0.000014      -0.000000
   58      C     S       0.042553      -0.000009       0.136390       0.000026      -0.000000
   59      C     S      -0.016075       0.000036       0.391426      -0.000075       0.000000
   60      C     S      -0.002983       0.000021       0.022547      -0.000126       0.000000
   61      C    Px      -0.000000      -0.000000       0.000000       0.000000       0.000007
   62      C    Py      -0.000000      -0.000000       0.000000       0.000000       0.000012
   63      C    Pz      -0.000091      -0.000004       0.002233       0.000006      -0.000000
   64      C    Px       0.000000       0.000000       0.000000       0.000000      -0.000001
   65      C    Py       0.000000       0.000000       0.000000       0.000000      -0.000001
   66      C    Pz       0.000240       0.000014       0.002888      -0.000007      -0.000000
   67      C    Px       0.000000       0.000000       0.000000      -0.000000      -0.000125
   68      C    Py       0.000000       0.000000       0.000000      -0.000000      -0.000199
   69      C    Pz       0.000100       0.000024       0.004178      -0.000097       0.000000
   70      C    Px      -0.000000      -0.000000       0.000000       0.000000       0.000104
   71      C    Py      -0.000000      -0.000000       0.000000       0.000000       0.000165
   72      C    Pz      -0.000013      -0.000009       0.000705       0.000062      -0.000000
   73      C   Dxx       0.002441      -0.000002      -0.003506       0.000004      -0.000000
   74      C   Dxy       0.000000       0.000000       0.000000      -0.000000      -0.000000
   75      C   Dxz       0.000000      -0.000000       0.000000       0.000000      -0.000000
   76      C   Dyy       0.002441      -0.000002      -0.003506       0.000004      -0.000000
   77      C   Dyz       0.000000      -0.000000       0.000000       0.000000      -0.000001
   78      C   Dzz       0.003550      -0.000002       0.015591       0.000004      -0.000000
   79      C   Dxx       0.007955      -0.000012      -0.002491       0.000033      -0.000000
   80      C   Dxy      -0.000000      -0.000000       0.000000       0.000000       0.000000
   81      C   Dxz      -0.000000      -0.000000       0.000000       0.000000       0.000002
   82      C   Dyy       0.007955      -0.000012      -0.002491       0.000033      -0.000000
   83      C   Dyz      -0.000000      -0.000000       0.000000       0.000000       0.000003
   84      C   Dzz       0.007492      -0.000013       0.036824       0.000035      -0.000000
   85      C   Dxx       0.002530      -0.000012       0.002343       0.000054      -0.000000
   86      C   Dxy       0.000000       0.000000       0.000000      -0.000000      -0.000000
   87      C   Dxz       0.000000      -0.000000       0.000000      -0.000000      -0.000007
   88      C   Dyy       0.002530      -0.000012       0.002344       0.000054      -0.000000
   89      C   Dyz       0.000000      -0.000000       0.000000      -0.000000      -0.000010
   90      C   Dzz       0.002701      -0.000012       0.008845       0.000049      -0.000000
   91      C  Fxxx      -0.000000      -0.000000       0.000000       0.000000       0.000010
   92      C  Fxxy      -0.000000      -0.000000       0.000000       0.000000       0.000007
   93      C  Fxxz      -0.000045      -0.000004      -0.000001       0.000005      -0.000000
   94      C  Fxyy      -0.000000      -0.000000       0.000000       0.000000       0.000005
   95      C  Fxyz      -0.000000       0.000000       0.000000      -0.000000       0.000000
   96      C  Fxzz      -0.000000      -0.000000       0.000000       0.000000       0.000005
   97      C  Fyyy      -0.000000      -0.000000       0.000000       0.000000       0.000017
   98      C  Fyyz      -0.000045      -0.000004      -0.000001       0.000005      -0.000000
   99      C  Fyzz      -0.000000      -0.000000       0.000000       0.000000       0.000007
  100      C  Fzzz      -0.000100      -0.000008       0.000189       0.000011      -0.000000
  101      C  Fxxx      -0.000000      -0.000000       0.000000       0.000000       0.000047
  102      C  Fxxy      -0.000000      -0.000000       0.000000       0.000000       0.000034
  103      C  Fxxz      -0.000044      -0.000006      -0.000082       0.000018      -0.000000
  104      C  Fxyy      -0.000000      -0.000000       0.000000       0.000000       0.000021
  105      C  Fxyz       0.000000      -0.000000      -0.000000       0.000000       0.000000
  106      C  Fxzz      -0.000000      -0.000000       0.000000       0.000000       0.000022
  107      C  Fyyy      -0.000000      -0.000000       0.000000       0.000000       0.000075
  108      C  Fyyz      -0.000044      -0.000006      -0.000082       0.000018      -0.000000
  109      C  Fyzz      -0.000000      -0.000000       0.000000       0.000000       0.000034
  110      C  Fzzz      -0.000098      -0.000013       0.000325       0.000040      -0.000000
 
                          -0.0767   
 
    1      C     S      -0.000022
    2      C     S      -0.000092
    3      C     S      -0.000073
    4      C     S      -0.000073
    5      C     S       0.000808
    6      C    Px      -0.000000
    7      C    Py      -0.000000
    8      C    Pz       0.305851
    9      C    Px      -0.000000
   10      C    Py      -0.000000
   11      C    Pz       0.396293
   12      C    Px      -0.000000
   13      C    Py      -0.000000
   14      C    Pz       0.370766
   15      C    Px      -0.000000
   16      C    Py      -0.000000
   17      C    Pz       0.170612
   18      C   Dxx      -0.000008
   19      C   Dxy      -0.000001
   20      C   Dxz      -0.000000
   21      C   Dyy      -0.000008
   22      C   Dyz      -0.000000
   23      C   Dzz      -0.000006
   24      C   Dxx      -0.000058
   25      C   Dxy       0.000000
   26      C   Dxz       0.000000
   27      C   Dyy      -0.000058
   28      C   Dyz       0.000000
   29      C   Dzz      -0.000074
   30      C   Dxx      -0.000226
   31      C   Dxy       0.000008
   32      C   Dxz      -0.000000
   33      C   Dyy      -0.000219
   34      C   Dyz      -0.000000
   35      C   Dzz      -0.000053
   36      C  Fxxx      -0.000000
   37      C  Fxxy      -0.000000
   38      C  Fxxz       0.001546
   39      C  Fxyy      -0.000000
   40      C  Fxyz       0.004457
   41      C  Fxzz      -0.000000
   42      C  Fyyy      -0.000000
   43      C  Fyyz       0.005268
   44      C  Fyzz      -0.000000
   45      C  Fzzz       0.017195
   46      C  Fxxx       0.000000
   47      C  Fxxy      -0.000000
   48      C  Fxxz      -0.003121
   49      C  Fxyy      -0.000000
   50      C  Fxyz       0.009634
   51      C  Fxzz      -0.000000
   52      C  Fyyy      -0.000000
   53      C  Fyyz       0.004924
   54      C  Fyzz      -0.000000
   55      C  Fzzz       0.022747
   56      C     S      -0.000135
   57      C     S      -0.000318
   58      C     S      -0.000498
   59      C     S       0.000834
   60      C     S       0.003799
   61      C    Px      -0.000000
   62      C    Py      -0.000000
   63      C    Pz      -0.000131
   64      C    Px      -0.000000
   65      C    Py      -0.000000
   66      C    Pz      -0.000040
   67      C    Px       0.000000
   68      C    Py       0.000000
   69      C    Pz       0.001898
   70      C    Px      -0.000000
   71      C    Py      -0.000000
   72      C    Pz      -0.001761
   73      C   Dxx      -0.000071
   74      C   Dxy       0.000000
   75      C   Dxz      -0.000000
   76      C   Dyy      -0.000071
   77      C   Dyz      -0.000000
   78      C   Dzz      -0.000063
   79      C   Dxx      -0.000603
   80      C   Dxy      -0.000000
   81      C   Dxz      -0.000000
   82      C   Dyy      -0.000603
   83      C   Dyz      -0.000000
   84      C   Dzz      -0.000656
   85      C   Dxx      -0.001355
   86      C   Dxy       0.000000
   87      C   Dxz       0.000000
   88      C   Dyy      -0.001355
   89      C   Dyz       0.000000
   90      C   Dzz      -0.001186
   91      C  Fxxx      -0.000000
   92      C  Fxxy      -0.000000
   93      C  Fxxz      -0.000068
   94      C  Fxyy      -0.000000
   95      C  Fxyz       0.000000
   96      C  Fxzz      -0.000000
   97      C  Fyyy      -0.000000
   98      C  Fyyz      -0.000068
   99      C  Fyzz      -0.000000
  100      C  Fzzz      -0.000153
  101      C  Fxxx      -0.000000
  102      C  Fxxy      -0.000000
  103      C  Fxxz      -0.000317
  104      C  Fxyy      -0.000000
  105      C  Fxyz      -0.000000
  106      C  Fxzz      -0.000000
  107      C  Fyyy      -0.000000
  108      C  Fyyz      -0.000317
  109      C  Fyzz      -0.000000
  110      C  Fzzz      -0.000730
 
 
  end of eigenvectors 
 
  END OF EIGENVALUES AND EIGENVECTORS
 
 
  COMPONENTS OF KINETIC ENERGY: 
 -----------------------------
 
             E-ALPHA Kinetic energy =           38.420691827314
              E-BETA Kinetic energy =           36.926385111223
                                     _________________________
               Total kinetic energy =           75.347076938538
 
  COMPONENTS OF POTENTIAL ENERGY: 
 -------------------------------
 
          Fixed potential energy    =            1.814321997394
 
  Quantum/Fixed interaction energy: 
 ----------------------------------
 
     E-ALPHA/Fixed interact. energy =          -93.803354974827
      E-BETA/Fixed interact. energy =          -88.328806388849
                                     _________________________
               Total Q/Fixed energy =         -182.132161363676
 
  Coulomb energy: 
 ------------------
 
     E-ALPHA/E-ALPHA Hartree energy =           11.354739677500
       E-BETA/E-BETA Hartree energy =            9.283749411447
      E-ALPHA/E-BETA Hartree energy =           19.259990747671
                                     _________________________
               Total Hartree energy =           39.898479836618
 
  Exchange(HF) energy: 
 ----------------------
 
            E-ALPHA Exchange energy =           -5.393701621011
             E-BETA Exchange energy =           -4.902265465683
                                     _________________________
              Total Exchange energy =          -10.295967086694
 
  TOTAL ENERGY COMPONENTS: 
 ==========================
 
          TOTAL KINETIC ENERGY      =           75.347076938538
          TOTAL POTENTIAL ENERGY    =         -150.715326616358
                                     _________________________
                       TOTAL ENERGY =          -75.368249677820
 
                 VIRIAL RATIO (V/T) =            2.000281002796
 
 
  END ENERGY COMPONENTS
 
 
** TOTAL CPU Time SCF :     38.643 (s)
** TOTAL Elapsed Time SCF :      4.435 (s)
 
 We are calculating properties for E-ALPHA in the HF/KS ground state
 We are calculating properties for E-BETA in the HF/KS ground state
 
  POPULATION ANALYSES: 
 ====================
 
 MULLIKEN Population: for E-        
 ---------------------
 
                          total          spin      
 
    1      C     S       1.950786       0.000886
    2      C     S       0.974139      -0.024726
    3      C     S       0.218181      -0.007120
    4      C     S       0.703403       0.008713
    5      C     S       0.071708       0.011279
    6      C    Px       0.180425       0.067240
    7      C    Py       0.192320      -0.094630
    8      C    Pz       0.200022      -0.200022
    9      C    Px       0.327185       0.123607
   10      C    Py       0.346964      -0.169153
   11      C    Pz       0.359778      -0.359778
   12      C    Px       0.311667       0.133577
   13      C    Py       0.313562      -0.137940
   14      C    Pz       0.314715      -0.314715
   15      C    Px       0.139471       0.088006
   16      C    Py       0.110101      -0.020375
   17      C    Pz       0.091113      -0.091113
   18      C   Dxx       0.005880       0.014276
   19      C   Dxy       0.001164       0.000064
   20      C   Dxz       0.000000       0.000000
   21      C   Dyy       0.005375      -0.002537
   22      C   Dyz       0.000000       0.000000
   23      C   Dzz       0.005628      -0.013452
   24      C   Dxx       0.014934       0.036039
   25      C   Dxy       0.004150       0.000449
   26      C   Dxz      -0.000000       0.000000
   27      C   Dyy       0.011607      -0.003766
   28      C   Dyz      -0.000000       0.000000
   29      C   Dzz       0.011516      -0.029464
   30      C   Dxx       0.009470       0.014413
   31      C   Dxy       0.001844       0.000548
   32      C   Dxz       0.000000       0.000000
   33      C   Dyy       0.005827       0.001325
   34      C   Dyz       0.000000      -0.000000
   35      C   Dzz       0.004388      -0.006928
   36      C  Fxxx       0.009801       0.008347
   37      C  Fxxy       0.005780       0.000620
   38      C  Fxxz       0.000859      -0.000859
   39      C  Fxyy       0.006354       0.000600
   40      C  Fxyz       0.000044      -0.000044
   41      C  Fxzz       0.001834      -0.000622
   42      C  Fyyy       0.008191      -0.004523
   43      C  Fyyz       0.002957      -0.002957
   44      C  Fyzz       0.003353      -0.002875
   45      C  Fzzz       0.013031      -0.013031
   46      C  Fxxx       0.012155       0.014948
   47      C  Fxxy       0.009177       0.003546
   48      C  Fxxz      -0.001640       0.001640
   49      C  Fxyy       0.010480       0.000604
   50      C  Fxyz       0.000117      -0.000117
   51      C  Fxzz       0.000609      -0.002476
   52      C  Fyyy       0.007030      -0.004221
   53      C  Fyyz       0.002621      -0.002621
   54      C  Fyzz       0.003542      -0.004279
   55      C  Fzzz       0.016379      -0.016379
   56      C     S       1.950235      -0.002211
   57      C     S       1.064212       0.052131
   58      C     S       0.243367       0.018190
   59      C     S       0.662955      -0.051264
   60      C     S       0.029926       0.000890
   61      C    Px       0.270327       0.270327
   62      C    Py       0.270327       0.270327
   63      C    Pz       0.000011      -0.000011
   64      C    Px       0.458963       0.458963
   65      C    Py       0.458963       0.458963
   66      C    Pz       0.000021      -0.000022
   67      C    Px       0.216942       0.216942
   68      C    Py       0.216943       0.216943
   69      C    Pz       0.000032      -0.000028
   70      C    Px       0.008074       0.008074
   71      C    Py       0.008074       0.008074
   72      C    Pz       0.000009      -0.000008
   73      C   Dxx       0.006694       0.010520
   74      C   Dxy       0.000000      -0.000000
   75      C   Dxz      -0.000000      -0.000000
   76      C   Dyy       0.006694       0.010520
   77      C   Dyz      -0.000000      -0.000000
   78      C   Dzz       0.004968      -0.016560
   79      C   Dxx       0.011651       0.014376
   80      C   Dxy       0.000000       0.000000
   81      C   Dxz       0.000000       0.000000
   82      C   Dyy       0.011651       0.014376
   83      C   Dyz       0.000000       0.000000
   84      C   Dzz       0.012861      -0.036208
   85      C   Dxx      -0.001558      -0.003133
   86      C   Dxy       0.000000      -0.000000
   87      C   Dxz       0.000006       0.000006
   88      C   Dyy      -0.001558      -0.003133
   89      C   Dyz       0.000006       0.000006
   90      C   Dzz      -0.002167      -0.008429
   91      C  Fxxx       0.011492       0.011492
   92      C  Fxxy       0.003831       0.003831
   93      C  Fxxz       0.000000       0.000000
   94      C  Fxyy       0.003831       0.003831
   95      C  Fxyz      -0.000000       0.000000
   96      C  Fxzz       0.003085       0.003085
   97      C  Fyyy       0.011492       0.011492
   98      C  Fyyz       0.000000       0.000000
   99      C  Fyzz       0.003085       0.003085
  100      C  Fzzz       0.000001      -0.000001
  101      C  Fxxx       0.016966       0.016966
  102      C  Fxxy       0.005655       0.005655
  103      C  Fxxz      -0.000000       0.000001
  104      C  Fxyy       0.005655       0.005655
  105      C  Fxyz       0.000000      -0.000000
  106      C  Fxzz       0.004660       0.004660
  107      C  Fyyy       0.016966       0.016966
  108      C  Fyyz      -0.000000       0.000001
  109      C  Fyzz       0.004660       0.004660
  110      C  Fzzz       0.000003      -0.000002
 
                           __________     __________
              Total =       13.000000       1.000000
 
  Atomic MULLIKEN Population: for E-        
            C                6.999993      -0.999994
            C                6.000007       1.999994
 
 ...end of MULLIKEN Population
 
 
 END POPULATION ANALYSES 
 
 
  POPULATION ANALYSES: 
 ====================
 
 LOWDIN Population: for E-        
 ---------------------
 
                          total          spin      
 
    1      C     S       1.609867       0.000236
    2      C     S       0.562709      -0.008321
    3      C     S       0.397455      -0.006063
    4      C     S       0.321056       0.003471
    5      C     S       0.117157       0.007433
    6      C    Px       0.164823       0.060623
    7      C    Py       0.176537      -0.087597
    8      C    Pz       0.184097      -0.184097
    9      C    Px       0.159819       0.062265
   10      C    Py       0.167902      -0.080857
   11      C    Pz       0.174063      -0.174063
   12      C    Px       0.176070       0.081818
   13      C    Py       0.170728      -0.069592
   14      C    Pz       0.168179      -0.168179
   15      C    Px       0.126249       0.076176
   16      C    Py       0.103418      -0.023624
   17      C    Pz       0.088730      -0.088730
   18      C   Dxx       0.154742       0.012801
   19      C   Dxy       0.001309       0.000073
   20      C   Dxz       0.000000       0.000000
   21      C   Dyy       0.154006      -0.006335
   22      C   Dyz       0.000000       0.000000
   23      C   Dzz       0.154182      -0.018759
   24      C   Dxx       0.149141       0.030069
   25      C   Dxy       0.003869       0.000459
   26      C   Dxz       0.000000       0.000000
   27      C   Dyy       0.145691      -0.002395
   28      C   Dyz       0.000000      -0.000000
   29      C   Dzz       0.145382      -0.023308
   30      C   Dxx       0.029149       0.012147
   31      C   Dxy       0.001980       0.000529
   32      C   Dxz       0.000000       0.000000
   33      C   Dyy       0.026513       0.002117
   34      C   Dyz       0.000000      -0.000000
   35      C   Dzz       0.025791      -0.004153
   36      C  Fxxx       0.100124       0.041507
   37      C  Fxxy       0.048575      -0.020343
   38      C  Fxxz       0.045320      -0.045320
   39      C  Fxyy       0.046622       0.015725
   40      C  Fxyz       0.000050      -0.000050
   41      C  Fxzz       0.042154       0.014542
   42      C  Fyyy       0.104596      -0.051690
   43      C  Fyyz       0.047394      -0.047394
   44      C  Fyzz       0.046176      -0.023803
   45      C  Fzzz       0.112503      -0.112503
   46      C  Fxxx       0.097381       0.047792
   47      C  Fxxy       0.045667      -0.014580
   48      C  Fxxz       0.038267      -0.038267
   49      C  Fxyy       0.046691       0.017681
   50      C  Fxyz       0.000111      -0.000111
   51      C  Fxzz       0.040048       0.015702
   52      C  Fyyy       0.094561      -0.041874
   53      C  Fyyz       0.041122      -0.041122
   54      C  Fyzz       0.041858      -0.019871
   55      C  Fzzz       0.100160      -0.100160
   56      C     S       1.610664      -0.000628
   57      C     S       0.592045       0.015037
   58      C     S       0.417302       0.013329
   59      C     S       0.308280      -0.012434
   60      C     S       0.091737      -0.009274
   61      C    Px       0.251580       0.251580
   62      C    Py       0.251580       0.251580
   63      C    Pz       0.000010      -0.000010
   64      C    Px       0.213176       0.213176
   65      C    Py       0.213176       0.213176
   66      C    Pz       0.000011      -0.000011
   67      C    Px       0.116749       0.116749
   68      C    Py       0.116749       0.116749
   69      C    Pz       0.000015      -0.000013
   70      C    Px       0.020015       0.020015
   71      C    Py       0.020015       0.020015
   72      C    Pz       0.000009      -0.000008
   73      C   Dxx       0.168777       0.017987
   74      C   Dxy       0.000000      -0.000000
   75      C   Dxz       0.000000       0.000000
   76      C   Dyy       0.168777       0.017987
   77      C   Dyz       0.000000       0.000000
   78      C   Dzz       0.167137      -0.010934
   79      C   Dxx       0.141650       0.006966
   80      C   Dxy       0.000000      -0.000000
   81      C   Dxz       0.000001       0.000001
   82      C   Dyy       0.141650       0.006966
   83      C   Dyz       0.000001       0.000001
   84      C   Dzz       0.142016      -0.031614
   85      C   Dxx       0.016511      -0.002451
   86      C   Dxy       0.000000      -0.000000
   87      C   Dxz       0.000006       0.000006
   88      C   Dyy       0.016511      -0.002451
   89      C   Dyz       0.000006       0.000006
   90      C   Dzz       0.016871      -0.008420
   91      C  Fxxx       0.136039       0.136039
   92      C  Fxxy       0.059195       0.059195
   93      C  Fxxz       0.000003      -0.000003
   94      C  Fxyy       0.059195       0.059195
   95      C  Fxyz       0.000000       0.000000
   96      C  Fxzz       0.058494       0.058494
   97      C  Fyyy       0.136039       0.136039
   98      C  Fyyz       0.000003      -0.000003
   99      C  Fyzz       0.058494       0.058494
  100      C  Fzzz       0.000008      -0.000008
  101      C  Fxxx       0.078885       0.078885
  102      C  Fxxy       0.033269       0.033269
  103      C  Fxxz       0.000003      -0.000003
  104      C  Fxyy       0.033269       0.033269
  105      C  Fxyz       0.000000      -0.000000
  106      C  Fxzz       0.032591       0.032591
  107      C  Fyyy       0.078885       0.078885
  108      C  Fyyz       0.000003      -0.000003
  109      C  Fyzz       0.032591       0.032591
  110      C  Fzzz       0.000010      -0.000009
 
                           __________     __________
              Total =       13.000000       1.000000
 
  Atomic LOWDIN Population: for E-        
            C                6.999995      -0.999996
            C                6.000005       1.999996
 
 ...end of LOWDIN Population
 
 
 END POPULATION ANALYSES 
 
 
  EXPECTED POSITIONS OF QUANTUM SPECIES:
 ======================
 
 POSITIONS IN ANGSTROMS
 ------
 
                        <x>      <y>      <z>         
            E-ALPHA  -0.0000  -0.0000  42.0053
             E-BETA   0.0000   0.0000  21.0099
 
 END EXPECTED POSITIONS
 
 
  ELECTROSTATIC MOMENTS:
 ======================
 
 
 DIPOLE: (A.U.)
 ------
 
                           <Dx>         <Dy>         <Dz>          |D|
            E-ALPHA   0.00000000   0.00000000 -79.37860135
             E-BETA  -0.00000000  -0.00000000 -39.70287109
    Point charges:    0.00000000   0.00000000 119.05273723
                     ____________________________
      Total Dipole:   0.00000000   0.00000000  -0.02873522   0.02873522
 
 DIPOLE: (DEBYE)
 ------
 
                           <Dx>         <Dy>         <Dz>          |D|
            E-ALPHA   0.00000000   0.00000000-201.76025354
             E-BETA  -0.00000000  -0.00000000-100.91461933
    Point charges:    0.00000000   0.00000000 302.60183525
                     ____________________________
      Total Dipole:   0.00000000   0.00000000  -0.07303763   0.07303763
 
 QUADRUPOLE NON-TRACELESS: (DEBYE ANGS)
 ------
 
                           <xx>         <yy>         <zz>         <xy>         <xz>         <yz>
            E-ALPHA  -12.52949393  -10.39364228-2125.55722467    2.21515656    0.00000008    0.00000013
             E-BETA   -7.09329115   -8.76498789-1070.07343066   -1.73376741   -0.00000001   -0.00000001
    Point charges:     0.00000000    0.00000000 3177.31890762    0.00000000    0.00000000    0.00000000
  Total Quadrupole:  -19.62278508  -19.15863017  -18.31174772    0.48138914    0.00000007    0.00000012
                     ____________________________
 
 END ELECTROSTATIC MOMENTS
 
 
 BEGIN FOUR-INDEX INTEGRALS TRANFORMATION:
 ========================================
 Selected method: C         
 
 --------------------------------------------------
    4N^5 Algorithm Four-index integral tranformation
 --------------------------------------------------
 
 Integrals transformation for: E-ALPHA
 
              Transformation boundaries 
                 orbital lower upper
                       p     1     7
                       q     8   110
                       r     1     7
                       s     8   110
 
         Loading AO integrals time(s):  0.126E-01
      Integral transformation time(s):  0.141E+01
       Non-zero transformed integrals:       228012
 
 Inter-species integrals transformation for: E-ALPHA/E-BETA
 
              Transformation boundaries 
                 orbital lower upper
                       p     1     6
                       q     7   110
                       r     1     7
                       s     8   110
 
         Loading AO integrals time(s):  0.137E-01
      Integral transformation time(s):  0.731E+01
 Non zero transformed coupling integrals:       113356
 
 Integrals transformation for: E-BETA
 
              Transformation boundaries 
                 orbital lower upper
                       p     1     6
                       q     7   110
                       r     1     6
                       s     7   110
 
         Loading AO integrals time(s):  0.663E-02
      Integral transformation time(s):  0.106E+01
       Non-zero transformed integrals:        60666
 
** TOTAL Elapsed Time for integrals transformation :     10.064 (s)
 
 
  POST HARTREE-FOCK CALCULATION
  MANY-BODY PERTURBATION THEORY:
 ==============================
 
              MOLLER-PLESSET FORMALISM 
               ORDER OF CORRECTION =     2
 
                E(0) + E(1) =     -75.368249677820
                       E(2) =      -0.191007586714
                             ____________________
                     E(MP2) =     -75.559257264534
 
              -----------------------------------
               E(n){ Specie }     E(n) / Hartree 
              -----------------------------------
 
            E(2){ E-ALPHA } =      -0.019228765507
             E(2){ E-BETA } =      -0.016194340549
 
     E(2){ E-ALPHA/E-BETA } =      -0.155584480658
 
** TOTAL CPU Time HF-MBPT :      1.008 (s)
** TOTAL Elapsed Time HF-MBPT :      0.386 (s)
 

  TOTAL CPU Time:      0.504 (s)
 TOTAL Wall Time:     15.005 (s)
  Elapsed Time:   0h  0m 15s   7ms
LOWDIN execution terminated normally at : Thu Feb 27 18:20:41 2025
-rw-rw-r-- 1 pohl pohl 6.2M feb 27 18:20 0E-ALPHA.E-BETA.ints
-rw-rw-r-- 1 pohl pohl 3.5M feb 27 18:20 0E-ALPHA.ints
-rw-rw-r-- 1 pohl pohl 6.9M feb 27 18:20 1E-ALPHA.E-BETA.ints
-rw-rw-r-- 1 pohl pohl 3.5M feb 27 18:20 1E-ALPHA.ints
-rw-rw-r-- 1 pohl pohl 6.2M feb 27 18:20 2E-ALPHA.E-BETA.ints
-rw-rw-r-- 1 pohl pohl 3.5M feb 27 18:20 2E-ALPHA.ints
-rw-rw-r-- 1 pohl pohl 6.2M feb 27 18:20 3E-ALPHA.E-BETA.ints
-rw-rw-r-- 1 pohl pohl 3.5M feb 27 18:20 3E-ALPHA.ints
-rw-rw-r-- 1 pohl pohl 6.2M feb 27 18:20 4E-ALPHA.E-BETA.ints
-rw-rw-r-- 1 pohl pohl 3.5M feb 27 18:20 4E-ALPHA.ints
-rw-rw-r-- 1 pohl pohl 6.2M feb 27 18:20 5E-ALPHA.E-BETA.ints
-rw-rw-r-- 1 pohl pohl 3.5M feb 27 18:20 5E-ALPHA.ints
-rw-rw-r-- 1 pohl pohl 6.2M feb 27 18:20 6E-ALPHA.E-BETA.ints
-rw-rw-r-- 1 pohl pohl 3.5M feb 27 18:20 6E-ALPHA.ints
-rw-rw-r-- 1 pohl pohl 6.2M feb 27 18:20 7E-ALPHA.E-BETA.ints
-rw-rw-r-- 1 pohl pohl 3.5M feb 27 18:20 7E-ALPHA.ints
-rw-rw-r-- 1 pohl pohl 6.2M feb 27 18:20 8E-ALPHA.E-BETA.ints
-rw-rw-r-- 1 pohl pohl 3.5M feb 27 18:20 8E-ALPHA.ints
-rw-rw-r-- 1 pohl pohl  258 feb 27 18:20 c_step_18
-rw-rw-r-- 1 pohl pohl 1.1K feb 27 18:20 c_step_18.aux
-rw-rw-r-- 1 pohl pohl  266 feb 27 18:20 c_step_18.lowdin
-rw-rw-r-- 1 pohl pohl  79K feb 27 18:20 c_step_18.out
-rw-rw-r-- 1 pohl pohl 192K feb 27 18:20 c_step_18.vec
-rw-rw-r-- 1 pohl pohl   12 feb 27 18:20 E-ALPHA.E-BETA.nints
-rw-rw-r-- 1 pohl pohl 7.6M feb 27 18:20 E-ALPHAmoint.dat
-rw-rw-r-- 1 pohl pohl 2.8M feb 27 18:20 E-BETA.E-ALPHAmoint.dat
-rw-rw-r-- 1 pohl pohl 7.6M feb 27 18:20 E-BETAmoint.dat
-rw-rw-r-- 1 pohl pohl   65 feb 27 18:20 gepol.inp
-rw-rw-r-- 1 pohl pohl  182 feb 27 18:20 gepol.xyzr
-rw-rw-r-- 1 pohl pohl  13K feb 27 18:20 lowdin.bas
-rw-rw-r-- 1 pohl pohl  16K feb 27 18:20 lowdin.dat
-rw-rw-r-- 1 pohl pohl 2.3M feb 27 18:20 lowdin.opints
-rw-rw-r-- 1 pohl pohl  46K feb 27 18:20 lowdin.sys
-rw-rw-r-- 1 pohl pohl 2.1M feb 27 18:20 lowdin.wfn
