Begin job by input: c_step_4.lowdin, for user:   at  jue 27 feb 2025 18:16:16 -05
under operating system Linux helios 5.19.0-46-generic #47-Ubuntu SMP PREEMPT_DYNAMIC Fri Jun 16 13:30:11 UTC 2023 x86_64 x86_64 x86_64 GNU/Linux
Compilation information
  commit: f31d3924f6ee2ce9d77f07edcc1ba27359319d14
  compilation date:  mar 17 sep 2024 16:16:17 -05

BEGIN INPUT INFO:
------------------------------------

GEOMETRY
	e-(C)	AUG-CC-PVTZ 0.0 0.0 0.0  multiplicity=2 addParticles=1 
	e-(C)	AUG-CC-PVTZ 0.0 0.0 3.5
	C	Dirac 0 0.0 0.0
	C	Dirac 0.0 0.0 3.5
END GEOMETRY

TASKS
        method = "UHF"
	mollerPlessetCorrection=2
END TASKS

CONTROL
	units="ANGS"
END CONTROL






... END INPUT INFO


 LOWDIN execution started at : Thu Feb 27 18:16:16 2025
 ---------------------------------------------------------------
 
 ***************************************************************
 *                   LOWDIN 2.0  (May/2013)                    *
 *                                                             *
 *  R. FLORES-MORENO, E. F. POSADA, F. S. MONCADA, J.ROMERO,   *
 *  J. CHARRY, M. DIAZ-TINOCO, S. A. GONZALEZ, N. F. AGUIRRE,  *
 *  A. REYES                                                   *
 *                                                             *
 *  https://sites.google.com/site/lowdinproject/               *
 *                                                             *
 ***************************************************************
 
 PARSING INPUT... DONE!
 
 LOWDIN IS RUNNING WITH NEXT PARAMETERS: 
 ----------------------------------------
 
         METHOD TYPE:  UHF
         NUMBER OF CORES:     9
         MOLLER PLESSET CORRECTION:      2
         NONELECTRONIC DENSITY GUESS: HCORE
         ELECTRONIC DENSITY GUESS: HCORE
         CRITERIUM OF CONVERGENCE: ENERGY
         NONELECTRONIC ENERGY TOLERANCE IN SCFs:     0.10000E-07
         ELECTRONIC ENERGY TOLERANCE IN SCFs:     0.10000E-07
         TOTAL ENERGY TOLERANCE IN SCFs:     0.10000E-07
         SCHEME OF ITERATION: GLOBAL ITERATIONS
         SCF MAX. SUBITERATIONS - NONELECTRONS :     1
         SCF MAX. SUBITERATIONS - ELECTRONS :     1
         SCF MAX. ITERATIONS - INTERSPECIES :   200
         INTEGRAL STORAGE: DISK
         STACK SIZE FOR ERIS : 30000
         METHOD OF SCF CONVERGENCE: DAMPING
 
  MOLECULAR SYSTEM: c_step_4
 -----------------
 
    DESCRIPTION   : c_step_4
    CHARGE        :   0
    PUNTUAL GROUP : NONE
 
 
  INFORMATION OF PARTICLES :
 =========================
         Total number of particles   =      15
         Number of quantum particles =      13
         Number of puntual charges   =       2
         Number of quantum species   =       2
 
                 INFORMATION OF QUANTUM SPECIES 
    ----------------------------------------------------------------------
         ID      Symbol            mass     charge      omega     spin     multiplicity
    ----------------------------------------------------------------------
         1        E-ALPHA         1.0000     -1.00      0.00      0.50      2.00
         2         E-BETA         1.0000     -1.00      0.00      0.50      2.00
 
                   CONSTANTS OF COUPLING 
      ------------------------------------------------------------
              Symbol      kappa        eta     lambda occupation
      ------------------------------------------------------------
             E-ALPHA      -1.00       1.00       1.00       7.00
              E-BETA      -1.00       1.00       1.00       6.00
 
                   BASIS SET FOR SPECIES 
      ------------------------------------------------------------
           Symbol          N. Basis     N. Particles     Basis Set
      ------------------------------------------------------------
            E-ALPHA           28                7     AUG-CC-PVT
             E-BETA           28                6     AUG-CC-PVT
 
                                ATOMIC BASIS
         ------------------------------------------------------------
          PRIMITIVE   SHELL             EXPONENT         COEFFICIENT 
         ------------------------------------------------------------
 
    BEGIN DESCRIPTION OF BASIS FOR: E-ALP
    ==============================
 
 
             C BASIS SET:    AUG-CC-PVTZ
             1         S             8236.00000000          0.00053100
             2         S             1235.00000000          0.00410800
             3         S              280.80000000          0.02108700
             4         S               79.27000000          0.08185300
             5         S               25.59000000          0.23481700
             6         S                8.99700000          0.43440100
             7         S                3.31900000          0.34612900
             8         S                0.36430000         -0.00898300
             1         S             8236.00000000         -0.00011300
             2         S             1235.00000000         -0.00087800
             3         S              280.80000000         -0.00454000
             4         S               79.27000000         -0.01813300
             5         S               25.59000000         -0.05576000
             6         S                8.99700000         -0.12689500
             7         S                3.31900000         -0.17035200
             8         S                0.36430000          0.59868400
             1         S                0.90590000          1.00000000
             1         S                0.12850000          1.00000000
             1         S                0.04402000          1.00000000
             1         P               18.71000000          0.01403100
             2         P                4.13300000          0.08686600
             3         P                1.20000000          0.29021600
             1         P                0.38270000          1.00000000
             1         P                0.12090000          1.00000000
             1         P                0.03569000          1.00000000
             1         D                1.09700000          1.00000000
             1         D                0.31800000          1.00000000
             1         D                0.10000000          1.00000000
             1         F                0.76100000          1.00000000
             1         F                0.26800000          1.00000000
 
             C BASIS SET:    AUG-CC-PVTZ
             1         S             8236.00000000          0.00053100
             2         S             1235.00000000          0.00410800
             3         S              280.80000000          0.02108700
             4         S               79.27000000          0.08185300
             5         S               25.59000000          0.23481700
             6         S                8.99700000          0.43440100
             7         S                3.31900000          0.34612900
             8         S                0.36430000         -0.00898300
             1         S             8236.00000000         -0.00011300
             2         S             1235.00000000         -0.00087800
             3         S              280.80000000         -0.00454000
             4         S               79.27000000         -0.01813300
             5         S               25.59000000         -0.05576000
             6         S                8.99700000         -0.12689500
             7         S                3.31900000         -0.17035200
             8         S                0.36430000          0.59868400
             1         S                0.90590000          1.00000000
             1         S                0.12850000          1.00000000
             1         S                0.04402000          1.00000000
             1         P               18.71000000          0.01403100
             2         P                4.13300000          0.08686600
             3         P                1.20000000          0.29021600
             1         P                0.38270000          1.00000000
             1         P                0.12090000          1.00000000
             1         P                0.03569000          1.00000000
             1         D                1.09700000          1.00000000
             1         D                0.31800000          1.00000000
             1         D                0.10000000          1.00000000
             1         F                0.76100000          1.00000000
             1         F                0.26800000          1.00000000
    ... END DESCRIPTION OF BASIS
 
 
  END INFORMATION OF PARTICLES
 
 
  INFORMATION OF THE QUANTUM SYSTEM 
     ---------------------------------------------------------------------
                 ID     Occupied Orbitals     Basis size
     ---------------------------------------------------------------------
            E-ALPHA            7              110
             E-BETA            6              110
 
  END INFORMATION OF QUANTUM SYSTEM
 
                       INITIAL GEOMETRY: AMSTRONG
                 -----------------------------------
                       <x>                 <y>                 <z>
  E-ALPHAC        0.0000000000        0.0000000000        0.0000000000
  E-ALPHAC        0.0000000000        0.0000000000        3.5000000000
         C        0.0000000000        0.0000000000        0.0000000000
         C        0.0000000000        0.0000000000        3.5000000000
 
                     MATRIX OF DISTANCE: ANGSTROM
                 -----------------------------------
                          C(1)           C(2)      
 
        C(1)             0.000000       3.500000
        C(2)             3.500000       0.000000
 
--------------------------------------------------------------------------------
** PROGRAM: SCF (Hartree Fock).     Author: S.A. Gonzalez, E. Posada, F. Moncada
--------------------------------------------------------------------------------
INFO: RUNNING IN UHF MODE.
 
----------------------------------------------------------------------
** PROGRAM INTS                          Author: E. F. Posada, 2013   
----------------------------------------------------------------------
INFO: RUNNING IN ONE_PARTICLE MODE.
 
 Number of Overlap integrals for species E-ALPHA:  12100
 Number of Overlap integrals for species E-BETA:  12100
 Number of Kinetic integrals for species E-ALPHA:  12100
 Number of Kinetic integrals for species E-BETA:  12100
 Number of Nuclear integrals for species E-ALPHA:  12100
 Number of Nuclear integrals for species E-BETA:  12100
 Number of Moment integrals for species E-ALPHA:  36300
 Number of Moment integrals for species E-BETA:  36300
 
** TOTAL CPU Time INTS :      0.680 (s)
** TOTAL Elapsed Time INTS :      0.237 (s)
 
       Usign  HCORE density guess for species:    E-ALPHA
     number of    E-ALPHA     particles in guess density matrix:     7.000000
       Usign  HCORE density guess for species:     E-BETA
     number of     E-BETA     particles in guess density matrix:     6.000000
 Number of unique integrals for species: 1 = 3992305
 Number of unique integrals for species: 1 / 2 = 7979261 Screened: 0
 
 TWO-BODY INTEGRAL SETUP: 
------------------------- 
 Storage:   DISK
 Scheme: LIBINT
 Stack size:  30000
 
 LIBINT library, Fermann, J. T.; Valeev, F. L. 2010                   
 LOWDIN-LIBINT Implementation V. 2.1  Posada E. F. ; Reyes A. 2016   
 ----------------------------------------------------------------------

*** TOTAL CPU time intra-species integrals :      1.903 (s)
*** TOTAL elapsed time intra-species integrals :      0.274 (s)


*** TOTAL CPU time inter-species integrals :      4.599 (s)
*** TOTAL elapsed time inter-species integrals :      0.600 (s)

INFO: RUNNING SCHEME SIMULTANEOUS
 
 Begin Multi-Species SCF calculation:
 
 --------------------------------------------------------------------------------------------------
      Iteration                   Energy            Energy Change           Density Change
 --------------------------------------------------------------------------------------------------
              1         -65.447697620031          65.447697620031           0.226099545498
              2         -67.604433329511           2.156735709480           0.192370631160
              3         -74.351261556901           6.746828227390           0.041842385068
              4         -75.024426298829           0.673164741928           0.003937119758
              5         -75.190605603423           0.166179304594           0.002231526230
              6         -75.205999718896           0.015394115473           0.001405191153
              7         -75.209185075853           0.003185356957           0.000599581579
              8         -75.210243746423           0.001058670569           0.000410765029
              9         -75.210723596309           0.000479849886           0.000264013226
             10         -75.210984982943           0.000261386634           0.000195137153
             11         -75.211141175576           0.000156192633           0.000146438708
             12         -75.211239383058           0.000098207481           0.000114384410
             13         -75.211302807177           0.000063424120           0.000090829509
             14         -75.211344347782           0.000041540605           0.000073112955
             15         -75.211371754371           0.000027406589           0.000059302662
             16         -75.211389905356           0.000018150986           0.000048348837
             17         -75.211401951080           0.000012045724           0.000039551447
             18         -75.211409952265           0.000008001185           0.000032558919
             19         -75.211415261292           0.000005309027           0.000027272215
             20         -75.211418761624           0.000003500333           0.000027574703
             21         -75.211421123419           0.000002361795           0.000036067248
             22         -75.211424166686           0.000003043268           0.000028582563
             23         -75.211433854243           0.000009687557           0.000075840469
             24         -75.211496142180           0.000062287937           0.000194475294
             25         -75.211914139220           0.000417997040           0.000503277395
             26         -75.214704513425           0.002790374204           0.001223979628
             27         -75.231148718633           0.016444205209           0.002329636046
             28         -75.286410527759           0.055261809126           0.002378229626
             29         -75.340937888529           0.054527360770           0.001526576523
             30         -75.360777360412           0.019839471883           0.000929264244
             31         -75.367229993279           0.006452632867           0.000622169275
             32         -75.370007784310           0.002777791031           0.000461242424
             33         -75.371574317618           0.001566533308           0.000369749929
             34         -75.372626601796           0.001052284178           0.000312939798
             35         -75.373401894999           0.000775293202           0.000271900108
             36         -75.373994350448           0.000592455449           0.000238623861
             37         -75.374450211657           0.000455861209           0.000209542990
             38         -75.374798641668           0.000348430011           0.000183388434
             39         -75.375061908489           0.000263266821           0.000159706499
             40         -75.375258417722           0.000196509232           0.000138369964
             41         -75.375403502604           0.000145084882           0.000119317604
             42         -75.375509671024           0.000106168420           0.000102473346
             43         -75.375586844997           0.000077173973           0.000087719744
             44         -75.375642689225           0.000055844229           0.000074902334
             45         -75.375682993292           0.000040304067           0.000063842223
             46         -75.375712052954           0.000029059661           0.000054350079
             47         -75.375733012546           0.000020959593           0.000046237612
             48         -75.375748151039           0.000015138493           0.000039325761
             49         -75.375759109162           0.000010958123           0.000033449713
             50         -75.375767063312           0.000007954150           0.000028461408
             51         -75.375772855276           0.000005791965           0.000024230230
             52         -75.375777087206           0.000004231929           0.000020642508
             53         -75.375780190239           0.000003103033           0.000017600309
             54         -75.375782473662           0.000002283424           0.000015019887
             55         -75.375784159932           0.000001686269           0.000012830005
             56         -75.375785409546           0.000001249614           0.000010970292
             57         -75.375786338698           0.000000929152           0.000009389718
             58         -75.375787031813           0.000000693115           0.000008045209
             59         -75.375787550457           0.000000518644           0.000006900440
             60         -75.375787939694           0.000000389237           0.000005924788
             61         -75.375788232632           0.000000292938           0.000005092434
             62         -75.375788453679           0.000000221047           0.000004381603
             63         -75.375788620895           0.000000167216           0.000003773921
             64         -75.375788747687           0.000000126792           0.000003253873
             65         -75.375788844038           0.000000096351           0.000002808349
             66         -75.375788917408           0.000000073370           0.000002426265
             67         -75.375788973386           0.000000055978           0.000002098237
             68         -75.375789016170           0.000000042784           0.000001816318
             69         -75.375789048925           0.000000032755           0.000001573768
             70         -75.375789074041           0.000000025116           0.000001364870
             71         -75.375789093327           0.000000019286           0.000001184767
             72         -75.375789108155           0.000000014828           0.000001029327
             73         -75.375789119570           0.000000011415           0.000000895038
             74         -75.375789128368           0.000000008797           0.000000778904
 Total energy converged after  74 global iterations                                                  
 
 ...end Multi-Species SCF calculation
 
 
 Begin SCF calculation by: E-ALPHA
 -------------------------
 
 -----------------------------------------------------------------------------------
 Iteration                   Energy           Density Change         DIIS Error 
 -----------------------------------------------------------------------------------
    1         -37.093210944567           0.110870636269                 -- 
    2         -34.109503087283           0.009372723208                 -- 
    3         -29.830608265856           0.001902656815                 -- 
    4         -30.644965829514           0.000796759680                 -- 
    5         -31.048274051716           0.000410217567                 -- 
    6         -30.958564948887           0.000094869090                 -- 
    7         -31.018206106091           0.000091207968                 -- 
    8         -31.024649349741           0.000051170826                 -- 
    9         -31.042189163046           0.000048418563                 -- 
   10         -31.052346329103           0.000040008012                 -- 
   11         -31.061684932019           0.000035091384                 -- 
   12         -31.068903905487           0.000029927153                 -- 
   13         -31.074901918342           0.000025443796                 -- 
   14         -31.079785686961           0.000021406007                 -- 
   15         -31.083810700337           0.000017912307                 -- 
   16         -31.087123777222           0.000014913631                 -- 
   17         -31.089857696254           0.000012514927                 -- 
   18         -31.092114240636           0.000010334400                 -- 
   19         -31.093979425893           0.000013555286                 -- 
   20         -31.095516338257           0.000008897126                 -- 
   21         -31.096480576575           0.000014506307                 -- 
   22         -31.097682472396           0.000036369066                 -- 
   23         -31.098445742842           0.000112313991                 -- 
   24         -31.100565575860           0.000252516541                 -- 
   25         -31.110720267167           0.000695453987                 -- 
   26         -31.139666620533           0.001154256093                 -- 
   27         -31.155581274053           0.001210067362                 -- 
   28         -31.106845514613           0.000717426241                 -- 
   29         -31.085515144719           0.000460432365                 -- 
   30         -31.078627300526           0.000299670532                 -- 
   31         -31.069920330392           0.000224163077                 -- 
   32         -31.062756023552           0.000174650250                 -- 
   33         -31.055213073121           0.000144692979                 -- 
   34         -31.048063564728           0.000122933129                 -- 
   35         -31.041112569541           0.000106444072                 -- 
   36         -31.034524674629           0.000092857642                 -- 
   37         -31.028321686146           0.000081283639                 -- 
   38         -31.022554870390           0.000071160457                 -- 
   39         -31.017244523241           0.000062217483                 -- 
   40         -31.012400954153           0.000054284100                 -- 
   41         -31.008019509272           0.000047250627                 -- 
   42         -31.004085370632           0.000041030827                 -- 
   43         -31.000575584403           0.000035550144                 -- 
   44         -30.997461932506           0.000030739028                 -- 
   45         -30.994713110184           0.000026531274                 -- 
   46         -30.992296559025           0.000022863767                 -- 
   47         -30.990179819636           0.000019676943                 -- 
   48         -30.988331502351           0.000016915298                 -- 
   49         -30.986721930414           0.000014527761                 -- 
   50         -30.985323530737           0.000012467874                 -- 
   51         -30.984111033392           0.000010693795                 -- 
   52         -30.983061532714           0.000009168157                 -- 
   53         -30.982154451644           0.000007857828                 -- 
   54         -30.981371441620           0.000006733607                 -- 
   55         -30.980696242300           0.000005769896                 -- 
   56         -30.980114518931           0.000004944350                 -- 
   57         -30.979613690166           0.000004237539                 -- 
   58         -30.979182755229           0.000003632623                 -- 
   59         -30.978812126411           0.000003115046                 -- 
   60         -30.978493470731           0.000002672260                 -- 
   61         -30.978219562984           0.000002293465                 -- 
   62         -30.977984151305           0.000001969389                 -- 
   63         -30.977781835535           0.000001692079                 -- 
   64         -30.977607958188           0.000001454722                 -- 
   65         -30.977458507436           0.000001251494                 -- 
   66         -30.977330031316           0.000001077413                 -- 
   67         -30.977219562263           0.000000928226                 -- 
   68         -30.977124551028           0.000000800304                 -- 
   69         -30.977042809007           0.000000690548                 -- 
   70         -30.976972458109           0.000000596317                 -- 
   71         -30.976911887259           0.000000515358                 -- 
   72         -30.976859714781           0.000000445752                 -- 
   73         -30.976814755915           0.000000385859                 -- 
 
 ... end SCF calculation
 
 Begin SCF calculation by: E-BETA
 -------------------------
 
 -----------------------------------------------------------------------------------
 Iteration                   Energy           Density Change         DIIS Error 
 -----------------------------------------------------------------------------------
    1         -34.461670291725           0.081499994891                 -- 
    2         -31.157647111320           0.032469661860                 -- 
    3         -27.320000860556           0.002034462943                 -- 
    4         -28.043809726882           0.001434766551                 -- 
    5         -28.328051732993           0.000994973586                 -- 
    6         -28.197558502962           0.000504712489                 -- 
    7         -28.211508716717           0.000319557061                 -- 
    8         -28.187649881291           0.000212842400                 -- 
    9         -28.179886350092           0.000146718590                 -- 
   10         -28.170421075173           0.000106430696                 -- 
   11         -28.163841617437           0.000079293026                 -- 
   12         -28.158211171310           0.000060902357                 -- 
   13         -28.153721470985           0.000047669159                 -- 
   14         -28.150024066759           0.000037896655                 -- 
   15         -28.147001710206           0.000030436530                 -- 
   16         -28.144516696064           0.000024637816                 -- 
   17         -28.142473408255           0.000020043992                 -- 
   18         -28.140791201121           0.000016937815                 -- 
   19         -28.139404728515           0.000014019417                 -- 
   20         -28.138272695429           0.000027170122                 -- 
   21         -28.137432467854           0.000014076256                 -- 
   22         -28.137293664300           0.000039471403                 -- 
   23         -28.136393129651           0.000082161302                 -- 
   24         -28.137526275531           0.000250760854                 -- 
   25         -28.144553638233           0.000528525641                 -- 
   26         -28.182816222652           0.001175379954                 -- 
   27         -28.205697196525           0.001168162264                 -- 
   28         -28.176475848402           0.000809150282                 -- 
   29         -28.166786914090           0.000468831879                 -- 
   30         -28.179565051032           0.000322498743                 -- 
   31         -28.193019199479           0.000237079347                 -- 
   32         -28.209195719272           0.000195099679                 -- 
   33         -28.224651271631           0.000168246819                 -- 
   34         -28.239615980456           0.000148966979                 -- 
   35         -28.253524045512           0.000132179789                 -- 
   36         -28.266372166470           0.000116685348                 -- 
   37         -28.278090183131           0.000102104795                 -- 
   38         -28.288698613682           0.000088546042                 -- 
   39         -28.298227211197           0.000076152482                 -- 
   40         -28.306729285003           0.000065033504                 -- 
   41         -28.314268909774           0.000055222719                 -- 
   42         -28.320918976920           0.000046688917                 -- 
   43         -28.326756487250           0.000039352190                 -- 
   44         -28.331859530650           0.000033103195                 -- 
   45         -28.336304593707           0.000027818804                 -- 
   46         -28.340164685265           0.000023373845                 -- 
   47         -28.343508061973           0.000019648818                 -- 
   48         -28.346397499741           0.000016534415                 -- 
   49         -28.348889976255           0.000013933647                 -- 
   50         -28.351036658536           0.000011762356                 -- 
   51         -28.352883098897           0.000009948713                 -- 
   52         -28.354469564387           0.000008432152                 -- 
   53         -28.355831442592           0.000007162060                 -- 
   54         -28.356999682631           0.000006096398                 -- 
   55         -28.358001242787           0.000005200397                 -- 
   56         -28.358859525837           0.000004445368                 -- 
   57         -28.359594790285           0.000003807670                 -- 
   58         -28.360224530787           0.000003267817                 -- 
   59         -28.360763824636           0.000002809742                 -- 
   60         -28.361225643556           0.000002420175                 -- 
   61         -28.361621131633           0.000002088138                 -- 
   62         -28.361959851212           0.000001804532                 -- 
   63         -28.362249999084           0.000001561794                 -- 
   64         -28.362498595604           0.000001353627                 -- 
   65         -28.362711649422           0.000001174771                 -- 
   66         -28.362894300467           0.000001020824                 -- 
   67         -28.363050943670           0.000000888091                 -- 
   68         -28.363185335760           0.000000773464                 -- 
   69         -28.363300687239           0.000000674322                 -- 
   70         -28.363399741447           0.000000588450                 -- 
   71         -28.363484842428           0.000000513969                 -- 
   72         -28.363557993095           0.000000449287                 -- 
   73         -28.363620905035           0.000000393046                 -- 
 
 ... end SCF calculation
 
  EIGENVALUES AND EIGENVECTORS: 
 ==============================
 
 
  Eigenvalues for: E-ALPHA
 -----------------
 
    1         -11.194111377794
    2         -10.984806957721
    3          -0.673800977197
    4          -0.351862558732
    5          -0.285231278259
    6          -0.284860651189
    7          -0.058117761687
    8           0.148354790938
    9           0.204970799432
   10           0.205626387080
   11           0.207389725229
   12           0.217883374317
   13           0.236858271146
   14           0.257629773225
   15           0.259613408679
   16           0.292659807412
   17           0.396554329594
   18           0.405501909181
   19           0.437562280055
   20           0.437592698326
   21           0.453828671783
   22           0.462830042954
   23           0.469491596439
   24           0.527803247719
   25           0.531563547998
   26           0.533137190072
   27           0.535250181909
   28           0.539683155019
   29           0.560748901182
   30           0.608520928544
   31           0.623821992250
   32           0.627555218666
   33           0.660761568491
   34           0.694687723573
   35           0.732679784800
   36           0.857972219407
   37           1.133900744502
   38           1.166591891199
   39           1.166594585528
   40           1.196982227179
   41           1.198608268159
   42           1.228058936844
   43           1.228829527314
   44           1.231711696616
   45           1.231746827545
   46           1.231831346248
   47           1.239424314249
   48           1.239424622245
   49           1.267533848033
   50           1.269578720763
   51           1.270687529263
   52           1.351684981620
   53           1.357380378599
   54           1.366434571919
   55           1.366967510464
   56           1.372265614196
   57           1.391597448289
   58           1.392649779668
   59           1.395689582204
   60           1.410458251024
   61           1.414621590846
   62           1.430099447037
   63           1.466107801066
   64           1.495378469648
   65           1.532544631396
   66           1.546317002548
   67           1.577515453356
   68           1.741326063967
   69           2.068887774132
   70           2.265516303023
   71           3.182341700258
   72           3.182536485239
   73           3.226366870155
   74           3.362241859401
   75           3.412928636098
   76           3.459138131980
   77           3.529752664485
   78           3.529753019969
   79           3.549035444797
   80           3.549317746761
   81           3.587856654141
   82           3.597831331969
   83           3.597853775755
   84           3.605236378509
   85           3.605236431055
   86           3.616857895746
   87           3.619544191152
   88           3.696141394099
   89           3.758733199376
   90           3.759709061886
   91           3.768863386383
   92           3.791525106185
   93           3.791795972891
   94           3.806539884732
   95           3.807273363542
   96           3.811761186365
   97           3.867352809229
   98           3.879196917746
   99           3.891108439313
  100           4.018446640665
  101           6.243351418980
  102           6.432884656538
  103           7.399880794511
  104           7.401151385845
  105           7.526060469647
  106           7.582378671545
  107           7.591572291376
  108           8.032994494464
  109           8.626100916323
  110           8.810324529357
 
 
  Eigenvalues for: E-BETA
 -----------------
 
    1         -11.149631043097
    2         -11.001402565144
    3          -0.458826606840
    4          -0.432390453260
    5          -0.086857950070
    6          -0.078933882109
    7           0.156663197934
    8           0.185008500728
    9           0.186179375578
   10           0.211219573827
   11           0.236345636345
   12           0.241076286588
   13           0.253582783056
   14           0.271376311469
   15           0.293568873288
   16           0.305517182850
   17           0.305524173454
   18           0.393102603787
   19           0.456765489454
   20           0.457095554077
   21           0.458297390606
   22           0.463750741866
   23           0.473067106730
   24           0.526677816503
   25           0.534929429667
   26           0.536548761755
   27           0.554006486866
   28           0.584504510869
   29           0.595002142908
   30           0.614619066715
   31           0.624544096699
   32           0.643783027291
   33           0.645678266118
   34           0.666097488037
   35           0.724515134147
   36           0.839691447130
   37           1.130191614227
   38           1.211902315076
   39           1.216957165072
   40           1.244853607647
   41           1.245338202354
   42           1.249713960486
   43           1.270430092941
   44           1.270430984898
   45           1.271075740071
   46           1.272322423347
   47           1.276532106103
   48           1.276535506570
   49           1.296938798186
   50           1.320707019456
   51           1.337579032473
   52           1.349041397560
   53           1.351718048085
   54           1.355445508722
   55           1.366756424985
   56           1.367472374337
   57           1.372387667633
   58           1.373504100752
   59           1.384766691433
   60           1.385922241582
   61           1.398555701734
   62           1.406984396419
   63           1.455018622492
   64           1.475030048643
   65           1.525507222351
   66           1.539063556599
   67           1.553738277763
   68           1.734953708091
   69           2.074412761812
   70           2.262789243929
   71           3.230399371507
   72           3.269319498495
   73           3.269853258950
   74           3.351629767692
   75           3.402502187902
   76           3.421001542606
   77           3.615469070583
   78           3.616941435013
   79           3.620494893001
   80           3.649359677611
   81           3.649398954714
   82           3.650787181910
   83           3.654242840238
   84           3.660509614412
   85           3.660537093364
   86           3.684536193721
   87           3.684536230408
   88           3.703549247590
   89           3.720938799128
   90           3.749931091538
   91           3.752357536264
   92           3.762555527559
   93           3.784840877133
   94           3.785965864393
   95           3.787668373778
   96           3.787946633953
   97           3.838912527190
   98           3.843150882865
   99           3.863429748954
  100           3.996181514295
  101           6.281985498291
  102           6.418348102901
  103           7.415989005350
  104           7.417562242215
  105           7.525605678316
  106           7.582619695493
  107           7.590989482010
  108           8.027093573346
  109           8.655041534639
  110           8.798572077146
 
  end of eigenvalues 
 
  Occupied Eigenvectors for: E-ALPHA
 --------------------------- 
 
                         -11.1941       -10.9848        -0.6738        -0.3519        -0.2852   
 
    1      C     S      -0.974672       0.000097      -0.004643      -0.000270      -0.000000
    2      C     S       0.005253       0.000194       0.580659      -0.013696      -0.000000
    3      C     S      -0.048406       0.000184       0.152886      -0.004869       0.000000
    4      C     S       0.014911      -0.000540       0.347799      -0.006459      -0.000000
    5      C     S       0.004335      -0.001659       0.030120       0.000561      -0.000000
    6      C    Px      -0.000000       0.000000      -0.000000      -0.000000      -0.085821
    7      C    Py       0.000000      -0.000000       0.000000       0.000000      -0.351514
    8      C    Pz      -0.000627      -0.000016       0.005166       0.003105      -0.000000
    9      C    Px       0.000000      -0.000000       0.000000      -0.000000      -0.113433
   10      C    Py      -0.000000       0.000000      -0.000000       0.000000      -0.464609
   11      C    Pz       0.000786       0.000048       0.010085       0.003275      -0.000000
   12      C    Px       0.000000       0.000000       0.000000      -0.000000      -0.069825
   13      C    Py      -0.000000       0.000000      -0.000000       0.000000      -0.285995
   14      C    Pz       0.000435       0.000149      -0.005093       0.000642       0.000000
   15      C    Px      -0.000000       0.000000      -0.000000      -0.000000      -0.007596
   16      C    Py       0.000000      -0.000000       0.000000       0.000000      -0.031113
   17      C    Pz       0.000379      -0.000426      -0.000980       0.000211      -0.000000
   18      C   Dxx      -0.002162       0.000014       0.012370      -0.000616      -0.000000
   19      C   Dxy      -0.000001       0.000000       0.000010       0.000006      -0.000000
   20      C   Dxz       0.000000       0.000000      -0.000000       0.000000      -0.000566
   21      C   Dyy      -0.002165       0.000016       0.012403      -0.000595       0.000000
   22      C   Dyz      -0.000000      -0.000000       0.000000      -0.000000      -0.002320
   23      C   Dzz      -0.000176       0.000031      -0.009475       0.000198       0.000000
   24      C   Dxx      -0.007311       0.000274       0.020665      -0.002174      -0.000000
   25      C   Dxy       0.000000      -0.000001       0.000010      -0.000026      -0.000000
   26      C   Dxz       0.000000      -0.000000      -0.000000       0.000000       0.000300
   27      C   Dyy      -0.007311       0.000269       0.020698      -0.002259       0.000000
   28      C   Dyz      -0.000000       0.000000       0.000000      -0.000000       0.001230
   29      C   Dzz      -0.007117       0.000252      -0.024365      -0.000265       0.000000
   30      C   Dxx      -0.002927       0.000473      -0.006268      -0.001918      -0.000000
   31      C   Dxy       0.000000       0.000004      -0.000002       0.000045      -0.000000
   32      C   Dxz       0.000000       0.000000      -0.000000       0.000000       0.003383
   33      C   Dyy      -0.002927       0.000486      -0.006275      -0.001766       0.000000
   34      C   Dyz      -0.000000      -0.000000       0.000000      -0.000000       0.013857
   35      C   Dzz      -0.002627       0.000365      -0.021702      -0.001146       0.000000
   36      C  Fxxx      -0.000000       0.000000      -0.000000      -0.000000      -0.003350
   37      C  Fxxy       0.000000      -0.000000       0.000000       0.000000      -0.006137
   38      C  Fxxz      -0.000126      -0.000014      -0.000347       0.000325       0.000000
   39      C  Fxyy      -0.000000       0.000000      -0.000000      -0.000000      -0.001503
   40      C  Fxyz       0.000000      -0.000001      -0.000001       0.000007       0.000000
   41      C  Fxzz      -0.000000       0.000000      -0.000000      -0.000000      -0.001136
   42      C  Fyyy       0.000000      -0.000000       0.000000       0.000000      -0.013734
   43      C  Fyyz      -0.000126      -0.000017      -0.000352       0.000349      -0.000000
   44      C  Fyzz       0.000000      -0.000000       0.000000       0.000000      -0.004654
   45      C  Fzzz      -0.000302       0.000003      -0.001180       0.000695       0.000000
   46      C  Fxxx      -0.000000      -0.000000      -0.000000      -0.000000      -0.006119
   47      C  Fxxy       0.000000      -0.000000       0.000000       0.000000      -0.011208
   48      C  Fxxz      -0.000188       0.000009      -0.001819       0.000607       0.000000
   49      C  Fxyy      -0.000000      -0.000000      -0.000000      -0.000000      -0.002739
   50      C  Fxyz       0.000000       0.000002       0.000002      -0.000020       0.000000
   51      C  Fxzz      -0.000000       0.000000       0.000000      -0.000000      -0.001181
   52      C  Fyyy       0.000000      -0.000000       0.000000       0.000000      -0.025069
   53      C  Fyyz      -0.000187       0.000016      -0.001812       0.000540      -0.000000
   54      C  Fyzz       0.000000      -0.000000      -0.000000       0.000000      -0.004839
   55      C  Fzzz      -0.000359      -0.000157      -0.003831       0.001572      -0.000000
   56      C     S       0.000087      -0.976048       0.000148      -0.013719       0.000000
   57      C     S       0.000164       0.007519       0.005140       0.510956       0.000000
   58      C     S       0.000160      -0.044549       0.001368       0.128687       0.000000
   59      C     S      -0.000449       0.016366       0.003112       0.387833      -0.000000
   60      C     S      -0.001520       0.004603      -0.004279       0.053604       0.000000
   61      C    Px       0.000000      -0.000000      -0.000000       0.000000      -0.000848
   62      C    Py      -0.000000       0.000000       0.000000      -0.000000      -0.003474
   63      C    Pz       0.000000       0.000020      -0.000401      -0.002834      -0.000000
   64      C    Px      -0.000000      -0.000000      -0.000000       0.000000      -0.001199
   65      C    Py       0.000000       0.000000       0.000000      -0.000000      -0.004912
   66      C    Pz      -0.000000       0.000187      -0.000660      -0.003939      -0.000000
   67      C    Px      -0.000000      -0.000000       0.000000       0.000000      -0.000612
   68      C    Py       0.000000      -0.000000      -0.000000      -0.000000      -0.002508
   69      C    Pz      -0.000022       0.000145      -0.000884      -0.004976       0.000000
   70      C    Px       0.000000      -0.000000       0.000000       0.000000       0.000376
   71      C    Py      -0.000000       0.000000      -0.000000      -0.000000       0.001538
   72      C    Pz       0.000407      -0.000464       0.001385      -0.000418      -0.000000
   73      C   Dxx       0.000015      -0.001827      -0.000132      -0.005534       0.000000
   74      C   Dxy       0.000000      -0.000577       0.000076       0.008277       0.000000
   75      C   Dxz       0.000000       0.000000      -0.000000      -0.000000       0.000017
   76      C   Dyy       0.000015      -0.003751       0.000122       0.022075      -0.000000
   77      C   Dyz      -0.000000      -0.000000       0.000000       0.000000       0.000069
   78      C   Dzz       0.000027      -0.001750       0.000035      -0.006424       0.000000
   79      C   Dxx       0.000233      -0.007914       0.000235      -0.011992      -0.000000
   80      C   Dxy       0.000000       0.000016       0.000195       0.019873      -0.000000
   81      C   Dxz      -0.000000      -0.000000       0.000000      -0.000000       0.000154
   82      C   Dyy       0.000233      -0.007862       0.000886       0.054298       0.000000
   83      C   Dyz       0.000000       0.000000      -0.000000       0.000000       0.000630
   84      C   Dzz       0.000220      -0.007952       0.000279      -0.014421      -0.000000
   85      C   Dxx       0.000432      -0.003049       0.001270      -0.001221       0.000000
   86      C   Dxy       0.000000      -0.000060       0.000118       0.011927       0.000000
   87      C   Dxz       0.000000       0.000000      -0.000000      -0.000000      -0.000426
   88      C   Dyy       0.000433      -0.003248       0.001664       0.038562      -0.000000
   89      C   Dyz      -0.000000      -0.000000       0.000000       0.000000      -0.001746
   90      C   Dzz       0.000271      -0.002871       0.000441      -0.000932      -0.000000
   91      C  Fxxx       0.000000       0.000000      -0.000000      -0.000000       0.000027
   92      C  Fxxy      -0.000000      -0.000000       0.000000       0.000000       0.000036
   93      C  Fxxz       0.000002      -0.000051       0.000028      -0.000035       0.000000
   94      C  Fxyy       0.000000       0.000000      -0.000000       0.000000      -0.000063
   95      C  Fxyz       0.000000       0.000001      -0.000005      -0.000037       0.000000
   96      C  Fxzz       0.000000       0.000000      -0.000000      -0.000000      -0.000063
   97      C  Fyyy      -0.000000      -0.000000       0.000000      -0.000000      -0.000111
   98      C  Fyyz       0.000002      -0.000049       0.000013      -0.000157      -0.000000
   99      C  Fyzz      -0.000000      -0.000000       0.000000       0.000000      -0.000260
  100      C  Fzzz      -0.000028      -0.000091      -0.000232       0.000298       0.000000
  101      C  Fxxx       0.000000       0.000000      -0.000000      -0.000000      -0.000172
  102      C  Fxxy      -0.000000      -0.000000       0.000000       0.000000      -0.000350
  103      C  Fxxz      -0.000033      -0.000029      -0.000247       0.000742      -0.000000
  104      C  Fxyy       0.000000       0.000000      -0.000000      -0.000000      -0.000284
  105      C  Fxyz      -0.000000       0.000000      -0.000036      -0.000074      -0.000000
  106      C  Fxzz      -0.000000       0.000000      -0.000000       0.000000       0.000154
  107      C  Fyyy      -0.000000       0.000000       0.000000       0.000000      -0.001313
  108      C  Fyyz      -0.000034      -0.000027      -0.000366       0.000495       0.000000
  109      C  Fyzz       0.000000       0.000000       0.000000      -0.000000       0.000629
  110      C  Fzzz       0.000096      -0.000121       0.000757       0.000226      -0.000000
 
                          -0.2849        -0.0581   
 
    1      C     S      -0.000000      -0.000000
    2      C     S      -0.000000       0.000000
    3      C     S      -0.000000       0.000000
    4      C     S       0.000000      -0.000000
    5      C     S      -0.000000      -0.000000
    6      C    Px       0.351457      -0.003291
    7      C    Py      -0.085807      -0.013481
    8      C    Pz      -0.000000      -0.000000
    9      C    Px       0.464567      -0.004457
   10      C    Py      -0.113422      -0.018254
   11      C    Pz      -0.000000      -0.000000
   12      C    Px       0.286415      -0.005701
   13      C    Py      -0.069927      -0.023350
   14      C    Pz      -0.000000      -0.000000
   15      C    Px       0.031444      -0.002177
   16      C    Py      -0.007677      -0.008917
   17      C    Pz      -0.000000       0.000000
   18      C   Dxx       0.000000      -0.000000
   19      C   Dxy      -0.000000      -0.000000
   20      C   Dxz       0.002328       0.000041
   21      C   Dyy       0.000000       0.000000
   22      C   Dyz      -0.000568       0.000167
   23      C   Dzz      -0.000000       0.000000
   24      C   Dxx       0.000000      -0.000000
   25      C   Dxy      -0.000000      -0.000000
   26      C   Dxz      -0.001203       0.000578
   27      C   Dyy      -0.000000       0.000000
   28      C   Dyz       0.000294       0.002367
   29      C   Dzz       0.000000       0.000000
   30      C   Dxx       0.000000       0.000000
   31      C   Dxy      -0.000000       0.000000
   32      C   Dxz      -0.013743      -0.000186
   33      C   Dyy       0.000000      -0.000000
   34      C   Dyz       0.003355      -0.000761
   35      C   Dzz       0.000000       0.000000
   36      C  Fxxx       0.013725       0.000026
   37      C  Fxxy      -0.001495       0.000046
   38      C  Fxxz      -0.000000      -0.000000
   39      C  Fxyy       0.006143      -0.000005
   40      C  Fxyz       0.000000      -0.000000
   41      C  Fxzz       0.004655       0.000072
   42      C  Fyyy      -0.003354       0.000060
   43      C  Fyyz      -0.000000       0.000000
   44      C  Fyzz      -0.001137       0.000296
   45      C  Fzzz      -0.000000       0.000000
   46      C  Fxxx       0.025037       0.000568
   47      C  Fxxy      -0.002731       0.001050
   48      C  Fxxz      -0.000000       0.000000
   49      C  Fxyy       0.011200       0.000312
   50      C  Fxyz       0.000000       0.000000
   51      C  Fxzz       0.004828       0.000355
   52      C  Fyyy      -0.006115       0.002495
   53      C  Fyyz      -0.000000      -0.000000
   54      C  Fyzz      -0.001179       0.001454
   55      C  Fzzz      -0.000000       0.000000
   56      C     S      -0.000000       0.000000
   57      C     S       0.000000       0.000000
   58      C     S       0.000000       0.000000
   59      C     S       0.000000      -0.000000
   60      C     S       0.000000       0.000000
   61      C    Px       0.000486       0.069147
   62      C    Py      -0.000119       0.283218
   63      C    Pz       0.000000       0.000000
   64      C    Px       0.001032       0.088178
   65      C    Py      -0.000252       0.361168
   66      C    Pz       0.000000       0.000000
   67      C    Px      -0.001393       0.088574
   68      C    Py       0.000340       0.362788
   69      C    Pz      -0.000000       0.000000
   70      C    Px      -0.002595       0.052413
   71      C    Py       0.000634       0.214680
   72      C    Pz      -0.000000       0.000000
   73      C   Dxx      -0.000000       0.000000
   74      C   Dxy       0.000000       0.000000
   75      C   Dxz      -0.000044      -0.000133
   76      C   Dyy       0.000000      -0.000000
   77      C   Dyz       0.000011      -0.000543
   78      C   Dzz      -0.000000       0.000000
   79      C   Dxx      -0.000000       0.000000
   80      C   Dxy       0.000000       0.000000
   81      C   Dxz      -0.000487      -0.000147
   82      C   Dyy       0.000000      -0.000000
   83      C   Dyz       0.000119      -0.000601
   84      C   Dzz      -0.000000       0.000000
   85      C   Dxx      -0.000000       0.000000
   86      C   Dxy       0.000000       0.000000
   87      C   Dxz       0.001995      -0.000732
   88      C   Dyy       0.000000      -0.000000
   89      C   Dyz      -0.000487      -0.002999
   90      C   Dzz       0.000000       0.000000
   91      C  Fxxx      -0.000107       0.000777
   92      C  Fxxy       0.000019       0.002416
   93      C  Fxxz       0.000000      -0.000000
   94      C  Fxyy      -0.000035       0.006320
   95      C  Fxyz       0.000000      -0.000000
   96      C  Fxzz       0.000271       0.000274
   97      C  Fyyy       0.000018       0.020677
   98      C  Fyyz       0.000000       0.000000
   99      C  Fyzz      -0.000066       0.001123
  100      C  Fzzz       0.000000       0.000000
  101      C  Fxxx       0.000982      -0.001926
  102      C  Fxxy      -0.000049      -0.001411
  103      C  Fxxz       0.000000      -0.000000
  104      C  Fxyy       0.000536       0.011890
  105      C  Fxyz       0.000000      -0.000000
  106      C  Fxzz      -0.000609      -0.000657
  107      C  Fyyy      -0.000300       0.029460
  108      C  Fyyz       0.000000       0.000000
  109      C  Fyzz       0.000149      -0.002693
  110      C  Fzzz       0.000000      -0.000000
 
 
  Occupied Eigenvectors for: E-BETA
 --------------------------- 
 
                         -11.1496       -11.0014        -0.4588        -0.4324        -0.0869   
 
    1      C     S      -0.976514      -0.000100      -0.003180       0.008354       0.000000
    2      C     S       0.008870      -0.000132       0.145885      -0.509096       0.000000
    3      C     S      -0.042782      -0.000213       0.036546      -0.130480       0.000000
    4      C     S       0.016640       0.000636       0.107621      -0.372413       0.000000
    5      C     S       0.003870       0.001429       0.008378      -0.021091       0.000000
    6      C    Px      -0.000000       0.000000      -0.000000       0.000000       0.004659
    7      C    Py       0.000000       0.000000       0.000000      -0.000000      -0.001138
    8      C    Pz      -0.000995       0.000032      -0.002774       0.026768      -0.000000
    9      C    Px       0.000000       0.000000      -0.000000       0.000000       0.005019
   10      C    Py      -0.000000      -0.000000       0.000000      -0.000000      -0.001225
   11      C    Pz       0.002656      -0.000093      -0.005444       0.035815      -0.000000
   12      C    Px       0.000000       0.000000       0.000000       0.000000       0.008074
   13      C    Py      -0.000000      -0.000000      -0.000000      -0.000000      -0.001971
   14      C    Pz       0.001215      -0.000197      -0.004502       0.031736      -0.000000
   15      C    Px      -0.000000      -0.000000       0.000000       0.000000       0.000187
   16      C    Py       0.000000       0.000000      -0.000000      -0.000000      -0.000046
   17      C    Pz       0.000091       0.000345       0.000142       0.005639      -0.000000
   18      C   Dxx      -0.002456      -0.000032      -0.001127       0.003364       0.000000
   19      C   Dxy       0.000000       0.000000      -0.000010       0.000007      -0.000000
   20      C   Dxz      -0.000000      -0.000000       0.000000      -0.000000       0.000262
   21      C   Dyy      -0.002454      -0.000031      -0.001162       0.003388      -0.000000
   22      C   Dyz       0.000000      -0.000000      -0.000000       0.000000      -0.000064
   23      C   Dzz      -0.003577      -0.000041       0.004455      -0.015103       0.000000
   24      C   Dxx      -0.008175      -0.000299      -0.002291       0.001685       0.000000
   25      C   Dxy      -0.000000      -0.000001       0.000014       0.000007      -0.000000
   26      C   Dxz       0.000000       0.000000       0.000000      -0.000000       0.001061
   27      C   Dyy      -0.008176      -0.000304      -0.002245       0.001709       0.000000
   28      C   Dyz      -0.000000      -0.000000      -0.000000       0.000000      -0.000259
   29      C   Dzz      -0.007752      -0.000295       0.010335      -0.034566      -0.000000
   30      C   Dxx      -0.002817      -0.000463      -0.000337      -0.005031      -0.000000
   31      C   Dxy       0.000000       0.000003      -0.000124       0.000040      -0.000000
   32      C   Dxz      -0.000000       0.000000       0.000000      -0.000000       0.003205
   33      C   Dyy      -0.002816      -0.000452      -0.000750      -0.004898      -0.000000
   34      C   Dyz       0.000000      -0.000000      -0.000000       0.000000      -0.000782
   35      C   Dzz      -0.002862      -0.000368       0.003346      -0.010681      -0.000000
   36      C  Fxxx      -0.000000      -0.000000      -0.000000      -0.000000       0.000312
   37      C  Fxxy       0.000000       0.000000       0.000000       0.000000      -0.000023
   38      C  Fxxz      -0.000497       0.000032       0.000254       0.000114      -0.000000
   39      C  Fxyy      -0.000000      -0.000000      -0.000000      -0.000000       0.000159
   40      C  Fxyz      -0.000000      -0.000001       0.000006      -0.000007      -0.000000
   41      C  Fxzz      -0.000000      -0.000000      -0.000000       0.000000       0.000193
   42      C  Fyyy       0.000000       0.000000       0.000000       0.000000      -0.000088
   43      C  Fyyz      -0.000497       0.000030       0.000275       0.000092      -0.000000
   44      C  Fyzz       0.000000       0.000000       0.000000      -0.000000      -0.000047
   45      C  Fzzz      -0.001128       0.000022       0.000146       0.002531      -0.000000
   46      C  Fxxx      -0.000000      -0.000000      -0.000000       0.000000      -0.001100
   47      C  Fxxy       0.000000       0.000000       0.000000      -0.000000       0.000076
   48      C  Fxxz      -0.000512      -0.000013      -0.000337       0.000568       0.000000
   49      C  Fxyy      -0.000000      -0.000000      -0.000000       0.000000      -0.000566
   50      C  Fxyz       0.000000       0.000002      -0.000032       0.000022      -0.000000
   51      C  Fxzz      -0.000000       0.000000       0.000000       0.000000       0.001539
   52      C  Fyyy       0.000000       0.000000       0.000000      -0.000000       0.000315
   53      C  Fyyz      -0.000512      -0.000008      -0.000445       0.000641       0.000000
   54      C  Fyzz       0.000000      -0.000000      -0.000000      -0.000000      -0.000376
   55      C  Fzzz      -0.001085       0.000174       0.001184       0.005762      -0.000000
   56      C     S       0.000011       0.975314      -0.012361      -0.003283       0.000000
   57      C     S       0.000068      -0.006120       0.503076       0.156994       0.000000
   58      C     S       0.000159       0.046683       0.127173       0.039991       0.000000
   59      C     S      -0.000459      -0.015566       0.366483       0.114458      -0.000000
   60      C     S      -0.001068      -0.004212       0.039086       0.008091       0.000000
   61      C    Px       0.000000       0.000000      -0.000000      -0.000000       0.298213
   62      C    Py      -0.000000      -0.000000       0.000000       0.000000      -0.072808
   63      C    Pz      -0.000002      -0.000116       0.001049       0.010083       0.000000
   64      C    Px      -0.000000      -0.000000      -0.000000      -0.000000       0.385786
   65      C    Py       0.000000       0.000000       0.000000       0.000000      -0.094188
   66      C    Pz       0.000018       0.000305       0.001860       0.013448       0.000000
   67      C    Px      -0.000000      -0.000000       0.000000      -0.000000       0.364983
   68      C    Py       0.000000       0.000000      -0.000000       0.000000      -0.089109
   69      C    Pz       0.000039      -0.000013      -0.002861       0.006649       0.000000
   70      C    Px       0.000000       0.000000       0.000000      -0.000000       0.154395
   71      C    Py      -0.000000      -0.000000      -0.000000       0.000000      -0.037695
   72      C    Pz       0.000278       0.000321       0.000441       0.003253       0.000000
   73      C   Dxx       0.000031       0.002583       0.012376       0.003922      -0.000000
   74      C   Dxy       0.000000      -0.000602      -0.007625      -0.002359       0.000000
   75      C   Dxz      -0.000000       0.000000       0.000000       0.000000       0.000288
   76      C   Dyy       0.000031       0.000574      -0.013059      -0.003947      -0.000000
   77      C   Dyz       0.000000      -0.000000      -0.000000      -0.000000      -0.000070
   78      C   Dzz       0.000036       0.002597       0.012935       0.003791       0.000000
   79      C   Dxx       0.000226       0.007525       0.026099       0.008995       0.000000
   80      C   Dxy       0.000000       0.000006      -0.017435      -0.005372       0.000000
   81      C   Dxz       0.000000       0.000000       0.000000       0.000000      -0.000295
   82      C   Dyy       0.000226       0.007545      -0.032059      -0.008924       0.000000
   83      C   Dyz      -0.000000      -0.000000      -0.000000      -0.000000       0.000072
   84      C   Dzz       0.000221       0.007540       0.030366       0.008077      -0.000000
   85      C   Dxx       0.000354       0.003008       0.013429       0.005474       0.000000
   86      C   Dxy       0.000000      -0.000056      -0.008072      -0.002433      -0.000000
   87      C   Dxz      -0.000000       0.000000      -0.000000      -0.000000      -0.001057
   88      C   Dyy       0.000354       0.002820      -0.013496      -0.002642      -0.000000
   89      C   Dyz       0.000000      -0.000000       0.000000       0.000000       0.000258
   90      C   Dzz       0.000173       0.002945       0.016964       0.006260       0.000000
   91      C  Fxxx       0.000000       0.000000       0.000000      -0.000000       0.015888
   92      C  Fxxy      -0.000000      -0.000000       0.000000       0.000000      -0.005775
   93      C  Fxxz       0.000001      -0.000046      -0.000112       0.000248       0.000000
   94      C  Fxyy       0.000000       0.000000       0.000000      -0.000000       0.000311
   95      C  Fxyz      -0.000000      -0.000000      -0.000006      -0.000079      -0.000000
   96      C  Fxzz       0.000000       0.000000      -0.000000      -0.000000       0.007384
   97      C  Fyyy      -0.000000      -0.000000      -0.000000       0.000000       0.000369
   98      C  Fyyz       0.000001      -0.000048      -0.000131      -0.000015      -0.000000
   99      C  Fyzz       0.000000      -0.000000       0.000000       0.000000      -0.001803
  100      C  Fzzz      -0.000036      -0.000124      -0.000208       0.000787       0.000000
  101      C  Fxxx       0.000000       0.000000      -0.000000      -0.000000       0.018536
  102      C  Fxxy      -0.000000      -0.000000       0.000000       0.000000      -0.010301
  103      C  Fxxz      -0.000058      -0.000035       0.000246       0.000876       0.000000
  104      C  Fxyy       0.000000       0.000000      -0.000000      -0.000000      -0.005630
  105      C  Fxyz      -0.000000       0.000000       0.000071      -0.000195      -0.000000
  106      C  Fxzz       0.000000       0.000000       0.000000      -0.000000       0.010668
  107      C  Fyyy      -0.000000      -0.000000       0.000000       0.000000       0.004177
  108      C  Fyyz      -0.000058      -0.000033       0.000482       0.000226      -0.000000
  109      C  Fyzz      -0.000000      -0.000000      -0.000000       0.000000      -0.002605
  110      C  Fzzz       0.000065      -0.000056      -0.002196       0.002028       0.000000
 
                          -0.0789   
 
    1      C     S       0.000938
    2      C     S       0.039002
    3      C     S       0.010984
    4      C     S       0.034281
    5      C     S       0.057264
    6      C    Px      -0.000000
    7      C    Py       0.000000
    8      C    Pz      -0.040511
    9      C    Px      -0.000000
   10      C    Py       0.000000
   11      C    Pz      -0.047076
   12      C    Px      -0.000000
   13      C    Py       0.000000
   14      C    Pz      -0.073625
   15      C    Px      -0.000000
   16      C    Py       0.000000
   17      C    Pz      -0.020428
   18      C   Dxx       0.000065
   19      C   Dxy       0.000033
   20      C   Dxz       0.000000
   21      C   Dyy       0.000176
   22      C   Dyz      -0.000000
   23      C   Dzz       0.000461
   24      C   Dxx       0.002276
   25      C   Dxy      -0.000163
   26      C   Dxz       0.000000
   27      C   Dyy       0.001732
   28      C   Dyz      -0.000000
   29      C   Dzz      -0.001195
   30      C   Dxx      -0.002627
   31      C   Dxy       0.000724
   32      C   Dxz      -0.000000
   33      C   Dyy      -0.000211
   34      C   Dyz       0.000000
   35      C   Dzz      -0.015908
   36      C  Fxxx       0.000000
   37      C  Fxxy      -0.000000
   38      C  Fxxz      -0.000520
   39      C  Fxyy       0.000000
   40      C  Fxyz      -0.000044
   41      C  Fxzz      -0.000000
   42      C  Fyyy      -0.000000
   43      C  Fyyz      -0.000668
   44      C  Fyzz       0.000000
   45      C  Fzzz      -0.004391
   46      C  Fxxx       0.000000
   47      C  Fxxy      -0.000000
   48      C  Fxxz       0.002560
   49      C  Fxyy       0.000000
   50      C  Fxyz       0.000184
   51      C  Fxzz      -0.000000
   52      C  Fyyy      -0.000000
   53      C  Fyyz       0.003173
   54      C  Fyzz       0.000000
   55      C  Fzzz      -0.005866
   56      C     S       0.001678
   57      C     S       0.009355
   58      C     S       0.004433
   59      C     S      -0.008788
   60      C     S       0.000408
   61      C    Px      -0.000000
   62      C    Py       0.000000
   63      C    Pz       0.294471
   64      C    Px      -0.000000
   65      C    Py       0.000000
   66      C    Pz       0.379855
   67      C    Px      -0.000000
   68      C    Py       0.000000
   69      C    Pz       0.364462
   70      C    Px      -0.000000
   71      C    Py       0.000000
   72      C    Pz       0.166016
   73      C   Dxx       0.000229
   74      C   Dxy      -0.000079
   75      C   Dxz       0.000000
   76      C   Dyy      -0.000035
   77      C   Dyz      -0.000000
   78      C   Dzz       0.000403
   79      C   Dxx       0.003858
   80      C   Dxy      -0.000080
   81      C   Dxz       0.000000
   82      C   Dyy       0.003590
   83      C   Dyz      -0.000000
   84      C   Dzz      -0.001745
   85      C   Dxx       0.000499
   86      C   Dxy       0.000054
   87      C   Dxz       0.000000
   88      C   Dyy       0.000678
   89      C   Dyz      -0.000000
   90      C   Dzz      -0.001283
   91      C  Fxxx      -0.000000
   92      C  Fxxy       0.000000
   93      C  Fxxz       0.007535
   94      C  Fxyy      -0.000000
   95      C  Fxyz      -0.002317
   96      C  Fxzz      -0.000000
   97      C  Fyyy      -0.000000
   98      C  Fyyz      -0.000193
   99      C  Fyzz       0.000000
  100      C  Fzzz       0.017913
  101      C  Fxxx      -0.000000
  102      C  Fxxy       0.000000
  103      C  Fxxz       0.009799
  104      C  Fxyy       0.000000
  105      C  Fxyz      -0.004888
  106      C  Fxzz      -0.000000
  107      C  Fyyy      -0.000000
  108      C  Fyyz      -0.006507
  109      C  Fyzz       0.000000
  110      C  Fzzz       0.027056
 
 
  end of eigenvectors 
 
  END OF EIGENVALUES AND EIGENVECTORS
 
 
  COMPONENTS OF KINETIC ENERGY: 
 -----------------------------
 
             E-ALPHA Kinetic energy =           38.449402654497
              E-BETA Kinetic energy =           36.878989922249
                                     _________________________
               Total kinetic energy =           75.328392576746
 
  COMPONENTS OF POTENTIAL ENERGY: 
 -------------------------------
 
          Fixed potential energy    =            5.442965992183
 
  Quantum/Fixed interaction energy: 
 ----------------------------------
 
     E-ALPHA/Fixed interact. energy =          -98.048507739967
      E-BETA/Fixed interact. energy =          -91.876554579459
                                     _________________________
               Total Q/Fixed energy =         -189.925062319426
 
  Coulomb energy: 
 ------------------
 
     E-ALPHA/E-ALPHA Hartree energy =           12.546901679665
       E-BETA/E-BETA Hartree energy =           10.045325894519
      E-ALPHA/E-BETA Hartree energy =           21.478308229649
                                     _________________________
               Total Hartree energy =           44.070535803833
 
  Exchange(HF) energy: 
 ----------------------
 
            E-ALPHA Exchange energy =           -5.402895510750
             E-BETA Exchange energy =           -4.889725677740
                                     _________________________
              Total Exchange energy =          -10.292621188490
 
  TOTAL ENERGY COMPONENTS: 
 ==========================
 
          TOTAL KINETIC ENERGY      =           75.328392576746
          TOTAL POTENTIAL ENERGY    =         -150.704181711900
                                     _________________________
                       TOTAL ENERGY =          -75.375789135154
 
                 VIRIAL RATIO (V/T) =            2.000629199121
 
 
  END ENERGY COMPONENTS
 
 
** TOTAL CPU Time SCF :     79.789 (s)
** TOTAL Elapsed Time SCF :      9.288 (s)
 
 We are calculating properties for E-ALPHA in the HF/KS ground state
 We are calculating properties for E-BETA in the HF/KS ground state
 
  POPULATION ANALYSES: 
 ====================
 
 MULLIKEN Population: for E-        
 ---------------------
 
                          total          spin      
 
    1      C     S       1.950348      -0.002108
    2      C     S       1.056746       0.055776
    3      C     S       0.241988       0.018126
    4      C     S       0.660208      -0.043218
    5      C     S       0.025601       0.010778
    6      C    Px       0.266746       0.266630
    7      C    Py       0.267063       0.267057
    8      C    Pz       0.005688      -0.005549
    9      C    Px       0.453944       0.453673
   10      C    Py       0.454221       0.454204
   11      C    Pz       0.011767      -0.011542
   12      C    Px       0.225429       0.224217
   13      C    Py       0.223855       0.223783
   14      C    Pz       0.027469      -0.027280
   15      C    Px       0.012031       0.011965
   16      C    Py       0.010493       0.010489
   17      C    Pz       0.006606      -0.006421
   18      C   Dxx       0.006670       0.010507
   19      C   Dxy       0.000000      -0.000000
   20      C   Dxz       0.000001      -0.000001
   21      C   Dyy       0.006676       0.010546
   22      C   Dyz       0.000000       0.000000
   23      C   Dzz       0.004782      -0.016848
   24      C   Dxx       0.012095       0.014477
   25      C   Dxy      -0.000000       0.000000
   26      C   Dxz       0.000041      -0.000012
   27      C   Dyy       0.012105       0.014508
   28      C   Dyz       0.000075       0.000072
   29      C   Dzz       0.009891      -0.038235
   30      C   Dxx      -0.000293      -0.003651
   31      C   Dxy       0.000001      -0.000001
   32      C   Dxz       0.000703      -0.000263
   33      C   Dyy      -0.000508      -0.003449
   34      C   Dyz       0.000118       0.000061
   35      C   Dzz       0.002129      -0.014925
   36      C  Fxxx       0.011304       0.011292
   37      C  Fxxy       0.003764       0.003763
   38      C  Fxxz       0.000061      -0.000056
   39      C  Fxyy       0.003772       0.003768
   40      C  Fxyz      -0.000000       0.000000
   41      C  Fxzz       0.002843       0.002836
   42      C  Fyyy       0.011304       0.011303
   43      C  Fyyz       0.000075      -0.000069
   44      C  Fyzz       0.002834       0.002834
   45      C  Fzzz       0.000829      -0.000816
   46      C  Fxxx       0.016863       0.016945
   47      C  Fxxy       0.005637       0.005638
   48      C  Fxxz      -0.000339       0.000382
   49      C  Fxyy       0.005621       0.005652
   50      C  Fxyz       0.000000      -0.000000
   51      C  Fxzz       0.002498       0.002314
   52      C  Fyyy       0.016916       0.016921
   53      C  Fyyz      -0.000427       0.000469
   54      C  Fyzz       0.002460       0.002449
   55      C  Fzzz       0.002235      -0.001987
   56      C     S       1.950893       0.000806
   57      C     S       0.974896      -0.018309
   58      C     S       0.218798      -0.005389
   59      C     S       0.707737       0.006373
   60      C     S       0.062087       0.009087
   61      C    Px       0.200354      -0.179712
   62      C    Py       0.184466       0.161811
   63      C    Pz       0.186782      -0.186746
   64      C    Px       0.359532      -0.322255
   65      C    Py       0.332915       0.292275
   66      C    Pz       0.338716      -0.338643
   67      C    Px       0.318625      -0.282384
   68      C    Py       0.322603       0.286778
   69      C    Pz       0.310855      -0.310655
   70      C    Px       0.086067      -0.072385
   71      C    Py       0.123778       0.114334
   72      C    Pz       0.084421      -0.085243
   73      C   Dxx       0.005623      -0.011975
   74      C   Dxy       0.000319       0.000019
   75      C   Dxz       0.000000       0.000000
   76      C   Dyy       0.006838       0.023334
   77      C   Dyz       0.000001       0.000001
   78      C   Dzz       0.005427      -0.012876
   79      C   Dxx       0.011060      -0.025531
   80      C   Dxy       0.001117       0.000120
   81      C   Dxz       0.000006       0.000005
   82      C   Dyy       0.018024       0.057259
   83      C   Dyz       0.000008       0.000008
   84      C   Dzz       0.012296      -0.029711
   85      C   Dxx       0.004820      -0.005593
   86      C   Dxy       0.000459       0.000123
   87      C   Dxz      -0.000202      -0.000212
   88      C   Dyy       0.011176       0.019897
   89      C   Dyz      -0.000196      -0.000197
   90      C   Dzz       0.006200      -0.006644
   91      C  Fxxx       0.011840      -0.011572
   92      C  Fxxy       0.002084       0.000469
   93      C  Fxxz       0.004158      -0.004158
   94      C  Fxyy       0.001036       0.000701
   95      C  Fxyz       0.000012      -0.000012
   96      C  Fxzz       0.004100      -0.004027
   97      C  Fyyy       0.014870       0.015000
   98      C  Fyyz      -0.000103       0.000105
   99      C  Fyzz       0.000836       0.000352
  100      C  Fzzz       0.013319      -0.013321
  101      C  Fxxx       0.012611      -0.013245
  102      C  Fxxy       0.000652      -0.002107
  103      C  Fxxz       0.005242      -0.005243
  104      C  Fxyy      -0.001229       0.004493
  105      C  Fxyz       0.000030      -0.000030
  106      C  Fxzz       0.005476      -0.005676
  107      C  Fyyy       0.020312       0.021697
  108      C  Fyyz      -0.003370       0.003374
  109      C  Fyzz      -0.001077      -0.001742
  110      C  Fzzz       0.019768      -0.019833
 
                           __________     __________
              Total =       13.000000       1.000000
 
  Atomic MULLIKEN Population: for E-        
            C                6.042939       1.957007
            C                6.957061      -0.957007
 
 ...end of MULLIKEN Population
 
 
 END POPULATION ANALYSES 
 
 
  POPULATION ANALYSES: 
 ====================
 
 LOWDIN Population: for E-        
 ---------------------
 
                          total          spin      
 
    1      C     S       1.610263      -0.000527
    2      C     S       0.587787       0.016525
    3      C     S       0.415399       0.013832
    4      C     S       0.301799      -0.010472
    5      C     S       0.092895      -0.009925
    6      C    Px       0.248192       0.248104
    7      C    Py       0.248529       0.248524
    8      C    Pz       0.004955      -0.004826
    9      C    Px       0.211148       0.211037
   10      C    Py       0.211318       0.211311
   11      C    Pz       0.005845      -0.005796
   12      C    Px       0.119799       0.118777
   13      C    Py       0.119213       0.119151
   14      C    Pz       0.022824      -0.021422
   15      C    Px       0.026576       0.018315
   16      C    Py       0.026126       0.025634
   17      C    Pz       0.035091      -0.013855
   18      C   Dxx       0.167598       0.018696
   19      C   Dxy       0.000000      -0.000000
   20      C   Dxz       0.000004       0.000002
   21      C   Dyy       0.167601       0.018733
   22      C   Dyz       0.000004       0.000004
   23      C   Dzz       0.165018      -0.010840
   24      C   Dxx       0.140857       0.008052
   25      C   Dxy       0.000000      -0.000000
   26      C   Dxz       0.000044       0.000008
   27      C   Dyy       0.140844       0.008098
   28      C   Dyz       0.000047       0.000045
   29      C   Dzz       0.136076      -0.031357
   30      C   Dxx       0.016056      -0.002217
   31      C   Dxy       0.000002      -0.000000
   32      C   Dxz       0.003887      -0.002804
   33      C   Dyy       0.016005      -0.002183
   34      C   Dyz       0.004334       0.003935
   35      C   Dzz       0.036562      -0.020066
   36      C  Fxxx       0.134984       0.134925
   37      C  Fxxy       0.058770       0.058769
   38      C  Fxxz       0.001361      -0.001345
   39      C  Fxyy       0.058721       0.058693
   40      C  Fxyz       0.000000       0.000000
   41      C  Fxzz       0.057456       0.057424
   42      C  Fyyy       0.135116       0.135112
   43      C  Fyyz       0.001360      -0.001345
   44      C  Fyzz       0.057504       0.057502
   45      C  Fzzz       0.003727      -0.003701
   46      C  Fxxx       0.080718       0.080614
   47      C  Fxxy       0.034025       0.034022
   48      C  Fxxz       0.002495      -0.002456
   49      C  Fxyy       0.034062       0.034007
   50      C  Fxyz       0.000000      -0.000000
   51      C  Fxzz       0.031938       0.031155
   52      C  Fyyy       0.080663       0.080657
   53      C  Fyyz       0.002437      -0.002397
   54      C  Fyzz       0.031636       0.031589
   55      C  Fzzz       0.011705      -0.011265
   56      C     S       1.609559       0.000263
   57      C     S       0.561456      -0.006275
   58      C     S       0.397017      -0.004619
   59      C     S       0.314282       0.002737
   60      C     S       0.109894       0.004935
   61      C    Px       0.184389      -0.165511
   62      C    Py       0.168728       0.147866
   63      C    Pz       0.171038      -0.171007
   64      C    Px       0.174268      -0.156123
   65      C    Py       0.163888       0.144430
   66      C    Pz       0.166477      -0.166454
   67      C    Px       0.166026      -0.146431
   68      C    Py       0.175074       0.156669
   69      C    Pz       0.153192      -0.152842
   70      C    Px       0.081190      -0.067617
   71      C    Py       0.107835       0.098981
   72      C    Pz       0.079275      -0.065965
   73      C   Dxx       0.153675      -0.015939
   74      C   Dxy       0.000358       0.000022
   75      C   Dxz       0.000000       0.000000
   76      C   Dyy       0.155411       0.024025
   77      C   Dyz       0.000001       0.000001
   78      C   Dzz       0.153882      -0.017373
   79      C   Dxx       0.143494      -0.019970
   80      C   Dxy       0.001037       0.000120
   81      C   Dxz       0.000001      -0.000001
   82      C   Dyy       0.150378       0.046719
   83      C   Dyz       0.000004       0.000004
   84      C   Dzz       0.142406      -0.023021
   85      C   Dxx       0.023248      -0.003392
   86      C   Dxy       0.000498       0.000120
   87      C   Dxz       0.000908       0.000831
   88      C   Dyy       0.027813       0.015546
   89      C   Dyz       0.000987       0.000982
   90      C   Dzz       0.028922      -0.005547
   91      C  Fxxx       0.111565      -0.100805
   92      C  Fxxy       0.043337       0.036716
   93      C  Fxxz       0.045810      -0.045803
   94      C  Fxyy       0.045598      -0.039271
   95      C  Fxyz       0.000013      -0.000013
   96      C  Fxzz       0.048937      -0.044199
   97      C  Fyyy       0.106569       0.095183
   98      C  Fyyz       0.041667      -0.041659
   99      C  Fyzz       0.042482       0.036926
  100      C  Fzzz       0.107796      -0.107781
  101      C  Fxxx       0.098656      -0.088588
  102      C  Fxxy       0.040962       0.034605
  103      C  Fxxz       0.042131      -0.042111
  104      C  Fxyy       0.038763      -0.031948
  105      C  Fxyz       0.000029      -0.000029
  106      C  Fxzz       0.042176      -0.037847
  107      C  Fyyy       0.104756       0.095320
  108      C  Fyyz       0.036338      -0.036320
  109      C  Fyzz       0.038083       0.033314
  110      C  Fzzz       0.096341      -0.096307
 
                           __________     __________
              Total =       13.000000       1.000000
 
  Atomic LOWDIN Population: for E-        
            C                6.101377       1.924452
            C                6.898623      -0.924452
 
 ...end of LOWDIN Population
 
 
 END POPULATION ANALYSES 
 
 
  EXPECTED POSITIONS OF QUANTUM SPECIES:
 ======================
 
 POSITIONS IN ANGSTROMS
 ------
 
                        <x>      <y>      <z>         
            E-ALPHA   0.0000  -0.0000  10.4698
             E-BETA  -0.0000   0.0000  13.7682
 
 END EXPECTED POSITIONS
 
 
  ELECTROSTATIC MOMENTS:
 ======================
 
 
 DIPOLE: (A.U.)
 ------
 
                           <Dx>         <Dy>         <Dz>          |D|
            E-ALPHA  -0.00000000   0.00000000 -19.78504731
             E-BETA   0.00000000  -0.00000000 -26.01819055
    Point charges:    0.00000000   0.00000000  39.68424574
                     ____________________________
      Total Dipole:  -0.00000000   0.00000000  -6.11899211   6.11899211
 
 DIPOLE: (DEBYE)
 ------
 
                           <Dx>         <Dy>         <Dz>          |D|
            E-ALPHA  -0.00000000   0.00000000 -50.28856761
             E-BETA   0.00000000  -0.00000000 -66.13163539
    Point charges:    0.00000000   0.00000000 100.86727842
                     ____________________________
      Total Dipole:  -0.00000000   0.00000000 -15.55292459  15.55292459
 
 QUADRUPOLE NON-TRACELESS: (DEBYE ANGS)
 ------
 
                           <xx>         <yy>         <zz>         <xy>         <xz>         <yz>
            E-ALPHA   -9.13582246  -13.07833124 -182.87669281   -1.02356300    0.00000001   -0.00000000
             E-BETA   -9.53972764   -6.18702166 -242.80233052    0.87043707   -0.00000000    0.00000000
    Point charges:     0.00000000    0.00000000  353.03543418    0.00000000    0.00000000    0.00000000
  Total Quadrupole:  -18.67555010  -19.26535290  -72.64358915   -0.15312593    0.00000000   -0.00000000
                     ____________________________
 
 END ELECTROSTATIC MOMENTS
 
 
 BEGIN FOUR-INDEX INTEGRALS TRANFORMATION:
 ========================================
 Selected method: C         
 
 --------------------------------------------------
    4N^5 Algorithm Four-index integral tranformation
 --------------------------------------------------
 
 Integrals transformation for: E-ALPHA
 
              Transformation boundaries 
                 orbital lower upper
                       p     1     7
                       q     8   110
                       r     1     7
                       s     8   110
 
         Loading AO integrals time(s):  0.267E-01
      Integral transformation time(s):  0.142E+01
       Non-zero transformed integrals:       242442
 
 Inter-species integrals transformation for: E-ALPHA/E-BETA
 
              Transformation boundaries 
                 orbital lower upper
                       p     1     6
                       q     7   110
                       r     1     7
                       s     8   110
 
         Loading AO integrals time(s):  0.492E-01
      Integral transformation time(s):  0.711E+01
 Non zero transformed coupling integrals:       158287
 
 Integrals transformation for: E-BETA
 
              Transformation boundaries 
                 orbital lower upper
                       p     1     6
                       q     7   110
                       r     1     6
                       s     7   110
 
         Loading AO integrals time(s):  0.257E-01
      Integral transformation time(s):  0.123E+01
       Non-zero transformed integrals:       263445
 
** TOTAL Elapsed Time for integrals transformation :     10.129 (s)
 
 
  POST HARTREE-FOCK CALCULATION
  MANY-BODY PERTURBATION THEORY:
 ==============================
 
              MOLLER-PLESSET FORMALISM 
               ORDER OF CORRECTION =     2
 
                E(0) + E(1) =     -75.375789135154
                       E(2) =      -0.193517998906
                             ____________________
                     E(MP2) =     -75.569307134060
 
              -----------------------------------
               E(n){ Specie }     E(n) / Hartree 
              -----------------------------------
 
            E(2){ E-ALPHA } =      -0.019478703825
             E(2){ E-BETA } =      -0.017121701248
 
     E(2){ E-ALPHA/E-BETA } =      -0.156917593833
 
** TOTAL CPU Time HF-MBPT :      0.987 (s)
** TOTAL Elapsed Time HF-MBPT :      0.380 (s)
 

  TOTAL CPU Time:      0.503 (s)
 TOTAL Wall Time:     19.940 (s)
  Elapsed Time:   0h  0m 19s 941ms
LOWDIN execution terminated normally at : Thu Feb 27 18:16:36 2025
-rw-rw-r-- 1 pohl pohl  22M feb 27 18:16 0E-ALPHA.E-BETA.ints
-rw-rw-r-- 1 pohl pohl  11M feb 27 18:16 0E-ALPHA.ints
-rw-rw-r-- 1 pohl pohl  21M feb 27 18:16 1E-ALPHA.E-BETA.ints
-rw-rw-r-- 1 pohl pohl  11M feb 27 18:16 1E-ALPHA.ints
-rw-rw-r-- 1 pohl pohl  21M feb 27 18:16 2E-ALPHA.E-BETA.ints
-rw-rw-r-- 1 pohl pohl  11M feb 27 18:16 2E-ALPHA.ints
-rw-rw-r-- 1 pohl pohl  21M feb 27 18:16 3E-ALPHA.E-BETA.ints
-rw-rw-r-- 1 pohl pohl 9.7M feb 27 18:16 3E-ALPHA.ints
-rw-rw-r-- 1 pohl pohl  20M feb 27 18:16 4E-ALPHA.E-BETA.ints
-rw-rw-r-- 1 pohl pohl  11M feb 27 18:16 4E-ALPHA.ints
-rw-rw-r-- 1 pohl pohl  21M feb 27 18:16 5E-ALPHA.E-BETA.ints
-rw-rw-r-- 1 pohl pohl  11M feb 27 18:16 5E-ALPHA.ints
-rw-rw-r-- 1 pohl pohl  21M feb 27 18:16 6E-ALPHA.E-BETA.ints
-rw-rw-r-- 1 pohl pohl  11M feb 27 18:16 6E-ALPHA.ints
-rw-rw-r-- 1 pohl pohl  21M feb 27 18:16 7E-ALPHA.E-BETA.ints
-rw-rw-r-- 1 pohl pohl  11M feb 27 18:16 7E-ALPHA.ints
-rw-rw-r-- 1 pohl pohl  22M feb 27 18:16 8E-ALPHA.E-BETA.ints
-rw-rw-r-- 1 pohl pohl  11M feb 27 18:16 8E-ALPHA.ints
-rw-rw-r-- 1 pohl pohl  256 feb 27 18:16 c_step_4
-rw-rw-r-- 1 pohl pohl 1.1K feb 27 18:16 c_step_4.aux
-rw-rw-r-- 1 pohl pohl  264 feb 27 18:16 c_step_4.lowdin
-rw-rw-r-- 1 pohl pohl  85K feb 27 18:16 c_step_4.out
-rw-rw-r-- 1 pohl pohl 192K feb 27 18:16 c_step_4.vec
-rw-rw-r-- 1 pohl pohl   12 feb 27 18:16 E-ALPHA.E-BETA.nints
-rw-rw-r-- 1 pohl pohl 8.3M feb 27 18:16 E-ALPHAmoint.dat
-rw-rw-r-- 1 pohl pohl 4.2M feb 27 18:16 E-BETA.E-ALPHAmoint.dat
-rw-rw-r-- 1 pohl pohl 7.6M feb 27 18:16 E-BETAmoint.dat
-rw-rw-r-- 1 pohl pohl   64 feb 27 18:16 gepol.inp
-rw-rw-r-- 1 pohl pohl  182 feb 27 18:16 gepol.xyzr
-rw-rw-r-- 1 pohl pohl  13K feb 27 18:16 lowdin.bas
-rw-rw-r-- 1 pohl pohl  16K feb 27 18:16 lowdin.dat
-rw-rw-r-- 1 pohl pohl 2.3M feb 27 18:16 lowdin.opints
-rw-rw-r-- 1 pohl pohl  46K feb 27 18:16 lowdin.sys
-rw-rw-r-- 1 pohl pohl 2.1M feb 27 18:16 lowdin.wfn
