Begin job by input: c_step_10.lowdin, for user:   at  jue 27 feb 2025 18:18:16 -05
under operating system Linux helios 5.19.0-46-generic #47-Ubuntu SMP PREEMPT_DYNAMIC Fri Jun 16 13:30:11 UTC 2023 x86_64 x86_64 x86_64 GNU/Linux
Compilation information
  commit: f31d3924f6ee2ce9d77f07edcc1ba27359319d14
  compilation date:  mar 17 sep 2024 16:16:17 -05

BEGIN INPUT INFO:
------------------------------------

GEOMETRY
	e-(C)	AUG-CC-PVTZ 0.0 0.0 0.0  multiplicity=2 addParticles=1 
	e-(C)	AUG-CC-PVTZ 0.0 0.0 6.5
	C	Dirac 0 0.0 0.0
	C	Dirac 0.0 0.0 6.5
END GEOMETRY

TASKS
        method = "UHF"
	mollerPlessetCorrection=2
END TASKS

CONTROL
	units="ANGS"
END CONTROL






... END INPUT INFO


 LOWDIN execution started at : Thu Feb 27 18:18:16 2025
 ---------------------------------------------------------------
 
 ***************************************************************
 *                   LOWDIN 2.0  (May/2013)                    *
 *                                                             *
 *  R. FLORES-MORENO, E. F. POSADA, F. S. MONCADA, J.ROMERO,   *
 *  J. CHARRY, M. DIAZ-TINOCO, S. A. GONZALEZ, N. F. AGUIRRE,  *
 *  A. REYES                                                   *
 *                                                             *
 *  https://sites.google.com/site/lowdinproject/               *
 *                                                             *
 ***************************************************************
 
 PARSING INPUT... DONE!
 
 LOWDIN IS RUNNING WITH NEXT PARAMETERS: 
 ----------------------------------------
 
         METHOD TYPE:  UHF
         NUMBER OF CORES:     9
         MOLLER PLESSET CORRECTION:      2
         NONELECTRONIC DENSITY GUESS: HCORE
         ELECTRONIC DENSITY GUESS: HCORE
         CRITERIUM OF CONVERGENCE: ENERGY
         NONELECTRONIC ENERGY TOLERANCE IN SCFs:     0.10000E-07
         ELECTRONIC ENERGY TOLERANCE IN SCFs:     0.10000E-07
         TOTAL ENERGY TOLERANCE IN SCFs:     0.10000E-07
         SCHEME OF ITERATION: GLOBAL ITERATIONS
         SCF MAX. SUBITERATIONS - NONELECTRONS :     1
         SCF MAX. SUBITERATIONS - ELECTRONS :     1
         SCF MAX. ITERATIONS - INTERSPECIES :   200
         INTEGRAL STORAGE: DISK
         STACK SIZE FOR ERIS : 30000
         METHOD OF SCF CONVERGENCE: DAMPING
 
  MOLECULAR SYSTEM: c_step_10
 -----------------
 
    DESCRIPTION   : c_step_10
    CHARGE        :   0
    PUNTUAL GROUP : NONE
 
 
  INFORMATION OF PARTICLES :
 =========================
         Total number of particles   =      15
         Number of quantum particles =      13
         Number of puntual charges   =       2
         Number of quantum species   =       2
 
                 INFORMATION OF QUANTUM SPECIES 
    ----------------------------------------------------------------------
         ID      Symbol            mass     charge      omega     spin     multiplicity
    ----------------------------------------------------------------------
         1        E-ALPHA         1.0000     -1.00      0.00      0.50      2.00
         2         E-BETA         1.0000     -1.00      0.00      0.50      2.00
 
                   CONSTANTS OF COUPLING 
      ------------------------------------------------------------
              Symbol      kappa        eta     lambda occupation
      ------------------------------------------------------------
             E-ALPHA      -1.00       1.00       1.00       7.00
              E-BETA      -1.00       1.00       1.00       6.00
 
                   BASIS SET FOR SPECIES 
      ------------------------------------------------------------
           Symbol          N. Basis     N. Particles     Basis Set
      ------------------------------------------------------------
            E-ALPHA           28                7     AUG-CC-PVT
             E-BETA           28                6     AUG-CC-PVT
 
                                ATOMIC BASIS
         ------------------------------------------------------------
          PRIMITIVE   SHELL             EXPONENT         COEFFICIENT 
         ------------------------------------------------------------
 
    BEGIN DESCRIPTION OF BASIS FOR: E-ALP
    ==============================
 
 
             C BASIS SET:    AUG-CC-PVTZ
             1         S             8236.00000000          0.00053100
             2         S             1235.00000000          0.00410800
             3         S              280.80000000          0.02108700
             4         S               79.27000000          0.08185300
             5         S               25.59000000          0.23481700
             6         S                8.99700000          0.43440100
             7         S                3.31900000          0.34612900
             8         S                0.36430000         -0.00898300
             1         S             8236.00000000         -0.00011300
             2         S             1235.00000000         -0.00087800
             3         S              280.80000000         -0.00454000
             4         S               79.27000000         -0.01813300
             5         S               25.59000000         -0.05576000
             6         S                8.99700000         -0.12689500
             7         S                3.31900000         -0.17035200
             8         S                0.36430000          0.59868400
             1         S                0.90590000          1.00000000
             1         S                0.12850000          1.00000000
             1         S                0.04402000          1.00000000
             1         P               18.71000000          0.01403100
             2         P                4.13300000          0.08686600
             3         P                1.20000000          0.29021600
             1         P                0.38270000          1.00000000
             1         P                0.12090000          1.00000000
             1         P                0.03569000          1.00000000
             1         D                1.09700000          1.00000000
             1         D                0.31800000          1.00000000
             1         D                0.10000000          1.00000000
             1         F                0.76100000          1.00000000
             1         F                0.26800000          1.00000000
 
             C BASIS SET:    AUG-CC-PVTZ
             1         S             8236.00000000          0.00053100
             2         S             1235.00000000          0.00410800
             3         S              280.80000000          0.02108700
             4         S               79.27000000          0.08185300
             5         S               25.59000000          0.23481700
             6         S                8.99700000          0.43440100
             7         S                3.31900000          0.34612900
             8         S                0.36430000         -0.00898300
             1         S             8236.00000000         -0.00011300
             2         S             1235.00000000         -0.00087800
             3         S              280.80000000         -0.00454000
             4         S               79.27000000         -0.01813300
             5         S               25.59000000         -0.05576000
             6         S                8.99700000         -0.12689500
             7         S                3.31900000         -0.17035200
             8         S                0.36430000          0.59868400
             1         S                0.90590000          1.00000000
             1         S                0.12850000          1.00000000
             1         S                0.04402000          1.00000000
             1         P               18.71000000          0.01403100
             2         P                4.13300000          0.08686600
             3         P                1.20000000          0.29021600
             1         P                0.38270000          1.00000000
             1         P                0.12090000          1.00000000
             1         P                0.03569000          1.00000000
             1         D                1.09700000          1.00000000
             1         D                0.31800000          1.00000000
             1         D                0.10000000          1.00000000
             1         F                0.76100000          1.00000000
             1         F                0.26800000          1.00000000
    ... END DESCRIPTION OF BASIS
 
 
  END INFORMATION OF PARTICLES
 
 
  INFORMATION OF THE QUANTUM SYSTEM 
     ---------------------------------------------------------------------
                 ID     Occupied Orbitals     Basis size
     ---------------------------------------------------------------------
            E-ALPHA            7              110
             E-BETA            6              110
 
  END INFORMATION OF QUANTUM SYSTEM
 
                       INITIAL GEOMETRY: AMSTRONG
                 -----------------------------------
                       <x>                 <y>                 <z>
  E-ALPHAC        0.0000000000        0.0000000000        0.0000000000
  E-ALPHAC        0.0000000000        0.0000000000        6.5000000000
         C        0.0000000000        0.0000000000        0.0000000000
         C        0.0000000000        0.0000000000        6.5000000000
 
                     MATRIX OF DISTANCE: ANGSTROM
                 -----------------------------------
                          C(1)           C(2)      
 
        C(1)             0.000000       6.500000
        C(2)             6.500000       0.000000
 
--------------------------------------------------------------------------------
** PROGRAM: SCF (Hartree Fock).     Author: S.A. Gonzalez, E. Posada, F. Moncada
--------------------------------------------------------------------------------
INFO: RUNNING IN UHF MODE.
 
----------------------------------------------------------------------
** PROGRAM INTS                          Author: E. F. Posada, 2013   
----------------------------------------------------------------------
INFO: RUNNING IN ONE_PARTICLE MODE.
 
 Number of Overlap integrals for species E-ALPHA:  12100
 Number of Overlap integrals for species E-BETA:  12100
 Number of Kinetic integrals for species E-ALPHA:  12100
 Number of Kinetic integrals for species E-BETA:  12100
 Number of Nuclear integrals for species E-ALPHA:  12100
 Number of Nuclear integrals for species E-BETA:  12100
 Number of Moment integrals for species E-ALPHA:  36300
 Number of Moment integrals for species E-BETA:  36300
 
** TOTAL CPU Time INTS :      0.643 (s)
** TOTAL Elapsed Time INTS :      0.249 (s)
 
       Usign  HCORE density guess for species:    E-ALPHA
     number of    E-ALPHA     particles in guess density matrix:     7.000000
       Usign  HCORE density guess for species:     E-BETA
     number of     E-BETA     particles in guess density matrix:     6.000000
 Number of unique integrals for species: 1 = 1998590
 Number of unique integrals for species: 1 / 2 = 3993432 Screened: 3974
 
 TWO-BODY INTEGRAL SETUP: 
------------------------- 
 Storage:   DISK
 Scheme: LIBINT
 Stack size:  30000
 
 LIBINT library, Fermann, J. T.; Valeev, F. L. 2010                   
 LOWDIN-LIBINT Implementation V. 2.1  Posada E. F. ; Reyes A. 2016   
 ----------------------------------------------------------------------

*** TOTAL CPU time intra-species integrals :      1.443 (s)
*** TOTAL elapsed time intra-species integrals :      0.226 (s)


*** TOTAL CPU time inter-species integrals :      3.405 (s)
*** TOTAL elapsed time inter-species integrals :      0.470 (s)

INFO: RUNNING SCHEME SIMULTANEOUS
 
 Begin Multi-Species SCF calculation:
 
 --------------------------------------------------------------------------------------------------
      Iteration                   Energy            Energy Change           Density Change
 --------------------------------------------------------------------------------------------------
              1         -66.115675024979          66.115675024979           0.221095526531
              2         -68.880044559523           2.764369534543           0.193046824784
              3         -74.446622505947           5.566577946425           0.049985081372
              4         -74.955285377652           0.508662871704           0.004049522207
              5         -75.112254020814           0.156968643162           0.002927713830
              6         -75.130301321625           0.018047300811           0.001795893198
              7         -75.133646656415           0.003345334790           0.000672558563
              8         -75.134386076344           0.000739419929           0.000428863629
              9         -75.134652324992           0.000266248648           0.000256132472
             10         -75.134768932835           0.000116607843           0.000224501756
             11         -75.134701496391          -0.000067436443           0.000097440589
             12         -75.134838550404           0.000137054013           0.000169911439
             13         -75.134812977068          -0.000025573336           0.000081150464
             14         -75.134894303491           0.000081326422           0.000233403289
             15         -75.135290535318           0.000396231827           0.001039045732
             16         -75.144200752824           0.008910217506           0.003374741637
             17         -75.238551400623           0.094350647800           0.004068279166
             18         -75.333729476898           0.095178076275           0.002015517156
             19         -75.358452019505           0.024722542607           0.001071791114
             20         -75.364226293214           0.005774273709           0.000663147810
             21         -75.366314952906           0.002088659692           0.000472676520
             22         -75.367322815494           0.001007862589           0.000359516439
             23         -75.367912114227           0.000589298733           0.000283659311
             24         -75.368285352126           0.000373237899           0.000227895324
             25         -75.368530209732           0.000244857607           0.000185114573
             26         -75.368693645557           0.000163435824           0.000151532781
             27         -75.368804015954           0.000110370398           0.000124829444
             28         -75.368879268801           0.000075252847           0.000103385812
             29         -75.368931025239           0.000051756437           0.000086029965
             30         -75.368966905342           0.000035880104           0.000071879083
             31         -75.368991957793           0.000025052451           0.000060264363
             32         -75.369009560705           0.000017602912           0.000050672922
             33         -75.369021996739           0.000012436034           0.000042709540
             34         -75.369030823170           0.000008826431           0.000036067035
             35         -75.369037112014           0.000006288844           0.000030504640
             36         -75.369041607305           0.000004495291           0.000025831742
             37         -75.369044829184           0.000003221879           0.000021895912
             38         -75.369047143539           0.000002314355           0.000018574032
             39         -75.369048809112           0.000001665573           0.000015765754
             40         -75.369050009677           0.000001200565           0.000013388623
             41         -75.369050876239           0.000000866562           0.000011374423
             42         -75.369051502466           0.000000626227           0.000009666398
             43         -75.369051955496           0.000000453031           0.000008217108
             44         -75.369052283552           0.000000328056           0.000006986755
             45         -75.369052521327           0.000000237775           0.000005941857
             46         -75.369052693818           0.000000172491           0.000005054178
             47         -75.369052819058           0.000000125240           0.000004299868
             48         -75.369052910069           0.000000091011           0.000003658751
             49         -75.369052976265           0.000000066196           0.000003113741
             50         -75.369053024455           0.000000048190           0.000002650360
             51         -75.369053059571           0.000000035116           0.000002256325
             52         -75.369053085186           0.000000025615           0.000001921217
             53         -75.369053103890           0.000000018704           0.000001636189
             54         -75.369053117564           0.000000013674           0.000001393730
             55         -75.369053127573           0.000000010009           0.000001187458
             56         -75.369053134908           0.000000007335           0.000001011954
 Total energy converged after  56 global iterations                                                  
 
 ...end Multi-Species SCF calculation
 
 
 Begin SCF calculation by: E-ALPHA
 -------------------------
 
 -----------------------------------------------------------------------------------
 Iteration                   Energy           Density Change         DIIS Error 
 -----------------------------------------------------------------------------------
    1         -35.635688121843           0.099677406425                 -- 
    2         -33.200224916844           0.010071805987                 -- 
    3         -29.171870058940           0.001827195124                 -- 
    4         -29.891637585334           0.001177579511                 -- 
    5         -30.457266176820           0.000446037302                 -- 
    6         -30.298194525885           0.000133754729                 -- 
    7         -30.360345535775           0.000106030625                 -- 
    8         -30.365889612221           0.000049564248                 -- 
    9         -30.385432138736           0.000069543586                 -- 
   10         -30.391710688953           0.000040735182                 -- 
   11         -30.395525066581           0.000066596428                 -- 
   12         -30.402272364195           0.000027255111                 -- 
   13         -30.405313807574           0.000128402699                 -- 
   14         -30.414607177959           0.000505180740                 -- 
   15         -30.478457819525           0.001944515987                 -- 
   16         -30.603926670172           0.001499054451                 -- 
   17         -30.606669523340           0.001172203823                 -- 
   18         -30.654929119431           0.000437774448                 -- 
   19         -30.590503618302           0.000309641185                 -- 
   20         -30.570311318657           0.000198903593                 -- 
   21         -30.539940641217           0.000163178294                 -- 
   22         -30.518859354502           0.000131676341                 -- 
   23         -30.500170939211           0.000111268552                 -- 
   24         -30.485186336811           0.000093771987                 -- 
   25         -30.472698119360           0.000079586601                 -- 
   26         -30.462416387165           0.000067529695                 -- 
   27         -30.453879863924           0.000057364234                 -- 
   28         -30.446786615488           0.000048732485                 -- 
   29         -30.440870956549           0.000041410605                 -- 
   30         -30.435925965491           0.000035192630                 -- 
   31         -30.431782108486           0.000029912145                 -- 
   32         -30.428302532032           0.000025426420                 -- 
   33         -30.425375413613           0.000021615325                 -- 
   34         -30.422909217893           0.000018376864                 -- 
   35         -30.420828587243           0.000015624649                 -- 
   36         -30.419071247698           0.000013285402                 -- 
   37         -30.417585531338           0.000011296967                 -- 
   38         -30.416328426831           0.000009606594                 -- 
   39         -30.415264021036           0.000008169503                 -- 
   40         -30.414362249734           0.000006947671                 -- 
   41         -30.413597888223           0.000005908803                 -- 
   42         -30.412949731225           0.000005025462                 -- 
   43         -30.412399922721           0.000004274336                 -- 
   44         -30.411933405534           0.000003635615                 -- 
   45         -30.411537467189           0.000003092461                 -- 
   46         -30.411201363679           0.000002630563                 -- 
   47         -30.410916006659           0.000002237754                 -- 
   48         -30.410673702560           0.000001903693                 -- 
   49         -30.410467934400           0.000001619587                 -- 
   50         -30.410293178885           0.000001377959                 -- 
   51         -30.410144752772           0.000001172453                 -- 
   52         -30.410018683581           0.000000997666                 -- 
   53         -30.409911600639           0.000000849000                 -- 
   54         -30.409820643138           0.000000722550                 -- 
   55         -30.409743382462           0.000000614991                 -- 
 
 ... end SCF calculation
 
 Begin SCF calculation by: E-BETA
 -------------------------
 
 -----------------------------------------------------------------------------------
 Iteration                   Energy           Density Change         DIIS Error 
 -----------------------------------------------------------------------------------
    1         -33.005353783519           0.093369418359                 -- 
    2         -30.338500344759           0.039913275385                 -- 
    3         -26.830930045118           0.002222327084                 -- 
    4         -27.437560638520           0.001750134319                 -- 
    5         -27.861246766641           0.001349855896                 -- 
    6         -27.695419394871           0.000538803834                 -- 
    7         -27.702422968321           0.000322833004                 -- 
    8         -27.675025122820           0.000206568224                 -- 
    9         -27.668167027984           0.000154958171                 -- 
   10         -27.660772916166           0.000056705407                 -- 
   11         -27.657424478719           0.000103315011                 -- 
   12         -27.653582688977           0.000053895352                 -- 
   13         -27.650793131677           0.000105000590                 -- 
   14         -27.648816157367           0.000533864992                 -- 
   15         -27.673528648541           0.001430225650                 -- 
   16         -27.815890197010           0.002569224715                 -- 
   17         -27.678502583133           0.000843313333                 -- 
   18         -27.743126177560           0.000634016666                 -- 
   19         -27.737130741968           0.000353506625                 -- 
   20         -27.775011669348           0.000273772927                 -- 
   21         -27.796981319140           0.000196338144                 -- 
   22         -27.820845968308           0.000151982969                 -- 
   23         -27.840203433285           0.000116626773                 -- 
   24         -27.857231663121           0.000091342585                 -- 
   25         -27.871593016417           0.000071946180                 -- 
   26         -27.883821921891           0.000057299749                 -- 
   27         -27.894164694499           0.000046021578                 -- 
   28         -27.902922522829           0.000037297481                 -- 
   29         -27.910332119803           0.000030468478                 -- 
   30         -27.916604073199           0.000025071733                 -- 
   31         -27.921914483662           0.000020760776                 -- 
   32         -27.926412899745           0.000017283120                 -- 
   33         -27.930225114016           0.000014451710                 -- 
   34         -27.933457179544           0.000012127776                 -- 
   35         -27.936198429311           0.000010207093                 -- 
   36         -27.938524191139           0.000008610509                 -- 
   37         -27.940498025345           0.000007277065                 -- 
   38         -27.942173613067           0.000006159160                 -- 
   39         -27.943596329340           0.000005219120                 -- 
   40         -27.944804558952           0.000004426752                 -- 
   41         -27.945830796349           0.000003757595                 -- 
   42         -27.946702566876           0.000003191646                 -- 
   43         -27.947443199434           0.000002712419                 -- 
   44         -27.948072475617           0.000002306242                 -- 
   45         -27.948607175913           0.000001961717                 -- 
   46         -27.949061539929           0.000001669305                 -- 
   47         -27.949447654679           0.000001420997                 -- 
   48         -27.949775782549           0.000001210048                 -- 
   49         -27.950054638559           0.000001030773                 -- 
   50         -27.950291624988           0.000000878366                 -- 
   51         -27.950493030042           0.000000748763                 -- 
   52         -27.950664196181           0.000000638523                 -- 
   53         -27.950809662832           0.000000544729                 -- 
   54         -27.950933287415           0.000000464909                 -- 
   55         -27.951038348042           0.000000396964                 -- 
 
 ... end SCF calculation
 
  EIGENVALUES AND EIGENVECTORS: 
 ==============================
 
 
  Eigenvalues for: E-ALPHA
 -----------------
 
    1         -11.265708578686
    2         -10.973340497168
    3          -0.748448125577
    4          -0.358041985925
    5          -0.358040753215
    6          -0.337436323183
    7          -0.041133205851
    8           0.097700255535
    9           0.143615833386
   10           0.166219246599
   11           0.166420773330
   12           0.206834857965
   13           0.230372649944
   14           0.231650712517
   15           0.255730901736
   16           0.257496044263
   17           0.380257993316
   18           0.383190441934
   19           0.383190503468
   20           0.386289782289
   21           0.387561776128
   22           0.401421577685
   23           0.415679575121
   24           0.426531709854
   25           0.484677452658
   26           0.485020321332
   27           0.524416342464
   28           0.528088825514
   29           0.529485702324
   30           0.529960846321
   31           0.541989078394
   32           0.545637491847
   33           0.572410180445
   34           0.655502487237
   35           0.732786508728
   36           0.742487611096
   37           1.098291914162
   38           1.098291929770
   39           1.115430268405
   40           1.115467782228
   41           1.122907658986
   42           1.159423117617
   43           1.163851780187
   44           1.163852841065
   45           1.167631306990
   46           1.168083188750
   47           1.168083232845
   48           1.174182418334
   49           1.174182418386
   50           1.196982822187
   51           1.197009846225
   52           1.239293154891
   53           1.353393015555
   54           1.364460602976
   55           1.365041968167
   56           1.369505017709
   57           1.370034329440
   58           1.372915931172
   59           1.373835667973
   60           1.380276705442
   61           1.380329866579
   62           1.392562574646
   63           1.393304510101
   64           1.409842027848
   65           1.417026181093
   66           1.419577378980
   67           1.472520267558
   68           1.484140388036
   69           1.962314431918
   70           2.140912307846
   71           3.108162004854
   72           3.108163720357
   73           3.135281199750
   74           3.367617282285
   75           3.417244883998
   76           3.424579844053
   77           3.457427856686
   78           3.457427860041
   79           3.464544700266
   80           3.464710610509
   81           3.473882127331
   82           3.515262886706
   83           3.516566928517
   84           3.516572832653
   85           3.523360130188
   86           3.523360133476
   87           3.534888608195
   88           3.534888608248
   89           3.756310255282
   90           3.768107820813
   91           3.768343692732
   92           3.794987563400
   93           3.799042536222
   94           3.799151392832
   95           3.811207946859
   96           3.811228307980
   97           3.811991815345
   98           3.816653991721
   99           3.832656106828
  100           3.833148011149
  101           6.149867794004
  102           6.418380701018
  103           7.330508235204
  104           7.330546293106
  105           7.353165607874
  106           7.543014805749
  107           7.553808328190
  108           7.601498917277
  109           8.531730376586
  110           8.799550379521
 
 
  Eigenvalues for: E-BETA
 -----------------
 
    1         -11.220741222986
    2         -10.992237354207
    3          -0.503218430691
    4          -0.450885847140
    5          -0.077728098748
    6          -0.077438807277
    7           0.115568528967
    8           0.138549698846
    9           0.138571481929
   10           0.153921840731
   11           0.218216953805
   12           0.230123938500
   13           0.237200451305
   14           0.242664409077
   15           0.248448974552
   16           0.253756611790
   17           0.272186290267
   18           0.393596072954
   19           0.394819257741
   20           0.398582471653
   21           0.404780432383
   22           0.404780458475
   23           0.404856194606
   24           0.421724623795
   25           0.512289180938
   26           0.512768551262
   27           0.523736189397
   28           0.529865713400
   29           0.530109010185
   30           0.544694787033
   31           0.569941398363
   32           0.570553681519
   33           0.571036668180
   34           0.643568762317
   35           0.657352890011
   36           0.720948262661
   37           1.164757638380
   38           1.172715842175
   39           1.172812479022
   40           1.175131946720
   41           1.179193087726
   42           1.179205753961
   43           1.188497782104
   44           1.188497794679
   45           1.204897768022
   46           1.204897768058
   47           1.205780989217
   48           1.207147855655
   49           1.207147949162
   50           1.259877736860
   51           1.283055527388
   52           1.283644843465
   53           1.311712810758
   54           1.316715038864
   55           1.347373058746
   56           1.355409805439
   57           1.357079660993
   58           1.357725207175
   59           1.358562026516
   60           1.368168808617
   61           1.368247343775
   62           1.374827273663
   63           1.374870026800
   64           1.378445205976
   65           1.383254818640
   66           1.403700951294
   67           1.417642557130
   68           1.461840730855
   69           1.975042064736
   70           2.133379513575
   71           3.155750421168
   72           3.197099280996
   73           3.197123440212
   74           3.354917257592
   75           3.363443027785
   76           3.404868238774
   77           3.529228202316
   78           3.539374289016
   79           3.539413237970
   80           3.551513758839
   81           3.557621856118
   82           3.557629993071
   83           3.578203087503
   84           3.578203090153
   85           3.589579701347
   86           3.589579702040
   87           3.614472364182
   88           3.614472364217
   89           3.713804026658
   90           3.718639020591
   91           3.754974227283
   92           3.755330600599
   93           3.766777817635
   94           3.767030546266
   95           3.772048633155
   96           3.785685405912
   97           3.785705902567
   98           3.797625788646
   99           3.797808387600
  100           3.801715580599
  101           6.191259060287
  102           6.399876066063
  103           7.349985193958
  104           7.350054473065
  105           7.360392084733
  106           7.540239771350
  107           7.549234580233
  108           7.587802732276
  109           8.561258767896
  110           8.786446796721
 
  end of eigenvalues 
 
  Occupied Eigenvectors for: E-ALPHA
 --------------------------- 
 
                         -11.2657       -10.9733        -0.7484        -0.3580        -0.3580   
 
    1      C     S       0.000008      -0.976040       0.000007       0.000000       0.000000
    2      C     S       0.000013       0.007647       0.000011       0.000000       0.000000
    3      C     S       0.000057      -0.044249      -0.000078       0.000000      -0.000000
    4      C     S      -0.000169       0.015759       0.000054       0.000000       0.000000
    5      C     S      -0.000282       0.003237       0.000646      -0.000000      -0.000000
    6      C    Px      -0.000000      -0.000000      -0.000000       0.000037       0.000002
    7      C    Py       0.000000       0.000000       0.000000      -0.000009       0.000007
    8      C    Pz      -0.000009       0.000018      -0.000014      -0.000000      -0.000000
    9      C    Px       0.000000      -0.000000       0.000000      -0.000028      -0.000017
   10      C    Py      -0.000000       0.000000      -0.000000       0.000007      -0.000067
   11      C    Pz       0.000028      -0.000068       0.000014       0.000000       0.000000
   12      C    Px       0.000000      -0.000000       0.000000      -0.000754      -0.000198
   13      C    Py      -0.000000       0.000000      -0.000000       0.000188      -0.000797
   14      C    Pz       0.000078      -0.000155       0.000170       0.000000       0.000000
   15      C    Px      -0.000000      -0.000000      -0.000000       0.000690       0.000167
   16      C    Py       0.000000       0.000000       0.000000      -0.000172       0.000670
   17      C    Pz      -0.000092       0.000089       0.000217      -0.000000      -0.000000
   18      C   Dxx       0.000014      -0.001848      -0.000022       0.000000       0.000000
   19      C   Dxy       0.000000      -0.000564      -0.000000       0.000000       0.000000
   20      C   Dxz       0.000000      -0.000000      -0.000000       0.000016       0.000004
   21      C   Dyy       0.000014      -0.003688      -0.000022       0.000000      -0.000000
   22      C   Dyz      -0.000000       0.000000       0.000000      -0.000004       0.000016
   23      C   Dzz       0.000008      -0.001723      -0.000012       0.000000      -0.000000
   24      C   Dxx       0.000071      -0.007642      -0.000086       0.000000      -0.000000
   25      C   Dxy      -0.000000       0.000017      -0.000000       0.000000      -0.000000
   26      C   Dxz      -0.000000       0.000000       0.000000      -0.000085      -0.000021
   27      C   Dyy       0.000071      -0.007587      -0.000087       0.000000       0.000000
   28      C   Dyz       0.000000      -0.000000      -0.000000       0.000021      -0.000086
   29      C   Dzz       0.000094      -0.007662      -0.000140       0.000000      -0.000000
   30      C   Dxx       0.000122      -0.002639      -0.000216       0.000000       0.000000
   31      C   Dxy       0.000000      -0.000060      -0.000001       0.000000       0.000000
   32      C   Dxz       0.000000      -0.000000      -0.000000       0.000242       0.000059
   33      C   Dyy       0.000122      -0.002836      -0.000218       0.000000      -0.000000
   34      C   Dyz      -0.000000       0.000000       0.000000      -0.000060       0.000236
   35      C   Dzz       0.000071      -0.002595      -0.000026       0.000000      -0.000000
   36      C  Fxxx      -0.000000       0.000000      -0.000000       0.000071       0.000018
   37      C  Fxxy       0.000000      -0.000000       0.000000      -0.000008       0.000031
   38      C  Fxxz      -0.000010       0.000019      -0.000005      -0.000000       0.000000
   39      C  Fxyy      -0.000000       0.000000      -0.000000       0.000032       0.000007
   40      C  Fxyz      -0.000000      -0.000000       0.000000      -0.000000       0.000000
   41      C  Fxzz      -0.000000       0.000000      -0.000000       0.000021       0.000005
   42      C  Fyyy       0.000000      -0.000000       0.000000      -0.000018       0.000069
   43      C  Fyyz      -0.000010       0.000019      -0.000005      -0.000000      -0.000000
   44      C  Fyzz       0.000000      -0.000000       0.000000      -0.000005       0.000021
   45      C  Fzzz      -0.000016       0.000041      -0.000029      -0.000000      -0.000000
   46      C  Fxxx      -0.000000       0.000000      -0.000000       0.000262       0.000066
   47      C  Fxxy       0.000000      -0.000000       0.000000      -0.000029       0.000119
   48      C  Fxxz      -0.000011       0.000033      -0.000061      -0.000000      -0.000000
   49      C  Fxyy      -0.000000       0.000000      -0.000000       0.000117       0.000028
   50      C  Fxyz       0.000000      -0.000000      -0.000000       0.000000      -0.000000
   51      C  Fxzz      -0.000000       0.000000      -0.000000       0.000154       0.000038
   52      C  Fyyy       0.000000       0.000000       0.000000      -0.000065       0.000261
   53      C  Fyyz      -0.000011       0.000033      -0.000061      -0.000000       0.000000
   54      C  Fyzz       0.000000      -0.000000       0.000000      -0.000038       0.000154
   55      C  Fzzz      -0.000038       0.000080      -0.000076      -0.000000      -0.000000
   56      C     S      -0.974594       0.000009       0.004329       0.000000       0.000000
   57      C     S       0.005254       0.000015      -0.582300       0.000000       0.000000
   58      C     S      -0.048349       0.000063      -0.153815       0.000000       0.000000
   59      C     S       0.014343      -0.000188      -0.345205       0.000000      -0.000000
   60      C     S       0.003067      -0.000314      -0.026454      -0.000000      -0.000000
   61      C    Px      -0.000000       0.000000       0.000000      -0.353713      -0.088023
   62      C    Py       0.000000      -0.000000      -0.000000       0.088021      -0.353720
   63      C    Pz       0.000154       0.000010       0.000346      -0.000012      -0.000000
   64      C    Px       0.000000       0.000000       0.000000      -0.468172      -0.116506
   65      C    Py      -0.000000      -0.000000      -0.000000       0.116504      -0.468179
   66      C    Pz      -0.000233      -0.000032       0.001185      -0.000016      -0.000000
   67      C    Px       0.000000      -0.000000      -0.000000      -0.278691      -0.069347
   68      C    Py      -0.000000       0.000000       0.000000       0.069352      -0.278673
   69      C    Pz       0.000002      -0.000088      -0.003496      -0.000009      -0.000000
   70      C    Px      -0.000000       0.000000      -0.000000      -0.022316      -0.005551
   71      C    Py       0.000000      -0.000000       0.000000       0.005553      -0.022306
   72      C    Pz      -0.000063       0.000102      -0.000303      -0.000001      -0.000000
   73      C   Dxx      -0.002086       0.000016      -0.012407      -0.000000      -0.000000
   74      C   Dxy      -0.000000       0.000000      -0.000000       0.000000      -0.000000
   75      C   Dxz      -0.000000      -0.000000      -0.000001       0.000366       0.000091
   76      C   Dyy      -0.002086       0.000016      -0.012408      -0.000000       0.000000
   77      C   Dyz       0.000000       0.000000       0.000000      -0.000091       0.000366
   78      C   Dzz      -0.000122       0.000009       0.009085       0.000000       0.000000
   79      C   Dxx      -0.007057       0.000079      -0.020308      -0.000000      -0.000000
   80      C   Dxy       0.000000      -0.000000       0.000001       0.000000      -0.000000
   81      C   Dxz      -0.000000       0.000000      -0.000002      -0.000701      -0.000175
   82      C   Dyy      -0.007057       0.000079      -0.020305      -0.000000       0.000000
   83      C   Dyz       0.000000      -0.000000       0.000000       0.000175      -0.000702
   84      C   Dzz      -0.006806       0.000104       0.020502      -0.000000      -0.000000
   85      C   Dxx      -0.002541       0.000136       0.007701      -0.000000      -0.000000
   86      C   Dxy       0.000000      -0.000000       0.000002       0.000000      -0.000000
   87      C   Dxz      -0.000000      -0.000000      -0.000000      -0.005857      -0.001459
   88      C   Dyy      -0.002541       0.000136       0.007706       0.000000       0.000000
   89      C   Dyz       0.000000       0.000000       0.000000       0.001457      -0.005864
   90      C   Dzz      -0.002438       0.000079       0.019519      -0.000000      -0.000000
   91      C  Fxxx      -0.000000      -0.000000       0.000000      -0.013881      -0.003454
   92      C  Fxxy       0.000000       0.000000      -0.000000       0.001545      -0.006208
   93      C  Fxxz       0.000035       0.000011      -0.000106      -0.000000      -0.000000
   94      C  Fxyy      -0.000000      -0.000000       0.000000      -0.006208      -0.001545
   95      C  Fxyz      -0.000000      -0.000000       0.000000       0.000000      -0.000000
   96      C  Fxzz      -0.000000      -0.000000       0.000000      -0.005055      -0.001258
   97      C  Fyyy       0.000000       0.000000      -0.000000       0.003455      -0.013882
   98      C  Fyyz       0.000035       0.000011      -0.000106      -0.000000       0.000000
   99      C  Fyzz       0.000000       0.000000      -0.000000       0.001258      -0.005056
  100      C  Fzzz       0.000080       0.000017      -0.000248      -0.000000      -0.000000
  101      C  Fxxx      -0.000000       0.000000       0.000000      -0.025465      -0.006339
  102      C  Fxxy       0.000000      -0.000000      -0.000000       0.002836      -0.011392
  103      C  Fxxz       0.000027       0.000012      -0.000451      -0.000001      -0.000000
  104      C  Fxyy      -0.000000       0.000000       0.000000      -0.011385      -0.002832
  105      C  Fxyz      -0.000000       0.000000      -0.000001       0.000000      -0.000000
  106      C  Fxzz      -0.000000       0.000000      -0.000000      -0.008767      -0.002182
  107      C  Fyyy       0.000000      -0.000000      -0.000000       0.006335      -0.025464
  108      C  Fyyz       0.000027       0.000012      -0.000452      -0.000000       0.000000
  109      C  Fyzz       0.000000      -0.000000       0.000000       0.002182      -0.008770
  110      C  Fzzz       0.000060       0.000043      -0.000477      -0.000001      -0.000000
 
                          -0.3374        -0.0411   
 
    1      C     S      -0.014024      -0.000000
    2      C     S       0.507931      -0.000000
    3      C     S       0.127511       0.000000
    4      C     S       0.386219      -0.000000
    5      C     S       0.061053       0.000000
    6      C    Px       0.000000      -0.068208
    7      C    Py      -0.000000      -0.274096
    8      C    Pz       0.000218       0.000000
    9      C    Px       0.000000      -0.086750
   10      C    Py      -0.000000      -0.348604
   11      C    Pz       0.000273       0.000000
   12      C    Px       0.000000      -0.086238
   13      C    Py      -0.000000      -0.346550
   14      C    Pz       0.000022       0.000000
   15      C    Px       0.000000      -0.062406
   16      C    Py      -0.000000      -0.250780
   17      C    Pz       0.000378       0.000000
   18      C   Dxx      -0.005020      -0.000000
   19      C   Dxy       0.008179      -0.000000
   20      C   Dxz       0.000000      -0.000012
   21      C   Dyy       0.021683       0.000000
   22      C   Dyz      -0.000000      -0.000048
   23      C   Dzz      -0.006744       0.000000
   24      C   Dxx      -0.010726       0.000000
   25      C   Dxy       0.019788       0.000000
   26      C   Dxz       0.000000      -0.000004
   27      C   Dyy       0.053876      -0.000000
   28      C   Dyz      -0.000000      -0.000017
   29      C   Dzz      -0.014956       0.000000
   30      C   Dxx      -0.001174      -0.000000
   31      C   Dxy       0.012813      -0.000000
   32      C   Dxz       0.000000      -0.000119
   33      C   Dyy       0.040655       0.000000
   34      C   Dyz      -0.000000      -0.000478
   35      C   Dzz      -0.003723      -0.000000
   36      C  Fxxx      -0.000000      -0.001110
   37      C  Fxxy       0.000000      -0.002976
   38      C  Fxxz       0.000012      -0.000000
   39      C  Fxyy       0.000000      -0.006290
   40      C  Fxyz       0.000002      -0.000000
   41      C  Fxzz      -0.000000      -0.000375
   42      C  Fyyy      -0.000000      -0.021081
   43      C  Fyyz       0.000019       0.000000
   44      C  Fyzz       0.000000      -0.001508
   45      C  Fzzz       0.000016       0.000000
   46      C  Fxxx      -0.000000       0.000799
   47      C  Fxxy       0.000000      -0.000775
   48      C  Fxxz       0.000017      -0.000000
   49      C  Fxyy      -0.000000      -0.012700
   50      C  Fxyz       0.000013      -0.000000
   51      C  Fxzz      -0.000000       0.000610
   52      C  Fyyy      -0.000000      -0.034250
   53      C  Fyyz       0.000058       0.000000
   54      C  Fyzz       0.000000       0.002451
   55      C  Fzzz       0.000075      -0.000000
   56      C     S      -0.000015       0.000000
   57      C     S      -0.000114       0.000000
   58      C     S      -0.000046       0.000000
   59      C     S       0.000254      -0.000000
   60      C     S      -0.000444      -0.000000
   61      C    Px       0.000000       0.000142
   62      C    Py      -0.000000       0.000569
   63      C    Pz      -0.000035      -0.000000
   64      C    Px       0.000000       0.000223
   65      C    Py      -0.000000       0.000896
   66      C    Pz       0.000007      -0.000000
   67      C    Px       0.000000       0.000861
   68      C    Py      -0.000000       0.003460
   69      C    Pz       0.000068      -0.000000
   70      C    Px       0.000000      -0.000870
   71      C    Py      -0.000000      -0.003495
   72      C    Pz       0.000279      -0.000000
   73      C   Dxx       0.000001       0.000000
   74      C   Dxy       0.000001       0.000000
   75      C   Dxz      -0.000000       0.000007
   76      C   Dyy       0.000004      -0.000000
   77      C   Dyz       0.000000       0.000028
   78      C   Dzz      -0.000011       0.000000
   79      C   Dxx      -0.000054       0.000000
   80      C   Dxy      -0.000005       0.000000
   81      C   Dxz       0.000000      -0.000002
   82      C   Dyy      -0.000071      -0.000000
   83      C   Dyz      -0.000000      -0.000009
   84      C   Dzz       0.000040       0.000000
   85      C   Dxx       0.000112      -0.000000
   86      C   Dxy       0.000014      -0.000000
   87      C   Dxz       0.000000       0.000121
   88      C   Dyy       0.000157       0.000000
   89      C   Dyz      -0.000000       0.000488
   90      C   Dzz      -0.000147       0.000000
   91      C  Fxxx       0.000000      -0.000042
   92      C  Fxxy      -0.000000      -0.000076
   93      C  Fxxz      -0.000008      -0.000000
   94      C  Fxyy       0.000000      -0.000019
   95      C  Fxyz       0.000000      -0.000000
   96      C  Fxzz       0.000000      -0.000019
   97      C  Fyyy      -0.000000      -0.000169
   98      C  Fyyz      -0.000006       0.000000
   99      C  Fyzz      -0.000000      -0.000077
  100      C  Fzzz      -0.000032       0.000000
  101      C  Fxxx       0.000000      -0.000226
  102      C  Fxxy      -0.000000      -0.000406
  103      C  Fxxz      -0.000050       0.000000
  104      C  Fxyy       0.000000      -0.000101
  105      C  Fxyz      -0.000001       0.000000
  106      C  Fxzz       0.000000      -0.000110
  107      C  Fyyy      -0.000000      -0.000908
  108      C  Fyyz      -0.000054      -0.000000
  109      C  Fyzz      -0.000000      -0.000440
  110      C  Fzzz      -0.000061       0.000000
 
 
  Occupied Eigenvectors for: E-BETA
 --------------------------- 
 
                         -11.2207       -10.9922        -0.5032        -0.4509        -0.0777   
 
    1      C     S      -0.000001      -0.975246      -0.000020      -0.012391      -0.000000
    2      C     S      -0.000004       0.006098       0.000488       0.529496      -0.000000
    3      C     S       0.000037      -0.046599       0.000101       0.134158      -0.000000
    4      C     S      -0.000105       0.014897       0.000488       0.380079      -0.000000
    5      C     S      -0.000163       0.003131       0.000078       0.044981       0.000000
    6      C    Px       0.000000      -0.000000       0.000000      -0.000000       0.296874
    7      C    Py      -0.000000       0.000000      -0.000000       0.000000      -0.073877
    8      C    Pz      -0.000001       0.000008       0.000118      -0.000276      -0.000004
    9      C    Px      -0.000000       0.000000       0.000000      -0.000000       0.384670
   10      C    Py       0.000000      -0.000000      -0.000000       0.000000      -0.095725
   11      C    Pz       0.000007      -0.000024       0.000133      -0.000317      -0.000006
   12      C    Px      -0.000000       0.000000       0.000000       0.000000       0.360348
   13      C    Py       0.000000      -0.000000      -0.000000      -0.000000      -0.089672
   14      C    Pz       0.000004      -0.000118       0.000104       0.000783      -0.000005
   15      C    Px       0.000000      -0.000000      -0.000000       0.000000       0.164806
   16      C    Py      -0.000000       0.000000       0.000000      -0.000000      -0.041012
   17      C    Pz      -0.000048       0.000071       0.000032      -0.000238      -0.000002
   18      C   Dxx       0.000010      -0.002468       0.000008       0.012385      -0.000000
   19      C   Dxy       0.000000       0.000599      -0.000008      -0.007935      -0.000000
   20      C   Dxz       0.000000       0.000000       0.000000      -0.000000      -0.000000
   21      C   Dyy       0.000010      -0.000513      -0.000016      -0.013520      -0.000000
   22      C   Dyz      -0.000000      -0.000000      -0.000000       0.000000       0.000000
   23      C   Dzz       0.000008      -0.002589       0.000009       0.014053      -0.000000
   24      C   Dxx       0.000047      -0.007244      -0.000016       0.027064      -0.000000
   25      C   Dxy       0.000000      -0.000001      -0.000017      -0.018259       0.000000
   26      C   Dxz      -0.000000       0.000000       0.000000      -0.000000      -0.000039
   27      C   Dyy       0.000047      -0.007248      -0.000073      -0.032546      -0.000000
   28      C   Dyz       0.000000      -0.000000      -0.000000       0.000000       0.000010
   29      C   Dzz       0.000058      -0.007257       0.000017       0.030988      -0.000000
   30      C   Dxx       0.000068      -0.002669      -0.000004       0.013957      -0.000000
   31      C   Dxy       0.000000       0.000055      -0.000009      -0.008693      -0.000000
   32      C   Dxz       0.000000      -0.000000       0.000000       0.000000       0.000448
   33      C   Dyy       0.000068      -0.002488      -0.000034      -0.014422      -0.000000
   34      C   Dyz      -0.000000       0.000000      -0.000000      -0.000000      -0.000111
   35      C   Dzz       0.000035      -0.002656      -0.000020       0.015970      -0.000000
   36      C  Fxxx       0.000000      -0.000000      -0.000000      -0.000000       0.015586
   37      C  Fxxy      -0.000000       0.000000       0.000000       0.000000      -0.005640
   38      C  Fxxz      -0.000003       0.000010       0.000006      -0.000028      -0.000000
   39      C  Fxyy       0.000000      -0.000000      -0.000000       0.000000       0.000581
   40      C  Fxyz       0.000000      -0.000000      -0.000001       0.000002       0.000000
   41      C  Fxzz       0.000000      -0.000000      -0.000000      -0.000000       0.007440
   42      C  Fyyy      -0.000000       0.000000       0.000000      -0.000000       0.000217
   43      C  Fyyz      -0.000003       0.000010       0.000003      -0.000022       0.000000
   44      C  Fyzz      -0.000000       0.000000       0.000000       0.000000      -0.001851
   45      C  Fzzz      -0.000001       0.000020       0.000017      -0.000070      -0.000000
   46      C  Fxxx       0.000000      -0.000000      -0.000000      -0.000000       0.019518
   47      C  Fxxy      -0.000000       0.000000       0.000000      -0.000000      -0.010596
   48      C  Fxxz       0.000004       0.000023       0.000016      -0.000135      -0.000000
   49      C  Fxyy       0.000000      -0.000000      -0.000000      -0.000000      -0.005052
   50      C  Fxyz       0.000000       0.000000      -0.000002      -0.000007       0.000000
   51      C  Fxzz       0.000000      -0.000000      -0.000000       0.000000       0.009868
   52      C  Fyyy      -0.000000       0.000000       0.000000       0.000000       0.003978
   53      C  Fyyz       0.000004       0.000023       0.000009      -0.000158       0.000000
   54      C  Fyzz      -0.000000       0.000000       0.000000      -0.000000      -0.002456
   55      C  Fzzz      -0.000004       0.000054       0.000034      -0.000228      -0.000000
   56      C     S      -0.976519       0.000004      -0.008692      -0.000027       0.000000
   57      C     S       0.008929       0.000005       0.534000      -0.000741       0.000000
   58      C     S      -0.042589       0.000049       0.136408      -0.000243       0.000000
   59      C     S       0.016210      -0.000136       0.391189      -0.000725       0.000000
   60      C     S       0.003128      -0.000242       0.022950       0.001400      -0.000000
   61      C    Px      -0.000000      -0.000000      -0.000000       0.000000       0.000210
   62      C    Py       0.000000       0.000000       0.000000      -0.000000      -0.000052
   63      C    Pz       0.000227       0.000004       0.005914      -0.000057       0.000000
   64      C    Px       0.000000      -0.000000      -0.000000       0.000000       0.000155
   65      C    Py      -0.000000       0.000000       0.000000      -0.000000      -0.000039
   66      C    Pz      -0.000591      -0.000014       0.007683      -0.000102       0.000000
   67      C    Px       0.000000      -0.000000      -0.000000       0.000000      -0.000948
   68      C    Py      -0.000000       0.000000       0.000000      -0.000000       0.000236
   69      C    Pz      -0.000169      -0.000041       0.010945       0.000327      -0.000000
   70      C    Px      -0.000000       0.000000      -0.000000       0.000000       0.001449
   71      C    Py       0.000000      -0.000000       0.000000      -0.000000      -0.000361
   72      C    Pz      -0.000017       0.000077       0.001714      -0.000611       0.000000
   73      C   Dxx      -0.002450       0.000013      -0.003500      -0.000008       0.000000
   74      C   Dxy       0.000000      -0.000000      -0.000000      -0.000001      -0.000000
   75      C   Dxz       0.000000      -0.000000      -0.000001       0.000000      -0.000005
   76      C   Dyy      -0.002450       0.000013      -0.003501      -0.000010       0.000000
   77      C   Dyz      -0.000000       0.000000       0.000000      -0.000000       0.000001
   78      C   Dzz      -0.003554       0.000008       0.015563      -0.000012       0.000000
   79      C   Dxx      -0.008003       0.000060      -0.002446      -0.000059       0.000000
   80      C   Dxy      -0.000000       0.000000      -0.000001       0.000002       0.000000
   81      C   Dxz      -0.000000       0.000000      -0.000001       0.000000      -0.000027
   82      C   Dyy      -0.008003       0.000060      -0.002448      -0.000051       0.000000
   83      C   Dyz       0.000000      -0.000000       0.000000      -0.000000       0.000007
   84      C   Dzz      -0.007550       0.000080       0.036521      -0.000187       0.000000
   85      C   Dxx      -0.002601       0.000102       0.002648      -0.000458       0.000000
   86      C   Dxy       0.000000      -0.000000      -0.000003      -0.000007      -0.000000
   87      C   Dxz       0.000000       0.000000      -0.000000      -0.000000      -0.000060
   88      C   Dyy      -0.002601       0.000102       0.002640      -0.000480       0.000000
   89      C   Dyz      -0.000000      -0.000000       0.000000       0.000000       0.000015
   90      C   Dzz      -0.002755       0.000055       0.007903      -0.000190       0.000000
   91      C  Fxxx      -0.000000       0.000000      -0.000000       0.000000       0.000101
   92      C  Fxxy       0.000000      -0.000000       0.000000      -0.000000      -0.000011
   93      C  Fxxz       0.000108       0.000006       0.000003      -0.000007       0.000000
   94      C  Fxyy      -0.000000       0.000000      -0.000000       0.000000       0.000045
   95      C  Fxyz      -0.000000       0.000000      -0.000000      -0.000000       0.000000
   96      C  Fxzz      -0.000000       0.000000      -0.000000       0.000000       0.000057
   97      C  Fyyy       0.000000      -0.000000       0.000000      -0.000000      -0.000025
   98      C  Fyyz       0.000108       0.000006       0.000003      -0.000008       0.000000
   99      C  Fyzz       0.000000      -0.000000       0.000000      -0.000000      -0.000014
  100      C  Fzzz       0.000239       0.000007       0.000485      -0.000012       0.000000
  101      C  Fxxx      -0.000000       0.000000      -0.000000      -0.000000       0.000437
  102      C  Fxxy       0.000000      -0.000000       0.000000       0.000000      -0.000049
  103      C  Fxxz       0.000095       0.000002      -0.000264      -0.000040       0.000000
  104      C  Fxyy      -0.000000       0.000000      -0.000000      -0.000000       0.000195
  105      C  Fxyz      -0.000000      -0.000000       0.000001       0.000001       0.000000
  106      C  Fxzz      -0.000000       0.000000      -0.000000       0.000000       0.000206
  107      C  Fyyy       0.000000      -0.000000       0.000000       0.000000      -0.000109
  108      C  Fyyz       0.000095       0.000002      -0.000262      -0.000038       0.000000
  109      C  Fyzz       0.000000      -0.000000       0.000000      -0.000000      -0.000051
  110      C  Fzzz       0.000209       0.000020       0.000925      -0.000136       0.000000
 
                          -0.0774   
 
    1      C     S      -0.000065
    2      C     S      -0.000514
    3      C     S      -0.000217
    4      C     S      -0.000974
    5      C     S       0.002920
    6      C    Px       0.000004
    7      C    Py      -0.000001
    8      C    Pz       0.305432
    9      C    Px       0.000006
   10      C    Py      -0.000001
   11      C    Pz       0.395771
   12      C    Px       0.000005
   13      C    Py      -0.000001
   14      C    Pz       0.371726
   15      C    Px       0.000002
   16      C    Py      -0.000001
   17      C    Pz       0.170711
   18      C   Dxx      -0.000018
   19      C   Dxy       0.000003
   20      C   Dxz       0.000000
   21      C   Dyy      -0.000008
   22      C   Dyz      -0.000000
   23      C   Dzz      -0.000000
   24      C   Dxx      -0.000031
   25      C   Dxy       0.000000
   26      C   Dxz      -0.000000
   27      C   Dyy      -0.000030
   28      C   Dyz       0.000000
   29      C   Dzz      -0.000078
   30      C   Dxx      -0.000572
   31      C   Dxy      -0.000029
   32      C   Dxz       0.000000
   33      C   Dyy      -0.000666
   34      C   Dyz      -0.000000
   35      C   Dzz       0.000601
   36      C  Fxxx       0.000000
   37      C  Fxxy      -0.000000
   38      C  Fxxz       0.007172
   39      C  Fxyy       0.000000
   40      C  Fxyz      -0.002320
   41      C  Fxzz       0.000000
   42      C  Fyyy       0.000000
   43      C  Fyyz      -0.000403
   44      C  Fyzz      -0.000000
   45      C  Fzzz       0.017109
   46      C  Fxxx       0.000000
   47      C  Fxxy      -0.000000
   48      C  Fxxz       0.008856
   49      C  Fxyy      -0.000000
   50      C  Fxyz      -0.005013
   51      C  Fxzz       0.000000
   52      C  Fyyy       0.000000
   53      C  Fyyz      -0.007509
   54      C  Fyzz      -0.000000
   55      C  Fzzz       0.022470
   56      C     S      -0.000395
   57      C     S      -0.003052
   58      C     S      -0.001598
   59      C     S      -0.001463
   60      C     S       0.009243
   61      C    Px       0.000000
   62      C    Py      -0.000000
   63      C    Pz      -0.001810
   64      C    Px       0.000000
   65      C    Py      -0.000000
   66      C    Pz      -0.002034
   67      C    Px       0.000000
   68      C    Py      -0.000000
   69      C    Pz       0.000833
   70      C    Px       0.000000
   71      C    Py      -0.000000
   72      C    Pz      -0.003270
   73      C   Dxx      -0.000097
   74      C   Dxy      -0.000000
   75      C   Dxz       0.000000
   76      C   Dyy      -0.000098
   77      C   Dyz      -0.000000
   78      C   Dzz      -0.000187
   79      C   Dxx      -0.001368
   80      C   Dxy       0.000002
   81      C   Dxz       0.000000
   82      C   Dyy      -0.001361
   83      C   Dyz      -0.000000
   84      C   Dzz      -0.001076
   85      C   Dxx      -0.002865
   86      C   Dxy      -0.000006
   87      C   Dxz      -0.000000
   88      C   Dyy      -0.002886
   89      C   Dyz       0.000000
   90      C   Dzz      -0.003685
   91      C  Fxxx       0.000000
   92      C  Fxxy      -0.000000
   93      C  Fxxz      -0.000114
   94      C  Fxyy       0.000000
   95      C  Fxyz      -0.000000
   96      C  Fxzz       0.000000
   97      C  Fyyy      -0.000000
   98      C  Fyyz      -0.000114
   99      C  Fyzz      -0.000000
  100      C  Fzzz      -0.000460
  101      C  Fxxx       0.000000
  102      C  Fxxy      -0.000000
  103      C  Fxxz      -0.000607
  104      C  Fxyy       0.000000
  105      C  Fxyz       0.000000
  106      C  Fxzz       0.000000
  107      C  Fyyy      -0.000000
  108      C  Fyyz      -0.000606
  109      C  Fyzz      -0.000000
  110      C  Fzzz      -0.001521
 
 
  end of eigenvectors 
 
  END OF EIGENVALUES AND EIGENVECTORS
 
 
  COMPONENTS OF KINETIC ENERGY: 
 -----------------------------
 
             E-ALPHA Kinetic energy =           38.420605642429
              E-BETA Kinetic energy =           36.924802137104
                                     _________________________
               Total kinetic energy =           75.345407779532
 
  COMPONENTS OF POTENTIAL ENERGY: 
 -------------------------------
 
          Fixed potential energy    =            2.930827841945
 
  Quantum/Fixed interaction energy: 
 ----------------------------------
 
     E-ALPHA/Fixed interact. energy =          -95.096953858061
      E-BETA/Fixed interact. energy =          -89.443803499339
                                     _________________________
               Total Q/Fixed energy =         -184.540757357400
 
  Coulomb energy: 
 ------------------
 
     E-ALPHA/E-ALPHA Hartree energy =           11.721296530777
       E-BETA/E-BETA Hartree energy =            9.530635655796
      E-ALPHA/E-BETA Hartree energy =           19.939080417824
                                     _________________________
               Total Hartree energy =           41.191012604397
 
  Exchange(HF) energy: 
 ----------------------
 
            E-ALPHA Exchange energy =           -5.393728318179
             E-BETA Exchange energy =           -4.901815690586
                                     _________________________
              Total Exchange energy =          -10.295544008765
 
  TOTAL ENERGY COMPONENTS: 
 ==========================
 
          TOTAL KINETIC ENERGY      =           75.345407779532
          TOTAL POTENTIAL ENERGY    =         -150.714460919824
                                     _________________________
                       TOTAL ENERGY =          -75.369053140292
 
                 VIRIAL RATIO (V/T) =            2.000313826170
 
 
  END ENERGY COMPONENTS
 
 
** TOTAL CPU Time SCF :     50.161 (s)
** TOTAL Elapsed Time SCF :      5.931 (s)
 
 We are calculating properties for E-ALPHA in the HF/KS ground state
 We are calculating properties for E-BETA in the HF/KS ground state
 
  POPULATION ANALYSES: 
 ====================
 
 MULLIKEN Population: for E-        
 ---------------------
 
                          total          spin      
 
    1      C     S       1.950813       0.000888
    2      C     S       0.974177      -0.024641
    3      C     S       0.218285      -0.007211
    4      C     S       0.703286       0.009244
    5      C     S       0.071304       0.012112
    6      C    Px       0.198543      -0.178365
    7      C    Py       0.174589       0.151249
    8      C    Pz       0.199552      -0.199552
    9      C    Px       0.357305      -0.320585
   10      C    Py       0.317478       0.275500
   11      C    Pz       0.359095      -0.359095
   12      C    Px       0.314943      -0.278628
   13      C    Py       0.311590       0.274833
   14      C    Pz       0.315644      -0.315644
   15      C    Px       0.094500      -0.076173
   16      C    Py       0.153309       0.142740
   17      C    Pz       0.091422      -0.091431
   18      C   Dxx       0.005547      -0.011252
   19      C   Dxy       0.000316       0.000017
   20      C   Dxz       0.000000       0.000000
   21      C   Dyy       0.006579       0.022979
   22      C   Dyz       0.000000       0.000000
   23      C   Dzz       0.005631      -0.013451
   24      C   Dxx       0.011452      -0.024414
   25      C   Dxy       0.001125       0.000122
   26      C   Dxz      -0.000000       0.000000
   27      C   Dyy       0.018206       0.056612
   28      C   Dyz       0.000000       0.000000
   29      C   Dzz       0.011582      -0.029676
   30      C   Dxx       0.004649      -0.005454
   31      C   Dxy       0.000498       0.000148
   32      C   Dxz       0.000000      -0.000000
   33      C   Dyy       0.011996       0.021125
   34      C   Dyz       0.000000       0.000000
   35      C   Dzz       0.004542      -0.007117
   36      C  Fxxx       0.011640      -0.011257
   37      C  Fxxy       0.002344       0.000742
   38      C  Fxxz       0.004043      -0.004043
   39      C  Fxyy       0.001177       0.000551
   40      C  Fxyz       0.000012      -0.000012
   41      C  Fxzz       0.004127      -0.004030
   42      C  Fyyy       0.014898       0.014976
   43      C  Fyyz      -0.000223       0.000223
   44      C  Fyzz       0.001031       0.000526
   45      C  Fzzz       0.012957      -0.012957
   46      C  Fxxx       0.013476      -0.013752
   47      C  Fxxy       0.001849      -0.001043
   48      C  Fxxz       0.004745      -0.004745
   49      C  Fxyy      -0.000793       0.004343
   50      C  Fxyz       0.000032      -0.000032
   51      C  Fxzz       0.005061      -0.005218
   52      C  Fyyy       0.023766       0.025111
   53      C  Fyyz      -0.003920       0.003920
   54      C  Fyzz      -0.000949      -0.001585
   55      C  Fzzz       0.016183      -0.016183
   56      C     S       1.950261      -0.002202
   57      C     S       1.064057       0.052079
   58      C     S       0.243348       0.018115
   59      C     S       0.662839      -0.050736
   60      C     S       0.030873       0.000846
   61      C    Px       0.270079       0.270079
   62      C    Py       0.270087       0.270087
   63      C    Pz       0.000087      -0.000087
   64      C    Px       0.458568       0.458568
   65      C    Py       0.458577       0.458577
   66      C    Pz       0.000166      -0.000171
   67      C    Px       0.217419       0.217424
   68      C    Py       0.217399       0.217399
   69      C    Pz       0.000209      -0.000181
   70      C    Px       0.008401       0.008351
   71      C    Py       0.008450       0.008447
   72      C    Pz       0.000329      -0.000345
   73      C   Dxx       0.006689       0.010505
   74      C   Dxy       0.000000      -0.000000
   75      C   Dxz      -0.000000      -0.000000
   76      C   Dyy       0.006689       0.010505
   77      C   Dyz      -0.000000      -0.000000
   78      C   Dzz       0.004934      -0.016550
   79      C   Dxx       0.011667       0.014333
   80      C   Dxy      -0.000000      -0.000000
   81      C   Dxz       0.000003       0.000003
   82      C   Dyy       0.011664       0.014332
   83      C   Dyz       0.000003       0.000003
   84      C   Dzz       0.012362      -0.036258
   85      C   Dxx      -0.001481      -0.003221
   86      C   Dxy       0.000000       0.000000
   87      C   Dxz       0.000039       0.000039
   88      C   Dyy      -0.001486      -0.003220
   89      C   Dyz       0.000043       0.000043
   90      C   Dzz      -0.002790      -0.008180
   91      C  Fxxx       0.011461       0.011460
   92      C  Fxxy       0.003820       0.003820
   93      C  Fxxz       0.000001      -0.000000
   94      C  Fxyy       0.003820       0.003820
   95      C  Fxyz      -0.000000      -0.000000
   96      C  Fxzz       0.003102       0.003102
   97      C  Fyyy       0.011461       0.011461
   98      C  Fyyz       0.000001      -0.000000
   99      C  Fyzz       0.003102       0.003102
  100      C  Fzzz       0.000011      -0.000011
  101      C  Fxxx       0.017084       0.017083
  102      C  Fxxy       0.005696       0.005696
  103      C  Fxxz       0.000003      -0.000000
  104      C  Fxyy       0.005693       0.005692
  105      C  Fxyz       0.000000       0.000000
  106      C  Fxzz       0.004364       0.004363
  107      C  Fyyy       0.017082       0.017082
  108      C  Fyyz       0.000003      -0.000000
  109      C  Fyzz       0.004365       0.004365
  110      C  Fzzz       0.000036      -0.000033
 
                           __________     __________
              Total =       13.000000       1.000000
 
  Atomic MULLIKEN Population: for E-        
            C                6.999412      -0.999585
            C                6.000588       1.999585
 
 ...end of MULLIKEN Population
 
 
 END POPULATION ANALYSES 
 
 
  POPULATION ANALYSES: 
 ====================
 
 LOWDIN Population: for E-        
 ---------------------
 
                          total          spin      
 
    1      C     S       1.609845       0.000237
    2      C     S       0.562730      -0.008249
    3      C     S       0.397450      -0.006021
    4      C     S       0.320938       0.003435
    5      C     S       0.117352       0.007414
    6      C    Px       0.182658      -0.164281
    7      C    Py       0.159074       0.137584
    8      C    Pz       0.183696      -0.183696
    9      C    Px       0.172812      -0.154898
   10      C    Py       0.156548       0.136492
   11      C    Pz       0.173750      -0.173750
   12      C    Px       0.168642      -0.147856
   13      C    Py       0.179496       0.160123
   14      C    Pz       0.168200      -0.168200
   15      C    Px       0.091365      -0.075046
   16      C    Py       0.137078       0.126789
   17      C    Pz       0.088023      -0.088018
   18      C   Dxx       0.154098      -0.016189
   19      C   Dxy       0.000355       0.000020
   20      C   Dxz       0.000000       0.000000
   21      C   Dyy       0.155603       0.022767
   22      C   Dyz       0.000000       0.000000
   23      C   Dzz       0.154195      -0.018713
   24      C   Dxx       0.145307      -0.019050
   25      C   Dxy       0.001048       0.000124
   26      C   Dxz       0.000000       0.000000
   27      C   Dyy       0.152320       0.047010
   28      C   Dyz       0.000000       0.000000
   29      C   Dzz       0.145346      -0.023301
   30      C   Dxx       0.025812      -0.002897
   31      C   Dxy       0.000535       0.000142
   32      C   Dxz       0.000000       0.000000
   33      C   Dyy       0.031148       0.017466
   34      C   Dyz       0.000000       0.000000
   35      C   Dzz       0.025858      -0.004192
   36      C  Fxxx       0.110608      -0.099992
   37      C  Fxxy       0.041424       0.034636
   38      C  Fxxz       0.048396      -0.048396
   39      C  Fxyy       0.045338      -0.039099
   40      C  Fxyz       0.000014      -0.000014
   41      C  Fxzz       0.048265      -0.043643
   42      C  Fyyy       0.101638       0.089868
   43      C  Fyyz       0.044179      -0.044179
   44      C  Fyzz       0.040136       0.034440
   45      C  Fzzz       0.112321      -0.112321
   46      C  Fxxx       0.098526      -0.088135
   47      C  Fxxy       0.041028       0.034446
   48      C  Fxxz       0.042678      -0.042678
   49      C  Fxyy       0.038913      -0.031850
   50      C  Fxyz       0.000030      -0.000030
   51      C  Fxzz       0.042823      -0.038287
   52      C  Fyyy       0.104280       0.094494
   53      C  Fyyz       0.036866      -0.036866
   54      C  Fyzz       0.039142       0.034120
   55      C  Fzzz       0.100303      -0.100303
   56      C     S       1.610643      -0.000625
   57      C     S       0.591983       0.015054
   58      C     S       0.417279       0.013321
   59      C     S       0.307998      -0.012328
   60      C     S       0.092242      -0.009398
   61      C    Px       0.251341       0.251341
   62      C    Py       0.251348       0.251348
   63      C    Pz       0.000079      -0.000078
   64      C    Px       0.213021       0.213021
   65      C    Py       0.213024       0.213024
   66      C    Pz       0.000087      -0.000087
   67      C    Px       0.116961       0.116961
   68      C    Py       0.116955       0.116955
   69      C    Pz       0.000119      -0.000104
   70      C    Px       0.020304       0.020208
   71      C    Py       0.020375       0.020369
   72      C    Pz       0.001394      -0.001333
   73      C   Dxx       0.168804       0.017989
   74      C   Dxy       0.000000      -0.000000
   75      C   Dxz       0.000000       0.000000
   76      C   Dyy       0.168803       0.017990
   77      C   Dyz       0.000000       0.000000
   78      C   Dzz       0.167044      -0.010928
   79      C   Dxx       0.141765       0.006988
   80      C   Dxy       0.000000      -0.000000
   81      C   Dxz       0.000006       0.000006
   82      C   Dyy       0.141761       0.006988
   83      C   Dyz       0.000006       0.000006
   84      C   Dzz       0.141457      -0.031479
   85      C   Dxx       0.016575      -0.002461
   86      C   Dxy       0.000000       0.000000
   87      C   Dxz       0.000040       0.000033
   88      C   Dyy       0.016573      -0.002461
   89      C   Dyz       0.000049       0.000048
   90      C   Dzz       0.016771      -0.008392
   91      C  Fxxx       0.135963       0.135963
   92      C  Fxxy       0.059161       0.059161
   93      C  Fxxz       0.000022      -0.000022
   94      C  Fxyy       0.059160       0.059160
   95      C  Fxyz       0.000000       0.000000
   96      C  Fxzz       0.058399       0.058399
   97      C  Fyyy       0.135965       0.135965
   98      C  Fyyz       0.000022      -0.000022
   99      C  Fyzz       0.058400       0.058400
  100      C  Fzzz       0.000058      -0.000058
  101      C  Fxxx       0.079055       0.079055
  102      C  Fxxy       0.033340       0.033340
  103      C  Fxxz       0.000025      -0.000021
  104      C  Fxyy       0.033339       0.033339
  105      C  Fxyz       0.000000       0.000000
  106      C  Fxzz       0.032472       0.032472
  107      C  Fyyy       0.079051       0.079051
  108      C  Fyyz       0.000025      -0.000021
  109      C  Fyzz       0.032472       0.032472
  110      C  Fzzz       0.000075      -0.000068
 
                           __________     __________
              Total =       13.000000       1.000000
 
  Atomic LOWDIN Population: for E-        
            C                6.998188      -0.998541
            C                6.001812       1.998541
 
 ...end of LOWDIN Population
 
 
 END POPULATION ANALYSES 
 
 
  EXPECTED POSITIONS OF QUANTUM SPECIES:
 ======================
 
 POSITIONS IN ANGSTROMS
 ------
 
                        <x>      <y>      <z>         
            E-ALPHA   0.0000  -0.0000  26.0147
             E-BETA  -0.0000   0.0000  13.0300
 
 END EXPECTED POSITIONS
 
 
  ELECTROSTATIC MOMENTS:
 ======================
 
 
 DIPOLE: (A.U.)
 ------
 
                           <Dx>         <Dy>         <Dz>          |D|
            E-ALPHA  -0.00000065   0.00000016 -49.16067253
             E-BETA   0.00000010  -0.00000003 -24.62316292
    Point charges:    0.00000000   0.00000000  73.69931352
                     ____________________________
      Total Dipole:  -0.00000055   0.00000014  -0.08452193   0.08452193
 
 DIPOLE: (DEBYE)
 ------
 
                           <Dx>         <Dy>         <Dz>          |D|
            E-ALPHA  -0.00000166   0.00000041-124.95394962
             E-BETA   0.00000026  -0.00000007 -62.58582930
    Point charges:    0.00000000   0.00000000 187.32494563
                     ____________________________
      Total Dipole:  -0.00000140   0.00000035  -0.21483329   0.21483329
 
 QUADRUPOLE NON-TRACELESS: (DEBYE ANGS)
 ------
 
                           <xx>         <yy>         <zz>         <xy>         <xz>         <yz>
            E-ALPHA   -9.29017029  -13.61967804 -819.36968458   -1.14851363   -0.00008036    0.00002000
             E-BETA   -9.63350814   -6.23580207 -417.46720248    0.90132920    0.00000992   -0.00000247
    Point charges:     0.00000000    0.00000000 1217.61200768    0.00000000    0.00000000    0.00000000
  Total Quadrupole:  -18.92367843  -19.85548010  -19.22487938   -0.24718443   -0.00007045    0.00001753
                     ____________________________
 
 END ELECTROSTATIC MOMENTS
 
 
 BEGIN FOUR-INDEX INTEGRALS TRANFORMATION:
 ========================================
 Selected method: C         
 
 --------------------------------------------------
    4N^5 Algorithm Four-index integral tranformation
 --------------------------------------------------
 
 Integrals transformation for: E-ALPHA
 
              Transformation boundaries 
                 orbital lower upper
                       p     1     7
                       q     8   110
                       r     1     7
                       s     8   110
 
         Loading AO integrals time(s):  0.122E-01
      Integral transformation time(s):  0.148E+01
       Non-zero transformed integrals:       314751
 
 Inter-species integrals transformation for: E-ALPHA/E-BETA
 
              Transformation boundaries 
                 orbital lower upper
                       p     1     6
                       q     7   110
                       r     1     7
                       s     8   110
 
         Loading AO integrals time(s):  0.238E-01
      Integral transformation time(s):  0.710E+01
 Non zero transformed coupling integrals:       208891
 
 Integrals transformation for: E-BETA
 
              Transformation boundaries 
                 orbital lower upper
                       p     1     6
                       q     7   110
                       r     1     6
                       s     7   110
 
         Loading AO integrals time(s):  0.119E-01
      Integral transformation time(s):  0.126E+01
       Non-zero transformed integrals:       317223
 
** TOTAL Elapsed Time for integrals transformation :     10.153 (s)
 
 
  POST HARTREE-FOCK CALCULATION
  MANY-BODY PERTURBATION THEORY:
 ==============================
 
              MOLLER-PLESSET FORMALISM 
               ORDER OF CORRECTION =     2
 
                E(0) + E(1) =     -75.369053140292
                       E(2) =      -0.191098417607
                             ____________________
                     E(MP2) =     -75.560151557899
 
              -----------------------------------
               E(n){ Specie }     E(n) / Hartree 
              -----------------------------------
 
            E(2){ E-ALPHA } =      -0.019239973027
             E(2){ E-BETA } =      -0.016216410892
 
     E(2){ E-ALPHA/E-BETA } =      -0.155642033688
 
** TOTAL CPU Time HF-MBPT :      1.012 (s)
** TOTAL Elapsed Time HF-MBPT :      0.388 (s)
 

  TOTAL CPU Time:      0.477 (s)
 TOTAL Wall Time:     16.614 (s)
  Elapsed Time:   0h  0m 16s 614ms
LOWDIN execution terminated normally at : Thu Feb 27 18:18:33 2025
-rw-rw-r-- 1 pohl pohl  11M feb 27 18:18 0E-ALPHA.E-BETA.ints
-rw-rw-r-- 1 pohl pohl 5.5M feb 27 18:18 0E-ALPHA.ints
-rw-rw-r-- 1 pohl pohl  11M feb 27 18:18 1E-ALPHA.E-BETA.ints
-rw-rw-r-- 1 pohl pohl 5.5M feb 27 18:18 1E-ALPHA.ints
-rw-rw-r-- 1 pohl pohl  11M feb 27 18:18 2E-ALPHA.E-BETA.ints
-rw-rw-r-- 1 pohl pohl 5.5M feb 27 18:18 2E-ALPHA.ints
-rw-rw-r-- 1 pohl pohl  11M feb 27 18:18 3E-ALPHA.E-BETA.ints
-rw-rw-r-- 1 pohl pohl 5.5M feb 27 18:18 3E-ALPHA.ints
-rw-rw-r-- 1 pohl pohl  11M feb 27 18:18 4E-ALPHA.E-BETA.ints
-rw-rw-r-- 1 pohl pohl 5.5M feb 27 18:18 4E-ALPHA.ints
-rw-rw-r-- 1 pohl pohl  11M feb 27 18:18 5E-ALPHA.E-BETA.ints
-rw-rw-r-- 1 pohl pohl 5.5M feb 27 18:18 5E-ALPHA.ints
-rw-rw-r-- 1 pohl pohl  11M feb 27 18:18 6E-ALPHA.E-BETA.ints
-rw-rw-r-- 1 pohl pohl 5.5M feb 27 18:18 6E-ALPHA.ints
-rw-rw-r-- 1 pohl pohl  11M feb 27 18:18 7E-ALPHA.E-BETA.ints
-rw-rw-r-- 1 pohl pohl 5.5M feb 27 18:18 7E-ALPHA.ints
-rw-rw-r-- 1 pohl pohl  11M feb 27 18:18 8E-ALPHA.E-BETA.ints
-rw-rw-r-- 1 pohl pohl 5.5M feb 27 18:18 8E-ALPHA.ints
-rw-rw-r-- 1 pohl pohl  256 feb 27 18:18 c_step_10
-rw-rw-r-- 1 pohl pohl 1.1K feb 27 18:18 c_step_10.aux
-rw-rw-r-- 1 pohl pohl  264 feb 27 18:18 c_step_10.lowdin
-rw-rw-r-- 1 pohl pohl  81K feb 27 18:18 c_step_10.out
-rw-rw-r-- 1 pohl pohl 192K feb 27 18:18 c_step_10.vec
-rw-rw-r-- 1 pohl pohl   12 feb 27 18:18 E-ALPHA.E-BETA.nints
-rw-rw-r-- 1 pohl pohl 9.0M feb 27 18:18 E-ALPHAmoint.dat
-rw-rw-r-- 1 pohl pohl 4.9M feb 27 18:18 E-BETA.E-ALPHAmoint.dat
-rw-rw-r-- 1 pohl pohl 8.3M feb 27 18:18 E-BETAmoint.dat
-rw-rw-r-- 1 pohl pohl   65 feb 27 18:18 gepol.inp
-rw-rw-r-- 1 pohl pohl  182 feb 27 18:18 gepol.xyzr
-rw-rw-r-- 1 pohl pohl  13K feb 27 18:18 lowdin.bas
-rw-rw-r-- 1 pohl pohl  16K feb 27 18:18 lowdin.dat
-rw-rw-r-- 1 pohl pohl 2.3M feb 27 18:18 lowdin.opints
-rw-rw-r-- 1 pohl pohl  46K feb 27 18:18 lowdin.sys
-rw-rw-r-- 1 pohl pohl 2.1M feb 27 18:18 lowdin.wfn
