Begin job by input: c_step_11.lowdin, for user:   at  jue 27 feb 2025 18:18:33 -05
under operating system Linux helios 5.19.0-46-generic #47-Ubuntu SMP PREEMPT_DYNAMIC Fri Jun 16 13:30:11 UTC 2023 x86_64 x86_64 x86_64 GNU/Linux
Compilation information
  commit: f31d3924f6ee2ce9d77f07edcc1ba27359319d14
  compilation date:  mar 17 sep 2024 16:16:17 -05

BEGIN INPUT INFO:
------------------------------------

GEOMETRY
	e-(C)	AUG-CC-PVTZ 0.0 0.0 0.0  multiplicity=2 addParticles=1 
	e-(C)	AUG-CC-PVTZ 0.0 0.0 7.0
	C	Dirac 0 0.0 0.0
	C	Dirac 0.0 0.0 7.0
END GEOMETRY

TASKS
        method = "UHF"
	mollerPlessetCorrection=2
END TASKS

CONTROL
	units="ANGS"
END CONTROL






... END INPUT INFO


 LOWDIN execution started at : Thu Feb 27 18:18:33 2025
 ---------------------------------------------------------------
 
 ***************************************************************
 *                   LOWDIN 2.0  (May/2013)                    *
 *                                                             *
 *  R. FLORES-MORENO, E. F. POSADA, F. S. MONCADA, J.ROMERO,   *
 *  J. CHARRY, M. DIAZ-TINOCO, S. A. GONZALEZ, N. F. AGUIRRE,  *
 *  A. REYES                                                   *
 *                                                             *
 *  https://sites.google.com/site/lowdinproject/               *
 *                                                             *
 ***************************************************************
 
 PARSING INPUT... DONE!
 
 LOWDIN IS RUNNING WITH NEXT PARAMETERS: 
 ----------------------------------------
 
         METHOD TYPE:  UHF
         NUMBER OF CORES:     9
         MOLLER PLESSET CORRECTION:      2
         NONELECTRONIC DENSITY GUESS: HCORE
         ELECTRONIC DENSITY GUESS: HCORE
         CRITERIUM OF CONVERGENCE: ENERGY
         NONELECTRONIC ENERGY TOLERANCE IN SCFs:     0.10000E-07
         ELECTRONIC ENERGY TOLERANCE IN SCFs:     0.10000E-07
         TOTAL ENERGY TOLERANCE IN SCFs:     0.10000E-07
         SCHEME OF ITERATION: GLOBAL ITERATIONS
         SCF MAX. SUBITERATIONS - NONELECTRONS :     1
         SCF MAX. SUBITERATIONS - ELECTRONS :     1
         SCF MAX. ITERATIONS - INTERSPECIES :   200
         INTEGRAL STORAGE: DISK
         STACK SIZE FOR ERIS : 30000
         METHOD OF SCF CONVERGENCE: DAMPING
 
  MOLECULAR SYSTEM: c_step_11
 -----------------
 
    DESCRIPTION   : c_step_11
    CHARGE        :   0
    PUNTUAL GROUP : NONE
 
 
  INFORMATION OF PARTICLES :
 =========================
         Total number of particles   =      15
         Number of quantum particles =      13
         Number of puntual charges   =       2
         Number of quantum species   =       2
 
                 INFORMATION OF QUANTUM SPECIES 
    ----------------------------------------------------------------------
         ID      Symbol            mass     charge      omega     spin     multiplicity
    ----------------------------------------------------------------------
         1        E-ALPHA         1.0000     -1.00      0.00      0.50      2.00
         2         E-BETA         1.0000     -1.00      0.00      0.50      2.00
 
                   CONSTANTS OF COUPLING 
      ------------------------------------------------------------
              Symbol      kappa        eta     lambda occupation
      ------------------------------------------------------------
             E-ALPHA      -1.00       1.00       1.00       7.00
              E-BETA      -1.00       1.00       1.00       6.00
 
                   BASIS SET FOR SPECIES 
      ------------------------------------------------------------
           Symbol          N. Basis     N. Particles     Basis Set
      ------------------------------------------------------------
            E-ALPHA           28                7     AUG-CC-PVT
             E-BETA           28                6     AUG-CC-PVT
 
                                ATOMIC BASIS
         ------------------------------------------------------------
          PRIMITIVE   SHELL             EXPONENT         COEFFICIENT 
         ------------------------------------------------------------
 
    BEGIN DESCRIPTION OF BASIS FOR: E-ALP
    ==============================
 
 
             C BASIS SET:    AUG-CC-PVTZ
             1         S             8236.00000000          0.00053100
             2         S             1235.00000000          0.00410800
             3         S              280.80000000          0.02108700
             4         S               79.27000000          0.08185300
             5         S               25.59000000          0.23481700
             6         S                8.99700000          0.43440100
             7         S                3.31900000          0.34612900
             8         S                0.36430000         -0.00898300
             1         S             8236.00000000         -0.00011300
             2         S             1235.00000000         -0.00087800
             3         S              280.80000000         -0.00454000
             4         S               79.27000000         -0.01813300
             5         S               25.59000000         -0.05576000
             6         S                8.99700000         -0.12689500
             7         S                3.31900000         -0.17035200
             8         S                0.36430000          0.59868400
             1         S                0.90590000          1.00000000
             1         S                0.12850000          1.00000000
             1         S                0.04402000          1.00000000
             1         P               18.71000000          0.01403100
             2         P                4.13300000          0.08686600
             3         P                1.20000000          0.29021600
             1         P                0.38270000          1.00000000
             1         P                0.12090000          1.00000000
             1         P                0.03569000          1.00000000
             1         D                1.09700000          1.00000000
             1         D                0.31800000          1.00000000
             1         D                0.10000000          1.00000000
             1         F                0.76100000          1.00000000
             1         F                0.26800000          1.00000000
 
             C BASIS SET:    AUG-CC-PVTZ
             1         S             8236.00000000          0.00053100
             2         S             1235.00000000          0.00410800
             3         S              280.80000000          0.02108700
             4         S               79.27000000          0.08185300
             5         S               25.59000000          0.23481700
             6         S                8.99700000          0.43440100
             7         S                3.31900000          0.34612900
             8         S                0.36430000         -0.00898300
             1         S             8236.00000000         -0.00011300
             2         S             1235.00000000         -0.00087800
             3         S              280.80000000         -0.00454000
             4         S               79.27000000         -0.01813300
             5         S               25.59000000         -0.05576000
             6         S                8.99700000         -0.12689500
             7         S                3.31900000         -0.17035200
             8         S                0.36430000          0.59868400
             1         S                0.90590000          1.00000000
             1         S                0.12850000          1.00000000
             1         S                0.04402000          1.00000000
             1         P               18.71000000          0.01403100
             2         P                4.13300000          0.08686600
             3         P                1.20000000          0.29021600
             1         P                0.38270000          1.00000000
             1         P                0.12090000          1.00000000
             1         P                0.03569000          1.00000000
             1         D                1.09700000          1.00000000
             1         D                0.31800000          1.00000000
             1         D                0.10000000          1.00000000
             1         F                0.76100000          1.00000000
             1         F                0.26800000          1.00000000
    ... END DESCRIPTION OF BASIS
 
 
  END INFORMATION OF PARTICLES
 
 
  INFORMATION OF THE QUANTUM SYSTEM 
     ---------------------------------------------------------------------
                 ID     Occupied Orbitals     Basis size
     ---------------------------------------------------------------------
            E-ALPHA            7              110
             E-BETA            6              110
 
  END INFORMATION OF QUANTUM SYSTEM
 
                       INITIAL GEOMETRY: AMSTRONG
                 -----------------------------------
                       <x>                 <y>                 <z>
  E-ALPHAC        0.0000000000        0.0000000000        0.0000000000
  E-ALPHAC        0.0000000000        0.0000000000        7.0000000000
         C        0.0000000000        0.0000000000        0.0000000000
         C        0.0000000000        0.0000000000        7.0000000000
 
                     MATRIX OF DISTANCE: ANGSTROM
                 -----------------------------------
                          C(1)           C(2)      
 
        C(1)             0.000000       7.000000
        C(2)             7.000000       0.000000
 
--------------------------------------------------------------------------------
** PROGRAM: SCF (Hartree Fock).     Author: S.A. Gonzalez, E. Posada, F. Moncada
--------------------------------------------------------------------------------
INFO: RUNNING IN UHF MODE.
 
----------------------------------------------------------------------
** PROGRAM INTS                          Author: E. F. Posada, 2013   
----------------------------------------------------------------------
INFO: RUNNING IN ONE_PARTICLE MODE.
 
 Number of Overlap integrals for species E-ALPHA:  12100
 Number of Overlap integrals for species E-BETA:  12100
 Number of Kinetic integrals for species E-ALPHA:  12100
 Number of Kinetic integrals for species E-BETA:  12100
 Number of Nuclear integrals for species E-ALPHA:  12100
 Number of Nuclear integrals for species E-BETA:  12100
 Number of Moment integrals for species E-ALPHA:  36300
 Number of Moment integrals for species E-BETA:  36300
 
** TOTAL CPU Time INTS :      0.695 (s)
** TOTAL Elapsed Time INTS :      0.238 (s)
 
       Usign  HCORE density guess for species:    E-ALPHA
     number of    E-ALPHA     particles in guess density matrix:     7.000000
       Usign  HCORE density guess for species:     E-BETA
     number of     E-BETA     particles in guess density matrix:     6.000000
 Number of unique integrals for species: 1 = 1816989
 Number of unique integrals for species: 1 / 2 = 3630367 Screened: 8598
 
 TWO-BODY INTEGRAL SETUP: 
------------------------- 
 Storage:   DISK
 Scheme: LIBINT
 Stack size:  30000
 
 LIBINT library, Fermann, J. T.; Valeev, F. L. 2010                   
 LOWDIN-LIBINT Implementation V. 2.1  Posada E. F. ; Reyes A. 2016   
 ----------------------------------------------------------------------

*** TOTAL CPU time intra-species integrals :      1.296 (s)
*** TOTAL elapsed time intra-species integrals :      0.195 (s)


*** TOTAL CPU time inter-species integrals :      3.137 (s)
*** TOTAL elapsed time inter-species integrals :      0.427 (s)

INFO: RUNNING SCHEME SIMULTANEOUS
 
 Begin Multi-Species SCF calculation:
 
 --------------------------------------------------------------------------------------------------
      Iteration                   Energy            Energy Change           Density Change
 --------------------------------------------------------------------------------------------------
              1         -66.221580601110          66.221580601110           0.217893979645
              2         -69.070018040545           2.848437439435           0.204141539141
              3         -74.469962368063           5.399944327518           0.022688133304
              4         -75.119539479870           0.649577111807           0.004467811193
              5         -75.256127136830           0.136587656960           0.002060441703
              6         -75.272433291462           0.016306154632           0.001421860803
              7         -75.279407222430           0.006973930969           0.001368630322
              8         -75.283669982835           0.004262760404           0.001217965912
              9         -75.286326867225           0.002656884390           0.001055998442
             10         -75.287934872280           0.001608005055           0.000875224107
             11         -75.288872507753           0.000937635473           0.000702336395
             12         -75.289401578834           0.000529071081           0.000548065990
             13         -75.289692263279           0.000290684445           0.000418503934
             14         -75.289848712721           0.000156449443           0.000314198598
             15         -75.289931621148           0.000082908427           0.000232861844
             16         -75.289975059206           0.000043438057           0.000170905656
             17         -75.289997630079           0.000022570874           0.000124523138
             18         -75.290009288681           0.000011658602           0.000090239303
             19         -75.290015285319           0.000005996638           0.000065134081
             20         -75.290018360500           0.000003075181           0.000046875476
             21         -75.290019934200           0.000001573700           0.000033662515
             22         -75.290020738354           0.000000804154           0.000024135706
             23         -75.290021148863           0.000000410509           0.000017284976
             24         -75.290021358283           0.000000209420           0.000012368211
             25         -75.290021465074           0.000000106791           0.000008844490
             26         -75.290021519519           0.000000054445           0.000006321780
             27         -75.290021547277           0.000000027758           0.000004517118
             28         -75.290021561430           0.000000014154           0.000003226867
             29         -75.290021568650           0.000000007220           0.000002304794
 Total energy converged after  29 global iterations                                                  
 
 ...end Multi-Species SCF calculation
 
 
 Begin SCF calculation by: E-ALPHA
 -------------------------
 
 -----------------------------------------------------------------------------------
 Iteration                   Energy           Density Change         DIIS Error 
 -----------------------------------------------------------------------------------
    1         -35.534772705861           0.096336037173                 -- 
    2         -33.048053933350           0.009937960629                 -- 
    3         -29.064177156383           0.001811250216                 -- 
    4         -29.856067741854           0.001521106464                 -- 
    5         -29.901279470245           0.000887080061                 -- 
    6         -29.758595958170           0.001038131003                 -- 
    7         -29.699567281903           0.000942039615                 -- 
    8         -29.645601477520           0.000848367317                 -- 
    9         -29.609025754187           0.000718136989                 -- 
   10         -29.582190966706           0.000586504950                 -- 
   11         -29.563177864724           0.000463652549                 -- 
   12         -29.549687901587           0.000357646413                 -- 
   13         -29.540181186052           0.000270627916                 -- 
   14         -29.533496989506           0.000201816396                 -- 
   15         -29.528805258409           0.000148850442                 -- 
   16         -29.525513606038           0.000108881819                 -- 
   17         -29.523203753948           0.000079156181                 -- 
   18         -29.521581723124           0.000057282999                 -- 
   19         -29.520441558263           0.000041313366                 -- 
   20         -29.519639172863           0.000029720716                 -- 
   21         -29.519073796298           0.000021340883                 -- 
   22         -29.518674920478           0.000015302299                 -- 
   23         -29.518393165815           0.000010960859                 -- 
   24         -29.518193907632           0.000007844922                 -- 
   25         -29.518052833994           0.000005611413                 -- 
   26         -29.517952849717           0.000004011969                 -- 
   27         -29.517881917051           0.000002867423                 -- 
   28         -29.517831547839           0.000002048852                 -- 
 
 ... end SCF calculation
 
 Begin SCF calculation by: E-BETA
 -------------------------
 
 -----------------------------------------------------------------------------------
 Iteration                   Energy           Density Change         DIIS Error 
 -----------------------------------------------------------------------------------
    1         -32.921257825707           0.107805501968                 -- 
    2         -30.210100878545           0.012750172676                 -- 
    3         -26.925950695264           0.002656560977                 -- 
    4         -27.666274439660           0.000539335239                 -- 
    5         -27.994825530596           0.000534780741                 -- 
    6         -28.068309031456           0.000330499319                 -- 
    7         -28.179943670794           0.000275926296                 -- 
    8         -28.255875114438           0.000207631124                 -- 
    9         -28.317256018591           0.000157087119                 -- 
   10         -28.362759313005           0.000115831445                 -- 
   11         -28.396502438556           0.000084413441                 -- 
   12         -28.421083248006           0.000060857522                 -- 
   13         -28.438854979340           0.000043570682                 -- 
   14         -28.451620179977           0.000031045447                 -- 
   15         -28.460751993121           0.000022055214                 -- 
   16         -28.467266524418           0.000015641320                 -- 
   17         -28.471905865060           0.000011083122                 -- 
   18         -28.475206363198           0.000007851082                 -- 
   19         -28.477553109385           0.000005562110                 -- 
   20         -28.479221357919           0.000003941799                 -- 
   21         -28.480407290336           0.000002794823                 -- 
   22         -28.481250481466           0.000001982677                 -- 
   23         -28.481850131080           0.000001407351                 -- 
   24         -28.482276707435           0.000000999567                 -- 
   25         -28.482580260850           0.000000710367                 -- 
   26         -28.482796342131           0.000000505149                 -- 
   27         -28.482950208388           0.000000359444                 -- 
   28         -28.483059808864           0.000000255942                 -- 
 
 ... end SCF calculation
 
  EIGENVALUES AND EIGENVECTORS: 
 ==============================
 
 
  Eigenvalues for: E-ALPHA
 -----------------
 
    1         -11.180851952485
    2         -11.180849482577
    3          -0.569875307547
    4          -0.569633263221
    5          -0.261857959121
    6          -0.261817282042
    7           0.046842383743
    8           0.123937141976
    9           0.148238151586
   10           0.152940799982
   11           0.160747371056
   12           0.188912454137
   13           0.189453198224
   14           0.201456313332
   15           0.243530954603
   16           0.253677113242
   17           0.263074027890
   18           0.267452958481
   19           0.423674302955
   20           0.424033422693
   21           0.427469286308
   22           0.432745923842
   23           0.433600092026
   24           0.434413542221
   25           0.436559295880
   26           0.437522823462
   27           0.437878183167
   28           0.439147283438
   29           0.441968109428
   30           0.476400373233
   31           0.534307345298
   32           0.542025122405
   33           0.591507265053
   34           0.596446277701
   35           0.603712021419
   36           0.610675640406
   37           1.176570705937
   38           1.178145096519
   39           1.179735186179
   40           1.181382232227
   41           1.215812954910
   42           1.216012442920
   43           1.218657226644
   44           1.218730744422
   45           1.220390671610
   46           1.221314438785
   47           1.223570820911
   48           1.227536576065
   49           1.228217665656
   50           1.231507181803
   51           1.236109453351
   52           1.236512752117
   53           1.238412948889
   54           1.238776221888
   55           1.238809197027
   56           1.243635760305
   57           1.243673433229
   58           1.248889824750
   59           1.250313410802
   60           1.253632591508
   61           1.253869966063
   62           1.262357228358
   63           1.266938381847
   64           1.270715956686
   65           1.305991050467
   66           1.311727370796
   67           1.331480812128
   68           1.336574190435
   69           2.007479848470
   70           2.032870922172
   71           3.180597894732
   72           3.186567833647
   73           3.205443165484
   74           3.206511083069
   75           3.246722919050
   76           3.252634203414
   77           3.538773558749
   78           3.539308386485
   79           3.540837655794
   80           3.546556906284
   81           3.585909793414
   82           3.585993498314
   83           3.586015226327
   84           3.586084313648
   85           3.590805123781
   86           3.590916715326
   87           3.595349879337
   88           3.596877438100
   89           3.612092574670
   90           3.615485913286
   91           3.616472659759
   92           3.616578988611
   93           3.619154232073
   94           3.619157143234
   95           3.633081277958
   96           3.633286504902
   97           3.647146314545
   98           3.647161073190
   99           3.649529205395
  100           3.649576505774
  101           6.230452686649
  102           6.239010752789
  103           7.377824041546
  104           7.397360313401
  105           7.409385729720
  106           7.409618682412
  107           7.409832126067
  108           7.429178567363
  109           8.609714005429
  110           8.615479147249
 
 
  Eigenvalues for: E-BETA
 -----------------
 
    1         -11.180095055274
    2         -11.180092583289
    3          -0.555112987204
    4          -0.555104842706
    5          -0.248644767460
    6          -0.248615556164
    7           0.153339188695
    8           0.158851780759
    9           0.170679323910
   10           0.174413854377
   11           0.178826448144
   12           0.198764697334
   13           0.199957460616
   14           0.212594650960
   15           0.246189948318
   16           0.271723803771
   17           0.283051293498
   18           0.289196466176
   19           0.425967404938
   20           0.431807418261
   21           0.437216496196
   22           0.439041764770
   23           0.441287213436
   24           0.442557165199
   25           0.446402446381
   26           0.450407774026
   27           0.450718538832
   28           0.451086390567
   29           0.451247405151
   30           0.482433160671
   31           0.545864587321
   32           0.553387351665
   33           0.593321485213
   34           0.598347680092
   35           0.608637943535
   36           0.615276765838
   37           1.185366964699
   38           1.185611493055
   39           1.187054639137
   40           1.190322493957
   41           1.224286057661
   42           1.224975055258
   43           1.225161670919
   44           1.226403034521
   45           1.228838415955
   46           1.229283414582
   47           1.229445392518
   48           1.230169252672
   49           1.232586461199
   50           1.235863240072
   51           1.236208121869
   52           1.236771915481
   53           1.241057284159
   54           1.243498257977
   55           1.243500644057
   56           1.244497867236
   57           1.244519571905
   58           1.258841011635
   59           1.258995557714
   60           1.259415043692
   61           1.259425444983
   62           1.262077040522
   63           1.274846127851
   64           1.279412435645
   65           1.307214459466
   66           1.313026527156
   67           1.330551276379
   68           1.335706079441
   69           2.009119850771
   70           2.034418573100
   71           3.189460853142
   72           3.195446440776
   73           3.206392429100
   74           3.207498855541
   75           3.245979520406
   76           3.251871109273
   77           3.545733803349
   78           3.546299580039
   79           3.547828143031
   80           3.553989219336
   81           3.594053230367
   82           3.594361538659
   83           3.594565287591
   84           3.594683384367
   85           3.594796861679
   86           3.595539353691
   87           3.596249859738
   88           3.596345325581
   89           3.612446667835
   90           3.615326192357
   91           3.615911746315
   92           3.616052411265
   93           3.622281944411
   94           3.622284344819
   95           3.629700304153
   96           3.629824189083
   97           3.650567709994
   98           3.650575197213
   99           3.651273496162
  100           3.651290147385
  101           6.232010344475
  102           6.240559902061
  103           7.387652313666
  104           7.390237867299
  105           7.409879977009
  106           7.410314861366
  107           7.419409026751
  108           7.422063472142
  109           8.610843007044
  110           8.616608613693
 
  end of eigenvalues 
 
  Occupied Eigenvectors for: E-ALPHA
 --------------------------- 
 
                         -11.1809       -11.1808        -0.5699        -0.5696        -0.2619   
 
    1      C     S      -0.971893      -0.084567       0.005565      -0.005466      -0.000000
    2      C     S       0.007078       0.000600      -0.391835       0.388753      -0.000000
    3      C     S      -0.045248      -0.003965      -0.101401       0.100775       0.000000
    4      C     S       0.015152       0.001384      -0.260516       0.258052      -0.000000
    5      C     S       0.002976       0.000460      -0.030159       0.028390       0.000000
    6      C    Px      -0.000000       0.000000       0.000000      -0.000000      -0.253438
    7      C    Py      -0.000000      -0.000000       0.000000      -0.000000       0.020480
    8      C    Pz      -0.000054      -0.000001       0.000430      -0.000438       0.000000
    9      C    Px       0.000000      -0.000000       0.000000      -0.000000      -0.330349
   10      C    Py       0.000000       0.000000       0.000000      -0.000000       0.026696
   11      C    Pz       0.000100       0.000003       0.000564      -0.000500       0.000000
   12      C    Px       0.000000       0.000000       0.000000      -0.000000      -0.235248
   13      C    Py       0.000000       0.000000       0.000000      -0.000000       0.019010
   14      C    Pz      -0.000029      -0.000071       0.001960      -0.002259       0.000000
   15      C    Px      -0.000000      -0.000000      -0.000000      -0.000000      -0.033996
   16      C    Py      -0.000000      -0.000000      -0.000000      -0.000000       0.002747
   17      C    Pz       0.000036       0.000074       0.000154       0.000215       0.000000
   18      C   Dxx      -0.003609      -0.000321      -0.016384       0.016286       0.000000
   19      C   Dxy       0.000252       0.000022       0.002418      -0.002403       0.000000
   20      C   Dxz      -0.000000      -0.000000      -0.000000       0.000000       0.000023
   21      C   Dyy      -0.000923      -0.000087       0.009361      -0.009297      -0.000000
   22      C   Dyz      -0.000000      -0.000000      -0.000000       0.000000      -0.000002
   23      C   Dzz      -0.001828      -0.000160      -0.001347       0.001401       0.000000
   24      C   Dxx      -0.007404      -0.000675      -0.033304       0.033282       0.000000
   25      C   Dxy      -0.000019      -0.000002       0.004910      -0.004857       0.000000
   26      C   Dxz      -0.000000       0.000000      -0.000000       0.000000       0.000354
   27      C   Dyy      -0.007601      -0.000693       0.018975      -0.018432      -0.000000
   28      C   Dyz      -0.000000      -0.000000      -0.000000       0.000000      -0.000029
   29      C   Dzz      -0.007126      -0.000673      -0.002033       0.002119       0.000000
   30      C   Dxx      -0.002633      -0.000314      -0.003379       0.003890       0.000000
   31      C   Dxy       0.000019       0.000002       0.000709      -0.000768       0.000000
   32      C   Dxz      -0.000000      -0.000000      -0.000000       0.000000       0.002669
   33      C   Dyy      -0.002432      -0.000294       0.004172      -0.004282      -0.000000
   34      C   Dyz      -0.000000      -0.000000      -0.000000       0.000000      -0.000216
   35      C   Dzz      -0.002548      -0.000265       0.009429      -0.008454      -0.000000
   36      C  Fxxx       0.000000       0.000000       0.000000       0.000000      -0.014813
   37      C  Fxxy      -0.000000      -0.000000      -0.000000      -0.000000       0.002026
   38      C  Fxxz      -0.000013       0.000003       0.000016      -0.000018      -0.000000
   39      C  Fxyy      -0.000000       0.000000       0.000000       0.000000       0.002416
   40      C  Fxyz      -0.000000      -0.000000      -0.000002       0.000003      -0.000000
   41      C  Fxzz      -0.000000       0.000000       0.000000       0.000000      -0.005797
   42      C  Fyyy      -0.000000      -0.000000      -0.000000      -0.000000      -0.000458
   43      C  Fyyz      -0.000015       0.000003      -0.000004       0.000016       0.000000
   44      C  Fyzz      -0.000000      -0.000000       0.000000      -0.000000       0.000468
   45      C  Fzzz      -0.000033       0.000003       0.000016      -0.000038       0.000000
   46      C  Fxxx      -0.000000      -0.000000       0.000000      -0.000000      -0.021760
   47      C  Fxxy      -0.000000      -0.000000      -0.000000      -0.000000       0.002534
   48      C  Fxxz      -0.000005       0.000007       0.000148      -0.000122      -0.000000
   49      C  Fxyy      -0.000000       0.000000      -0.000000       0.000000       0.000869
   50      C  Fxyz      -0.000000       0.000000      -0.000032       0.000026      -0.000000
   51      C  Fxzz      -0.000000       0.000000      -0.000000      -0.000000      -0.007953
   52      C  Fyyy      -0.000000      -0.000000      -0.000000      -0.000000      -0.000183
   53      C  Fyyz      -0.000007       0.000008      -0.000195       0.000158       0.000000
   54      C  Fyzz      -0.000000      -0.000000      -0.000000      -0.000000       0.000643
   55      C  Fzzz      -0.000012       0.000027       0.000045       0.000066       0.000000
   56      C     S      -0.084551       0.971894       0.005519       0.005512       0.000000
   57      C     S       0.000631      -0.007075      -0.388540      -0.392045       0.000000
   58      C     S      -0.003909       0.045253      -0.100547      -0.101627      -0.000000
   59      C     S       0.001253      -0.015163      -0.258329      -0.260242       0.000000
   60      C     S       0.000061      -0.003011      -0.029918      -0.028644      -0.000000
   61      C    Px       0.000000       0.000000       0.000000       0.000000      -0.239233
   62      C    Py       0.000000       0.000000       0.000000       0.000000       0.019333
   63      C    Pz       0.000009      -0.000053      -0.000426      -0.000441      -0.000000
   64      C    Px      -0.000000      -0.000000       0.000000       0.000000      -0.311840
   65      C    Py      -0.000000      -0.000000       0.000000       0.000000       0.025200
   66      C    Pz      -0.000014       0.000099      -0.000560      -0.000504      -0.000000
   67      C    Px      -0.000000      -0.000000       0.000000       0.000000      -0.222143
   68      C    Py      -0.000000      -0.000000       0.000000       0.000000       0.017951
   69      C    Pz      -0.000065      -0.000041      -0.001941      -0.002275      -0.000000
   70      C    Px       0.000000      -0.000000      -0.000000       0.000000      -0.032030
   71      C    Py       0.000000       0.000000      -0.000000       0.000000       0.002588
   72      C    Pz       0.000067       0.000048      -0.000156       0.000214      -0.000000
   73      C   Dxx      -0.000307       0.003610      -0.016246      -0.016423       0.000000
   74      C   Dxy       0.000022      -0.000252       0.002398       0.002423       0.000000
   75      C   Dxz      -0.000000      -0.000000       0.000000       0.000000      -0.000023
   76      C   Dyy      -0.000074       0.000925       0.009282       0.009376      -0.000000
   77      C   Dyz       0.000000      -0.000000       0.000000       0.000000       0.000002
   78      C   Dzz      -0.000158       0.001829      -0.001335      -0.001412      -0.000000
   79      C   Dxx      -0.000614       0.007409      -0.033022      -0.033562       0.000000
   80      C   Dxy      -0.000002       0.000019       0.004869       0.004899       0.000000
   81      C   Dxz       0.000000      -0.000000       0.000000       0.000000      -0.000328
   82      C   Dyy      -0.000630       0.007607       0.018819       0.018591      -0.000000
   83      C   Dyz       0.000000      -0.000000       0.000000       0.000000       0.000026
   84      C   Dzz      -0.000568       0.007135      -0.002015      -0.002136      -0.000000
   85      C   Dxx      -0.000146       0.002647      -0.003346      -0.003918       0.000000
   86      C   Dxy       0.000001      -0.000019       0.000703       0.000774       0.000000
   87      C   Dxz       0.000000       0.000000       0.000000       0.000000      -0.002536
   88      C   Dyy      -0.000130       0.002447       0.004135       0.004317      -0.000000
   89      C   Dyz       0.000000      -0.000000       0.000000       0.000000       0.000205
   90      C   Dzz      -0.000179       0.002555       0.009358       0.008534      -0.000000
   91      C  Fxxx       0.000000       0.000000      -0.000000       0.000000      -0.013976
   92      C  Fxxy       0.000000       0.000000      -0.000000       0.000000       0.001912
   93      C  Fxxz       0.000006      -0.000013      -0.000016      -0.000018       0.000000
   94      C  Fxyy       0.000000       0.000000      -0.000000      -0.000000       0.002284
   95      C  Fxyz       0.000000      -0.000000       0.000002       0.000003       0.000000
   96      C  Fxzz       0.000000       0.000000      -0.000000       0.000000      -0.005470
   97      C  Fyyy       0.000000       0.000000      -0.000000       0.000000      -0.000433
   98      C  Fyyz       0.000006      -0.000014       0.000004       0.000016      -0.000000
   99      C  Fyzz       0.000000       0.000000       0.000000       0.000000       0.000442
  100      C  Fzzz       0.000009      -0.000032      -0.000016      -0.000038      -0.000000
  101      C  Fxxx       0.000000       0.000000      -0.000000       0.000000      -0.020513
  102      C  Fxxy       0.000000       0.000000      -0.000000       0.000000       0.002391
  103      C  Fxxz       0.000008      -0.000003      -0.000147      -0.000123       0.000000
  104      C  Fxyy       0.000000       0.000000      -0.000000      -0.000000       0.000833
  105      C  Fxyz       0.000000      -0.000000       0.000032       0.000027       0.000000
  106      C  Fxzz       0.000000       0.000000      -0.000000       0.000000      -0.007493
  107      C  Fyyy       0.000000       0.000000      -0.000000       0.000000      -0.000175
  108      C  Fyyz       0.000009      -0.000005       0.000194       0.000159      -0.000000
  109      C  Fyzz       0.000000       0.000000      -0.000000       0.000000       0.000606
  110      C  Fzzz       0.000029      -0.000008      -0.000046       0.000066      -0.000000
 
                          -0.2618         0.0468   
 
    1      C     S       0.000000      -0.000000
    2      C     S       0.000000      -0.000000
    3      C     S      -0.000000      -0.000000
    4      C     S       0.000000      -0.000000
    5      C     S      -0.000000       0.000000
    6      C    Px       0.239341       0.008790
    7      C    Py      -0.019341       0.108778
    8      C    Pz      -0.000000       0.000000
    9      C    Px       0.311856       0.010306
   10      C    Py      -0.025201       0.127538
   11      C    Pz      -0.000000       0.000000
   12      C    Px       0.220769      -0.009731
   13      C    Py      -0.017840      -0.120419
   14      C    Pz      -0.000000       0.000000
   15      C    Px       0.033153       0.049230
   16      C    Py      -0.002679       0.609205
   17      C    Pz      -0.000000       0.000000
   18      C   Dxx      -0.000000      -0.000000
   19      C   Dxy      -0.000000       0.000000
   20      C   Dxz      -0.000002       0.000033
   21      C   Dyy      -0.000000      -0.000000
   22      C   Dyz       0.000000       0.000410
   23      C   Dzz      -0.000000       0.000000
   24      C   Dxx      -0.000000      -0.000000
   25      C   Dxy      -0.000000       0.000000
   26      C   Dxz      -0.000443      -0.000080
   27      C   Dyy      -0.000000      -0.000000
   28      C   Dyz       0.000036      -0.000990
   29      C   Dzz      -0.000000      -0.000000
   30      C   Dxx      -0.000000      -0.000000
   31      C   Dxy      -0.000000       0.000000
   32      C   Dxz      -0.002229       0.000582
   33      C   Dyy       0.000000      -0.000000
   34      C   Dyz       0.000180       0.007201
   35      C   Dzz      -0.000000      -0.000000
   36      C  Fxxx       0.014101       0.002284
   37      C  Fxxy      -0.001916       0.012586
   38      C  Fxxz       0.000000       0.000000
   39      C  Fxyy      -0.002228       0.000053
   40      C  Fxyz       0.000000      -0.000000
   41      C  Fxzz       0.005515       0.000940
   42      C  Fyyy       0.000423       0.019364
   43      C  Fyyz      -0.000000       0.000000
   44      C  Fyzz      -0.000446       0.011628
   45      C  Fzzz      -0.000000       0.000000
   46      C  Fxxx       0.021034       0.008587
   47      C  Fxxy      -0.002411       0.047411
   48      C  Fxxz       0.000000       0.000000
   49      C  Fxyy      -0.000610       0.001813
   50      C  Fxyz       0.000000      -0.000000
   51      C  Fxzz       0.007760       0.003921
   52      C  Fyyy       0.000134       0.087648
   53      C  Fyyz      -0.000000       0.000000
   54      C  Fyzz      -0.000627       0.048518
   55      C  Fzzz      -0.000000       0.000000
   56      C     S       0.000000      -0.000000
   57      C     S       0.000000      -0.000000
   58      C     S      -0.000000      -0.000000
   59      C     S       0.000000      -0.000000
   60      C     S       0.000000       0.000000
   61      C    Px      -0.253540       0.008791
   62      C    Py       0.020489       0.108780
   63      C    Pz      -0.000000      -0.000000
   64      C    Px      -0.330363       0.010307
   65      C    Py       0.026697       0.127541
   66      C    Pz      -0.000000      -0.000000
   67      C    Px      -0.233952      -0.009731
   68      C    Py       0.018906      -0.120419
   69      C    Pz      -0.000000      -0.000000
   70      C    Px      -0.035057       0.049231
   71      C    Py       0.002833       0.609212
   72      C    Pz      -0.000000      -0.000000
   73      C   Dxx       0.000000      -0.000000
   74      C   Dxy       0.000000       0.000000
   75      C   Dxz      -0.000004      -0.000033
   76      C   Dyy      -0.000000      -0.000000
   77      C   Dyz       0.000000      -0.000410
   78      C   Dzz      -0.000000      -0.000000
   79      C   Dxx       0.000000      -0.000000
   80      C   Dxy       0.000000       0.000000
   81      C   Dxz      -0.000462       0.000080
   82      C   Dyy      -0.000000      -0.000000
   83      C   Dyz       0.000037       0.000990
   84      C   Dzz      -0.000000      -0.000000
   85      C   Dxx       0.000000      -0.000000
   86      C   Dxy       0.000000       0.000000
   87      C   Dxz      -0.002379      -0.000582
   88      C   Dyy      -0.000000      -0.000000
   89      C   Dyz       0.000192      -0.007201
   90      C   Dzz      -0.000000      -0.000000
   91      C  Fxxx      -0.014930       0.002284
   92      C  Fxxy       0.002030       0.012586
   93      C  Fxxz       0.000000      -0.000000
   94      C  Fxyy       0.002363       0.000053
   95      C  Fxyz       0.000000       0.000000
   96      C  Fxzz      -0.005840       0.000940
   97      C  Fyyy      -0.000449       0.019364
   98      C  Fyyz      -0.000000      -0.000000
   99      C  Fyzz       0.000472       0.011628
  100      C  Fzzz      -0.000000      -0.000000
  101      C  Fxxx      -0.022252       0.008587
  102      C  Fxxy       0.002553       0.047412
  103      C  Fxxz       0.000000      -0.000000
  104      C  Fxyy       0.000659       0.001813
  105      C  Fxyz       0.000000       0.000000
  106      C  Fxzz      -0.008205       0.003921
  107      C  Fyyy      -0.000145       0.087648
  108      C  Fyyz      -0.000000      -0.000000
  109      C  Fyzz       0.000663       0.048518
  110      C  Fzzz      -0.000000      -0.000000
 
 
  Occupied Eigenvectors for: E-BETA
 --------------------------- 
 
                         -11.1801       -11.1801        -0.5551        -0.5551        -0.2486   
 
    1      C     S       0.975645       0.007696       0.005689       0.004124       0.000000
    2      C     S      -0.007240      -0.000072      -0.450744      -0.326690       0.000000
    3      C     S       0.045145       0.000329      -0.117811      -0.085414       0.000000
    4      C     S      -0.015364      -0.000058      -0.298892      -0.216304      -0.000000
    5      C     S      -0.003079       0.000171      -0.020269      -0.015166      -0.000000
    6      C    Px       0.000000       0.000000       0.000000      -0.000000       0.021064
    7      C    Py       0.000000      -0.000000       0.000000       0.000000       0.260660
    8      C    Pz       0.000060       0.000004       0.000985       0.000727      -0.000000
    9      C    Px       0.000000      -0.000000       0.000000       0.000000       0.027276
   10      C    Py       0.000000       0.000000       0.000000       0.000000       0.337527
   11      C    Pz      -0.000133      -0.000006       0.001296       0.000885      -0.000000
   12      C    Px      -0.000000       0.000000       0.000000       0.000000       0.019059
   13      C    Py      -0.000000       0.000000       0.000000       0.000000       0.235852
   14      C    Pz       0.000025      -0.000068       0.002555       0.001885      -0.000000
   15      C    Px       0.000000      -0.000000       0.000000       0.000000       0.002620
   16      C    Py       0.000000      -0.000000       0.000000       0.000000       0.032421
   17      C    Pz      -0.000042       0.000071       0.000392       0.000061      -0.000000
   18      C   Dxx       0.000943       0.000001       0.011405       0.008265      -0.000000
   19      C   Dxy       0.000258       0.000002      -0.002794      -0.002025       0.000000
   20      C   Dxz      -0.000000       0.000000       0.000000       0.000000      -0.000007
   21      C   Dyy       0.003686       0.000022      -0.018345      -0.013297       0.000000
   22      C   Dyz      -0.000000      -0.000000       0.000000       0.000000      -0.000087
   23      C   Dzz       0.001990       0.000015      -0.002721      -0.001986       0.000000
   24      C   Dxx       0.007635       0.000030       0.021684       0.015658       0.000000
   25      C   Dxy      -0.000010      -0.000000      -0.005373      -0.003894      -0.000000
   26      C   Dxz       0.000000       0.000000       0.000000       0.000000      -0.000043
   27      C   Dyy       0.007525       0.000030      -0.035518      -0.025802      -0.000000
   28      C   Dyz       0.000000       0.000000       0.000000       0.000000      -0.000537
   29      C   Dzz       0.007214       0.000005      -0.005763      -0.004171       0.000000
   30      C   Dxx       0.002464      -0.000063       0.008140       0.006034       0.000000
   31      C   Dxy       0.000020       0.000000      -0.001360      -0.000985      -0.000000
   32      C   Dxz      -0.000000      -0.000000       0.000000       0.000000      -0.000245
   33      C   Dyy       0.002682      -0.000061      -0.006337      -0.004457      -0.000000
   34      C   Dyz      -0.000000      -0.000000       0.000000       0.000000      -0.003029
   35      C   Dzz       0.002608      -0.000020       0.005157       0.003705       0.000000
   36      C  Fxxx      -0.000000       0.000000      -0.000000      -0.000000      -0.000355
   37      C  Fxxy      -0.000000      -0.000000       0.000000       0.000000      -0.001853
   38      C  Fxxz       0.000021       0.000005      -0.000013      -0.000001       0.000000
   39      C  Fxyy       0.000000       0.000000      -0.000000       0.000000       0.001886
   40      C  Fxyz      -0.000000      -0.000000       0.000006       0.000004      -0.000000
   41      C  Fxzz       0.000000       0.000000      -0.000000       0.000000       0.000527
   42      C  Fyyy      -0.000000      -0.000000       0.000000       0.000000       0.014383
   43      C  Fyyz       0.000019       0.000005       0.000048       0.000042      -0.000000
   44      C  Fyzz      -0.000000      -0.000000       0.000000       0.000000       0.006525
   45      C  Fzzz       0.000047       0.000006       0.000070       0.000076      -0.000000
   46      C  Fxxx       0.000000      -0.000000      -0.000000      -0.000000       0.000144
   47      C  Fxxy       0.000000      -0.000000       0.000000       0.000000       0.000899
   48      C  Fxxz       0.000011       0.000008      -0.000132      -0.000075       0.000000
   49      C  Fxyy       0.000000       0.000000       0.000000       0.000000       0.001987
   50      C  Fxyz      -0.000000      -0.000000       0.000035       0.000025      -0.000000
   51      C  Fxzz       0.000000       0.000000       0.000000      -0.000000       0.000834
   52      C  Fyyy       0.000000      -0.000000       0.000000       0.000000       0.019434
   53      C  Fyyz       0.000009       0.000008       0.000240       0.000195      -0.000000
   54      C  Fyzz      -0.000000      -0.000000       0.000000       0.000000       0.010320
   55      C  Fzzz       0.000022       0.000028       0.000074       0.000072       0.000000
   56      C     S      -0.007713       0.975645       0.004123      -0.005690       0.000000
   57      C     S       0.000042      -0.007241      -0.326682       0.450749       0.000000
   58      C     S      -0.000384       0.045144      -0.085376       0.117838       0.000000
   59      C     S       0.000185      -0.015363      -0.216727       0.298585       0.000000
   60      C     S       0.000220      -0.003076      -0.014542       0.020721      -0.000000
   61      C    Px      -0.000000      -0.000000      -0.000000       0.000000       0.019148
   62      C    Py      -0.000000      -0.000000      -0.000000       0.000000       0.236950
   63      C    Pz      -0.000003      -0.000060      -0.000710       0.000998       0.000000
   64      C    Px       0.000000       0.000000      -0.000000       0.000000       0.024795
   65      C    Py       0.000000       0.000000      -0.000000       0.000000       0.306834
   66      C    Pz       0.000004       0.000133      -0.000956       0.001244       0.000000
   67      C    Px       0.000000      -0.000000       0.000000      -0.000000       0.017335
   68      C    Py       0.000000       0.000000       0.000000      -0.000000       0.214512
   69      C    Pz       0.000068      -0.000024      -0.001842       0.002587       0.000000
   70      C    Px      -0.000000      -0.000000       0.000000      -0.000000       0.002374
   71      C    Py      -0.000000      -0.000000       0.000000      -0.000000       0.029382
   72      C    Pz      -0.000071       0.000041      -0.000354       0.000180       0.000000
   73      C   Dxx      -0.000014       0.000943       0.008267      -0.011404      -0.000000
   74      C   Dxy      -0.000002       0.000258      -0.002025       0.002794       0.000000
   75      C   Dxz       0.000000       0.000000      -0.000000       0.000000       0.000007
   76      C   Dyy      -0.000036       0.003686      -0.013295       0.018346       0.000000
   77      C   Dyz      -0.000000       0.000000      -0.000000       0.000000       0.000080
   78      C   Dzz      -0.000016       0.001990      -0.001967       0.002734      -0.000000
   79      C   Dxx      -0.000090       0.007634       0.015734      -0.021629      -0.000000
   80      C   Dxy       0.000000      -0.000010      -0.003894       0.005373      -0.000000
   81      C   Dxz      -0.000000      -0.000000      -0.000000       0.000000       0.000039
   82      C   Dyy      -0.000089       0.007525      -0.025723       0.035574      -0.000000
   83      C   Dyz      -0.000000      -0.000000      -0.000000       0.000000       0.000479
   84      C   Dzz      -0.000109       0.007213      -0.004179       0.005757      -0.000000
   85      C   Dxx      -0.000102       0.002463       0.005857      -0.008268       0.000000
   86      C   Dxy      -0.000000       0.000020      -0.000986       0.001360      -0.000000
   87      C   Dxz      -0.000000       0.000000      -0.000000       0.000000       0.000225
   88      C   Dyy      -0.000104       0.002681      -0.004635       0.006208      -0.000000
   89      C   Dyz       0.000000       0.000000      -0.000000       0.000000       0.002780
   90      C   Dzz      -0.000061       0.002608       0.003748      -0.005126       0.000000
   91      C  Fxxx      -0.000000      -0.000000       0.000000      -0.000000      -0.000323
   92      C  Fxxy      -0.000000      -0.000000       0.000000      -0.000000      -0.001689
   93      C  Fxxz      -0.000004      -0.000021       0.000011      -0.000005      -0.000000
   94      C  Fxyy      -0.000000      -0.000000       0.000000      -0.000000       0.001714
   95      C  Fxyz      -0.000000       0.000000      -0.000004       0.000006       0.000000
   96      C  Fxzz      -0.000000       0.000000       0.000000      -0.000000       0.000479
   97      C  Fyyy      -0.000000      -0.000000       0.000000      -0.000000       0.013066
   98      C  Fyyz      -0.000004      -0.000019      -0.000032       0.000055       0.000000
   99      C  Fyzz      -0.000000      -0.000000       0.000000      -0.000000       0.005929
  100      C  Fzzz      -0.000005      -0.000047      -0.000042       0.000094      -0.000000
  101      C  Fxxx      -0.000000      -0.000000       0.000000       0.000000       0.000128
  102      C  Fxxy      -0.000000      -0.000000      -0.000000       0.000000       0.000800
  103      C  Fxxz      -0.000008      -0.000011       0.000102      -0.000112      -0.000000
  104      C  Fxyy      -0.000000      -0.000000       0.000000      -0.000000       0.001805
  105      C  Fxyz      -0.000000       0.000000      -0.000025       0.000035       0.000000
  106      C  Fxzz      -0.000000       0.000000       0.000000      -0.000000       0.000757
  107      C  Fyyy      -0.000000      -0.000000       0.000000      -0.000000       0.017628
  108      C  Fyyz      -0.000008      -0.000009      -0.000167       0.000260       0.000000
  109      C  Fyzz      -0.000000      -0.000000       0.000000      -0.000000       0.009362
  110      C  Fzzz      -0.000027      -0.000022      -0.000048       0.000091      -0.000000
 
                          -0.2486   
 
    1      C     S       0.000000
    2      C     S       0.000000
    3      C     S       0.000000
    4      C     S      -0.000000
    5      C     S      -0.000000
    6      C    Px       0.019155
    7      C    Py       0.237041
    8      C    Pz      -0.000000
    9      C    Px       0.024797
   10      C    Py       0.306858
   11      C    Pz      -0.000000
   12      C    Px       0.017237
   13      C    Py       0.213297
   14      C    Pz      -0.000000
   15      C    Px       0.002460
   16      C    Py       0.030444
   17      C    Pz      -0.000000
   18      C   Dxx      -0.000000
   19      C   Dxy       0.000000
   20      C   Dxz      -0.000005
   21      C   Dyy       0.000000
   22      C   Dyz      -0.000061
   23      C   Dzz       0.000000
   24      C   Dxx       0.000000
   25      C   Dxy      -0.000000
   26      C   Dxz      -0.000048
   27      C   Dyy      -0.000000
   28      C   Dyz      -0.000591
   29      C   Dzz       0.000000
   30      C   Dxx       0.000000
   31      C   Dxy      -0.000000
   32      C   Dxz      -0.000200
   33      C   Dyy      -0.000000
   34      C   Dyz      -0.002476
   35      C   Dzz       0.000000
   36      C  Fxxx      -0.000315
   37      C  Fxxy      -0.001643
   38      C  Fxxz       0.000000
   39      C  Fxyy       0.001718
   40      C  Fxyz      -0.000000
   41      C  Fxzz       0.000482
   42      C  Fyyy       0.013171
   43      C  Fyyz      -0.000000
   44      C  Fyzz       0.005965
   45      C  Fzzz      -0.000000
   46      C  Fxxx       0.000163
   47      C  Fxxy       0.000998
   48      C  Fxxz       0.000000
   49      C  Fxyy       0.001821
   50      C  Fxyz      -0.000000
   51      C  Fxzz       0.000775
   52      C  Fyyy       0.018072
   53      C  Fyyz      -0.000000
   54      C  Fyzz       0.009594
   55      C  Fzzz       0.000000
   56      C     S      -0.000000
   57      C     S      -0.000000
   58      C     S      -0.000000
   59      C     S       0.000000
   60      C     S       0.000000
   61      C    Px      -0.021071
   62      C    Py      -0.260741
   63      C    Pz      -0.000000
   64      C    Px      -0.027277
   65      C    Py      -0.337548
   66      C    Pz      -0.000000
   67      C    Px      -0.018970
   68      C    Py      -0.234748
   69      C    Pz      -0.000000
   70      C    Px      -0.002698
   71      C    Py      -0.033388
   72      C    Pz      -0.000000
   73      C   Dxx       0.000000
   74      C   Dxy      -0.000000
   75      C   Dxz      -0.000006
   76      C   Dyy      -0.000000
   77      C   Dyz      -0.000068
   78      C   Dzz       0.000000
   79      C   Dxx      -0.000000
   80      C   Dxy       0.000000
   81      C   Dxz      -0.000052
   82      C   Dyy       0.000000
   83      C   Dyz      -0.000639
   84      C   Dzz      -0.000000
   85      C   Dxx      -0.000000
   86      C   Dxy       0.000000
   87      C   Dxz      -0.000222
   88      C   Dyy       0.000000
   89      C   Dyz      -0.002753
   90      C   Dzz      -0.000000
   91      C  Fxxx       0.000347
   92      C  Fxxy       0.001811
   93      C  Fxxz       0.000000
   94      C  Fxyy      -0.001889
   95      C  Fxyz      -0.000000
   96      C  Fxzz      -0.000530
   97      C  Fyyy      -0.014479
   98      C  Fyyz      -0.000000
   99      C  Fyzz      -0.006558
  100      C  Fzzz      -0.000000
  101      C  Fxxx      -0.000176
  102      C  Fxxy      -0.001079
  103      C  Fxxz       0.000000
  104      C  Fxyy      -0.002001
  105      C  Fxyz      -0.000000
  106      C  Fxzz      -0.000851
  107      C  Fyyy      -0.019837
  108      C  Fyyz      -0.000000
  109      C  Fyzz      -0.010531
  110      C  Fzzz       0.000000
 
 
  end of eigenvectors 
 
  END OF EIGENVALUES AND EIGENVECTORS
 
 
  COMPONENTS OF KINETIC ENERGY: 
 -----------------------------
 
             E-ALPHA Kinetic energy =           37.758252621113
              E-BETA Kinetic energy =           37.555973640482
                                     _________________________
               Total kinetic energy =           75.314226261595
 
  COMPONENTS OF POTENTIAL ENERGY: 
 -------------------------------
 
          Fixed potential energy    =            2.721482996091
 
  Quantum/Fixed interaction energy: 
 ----------------------------------
 
     E-ALPHA/Fixed interact. energy =          -92.826382932643
      E-BETA/Fixed interact. energy =          -90.565066025036
                                     _________________________
               Total Q/Fixed energy =         -183.391448957678
 
  Coulomb energy: 
 ------------------
 
     E-ALPHA/E-ALPHA Hartree energy =           10.669951930207
       E-BETA/E-BETA Hartree energy =            9.541731996278
      E-ALPHA/E-BETA Hartree energy =           20.010556132347
                                     _________________________
               Total Hartree energy =           40.222240058832
 
  Exchange(HF) energy: 
 ----------------------
 
            E-ALPHA Exchange energy =           -5.130198977934
             E-BETA Exchange energy =           -5.026322953241
                                     _________________________
              Total Exchange energy =          -10.156521931175
 
  TOTAL ENERGY COMPONENTS: 
 ==========================
 
          TOTAL KINETIC ENERGY      =           75.314226261595
          TOTAL POTENTIAL ENERGY    =         -150.604247833930
                                     _________________________
                       TOTAL ENERGY =          -75.290021572335
 
                 VIRIAL RATIO (V/T) =            1.999678617302
 
 
  END ENERGY COMPONENTS
 
 
** TOTAL CPU Time SCF :     25.880 (s)
** TOTAL Elapsed Time SCF :      3.315 (s)
 
 We are calculating properties for E-ALPHA in the HF/KS ground state
 We are calculating properties for E-BETA in the HF/KS ground state
 
  POPULATION ANALYSES: 
 ====================
 
 MULLIKEN Population: for E-        
 ---------------------
 
                          total          spin      
 
    1      C     S       1.950464      -0.000096
    2      C     S       1.054709      -0.005366
    3      C     S       0.241206      -0.001959
    4      C     S       0.662704      -0.000971
    5      C     S       0.042033       0.010494
    6      C    Px       0.251788       0.248471
    7      C    Py       0.280937      -0.227058
    8      C    Pz       0.000005      -0.000003
    9      C    Px       0.430477       0.424868
   10      C    Py       0.481526      -0.377380
   11      C    Pz       0.000010      -0.000005
   12      C    Px       0.253732       0.250497
   13      C    Py       0.183604      -0.311657
   14      C    Pz       0.000027      -0.000005
   15      C    Px       0.021887       0.021657
   16      C    Py       0.427684       0.392374
   17      C    Pz      -0.000005      -0.000002
   18      C   Dxx       0.007401       0.024804
   19      C   Dxy       0.000050      -0.000000
   20      C   Dxz       0.000000       0.000000
   21      C   Dyy       0.007693      -0.023959
   22      C   Dyz       0.000000       0.000000
   23      C   Dzz       0.003937      -0.000956
   24      C   Dxx       0.015827       0.047272
   25      C   Dxy       0.000127       0.000002
   26      C   Dxz       0.000001       0.000001
   27      C   Dyy       0.013586      -0.044931
   28      C   Dyz      -0.000002      -0.000007
   29      C   Dzz       0.006639      -0.002622
   30      C   Dxx      -0.001225       0.004837
   31      C   Dxy       0.000016      -0.000004
   32      C   Dxz       0.000014       0.000014
   33      C   Dyy       0.000816      -0.004509
   34      C   Dyz       0.000136       0.000102
   35      C   Dzz      -0.006023      -0.002018
   36      C  Fxxx       0.016257       0.016316
   37      C  Fxxy       0.001643       0.004515
   38      C  Fxxz       0.000000       0.000000
   39      C  Fxyy      -0.001771      -0.002024
   40      C  Fxyz       0.000000      -0.000000
   41      C  Fxzz       0.004771       0.004703
   42      C  Fyyy       0.021350      -0.009587
   43      C  Fyyz       0.000000      -0.000000
   44      C  Fyzz       0.007980      -0.002489
   45      C  Fzzz       0.000000      -0.000000
   46      C  Fxxx       0.020730       0.020707
   47      C  Fxxy       0.015675       0.014370
   48      C  Fxxz       0.000000       0.000001
   49      C  Fxyy      -0.000357      -0.000585
   50      C  Fxyz       0.000000      -0.000000
   51      C  Fxzz       0.005713       0.005621
   52      C  Fyyy       0.053831       0.018287
   53      C  Fyyz       0.000001      -0.000002
   54      C  Fyzz       0.022388       0.008278
   55      C  Fzzz       0.000000      -0.000000
   56      C     S       1.950464      -0.000096
   57      C     S       1.054708      -0.005366
   58      C     S       0.241206      -0.001959
   59      C     S       0.662705      -0.000971
   60      C     S       0.042033       0.010494
   61      C    Px       0.251788       0.248470
   62      C    Py       0.280937      -0.227057
   63      C    Pz       0.000005      -0.000003
   64      C    Px       0.430477       0.424868
   65      C    Py       0.481527      -0.377377
   66      C    Pz       0.000010      -0.000005
   67      C    Px       0.253732       0.250498
   68      C    Py       0.183604      -0.311658
   69      C    Pz       0.000027      -0.000005
   70      C    Px       0.021888       0.021657
   71      C    Py       0.427694       0.392383
   72      C    Pz      -0.000005      -0.000002
   73      C   Dxx       0.007401       0.024804
   74      C   Dxy       0.000050      -0.000000
   75      C   Dxz       0.000000       0.000000
   76      C   Dyy       0.007693      -0.023959
   77      C   Dyz       0.000000       0.000000
   78      C   Dzz       0.003937      -0.000956
   79      C   Dxx       0.015827       0.047272
   80      C   Dxy       0.000127       0.000002
   81      C   Dxz       0.000001       0.000001
   82      C   Dyy       0.013586      -0.044931
   83      C   Dyz      -0.000002      -0.000007
   84      C   Dzz       0.006639      -0.002622
   85      C   Dxx      -0.001224       0.004837
   86      C   Dxy       0.000016      -0.000004
   87      C   Dxz       0.000014       0.000014
   88      C   Dyy       0.000816      -0.004509
   89      C   Dyz       0.000136       0.000102
   90      C   Dzz      -0.006023      -0.002018
   91      C  Fxxx       0.016257       0.016316
   92      C  Fxxy       0.001644       0.004515
   93      C  Fxxz       0.000000       0.000000
   94      C  Fxyy      -0.001771      -0.002024
   95      C  Fxyz       0.000000      -0.000000
   96      C  Fxzz       0.004771       0.004703
   97      C  Fyyy       0.021350      -0.009587
   98      C  Fyyz       0.000000      -0.000000
   99      C  Fyzz       0.007980      -0.002489
  100      C  Fzzz       0.000000      -0.000000
  101      C  Fxxx       0.020730       0.020707
  102      C  Fxxy       0.015675       0.014370
  103      C  Fxxz       0.000000       0.000001
  104      C  Fxyy      -0.000357      -0.000585
  105      C  Fxyz       0.000000      -0.000000
  106      C  Fxzz       0.005713       0.005621
  107      C  Fyyy       0.053832       0.018288
  108      C  Fyyz       0.000001      -0.000002
  109      C  Fyzz       0.022389       0.008279
  110      C  Fzzz       0.000000      -0.000000
 
                           __________     __________
              Total =       13.000000       1.000000
 
  Atomic MULLIKEN Population: for E-        
            C                6.499993       0.499993
            C                6.500007       0.500007
 
 ...end of MULLIKEN Population
 
 
 END POPULATION ANALYSES 
 
 
  POPULATION ANALYSES: 
 ====================
 
 LOWDIN Population: for E-        
 ---------------------
 
                          total          spin      
 
    1      C     S       1.610660      -0.000124
    2      C     S       0.588858      -0.001717
    3      C     S       0.415437      -0.001329
    4      C     S       0.308259       0.000297
    5      C     S       0.095236       0.002752
    6      C    Px       0.233226       0.230156
    7      C    Py       0.256328      -0.213944
    8      C    Pz       0.000004      -0.000002
    9      C    Px       0.204258       0.201627
   10      C    Py       0.229366      -0.177927
   11      C    Pz       0.000006      -0.000003
   12      C    Px       0.133222       0.131546
   13      C    Py       0.182360      -0.077046
   14      C    Pz       0.000013      -0.000003
   15      C    Px       0.032639       0.032262
   16      C    Py       0.353669       0.295823
   17      C    Pz       0.000003      -0.000000
   18      C   Dxx       0.168627       0.025782
   19      C   Dxy       0.000055       0.000000
   20      C   Dxz       0.000000       0.000000
   21      C   Dyy       0.168565      -0.026297
   22      C   Dyz       0.000000      -0.000000
   23      C   Dzz       0.164437      -0.002027
   24      C   Dxx       0.145446       0.036405
   25      C   Dxy       0.000114       0.000001
   26      C   Dxz       0.000003       0.000002
   27      C   Dyy       0.144916      -0.033605
   28      C   Dyz       0.000005      -0.000003
   29      C   Dzz       0.136741      -0.002103
   30      C   Dxx       0.018374       0.006708
   31      C   Dxy       0.000024      -0.000004
   32      C   Dxz       0.000013       0.000013
   33      C   Dyy       0.018873      -0.004555
   34      C   Dyz       0.000162       0.000131
   35      C   Dzz       0.015333      -0.000170
   36      C  Fxxx       0.133090       0.131549
   37      C  Fxxy       0.059008      -0.044952
   38      C  Fxxz       0.000002      -0.000000
   39      C  Fxyy       0.051670       0.050772
   40      C  Fxyz       0.000000      -0.000000
   41      C  Fxzz       0.057044       0.056292
   42      C  Fyyy       0.145688      -0.118025
   43      C  Fyyz       0.000002      -0.000001
   44      C  Fyzz       0.064379      -0.050686
   45      C  Fzzz       0.000004      -0.000002
   46      C  Fxxx       0.088964       0.087986
   47      C  Fxxy       0.045279      -0.019112
   48      C  Fxxz       0.000003       0.000000
   49      C  Fxyy       0.032316       0.031726
   50      C  Fxyz       0.000000      -0.000000
   51      C  Fxzz       0.036797       0.036315
   52      C  Fyyy       0.110292      -0.060937
   53      C  Fyyz       0.000003      -0.000002
   54      C  Fyzz       0.050215      -0.023574
   55      C  Fzzz       0.000006      -0.000002
   56      C     S       1.610660      -0.000124
   57      C     S       0.588858      -0.001717
   58      C     S       0.415437      -0.001329
   59      C     S       0.308259       0.000297
   60      C     S       0.095236       0.002752
   61      C    Px       0.233226       0.230155
   62      C    Py       0.256328      -0.213943
   63      C    Pz       0.000004      -0.000002
   64      C    Px       0.204258       0.201627
   65      C    Py       0.229367      -0.177926
   66      C    Pz       0.000006      -0.000003
   67      C    Px       0.133222       0.131546
   68      C    Py       0.182362      -0.077044
   69      C    Pz       0.000013      -0.000003
   70      C    Px       0.032639       0.032262
   71      C    Py       0.353677       0.295831
   72      C    Pz       0.000003      -0.000000
   73      C   Dxx       0.168627       0.025782
   74      C   Dxy       0.000055       0.000000
   75      C   Dxz       0.000000       0.000000
   76      C   Dyy       0.168565      -0.026297
   77      C   Dyz       0.000000      -0.000000
   78      C   Dzz       0.164437      -0.002027
   79      C   Dxx       0.145446       0.036405
   80      C   Dxy       0.000114       0.000001
   81      C   Dxz       0.000003       0.000002
   82      C   Dyy       0.144916      -0.033605
   83      C   Dyz       0.000005      -0.000003
   84      C   Dzz       0.136741      -0.002103
   85      C   Dxx       0.018374       0.006708
   86      C   Dxy       0.000024      -0.000004
   87      C   Dxz       0.000013       0.000013
   88      C   Dyy       0.018873      -0.004555
   89      C   Dyz       0.000162       0.000131
   90      C   Dzz       0.015333      -0.000170
   91      C  Fxxx       0.133090       0.131548
   92      C  Fxxy       0.059008      -0.044952
   93      C  Fxxz       0.000002      -0.000000
   94      C  Fxyy       0.051670       0.050772
   95      C  Fxyz       0.000000      -0.000000
   96      C  Fxzz       0.057044       0.056292
   97      C  Fyyy       0.145688      -0.118025
   98      C  Fyyz       0.000002      -0.000001
   99      C  Fyzz       0.064379      -0.050685
  100      C  Fzzz       0.000004      -0.000002
  101      C  Fxxx       0.088964       0.087986
  102      C  Fxxy       0.045279      -0.019111
  103      C  Fxxz       0.000003       0.000000
  104      C  Fxyy       0.032316       0.031726
  105      C  Fxyz       0.000000      -0.000000
  106      C  Fxzz       0.036797       0.036315
  107      C  Fyyy       0.110293      -0.060937
  108      C  Fyyz       0.000003      -0.000002
  109      C  Fyzz       0.050215      -0.023574
  110      C  Fzzz       0.000006      -0.000002
 
                           __________     __________
              Total =       13.000000       1.000000
 
  Atomic LOWDIN Population: for E-        
            C                6.499993       0.499993
            C                6.500007       0.500007
 
 ...end of LOWDIN Population
 
 
 END POPULATION ANALYSES 
 
 
  EXPECTED POSITIONS OF QUANTUM SPECIES:
 ======================
 
 POSITIONS IN ANGSTROMS
 ------
 
                        <x>      <y>      <z>         
            E-ALPHA   0.0000   0.0000  24.5000
             E-BETA  -0.0000  -0.0000  21.0000
 
 END EXPECTED POSITIONS
 
 
  ELECTROSTATIC MOMENTS:
 ======================
 
 
 DIPOLE: (A.U.)
 ------
 
                           <Dx>         <Dy>         <Dz>          |D|
            E-ALPHA  -0.00000000  -0.00000000 -46.29837818
             E-BETA   0.00000000   0.00000000 -39.68424546
    Point charges:    0.00000000   0.00000000  79.36849148
                     ____________________________
      Total Dipole:  -0.00000000  -0.00000000  -6.61413215   6.61413215
 
 DIPOLE: (DEBYE)
 ------
 
                           <Dx>         <Dy>         <Dz>          |D|
            E-ALPHA  -0.00000000  -0.00000000-117.67872400
             E-BETA   0.00000000   0.00000000-100.86727769
    Point charges:    0.00000000   0.00000000 201.73455683
                     ____________________________
      Total Dipole:  -0.00000000  -0.00000000 -16.81144486  16.81144486
 
 QUADRUPOLE NON-TRACELESS: (DEBYE ANGS)
 ------
 
                           <xx>         <yy>         <zz>         <xy>         <xz>         <yz>
            E-ALPHA  -17.47170260  -26.65324197 -834.19699991   -0.74684107   -0.00000000   -0.00000000
             E-BETA   -4.71909086   -9.81351544 -711.77149804   -0.41438863    0.00000000    0.00000000
    Point charges:     0.00000000    0.00000000 1412.14173672    0.00000000    0.00000000    0.00000000
  Total Quadrupole:  -22.19079346  -36.46675740 -133.82676123   -1.16122970   -0.00000000   -0.00000000
                     ____________________________
 
 END ELECTROSTATIC MOMENTS
 
 
 BEGIN FOUR-INDEX INTEGRALS TRANFORMATION:
 ========================================
 Selected method: C         
 
 --------------------------------------------------
    4N^5 Algorithm Four-index integral tranformation
 --------------------------------------------------
 
 Integrals transformation for: E-ALPHA
 
              Transformation boundaries 
                 orbital lower upper
                       p     1     7
                       q     8   110
                       r     1     7
                       s     8   110
 
         Loading AO integrals time(s):  0.108E-01
      Integral transformation time(s):  0.145E+01
       Non-zero transformed integrals:       308337
 
 Inter-species integrals transformation for: E-ALPHA/E-BETA
 
              Transformation boundaries 
                 orbital lower upper
                       p     1     6
                       q     7   110
                       r     1     7
                       s     8   110
 
         Loading AO integrals time(s):  0.212E-01
      Integral transformation time(s):  0.713E+01
 Non zero transformed coupling integrals:       131729
 
 Integrals transformation for: E-BETA
 
              Transformation boundaries 
                 orbital lower upper
                       p     1     6
                       q     7   110
                       r     1     6
                       s     7   110
 
         Loading AO integrals time(s):  0.127E-01
      Integral transformation time(s):  0.118E+01
       Non-zero transformed integrals:       153789
 
** TOTAL Elapsed Time for integrals transformation :     10.070 (s)
 
 
  POST HARTREE-FOCK CALCULATION
  MANY-BODY PERTURBATION THEORY:
 ==============================
 
              MOLLER-PLESSET FORMALISM 
               ORDER OF CORRECTION =     2
 
                E(0) + E(1) =     -75.290021572335
                       E(2) =      -0.186357448825
                             ____________________
                     E(MP2) =     -75.476379021160
 
              -----------------------------------
               E(n){ Specie }     E(n) / Hartree 
              -----------------------------------
 
            E(2){ E-ALPHA } =      -0.018539600744
             E(2){ E-BETA } =      -0.009253152588
 
     E(2){ E-ALPHA/E-BETA } =      -0.158564695493
 
** TOTAL CPU Time HF-MBPT :      0.990 (s)
** TOTAL Elapsed Time HF-MBPT :      0.381 (s)
 

  TOTAL CPU Time:      0.483 (s)
 TOTAL Wall Time:     13.892 (s)
  Elapsed Time:   0h  0m 13s 892ms
LOWDIN execution terminated normally at : Thu Feb 27 18:18:47 2025
-rw-rw-r-- 1 pohl pohl 9.7M feb 27 18:18 0E-ALPHA.E-BETA.ints
-rw-rw-r-- 1 pohl pohl 4.9M feb 27 18:18 0E-ALPHA.ints
-rw-rw-r-- 1 pohl pohl 9.7M feb 27 18:18 1E-ALPHA.E-BETA.ints
-rw-rw-r-- 1 pohl pohl 4.9M feb 27 18:18 1E-ALPHA.ints
-rw-rw-r-- 1 pohl pohl 9.7M feb 27 18:18 2E-ALPHA.E-BETA.ints
-rw-rw-r-- 1 pohl pohl 4.9M feb 27 18:18 2E-ALPHA.ints
-rw-rw-r-- 1 pohl pohl 9.7M feb 27 18:18 3E-ALPHA.E-BETA.ints
-rw-rw-r-- 1 pohl pohl 4.9M feb 27 18:18 3E-ALPHA.ints
-rw-rw-r-- 1 pohl pohl 9.7M feb 27 18:18 4E-ALPHA.E-BETA.ints
-rw-rw-r-- 1 pohl pohl 4.9M feb 27 18:18 4E-ALPHA.ints
-rw-rw-r-- 1 pohl pohl 9.0M feb 27 18:18 5E-ALPHA.E-BETA.ints
-rw-rw-r-- 1 pohl pohl 4.9M feb 27 18:18 5E-ALPHA.ints
-rw-rw-r-- 1 pohl pohl 9.7M feb 27 18:18 6E-ALPHA.E-BETA.ints
-rw-rw-r-- 1 pohl pohl 4.9M feb 27 18:18 6E-ALPHA.ints
-rw-rw-r-- 1 pohl pohl 9.7M feb 27 18:18 7E-ALPHA.E-BETA.ints
-rw-rw-r-- 1 pohl pohl 5.5M feb 27 18:18 7E-ALPHA.ints
-rw-rw-r-- 1 pohl pohl 9.7M feb 27 18:18 8E-ALPHA.E-BETA.ints
-rw-rw-r-- 1 pohl pohl 4.9M feb 27 18:18 8E-ALPHA.ints
-rw-rw-r-- 1 pohl pohl  256 feb 27 18:18 c_step_11
-rw-rw-r-- 1 pohl pohl 1.1K feb 27 18:18 c_step_11.aux
-rw-rw-r-- 1 pohl pohl  264 feb 27 18:18 c_step_11.lowdin
-rw-rw-r-- 1 pohl pohl  74K feb 27 18:18 c_step_11.out
-rw-rw-r-- 1 pohl pohl 192K feb 27 18:18 c_step_11.vec
-rw-rw-r-- 1 pohl pohl   12 feb 27 18:18 E-ALPHA.E-BETA.nints
-rw-rw-r-- 1 pohl pohl 7.6M feb 27 18:18 E-ALPHAmoint.dat
-rw-rw-r-- 1 pohl pohl 3.5M feb 27 18:18 E-BETA.E-ALPHAmoint.dat
-rw-rw-r-- 1 pohl pohl 7.6M feb 27 18:18 E-BETAmoint.dat
-rw-rw-r-- 1 pohl pohl   65 feb 27 18:18 gepol.inp
-rw-rw-r-- 1 pohl pohl  182 feb 27 18:18 gepol.xyzr
-rw-rw-r-- 1 pohl pohl  13K feb 27 18:18 lowdin.bas
-rw-rw-r-- 1 pohl pohl  16K feb 27 18:18 lowdin.dat
-rw-rw-r-- 1 pohl pohl 2.3M feb 27 18:18 lowdin.opints
-rw-rw-r-- 1 pohl pohl  46K feb 27 18:18 lowdin.sys
-rw-rw-r-- 1 pohl pohl 2.1M feb 27 18:18 lowdin.wfn
