Begin job by input: F-.lowdin, for user:   at  jue 06 feb 2025 16:39:41 -05
under operating system Linux helios 5.19.0-46-generic #47-Ubuntu SMP PREEMPT_DYNAMIC Fri Jun 16 13:30:11 UTC 2023 x86_64 x86_64 x86_64 GNU/Linux
Compilation information
  commit: f31d3924f6ee2ce9d77f07edcc1ba27359319d14
  compilation date:  mar 17 sep 2024 16:16:17 -05

BEGIN INPUT INFO:
------------------------------------

GEOMETRY
	e-(F)	AUG-CC-PVTZ 0.0 0.0 0.0 multiplicity=1 addParticles=1 
	F	Dirac 0.0 0.0 0.0
END GEOMETRY

TASKS
        method = "UHF"
	mollerPlessetCorrection=2
END TASKS

CONTROL
	units="ANGS"
END CONTROL






... END INPUT INFO


 LOWDIN execution started at : Thu Feb  6 16:39:41 2025
 ---------------------------------------------------------------
 
 ***************************************************************
 *                   LOWDIN 2.0  (May/2013)                    *
 *                                                             *
 *  R. FLORES-MORENO, E. F. POSADA, F. S. MONCADA, J.ROMERO,   *
 *  J. CHARRY, M. DIAZ-TINOCO, S. A. GONZALEZ, N. F. AGUIRRE,  *
 *  A. REYES                                                   *
 *                                                             *
 *  https://sites.google.com/site/lowdinproject/               *
 *                                                             *
 ***************************************************************
 
 PARSING INPUT... DONE!
 
 LOWDIN IS RUNNING WITH NEXT PARAMETERS: 
 ----------------------------------------
 
         METHOD TYPE:  UHF
         NUMBER OF CORES:     4
         MOLLER PLESSET CORRECTION:      2
         NONELECTRONIC DENSITY GUESS: HCORE
         ELECTRONIC DENSITY GUESS: HCORE
         CRITERIUM OF CONVERGENCE: ENERGY
         NONELECTRONIC ENERGY TOLERANCE IN SCFs:     0.10000E-07
         ELECTRONIC ENERGY TOLERANCE IN SCFs:     0.10000E-07
         TOTAL ENERGY TOLERANCE IN SCFs:     0.10000E-07
         SCHEME OF ITERATION: GLOBAL ITERATIONS
         SCF MAX. SUBITERATIONS - NONELECTRONS :     1
         SCF MAX. SUBITERATIONS - ELECTRONS :     1
         SCF MAX. ITERATIONS - INTERSPECIES :   200
         INTEGRAL STORAGE: DISK
         STACK SIZE FOR ERIS : 30000
         METHOD OF SCF CONVERGENCE: DAMPING
 
  MOLECULAR SYSTEM: F-
 -----------------
 
    DESCRIPTION   : F-
    CHARGE        :   1
    PUNTUAL GROUP : NONE
 
 
  INFORMATION OF PARTICLES :
 =========================
         Total number of particles   =      11
         Number of quantum particles =      10
         Number of puntual charges   =       1
         Number of quantum species   =       2
 
                 INFORMATION OF QUANTUM SPECIES 
    ----------------------------------------------------------------------
         ID      Symbol            mass     charge      omega     spin     multiplicity
    ----------------------------------------------------------------------
         1        E-ALPHA         1.0000     -1.00      0.00      0.50      1.00
         2         E-BETA         1.0000     -1.00      0.00      0.50      1.00
 
                   CONSTANTS OF COUPLING 
      ------------------------------------------------------------
              Symbol      kappa        eta     lambda occupation
      ------------------------------------------------------------
             E-ALPHA      -1.00       1.00       1.00       5.00
              E-BETA      -1.00       1.00       1.00       5.00
 
                   BASIS SET FOR SPECIES 
      ------------------------------------------------------------
           Symbol          N. Basis     N. Particles     Basis Set
      ------------------------------------------------------------
            E-ALPHA           14                5     AUG-CC-PVT
             E-BETA           14                5     AUG-CC-PVT
 
                                ATOMIC BASIS
         ------------------------------------------------------------
          PRIMITIVE   SHELL             EXPONENT         COEFFICIENT 
         ------------------------------------------------------------
 
    BEGIN DESCRIPTION OF BASIS FOR: E-ALP
    ==============================
 
 
             F BASIS SET:    AUG-CC-PVTZ
             1         S            19500.00000000          0.00050700
             2         S             2923.00000000          0.00392300
             3         S              664.50000000          0.02020000
             4         S              187.50000000          0.07901000
             5         S               60.62000000          0.23043900
             6         S               21.42000000          0.43287200
             7         S                7.95000000          0.34996400
             8         S                0.88150000         -0.00789200
             1         S            19500.00000000         -0.00011700
             2         S             2923.00000000         -0.00091200
             3         S              664.50000000         -0.00471700
             4         S              187.50000000         -0.01908600
             5         S               60.62000000         -0.05965500
             6         S               21.42000000         -0.14001000
             7         S                7.95000000         -0.17678200
             8         S                0.88150000          0.60504300
             1         S                2.25700000          1.00000000
             1         S                0.30410000          1.00000000
             1         S                0.09158000          1.00000000
             1         P               43.88000000          0.01666500
             2         P                9.92600000          0.10447200
             3         P                2.93000000          0.31726000
             1         P                0.91320000          1.00000000
             1         P                0.26720000          1.00000000
             1         P                0.07361000          1.00000000
             1         D                3.10700000          1.00000000
             1         D                0.85500000          1.00000000
             1         D                0.29200000          1.00000000
             1         F                1.91700000          1.00000000
             1         F                0.72400000          1.00000000
    ... END DESCRIPTION OF BASIS
 
 
  END INFORMATION OF PARTICLES
 
 
  INFORMATION OF THE QUANTUM SYSTEM 
     ---------------------------------------------------------------------
                 ID     Occupied Orbitals     Basis size
     ---------------------------------------------------------------------
            E-ALPHA            5               55
             E-BETA            5               55
 
  END INFORMATION OF QUANTUM SYSTEM
 
                       INITIAL GEOMETRY: AMSTRONG
                 -----------------------------------
                       <x>                 <y>                 <z>
  E-ALPHAF        0.0000000000        0.0000000000        0.0000000000
         F        0.0000000000        0.0000000000        0.0000000000
 
                     MATRIX OF DISTANCE: ANGSTROM
                 -----------------------------------
                          F(1)      
 
        F(1)             0.000000
 
--------------------------------------------------------------------------------
** PROGRAM: SCF (Hartree Fock).     Author: S.A. Gonzalez, E. Posada, F. Moncada
--------------------------------------------------------------------------------
INFO: RUNNING IN UHF MODE.
 
----------------------------------------------------------------------
** PROGRAM INTS                          Author: E. F. Posada, 2013   
----------------------------------------------------------------------
INFO: RUNNING IN ONE_PARTICLE MODE.
 
 Number of Overlap integrals for species E-ALPHA:   3025
 Number of Overlap integrals for species E-BETA:   3025
 Number of Kinetic integrals for species E-ALPHA:   3025
 Number of Kinetic integrals for species E-BETA:   3025
 Number of Nuclear integrals for species E-ALPHA:   3025
 Number of Nuclear integrals for species E-BETA:   3025
 Number of Moment integrals for species E-ALPHA:   9075
 Number of Moment integrals for species E-BETA:   9075
 
** TOTAL CPU Time INTS :      0.293 (s)
** TOTAL Elapsed Time INTS :      0.084 (s)
 
       Usign  HCORE density guess for species:    E-ALPHA
     number of    E-ALPHA     particles in guess density matrix:     5.000000
       Usign  HCORE density guess for species:     E-BETA
     number of     E-BETA     particles in guess density matrix:     5.000000
 Number of unique integrals for species: 1 = 157588
 Number of unique integrals for species: 1 / 2 = 313636 Screened: 0
 
 TWO-BODY INTEGRAL SETUP: 
------------------------- 
 Storage:   DISK
 Scheme: LIBINT
 Stack size:  30000
 
 LIBINT library, Fermann, J. T.; Valeev, F. L. 2010                   
 LOWDIN-LIBINT Implementation V. 2.1  Posada E. F. ; Reyes A. 2016   
 ----------------------------------------------------------------------

*** TOTAL CPU time intra-species integrals :      0.388 (s)
*** TOTAL elapsed time intra-species integrals :      0.071 (s)


*** TOTAL CPU time inter-species integrals :      0.540 (s)
*** TOTAL elapsed time inter-species integrals :      0.126 (s)

INFO: RUNNING SCHEME SIMULTANEOUS
 
 Begin Multi-Species SCF calculation:
 
 --------------------------------------------------------------------------------------------------
      Iteration                   Energy            Energy Change           Density Change
 --------------------------------------------------------------------------------------------------
              1         -84.353065010513          84.353065010513           0.253065279967
              2         -83.420186649551          -0.932878360961           0.220189270856
              3         -93.383688510988           9.963501861437           0.060218747056
              4         -99.361366806374           5.977678295386           0.009710275574
              5         -99.399600349569           0.038233543195           0.002729799698
              6         -99.446032152481           0.046431802912           0.002157504514
              7         -99.447972615434           0.001940462953           0.000487638998
              8         -99.450658776801           0.002686161367           0.000465909450
              9         -99.451277408965           0.000618632165           0.000169825459
             10         -99.451288576155           0.000011167189           0.000037596123
             11         -99.451303911030           0.000015334875           0.000036614690
             12         -99.451307025592           0.000003114562           0.000017938799
             13         -99.451307152754           0.000000127162           0.000004029832
             14         -99.451307329296           0.000000176542           0.000003896940
             15         -99.451307365497           0.000000036201           0.000001864238
             16         -99.451307366885           0.000000001389           0.000000420796
 Total energy converged after  16 global iterations                                                  
 
 ...end Multi-Species SCF calculation
 
 
 Begin SCF calculation by: E-ALPHA
 -------------------------
 
 -----------------------------------------------------------------------------------
 Iteration                   Energy           Density Change         DIIS Error 
 -----------------------------------------------------------------------------------
    1         -42.783842473205           0.110094635428                 -- 
    2         -46.672959385361           0.030109373528                 -- 
    3         -34.877171339160           0.004855137787                 -- 
    4         -36.773711529978           0.001364899849                 -- 
    5         -36.335930335495           0.001078752257                 -- 
    6         -35.841799758303           0.000243819499                 -- 
    7         -35.926654524433           0.000232954725                 -- 
    8         -36.043988339523           0.000084912729                 -- 
    9         -36.006882893814           0.000018798062                 -- 
   10         -36.013337893634           0.000018307345                 -- 
   11         -36.022807909795           0.000008969400                 -- 
   12         -36.018822887089           0.000002014915                 -- 
   13         -36.019515850334           0.000001948468                 -- 
   14         -36.020524880408           0.000000932118                 -- 
   15         -36.020108682725           0.000000210400                 -- 
 
 ... end SCF calculation
 
 Begin SCF calculation by: E-BETA
 -------------------------
 
 -----------------------------------------------------------------------------------
 Iteration                   Energy           Density Change         DIIS Error 
 -----------------------------------------------------------------------------------
    1         -42.783842473205           0.110094635428                 -- 
    2         -46.672959385362           0.030109373528                 -- 
    3         -34.877171339160           0.004855137787                 -- 
    4         -36.773711529977           0.001364899849                 -- 
    5         -36.335930335494           0.001078752257                 -- 
    6         -35.841799758303           0.000243819499                 -- 
    7         -35.926654524430           0.000232954725                 -- 
    8         -36.043988339516           0.000084912729                 -- 
    9         -36.006882893804           0.000018798062                 -- 
   10         -36.013337893625           0.000018307345                 -- 
   11         -36.022807909802           0.000008969400                 -- 
   12         -36.018822886846           0.000002014917                 -- 
   13         -36.019515849121           0.000001948472                 -- 
   14         -36.020524878498           0.000000932119                 -- 
   15         -36.020108681545           0.000000210397                 -- 
 
 ... end SCF calculation
 
  EIGENVALUES AND EIGENVECTORS: 
 ==============================
 
 
  Eigenvalues for: E-ALPHA
 -----------------
 
    1         -25.831947288828
    2          -1.075933614952
    3          -0.181078456347
    4          -0.181078456347
    5          -0.181078456347
    6           0.415972474784
    7           0.427470842923
    8           0.427470842923
    9           0.427470842923
   10           1.146476736459
   11           1.228471193643
   12           1.228471193643
   13           1.228471193643
   14           1.228471193643
   15           1.228471193643
   16           1.292968220663
   17           1.292968220663
   18           1.292968220663
   19           3.151985314897
   20           3.151985314897
   21           3.151985314897
   22           3.216364704567
   23           3.283259614004
   24           3.283259614004
   25           3.283259614004
   26           3.283259614004
   27           3.283259614004
   28           3.331766333264
   29           3.331766333264
   30           3.331766333264
   31           3.331766333264
   32           3.331766333264
   33           3.331766333264
   34           3.331766333264
   35           5.357308442044
   36           7.808400392836
   37           7.808400392837
   38           7.808400392837
   39           9.267913532850
   40           9.267913532850
   41           9.267913532850
   42           9.267913532850
   43           9.267913532850
   44           9.267913532851
   45           9.267913532851
   46           9.745018966525
   47           9.745018966525
   48           9.745018966525
   49           9.745018966525
   50           9.745018966525
   51          14.942842912361
   52          18.052249587375
   53          18.052249587382
   54          18.052249587384
   55          23.852093450956
 
 
  Eigenvalues for: E-BETA
 -----------------
 
    1         -25.831947289479
    2          -1.075933615126
    3          -0.181078456480
    4          -0.181078456480
    5          -0.181078456480
    6           0.415972474750
    7           0.427470842912
    8           0.427470842912
    9           0.427470842912
   10           1.146476736386
   11           1.228471193558
   12           1.228471193558
   13           1.228471193558
   14           1.228471193558
   15           1.228471193558
   16           1.292968220598
   17           1.292968220598
   18           1.292968220598
   19           3.151985314749
   20           3.151985314749
   21           3.151985314749
   22           3.216364704428
   23           3.283259613835
   24           3.283259613835
   25           3.283259613835
   26           3.283259613835
   27           3.283259613835
   28           3.331766333144
   29           3.331766333144
   30           3.331766333144
   31           3.331766333144
   32           3.331766333144
   33           3.331766333144
   34           3.331766333144
   35           5.357308441947
   36           7.808400392511
   37           7.808400392511
   38           7.808400392511
   39           9.267913532589
   40           9.267913532589
   41           9.267913532589
   42           9.267913532589
   43           9.267913532589
   44           9.267913532589
   45           9.267913532589
   46           9.745018966195
   47           9.745018966195
   48           9.745018966195
   49           9.745018966195
   50           9.745018966195
   51          14.942842912109
   52          18.052249587133
   53          18.052249587139
   54          18.052249587142
   55          23.852093450491
 
  end of eigenvalues 
 
  Occupied Eigenvectors for: E-ALPHA
 --------------------------- 
 
                         -25.8319        -1.0759        -0.1811        -0.1811        -0.1811   
 
    1      F     S      -0.971097       0.009114      -0.000000      -0.000000      -0.000000
    2      F     S       0.010668      -0.552339      -0.000000      -0.000000      -0.000000
    3      F     S      -0.048939      -0.158731       0.000000       0.000000      -0.000000
    4      F     S       0.016221      -0.394981      -0.000000      -0.000000       0.000000
    5      F     S       0.001155      -0.037150      -0.000000       0.000000       0.000000
    6      F    Px      -0.000000      -0.000000       0.008765       0.367739      -0.022492
    7      F    Py       0.000000      -0.000000       0.003026      -0.022569      -0.367826
    8      F    Pz      -0.000000       0.000000      -0.368414       0.008563      -0.003556
    9      F    Px       0.000000       0.000000       0.009742       0.408732      -0.024999
   10      F    Py       0.000000       0.000000       0.003363      -0.025085      -0.408829
   11      F    Pz       0.000000      -0.000000      -0.409482       0.009518      -0.003953
   12      F    Px       0.000000       0.000000       0.008254       0.346305      -0.021181
   13      F    Py      -0.000000       0.000000       0.002850      -0.021254      -0.346387
   14      F    Pz      -0.000000      -0.000000      -0.346940       0.008064      -0.003349
   15      F    Px      -0.000000      -0.000000       0.002963       0.124330      -0.007604
   16      F    Py       0.000000      -0.000000       0.001023      -0.007630      -0.124359
   17      F    Pz      -0.000000       0.000000      -0.124558       0.002895      -0.001202
   18      F   Dxx      -0.002835      -0.001454       0.000000       0.000000      -0.000000
   19      F   Dxy      -0.000000       0.000000       0.000000       0.000000       0.000000
   20      F   Dxz      -0.000000       0.000000       0.000000       0.000000       0.000000
   21      F   Dyy      -0.002835      -0.001454       0.000000       0.000000      -0.000000
   22      F   Dyz      -0.000000       0.000000      -0.000000      -0.000000      -0.000000
   23      F   Dzz      -0.002835      -0.001454       0.000000       0.000000      -0.000000
   24      F   Dxx      -0.007980       0.002601       0.000000       0.000000      -0.000000
   25      F   Dxy       0.000000      -0.000000       0.000000       0.000000       0.000000
   26      F   Dxz       0.000000      -0.000000       0.000000       0.000000       0.000000
   27      F   Dyy      -0.007980       0.002601       0.000000       0.000000      -0.000000
   28      F   Dyz       0.000000       0.000000       0.000000       0.000000       0.000000
   29      F   Dzz      -0.007980       0.002601       0.000000       0.000000      -0.000000
   30      F   Dxx      -0.002727       0.002022       0.000000       0.000000      -0.000000
   31      F   Dxy      -0.000000      -0.000000       0.000000       0.000000       0.000000
   32      F   Dxz      -0.000000      -0.000000       0.000000      -0.000000      -0.000000
   33      F   Dyy      -0.002727       0.002022       0.000000      -0.000000      -0.000000
   34      F   Dyz      -0.000000       0.000000       0.000000      -0.000000      -0.000000
   35      F   Dzz      -0.002727       0.002022       0.000000       0.000000      -0.000000
   36      F  Fxxx      -0.000000      -0.000000       0.000352       0.014786      -0.000904
   37      F  Fxxy      -0.000000      -0.000000       0.000054      -0.000406      -0.006614
   38      F  Fxxz      -0.000000       0.000000      -0.006625       0.000154      -0.000064
   39      F  Fxyy      -0.000000      -0.000000       0.000158       0.006612      -0.000404
   40      F  Fxyz       0.000000      -0.000000      -0.000000       0.000000       0.000000
   41      F  Fxzz      -0.000000      -0.000000       0.000158       0.006612      -0.000404
   42      F  Fyyy      -0.000000      -0.000000       0.000122      -0.000907      -0.014789
   43      F  Fyyz      -0.000000       0.000000      -0.006625       0.000154      -0.000064
   44      F  Fyzz      -0.000000      -0.000000       0.000054      -0.000406      -0.006614
   45      F  Fzzz      -0.000000       0.000000      -0.014813       0.000344      -0.000143
   46      F  Fxxx      -0.000000      -0.000000       0.000351       0.014726      -0.000901
   47      F  Fxxy       0.000000      -0.000000       0.000054      -0.000404      -0.006587
   48      F  Fxxz      -0.000000       0.000000      -0.006598       0.000153      -0.000064
   49      F  Fxyy      -0.000000      -0.000000       0.000157       0.006585      -0.000403
   50      F  Fxyz      -0.000000       0.000000       0.000000       0.000000       0.000000
   51      F  Fxzz      -0.000000       0.000000       0.000157       0.006585      -0.000403
   52      F  Fyyy       0.000000      -0.000000       0.000121      -0.000904      -0.014729
   53      F  Fyyz      -0.000000       0.000000      -0.006598       0.000153      -0.000064
   54      F  Fyzz       0.000000      -0.000000       0.000054      -0.000404      -0.006587
   55      F  Fzzz      -0.000000       0.000000      -0.014753       0.000343      -0.000142
 
 
  Occupied Eigenvectors for: E-BETA
 --------------------------- 
 
                         -25.8319        -1.0759        -0.1811        -0.1811        -0.1811   
 
    1      F     S       0.971097       0.009114      -0.000000      -0.000000       0.000000
    2      F     S      -0.010668      -0.552339       0.000000      -0.000000       0.000000
    3      F     S       0.048939      -0.158731      -0.000000      -0.000000      -0.000000
    4      F     S      -0.016221      -0.394981       0.000000       0.000000       0.000000
    5      F     S      -0.001155      -0.037150       0.000000       0.000000      -0.000000
    6      F    Px       0.000000       0.000000      -0.164891      -0.014566       0.329262
    7      F    Py      -0.000000      -0.000000      -0.328974      -0.015113      -0.165415
    8      F    Pz       0.000000       0.000000      -0.020041       0.367932       0.006241
    9      F    Px      -0.000000      -0.000000      -0.183272      -0.016190       0.365966
   10      F    Py      -0.000000       0.000000      -0.365647      -0.016798      -0.183855
   11      F    Pz      -0.000000      -0.000000      -0.022275       0.408947       0.006936
   12      F    Px      -0.000000       0.000000      -0.155280      -0.013717       0.310071
   13      F    Py       0.000000       0.000000      -0.309800      -0.014233      -0.155774
   14      F    Pz       0.000000      -0.000000      -0.018873       0.346487       0.005877
   15      F    Px       0.000000       0.000000      -0.055748      -0.004925       0.111321
   16      F    Py      -0.000000      -0.000000      -0.111224      -0.005110      -0.055926
   17      F    Pz      -0.000000       0.000000      -0.006776       0.124395       0.002110
   18      F   Dxx       0.002835      -0.001454      -0.000000       0.000000      -0.000000
   19      F   Dxy       0.000000       0.000000       0.000000       0.000000      -0.000000
   20      F   Dxz       0.000000       0.000000      -0.000000      -0.000000       0.000000
   21      F   Dyy       0.002835      -0.001454      -0.000000       0.000000      -0.000000
   22      F   Dyz       0.000000       0.000000       0.000000       0.000000      -0.000000
   23      F   Dzz       0.002835      -0.001454      -0.000000       0.000000      -0.000000
   24      F   Dxx       0.007980       0.002601      -0.000000       0.000000      -0.000000
   25      F   Dxy      -0.000000       0.000000      -0.000000      -0.000000       0.000000
   26      F   Dxz      -0.000000       0.000000       0.000000      -0.000000       0.000000
   27      F   Dyy       0.007980       0.002601      -0.000000       0.000000      -0.000000
   28      F   Dyz      -0.000000       0.000000      -0.000000       0.000000       0.000000
   29      F   Dzz       0.007980       0.002601      -0.000000       0.000000      -0.000000
   30      F   Dxx       0.002727       0.002022      -0.000000      -0.000000       0.000000
   31      F   Dxy       0.000000      -0.000000      -0.000000      -0.000000       0.000000
   32      F   Dxz       0.000000      -0.000000       0.000000      -0.000000      -0.000000
   33      F   Dyy       0.002727       0.002022      -0.000000      -0.000000      -0.000000
   34      F   Dyz       0.000000       0.000000       0.000000       0.000000      -0.000000
   35      F   Dzz       0.002727       0.002022      -0.000000      -0.000000       0.000000
   36      F  Fxxx       0.000000      -0.000000      -0.006630      -0.000586       0.013239
   37      F  Fxxy       0.000000      -0.000000      -0.005915      -0.000272      -0.002974
   38      F  Fxxz       0.000000      -0.000000      -0.000360       0.006616       0.000112
   39      F  Fxyy       0.000000      -0.000000      -0.002965      -0.000262       0.005921
   40      F  Fxyz      -0.000000       0.000000      -0.000000       0.000000       0.000000
   41      F  Fxzz       0.000000      -0.000000      -0.002965      -0.000262       0.005921
   42      F  Fyyy       0.000000      -0.000000      -0.013227      -0.000608      -0.006651
   43      F  Fyyz       0.000000       0.000000      -0.000360       0.006616       0.000112
   44      F  Fyzz       0.000000      -0.000000      -0.005915      -0.000272      -0.002974
   45      F  Fzzz       0.000000       0.000000      -0.000806       0.014794       0.000251
   46      F  Fxxx       0.000000       0.000000      -0.006603      -0.000583       0.013185
   47      F  Fxxy      -0.000000      -0.000000      -0.005891      -0.000271      -0.002962
   48      F  Fxxz       0.000000       0.000000      -0.000359       0.006589       0.000112
   49      F  Fxyy       0.000000       0.000000      -0.002953      -0.000261       0.005896
   50      F  Fxyz       0.000000       0.000000       0.000000      -0.000000      -0.000000
   51      F  Fxzz       0.000000       0.000000      -0.002953      -0.000261       0.005896
   52      F  Fyyy      -0.000000      -0.000000      -0.013173      -0.000605      -0.006624
   53      F  Fyyz      -0.000000       0.000000      -0.000359       0.006589       0.000112
   54      F  Fyzz      -0.000000      -0.000000      -0.005891      -0.000271      -0.002962
   55      F  Fzzz       0.000000       0.000000      -0.000803       0.014733       0.000250
 
 
  end of eigenvectors 
 
  END OF EIGENVALUES AND EIGENVECTORS
 
 
  COMPONENTS OF KINETIC ENERGY: 
 -----------------------------
 
             E-ALPHA Kinetic energy =           49.719108358222
              E-BETA Kinetic energy =           49.719108357405
                                     _________________________
               Total kinetic energy =           99.438216715627
 
  COMPONENTS OF POTENTIAL ENERGY: 
 -------------------------------
 
          Fixed potential energy    =            0.000000000000
 
  Quantum/Fixed interaction energy: 
 ----------------------------------
 
     E-ALPHA/Fixed interact. energy =         -121.719513363713
      E-BETA/Fixed interact. energy =         -121.719513361849
                                     _________________________
               Total Q/Fixed energy =         -243.439026725562
 
  Coulomb energy: 
 ------------------
 
     E-ALPHA/E-ALPHA Hartree energy =           13.705447096224
       E-BETA/E-BETA Hartree energy =           13.705447095623
      E-ALPHA/E-BETA Hartree energy =           27.410894191847
                                     _________________________
               Total Hartree energy =           54.821788383694
 
  Exchange(HF) energy: 
 ----------------------
 
            E-ALPHA Exchange energy =           -5.136142871363
             E-BETA Exchange energy =           -5.136142871207
                                     _________________________
              Total Exchange energy =          -10.272285742569
 
  TOTAL ENERGY COMPONENTS: 
 ==========================
 
          TOTAL KINETIC ENERGY      =           99.438216715627
          TOTAL POTENTIAL ENERGY    =         -198.889524084437
                                     _________________________
                       TOTAL ENERGY =          -99.451307368810
 
                 VIRIAL RATIO (V/T) =            2.000131646098
 
 
  END ENERGY COMPONENTS
 
 
** TOTAL CPU Time SCF :      1.221 (s)
** TOTAL Elapsed Time SCF :      0.363 (s)
 
 We are calculating properties for E-ALPHA in the HF/KS ground state
 We are calculating properties for E-BETA in the HF/KS ground state
 
  POPULATION ANALYSES: 
 ====================
 
 MULLIKEN Population: for E-        
 ---------------------
 
                          total          spin      
 
    1      F     S       1.941349      -0.000000
    2      F     S       1.045654       0.000000
    3      F     S       0.262440       0.000000
    4      F     S       0.710809       0.000000
    5      F     S       0.044750      -0.000000
    6      F    Px       0.517703       0.000000
    7      F    Py       0.517703       0.000000
    8      F    Pz       0.517703       0.000000
    9      F    Px       0.749516       0.000000
   10      F    Py       0.749516       0.000000
   11      F    Pz       0.749516       0.000000
   12      F    Px       0.549158      -0.000000
   13      F    Py       0.549158      -0.000000
   14      F    Pz       0.549158      -0.000000
   15      F    Px       0.111818      -0.000000
   16      F    Py       0.111818      -0.000000
   17      F    Pz       0.111818      -0.000000
   18      F   Dxx       0.002704       0.000000
   19      F   Dxy      -0.000000       0.000000
   20      F   Dxz       0.000000       0.000000
   21      F   Dyy       0.002704       0.000000
   22      F   Dyz       0.000000      -0.000000
   23      F   Dzz       0.002704       0.000000
   24      F   Dxx      -0.002854      -0.000000
   25      F   Dxy       0.000000      -0.000000
   26      F   Dxz       0.000000       0.000000
   27      F   Dyy      -0.002854      -0.000000
   28      F   Dyz       0.000000      -0.000000
   29      F   Dzz      -0.002854      -0.000000
   30      F   Dxx      -0.001517      -0.000000
   31      F   Dxy       0.000000      -0.000000
   32      F   Dxz       0.000000       0.000000
   33      F   Dyy      -0.001517      -0.000000
   34      F   Dyz       0.000000       0.000000
   35      F   Dzz      -0.001517      -0.000000
   36      F  Fxxx       0.022479      -0.000000
   37      F  Fxxy       0.007493      -0.000000
   38      F  Fxxz       0.007493      -0.000000
   39      F  Fxyy       0.007493      -0.000000
   40      F  Fxyz       0.000000       0.000000
   41      F  Fxzz       0.007493      -0.000000
   42      F  Fyyy       0.022479      -0.000000
   43      F  Fyyz       0.007493      -0.000000
   44      F  Fyzz       0.007493      -0.000000
   45      F  Fzzz       0.022479      -0.000000
   46      F  Fxxx       0.020605      -0.000000
   47      F  Fxxy       0.006868      -0.000000
   48      F  Fxxz       0.006868      -0.000000
   49      F  Fxyy       0.006868      -0.000000
   50      F  Fxyz       0.000000       0.000000
   51      F  Fxzz       0.006868      -0.000000
   52      F  Fyyy       0.020605      -0.000000
   53      F  Fyyz       0.006868      -0.000000
   54      F  Fyzz       0.006868      -0.000000
   55      F  Fzzz       0.020605      -0.000000
 
                           __________     __________
              Total =       10.000000      -0.000000
 
  Atomic MULLIKEN Population: for E-        
            F               10.000000      -0.000000
 
 ...end of MULLIKEN Population
 
 
 END POPULATION ANALYSES 
 
 
  POPULATION ANALYSES: 
 ====================
 
 LOWDIN Population: for E-        
 ---------------------
 
                          total          spin      
 
    1      F     S       1.574930      -0.000000
    2      F     S       0.608074       0.000000
    3      F     S       0.411739       0.000000
    4      F     S       0.305123      -0.000000
    5      F     S       0.084079      -0.000000
    6      F    Px       0.463740       0.000000
    7      F    Py       0.463740       0.000000
    8      F    Pz       0.463740       0.000000
    9      F    Px       0.354930       0.000000
   10      F    Py       0.354930       0.000000
   11      F    Pz       0.354930       0.000000
   12      F    Px       0.317046      -0.000000
   13      F    Py       0.317046      -0.000000
   14      F    Pz       0.317046      -0.000000
   15      F    Px       0.120964      -0.000000
   16      F    Py       0.120964      -0.000000
   17      F    Pz       0.120964      -0.000000
   18      F   Dxx       0.154861       0.000000
   19      F   Dxy       0.000000       0.000000
   20      F   Dxz       0.000000       0.000000
   21      F   Dyy       0.154861       0.000000
   22      F   Dyz      -0.000000      -0.000000
   23      F   Dzz       0.154861       0.000000
   24      F   Dxx       0.152906      -0.000000
   25      F   Dxy       0.000000      -0.000000
   26      F   Dxz      -0.000000       0.000000
   27      F   Dyy       0.152906      -0.000000
   28      F   Dyz      -0.000000      -0.000000
   29      F   Dzz       0.152906      -0.000000
   30      F   Dxx       0.030918      -0.000000
   31      F   Dxy       0.000000      -0.000000
   32      F   Dxz       0.000000       0.000000
   33      F   Dyy       0.030918      -0.000000
   34      F   Dyz      -0.000000       0.000000
   35      F   Dzz       0.030918      -0.000000
   36      F  Fxxx       0.221989       0.000000
   37      F  Fxxy       0.096836       0.000000
   38      F  Fxxz       0.096836       0.000000
   39      F  Fxyy       0.096836       0.000000
   40      F  Fxyz       0.000000       0.000000
   41      F  Fxzz       0.096836       0.000000
   42      F  Fyyy       0.221989       0.000000
   43      F  Fyyz       0.096836       0.000000
   44      F  Fyzz       0.096836       0.000000
   45      F  Fzzz       0.221989       0.000000
   46      F  Fxxx       0.175797      -0.000000
   47      F  Fxxy       0.075930      -0.000000
   48      F  Fxxz       0.075930      -0.000000
   49      F  Fxyy       0.075930      -0.000000
   50      F  Fxyz       0.000000       0.000000
   51      F  Fxzz       0.075930      -0.000000
   52      F  Fyyy       0.175797      -0.000000
   53      F  Fyyz       0.075930      -0.000000
   54      F  Fyzz       0.075930      -0.000000
   55      F  Fzzz       0.175797      -0.000000
 
                           __________     __________
              Total =       10.000000      -0.000000
 
  Atomic LOWDIN Population: for E-        
            F               10.000000      -0.000000
 
 ...end of LOWDIN Population
 
 
 END POPULATION ANALYSES 
 
 
  EXPECTED POSITIONS OF QUANTUM SPECIES:
 ======================
 
 POSITIONS IN ANGSTROMS
 ------
 
                        <x>      <y>      <z>         
            E-ALPHA   0.0000   0.0000   0.0000
             E-BETA  -0.0000  -0.0000  -0.0000
 
 END EXPECTED POSITIONS
 
 
  ELECTROSTATIC MOMENTS:
 ======================
 
 
 DIPOLE: (A.U.)
 ------
 
                           <Dx>         <Dy>         <Dz>          |D|
            E-ALPHA  -0.00000000  -0.00000000  -0.00000000
             E-BETA   0.00000000   0.00000000   0.00000000
    Point charges:    0.00000000   0.00000000   0.00000000
                     ____________________________
      Total Dipole:  -0.00000000  -0.00000000  -0.00000000   0.00000000
 
 DIPOLE: (DEBYE)
 ------
 
                           <Dx>         <Dy>         <Dz>          |D|
            E-ALPHA  -0.00000000  -0.00000000  -0.00000000
             E-BETA   0.00000000   0.00000000   0.00000000
    Point charges:    0.00000000   0.00000000   0.00000000
                     ____________________________
      Total Dipole:  -0.00000000  -0.00000000  -0.00000000   0.00000000
 
 QUADRUPOLE NON-TRACELESS: (DEBYE ANGS)
 ------
 
                           <xx>         <yy>         <zz>         <xy>         <xz>         <yz>
            E-ALPHA   -3.59153424   -3.59153424   -3.59153424    0.00000000   -0.00000000    0.00000000
             E-BETA   -3.59153424   -3.59153424   -3.59153424   -0.00000000   -0.00000000    0.00000000
    Point charges:     0.00000000    0.00000000    0.00000000    0.00000000    0.00000000    0.00000000
  Total Quadrupole:   -7.18306849   -7.18306849   -7.18306849    0.00000000   -0.00000000    0.00000000
                     ____________________________
 
 END ELECTROSTATIC MOMENTS
 
 
 BEGIN FOUR-INDEX INTEGRALS TRANFORMATION:
 ========================================
 Selected method: C         
 
 --------------------------------------------------
    4N^5 Algorithm Four-index integral tranformation
 --------------------------------------------------
 
 Integrals transformation for: E-ALPHA
 
              Transformation boundaries 
                 orbital lower upper
                       p     1     5
                       q     6    55
                       r     1     5
                       s     6    55
 
         Loading AO integrals time(s):  0.153E-02
      Integral transformation time(s):  0.101E+00
       Non-zero transformed integrals:        61638
 
 Inter-species integrals transformation for: E-ALPHA/E-BETA
 
              Transformation boundaries 
                 orbital lower upper
                       p     1     5
                       q     6    55
                       r     1     5
                       s     6    55
 
         Loading AO integrals time(s):  0.223E-02
      Integral transformation time(s):  0.274E+00
 Non zero transformed coupling integrals:        26866
 
 Integrals transformation for: E-BETA
 
              Transformation boundaries 
                 orbital lower upper
                       p     1     5
                       q     6    55
                       r     1     5
                       s     6    55
 
         Loading AO integrals time(s):  0.122E-02
      Integral transformation time(s):  0.988E-01
       Non-zero transformed integrals:        61638
 
** TOTAL Elapsed Time for integrals transformation :      0.496 (s)
 
 
  POST HARTREE-FOCK CALCULATION
  MANY-BODY PERTURBATION THEORY:
 ==============================
 
              MOLLER-PLESSET FORMALISM 
               ORDER OF CORRECTION =     2
 
                E(0) + E(1) =     -99.451307368810
                       E(2) =      -0.318855368952
                             ____________________
                     E(MP2) =     -99.770162737762
 
              -----------------------------------
               E(n){ Specie }     E(n) / Hartree 
              -----------------------------------
 
            E(2){ E-ALPHA } =      -0.041637911337
             E(2){ E-BETA } =      -0.041637911340
 
     E(2){ E-ALPHA/E-BETA } =      -0.235579546274
 
** TOTAL CPU Time HF-MBPT :      0.200 (s)
** TOTAL Elapsed Time HF-MBPT :      0.049 (s)
 

  TOTAL CPU Time:      0.238 (s)
 TOTAL Wall Time:      0.961 (s)
  Elapsed Time:   0h  0m  0s 960ms
LOWDIN execution terminated normally at : Thu Feb  6 16:39:42 2025
-rw-rw-r-- 1 pohl pohl 2,1M feb  6 16:39 0E-ALPHA.E-BETA.ints
-rw-rw-r-- 1 pohl pohl 1,4M feb  6 16:39 0E-ALPHA.ints
-rw-rw-r-- 1 pohl pohl 2,1M feb  6 16:39 1E-ALPHA.E-BETA.ints
-rw-rw-r-- 1 pohl pohl 1,4M feb  6 16:39 1E-ALPHA.ints
-rw-rw-r-- 1 pohl pohl 2,8M feb  6 16:39 2E-ALPHA.E-BETA.ints
-rw-rw-r-- 1 pohl pohl 1,4M feb  6 16:39 2E-ALPHA.ints
-rw-rw-r-- 1 pohl pohl 2,1M feb  6 16:39 3E-ALPHA.E-BETA.ints
-rw-rw-r-- 1 pohl pohl 1,4M feb  6 16:39 3E-ALPHA.ints
-rw-rw-r-- 1 pohl pohl 704K feb  6 16:39 E-ALPHA.E-BETAmoint.dat
-rw-rw-r-- 1 pohl pohl   12 feb  6 16:39 E-ALPHA.E-BETA.nints
-rw-rw-r-- 1 pohl pohl 2,8M feb  6 16:39 E-ALPHAmoint.dat
-rw-rw-r-- 1 pohl pohl 2,8M feb  6 16:39 E-BETAmoint.dat
-rw-rw-r-- 1 pohl pohl  205 feb  6 16:39 F-
-rw-rw-r-- 1 pohl pohl  773 feb  6 16:39 F-.aux
-rw-rw-r-- 1 pohl pohl 291K feb  6 16:39 F-e+F-.vec
-rw-rw-r-- 1 pohl pohl  213 feb  6 16:39 F-.lowdin
-rw-rw-r-- 1 pohl pohl  41K feb  6 16:39 F-.out
-rw-rw-r-- 1 pohl pohl  49K feb  6 16:39 F-.vec
-rw-rw-r-- 1 pohl pohl   58 feb  6 16:39 gepol.inp
-rw-rw-r-- 1 pohl pohl  100 feb  6 16:39 gepol.xyzr
-rw-rw-r-- 1 pohl pohl 6,3K feb  6 16:39 lowdin.bas
-rw-rw-r-- 1 pohl pohl  16K feb  6 16:39 lowdin.dat
-rw-rw-r-- 1 pohl pohl 573K feb  6 16:39 lowdin.opints
-rw-rw-r-- 1 pohl pohl  24K feb  6 16:39 lowdin.sys
-rw-rw-r-- 1 pohl pohl 524K feb  6 16:39 lowdin.wfn
