Begin job by input: PsF.lowdin, for user:   at  mié 23 abr 2025 14:01:04 -05
under operating system Linux helios 5.19.0-46-generic #47-Ubuntu SMP PREEMPT_DYNAMIC Fri Jun 16 13:30:11 UTC 2023 x86_64 x86_64 x86_64 GNU/Linux
Compilation information
  commit: 6a3709673387fd8573bee61a2c94c1c2ec4e2445
  compilation date:  lun 07 abr 2025 11:57:06 -05

BEGIN INPUT INFO:
------------------------------------

GEOMETRY
	e-(F)	AUG-CC-PVTZ 0.0 0.0 0.0  multiplicity=1 addParticles=1 
	F	Dirac 0.0 0.0 0.0
	E+	PSX-TZ 0.0 0.0 0.0
END GEOMETRY

TASKS
        method = "UHF"
END TASKS

CONTROL
	readCoefficients=F
	iterationScheme=0
	convergenceMethod=1
	scfNonElectronicTypeGuess="ONES"
	units="ANGS"
END CONTROL








... END INPUT INFO


 LOWDIN execution started at : Wed Apr 23 14:01:04 2025
 ---------------------------------------------------------------
 
 ***************************************************************
 *                   LOWDIN 2.0  (May/2013)                    *
 *                                                             *
 *  R. FLORES-MORENO, E. F. POSADA, F. S. MONCADA, J.ROMERO,   *
 *  J. CHARRY, M. DIAZ-TINOCO, S. A. GONZALEZ, N. F. AGUIRRE,  *
 *  A. REYES                                                   *
 *                                                             *
 *  https://sites.google.com/site/lowdinproject/               *
 *                                                             *
 ***************************************************************
 
 PARSING INPUT... DONE!
 
 LOWDIN IS RUNNING WITH NEXT PARAMETERS: 
 ----------------------------------------
 
         METHOD TYPE:  UHF
         NUMBER OF CORES:    10
         NONELECTRONIC DENSITY GUESS: ONES
         ELECTRONIC DENSITY GUESS: HCORE
         CRITERIUM OF CONVERGENCE: ENERGY
         NONELECTRONIC ENERGY TOLERANCE IN SCFs:     0.10000E-07
         ELECTRONIC ENERGY TOLERANCE IN SCFs:     0.10000E-07
         TOTAL ENERGY TOLERANCE IN SCFs:     0.10000E-07
         SCHEME OF ITERATION: NONELECTRONIC FULLY PER GLOBAL ITERATION
         SCF MAX. SUBITERATIONS - NONELECTRONS :    50
         SCF MAX. SUBITERATIONS - ELECTRONS :     1
         SCF MAX. ITERATIONS - INTERSPECIES :   200
         INTEGRAL STORAGE: DISK
         STACK SIZE FOR ERIS : 30000
         METHOD OF SCF CONVERGENCE: DAMPING
 
  MOLECULAR SYSTEM: PsF
 -----------------
 
    DESCRIPTION   : PsF
    CHARGE        :   2
    MASS (m_e)    :  3.4644E+04
    PUNTUAL GROUP : NONE
 
 
  INFORMATION OF PARTICLES :
 =========================
         Total number of particles   =      12
         Number of quantum particles =      11
         Number of puntual charges   =       1
         Number of quantum species   =       3
 
                 INFORMATION OF QUANTUM SPECIES 
    -------------------------------------------------------------------------------------
         ID      Symbol            mass     charge      omega     spin     multiplicity
    -------------------------------------------------------------------------------------
         1        E-ALPHA         1.0000     -1.00      0.00      0.50      1.00
         2         E-BETA         1.0000     -1.00      0.00      0.50      1.00
         3             E+         1.0000      1.00      0.00      0.50      1.00
 
                   CONSTANTS OF COUPLING 
      ------------------------------------------------------------
              Symbol      kappa        eta     lambda occupation
      ------------------------------------------------------------
             E-ALPHA      -1.00       1.00       1.00       5.00
              E-BETA      -1.00       1.00       1.00       5.00
                  E+      -1.00       1.00       1.00       1.00
 
                   BASIS SET FOR SPECIES 
      ----------------------------------------------------------------------
           Symbol          N. Basis     N. Particles                Basis Set
      ----------------------------------------------------------------------
            E-ALPHA           14                5              AUG-CC-PVTZ
             E-BETA           14                5              AUG-CC-PVTZ
                 E+           15                1                   PSX-TZ
 
                                ATOMIC BASIS
         ------------------------------------------------------------
          PRIMITIVE   SHELL             EXPONENT         COEFFICIENT 
         ------------------------------------------------------------
 
    BEGIN DESCRIPTION OF BASIS FOR: E-ALP
    ==============================
 
 
             F BASIS SET:    AUG-CC-PVTZ
             1         S            19500.00000000          0.00050700
             2         S             2923.00000000          0.00392300
             3         S              664.50000000          0.02020000
             4         S              187.50000000          0.07901000
             5         S               60.62000000          0.23043900
             6         S               21.42000000          0.43287200
             7         S                7.95000000          0.34996400
             8         S                0.88150000         -0.00789200
             1         S            19500.00000000         -0.00011700
             2         S             2923.00000000         -0.00091200
             3         S              664.50000000         -0.00471700
             4         S              187.50000000         -0.01908600
             5         S               60.62000000         -0.05965500
             6         S               21.42000000         -0.14001000
             7         S                7.95000000         -0.17678200
             8         S                0.88150000          0.60504300
             1         S                2.25700000          1.00000000
             1         S                0.30410000          1.00000000
             1         S                0.09158000          1.00000000
             1         P               43.88000000          0.01666500
             2         P                9.92600000          0.10447200
             3         P                2.93000000          0.31726000
             1         P                0.91320000          1.00000000
             1         P                0.26720000          1.00000000
             1         P                0.07361000          1.00000000
             1         D                3.10700000          1.00000000
             1         D                0.85500000          1.00000000
             1         D                0.29200000          1.00000000
             1         F                1.91700000          1.00000000
             1         F                0.72400000          1.00000000
    ... END DESCRIPTION OF BASIS
 
 
    BEGIN DESCRIPTION OF BASIS FOR:    E+
    ==============================
 
 
            E+ BASIS SET:         PSX-TZ
             1         S                0.01706472          1.00000000
             1         S                0.04342701          1.00000000
             1         S                0.11051484          1.00000000
             1         S                0.28124275          1.00000000
             1         S                0.71571820          1.00000000
             1         S                1.82138931          1.00000000
             1         P                0.04963129          1.00000000
             1         P                0.12420747          1.00000000
             1         P                0.31084209          1.00000000
             1         P                0.77791460          1.00000000
             1         D                0.09506481          1.00000000
             1         D                0.23367773          1.00000000
             1         D                0.57440058          1.00000000
             1         F                0.15956751          1.00000000
             1         F                0.42730646          1.00000000
    ... END DESCRIPTION OF BASIS
 
 
  END INFORMATION OF PARTICLES
 
 
  INFORMATION OF THE QUANTUM SYSTEM 
     ---------------------------------------------------------------------
                 ID     Occupied Orbitals     Basis size
     ---------------------------------------------------------------------
            E-ALPHA            5               55
             E-BETA            5               55
                 E+            1               56
 
  END INFORMATION OF QUANTUM SYSTEM
 
                       INITIAL GEOMETRY: ANGSTROM
                 -----------------------------------
                       <x>                 <y>                 <z>
  E-ALPHAF        0.0000000000        0.0000000000        0.0000000000
        E+        0.0000000000        0.0000000000        0.0000000000
         F        0.0000000000        0.0000000000        0.0000000000
 
                     MATRIX OF DISTANCE: ANGSTROM
                 -----------------------------------
                          F(1)      
 
        F(1)             0.000000
 
--------------------------------------------------------------------------------
** PROGRAM: SCF (Hartree Fock).     Author: S.A. Gonzalez, E. Posada, F. Moncada
--------------------------------------------------------------------------------
INFO: RUNNING IN UHF MODE.
 
----------------------------------------------------------------------
** PROGRAM INTS                          Author: E. F. Posada, 2013   
----------------------------------------------------------------------
INFO: RUNNING IN ONE_PARTICLE MODE.
 
 Number of Overlap integrals for species E-ALPHA:   3025
 Number of Overlap integrals for species E-BETA:   3025
 Number of Overlap integrals for species E+:   3136
 Number of Kinetic integrals for species E-ALPHA:   3025
 Number of Kinetic integrals for species E-BETA:   3025
 Number of Kinetic integrals for species E+:   3136
 Number of Nuclear integrals for species E-ALPHA:   3025
 Number of Nuclear integrals for species E-BETA:   3025
 Number of Nuclear integrals for species E+:   3136
 Number of Moment integrals for species E-ALPHA:   9075
 Number of Moment integrals for species E-BETA:   9075
 Number of Moment integrals for species E+:   9408
 
** TOTAL CPU Time INTS :      0.645 (s)
** TOTAL Elapsed Time INTS :      0.109 (s)
 
       Usign  HCORE density guess for species:    E-ALPHA
     number of    E-ALPHA     particles in guess density matrix:     5.000000
       Usign  HCORE density guess for species:     E-BETA
     number of     E-BETA     particles in guess density matrix:     5.000000
       Usign   ONES density guess for species:         E+
     number of         E+     particles in guess density matrix:    56.000000
 Warning!, density matrix with deviation from number of particles    1.000000
               The first energy in the SCF will not be a variational estimate
 Number of unique integrals for species: 1 = 157588
 Number of unique integrals for species: 3 = 170214
 Number of unique integrals for species: 1 / 2 = 313636 Screened: 0
 Number of unique integrals for species: 1 / 3 = 325956 Screened: 0
 
 TWO-BODY INTEGRAL SETUP: 
------------------------- 
 Storage:   DISK
 Scheme: LIBINT
 Stack size:  30000
 
 LIBINT library, Fermann, J. T.; Valeev, F. L. 2010                   
 LOWDIN-LIBINT Implementation V. 2.1  Posada E. F. ; Reyes A. 2016   
 ----------------------------------------------------------------------

*** TOTAL CPU time intra-species integrals :      0.800 (s)
*** TOTAL elapsed time intra-species integrals :      0.134 (s)


*** TOTAL CPU time inter-species integrals :      1.233 (s)
*** TOTAL elapsed time inter-species integrals :      0.217 (s)

INFO: RUNNING SCHEME NONELECTRONIC_FULLY_CONVERGED_BY_ELECTRONIC_ITERATION
 
 Begin Multi-Species SCF calculation:
 
 --------------------------------------------------------------------------------------------------
      Iteration                   Energy            Energy Change           Density Change
 --------------------------------------------------------------------------------------------------
                                          E+           Energy converged in   2 subcycles
              1         -56.183447361325          56.183447361325           0.088981820448
                                          E+           Energy converged in   2 subcycles
              2         -97.551666281865          41.368218920539           0.059178191986
                                          E+           Energy converged in   2 subcycles
              3         -95.865948570892          -1.685717710972           0.039533737991
                                          E+           Energy converged in   2 subcycles
              4         -99.374546013100           3.508597442208           0.012422195754
                                          E+           Energy converged in   2 subcycles
              5         -99.514497929706           0.139951916606           0.002815272583
                                          E+           Energy converged in   2 subcycles
              6         -99.613568518055           0.099070588349           0.003119619892
                                          E+           Energy converged in   2 subcycles
              7         -99.631209907109           0.017641389054           0.001705480498
                                          E+           Energy converged in   2 subcycles
              8         -99.632787526824           0.001577619716           0.000402341636
                                          E+           Energy converged in   2 subcycles
              9         -99.634646471955           0.001858945131           0.000404398897
                                          E+           Energy converged in   2 subcycles
             10         -99.634978885621           0.000332413666           0.000187691092
                                          E+           Energy converged in   2 subcycles
             11         -99.635000147474           0.000021261853           0.000047297865
                                          E+           Energy converged in   2 subcycles
             12         -99.635025979584           0.000025832110           0.000044244226
                                          E+           Energy converged in   2 subcycles
             13         -99.635031513288           0.000005533704           0.000012993653
                                          E+           Energy converged in   2 subcycles
             14         -99.635031677635           0.000000164347           0.000003559486
                                          E+           Energy converged in   1 subcycles
             15         -99.635031822039           0.000000144404           0.000005260005
                                          E+           Energy converged in   1 subcycles
             16         -99.635031858515           0.000000036475           0.000002504184
                                          E+           Energy converged in   1 subcycles
             17         -99.635031859679           0.000000001164           0.000000420641
 Total energy converged after      17 global iterations                                              
 
 ...end Multi-Species SCF calculation
 
 
 Begin SCF calculation by: E-ALPHA
 -------------------------
 
 -----------------------------------------------------------------------------------
 Iteration                   Energy           Density Change         DIIS Error 
 -----------------------------------------------------------------------------------
    1         -32.244715032304           0.029589095993                 -- 
    2         -44.389823305991           0.019766868996                 -- 
    3         -38.832966928059           0.006211097877                 -- 
    4         -36.218107478946           0.001407636292                 -- 
    5         -36.971131266992           0.001559809946                 -- 
    6         -37.678085216226           0.000852740249                 -- 
    7         -37.239509274209           0.000201170818                 -- 
    8         -37.341319481798           0.000202199449                 -- 
    9         -37.433689293155           0.000093845546                 -- 
   10         -37.381435967869           0.000023648932                 -- 
   11         -37.393172580079           0.000022122113                 -- 
   12         -37.402986214761           0.000006496826                 -- 
   13         -37.398896800628           0.000001779743                 -- 
   14         -37.399734464997           0.000001689980                 -- 
   15         -37.400442881250           0.000000356590                 -- 
   16         -37.400226604376           0.000000132004                 -- 
 
 ... end SCF calculation
 
 Begin SCF calculation by: E-BETA
 -------------------------
 
 -----------------------------------------------------------------------------------
 Iteration                   Energy           Density Change         DIIS Error 
 -----------------------------------------------------------------------------------
    1         -32.244715032304           0.029589095993                 -- 
    2         -44.389823305991           0.019766868996                 -- 
    3         -38.832966928059           0.006211097877                 -- 
    4         -36.218107478946           0.001407636292                 -- 
    5         -36.971131266992           0.001559809946                 -- 
    6         -37.678085216226           0.000852740249                 -- 
    7         -37.239509274209           0.000201170818                 -- 
    8         -37.341319481797           0.000202199449                 -- 
    9         -37.433689293154           0.000093845546                 -- 
   10         -37.381435967862           0.000023648933                 -- 
   11         -37.393172580043           0.000022122113                 -- 
   12         -37.402986214702           0.000006496826                 -- 
   13         -37.398896800637           0.000001779743                 -- 
   14         -37.399734465394           0.000001689978                 -- 
   15         -37.400442882042           0.000000356590                 -- 
   16         -37.400226603427           0.000000132018                 -- 
 
 ... end SCF calculation
 
 Begin SCF calculation by: E+
 -------------------------
 
 -----------------------------------------------------------------------------------
 Iteration                   Energy           Density Change         DIIS Error 
 -----------------------------------------------------------------------------------
    1          -0.283751512745           0.000000000000                 -- 
    2          -0.241062328815           0.038681219873                 -- 
    3          -0.241062328815           0.000000000000                 -- 
    4          -0.108646908469           0.034518201217                 -- 
    5          -0.108646908469           0.000000000000                 -- 
    6          -0.161094479283           0.037337547171                 -- 
    7          -0.161094479283           0.000000000000                 -- 
    8          -0.194505387430           0.007050480509                 -- 
    9          -0.194505387430           0.000000000000                 -- 
   10          -0.188118395725           0.001297246360                 -- 
   11          -0.188118395725           0.000000000000                 -- 
   12          -0.182337597604           0.001238463139                 -- 
   13          -0.182337597604           0.000000000000                 -- 
   14          -0.186782602135           0.000913896500                 -- 
   15          -0.186782602135           0.000000000000                 -- 
   16          -0.185836761814           0.000196177702                 -- 
   17          -0.185836761814           0.000000000000                 -- 
   18          -0.184977361402           0.000181080231                 -- 
   19          -0.184977361402           0.000000000000                 -- 
   20          -0.185450670762           0.000097839446                 -- 
   21          -0.185450670762           0.000000000000                 -- 
   22          -0.185334451953           0.000024123549                 -- 
   23          -0.185334451953           0.000000000000                 -- 
   24          -0.185230083523           0.000021786037                 -- 
   25          -0.185230083523           0.000000000000                 -- 
   26          -0.185260813609           0.000006416009                 -- 
   27          -0.185260813609           0.000000000000                 -- 
   28          -0.185251712741           0.000001880047                 -- 
   29          -0.185243039070           0.000001791004                 -- 
   30          -0.185243707169           0.000000156618                 -- 
 
 ... end SCF calculation
 
  EIGENVALUES AND EIGENVECTORS: 
 ==============================
 
 
  Eigenvalues for: E-ALPHA
 -----------------
 
    1         -26.085914462646
    2          -1.343887090396
    3          -0.449640610196
    4          -0.449640610196
    5          -0.449640610196
    6           0.195499572371
    7           0.221248720684
    8           0.221248720684
    9           0.221248720684
   10           0.901745632840
   11           0.967187518651
   12           0.967187518651
   13           0.967187518651
   14           0.967187518733
   15           0.967187518733
   16           1.042362923941
   17           1.042362923941
   18           1.042362923941
   19           2.890957990449
   20           2.890957990449
   21           2.890957990450
   22           2.966725289997
   23           3.015705041087
   24           3.015705041087
   25           3.015705041087
   26           3.015705041211
   27           3.015705041211
   28           3.060461469625
   29           3.060461469632
   30           3.060461469632
   31           3.060461469632
   32           3.060461469637
   33           3.060461469637
   34           3.060461469637
   35           5.102091260425
   36           7.547793614972
   37           7.547793614972
   38           7.547793614972
   39           9.001792970596
   40           9.001792970596
   41           9.001792970596
   42           9.001792970611
   43           9.001792970611
   44           9.001792970611
   45           9.001792970630
   46           9.483003124364
   47           9.483003124364
   48           9.483003124394
   49           9.483003124394
   50           9.483003124394
   51          14.677791718733
   52          17.791832096341
   53          17.791832096344
   54          17.791832096354
   55          23.593826009505
 
 
  Eigenvalues for: E-BETA
 -----------------
 
    1         -26.085914458845
    2          -1.343887088762
    3          -0.449640608727
    4          -0.449640608727
    5          -0.449640608727
    6           0.195499572619
    7           0.221248720890
    8           0.221248720890
    9           0.221248720890
   10           0.901745633410
   11           0.967187519205
   12           0.967187519205
   13           0.967187519205
   14           0.967187519286
   15           0.967187519286
   16           1.042362924607
   17           1.042362924607
   18           1.042362924607
   19           2.890957991575
   20           2.890957991575
   21           2.890957991575
   22           2.966725291036
   23           3.015705042261
   24           3.015705042261
   25           3.015705042261
   26           3.015705042385
   27           3.015705042385
   28           3.060461470431
   29           3.060461470437
   30           3.060461470437
   31           3.060461470437
   32           3.060461470443
   33           3.060461470443
   34           3.060461470443
   35           5.102091261157
   36           7.547793617032
   37           7.547793617032
   38           7.547793617032
   39           9.001792972219
   40           9.001792972219
   41           9.001792972219
   42           9.001792972234
   43           9.001792972234
   44           9.001792972234
   45           9.001792972252
   46           9.483003126512
   47           9.483003126512
   48           9.483003126543
   49           9.483003126543
   50           9.483003126543
   51          14.677791720327
   52          17.791832097813
   53          17.791832097817
   54          17.791832097826
   55          23.593826012211
 
 
  Eigenvalues for: E+
 -----------------
 
    1          -0.185243707169
    2          -0.102294596885
    3          -0.102294596885
    4          -0.102294596885
    5          -0.066340990517
    6           0.048048813146
    7           0.067164690087
    8           0.067164690087
    9           0.067164690087
   10           0.067164690089
   11           0.067164690089
   12           0.109002273023
   13           0.109002273023
   14           0.109002273023
   15           0.292827091022
   16           0.413450167214
   17           0.413450167216
   18           0.413450167216
   19           0.413450167216
   20           0.413450167217
   21           0.413450167217
   22           0.413450167217
   23           0.611236642769
   24           0.611236642770
   25           0.611236642770
   26           0.663420132322
   27           0.663420132322
   28           0.663420132322
   29           0.663420132333
   30           0.663420132333
   31           0.740816244774
   32           1.519695871849
   33           1.597069597276
   34           1.597069597280
   35           1.597069597282
   36           1.917955987741
   37           1.917955987753
   38           1.917955987753
   39           1.917955987753
   40           1.917955987763
   41           1.917955987763
   42           1.917955987763
   43           2.667699925329
   44           2.667699925329
   45           2.667699925329
   46           2.667699925353
   47           2.667699925353
   48           2.900070146773
   49           3.245692101615
   50           3.245692101617
   51           3.245692101631
   52           5.667943897588
   53           7.623493775132
   54           7.623493775140
   55           7.623493775165
   56          18.782335648248
 
  end of eigenvalues 
 
  Occupied Eigenvectors for: E-ALPHA
 --------------------------- 
 
                         -26.0859        -1.3439        -0.4496        -0.4496        -0.4496   
 
    1      F     S      -0.971067      -0.009462       0.000000       0.000000       0.000000
    2      F     S       0.010643       0.550614       0.000000       0.000000       0.000000
    3      F     S      -0.049012       0.157875      -0.000000       0.000000       0.000000
    4      F     S       0.016220       0.398507       0.000000      -0.000000      -0.000000
    5      F     S       0.001165       0.032020      -0.000000       0.000000      -0.000000
    6      F    Px      -0.000000       0.000000      -0.369014       0.005140      -0.007871
    7      F    Py      -0.000000      -0.000000       0.007792      -0.005657      -0.369008
    8      F    Pz       0.000000      -0.000000      -0.005259      -0.369054       0.005546
    9      F    Px       0.000000      -0.000000      -0.412000       0.005738      -0.008788
   10      F    Py       0.000000       0.000000       0.008700      -0.006316      -0.411994
   11      F    Pz      -0.000000       0.000000      -0.005871      -0.412046       0.006193
   12      F    Px       0.000000       0.000000      -0.361917       0.005041      -0.007719
   13      F    Py       0.000000       0.000000       0.007642      -0.005548      -0.361912
   14      F    Pz       0.000000       0.000000      -0.005157      -0.361957       0.005440
   15      F    Px      -0.000000      -0.000000      -0.097905       0.001364      -0.002088
   16      F    Py       0.000000      -0.000000       0.002067      -0.001501      -0.097903
   17      F    Pz      -0.000000      -0.000000      -0.001395      -0.097916       0.001472
   18      F   Dxx      -0.002827       0.001503      -0.000000      -0.000000       0.000000
   19      F   Dxy       0.000000      -0.000000       0.000000       0.000000       0.000000
   20      F   Dxz       0.000000       0.000000       0.000000       0.000000      -0.000000
   21      F   Dyy      -0.002827       0.001503      -0.000000      -0.000000       0.000000
   22      F   Dyz      -0.000000      -0.000000       0.000000       0.000000       0.000000
   23      F   Dzz      -0.002827       0.001503      -0.000000      -0.000000       0.000000
   24      F   Dxx      -0.007978      -0.002023      -0.000000      -0.000000       0.000000
   25      F   Dxy       0.000000      -0.000000       0.000000      -0.000000      -0.000000
   26      F   Dxz      -0.000000      -0.000000      -0.000000       0.000000       0.000000
   27      F   Dyy      -0.007978      -0.002023      -0.000000      -0.000000       0.000000
   28      F   Dyz      -0.000000       0.000000      -0.000000       0.000000      -0.000000
   29      F   Dzz      -0.007978      -0.002023      -0.000000      -0.000000       0.000000
   30      F   Dxx      -0.002730      -0.001272      -0.000000       0.000000       0.000000
   31      F   Dxy       0.000000      -0.000000      -0.000000       0.000000       0.000000
   32      F   Dxz       0.000000       0.000000       0.000000       0.000000      -0.000000
   33      F   Dyy      -0.002730      -0.001272      -0.000000       0.000000       0.000000
   34      F   Dyz       0.000000      -0.000000       0.000000       0.000000       0.000000
   35      F   Dzz      -0.002730      -0.001272      -0.000000       0.000000       0.000000
   36      F  Fxxx      -0.000000       0.000000      -0.014253       0.000199      -0.000304
   37      F  Fxxy      -0.000000      -0.000000       0.000135      -0.000098      -0.006374
   38      F  Fxxz       0.000000      -0.000000      -0.000091      -0.006375       0.000096
   39      F  Fxyy      -0.000000       0.000000      -0.006374       0.000089      -0.000136
   40      F  Fxyz      -0.000000      -0.000000      -0.000000       0.000000       0.000000
   41      F  Fxzz      -0.000000       0.000000      -0.006374       0.000089      -0.000136
   42      F  Fyyy      -0.000000      -0.000000       0.000301      -0.000218      -0.014253
   43      F  Fyyz       0.000000      -0.000000      -0.000091      -0.006375       0.000096
   44      F  Fyzz      -0.000000      -0.000000       0.000135      -0.000098      -0.006374
   45      F  Fzzz       0.000000      -0.000000      -0.000203      -0.014254       0.000214
   46      F  Fxxx      -0.000000       0.000000      -0.012915       0.000180      -0.000275
   47      F  Fxxy      -0.000000      -0.000000       0.000122      -0.000089      -0.005776
   48      F  Fxxz       0.000000      -0.000000      -0.000082      -0.005776       0.000087
   49      F  Fxyy      -0.000000       0.000000      -0.005776       0.000080      -0.000123
   50      F  Fxyz       0.000000       0.000000      -0.000000       0.000000      -0.000000
   51      F  Fxzz      -0.000000       0.000000      -0.005776       0.000080      -0.000123
   52      F  Fyyy      -0.000000      -0.000000       0.000273      -0.000198      -0.012915
   53      F  Fyyz      -0.000000      -0.000000      -0.000082      -0.005776       0.000087
   54      F  Fyzz      -0.000000      -0.000000       0.000122      -0.000089      -0.005776
   55      F  Fzzz       0.000000      -0.000000      -0.000184      -0.012916       0.000194
 
 
  Occupied Eigenvectors for: E-BETA
 --------------------------- 
 
                         -26.0859        -1.3439        -0.4496        -0.4496        -0.4496   
 
    1      F     S      -0.971067      -0.009462      -0.000000       0.000000       0.000000
    2      F     S       0.010643       0.550614      -0.000000       0.000000       0.000000
    3      F     S      -0.049012       0.157875      -0.000000       0.000000      -0.000000
    4      F     S       0.016220       0.398507       0.000000      -0.000000       0.000000
    5      F     S       0.001165       0.032020       0.000000       0.000000       0.000000
    6      F    Px      -0.000000       0.000000       0.368322       0.017758      -0.016812
    7      F    Py      -0.000000       0.000000       0.024274      -0.296200       0.218943
    8      F    Pz       0.000000      -0.000000       0.002958       0.219568       0.296717
    9      F    Px       0.000000      -0.000000       0.411229       0.019826      -0.018771
   10      F    Py       0.000000      -0.000000       0.027102      -0.330704       0.244448
   11      F    Pz      -0.000000       0.000000       0.003303       0.245145       0.331281
   12      F    Px       0.000000       0.000000       0.361240       0.017416      -0.016489
   13      F    Py      -0.000000       0.000000       0.023808      -0.290503       0.214733
   14      F    Pz      -0.000000       0.000000       0.002901       0.215345       0.291011
   15      F    Px      -0.000000      -0.000000       0.097722       0.004711      -0.004461
   16      F    Py       0.000000      -0.000000       0.006440      -0.078586       0.058089
   17      F    Pz      -0.000000      -0.000000       0.000785       0.058255       0.078723
   18      F   Dxx      -0.002827       0.001503      -0.000000      -0.000000      -0.000000
   19      F   Dxy       0.000000       0.000000      -0.000000       0.000000      -0.000000
   20      F   Dxz       0.000000       0.000000      -0.000000      -0.000000      -0.000000
   21      F   Dyy      -0.002827       0.001503      -0.000000      -0.000000      -0.000000
   22      F   Dyz      -0.000000       0.000000      -0.000000      -0.000000       0.000000
   23      F   Dzz      -0.002827       0.001503       0.000000      -0.000000      -0.000000
   24      F   Dxx      -0.007978      -0.002023      -0.000000       0.000000      -0.000000
   25      F   Dxy       0.000000       0.000000       0.000000      -0.000000       0.000000
   26      F   Dxz      -0.000000      -0.000000       0.000000      -0.000000       0.000000
   27      F   Dyy      -0.007978      -0.002023      -0.000000       0.000000      -0.000000
   28      F   Dyz      -0.000000      -0.000000      -0.000000       0.000000      -0.000000
   29      F   Dzz      -0.007978      -0.002023      -0.000000       0.000000      -0.000000
   30      F   Dxx      -0.002730      -0.001272      -0.000000       0.000000      -0.000000
   31      F   Dxy       0.000000      -0.000000      -0.000000       0.000000      -0.000000
   32      F   Dxz       0.000000       0.000000      -0.000000      -0.000000      -0.000000
   33      F   Dyy      -0.002730      -0.001272      -0.000000       0.000000      -0.000000
   34      F   Dyz       0.000000       0.000000      -0.000000       0.000000      -0.000000
   35      F   Dzz      -0.002730      -0.001272      -0.000000       0.000000      -0.000000
   36      F  Fxxx      -0.000000       0.000000       0.014226       0.000686      -0.000649
   37      F  Fxxy      -0.000000       0.000000       0.000419      -0.005116       0.003782
   38      F  Fxxz       0.000000      -0.000000       0.000051       0.003793       0.005125
   39      F  Fxyy      -0.000000       0.000000       0.006362       0.000307      -0.000290
   40      F  Fxyz      -0.000000       0.000000       0.000000      -0.000000       0.000000
   41      F  Fxzz      -0.000000       0.000000       0.006362       0.000307      -0.000290
   42      F  Fyyy      -0.000000       0.000000       0.000938      -0.011440       0.008456
   43      F  Fyyz       0.000000      -0.000000       0.000051       0.003793       0.005125
   44      F  Fyzz      -0.000000       0.000000       0.000419      -0.005116       0.003782
   45      F  Fzzz       0.000000      -0.000000       0.000114       0.008481       0.011460
   46      F  Fxxx      -0.000000       0.000000       0.012891       0.000621      -0.000588
   47      F  Fxxy       0.000000       0.000000       0.000380      -0.004636       0.003427
   48      F  Fxxz       0.000000      -0.000000       0.000046       0.003437       0.004644
   49      F  Fxyy      -0.000000       0.000000       0.005765       0.000278      -0.000263
   50      F  Fxyz       0.000000      -0.000000       0.000000       0.000000      -0.000000
   51      F  Fxzz      -0.000000       0.000000       0.005765       0.000278      -0.000263
   52      F  Fyyy      -0.000000       0.000000       0.000850      -0.010367       0.007663
   53      F  Fyyz       0.000000      -0.000000       0.000046       0.003437       0.004644
   54      F  Fyzz      -0.000000      -0.000000       0.000380      -0.004636       0.003427
   55      F  Fzzz       0.000000      -0.000000       0.000104       0.007685       0.010385
 
 
  Occupied Eigenvectors for: E+
 --------------------------- 
 
                          -0.1852   
 
    1     E+     S      -0.194526
    2     E+     S      -0.761543
    3     E+     S      -0.337730
    4     E+     S       0.088853
    5     E+     S       0.108364
    6     E+     S       0.013722
    7     E+    Px       0.000000
    8     E+    Py      -0.000000
    9     E+    Pz       0.000000
   10     E+    Px       0.000000
   11     E+    Py       0.000000
   12     E+    Pz       0.000000
   13     E+    Px      -0.000000
   14     E+    Py      -0.000000
   15     E+    Pz      -0.000000
   16     E+    Px      -0.000000
   17     E+    Py      -0.000000
   18     E+    Pz      -0.000000
   19     E+   Dxx       0.025160
   20     E+   Dxy       0.000000
   21     E+   Dxz       0.000000
   22     E+   Dyy       0.025160
   23     E+   Dyz      -0.000000
   24     E+   Dzz       0.025160
   25     E+   Dxx       0.036125
   26     E+   Dxy      -0.000000
   27     E+   Dxz       0.000000
   28     E+   Dyy       0.036125
   29     E+   Dyz       0.000000
   30     E+   Dzz       0.036125
   31     E+   Dxx       0.016277
   32     E+   Dxy       0.000000
   33     E+   Dxz       0.000000
   34     E+   Dyy       0.016277
   35     E+   Dyz       0.000000
   36     E+   Dzz       0.016277
   37     E+  Fxxx      -0.000000
   38     E+  Fxxy      -0.000000
   39     E+  Fxxz      -0.000000
   40     E+  Fxyy      -0.000000
   41     E+  Fxyz      -0.000000
   42     E+  Fxzz      -0.000000
   43     E+  Fyyy      -0.000000
   44     E+  Fyyz      -0.000000
   45     E+  Fyzz      -0.000000
   46     E+  Fzzz      -0.000000
   47     E+  Fxxx      -0.000000
   48     E+  Fxxy      -0.000000
   49     E+  Fxxz      -0.000000
   50     E+  Fxyy      -0.000000
   51     E+  Fxyz       0.000000
   52     E+  Fxzz      -0.000000
   53     E+  Fyyy      -0.000000
   54     E+  Fyyz      -0.000000
   55     E+  Fyzz      -0.000000
   56     E+  Fzzz      -0.000000
 
 
  end of eigenvectors 
 
  END OF EIGENVALUES AND EIGENVECTORS
 
 
  COMPONENTS OF KINETIC ENERGY: 
 -----------------------------
 
             E-ALPHA Kinetic energy =           49.775092966825
              E-BETA Kinetic energy =           49.775092960027
                  E+ Kinetic energy =            0.070004261583
                                     _________________________
               Total kinetic energy =           99.620190188435
 
  COMPONENTS OF POTENTIAL ENERGY: 
 -------------------------------
 
          Fixed potential energy    =            0.000000000000
 
  Quantum/Fixed interaction energy: 
 ----------------------------------
 
     E-ALPHA/Fixed interact. energy =         -121.899553108765
      E-BETA/Fixed interact. energy =         -121.899553095725
          E+/Fixed interact. energy =            2.651405533771
                                     _________________________
               Total Q/Fixed energy =         -241.147700670720
 
  Coulomb energy: 
 ------------------
 
     E-ALPHA/E-ALPHA Hartree energy =           13.777934042358
       E-BETA/E-BETA Hartree energy =           13.777934038749
               E+/E+ Hartree energy =            0.000000000000
      E-ALPHA/E-BETA Hartree energy =           27.555868081108
          E-ALPHA/E+ Hartree energy =           -1.453326398467
           E-BETA/E+ Hartree energy =           -1.453326398435
                                     _________________________
               Total Hartree energy =           52.205083365313
 
  Exchange(HF) energy: 
 ----------------------
 
            E-ALPHA Exchange energy =           -5.156302372046
             E-BETA Exchange energy =           -5.156302371103
                 E+ Exchange energy =            0.000000000000
                                     _________________________
              Total Exchange energy =          -10.312604743149
 
  TOTAL ENERGY COMPONENTS: 
 ==========================
 
          TOTAL KINETIC ENERGY      =           99.620190188435
          TOTAL POTENTIAL ENERGY    =         -199.255222048555
                                     _________________________
                       TOTAL ENERGY =          -99.635031860121
 
                 VIRIAL RATIO (V/T) =            2.000148982567
 
 
  END ENERGY COMPONENTS
 
 
** TOTAL CPU Time SCF :      9.110 (s)
** TOTAL Elapsed Time SCF :      1.072 (s)
 
 We are calculating properties for E-ALPHA in the HF/KS ground state
 We are calculating properties for E-BETA in the HF/KS ground state
 We are calculating properties for E+ in the HF/KS ground state
 
  POPULATION ANALYSES: 
 ====================
 
 MULLIKEN Population: for E-        
 ---------------------
 
                          total          spin      
 
    1      F     S       1.941307       0.000000
    2      F     S       1.042395       0.000000
    3      F     S       0.261212       0.000000
    4      F     S       0.717469      -0.000000
    5      F     S       0.038487      -0.000000
    6      F    Px       0.520723       0.000000
    7      F    Py       0.520723       0.000000
    8      F    Pz       0.520723       0.000000
    9      F    Px       0.757638       0.000000
   10      F    Py       0.757638       0.000000
   11      F    Pz       0.757638       0.000000
   12      F    Px       0.570931      -0.000000
   13      F    Py       0.570931      -0.000000
   14      F    Pz       0.570931      -0.000000
   15      F    Px       0.084338      -0.000000
   16      F    Py       0.084338      -0.000000
   17      F    Pz       0.084338      -0.000000
   18      F   Dxx       0.002761      -0.000000
   19      F   Dxy       0.000000       0.000000
   20      F   Dxz       0.000000       0.000000
   21      F   Dyy       0.002761      -0.000000
   22      F   Dyz       0.000000       0.000000
   23      F   Dzz       0.002761      -0.000000
   24      F   Dxx      -0.002109      -0.000000
   25      F   Dxy       0.000000       0.000000
   26      F   Dxz      -0.000000      -0.000000
   27      F   Dyy      -0.002109      -0.000000
   28      F   Dyz       0.000000      -0.000000
   29      F   Dzz      -0.002109      -0.000000
   30      F   Dxx      -0.000941      -0.000000
   31      F   Dxy       0.000000      -0.000000
   32      F   Dxz       0.000000       0.000000
   33      F   Dyy      -0.000941      -0.000000
   34      F   Dyz       0.000000      -0.000000
   35      F   Dzz      -0.000941      -0.000000
   36      F  Fxxx       0.021738       0.000000
   37      F  Fxxy       0.007246       0.000000
   38      F  Fxxz       0.007246       0.000000
   39      F  Fxyy       0.007246       0.000000
   40      F  Fxyz       0.000000       0.000000
   41      F  Fxzz       0.007246       0.000000
   42      F  Fyyy       0.021738       0.000000
   43      F  Fyyz       0.007246       0.000000
   44      F  Fyzz       0.007246       0.000000
   45      F  Fzzz       0.021738       0.000000
   46      F  Fxxx       0.018084       0.000000
   47      F  Fxxy       0.006028       0.000000
   48      F  Fxxz       0.006028       0.000000
   49      F  Fxyy       0.006028       0.000000
   50      F  Fxyz       0.000000      -0.000000
   51      F  Fxzz       0.006028       0.000000
   52      F  Fyyy       0.018084       0.000000
   53      F  Fyyz       0.006028       0.000000
   54      F  Fyzz       0.006028       0.000000
   55      F  Fzzz       0.018084       0.000000
 
                           __________     __________
              Total =       10.000000       0.000000
 
  Atomic MULLIKEN Population: for E-        
            F               10.000000       0.000000
 
 ...end of MULLIKEN Population
 
 
 END POPULATION ANALYSES 
 
 
  POPULATION ANALYSES: 
 ====================
 
 LOWDIN Population: for E-        
 ---------------------
 
                          total          spin      
 
    1      F     S       1.574849       0.000000
    2      F     S       0.607703       0.000000
    3      F     S       0.411123       0.000000
    4      F     S       0.306372      -0.000000
    5      F     S       0.082479      -0.000000
    6      F    Px       0.467266       0.000000
    7      F    Py       0.467266       0.000000
    8      F    Pz       0.467266       0.000000
    9      F    Px       0.358865       0.000000
   10      F    Py       0.358865       0.000000
   11      F    Pz       0.358865       0.000000
   12      F    Px       0.319009      -0.000000
   13      F    Py       0.319009      -0.000000
   14      F    Pz       0.319009      -0.000000
   15      F    Px       0.101640      -0.000000
   16      F    Py       0.101640      -0.000000
   17      F    Pz       0.101640      -0.000000
   18      F   Dxx       0.154464       0.000000
   19      F   Dxy      -0.000000       0.000000
   20      F   Dxz      -0.000000       0.000000
   21      F   Dyy       0.154464       0.000000
   22      F   Dyz      -0.000000       0.000000
   23      F   Dzz       0.154464       0.000000
   24      F   Dxx       0.153751      -0.000000
   25      F   Dxy       0.000000       0.000000
   26      F   Dxz      -0.000000       0.000000
   27      F   Dyy       0.153751      -0.000000
   28      F   Dyz      -0.000000      -0.000000
   29      F   Dzz       0.153751      -0.000000
   30      F   Dxx       0.030943      -0.000000
   31      F   Dxy       0.000000      -0.000000
   32      F   Dxz       0.000000       0.000000
   33      F   Dyy       0.030943      -0.000000
   34      F   Dyz      -0.000000      -0.000000
   35      F   Dzz       0.030943      -0.000000
   36      F  Fxxx       0.224636       0.000000
   37      F  Fxxy       0.097957       0.000000
   38      F  Fxxz       0.097957       0.000000
   39      F  Fxyy       0.097957       0.000000
   40      F  Fxyz       0.000000       0.000000
   41      F  Fxzz       0.097957       0.000000
   42      F  Fyyy       0.224636       0.000000
   43      F  Fyyz       0.097957       0.000000
   44      F  Fyzz       0.097957       0.000000
   45      F  Fzzz       0.224636       0.000000
   46      F  Fxxx       0.178592      -0.000000
   47      F  Fxxy       0.077039      -0.000000
   48      F  Fxxz       0.077039      -0.000000
   49      F  Fxyy       0.077039      -0.000000
   50      F  Fxyz       0.000000      -0.000000
   51      F  Fxzz       0.077039      -0.000000
   52      F  Fyyy       0.178592      -0.000000
   53      F  Fyyz       0.077039      -0.000000
   54      F  Fyzz       0.077039      -0.000000
   55      F  Fzzz       0.178592      -0.000000
 
                           __________     __________
              Total =       10.000000       0.000000
 
  Atomic LOWDIN Population: for E-        
            F               10.000000       0.000000
 
 ...end of LOWDIN Population
 
 
 END POPULATION ANALYSES 
 
 
  POPULATION ANALYSES: 
 ====================
 
 MULLIKEN Population: for E+        
 ---------------------
 
                                    
 
    1     E+     S       0.173124
    2     E+     S       0.755052
    3     E+     S       0.273407
    4     E+     S      -0.042641
    5     E+     S      -0.023001
    6     E+     S      -0.001017
    7     E+    Px       0.000000
    8     E+    Py       0.000000
    9     E+    Pz       0.000000
   10     E+    Px       0.000000
   11     E+    Py      -0.000000
   12     E+    Pz       0.000000
   13     E+    Px      -0.000000
   14     E+    Py       0.000000
   15     E+    Pz      -0.000000
   16     E+    Px      -0.000000
   17     E+    Py       0.000000
   18     E+    Pz      -0.000000
   19     E+   Dxx      -0.017961
   20     E+   Dxy       0.000000
   21     E+   Dxz       0.000000
   22     E+   Dyy      -0.017961
   23     E+   Dyz       0.000000
   24     E+   Dzz      -0.017961
   25     E+   Dxx      -0.021401
   26     E+   Dxy      -0.000000
   27     E+   Dxz       0.000000
   28     E+   Dyy      -0.021401
   29     E+   Dyz       0.000000
   30     E+   Dzz      -0.021401
   31     E+   Dxx      -0.005612
   32     E+   Dxy       0.000000
   33     E+   Dxz       0.000000
   34     E+   Dyy      -0.005612
   35     E+   Dyz       0.000000
   36     E+   Dzz      -0.005612
   37     E+  Fxxx      -0.000000
   38     E+  Fxxy       0.000000
   39     E+  Fxxz       0.000000
   40     E+  Fxyy       0.000000
   41     E+  Fxyz       0.000000
   42     E+  Fxzz       0.000000
   43     E+  Fyyy       0.000000
   44     E+  Fyyz      -0.000000
   45     E+  Fyzz       0.000000
   46     E+  Fzzz      -0.000000
   47     E+  Fxxx      -0.000000
   48     E+  Fxxy       0.000000
   49     E+  Fxxz       0.000000
   50     E+  Fxyy      -0.000000
   51     E+  Fxyz      -0.000000
   52     E+  Fxzz      -0.000000
   53     E+  Fyyy       0.000000
   54     E+  Fyyz      -0.000000
   55     E+  Fyzz       0.000000
   56     E+  Fzzz       0.000000
 
                           __________
              Total =        1.000000
 
  Atomic MULLIKEN Population: for E+        
            F                1.000000
 
 ...end of MULLIKEN Population
 
 
 END POPULATION ANALYSES 
 
 
  POPULATION ANALYSES: 
 ====================
 
 LOWDIN Population: for E+        
 ---------------------
 
                                    
 
    1     E+     S       0.213488
    2     E+     S       0.220238
    3     E+     S       0.078387
    4     E+     S       0.014353
    5     E+     S       0.000318
    6     E+     S       0.000073
    7     E+    Px       0.000000
    8     E+    Py       0.000000
    9     E+    Pz      -0.000000
   10     E+    Px       0.000000
   11     E+    Py       0.000000
   12     E+    Pz      -0.000000
   13     E+    Px      -0.000000
   14     E+    Py       0.000000
   15     E+    Pz      -0.000000
   16     E+    Px      -0.000000
   17     E+    Py       0.000000
   18     E+    Pz      -0.000000
   19     E+   Dxx       0.106474
   20     E+   Dxy       0.000000
   21     E+   Dxz      -0.000000
   22     E+   Dyy       0.106474
   23     E+   Dyz      -0.000000
   24     E+   Dzz       0.106474
   25     E+   Dxx       0.043771
   26     E+   Dxy       0.000000
   27     E+   Dxz      -0.000000
   28     E+   Dyy       0.043771
   29     E+   Dyz       0.000000
   30     E+   Dzz       0.043771
   31     E+   Dxx       0.007469
   32     E+   Dxy      -0.000000
   33     E+   Dxz      -0.000000
   34     E+   Dyy       0.007469
   35     E+   Dyz      -0.000000
   36     E+   Dzz       0.007469
   37     E+  Fxxx       0.000000
   38     E+  Fxxy       0.000000
   39     E+  Fxxz      -0.000000
   40     E+  Fxyy       0.000000
   41     E+  Fxyz       0.000000
   42     E+  Fxzz       0.000000
   43     E+  Fyyy       0.000000
   44     E+  Fyyz      -0.000000
   45     E+  Fyzz       0.000000
   46     E+  Fzzz      -0.000000
   47     E+  Fxxx       0.000000
   48     E+  Fxxy       0.000000
   49     E+  Fxxz      -0.000000
   50     E+  Fxyy       0.000000
   51     E+  Fxyz       0.000000
   52     E+  Fxzz       0.000000
   53     E+  Fyyy       0.000000
   54     E+  Fyyz      -0.000000
   55     E+  Fyzz       0.000000
   56     E+  Fzzz      -0.000000
 
                           __________
              Total =        1.000000
 
  Atomic LOWDIN Population: for E+        
            F                1.000000
 
 ...end of LOWDIN Population
 
 
 END POPULATION ANALYSES 
 
 
  EXPECTED POSITIONS OF QUANTUM SPECIES:
 ======================
 
 POSITIONS IN ANGSTROMS
 ------
 
                        <x>      <y>      <z>         
            E-ALPHA  -0.0000   0.0000  -0.0000
             E-BETA   0.0000  -0.0000  -0.0000
                 E+  -0.0000   0.0000  -0.0000
 
 END EXPECTED POSITIONS
 
 
  EXPECTED RMS RADIUS OF QUANTUM SPECIES:
 ======================
 Relative to the position expectation value
 Computed as sqrt(<R^2 - <R>>)
 
                   IN ANGSTROM
                   -----------
            E-ALPHA    1.463317
             E-BETA    1.463317
                 E+    2.343883
 
 END EXPECTED RMS RADIUS
 
 
  ELECTROSTATIC MOMENTS:
 ======================
 
 
 DIPOLE: (A.U.)
 ------
 
                           <Dx>         <Dy>         <Dz>          |D|
            E-ALPHA   0.00000000  -0.00000000   0.00000000
             E-BETA  -0.00000000   0.00000000   0.00000000
                 E+  -0.00000000   0.00000000  -0.00000000
    Point charges:    0.00000000   0.00000000   0.00000000
                     ____________________________
      Total Dipole:  -0.00000000   0.00000000  -0.00000000   0.00000000
 
 DIPOLE: (DEBYE)
 ------
 
                           <Dx>         <Dy>         <Dz>          |D|
            E-ALPHA   0.00000000  -0.00000000   0.00000000
             E-BETA  -0.00000000   0.00000000   0.00000000
                 E+  -0.00000000   0.00000000  -0.00000000
    Point charges:    0.00000000   0.00000000   0.00000000
                     ____________________________
      Total Dipole:  -0.00000000   0.00000000  -0.00000000   0.00000000
 
 QUADRUPOLE NON-TRACELESS: (DEBYE ANGS)
 ------
 
                           <xx>         <yy>         <zz>         <xy>         <xz>         <yz>
            E-ALPHA   -3.42836154   -3.42836154   -3.42836154    0.00000000    0.00000000   -0.00000000
             E-BETA   -3.42836154   -3.42836154   -3.42836154    0.00000000    0.00000000    0.00000000
                 E+    8.79592990    8.79592990    8.79592990   -0.00000000   -0.00000000    0.00000000
    Point charges:     0.00000000    0.00000000    0.00000000    0.00000000    0.00000000    0.00000000
  Total Quadrupole:    1.93920681    1.93920681    1.93920681   -0.00000000    0.00000000   -0.00000000
                     ____________________________
 
 END ELECTROSTATIC MOMENTS
 

  TOTAL CPU Time:      0.653 (s)
 TOTAL Wall Time:      1.167 (s)
  Elapsed Time:   0h  0m  1s 167ms
LOWDIN execution terminated normally at : Wed Apr 23 14:01:05 2025
-rw-rw-r-- 1 pohl pohl 704K abr 23 14:01 0E-ALPHA.E-BETA.ints
-rw-rw-r-- 1 pohl pohl 704K abr 23 14:01 0E-ALPHA.ints
-rw-rw-r-- 1 pohl pohl 704K abr 23 14:01 0E-ALPHA.POSITRON.ints
-rw-rw-r-- 1 pohl pohl 704K abr 23 14:01 0POSITRON.ints
-rw-rw-r-- 1 pohl pohl 704K abr 23 14:01 1E-ALPHA.E-BETA.ints
-rw-rw-r-- 1 pohl pohl 704K abr 23 14:01 1E-ALPHA.ints
-rw-rw-r-- 1 pohl pohl 704K abr 23 14:01 1E-ALPHA.POSITRON.ints
-rw-rw-r-- 1 pohl pohl 704K abr 23 14:01 1POSITRON.ints
-rw-rw-r-- 1 pohl pohl 1,4M abr 23 14:01 2E-ALPHA.E-BETA.ints
-rw-rw-r-- 1 pohl pohl 704K abr 23 14:01 2E-ALPHA.ints
-rw-rw-r-- 1 pohl pohl 704K abr 23 14:01 2E-ALPHA.POSITRON.ints
-rw-rw-r-- 1 pohl pohl 704K abr 23 14:01 2POSITRON.ints
-rw-rw-r-- 1 pohl pohl 1,4M abr 23 14:01 3E-ALPHA.E-BETA.ints
-rw-rw-r-- 1 pohl pohl 704K abr 23 14:01 3E-ALPHA.ints
-rw-rw-r-- 1 pohl pohl 1,4M abr 23 14:01 3E-ALPHA.POSITRON.ints
-rw-rw-r-- 1 pohl pohl 704K abr 23 14:01 3POSITRON.ints
-rw-rw-r-- 1 pohl pohl 704K abr 23 14:01 4E-ALPHA.E-BETA.ints
-rw-rw-r-- 1 pohl pohl 704K abr 23 14:01 4E-ALPHA.ints
-rw-rw-r-- 1 pohl pohl 704K abr 23 14:01 4E-ALPHA.POSITRON.ints
-rw-rw-r-- 1 pohl pohl 704K abr 23 14:01 4POSITRON.ints
-rw-rw-r-- 1 pohl pohl 704K abr 23 14:01 5E-ALPHA.E-BETA.ints
-rw-rw-r-- 1 pohl pohl 704K abr 23 14:01 5E-ALPHA.ints
-rw-rw-r-- 1 pohl pohl 704K abr 23 14:01 5E-ALPHA.POSITRON.ints
-rw-rw-r-- 1 pohl pohl 704K abr 23 14:01 5POSITRON.ints
-rw-rw-r-- 1 pohl pohl 704K abr 23 14:01 6E-ALPHA.E-BETA.ints
-rw-rw-r-- 1 pohl pohl 704K abr 23 14:01 6E-ALPHA.ints
-rw-rw-r-- 1 pohl pohl 1,4M abr 23 14:01 6E-ALPHA.POSITRON.ints
-rw-rw-r-- 1 pohl pohl 704K abr 23 14:01 6POSITRON.ints
-rw-rw-r-- 1 pohl pohl 1,4M abr 23 14:01 7E-ALPHA.E-BETA.ints
-rw-rw-r-- 1 pohl pohl 704K abr 23 14:01 7E-ALPHA.ints
-rw-rw-r-- 1 pohl pohl 1,4M abr 23 14:01 7E-ALPHA.POSITRON.ints
-rw-rw-r-- 1 pohl pohl 704K abr 23 14:01 7POSITRON.ints
-rw-rw-r-- 1 pohl pohl 1,4M abr 23 14:01 8E-ALPHA.E-BETA.ints
-rw-rw-r-- 1 pohl pohl 704K abr 23 14:01 8E-ALPHA.ints
-rw-rw-r-- 1 pohl pohl 1,4M abr 23 14:01 8E-ALPHA.POSITRON.ints
-rw-rw-r-- 1 pohl pohl 704K abr 23 14:01 8POSITRON.ints
-rw-rw-r-- 1 pohl pohl 704K abr 23 14:01 9E-ALPHA.E-BETA.ints
-rw-rw-r-- 1 pohl pohl 704K abr 23 14:01 9E-ALPHA.ints
-rw-rw-r-- 1 pohl pohl 1,4M abr 23 14:01 9E-ALPHA.POSITRON.ints
-rw-rw-r-- 1 pohl pohl 704K abr 23 14:01 9POSITRON.ints
-rw-rw-r-- 1 pohl pohl   12 abr 23 14:01 E-ALPHA.E-BETA.nints
-rw-rw-r-- 1 pohl pohl   12 abr 23 14:01 E-ALPHA.POSITRON.nints
-rw-rw-r-- 1 pohl pohl   59 abr 23 14:01 gepol.inp
-rw-rw-r-- 1 pohl pohl  100 abr 23 14:01 gepol.xyzr
-rw-rw-r-- 1 pohl pohl 8,7K abr 23 14:01 lowdin.bas
-rw-rw-r-- 1 pohl pohl  16K abr 23 14:01 lowdin.dat
-rw-rw-r-- 1 pohl pohl 870K abr 23 14:01 lowdin.opints
-rw-rw-r-- 1 pohl pohl  31K abr 23 14:01 lowdin.sys
-rw-rw-r-- 1 pohl pohl 796K abr 23 14:01 lowdin.wfn
-rw-rw-r-- 1 pohl pohl  296 abr 23 14:01 PsF
-rw-rw-r-- 1 pohl pohl 1,1K abr 23 14:01 PsF.aux
-rw-rw-r-- 1 pohl pohl  306 abr 23 14:01 PsF.lowdin
-rw-rw-r-- 1 pohl pohl  54K abr 23 14:01 PsF.out
-rw-rw-r-- 1 pohl pohl  74K abr 23 14:01 PsF.vec
