Begin job by input: usual_31.lowdin, for user:   at  jue 06 feb 2025 14:36:20 -05
under operating system Linux helios 5.19.0-46-generic #47-Ubuntu SMP PREEMPT_DYNAMIC Fri Jun 16 13:30:11 UTC 2023 x86_64 x86_64 x86_64 GNU/Linux
Compilation information
  commit: f31d3924f6ee2ce9d77f07edcc1ba27359319d14
  compilation date:  mar 17 sep 2024 16:16:17 -05

BEGIN INPUT INFO:
------------------------------------

GEOMETRY
	e-(C)	AUG-CC-PVTZ 0.0 0.0 0.0 multiplicity=2 addParticles=1 
	e-(C)	AUG-CC-PVTZ 0.0 0.0 6.7 
	C	Dirac 0.0 0.0 0.0
	C	Dirac 0.0 0.0 6.7
END GEOMETRY

TASKS
        method = "UHF"
	mollerPlessetCorrection=2
END TASKS

CONTROL
	units="ANGS"
END CONTROL






... END INPUT INFO


 LOWDIN execution started at : Thu Feb  6 14:36:20 2025
 ---------------------------------------------------------------
 
 ***************************************************************
 *                   LOWDIN 2.0  (May/2013)                    *
 *                                                             *
 *  R. FLORES-MORENO, E. F. POSADA, F. S. MONCADA, J.ROMERO,   *
 *  J. CHARRY, M. DIAZ-TINOCO, S. A. GONZALEZ, N. F. AGUIRRE,  *
 *  A. REYES                                                   *
 *                                                             *
 *  https://sites.google.com/site/lowdinproject/               *
 *                                                             *
 ***************************************************************
 
 PARSING INPUT... DONE!
 
 LOWDIN IS RUNNING WITH NEXT PARAMETERS: 
 ----------------------------------------
 
         METHOD TYPE:  UHF
         NUMBER OF CORES:     4
         MOLLER PLESSET CORRECTION:      2
         NONELECTRONIC DENSITY GUESS: HCORE
         ELECTRONIC DENSITY GUESS: HCORE
         CRITERIUM OF CONVERGENCE: ENERGY
         NONELECTRONIC ENERGY TOLERANCE IN SCFs:     0.10000E-07
         ELECTRONIC ENERGY TOLERANCE IN SCFs:     0.10000E-07
         TOTAL ENERGY TOLERANCE IN SCFs:     0.10000E-07
         SCHEME OF ITERATION: GLOBAL ITERATIONS
         SCF MAX. SUBITERATIONS - NONELECTRONS :     1
         SCF MAX. SUBITERATIONS - ELECTRONS :     1
         SCF MAX. ITERATIONS - INTERSPECIES :   200
         INTEGRAL STORAGE: DISK
         STACK SIZE FOR ERIS : 30000
         METHOD OF SCF CONVERGENCE: DAMPING
 
  MOLECULAR SYSTEM: usual_31
 -----------------
 
    DESCRIPTION   : usual_31
    CHARGE        :   0
    PUNTUAL GROUP : NONE
 
 
  INFORMATION OF PARTICLES :
 =========================
         Total number of particles   =      15
         Number of quantum particles =      13
         Number of puntual charges   =       2
         Number of quantum species   =       2
 
                 INFORMATION OF QUANTUM SPECIES 
    ----------------------------------------------------------------------
         ID      Symbol            mass     charge      omega     spin     multiplicity
    ----------------------------------------------------------------------
         1        E-ALPHA         1.0000     -1.00      0.00      0.50      2.00
         2         E-BETA         1.0000     -1.00      0.00      0.50      2.00
 
                   CONSTANTS OF COUPLING 
      ------------------------------------------------------------
              Symbol      kappa        eta     lambda occupation
      ------------------------------------------------------------
             E-ALPHA      -1.00       1.00       1.00       7.00
              E-BETA      -1.00       1.00       1.00       6.00
 
                   BASIS SET FOR SPECIES 
      ------------------------------------------------------------
           Symbol          N. Basis     N. Particles     Basis Set
      ------------------------------------------------------------
            E-ALPHA           28                7     AUG-CC-PVT
             E-BETA           28                6     AUG-CC-PVT
 
                                ATOMIC BASIS
         ------------------------------------------------------------
          PRIMITIVE   SHELL             EXPONENT         COEFFICIENT 
         ------------------------------------------------------------
 
    BEGIN DESCRIPTION OF BASIS FOR: E-ALP
    ==============================
 
 
             C BASIS SET:    AUG-CC-PVTZ
             1         S             8236.00000000          0.00053100
             2         S             1235.00000000          0.00410800
             3         S              280.80000000          0.02108700
             4         S               79.27000000          0.08185300
             5         S               25.59000000          0.23481700
             6         S                8.99700000          0.43440100
             7         S                3.31900000          0.34612900
             8         S                0.36430000         -0.00898300
             1         S             8236.00000000         -0.00011300
             2         S             1235.00000000         -0.00087800
             3         S              280.80000000         -0.00454000
             4         S               79.27000000         -0.01813300
             5         S               25.59000000         -0.05576000
             6         S                8.99700000         -0.12689500
             7         S                3.31900000         -0.17035200
             8         S                0.36430000          0.59868400
             1         S                0.90590000          1.00000000
             1         S                0.12850000          1.00000000
             1         S                0.04402000          1.00000000
             1         P               18.71000000          0.01403100
             2         P                4.13300000          0.08686600
             3         P                1.20000000          0.29021600
             1         P                0.38270000          1.00000000
             1         P                0.12090000          1.00000000
             1         P                0.03569000          1.00000000
             1         D                1.09700000          1.00000000
             1         D                0.31800000          1.00000000
             1         D                0.10000000          1.00000000
             1         F                0.76100000          1.00000000
             1         F                0.26800000          1.00000000
 
             C BASIS SET:    AUG-CC-PVTZ
             1         S             8236.00000000          0.00053100
             2         S             1235.00000000          0.00410800
             3         S              280.80000000          0.02108700
             4         S               79.27000000          0.08185300
             5         S               25.59000000          0.23481700
             6         S                8.99700000          0.43440100
             7         S                3.31900000          0.34612900
             8         S                0.36430000         -0.00898300
             1         S             8236.00000000         -0.00011300
             2         S             1235.00000000         -0.00087800
             3         S              280.80000000         -0.00454000
             4         S               79.27000000         -0.01813300
             5         S               25.59000000         -0.05576000
             6         S                8.99700000         -0.12689500
             7         S                3.31900000         -0.17035200
             8         S                0.36430000          0.59868400
             1         S                0.90590000          1.00000000
             1         S                0.12850000          1.00000000
             1         S                0.04402000          1.00000000
             1         P               18.71000000          0.01403100
             2         P                4.13300000          0.08686600
             3         P                1.20000000          0.29021600
             1         P                0.38270000          1.00000000
             1         P                0.12090000          1.00000000
             1         P                0.03569000          1.00000000
             1         D                1.09700000          1.00000000
             1         D                0.31800000          1.00000000
             1         D                0.10000000          1.00000000
             1         F                0.76100000          1.00000000
             1         F                0.26800000          1.00000000
    ... END DESCRIPTION OF BASIS
 
 
  END INFORMATION OF PARTICLES
 
 
  INFORMATION OF THE QUANTUM SYSTEM 
     ---------------------------------------------------------------------
                 ID     Occupied Orbitals     Basis size
     ---------------------------------------------------------------------
            E-ALPHA            7              110
             E-BETA            6              110
 
  END INFORMATION OF QUANTUM SYSTEM
 
                       INITIAL GEOMETRY: AMSTRONG
                 -----------------------------------
                       <x>                 <y>                 <z>
  E-ALPHAC        0.0000000000        0.0000000000        0.0000000000
  E-ALPHAC        0.0000000000        0.0000000000        6.7000000000
         C        0.0000000000        0.0000000000        0.0000000000
         C        0.0000000000        0.0000000000        6.7000000000
 
                     MATRIX OF DISTANCE: ANGSTROM
                 -----------------------------------
                          C(1)           C(2)      
 
        C(1)             0.000000       6.700000
        C(2)             6.700000       0.000000
 
--------------------------------------------------------------------------------
** PROGRAM: SCF (Hartree Fock).     Author: S.A. Gonzalez, E. Posada, F. Moncada
--------------------------------------------------------------------------------
INFO: RUNNING IN UHF MODE.
 
----------------------------------------------------------------------
** PROGRAM INTS                          Author: E. F. Posada, 2013   
----------------------------------------------------------------------
INFO: RUNNING IN ONE_PARTICLE MODE.
 
 Number of Overlap integrals for species E-ALPHA:  12100
 Number of Overlap integrals for species E-BETA:  12100
 Number of Kinetic integrals for species E-ALPHA:  12100
 Number of Kinetic integrals for species E-BETA:  12100
 Number of Nuclear integrals for species E-ALPHA:  12100
 Number of Nuclear integrals for species E-BETA:  12100
 Number of Moment integrals for species E-ALPHA:  36300
 Number of Moment integrals for species E-BETA:  36300
 
** TOTAL CPU Time INTS :      0.434 (s)
** TOTAL Elapsed Time INTS :      0.193 (s)
 
 Combination coefficients for E-ALPHA were read from usual_31.vec
     number of    E-ALPHA     particles in guess density matrix:     7.108719
 Warning!, density matrix with deviation from number of particles    7.000000
 Combination coefficients for E-BETA were read from usual_31.vec
     number of     E-BETA     particles in guess density matrix:     6.086688
 Warning!, density matrix with deviation from number of particles    6.000000
 Number of unique integrals for species: 1 = 1926361
 Number of unique integrals for species: 1 / 2 = 3849056 Screened: 5773
 
 TWO-BODY INTEGRAL SETUP: 
------------------------- 
 Storage:   DISK
 Scheme: LIBINT
 Stack size:  30000
 
 LIBINT library, Fermann, J. T.; Valeev, F. L. 2010                   
 LOWDIN-LIBINT Implementation V. 2.1  Posada E. F. ; Reyes A. 2016   
 ----------------------------------------------------------------------

*** TOTAL CPU time intra-species integrals :      0.861 (s)
*** TOTAL elapsed time intra-species integrals :      0.180 (s)


*** TOTAL CPU time inter-species integrals :      1.957 (s)
*** TOTAL elapsed time inter-species integrals :      0.461 (s)

INFO: RUNNING SCHEME SIMULTANEOUS
 
 Begin Multi-Species SCF calculation:
 
 --------------------------------------------------------------------------------------------------
      Iteration                   Energy            Energy Change           Density Change
 --------------------------------------------------------------------------------------------------
              1         -74.453001977858          74.453001977858           0.084287188361
              2         -67.556306254736          -6.896695723122           0.079861470279
              3         -72.832813000275           5.276506745539           0.004711030784
              4         -73.300058128374           0.467245128100           0.005378124192
              5         -74.087028429295           0.786970300921           0.012572453317
              6         -74.832778284007           0.745749854712           0.012008679376
              7         -74.128557871484          -0.704220412523           0.005533373711
              8         -75.171925976502           1.043368105018           0.008868482022
              9         -75.211152295193           0.039226318691           0.006880627214
             10         -75.335793728999           0.124641433806           0.003016036047
             11         -75.393193406393           0.057399677394           0.000874940429
             12         -75.398499646560           0.005306240167           0.000475810076
             13         -75.400144475486           0.001644828926           0.000309492727
             14         -75.400839669242           0.000695193756           0.000217302321
             15         -75.401162456262           0.000322787020           0.000151080548
             16         -75.401319383213           0.000156926951           0.000105964917
             17         -75.401397997323           0.000078614110           0.000074555110
             18         -75.401438433190           0.000040435867           0.000053023981
             19         -75.401459815365           0.000021382175           0.000038192072
             20         -75.401471497281           0.000011681916           0.000027950364
             21         -75.401478139039           0.000006641758           0.000020815625
             22         -75.401482098671           0.000003959632           0.000015796244
             23         -75.401484587450           0.000002488780           0.000012230119
             24         -75.401486238359           0.000001650908           0.000009673650
             25         -75.401487389428           0.000001151070           0.000007823323
             26         -75.401488226396           0.000000836968           0.000006467164
             27         -75.401488855149           0.000000628753           0.000005455312
             28         -75.401489338849           0.000000483700           0.000004682069
             29         -75.401489717160           0.000000378312           0.000004074079
             30         -75.401490016352           0.000000299192           0.000003581621
             31         -75.401490254705           0.000000238353           0.000003171714
             32         -75.401490445491           0.000000190786           0.000002822746
             33         -75.401490598666           0.000000153174           0.000002520519
             34         -75.401490721880           0.000000123215           0.000002255538
             35         -75.401490821116           0.000000099236           0.000002021246
             36         -75.401490901101           0.000000079985           0.000001812921
             37         -75.401490965601           0.000000064500           0.000001627000
             38         -75.401491017629           0.000000052028           0.000001460678
             39         -75.401491059605           0.000000041976           0.000001311662
             40         -75.401491093475           0.000000033870           0.000001178021
             41         -75.401491120805           0.000000027331           0.000001058093
             42         -75.401491142861           0.000000022055           0.000000950430
             43         -75.401491160659           0.000000017798           0.000000853753
             44         -75.401491175022           0.000000014363           0.000000766927
             45         -75.401491186613           0.000000011591           0.000000688940
             46         -75.401491195968           0.000000009354           0.000000618889
 Total energy converged after  46 global iterations                                                  
 
 ...end Multi-Species SCF calculation
 
 
 Begin SCF calculation by: E-ALPHA
 -------------------------
 
 -----------------------------------------------------------------------------------
 Iteration                   Energy           Density Change         DIIS Error 
 -----------------------------------------------------------------------------------
    1         -26.473680195132           0.074250095017                 -- 
    2         -28.053356825521           0.002461276896                 -- 
    3         -28.719250210432           0.002074146381                 -- 
    4         -30.699001521810           0.007300591039                 -- 
    5         -31.133519668296           0.007258945288                 -- 
    6         -29.310545015137           0.001018432405                 -- 
    7         -30.127300295248           0.005376218411                 -- 
    8         -30.613551857528           0.005971908070                 -- 
    9         -29.996641660378           0.001571684461                 -- 
   10         -30.148364949067           0.000574875599                 -- 
   11         -30.141710112150           0.000326314795                 -- 
   12         -30.123975443876           0.000232320377                 -- 
   13         -30.118198881108           0.000165886288                 -- 
   14         -30.112911911781           0.000119198685                 -- 
   15         -30.110087585182           0.000085387538                 -- 
   16         -30.108159521737           0.000061217093                 -- 
   17         -30.106982727622           0.000043934429                 -- 
   18         -30.106219384113           0.000031616799                 -- 
   19         -30.105731874968           0.000022848257                 -- 
   20         -30.105412571254           0.000016618676                 -- 
   21         -30.105200782999           0.000012202566                 -- 
   22         -30.105056729178           0.000009080317                 -- 
   23         -30.104956130308           0.000006878281                 -- 
   24         -30.104883619044           0.000005326765                 -- 
   25         -30.104829591627           0.000004230467                 -- 
   26         -30.104787967610           0.000003448351                 -- 
   27         -30.104754881922           0.000002879911                 -- 
   28         -30.104727847642           0.000002455261                 -- 
   29         -30.104705243287           0.000002127263                 -- 
   30         -30.104685991871           0.000001865028                 -- 
   31         -30.104669361760           0.000001648718                 -- 
   32         -30.104654842245           0.000001465686                 -- 
   33         -30.104642065733           0.000001307812                 -- 
   34         -30.104630758834           0.000001169766                 -- 
   35         -30.104620711439           0.000001047925                 -- 
   36         -30.104611757012           0.000000939715                 -- 
   37         -30.104603759894           0.000000843219                 -- 
   38         -30.104596607000           0.000000756942                 -- 
   39         -30.104590202304           0.000000679670                 -- 
   40         -30.104584463077           0.000000610388                 -- 
   41         -30.104579317262           0.000000548226                 -- 
   42         -30.104574701591           0.000000492429                 -- 
   43         -30.104570560172           0.000000442329                 -- 
   44         -30.104566843424           0.000000397338                 -- 
   45         -30.104563507216           0.000000356929                 -- 
 
 ... end SCF calculation
 
 Begin SCF calculation by: E-BETA
 -------------------------
 
 -----------------------------------------------------------------------------------
 Iteration                   Energy           Density Change         DIIS Error 
 -----------------------------------------------------------------------------------
    1         -25.997158461499           0.005611375262                 -- 
    2         -26.468429293042           0.002249753887                 -- 
    3         -27.629759270154           0.003303977810                 -- 
    4         -29.334144217909           0.005271862278                 -- 
    5         -28.003649063361           0.004749734089                 -- 
    6         -28.706553665987           0.004514941307                 -- 
    7         -29.155641357016           0.003492263612                 -- 
    8         -27.951437038684           0.000908719145                 -- 
    9         -28.721273970973           0.001444351586                 -- 
   10         -28.857090549252           0.000300064830                 -- 
   11         -28.867187352168           0.000149495281                 -- 
   12         -28.867952952529           0.000077172350                 -- 
   13         -28.873919995929           0.000051416033                 -- 
   14         -28.876617927916           0.000031881863                 -- 
   15         -28.878868128490           0.000020577379                 -- 
   16         -28.880210974344           0.000013338017                 -- 
   17         -28.881116349065           0.000009089552                 -- 
   18         -28.881687004968           0.000006575273                 -- 
   19         -28.882057467640           0.000005102108                 -- 
   20         -28.882296389114           0.000004196949                 -- 
   21         -28.882453397315           0.000003593678                 -- 
   22         -28.882558305726           0.000003149802                 -- 
   23         -28.882630357820           0.000002795369                 -- 
   24         -28.882681453681           0.000002496558                 -- 
   25         -28.882719061992           0.000002236696                 -- 
   26         -28.882747827161           0.000002006961                 -- 
   27         -28.882770654158           0.000001802158                 -- 
   28         -28.882789365718           0.000001618819                 -- 
   29         -28.882805117349           0.000001454358                 -- 
   30         -28.882818652303           0.000001306686                 -- 
   31         -28.882830459287           0.000001174028                 -- 
   32         -28.882840869199           0.000001054833                 -- 
   33         -28.882850114431           0.000000947726                 -- 
   34         -28.882858365145           0.000000851480                 -- 
   35         -28.882865751441           0.000000764996                 -- 
   36         -28.882872376936           0.000000687284                 -- 
   37         -28.882878327112           0.000000617459                 -- 
   38         -28.882883674492           0.000000554720                 -- 
   39         -28.882888481903           0.000000498351                 -- 
   40         -28.882892804578           0.000000447705                 -- 
   41         -28.882896691550           0.000000402204                 -- 
   42         -28.882900186632           0.000000361324                 -- 
   43         -28.882903329123           0.000000324597                 -- 
   44         -28.882906154351           0.000000291602                 -- 
   45         -28.882908694119           0.000000261960                 -- 
 
 ... end SCF calculation
 
  EIGENVALUES AND EIGENVECTORS: 
 ==============================
 
 
  Eigenvalues for: E-ALPHA
 -----------------
 
    1         -11.222925202766
    2         -10.976995024926
    3          -0.526830433381
    4          -0.505423367328
    5          -0.079149855927
    6          -0.079149651275
    7          -0.078934429963
    8           0.113772206314
    9           0.136625670789
   10           0.136625671169
   11           0.151478918806
   12           0.214502865062
   13           0.233977225663
   14           0.241477101623
   15           0.241477111676
   16           0.253033084788
   17           0.253033108952
   18           0.270648433200
   19           0.392256964719
   20           0.396126450266
   21           0.396126450632
   22           0.402737208306
   23           0.402737208424
   24           0.417541897327
   25           0.510088374427
   26           0.515438688204
   27           0.515438703059
   28           0.515609681560
   29           0.515609681594
   30           0.527314521577
   31           0.564944066307
   32           0.568272340768
   33           0.568272340980
   34           0.645079823796
   35           0.645079885165
   36           0.658157548451
   37           1.161591178491
   38           1.170385945415
   39           1.170385945541
   40           1.172677608111
   41           1.176819524827
   42           1.176819524905
   43           1.186273130977
   44           1.186273131207
   45           1.202314311182
   46           1.202762827822
   47           1.202762827822
   48           1.204979823709
   49           1.204979823790
   50           1.255900224567
   51           1.281129350940
   52           1.281129351331
   53           1.318481222624
   54           1.318481222634
   55           1.319385306335
   56           1.319385323703
   57           1.322960989542
   58           1.346164737615
   59           1.362874117544
   60           1.362874117550
   61           1.362897300524
   62           1.362897303481
   63           1.362960081680
   64           1.362960081680
   65           1.365399507696
   66           1.406585702041
   67           1.406585754577
   68           1.419773246540
   69           1.973101719560
   70           2.130421061281
   71           3.153083604394
   72           3.194795677075
   73           3.194795677150
   74           3.366541416494
   75           3.366541452899
   76           3.374570647249
   77           3.526308747144
   78           3.537057012773
   79           3.537057012824
   80           3.549109285079
   81           3.555366825928
   82           3.555366825961
   83           3.575984417360
   84           3.575984417414
   85           3.587397341434
   86           3.587397341447
   87           3.612291908202
   88           3.612291908202
   89           3.727094387151
   90           3.727094387151
   91           3.727343218077
   92           3.727343235667
   93           3.732689365699
   94           3.780547775372
   95           3.780547779162
   96           3.780549175653
   97           3.780549175657
   98           3.780584950190
   99           3.780584950190
  100           3.781055459604
  101           6.188636760472
  102           6.402785864376
  103           7.347083504822
  104           7.347083504877
  105           7.356319637774
  106           7.550311008814
  107           7.550311017605
  108           7.596855467647
  109           8.558927004204
  110           8.795008605639
 
 
  Eigenvalues for: E-BETA
 -----------------
 
    1         -11.267894868606
    2         -10.928935827650
    3          -0.750670438643
    4          -0.360247175019
    5          -0.360247174990
    6          -0.214534672011
    7           0.095697516234
    8           0.141639893778
    9           0.164423701598
   10           0.164423702173
   11           0.204271633226
   12           0.234496471700
   13           0.234496481836
   14           0.235597849252
   15           0.260226450432
   16           0.378496937590
   17           0.381148071147
   18           0.381148071183
   19           0.384466194335
   20           0.384466194517
   21           0.400951766078
   22           0.435626892183
   23           0.435626907619
   24           0.444386010949
   25           0.483087965697
   26           0.483087965990
   27           0.527443556657
   28           0.549049938857
   29           0.549049938897
   30           0.550123870793
   31           0.550123880793
   32           0.554325383097
   33           0.579173335657
   34           0.752841268306
   35           0.752841287483
   36           0.761814361344
   37           1.096141835880
   38           1.096141835894
   39           1.113048073556
   40           1.113048073633
   41           1.119987510036
   42           1.156893326506
   43           1.161499181222
   44           1.161499181303
   45           1.164101471076
   46           1.165844526931
   47           1.165844526954
   48           1.172051720213
   49           1.172051720213
   50           1.194782086601
   51           1.194782086722
   52           1.236495341532
   53           1.397815558596
   54           1.400902388041
   55           1.400902390029
   56           1.400908440988
   57           1.400908441022
   58           1.400990205108
   59           1.400990205108
   60           1.402573949150
   61           1.424127004293
   62           1.424127004307
   63           1.424481709612
   64           1.424481724220
   65           1.435368729290
   66           1.492726454587
   67           1.492726475743
   68           1.503980727113
   69           1.960461202967
   70           2.152886819183
   71           3.105850450085
   72           3.105850450116
   73           3.132646140890
   74           3.443840370404
   75           3.443840406291
   76           3.448223498726
   77           3.455239290942
   78           3.455239290949
   79           3.462749838885
   80           3.462749840236
   81           3.473659088313
   82           3.512946196587
   83           3.514308449031
   84           3.514308449043
   85           3.521135973702
   86           3.521135973708
   87           3.532706389463
   88           3.532706389463
   89           3.836911229004
   90           3.836911229007
   91           3.837049428682
   92           3.837049469745
   93           3.841669447717
   94           3.850049953782
   95           3.850049982735
   96           3.850070302042
   97           3.850070302054
   98           3.850137365107
   99           3.850137365107
  100           3.850751532334
  101           6.147238738568
  102           6.451463514617
  103           7.327658396529
  104           7.327658396558
  105           7.349102068352
  106           7.569516368159
  107           7.569516387319
  108           7.616203711073
  109           8.529383903441
  110           8.829775432782
 
  end of eigenvalues 
 
  Occupied Eigenvectors for: E-ALPHA
 --------------------------- 
 
                         -11.2229       -10.9770        -0.5268        -0.5054        -0.0791   
 
    1      C     S      -0.000001      -0.974528      -0.012773       0.000016      -0.000000
    2      C     S       0.000001       0.004675       0.534920      -0.000917      -0.000000
    3      C     S      -0.000023      -0.048742       0.133445      -0.000248       0.000000
    4      C     S       0.000046       0.014143       0.379895      -0.000531      -0.000000
    5      C     S       0.000147       0.003070       0.047713      -0.000072       0.000000
    6      C    Px      -0.000000       0.000000      -0.000000       0.000000      -0.187154
    7      C    Py       0.000000       0.000000      -0.000000      -0.000000      -0.238616
    8      C    Pz      -0.000002       0.000012      -0.000195       0.000089       0.000000
    9      C    Px       0.000000      -0.000000      -0.000000       0.000000      -0.245708
   10      C    Py      -0.000000      -0.000000      -0.000000       0.000000      -0.313271
   11      C    Pz       0.000008      -0.000035      -0.000285       0.000097       0.000000
   12      C    Px       0.000000       0.000000       0.000000      -0.000000      -0.230972
   13      C    Py       0.000000      -0.000000      -0.000000       0.000000      -0.294483
   14      C    Pz      -0.000008      -0.000125       0.000246       0.000088       0.000000
   15      C    Px      -0.000000      -0.000000      -0.000000       0.000000      -0.104721
   16      C    Py      -0.000000      -0.000000       0.000000      -0.000000      -0.133516
   17      C    Pz       0.000049       0.000071       0.000080       0.000015       0.000000
   18      C   Dxx      -0.000007      -0.001343       0.004978      -0.000011      -0.000000
   19      C   Dxy      -0.000000      -0.000000       0.000000      -0.000000      -0.000000
   20      C   Dxz      -0.000000      -0.000000       0.000000       0.000000       0.000002
   21      C   Dyy      -0.000007      -0.001343       0.004978      -0.000011       0.000000
   22      C   Dyz       0.000000       0.000000      -0.000000      -0.000000       0.000003
   23      C   Dzz      -0.000003      -0.001336       0.004950      -0.000012       0.000000
   24      C   Dxx      -0.000026      -0.006913       0.007904      -0.000049       0.000000
   25      C   Dxy      -0.000000      -0.000000       0.000000      -0.000000      -0.000000
   26      C   Dxz      -0.000000       0.000000      -0.000000      -0.000000       0.000028
   27      C   Dyy      -0.000026      -0.006913       0.007904      -0.000049       0.000000
   28      C   Dyz      -0.000000      -0.000000       0.000000       0.000000       0.000036
   29      C   Dzz      -0.000042      -0.006926       0.007879      -0.000024       0.000000
   30      C   Dxx      -0.000059      -0.002555       0.001373      -0.000009      -0.000000
   31      C   Dxy      -0.000000       0.000000      -0.000000       0.000000       0.000000
   32      C   Dxz       0.000000      -0.000000       0.000000       0.000000      -0.000255
   33      C   Dyy      -0.000059      -0.002555       0.001373      -0.000009       0.000000
   34      C   Dyz       0.000000       0.000000      -0.000000      -0.000000      -0.000325
   35      C   Dzz      -0.000022      -0.002532       0.001524      -0.000029       0.000000
   36      C  Fxxx      -0.000000       0.000000       0.000000       0.000000      -0.007849
   37      C  Fxxy       0.000000       0.000000       0.000000      -0.000000      -0.004475
   38      C  Fxxz      -0.000000       0.000012      -0.000003       0.000004       0.000000
   39      C  Fxyy      -0.000000       0.000000       0.000000       0.000000      -0.003510
   40      C  Fxyz       0.000000       0.000000      -0.000000       0.000000       0.000000
   41      C  Fxzz      -0.000000       0.000000       0.000000      -0.000000      -0.003501
   42      C  Fyyy       0.000000       0.000000       0.000000      -0.000000      -0.010007
   43      C  Fyyz      -0.000000       0.000012      -0.000003       0.000004       0.000000
   44      C  Fyzz       0.000000       0.000000       0.000000      -0.000000      -0.004464
   45      C  Fzzz      -0.000005       0.000025      -0.000013       0.000013       0.000000
   46      C  Fxxx      -0.000000       0.000000      -0.000000       0.000000      -0.008135
   47      C  Fxxy      -0.000000       0.000000       0.000000      -0.000000      -0.004638
   48      C  Fxxz      -0.000005       0.000025      -0.000039       0.000011       0.000000
   49      C  Fxyy      -0.000000       0.000000       0.000000       0.000000      -0.003638
   50      C  Fxyz      -0.000000       0.000000      -0.000000      -0.000000      -0.000000
   51      C  Fxzz      -0.000000       0.000000       0.000000       0.000000      -0.003687
   52      C  Fyyy       0.000000       0.000000       0.000000      -0.000000      -0.010371
   53      C  Fyyz      -0.000005       0.000025      -0.000039       0.000011       0.000000
   54      C  Fyzz      -0.000000       0.000000       0.000000      -0.000000      -0.004701
   55      C  Fzzz       0.000001       0.000060      -0.000033       0.000022       0.000000
   56      C     S       0.976519       0.000008      -0.000035      -0.008693      -0.000000
   57      C     S      -0.008930       0.000014       0.000767       0.534010      -0.000000
   58      C     S       0.042587       0.000044       0.000159       0.136410       0.000000
   59      C     S      -0.016207      -0.000116       0.000708       0.391224      -0.000000
   60      C     S      -0.003117      -0.000256       0.000347       0.022893       0.000000
   61      C    Px      -0.000000       0.000000       0.000000      -0.000000      -0.000098
   62      C    Py       0.000000      -0.000000      -0.000000      -0.000000      -0.000125
   63      C    Pz      -0.000212       0.000006      -0.000028       0.005466      -0.000000
   64      C    Px       0.000000      -0.000000      -0.000000       0.000000      -0.000077
   65      C    Py      -0.000000       0.000000       0.000000       0.000000      -0.000098
   66      C    Pz       0.000548      -0.000013       0.000001       0.007082      -0.000000
   67      C    Px       0.000000      -0.000000       0.000000       0.000000       0.000364
   68      C    Py      -0.000000      -0.000000      -0.000000       0.000000       0.000464
   69      C    Pz       0.000155      -0.000073       0.000171       0.010289      -0.000000
   70      C    Px      -0.000000       0.000000      -0.000000      -0.000000      -0.000686
   71      C    Py       0.000000       0.000000       0.000000       0.000000      -0.000875
   72      C    Pz       0.000015       0.000088      -0.000096       0.001637       0.000000
   73      C   Dxx       0.002450       0.000011      -0.000010      -0.003501       0.000000
   74      C   Dxy       0.000000       0.000000      -0.000000       0.000000       0.000000
   75      C   Dxz      -0.000000       0.000000      -0.000000      -0.000000       0.000003
   76      C   Dyy       0.002450       0.000011      -0.000010      -0.003501       0.000000
   77      C   Dyz       0.000000      -0.000000       0.000000       0.000000       0.000003
   78      C   Dzz       0.003554       0.000004       0.000018       0.015564       0.000000
   79      C   Dxx       0.008002       0.000052      -0.000068      -0.002451       0.000000
   80      C   Dxy      -0.000000      -0.000000       0.000000       0.000000      -0.000000
   81      C   Dxz       0.000000       0.000000      -0.000000      -0.000000       0.000012
   82      C   Dyy       0.008002       0.000052      -0.000068      -0.002451       0.000000
   83      C   Dyz      -0.000000      -0.000000      -0.000000       0.000000       0.000015
   84      C   Dzz       0.007548       0.000077       0.000007       0.036549       0.000000
   85      C   Dxx       0.002597       0.000109      -0.000108       0.002622       0.000000
   86      C   Dxy       0.000000       0.000000      -0.000000       0.000000       0.000000
   87      C   Dxz      -0.000000       0.000000      -0.000000      -0.000000       0.000046
   88      C   Dyy       0.002597       0.000109      -0.000108       0.002622       0.000000
   89      C   Dyz       0.000000       0.000000       0.000000       0.000000       0.000059
   90      C   Dzz       0.002753       0.000057      -0.000119       0.007981       0.000000
   91      C  Fxxx      -0.000000       0.000000       0.000000      -0.000000      -0.000042
   92      C  Fxxy       0.000000      -0.000000      -0.000000      -0.000000      -0.000024
   93      C  Fxxz      -0.000100       0.000007      -0.000009       0.000003       0.000000
   94      C  Fxyy      -0.000000       0.000000       0.000000      -0.000000      -0.000019
   95      C  Fxyz      -0.000000       0.000000      -0.000000       0.000000       0.000000
   96      C  Fxzz      -0.000000      -0.000000       0.000000      -0.000000      -0.000024
   97      C  Fyyy       0.000000      -0.000000      -0.000000      -0.000000      -0.000053
   98      C  Fyyz      -0.000100       0.000007      -0.000009       0.000003      -0.000000
   99      C  Fyzz       0.000000      -0.000000      -0.000000      -0.000000      -0.000030
  100      C  Fzzz      -0.000221       0.000009      -0.000026       0.000452      -0.000000
  101      C  Fxxx      -0.000000       0.000000      -0.000000      -0.000000      -0.000173
  102      C  Fxxy       0.000000      -0.000000       0.000000      -0.000000      -0.000099
  103      C  Fxxz      -0.000087       0.000008      -0.000041      -0.000250       0.000000
  104      C  Fxyy      -0.000000       0.000000       0.000000      -0.000000      -0.000077
  105      C  Fxyz       0.000000      -0.000000       0.000000      -0.000000       0.000000
  106      C  Fxzz      -0.000000       0.000000      -0.000000      -0.000000      -0.000087
  107      C  Fyyy       0.000000       0.000000       0.000000      -0.000000      -0.000220
  108      C  Fyyz      -0.000087       0.000008      -0.000041      -0.000250       0.000000
  109      C  Fyzz       0.000000       0.000000      -0.000000      -0.000000      -0.000111
  110      C  Fzzz      -0.000193       0.000032      -0.000085       0.000861       0.000000
 
                          -0.0791        -0.0789   
 
    1      C     S       0.000000      -0.000112
    2      C     S       0.000000      -0.000569
    3      C     S       0.000000      -0.000364
    4      C     S      -0.000000      -0.000698
    5      C     S      -0.000000       0.004312
    6      C    Px      -0.238616       0.000000
    7      C    Py       0.187154       0.000000
    8      C    Pz       0.000000       0.302894
    9      C    Px      -0.313271       0.000000
   10      C    Py       0.245708       0.000000
   11      C    Pz       0.000000       0.397641
   12      C    Px      -0.294483       0.000000
   13      C    Py       0.230972       0.000000
   14      C    Pz       0.000000       0.373844
   15      C    Px      -0.133517       0.000000
   16      C    Py       0.104721       0.000000
   17      C    Pz       0.000000       0.171110
   18      C   Dxx       0.000000      -0.000036
   19      C   Dxy      -0.000000      -0.000000
   20      C   Dxz       0.000003      -0.000000
   21      C   Dyy       0.000000      -0.000036
   22      C   Dyz      -0.000002       0.000000
   23      C   Dzz       0.000000      -0.000021
   24      C   Dxx       0.000000      -0.000214
   25      C   Dxy      -0.000000      -0.000000
   26      C   Dxz       0.000036       0.000000
   27      C   Dyy       0.000000      -0.000214
   28      C   Dyz      -0.000028       0.000000
   29      C   Dzz       0.000000      -0.000326
   30      C   Dxx       0.000000      -0.001085
   31      C   Dxy      -0.000000      -0.000000
   32      C   Dxz      -0.000325       0.000000
   33      C   Dyy       0.000000      -0.001085
   34      C   Dyz       0.000255      -0.000000
   35      C   Dzz       0.000000       0.000043
   36      C  Fxxx      -0.010007       0.000000
   37      C  Fxxy       0.003510       0.000000
   38      C  Fxxz       0.000000       0.005703
   39      C  Fxyy      -0.004475       0.000000
   40      C  Fxyz      -0.000000       0.000000
   41      C  Fxzz      -0.004464       0.000000
   42      C  Fyyy       0.007849       0.000000
   43      C  Fyyz       0.000000       0.005703
   44      C  Fyzz       0.003501       0.000000
   45      C  Fzzz       0.000000       0.012711
   46      C  Fxxx      -0.010371       0.000000
   47      C  Fxxy       0.003638       0.000000
   48      C  Fxxz       0.000000       0.005891
   49      C  Fxyy      -0.004638       0.000000
   50      C  Fxyz       0.000000      -0.000000
   51      C  Fxzz      -0.004701       0.000000
   52      C  Fyyy       0.008135       0.000000
   53      C  Fyyz       0.000000       0.005891
   54      C  Fyzz       0.003687       0.000000
   55      C  Fzzz       0.000000       0.013393
   56      C     S      -0.000000      -0.000248
   57      C     S      -0.000000      -0.002321
   58      C     S      -0.000000      -0.001214
   59      C     S       0.000000      -0.000549
   60      C     S       0.000000       0.005063
   61      C    Px      -0.000125       0.000000
   62      C    Py       0.000098      -0.000000
   63      C    Pz      -0.000000      -0.001399
   64      C    Px      -0.000098       0.000000
   65      C    Py       0.000077       0.000000
   66      C    Pz      -0.000000      -0.001452
   67      C    Px       0.000464      -0.000000
   68      C    Py      -0.000364       0.000000
   69      C    Pz      -0.000000      -0.000959
   70      C    Px      -0.000875       0.000000
   71      C    Py       0.000686      -0.000000
   72      C    Pz       0.000000      -0.001206
   73      C   Dxx       0.000000      -0.000068
   74      C   Dxy       0.000000      -0.000000
   75      C   Dxz       0.000003       0.000000
   76      C   Dyy      -0.000000      -0.000068
   77      C   Dyz      -0.000003       0.000000
   78      C   Dzz      -0.000000      -0.000176
   79      C   Dxx      -0.000000      -0.001086
   80      C   Dxy       0.000000       0.000000
   81      C   Dxz       0.000015       0.000000
   82      C   Dyy      -0.000000      -0.001086
   83      C   Dyz      -0.000012      -0.000000
   84      C   Dzz      -0.000000      -0.000660
   85      C   Dxx      -0.000000      -0.001425
   86      C   Dxy      -0.000000      -0.000000
   87      C   Dxz       0.000059      -0.000000
   88      C   Dyy      -0.000000      -0.001425
   89      C   Dyz      -0.000046       0.000000
   90      C   Dzz      -0.000000      -0.002555
   91      C  Fxxx      -0.000053      -0.000000
   92      C  Fxxy       0.000019      -0.000000
   93      C  Fxxz       0.000000      -0.000064
   94      C  Fxyy      -0.000024      -0.000000
   95      C  Fxyz      -0.000000      -0.000000
   96      C  Fxzz      -0.000030      -0.000000
   97      C  Fyyy       0.000042      -0.000000
   98      C  Fyyz       0.000000      -0.000064
   99      C  Fyzz       0.000024      -0.000000
  100      C  Fzzz       0.000000      -0.000319
  101      C  Fxxx      -0.000220       0.000000
  102      C  Fxxy       0.000077       0.000000
  103      C  Fxxz       0.000000      -0.000275
  104      C  Fxyy      -0.000099       0.000000
  105      C  Fxyz      -0.000000       0.000000
  106      C  Fxzz      -0.000111       0.000000
  107      C  Fyyy       0.000173      -0.000000
  108      C  Fyyz       0.000000      -0.000275
  109      C  Fyzz       0.000087      -0.000000
  110      C  Fzzz       0.000000      -0.000711
 
 
  Occupied Eigenvectors for: E-BETA
 --------------------------- 
 
                         -11.2679       -10.9289        -0.7507        -0.3602        -0.3602   
 
    1      C     S      -0.000009       0.976651      -0.000006      -0.000000       0.000000
    2      C     S      -0.000015      -0.008751      -0.000006      -0.000000       0.000000
    3      C     S      -0.000047       0.042497       0.000021      -0.000000       0.000000
    4      C     S       0.000131      -0.016441       0.000196       0.000000      -0.000000
    5      C     S       0.000258      -0.003305      -0.000617       0.000000      -0.000000
    6      C    Px      -0.000000      -0.000000      -0.000000       0.000029      -0.000023
    7      C    Py       0.000000      -0.000000      -0.000000      -0.000023      -0.000029
    8      C    Pz       0.000008      -0.000018       0.000018      -0.000000       0.000000
    9      C    Px       0.000000       0.000000       0.000000      -0.000021       0.000017
   10      C    Py      -0.000000       0.000000       0.000000       0.000017       0.000021
   11      C    Pz      -0.000020       0.000066      -0.000052       0.000000      -0.000000
   12      C    Px       0.000000      -0.000000       0.000000      -0.000581       0.000455
   13      C    Py       0.000000       0.000000       0.000000       0.000455       0.000581
   14      C    Pz      -0.000083       0.000138      -0.000089       0.000000       0.000000
   15      C    Px      -0.000000       0.000000       0.000000       0.000500      -0.000392
   16      C    Py      -0.000000       0.000000      -0.000000      -0.000392      -0.000500
   17      C    Pz       0.000088      -0.000074      -0.000247      -0.000000      -0.000000
   18      C   Dxx      -0.000012       0.002836       0.000011      -0.000000       0.000000
   19      C   Dxy       0.000000      -0.000000      -0.000000      -0.000000       0.000000
   20      C   Dxz      -0.000000       0.000000       0.000000       0.000012      -0.000009
   21      C   Dyy      -0.000012       0.002836       0.000011      -0.000000       0.000000
   22      C   Dyz       0.000000      -0.000000       0.000000      -0.000009      -0.000012
   23      C   Dzz      -0.000005       0.002834      -0.000003      -0.000000       0.000000
   24      C   Dxx      -0.000056       0.007892       0.000002      -0.000000       0.000000
   25      C   Dxy      -0.000000       0.000000      -0.000000      -0.000000      -0.000000
   26      C   Dxz      -0.000000      -0.000000      -0.000000      -0.000060       0.000047
   27      C   Dyy      -0.000056       0.007892       0.000002      -0.000000       0.000000
   28      C   Dyz      -0.000000       0.000000       0.000000       0.000047       0.000060
   29      C   Dzz      -0.000080       0.007905       0.000075      -0.000000       0.000000
   30      C   Dxx      -0.000111       0.002759       0.000192      -0.000000       0.000000
   31      C   Dxy       0.000000      -0.000000       0.000000       0.000000      -0.000000
   32      C   Dxz       0.000000       0.000000       0.000000       0.000166      -0.000130
   33      C   Dyy      -0.000111       0.002759       0.000192      -0.000000       0.000000
   34      C   Dyz       0.000000      -0.000000       0.000000      -0.000130      -0.000166
   35      C   Dzz      -0.000061       0.002735      -0.000018      -0.000000       0.000000
   36      C  Fxxx      -0.000000      -0.000000      -0.000000       0.000054      -0.000042
   37      C  Fxxy       0.000000      -0.000000      -0.000000      -0.000019      -0.000024
   38      C  Fxxz       0.000008      -0.000018       0.000009       0.000000       0.000000
   39      C  Fxyy      -0.000000      -0.000000      -0.000000       0.000024      -0.000019
   40      C  Fxyz      -0.000000       0.000000       0.000000       0.000000       0.000000
   41      C  Fxzz      -0.000000      -0.000000      -0.000000       0.000017      -0.000013
   42      C  Fyyy       0.000000      -0.000000      -0.000000      -0.000042      -0.000054
   43      C  Fyyz       0.000008      -0.000018       0.000009      -0.000000       0.000000
   44      C  Fyzz       0.000000      -0.000000      -0.000000      -0.000013      -0.000017
   45      C  Fzzz       0.000012      -0.000039       0.000038      -0.000000       0.000000
   46      C  Fxxx      -0.000000      -0.000000      -0.000000       0.000205      -0.000161
   47      C  Fxxy      -0.000000      -0.000000      -0.000000      -0.000072      -0.000092
   48      C  Fxxz       0.000011      -0.000030       0.000051      -0.000000       0.000000
   49      C  Fxyy      -0.000000      -0.000000      -0.000000       0.000092      -0.000072
   50      C  Fxyz       0.000000      -0.000000      -0.000000      -0.000000       0.000000
   51      C  Fxzz      -0.000000      -0.000000      -0.000000       0.000116      -0.000091
   52      C  Fyyy      -0.000000      -0.000000      -0.000000      -0.000161      -0.000205
   53      C  Fyyz       0.000011      -0.000030       0.000051      -0.000000       0.000000
   54      C  Fyzz      -0.000000      -0.000000      -0.000000      -0.000091      -0.000116
   55      C  Fzzz       0.000038      -0.000072       0.000063      -0.000000       0.000000
   56      C     S       0.974593      -0.000007      -0.004327       0.000000       0.000000
   57      C     S      -0.005256      -0.000012       0.582305       0.000000       0.000000
   58      C     S       0.048346      -0.000045       0.153818       0.000000      -0.000000
   59      C     S      -0.014330       0.000119       0.345206      -0.000000       0.000000
   60      C     S      -0.003041       0.000258       0.026395       0.000000       0.000000
   61      C    Px      -0.000000      -0.000000      -0.000000      -0.286805       0.224986
   62      C    Py       0.000000       0.000000      -0.000000       0.224986       0.286805
   63      C    Pz      -0.000146      -0.000005      -0.000240      -0.000000       0.000000
   64      C    Px       0.000000       0.000000       0.000000      -0.379621       0.297796
   65      C    Py      -0.000000      -0.000000       0.000000       0.297796       0.379621
   66      C    Pz       0.000225       0.000013      -0.000980      -0.000000       0.000000
   67      C    Px       0.000000       0.000000       0.000000      -0.225937       0.177238
   68      C    Py       0.000000       0.000000       0.000000       0.177238       0.225937
   69      C    Pz       0.000003       0.000070       0.003367      -0.000000       0.000000
   70      C    Px      -0.000000      -0.000000      -0.000000      -0.018016       0.014133
   71      C    Py       0.000000      -0.000000      -0.000000       0.014133       0.018016
   72      C    Pz       0.000054      -0.000088       0.000289      -0.000000       0.000000
   73      C   Dxx       0.002085      -0.000012       0.012408      -0.000000      -0.000000
   74      C   Dxy      -0.000000       0.000000      -0.000000      -0.000000       0.000000
   75      C   Dxz       0.000000      -0.000000       0.000000       0.000267      -0.000209
   76      C   Dyy       0.002085      -0.000012       0.012408      -0.000000      -0.000000
   77      C   Dyz      -0.000000       0.000000      -0.000000      -0.000209      -0.000267
   78      C   Dzz       0.000121      -0.000005      -0.009083      -0.000000      -0.000000
   79      C   Dxx       0.007052      -0.000053       0.020300       0.000000      -0.000000
   80      C   Dxy       0.000000      -0.000000       0.000000       0.000000       0.000000
   81      C   Dxz       0.000000      -0.000000       0.000000      -0.000568       0.000445
   82      C   Dyy       0.007052      -0.000053       0.020300       0.000000      -0.000000
   83      C   Dyz      -0.000000       0.000000      -0.000000       0.000445       0.000568
   84      C   Dzz       0.006798      -0.000078      -0.020462       0.000000      -0.000000
   85      C   Dxx       0.002529      -0.000110      -0.007712      -0.000000      -0.000000
   86      C   Dxy       0.000000       0.000000       0.000000      -0.000000       0.000000
   87      C   Dxz       0.000000      -0.000000       0.000000      -0.004530       0.003554
   88      C   Dyy       0.002529      -0.000110      -0.007712      -0.000000      -0.000000
   89      C   Dyz       0.000000      -0.000000      -0.000000       0.003554       0.004530
   90      C   Dzz       0.002432      -0.000057      -0.019464      -0.000000      -0.000000
   91      C  Fxxx      -0.000000      -0.000000      -0.000000      -0.011256       0.008830
   92      C  Fxxy       0.000000       0.000000      -0.000000       0.003949       0.005034
   93      C  Fxxz      -0.000034      -0.000006       0.000101      -0.000000       0.000000
   94      C  Fxyy      -0.000000      -0.000000      -0.000000      -0.005034       0.003949
   95      C  Fxyz      -0.000000       0.000000       0.000000      -0.000000       0.000000
   96      C  Fxzz      -0.000000       0.000000      -0.000000      -0.004097       0.003214
   97      C  Fyyy       0.000000       0.000000      -0.000000       0.008830       0.011256
   98      C  Fyyz      -0.000034      -0.000006       0.000101      -0.000000      -0.000000
   99      C  Fyzz       0.000000       0.000000      -0.000000       0.003214       0.004097
  100      C  Fzzz      -0.000078      -0.000008       0.000232      -0.000000       0.000000
  101      C  Fxxx      -0.000000      -0.000000      -0.000000      -0.020628       0.016182
  102      C  Fxxy       0.000000       0.000000      -0.000000       0.007237       0.009225
  103      C  Fxxz      -0.000026      -0.000007       0.000430      -0.000000       0.000000
  104      C  Fxyy      -0.000000      -0.000000      -0.000000      -0.009225       0.007237
  105      C  Fxyz      -0.000000      -0.000000      -0.000000       0.000000      -0.000000
  106      C  Fxzz      -0.000000      -0.000000      -0.000000      -0.007153       0.005611
  107      C  Fyyy       0.000000      -0.000000      -0.000000       0.016182       0.020628
  108      C  Fyyz      -0.000026      -0.000007       0.000430      -0.000000       0.000000
  109      C  Fyzz       0.000000       0.000000      -0.000000       0.005611       0.007153
  110      C  Fzzz      -0.000060      -0.000031       0.000439      -0.000000       0.000000
 
                          -0.2145   
 
    1      C     S      -0.015598
    2      C     S       0.487760
    3      C     S       0.121970
    4      C     S       0.384350
    5      C     S       0.081095
    6      C    Px      -0.000000
    7      C    Py       0.000000
    8      C    Pz       0.000176
    9      C    Px       0.000000
   10      C    Py      -0.000000
   11      C    Pz       0.000329
   12      C    Px       0.000000
   13      C    Py      -0.000000
   14      C    Pz       0.001419
   15      C    Px      -0.000000
   16      C    Py       0.000000
   17      C    Pz      -0.000559
   18      C   Dxx       0.002628
   19      C   Dxy      -0.000000
   20      C   Dxz       0.000000
   21      C   Dyy       0.002628
   22      C   Dyz       0.000000
   23      C   Dzz       0.002651
   24      C   Dxx       0.011251
   25      C   Dxy      -0.000000
   26      C   Dxz      -0.000000
   27      C   Dyy       0.011251
   28      C   Dyz       0.000000
   29      C   Dzz       0.011334
   30      C   Dxx       0.021261
   31      C   Dxy       0.000000
   32      C   Dxz       0.000000
   33      C   Dyy       0.021261
   34      C   Dyz      -0.000000
   35      C   Dzz       0.021341
   36      C  Fxxx      -0.000000
   37      C  Fxxy       0.000000
   38      C  Fxxz      -0.000038
   39      C  Fxyy      -0.000000
   40      C  Fxyz      -0.000000
   41      C  Fxzz      -0.000000
   42      C  Fyyy       0.000000
   43      C  Fyyz      -0.000038
   44      C  Fyzz       0.000000
   45      C  Fzzz      -0.000092
   46      C  Fxxx      -0.000000
   47      C  Fxxy       0.000000
   48      C  Fxxz      -0.000203
   49      C  Fxyy      -0.000000
   50      C  Fxyz       0.000000
   51      C  Fxzz      -0.000000
   52      C  Fyyy       0.000000
   53      C  Fyyz      -0.000203
   54      C  Fyzz       0.000000
   55      C  Fzzz      -0.000418
   56      C     S      -0.000110
   57      C     S      -0.000372
   58      C     S      -0.000342
   59      C     S      -0.000040
   60      C     S       0.003527
   61      C    Px      -0.000000
   62      C    Py       0.000000
   63      C    Pz      -0.000120
   64      C    Px       0.000000
   65      C    Py      -0.000000
   66      C    Pz      -0.000128
   67      C    Px       0.000000
   68      C    Py      -0.000000
   69      C    Pz       0.001234
   70      C    Px      -0.000000
   71      C    Py       0.000000
   72      C    Pz      -0.001475
   73      C   Dxx      -0.000048
   74      C   Dxy       0.000000
   75      C   Dxz      -0.000000
   76      C   Dyy      -0.000048
   77      C   Dyz       0.000000
   78      C   Dzz      -0.000016
   79      C   Dxx      -0.000336
   80      C   Dxy      -0.000000
   81      C   Dxz       0.000000
   82      C   Dyy      -0.000336
   83      C   Dyz      -0.000000
   84      C   Dzz      -0.000449
   85      C   Dxx      -0.001186
   86      C   Dxy       0.000000
   87      C   Dxz      -0.000000
   88      C   Dyy      -0.001186
   89      C   Dyz      -0.000000
   90      C   Dzz      -0.000756
   91      C  Fxxx      -0.000000
   92      C  Fxxy       0.000000
   93      C  Fxxz      -0.000041
   94      C  Fxyy      -0.000000
   95      C  Fxyz       0.000000
   96      C  Fxzz      -0.000000
   97      C  Fyyy       0.000000
   98      C  Fyyz      -0.000041
   99      C  Fyzz       0.000000
  100      C  Fzzz      -0.000081
  101      C  Fxxx      -0.000000
  102      C  Fxxy       0.000000
  103      C  Fxxz      -0.000194
  104      C  Fxyy      -0.000000
  105      C  Fxyz      -0.000000
  106      C  Fxzz      -0.000000
  107      C  Fyyy       0.000000
  108      C  Fyyz      -0.000194
  109      C  Fyzz       0.000000
  110      C  Fzzz      -0.000471
 
 
  end of eigenvectors 
 
  END OF EIGENVALUES AND EIGENVECTORS
 
 
  COMPONENTS OF KINETIC ENERGY: 
 -----------------------------
 
             E-ALPHA Kinetic energy =           37.860629100201
              E-BETA Kinetic energy =           37.516712739854
                                     _________________________
               Total kinetic energy =           75.377341840055
 
  COMPONENTS OF POTENTIAL ENERGY: 
 -------------------------------
 
          Fixed potential energy    =            2.843340443678
 
  Quantum/Fixed interaction energy: 
 ----------------------------------
 
     E-ALPHA/Fixed interact. energy =          -93.857704233857
      E-BETA/Fixed interact. energy =          -90.657361631793
                                     _________________________
               Total Q/Fixed energy =         -184.515065865650
 
  Coulomb energy: 
 ------------------
 
     E-ALPHA/E-ALPHA Hartree energy =           11.922958963475
       E-BETA/E-BETA Hartree energy =           10.051623653140
      E-ALPHA/E-BETA Hartree energy =           19.257359281494
                                     _________________________
               Total Hartree energy =           41.231941898109
 
  Exchange(HF) energy: 
 ----------------------
 
            E-ALPHA Exchange energy =           -5.287805367832
             E-BETA Exchange energy =           -5.051244151876
                                     _________________________
              Total Exchange energy =          -10.339049519708
 
  TOTAL ENERGY COMPONENTS: 
 ==========================
 
          TOTAL KINETIC ENERGY      =           75.377341840055
          TOTAL POTENTIAL ENERGY    =         -150.778833043572
                                     _________________________
                       TOTAL ENERGY =          -75.401491203517
 
                 VIRIAL RATIO (V/T) =            2.000320379611
 
 
  END ENERGY COMPONENTS
 
 
** TOTAL CPU Time SCF :     17.239 (s)
** TOTAL Elapsed Time SCF :      3.443 (s)
 
 We are calculating properties for E-ALPHA in the HF/KS ground state
 We are calculating properties for E-BETA in the HF/KS ground state
 
  POPULATION ANALYSES: 
 ====================
 
 MULLIKEN Population: for E-        
 ---------------------
 
                          total          spin      
 
    1      C     S       1.950735      -0.002326
    2      C     S       0.958967       0.054050
    3      C     S       0.213510       0.014335
    4      C     S       0.706345      -0.012616
    5      C     S       0.089170      -0.026695
    6      C    Px       0.197861       0.197861
    7      C    Py       0.197861       0.197861
    8      C    Pz       0.197431       0.197431
    9      C    Px       0.361513       0.361513
   10      C    Py       0.361513       0.361513
   11      C    Pz       0.360855       0.360855
   12      C    Px       0.318120       0.318120
   13      C    Py       0.318120       0.318120
   14      C    Pz       0.317898       0.317896
   15      C    Px       0.090705       0.090710
   16      C    Py       0.090705       0.090710
   17      C    Pz       0.091728       0.091737
   18      C   Dxx       0.005366       0.001388
   19      C   Dxy       0.000000       0.000000
   20      C   Dxz      -0.000000      -0.000000
   21      C   Dyy       0.005366       0.001388
   22      C   Dyz      -0.000000      -0.000000
   23      C   Dzz       0.005361       0.001355
   24      C   Dxx       0.012754      -0.002310
   25      C   Dxy       0.000000       0.000000
   26      C   Dxz      -0.000000      -0.000000
   27      C   Dyy       0.012754      -0.002310
   28      C   Dyz      -0.000000      -0.000000
   29      C   Dzz       0.012794      -0.002382
   30      C   Dxx       0.008908      -0.007943
   31      C   Dxy       0.000000       0.000000
   32      C   Dxz       0.000000       0.000000
   33      C   Dyy       0.008908      -0.007943
   34      C   Dyz       0.000000       0.000000
   35      C   Dzz       0.008999      -0.007927
   36      C  Fxxx       0.009597       0.009597
   37      C  Fxxy       0.003199       0.003199
   38      C  Fxxz       0.003205       0.003205
   39      C  Fxyy       0.003199       0.003199
   40      C  Fxyz       0.000000       0.000000
   41      C  Fxzz       0.003191       0.003191
   42      C  Fyyy       0.009597       0.009597
   43      C  Fyyz       0.003205       0.003205
   44      C  Fyzz       0.003191       0.003191
   45      C  Fzzz       0.009586       0.009586
   46      C  Fxxx       0.009452       0.009452
   47      C  Fxxy       0.003151       0.003151
   48      C  Fxxz       0.003149       0.003149
   49      C  Fxyy       0.003151       0.003151
   50      C  Fxyz       0.000000       0.000000
   51      C  Fxzz       0.003194       0.003194
   52      C  Fyyy       0.009452       0.009452
   53      C  Fyyz       0.003149       0.003149
   54      C  Fyzz       0.003194       0.003194
   55      C  Fzzz       0.009605       0.009606
   56      C     S       1.950259       0.002203
   57      C     S       1.064086      -0.052064
   58      C     S       0.243349      -0.018114
   59      C     S       0.662887       0.050778
   60      C     S       0.030689      -0.001007
   61      C    Px       0.270106      -0.270106
   62      C    Py       0.270106      -0.270106
   63      C    Pz       0.000073       0.000073
   64      C    Px       0.458612      -0.458611
   65      C    Py       0.458612      -0.458611
   66      C    Pz       0.000138       0.000142
   67      C    Px       0.217384      -0.217387
   68      C    Py       0.217384      -0.217387
   69      C    Pz       0.000211       0.000188
   70      C    Px       0.008349      -0.008317
   71      C    Py       0.008349      -0.008317
   72      C    Pz       0.000163       0.000066
   73      C   Dxx       0.006689      -0.010506
   74      C   Dxy       0.000000       0.000000
   75      C   Dxz      -0.000000       0.000000
   76      C   Dyy       0.006689      -0.010506
   77      C   Dyz      -0.000000       0.000000
   78      C   Dzz       0.004937       0.016551
   79      C   Dxx       0.011658      -0.014331
   80      C   Dxy       0.000000      -0.000000
   81      C   Dxz       0.000003      -0.000003
   82      C   Dyy       0.011658      -0.014331
   83      C   Dyz       0.000003      -0.000003
   84      C   Dzz       0.012405       0.036257
   85      C   Dxx      -0.001482       0.003228
   86      C   Dxy       0.000000       0.000000
   87      C   Dxz       0.000036      -0.000035
   88      C   Dyy      -0.001482       0.003228
   89      C   Dyz       0.000036      -0.000035
   90      C   Dzz      -0.002707       0.008239
   91      C  Fxxx       0.011462      -0.011462
   92      C  Fxxy       0.003821      -0.003821
   93      C  Fxxz       0.000000       0.000000
   94      C  Fxyy       0.003821      -0.003821
   95      C  Fxyz      -0.000000      -0.000000
   96      C  Fxzz       0.003100      -0.003100
   97      C  Fyyy       0.011462      -0.011462
   98      C  Fyyz       0.000000       0.000000
   99      C  Fyzz       0.003100      -0.003100
  100      C  Fzzz       0.000009       0.000008
  101      C  Fxxx       0.017067      -0.017066
  102      C  Fxxy       0.005689      -0.005689
  103      C  Fxxz       0.000000      -0.000002
  104      C  Fxyy       0.005689      -0.005689
  105      C  Fxyz       0.000000       0.000000
  106      C  Fxzz       0.004391      -0.004391
  107      C  Fyyy       0.017067      -0.017066
  108      C  Fyyz       0.000000      -0.000002
  109      C  Fyzz       0.004391      -0.004391
  110      C  Fzzz       0.000022       0.000019
 
                           __________     __________
              Total =       13.000000       1.000000
 
  Atomic MULLIKEN Population: for E-        
            C                6.999712       2.999857
            C                6.000288      -1.999857
 
 ...end of MULLIKEN Population
 
 
 END POPULATION ANALYSES 
 
 
  POPULATION ANALYSES: 
 ====================
 
 LOWDIN Population: for E-        
 ---------------------
 
                          total          spin      
 
    1      C     S       1.609596      -0.000767
    2      C     S       0.557627       0.018746
    3      C     S       0.393591       0.013342
    4      C     S       0.324604      -0.007647
    5      C     S       0.126477      -0.018458
    6      C    Px       0.182594       0.182594
    7      C    Py       0.182594       0.182594
    8      C    Pz       0.182190       0.182190
    9      C    Px       0.173594       0.173594
   10      C    Py       0.173594       0.173594
   11      C    Pz       0.173299       0.173299
   12      C    Px       0.168583       0.168583
   13      C    Py       0.168583       0.168583
   14      C    Pz       0.168552       0.168552
   15      C    Px       0.088656       0.088656
   16      C    Py       0.088656       0.088656
   17      C    Pz       0.088522       0.088521
   18      C   Dxx       0.151448       0.009231
   19      C   Dxy       0.000000       0.000000
   20      C   Dxz       0.000000      -0.000000
   21      C   Dyy       0.151448       0.009231
   22      C   Dyz       0.000000      -0.000000
   23      C   Dzz       0.151466       0.009197
   24      C   Dxx       0.147402      -0.002647
   25      C   Dxy       0.000000       0.000000
   26      C   Dxz       0.000000      -0.000000
   27      C   Dyy       0.147402      -0.002647
   28      C   Dyz       0.000000      -0.000000
   29      C   Dzz       0.147403      -0.002692
   30      C   Dxx       0.030450      -0.008273
   31      C   Dxy       0.000000       0.000000
   32      C   Dxz       0.000000      -0.000000
   33      C   Dyy       0.030450      -0.008273
   34      C   Dyz       0.000000      -0.000000
   35      C   Dzz       0.030567      -0.008290
   36      C  Fxxx       0.110081       0.110081
   37      C  Fxxy       0.047834       0.047834
   38      C  Fxxz       0.047746       0.047746
   39      C  Fxyy       0.047834       0.047834
   40      C  Fxyz       0.000000       0.000000
   41      C  Fxzz       0.047837       0.047837
   42      C  Fyyy       0.110081       0.110081
   43      C  Fyyz       0.047746       0.047746
   44      C  Fyzz       0.047837       0.047837
   45      C  Fzzz       0.109897       0.109897
   46      C  Fxxx       0.097021       0.097021
   47      C  Fxxy       0.041870       0.041870
   48      C  Fxxz       0.041908       0.041908
   49      C  Fxyy       0.041870       0.041870
   50      C  Fxyz       0.000000       0.000000
   51      C  Fxzz       0.041894       0.041894
   52      C  Fyyy       0.097021       0.097021
   53      C  Fyyz       0.041908       0.041908
   54      C  Fyzz       0.041894       0.041894
   55      C  Fzzz       0.097154       0.097154
   56      C     S       1.610645       0.000626
   57      C     S       0.591995      -0.015046
   58      C     S       0.417285      -0.013318
   59      C     S       0.308046       0.012344
   60      C     S       0.092130       0.009345
   61      C    Px       0.251367      -0.251367
   62      C    Py       0.251367      -0.251367
   63      C    Pz       0.000066       0.000066
   64      C    Px       0.213037      -0.213037
   65      C    Py       0.213037      -0.213037
   66      C    Pz       0.000073       0.000072
   67      C    Px       0.116942      -0.116942
   68      C    Py       0.116942      -0.116942
   69      C    Pz       0.000102       0.000088
   70      C    Px       0.020253      -0.020186
   71      C    Py       0.020253      -0.020186
   72      C    Pz       0.001020       0.000898
   73      C   Dxx       0.168804      -0.017986
   74      C   Dxy       0.000000       0.000000
   75      C   Dxz       0.000000       0.000000
   76      C   Dyy       0.168804      -0.017986
   77      C   Dyz       0.000000       0.000000
   78      C   Dzz       0.167054       0.010930
   79      C   Dxx       0.141755      -0.006984
   80      C   Dxy       0.000000       0.000000
   81      C   Dxz       0.000005      -0.000005
   82      C   Dyy       0.141755      -0.006984
   83      C   Dyz       0.000005      -0.000005
   84      C   Dzz       0.141524       0.031493
   85      C   Dxx       0.016573       0.002462
   86      C   Dxy       0.000000       0.000000
   87      C   Dxz       0.000035      -0.000030
   88      C   Dyy       0.016573       0.002462
   89      C   Dyz       0.000035      -0.000030
   90      C   Dzz       0.016751       0.008370
   91      C  Fxxx       0.135971      -0.135971
   92      C  Fxxy       0.059164      -0.059164
   93      C  Fxxz       0.000018       0.000018
   94      C  Fxyy       0.059164      -0.059164
   95      C  Fxyz       0.000000      -0.000000
   96      C  Fxzz       0.058409      -0.058409
   97      C  Fyyy       0.135971      -0.135971
   98      C  Fyyz       0.000018       0.000018
   99      C  Fyzz       0.058409      -0.058409
  100      C  Fzzz       0.000049       0.000049
  101      C  Fxxx       0.079037      -0.079037
  102      C  Fxxy       0.033332      -0.033332
  103      C  Fxxz       0.000022       0.000018
  104      C  Fxyy       0.033332      -0.033332
  105      C  Fxyz       0.000000       0.000000
  106      C  Fxzz       0.032483      -0.032483
  107      C  Fyyy       0.079037      -0.079037
  108      C  Fyyz       0.000022       0.000018
  109      C  Fyzz       0.032483      -0.032483
  110      C  Fzzz       0.000064       0.000057
 
                           __________     __________
              Total =       13.000000       1.000000
 
  Atomic LOWDIN Population: for E-        
            C                6.998779       2.998898
            C                6.001221      -1.998898
 
 ...end of LOWDIN Population
 
 
 END POPULATION ANALYSES 
 
 
  EXPECTED POSITIONS OF QUANTUM SPECIES:
 ======================
 
 POSITIONS IN ANGSTROMS
 ------
 
                        <x>      <y>      <z>         
            E-ALPHA   0.0000   0.0000  13.4276
             E-BETA   0.0000  -0.0000  26.8135
 
 END EXPECTED POSITIONS
 
 
  ELECTROSTATIC MOMENTS:
 ======================
 
 
 DIPOLE: (A.U.)
 ------
 
                           <Dx>         <Dy>         <Dz>          |D|
            E-ALPHA  -0.00000000  -0.00000000 -25.37440304
             E-BETA  -0.00000000   0.00000000 -50.67021786
    Point charges:    0.00000000   0.00000000  75.96698471
                     ____________________________
      Total Dipole:  -0.00000000   0.00000000  -0.07763619   0.07763619
 
 DIPOLE: (DEBYE)
 ------
 
                           <Dx>         <Dy>         <Dz>          |D|
            E-ALPHA  -0.00000000  -0.00000000 -64.49529096
             E-BETA  -0.00000000   0.00000000-128.79083064
    Point charges:    0.00000000   0.00000000 193.08879011
                     ____________________________
      Total Dipole:  -0.00000000   0.00000000  -0.19733149   0.19733149
 
 QUADRUPOLE NON-TRACELESS: (DEBYE ANGS)
 ------
 
                           <xx>         <yy>         <zz>         <xy>         <xz>         <yz>
            E-ALPHA  -11.34128587  -11.34128439 -444.23910742    0.00000303    0.00000000   -0.00000000
             E-BETA   -7.21573388   -7.21573386 -868.30148274    0.00000003   -0.00000000    0.00000000
    Point charges:     0.00000000    0.00000000 1293.69474615    0.00000000    0.00000000    0.00000000
  Total Quadrupole:  -18.55701975  -18.55701825  -18.84584401    0.00000305   -0.00000000    0.00000000
                     ____________________________
 
 END ELECTROSTATIC MOMENTS
 
 
 BEGIN FOUR-INDEX INTEGRALS TRANFORMATION:
 ========================================
 Selected method: C         
 
 --------------------------------------------------
    4N^5 Algorithm Four-index integral tranformation
 --------------------------------------------------
 
 Integrals transformation for: E-ALPHA
 
              Transformation boundaries 
                 orbital lower upper
                       p     1     7
                       q     8   110
                       r     1     7
                       s     8   110
 
         Loading AO integrals time(s):  0.124E-01
      Integral transformation time(s):  0.164E+01
       Non-zero transformed integrals:       136686
 
 Inter-species integrals transformation for: E-ALPHA/E-BETA
 
              Transformation boundaries 
                 orbital lower upper
                       p     1     6
                       q     7   110
                       r     1     7
                       s     8   110
 
         Loading AO integrals time(s):  0.141E-01
      Integral transformation time(s):  0.649E+01
 Non zero transformed coupling integrals:       151971
 
 Integrals transformation for: E-BETA
 
              Transformation boundaries 
                 orbital lower upper
                       p     1     6
                       q     7   110
                       r     1     6
                       s     7   110
 
         Loading AO integrals time(s):  0.876E-02
      Integral transformation time(s):  0.154E+01
       Non-zero transformed integrals:       134134
 
** TOTAL Elapsed Time for integrals transformation :      9.942 (s)
 
 
  POST HARTREE-FOCK CALCULATION
  MANY-BODY PERTURBATION THEORY:
 ==============================
 
              MOLLER-PLESSET FORMALISM 
               ORDER OF CORRECTION =     2
 
                E(0) + E(1) =     -75.401491203517
                       E(2) =      -0.195578401502
                             ____________________
                     E(MP2) =     -75.597069605019
 
              -----------------------------------
               E(n){ Specie }     E(n) / Hartree 
              -----------------------------------
 
            E(2){ E-ALPHA } =      -0.034265229329
             E(2){ E-BETA } =      -0.014834028972
 
     E(2){ E-ALPHA/E-BETA } =      -0.146479143202
 
** TOTAL CPU Time HF-MBPT :      0.558 (s)
** TOTAL Elapsed Time HF-MBPT :      0.336 (s)
 

  TOTAL CPU Time:      0.240 (s)
 TOTAL Wall Time:     13.782 (s)
  Elapsed Time:   0h  0m 13s 784ms
LOWDIN execution terminated normally at : Thu Feb  6 14:36:34 2025
-rw-rw-r-- 1 pohl pohl  23M feb  6 14:36 0E-ALPHA.E-BETA.ints
-rw-rw-r-- 1 pohl pohl  12M feb  6 14:36 0E-ALPHA.ints
-rw-rw-r-- 1 pohl pohl  22M feb  6 14:36 1E-ALPHA.E-BETA.ints
-rw-rw-r-- 1 pohl pohl  12M feb  6 14:36 1E-ALPHA.ints
-rw-rw-r-- 1 pohl pohl  23M feb  6 14:36 2E-ALPHA.E-BETA.ints
-rw-rw-r-- 1 pohl pohl  12M feb  6 14:36 2E-ALPHA.ints
-rw-rw-r-- 1 pohl pohl  23M feb  6 14:36 3E-ALPHA.E-BETA.ints
-rw-rw-r-- 1 pohl pohl  11M feb  6 14:36 3E-ALPHA.ints
-rw-rw-r-- 1 pohl pohl   12 feb  6 14:36 E-ALPHA.E-BETA.nints
-rw-rw-r-- 1 pohl pohl 4.9M feb  6 14:36 E-ALPHAmoint.dat
-rw-rw-r-- 1 pohl pohl 4.2M feb  6 14:36 E-BETA.E-ALPHAmoint.dat
-rw-rw-r-- 1 pohl pohl 4.2M feb  6 14:36 E-BETAmoint.dat
-rw-rw-r-- 1 pohl pohl   64 feb  6 14:36 gepol.inp
-rw-rw-r-- 1 pohl pohl  182 feb  6 14:36 gepol.xyzr
-rw-rw-r-- 1 pohl pohl  13K feb  6 14:36 lowdin.bas
-rw-rw-r-- 1 pohl pohl  16K feb  6 14:36 lowdin.dat
-rw-rw-r-- 1 pohl pohl 2.3M feb  6 14:36 lowdin.opints
-rw-rw-r-- 1 pohl pohl  46K feb  6 14:36 lowdin.sys
-rw-rw-r-- 1 pohl pohl 2.1M feb  6 14:36 lowdin.wfn
-rw-rw-r-- 1 pohl pohl  258 feb  6 14:36 usual_31
-rw-rw-r-- 1 pohl pohl 1.1K feb  6 14:36 usual_31.aux
-rw-rw-r-- 1 pohl pohl  266 feb  6 14:36 usual_31.lowdin
-rw-rw-r-- 1 pohl pohl  78K feb  6 14:36 usual_31.out
-rw-rw-r-- 1 pohl pohl 192K feb  6 14:36 usual_31.vec
