Begin job by input: usual_4.lowdin, for user:   at  jue 06 feb 2025 14:29:09 -05
under operating system Linux helios 5.19.0-46-generic #47-Ubuntu SMP PREEMPT_DYNAMIC Fri Jun 16 13:30:11 UTC 2023 x86_64 x86_64 x86_64 GNU/Linux
Compilation information
  commit: f31d3924f6ee2ce9d77f07edcc1ba27359319d14
  compilation date:  mar 17 sep 2024 16:16:17 -05

BEGIN INPUT INFO:
------------------------------------

GEOMETRY
	e-(C)	AUG-CC-PVTZ 0.0 0.0 0.0 multiplicity=2 addParticles=1 
	e-(C)	AUG-CC-PVTZ 0.0 0.0 1.3 
	C	Dirac 0.0 0.0 0.0
	C	Dirac 0.0 0.0 1.3
END GEOMETRY

TASKS
        method = "UHF"
	mollerPlessetCorrection=2
END TASKS

CONTROL
	units="ANGS"
END CONTROL






... END INPUT INFO


 LOWDIN execution started at : Thu Feb  6 14:29:09 2025
 ---------------------------------------------------------------
 
 ***************************************************************
 *                   LOWDIN 2.0  (May/2013)                    *
 *                                                             *
 *  R. FLORES-MORENO, E. F. POSADA, F. S. MONCADA, J.ROMERO,   *
 *  J. CHARRY, M. DIAZ-TINOCO, S. A. GONZALEZ, N. F. AGUIRRE,  *
 *  A. REYES                                                   *
 *                                                             *
 *  https://sites.google.com/site/lowdinproject/               *
 *                                                             *
 ***************************************************************
 
 PARSING INPUT... DONE!
 
 LOWDIN IS RUNNING WITH NEXT PARAMETERS: 
 ----------------------------------------
 
         METHOD TYPE:  UHF
         NUMBER OF CORES:     4
         MOLLER PLESSET CORRECTION:      2
         NONELECTRONIC DENSITY GUESS: HCORE
         ELECTRONIC DENSITY GUESS: HCORE
         CRITERIUM OF CONVERGENCE: ENERGY
         NONELECTRONIC ENERGY TOLERANCE IN SCFs:     0.10000E-07
         ELECTRONIC ENERGY TOLERANCE IN SCFs:     0.10000E-07
         TOTAL ENERGY TOLERANCE IN SCFs:     0.10000E-07
         SCHEME OF ITERATION: GLOBAL ITERATIONS
         SCF MAX. SUBITERATIONS - NONELECTRONS :     1
         SCF MAX. SUBITERATIONS - ELECTRONS :     1
         SCF MAX. ITERATIONS - INTERSPECIES :   200
         INTEGRAL STORAGE: DISK
         STACK SIZE FOR ERIS : 30000
         METHOD OF SCF CONVERGENCE: DAMPING
 
  MOLECULAR SYSTEM: usual_4
 -----------------
 
    DESCRIPTION   : usual_4
    CHARGE        :   0
    PUNTUAL GROUP : NONE
 
 
  INFORMATION OF PARTICLES :
 =========================
         Total number of particles   =      15
         Number of quantum particles =      13
         Number of puntual charges   =       2
         Number of quantum species   =       2
 
                 INFORMATION OF QUANTUM SPECIES 
    ----------------------------------------------------------------------
         ID      Symbol            mass     charge      omega     spin     multiplicity
    ----------------------------------------------------------------------
         1        E-ALPHA         1.0000     -1.00      0.00      0.50      2.00
         2         E-BETA         1.0000     -1.00      0.00      0.50      2.00
 
                   CONSTANTS OF COUPLING 
      ------------------------------------------------------------
              Symbol      kappa        eta     lambda occupation
      ------------------------------------------------------------
             E-ALPHA      -1.00       1.00       1.00       7.00
              E-BETA      -1.00       1.00       1.00       6.00
 
                   BASIS SET FOR SPECIES 
      ------------------------------------------------------------
           Symbol          N. Basis     N. Particles     Basis Set
      ------------------------------------------------------------
            E-ALPHA           28                7     AUG-CC-PVT
             E-BETA           28                6     AUG-CC-PVT
 
                                ATOMIC BASIS
         ------------------------------------------------------------
          PRIMITIVE   SHELL             EXPONENT         COEFFICIENT 
         ------------------------------------------------------------
 
    BEGIN DESCRIPTION OF BASIS FOR: E-ALP
    ==============================
 
 
             C BASIS SET:    AUG-CC-PVTZ
             1         S             8236.00000000          0.00053100
             2         S             1235.00000000          0.00410800
             3         S              280.80000000          0.02108700
             4         S               79.27000000          0.08185300
             5         S               25.59000000          0.23481700
             6         S                8.99700000          0.43440100
             7         S                3.31900000          0.34612900
             8         S                0.36430000         -0.00898300
             1         S             8236.00000000         -0.00011300
             2         S             1235.00000000         -0.00087800
             3         S              280.80000000         -0.00454000
             4         S               79.27000000         -0.01813300
             5         S               25.59000000         -0.05576000
             6         S                8.99700000         -0.12689500
             7         S                3.31900000         -0.17035200
             8         S                0.36430000          0.59868400
             1         S                0.90590000          1.00000000
             1         S                0.12850000          1.00000000
             1         S                0.04402000          1.00000000
             1         P               18.71000000          0.01403100
             2         P                4.13300000          0.08686600
             3         P                1.20000000          0.29021600
             1         P                0.38270000          1.00000000
             1         P                0.12090000          1.00000000
             1         P                0.03569000          1.00000000
             1         D                1.09700000          1.00000000
             1         D                0.31800000          1.00000000
             1         D                0.10000000          1.00000000
             1         F                0.76100000          1.00000000
             1         F                0.26800000          1.00000000
 
             C BASIS SET:    AUG-CC-PVTZ
             1         S             8236.00000000          0.00053100
             2         S             1235.00000000          0.00410800
             3         S              280.80000000          0.02108700
             4         S               79.27000000          0.08185300
             5         S               25.59000000          0.23481700
             6         S                8.99700000          0.43440100
             7         S                3.31900000          0.34612900
             8         S                0.36430000         -0.00898300
             1         S             8236.00000000         -0.00011300
             2         S             1235.00000000         -0.00087800
             3         S              280.80000000         -0.00454000
             4         S               79.27000000         -0.01813300
             5         S               25.59000000         -0.05576000
             6         S                8.99700000         -0.12689500
             7         S                3.31900000         -0.17035200
             8         S                0.36430000          0.59868400
             1         S                0.90590000          1.00000000
             1         S                0.12850000          1.00000000
             1         S                0.04402000          1.00000000
             1         P               18.71000000          0.01403100
             2         P                4.13300000          0.08686600
             3         P                1.20000000          0.29021600
             1         P                0.38270000          1.00000000
             1         P                0.12090000          1.00000000
             1         P                0.03569000          1.00000000
             1         D                1.09700000          1.00000000
             1         D                0.31800000          1.00000000
             1         D                0.10000000          1.00000000
             1         F                0.76100000          1.00000000
             1         F                0.26800000          1.00000000
    ... END DESCRIPTION OF BASIS
 
 
  END INFORMATION OF PARTICLES
 
 
  INFORMATION OF THE QUANTUM SYSTEM 
     ---------------------------------------------------------------------
                 ID     Occupied Orbitals     Basis size
     ---------------------------------------------------------------------
            E-ALPHA            7              110
             E-BETA            6              110
 
  END INFORMATION OF QUANTUM SYSTEM
 
                       INITIAL GEOMETRY: AMSTRONG
                 -----------------------------------
                       <x>                 <y>                 <z>
  E-ALPHAC        0.0000000000        0.0000000000        0.0000000000
  E-ALPHAC        0.0000000000        0.0000000000        1.3000000000
         C        0.0000000000        0.0000000000        0.0000000000
         C        0.0000000000        0.0000000000        1.3000000000
 
                     MATRIX OF DISTANCE: ANGSTROM
                 -----------------------------------
                          C(1)           C(2)      
 
        C(1)             0.000000       1.300000
        C(2)             1.300000       0.000000
 
--------------------------------------------------------------------------------
** PROGRAM: SCF (Hartree Fock).     Author: S.A. Gonzalez, E. Posada, F. Moncada
--------------------------------------------------------------------------------
INFO: RUNNING IN UHF MODE.
 
----------------------------------------------------------------------
** PROGRAM INTS                          Author: E. F. Posada, 2013   
----------------------------------------------------------------------
INFO: RUNNING IN ONE_PARTICLE MODE.
 
 Number of Overlap integrals for species E-ALPHA:  12100
 Number of Overlap integrals for species E-BETA:  12100
 Number of Kinetic integrals for species E-ALPHA:  12100
 Number of Kinetic integrals for species E-BETA:  12100
 Number of Nuclear integrals for species E-ALPHA:  12100
 Number of Nuclear integrals for species E-BETA:  12100
 Number of Moment integrals for species E-ALPHA:  36300
 Number of Moment integrals for species E-BETA:  36300
 
** TOTAL CPU Time INTS :      0.436 (s)
** TOTAL Elapsed Time INTS :      0.193 (s)
 
 Combination coefficients for E-ALPHA were read from usual_4.vec
     number of    E-ALPHA     particles in guess density matrix:     7.421635
 Warning!, density matrix with deviation from number of particles    7.000000
 Combination coefficients for E-BETA were read from usual_4.vec
     number of     E-BETA     particles in guess density matrix:     6.554031
 Warning!, density matrix with deviation from number of particles    6.000000
 Number of unique integrals for species: 1 = 4512365
 Number of unique integrals for species: 1 / 2 = 9018625 Screened: 0
 
 TWO-BODY INTEGRAL SETUP: 
------------------------- 
 Storage:   DISK
 Scheme: LIBINT
 Stack size:  30000
 
 LIBINT library, Fermann, J. T.; Valeev, F. L. 2010                   
 LOWDIN-LIBINT Implementation V. 2.1  Posada E. F. ; Reyes A. 2016   
 ----------------------------------------------------------------------

*** TOTAL CPU time intra-species integrals :      1.273 (s)
*** TOTAL elapsed time intra-species integrals :      0.284 (s)


*** TOTAL CPU time inter-species integrals :      2.822 (s)
*** TOTAL elapsed time inter-species integrals :      0.679 (s)

INFO: RUNNING SCHEME SIMULTANEOUS
 
 Begin Multi-Species SCF calculation:
 
 --------------------------------------------------------------------------------------------------
      Iteration                   Energy            Energy Change           Density Change
 --------------------------------------------------------------------------------------------------
              1         -75.698878159040          75.698878159040           0.683954317925
              2         -75.131979846298          -0.566898312742           0.571717194775
              3         -75.281111400813           0.149131554515           0.063140038585
              4         -75.338211336088           0.057099935275           0.016095547059
              5         -75.364147845887           0.025936509799           0.005920774953
              6         -75.376594112017           0.012446266130           0.002560370906
              7         -75.382701305441           0.006107193424           0.001193183342
              8         -75.385727728172           0.003026422731           0.000576291163
              9         -75.387234375836           0.001506647663           0.000283241840
             10         -75.387986087827           0.000751711991           0.000140415821
             11         -75.388361544525           0.000375456699           0.000069909205
             12         -75.388549173510           0.000187628985           0.000034880244
             13         -75.388642963219           0.000093789709           0.000017421571
             14         -75.388689851885           0.000046888666           0.000008706156
             15         -75.388713294672           0.000023442787           0.000004351917
             16         -75.388725015679           0.000011721007           0.000002175672
             17         -75.388730876085           0.000005860407           0.000001087762
             18         -75.388733806264           0.000002930179           0.000000543865
             19         -75.388735271348           0.000001465083           0.000000271926
             20         -75.388736003889           0.000000732541           0.000000135964
             21         -75.388736370158           0.000000366270           0.000000067981
             22         -75.388736553293           0.000000183135           0.000000033991
             23         -75.388736644860           0.000000091567           0.000000016991
             24         -75.388736690644           0.000000045784           0.000000008500
             25         -75.388736713536           0.000000022892           0.000000004248
             26         -75.388736724981           0.000000011446           0.000000002125
             27         -75.388736730705           0.000000005723           0.000000001061
 Total energy converged after  27 global iterations                                                  
 
 ...end Multi-Species SCF calculation
 
 
 Begin SCF calculation by: E-ALPHA
 -------------------------
 
 -----------------------------------------------------------------------------------
 Iteration                   Energy           Density Change         DIIS Error 
 -----------------------------------------------------------------------------------
    1         -34.727912473750           0.045078740869                 -- 
    2         -34.288032739232           0.012131611020                 -- 
    3         -34.102377912190           0.004523280090                 -- 
    4         -34.011653719896           0.001963085263                 -- 
    5         -33.966150068243           0.000915926816                 -- 
    6         -33.943270317203           0.000442591810                 -- 
    7         -33.931785475996           0.000217576657                 -- 
    8         -33.926030064039           0.000107873657                 -- 
    9         -33.923148882027           0.000053710032                 -- 
   10         -33.921707392842           0.000026798551                 -- 
   11         -33.920986420017           0.000013385187                 -- 
   12         -33.920625876082           0.000006689075                 -- 
   13         -33.920445589677           0.000003343660                 -- 
   14         -33.920355442856           0.000001671607                 -- 
   15         -33.920310368541           0.000000835752                 -- 
   16         -33.920287831157           0.000000417859                 -- 
   17         -33.920276562409           0.000000208928                 -- 
   18         -33.920270928021           0.000000104462                 -- 
   19         -33.920268110823           0.000000052233                 -- 
   20         -33.920266702223           0.000000026115                 -- 
   21         -33.920265997923           0.000000013058                 -- 
   22         -33.920265645773           0.000000006527                 -- 
   23         -33.920265469698           0.000000003267                 -- 
   24         -33.920265381660           0.000000001632                 -- 
   25         -33.920265337642           0.000000000816                 -- 
   26         -33.920265315633           0.000000000407                 -- 
 
 ... end SCF calculation
 
 Begin SCF calculation by: E-BETA
 -------------------------
 
 -----------------------------------------------------------------------------------
 Iteration                   Energy           Density Change         DIIS Error 
 -----------------------------------------------------------------------------------
    1         -31.757788892512           0.526638453906                 -- 
    2         -31.473673721463           0.051008427566                 -- 
    3         -31.341737643877           0.011572266969                 -- 
    4         -31.276141756473           0.003957689690                 -- 
    5         -31.243180121160           0.001644444090                 -- 
    6         -31.226620171975           0.000750591532                 -- 
    7         -31.218314905313           0.000358714505                 -- 
    8         -31.214155198349           0.000175368183                 -- 
    9         -31.212073478114           0.000086705789                 -- 
   10         -31.211032138709           0.000043110654                 -- 
   11         -31.210511347591           0.000021495056                 -- 
   12         -31.210250921477           0.000010732496                 -- 
   13         -31.210120700756           0.000005362497                 -- 
   14         -31.210055588476           0.000002680309                 -- 
   15         -31.210023031856           0.000001339920                 -- 
   16         -31.210006753427           0.000000669902                 -- 
   17         -31.209998614182           0.000000334937                 -- 
   18         -31.209994544552           0.000000167465                 -- 
   19         -31.209992509735           0.000000083731                 -- 
   20         -31.209991492326           0.000000041866                 -- 
   21         -31.209990983621           0.000000020933                 -- 
   22         -31.209990729269           0.000000010464                 -- 
   23         -31.209990602092           0.000000005234                 -- 
   24         -31.209990538504           0.000000002616                 -- 
   25         -31.209990506711           0.000000001309                 -- 
   26         -31.209990490814           0.000000000654                 -- 
 
 ... end SCF calculation
 
  EIGENVALUES AND EIGENVECTORS: 
 ==============================
 
 
  Eigenvalues for: E-ALPHA
 -----------------
 
    1         -10.444492854508
    2         -10.437278924628
    3          -0.445018889149
    4           0.134734124728
    5           0.174751879303
    6           0.174751879481
    7           0.207890905265
    8           0.269196291964
    9           0.337336930306
   10           0.354158509174
   11           0.354158509190
   12           0.380427570864
   13           0.380427570988
   14           0.396266116635
   15           0.445515895733
   16           0.600877358604
   17           0.639930250693
   18           0.639930250731
   19           0.666928068242
   20           0.718377219231
   21           0.718377219231
   22           0.731708476814
   23           0.761445099445
   24           0.761445099468
   25           0.778800513869
   26           0.778800513869
   27           0.782046824177
   28           0.854644611897
   29           0.854644611982
   30           0.876074459913
   31           0.876074460041
   32           1.022741006909
   33           1.047066795839
   34           1.083664724652
   35           1.083664724778
   36           1.317162610014
   37           1.325047837122
   38           1.544174770509
   39           1.544174770592
   40           1.557904587048
   41           1.557904587086
   42           1.578702489684
   43           1.578702489684
   44           1.590277734345
   45           1.590277734345
   46           1.599186565297
   47           1.609157895935
   48           1.640459760012
   49           1.640459760012
   50           1.716848565755
   51           1.716848565888
   52           1.773845910035
   53           1.773845910035
   54           1.802863543987
   55           1.802863543987
   56           1.941424627101
   57           1.987661870686
   58           1.987661870742
   59           1.996527383368
   60           2.074765432232
   61           2.165136160783
   62           2.165136160823
   63           2.253730548793
   64           2.253730548793
   65           2.297446767825
   66           2.499297994821
   67           2.648914296880
   68           2.648914296938
   69           3.352958547171
   70           3.588249574337
   71           3.793182957751
   72           3.793182957901
   73           3.889284606315
   74           3.889284606315
   75           3.917188769130
   76           3.946521454723
   77           3.946521454838
   78           4.077336563369
   79           4.077336563369
   80           4.083395599996
   81           4.083395600110
   82           4.230477284909
   83           4.235559056880
   84           4.235559056880
   85           4.251798083171
   86           4.251798083171
   87           4.348070838874
   88           4.348070838874
   89           4.486595671839
   90           4.573564472371
   91           4.573564472433
   92           4.596714629489
   93           4.596714629550
   94           4.744231951474
   95           4.846630001948
   96           4.846630001948
   97           5.452826958478
   98           5.610753539402
   99           5.610753539481
  100           6.136752870715
  101           7.893412301419
  102           7.893412301435
  103           8.505941570789
  104           9.293689769538
  105           9.326798073993
  106           9.326798074021
  107           9.442792507098
  108          10.941582282322
  109          13.421344909549
  110          31.125834467767
 
 
  Eigenvalues for: E-BETA
 -----------------
 
    1         -10.562117452054
    2         -10.559011298279
    3          -0.398071814725
    4           0.106232688596
    5           0.123341633588
    6           0.123341633889
    7           0.257704397473
    8           0.301914041098
    9           0.339028760241
   10           0.339028760256
   11           0.361777658430
   12           0.361777658580
   13           0.374321415254
   14           0.429600418316
   15           0.510955801337
   16           0.583868738677
   17           0.610026305236
   18           0.610026305259
   19           0.680824375918
   20           0.680824375918
   21           0.700224599206
   22           0.711492104939
   23           0.737731922448
   24           0.737731922480
   25           0.750273421994
   26           0.750273421994
   27           0.759081599488
   28           0.810717603015
   29           0.810717603149
   30           0.838966011817
   31           0.838966011982
   32           1.011549208206
   33           1.024487344153
   34           1.040302274800
   35           1.040302274947
   36           1.289666977971
   37           1.301915003546
   38           1.503473702824
   39           1.503473702909
   40           1.510777673011
   41           1.510777673011
   42           1.530691734994
   43           1.530691735037
   44           1.533354479075
   45           1.533354479075
   46           1.578445385692
   47           1.591794055729
   48           1.593716373972
   49           1.593716373972
   50           1.657579540730
   51           1.657579540886
   52           1.726441651556
   53           1.726441651556
   54           1.753000147123
   55           1.753000147123
   56           1.903044914028
   57           1.930770570079
   58           1.930770570145
   59           1.960605299009
   60           2.057848334062
   61           2.115793064335
   62           2.115793064375
   63           2.191994791958
   64           2.191994791958
   65           2.250947055431
   66           2.447521293356
   67           2.595987374375
   68           2.595987374427
   69           3.302186511817
   70           3.546727891122
   71           3.700274902211
   72           3.700274902358
   73           3.809041037328
   74           3.809041037328
   75           3.855150981781
   76           3.887330425159
   77           3.887330425266
   78           3.990392331706
   79           3.990392331706
   80           3.992947651252
   81           3.992947651359
   82           4.147210835010
   83           4.147210835010
   84           4.166181648640
   85           4.166181648640
   86           4.182178201373
   87           4.260241436925
   88           4.260241436925
   89           4.421794112271
   90           4.510779228722
   91           4.510779228774
   92           4.528152039710
   93           4.528152039753
   94           4.667797106115
   95           4.760256039538
   96           4.760256039539
   97           5.381433248392
   98           5.530806795061
   99           5.530806795116
  100           6.065972933436
  101           7.817767934198
  102           7.817767934214
  103           8.419050909828
  104           9.206538614195
  105           9.241652064351
  106           9.241652064381
  107           9.344439910658
  108          10.855256336391
  109          13.345915614170
  110          31.013200522266
 
  end of eigenvalues 
 
  Occupied Eigenvectors for: E-ALPHA
 --------------------------- 
 
                         -10.4445       -10.4373        -0.4450         0.1347         0.1748   
 
    1      C     S       0.690083       0.692896      -0.023996       0.004036      -0.000000
    2      C     S       0.000080       0.002985       0.353047      -0.312449      -0.000000
    3      C     S       0.034639       0.035941       0.081424      -0.077606      -0.000000
    4      C     S      -0.013335      -0.012231       0.133370      -0.329932       0.000000
    5      C     S      -0.002085      -0.016196      -0.004030       0.667237      -0.000000
    6      C    Px       0.000000       0.000000       0.000000       0.000000      -0.190557
    7      C    Py       0.000000      -0.000000      -0.000000      -0.000000       0.005567
    8      C    Pz       0.000079      -0.001476       0.104168       0.086516       0.000000
    9      C    Px      -0.000000      -0.000000      -0.000000       0.000000      -0.223883
   10      C    Py      -0.000000       0.000000      -0.000000      -0.000000       0.006540
   11      C    Pz       0.005217       0.012128       0.080458       0.118518      -0.000000
   12      C    Px      -0.000000      -0.000000       0.000000       0.000000      -0.162325
   13      C    Py       0.000000      -0.000000      -0.000000      -0.000000       0.004742
   14      C    Pz       0.004743       0.001212       0.035170       0.121376       0.000000
   15      C    Px       0.000000      -0.000000       0.000000       0.000000      -0.132009
   16      C    Py      -0.000000      -0.000000      -0.000000      -0.000000       0.003856
   17      C    Pz      -0.000536      -0.002035      -0.007775       0.216514      -0.000000
   18      C   Dxx       0.000543       0.000651      -0.005896      -0.001615      -0.000000
   19      C   Dxy      -0.000000      -0.000000      -0.000000       0.000000       0.000000
   20      C   Dxz      -0.000000       0.000000       0.000000       0.000000      -0.010725
   21      C   Dyy       0.000543       0.000651      -0.005896      -0.001615      -0.000000
   22      C   Dyz      -0.000000      -0.000000      -0.000000      -0.000000       0.000313
   23      C   Dzz       0.001974       0.001792       0.020422      -0.004712      -0.000000
   24      C   Dxx       0.005599       0.006481       0.002761      -0.007480      -0.000000
   25      C   Dxy       0.000000       0.000000      -0.000000       0.000000       0.000000
   26      C   Dxz       0.000000      -0.000000       0.000000       0.000000      -0.009774
   27      C   Dyy       0.005599       0.006481       0.002761      -0.007480      -0.000000
   28      C   Dyz      -0.000000      -0.000000       0.000000       0.000000       0.000286
   29      C   Dzz       0.004228       0.010759      -0.003026      -0.017753      -0.000000
   30      C   Dxx       0.001930       0.004214       0.009946      -0.051927       0.000000
   31      C   Dxy      -0.000000      -0.000000       0.000000      -0.000000       0.000000
   32      C   Dxz      -0.000000      -0.000000       0.000000      -0.000000       0.012315
   33      C   Dyy       0.001930       0.004214       0.009946      -0.051927       0.000000
   34      C   Dyz       0.000000      -0.000000      -0.000000       0.000000      -0.000360
   35      C   Dzz       0.002804       0.003956       0.002851      -0.057461       0.000000
   36      C  Fxxx       0.000000       0.000000       0.000000       0.000000      -0.010501
   37      C  Fxxy       0.000000      -0.000000       0.000000       0.000000       0.000137
   38      C  Fxxz      -0.000943      -0.001260       0.000162       0.001399      -0.000000
   39      C  Fxyy       0.000000       0.000000       0.000000       0.000000      -0.004696
   40      C  Fxyz      -0.000000      -0.000000      -0.000000      -0.000000      -0.000000
   41      C  Fxzz       0.000000       0.000000       0.000000       0.000000      -0.015084
   42      C  Fyyy       0.000000      -0.000000       0.000000       0.000000       0.000307
   43      C  Fyyz      -0.000943      -0.001260       0.000162       0.001399      -0.000000
   44      C  Fyzz       0.000000      -0.000000       0.000000       0.000000       0.000441
   45      C  Fzzz      -0.001470      -0.001826       0.012921       0.006608      -0.000000
   46      C  Fxxx       0.000000       0.000000       0.000000       0.000000      -0.022670
   47      C  Fxxy      -0.000000       0.000000       0.000000       0.000000       0.000296
   48      C  Fxxz      -0.001112      -0.000437      -0.000716       0.003179      -0.000000
   49      C  Fxyy       0.000000       0.000000      -0.000000       0.000000      -0.010138
   50      C  Fxyz      -0.000000       0.000000       0.000000       0.000000       0.000000
   51      C  Fxzz       0.000000       0.000000       0.000000       0.000000      -0.010003
   52      C  Fyyy      -0.000000       0.000000       0.000000       0.000000       0.000662
   53      C  Fyyz      -0.001112      -0.000437      -0.000716       0.003179      -0.000000
   54      C  Fyzz      -0.000000      -0.000000       0.000000       0.000000       0.000292
   55      C  Fzzz      -0.003570      -0.000163      -0.022614       0.009746      -0.000000
   56      C     S       0.690083      -0.692896      -0.023996      -0.004036       0.000000
   57      C     S       0.000080      -0.002985       0.353047       0.312449       0.000000
   58      C     S       0.034639      -0.035941       0.081424       0.077606       0.000000
   59      C     S      -0.013335       0.012231       0.133370       0.329932      -0.000000
   60      C     S      -0.002085       0.016196      -0.004030      -0.667237       0.000000
   61      C    Px      -0.000000      -0.000000       0.000000       0.000000      -0.190557
   62      C    Py       0.000000      -0.000000       0.000000      -0.000000       0.005567
   63      C    Pz      -0.000079      -0.001476      -0.104168       0.086516       0.000000
   64      C    Px       0.000000       0.000000      -0.000000       0.000000      -0.223883
   65      C    Py       0.000000       0.000000      -0.000000      -0.000000       0.006540
   66      C    Pz      -0.005217       0.012128      -0.080458       0.118518      -0.000000
   67      C    Px       0.000000       0.000000      -0.000000       0.000000      -0.162325
   68      C    Py      -0.000000       0.000000       0.000000      -0.000000       0.004742
   69      C    Pz      -0.004743       0.001212      -0.035170       0.121376       0.000000
   70      C    Px      -0.000000       0.000000      -0.000000       0.000000      -0.132009
   71      C    Py       0.000000       0.000000       0.000000      -0.000000       0.003856
   72      C    Pz       0.000536      -0.002035       0.007775       0.216514      -0.000000
   73      C   Dxx       0.000543      -0.000651      -0.005896       0.001615      -0.000000
   74      C   Dxy      -0.000000       0.000000      -0.000000      -0.000000      -0.000000
   75      C   Dxz       0.000000       0.000000       0.000000      -0.000000       0.010725
   76      C   Dyy       0.000543      -0.000651      -0.005896       0.001615      -0.000000
   77      C   Dyz       0.000000       0.000000       0.000000       0.000000      -0.000313
   78      C   Dzz       0.001974      -0.001792       0.020422       0.004712      -0.000000
   79      C   Dxx       0.005599      -0.006481       0.002761       0.007480      -0.000000
   80      C   Dxy       0.000000      -0.000000      -0.000000      -0.000000      -0.000000
   81      C   Dxz       0.000000      -0.000000       0.000000      -0.000000       0.009774
   82      C   Dyy       0.005599      -0.006481       0.002761       0.007480      -0.000000
   83      C   Dyz      -0.000000      -0.000000      -0.000000       0.000000      -0.000286
   84      C   Dzz       0.004228      -0.010759      -0.003026       0.017753      -0.000000
   85      C   Dxx       0.001930      -0.004214       0.009946       0.051927      -0.000000
   86      C   Dxy      -0.000000       0.000000       0.000000       0.000000       0.000000
   87      C   Dxz      -0.000000      -0.000000       0.000000      -0.000000      -0.012315
   88      C   Dyy       0.001930      -0.004214       0.009946       0.051927      -0.000000
   89      C   Dyz       0.000000      -0.000000      -0.000000       0.000000       0.000360
   90      C   Dzz       0.002804      -0.003956       0.002851       0.057461      -0.000000
   91      C  Fxxx      -0.000000      -0.000000       0.000000       0.000000      -0.010501
   92      C  Fxxy       0.000000      -0.000000       0.000000       0.000000       0.000137
   93      C  Fxxz       0.000943      -0.001260      -0.000162       0.001399      -0.000000
   94      C  Fxyy      -0.000000      -0.000000       0.000000       0.000000      -0.004696
   95      C  Fxyz       0.000000      -0.000000       0.000000      -0.000000      -0.000000
   96      C  Fxzz      -0.000000      -0.000000       0.000000       0.000000      -0.015084
   97      C  Fyyy      -0.000000      -0.000000       0.000000      -0.000000       0.000307
   98      C  Fyyz       0.000943      -0.001260      -0.000162       0.001399      -0.000000
   99      C  Fyzz       0.000000      -0.000000      -0.000000      -0.000000       0.000441
  100      C  Fzzz       0.001470      -0.001826      -0.012921       0.006608      -0.000000
  101      C  Fxxx      -0.000000      -0.000000       0.000000       0.000000      -0.022670
  102      C  Fxxy      -0.000000      -0.000000      -0.000000      -0.000000       0.000296
  103      C  Fxxz       0.001112      -0.000437       0.000716       0.003179      -0.000000
  104      C  Fxyy      -0.000000      -0.000000       0.000000       0.000000      -0.010138
  105      C  Fxyz      -0.000000       0.000000      -0.000000       0.000000       0.000000
  106      C  Fxzz      -0.000000       0.000000       0.000000       0.000000      -0.010003
  107      C  Fyyy       0.000000      -0.000000      -0.000000      -0.000000       0.000662
  108      C  Fyyz       0.001112      -0.000437       0.000716       0.003179      -0.000000
  109      C  Fyzz       0.000000      -0.000000      -0.000000      -0.000000       0.000292
  110      C  Fzzz       0.003570      -0.000163       0.022614       0.009746      -0.000000
 
                           0.1748         0.2079   
 
    1      C     S      -0.000000       0.005051
    2      C     S       0.000000       0.056414
    3      C     S      -0.000000      -0.024844
    4      C     S       0.000000       0.299880
    5      C     S       0.000000       0.574902
    6      C    Px      -0.005567      -0.000000
    7      C    Py      -0.190557      -0.000000
    8      C    Pz      -0.000000      -0.198273
    9      C    Px      -0.006540      -0.000000
   10      C    Py      -0.223883      -0.000000
   11      C    Pz       0.000000      -0.223486
   12      C    Px      -0.004742      -0.000000
   13      C    Py      -0.162325      -0.000000
   14      C    Pz       0.000000      -0.216980
   15      C    Px      -0.003856       0.000000
   16      C    Py      -0.132009      -0.000000
   17      C    Pz       0.000000      -0.371393
   18      C   Dxx      -0.000000      -0.003460
   19      C   Dxy      -0.000000      -0.000000
   20      C   Dxz      -0.000313      -0.000000
   21      C   Dyy      -0.000000      -0.003460
   22      C   Dyz      -0.010725       0.000000
   23      C   Dzz      -0.000000      -0.013525
   24      C   Dxx      -0.000000      -0.053325
   25      C   Dxy      -0.000000      -0.000000
   26      C   Dxz      -0.000286      -0.000000
   27      C   Dyy      -0.000000      -0.053325
   28      C   Dyz      -0.009774       0.000000
   29      C   Dzz       0.000000      -0.066763
   30      C   Dxx       0.000000      -0.107981
   31      C   Dxy      -0.000000       0.000000
   32      C   Dxz       0.000360      -0.000000
   33      C   Dyy       0.000000      -0.107981
   34      C   Dyz       0.012315      -0.000000
   35      C   Dzz       0.000000      -0.189180
   36      C  Fxxx      -0.000307      -0.000000
   37      C  Fxxy      -0.004696       0.000000
   38      C  Fxxz      -0.000000       0.000101
   39      C  Fxyy      -0.000137      -0.000000
   40      C  Fxyz       0.000000       0.000000
   41      C  Fxzz      -0.000441      -0.000000
   42      C  Fyyy      -0.010501       0.000000
   43      C  Fyyz      -0.000000       0.000101
   44      C  Fyzz      -0.015084       0.000000
   45      C  Fzzz       0.000000      -0.018129
   46      C  Fxxx      -0.000662       0.000000
   47      C  Fxxy      -0.010138       0.000000
   48      C  Fxxz      -0.000000      -0.003140
   49      C  Fxyy      -0.000296       0.000000
   50      C  Fxyz      -0.000000      -0.000000
   51      C  Fxzz      -0.000292       0.000000
   52      C  Fyyy      -0.022670       0.000000
   53      C  Fyyz      -0.000000      -0.003140
   54      C  Fyzz      -0.010003      -0.000000
   55      C  Fzzz      -0.000000      -0.042347
   56      C     S       0.000000       0.005051
   57      C     S      -0.000000       0.056414
   58      C     S       0.000000      -0.024844
   59      C     S      -0.000000       0.299880
   60      C     S      -0.000000       0.574902
   61      C    Px      -0.005567      -0.000000
   62      C    Py      -0.190557      -0.000000
   63      C    Pz      -0.000000       0.198273
   64      C    Px      -0.006540       0.000000
   65      C    Py      -0.223883      -0.000000
   66      C    Pz       0.000000       0.223486
   67      C    Px      -0.004742       0.000000
   68      C    Py      -0.162325       0.000000
   69      C    Pz       0.000000       0.216980
   70      C    Px      -0.003856      -0.000000
   71      C    Py      -0.132009       0.000000
   72      C    Pz       0.000000       0.371393
   73      C   Dxx       0.000000      -0.003460
   74      C   Dxy       0.000000      -0.000000
   75      C   Dxz       0.000313      -0.000000
   76      C   Dyy       0.000000      -0.003460
   77      C   Dyz       0.010725       0.000000
   78      C   Dzz      -0.000000      -0.013525
   79      C   Dxx       0.000000      -0.053325
   80      C   Dxy       0.000000      -0.000000
   81      C   Dxz       0.000286      -0.000000
   82      C   Dyy       0.000000      -0.053325
   83      C   Dyz       0.009774       0.000000
   84      C   Dzz      -0.000000      -0.066763
   85      C   Dxx      -0.000000      -0.107981
   86      C   Dxy       0.000000       0.000000
   87      C   Dxz      -0.000360      -0.000000
   88      C   Dyy      -0.000000      -0.107981
   89      C   Dyz      -0.012315      -0.000000
   90      C   Dzz      -0.000000      -0.189180
   91      C  Fxxx      -0.000307      -0.000000
   92      C  Fxxy      -0.004696      -0.000000
   93      C  Fxxz      -0.000000      -0.000101
   94      C  Fxyy      -0.000137      -0.000000
   95      C  Fxyz       0.000000      -0.000000
   96      C  Fxzz      -0.000441      -0.000000
   97      C  Fyyy      -0.010501       0.000000
   98      C  Fyyz      -0.000000      -0.000101
   99      C  Fyzz      -0.015084      -0.000000
  100      C  Fzzz      -0.000000       0.018129
  101      C  Fxxx      -0.000662      -0.000000
  102      C  Fxxy      -0.010138      -0.000000
  103      C  Fxxz      -0.000000       0.003140
  104      C  Fxyy      -0.000296      -0.000000
  105      C  Fxyz      -0.000000       0.000000
  106      C  Fxzz      -0.000292      -0.000000
  107      C  Fyyy      -0.022670      -0.000000
  108      C  Fyyz      -0.000000       0.003140
  109      C  Fyzz      -0.010003       0.000000
  110      C  Fzzz      -0.000000       0.042347
 
 
  Occupied Eigenvectors for: E-BETA
 --------------------------- 
 
                         -10.5621       -10.5590        -0.3981         0.1062         0.1233   
 
    1      C     S      -0.690001       0.692614       0.018853      -0.003077       0.000000
    2      C     S       0.002090       0.001337      -0.363459       0.327150      -0.000000
    3      C     S      -0.033366       0.035538      -0.082334       0.081827      -0.000000
    4      C     S       0.012880      -0.023638      -0.180631       0.264905      -0.000000
    5      C     S       0.001974      -0.016031      -0.008039      -0.608528       0.000000
    6      C    Px      -0.000000       0.000000       0.000000      -0.000000       0.005589
    7      C    Py      -0.000000      -0.000000      -0.000000       0.000000       0.191293
    8      C    Pz       0.001422      -0.002047      -0.055264      -0.076405       0.000000
    9      C    Px       0.000000      -0.000000      -0.000000      -0.000000       0.006518
   10      C    Py       0.000000       0.000000      -0.000000       0.000000       0.223092
   11      C    Pz      -0.004085       0.011141      -0.028216      -0.099300       0.000000
   12      C    Px       0.000000      -0.000000      -0.000000      -0.000000       0.005057
   13      C    Py      -0.000000      -0.000000       0.000000       0.000000       0.173086
   14      C    Pz      -0.004462      -0.004303      -0.005566      -0.137011       0.000000
   15      C    Px      -0.000000      -0.000000      -0.000000      -0.000000       0.003556
   16      C    Py       0.000000      -0.000000       0.000000       0.000000       0.121726
   17      C    Pz       0.000417      -0.002087       0.008188      -0.204718       0.000000
   18      C   Dxx      -0.001347       0.001491       0.001133       0.004689      -0.000000
   19      C   Dxy      -0.000000       0.000000      -0.000000       0.000000       0.000000
   20      C   Dxz       0.000000       0.000000      -0.000000      -0.000000       0.000269
   21      C   Dyy      -0.001347       0.001491       0.001133       0.004689      -0.000000
   22      C   Dyz       0.000000      -0.000000       0.000000       0.000000       0.009217
   23      C   Dzz      -0.001217       0.001048      -0.007361      -0.003366       0.000000
   24      C   Dxx      -0.005537       0.007479      -0.007421       0.015800      -0.000000
   25      C   Dxy       0.000000      -0.000000      -0.000000       0.000000       0.000000
   26      C   Dxz      -0.000000      -0.000000      -0.000000      -0.000000       0.000287
   27      C   Dyy      -0.005537       0.007479      -0.007421       0.015800      -0.000000
   28      C   Dyz       0.000000      -0.000000      -0.000000       0.000000       0.009818
   29      C   Dzz      -0.004928       0.010967       0.016486       0.000136       0.000000
   30      C   Dxx      -0.001819       0.003897      -0.009946       0.056238      -0.000000
   31      C   Dxy       0.000000       0.000000       0.000000      -0.000000       0.000000
   32      C   Dxz       0.000000      -0.000000      -0.000000       0.000000      -0.000180
   33      C   Dyy      -0.001819       0.003897      -0.009946       0.056238      -0.000000
   34      C   Dyz      -0.000000      -0.000000       0.000000      -0.000000      -0.006151
   35      C   Dzz      -0.002893       0.002644       0.005393       0.024625      -0.000000
   36      C  Fxxx      -0.000000       0.000000       0.000000      -0.000000       0.000351
   37      C  Fxxy      -0.000000      -0.000000      -0.000000       0.000000       0.005370
   38      C  Fxxz       0.000857      -0.001166      -0.002302      -0.002605       0.000000
   39      C  Fxyy      -0.000000       0.000000       0.000000      -0.000000       0.000157
   40      C  Fxyz      -0.000000       0.000000      -0.000000      -0.000000      -0.000000
   41      C  Fxzz      -0.000000       0.000000       0.000000      -0.000000       0.000336
   42      C  Fyyy      -0.000000      -0.000000      -0.000000       0.000000       0.012008
   43      C  Fyyz       0.000857      -0.001166      -0.002302      -0.002605       0.000000
   44      C  Fyzz      -0.000000      -0.000000      -0.000000       0.000000       0.011514
   45      C  Fzzz       0.001542      -0.002330      -0.009634      -0.005879       0.000000
   46      C  Fxxx      -0.000000       0.000000       0.000000      -0.000000       0.000608
   47      C  Fxxy       0.000000       0.000000      -0.000000       0.000000       0.009301
   48      C  Fxxz       0.001062      -0.000128      -0.001230      -0.005412       0.000000
   49      C  Fxyy      -0.000000       0.000000       0.000000      -0.000000       0.000272
   50      C  Fxyz      -0.000000      -0.000000      -0.000000       0.000000       0.000000
   51      C  Fxzz      -0.000000       0.000000      -0.000000      -0.000000       0.000219
   52      C  Fyyy       0.000000       0.000000      -0.000000       0.000000       0.020797
   53      C  Fyyz       0.001062      -0.000128      -0.001230      -0.005412       0.000000
   54      C  Fyzz       0.000000      -0.000000      -0.000000       0.000000       0.007483
   55      C  Fzzz       0.002755       0.000561       0.018099      -0.009586       0.000000
   56      C     S      -0.690001      -0.692614       0.018853       0.003077      -0.000000
   57      C     S       0.002090      -0.001337      -0.363459      -0.327150       0.000000
   58      C     S      -0.033366      -0.035538      -0.082334      -0.081827       0.000000
   59      C     S       0.012880       0.023638      -0.180631      -0.264905       0.000000
   60      C     S       0.001974       0.016031      -0.008039       0.608528      -0.000000
   61      C    Px       0.000000      -0.000000      -0.000000      -0.000000       0.005589
   62      C    Py      -0.000000      -0.000000      -0.000000       0.000000       0.191293
   63      C    Pz      -0.001422      -0.002047       0.055264      -0.076405       0.000000
   64      C    Px      -0.000000       0.000000       0.000000      -0.000000       0.006518
   65      C    Py      -0.000000       0.000000       0.000000       0.000000       0.223092
   66      C    Pz       0.004085       0.011141       0.028216      -0.099300       0.000000
   67      C    Px      -0.000000       0.000000       0.000000      -0.000000       0.005057
   68      C    Py       0.000000       0.000000      -0.000000       0.000000       0.173086
   69      C    Pz       0.004462      -0.004303       0.005566      -0.137011      -0.000000
   70      C    Px       0.000000       0.000000       0.000000      -0.000000       0.003556
   71      C    Py      -0.000000       0.000000      -0.000000       0.000000       0.121726
   72      C    Pz      -0.000417      -0.002087      -0.008188      -0.204718       0.000000
   73      C   Dxx      -0.001347      -0.001491       0.001133      -0.004689       0.000000
   74      C   Dxy      -0.000000      -0.000000      -0.000000      -0.000000      -0.000000
   75      C   Dxz      -0.000000       0.000000       0.000000       0.000000      -0.000269
   76      C   Dyy      -0.001347      -0.001491       0.001133      -0.004689       0.000000
   77      C   Dyz      -0.000000       0.000000       0.000000      -0.000000      -0.009217
   78      C   Dzz      -0.001217      -0.001048      -0.007361       0.003366      -0.000000
   79      C   Dxx      -0.005537      -0.007479      -0.007421      -0.015800       0.000000
   80      C   Dxy       0.000000       0.000000      -0.000000      -0.000000      -0.000000
   81      C   Dxz      -0.000000      -0.000000      -0.000000       0.000000      -0.000287
   82      C   Dyy      -0.005537      -0.007479      -0.007421      -0.015800       0.000000
   83      C   Dyz       0.000000      -0.000000      -0.000000      -0.000000      -0.009818
   84      C   Dzz      -0.004928      -0.010967       0.016486      -0.000136      -0.000000
   85      C   Dxx      -0.001819      -0.003897      -0.009946      -0.056238       0.000000
   86      C   Dxy       0.000000      -0.000000       0.000000       0.000000      -0.000000
   87      C   Dxz       0.000000      -0.000000      -0.000000      -0.000000       0.000180
   88      C   Dyy      -0.001819      -0.003897      -0.009946      -0.056238       0.000000
   89      C   Dyz      -0.000000      -0.000000       0.000000       0.000000       0.006151
   90      C   Dzz      -0.002893      -0.002644       0.005393      -0.024625       0.000000
   91      C  Fxxx       0.000000      -0.000000      -0.000000      -0.000000       0.000351
   92      C  Fxxy      -0.000000      -0.000000      -0.000000       0.000000       0.005370
   93      C  Fxxz      -0.000857      -0.001166       0.002302      -0.002605       0.000000
   94      C  Fxyy       0.000000      -0.000000      -0.000000      -0.000000       0.000157
   95      C  Fxyz       0.000000       0.000000       0.000000      -0.000000       0.000000
   96      C  Fxzz       0.000000      -0.000000      -0.000000      -0.000000       0.000336
   97      C  Fyyy      -0.000000      -0.000000      -0.000000       0.000000       0.012008
   98      C  Fyyz      -0.000857      -0.001166       0.002302      -0.002605       0.000000
   99      C  Fyzz      -0.000000      -0.000000      -0.000000       0.000000       0.011514
  100      C  Fzzz      -0.001542      -0.002330       0.009634      -0.005879       0.000000
  101      C  Fxxx       0.000000      -0.000000      -0.000000      -0.000000       0.000608
  102      C  Fxxy      -0.000000      -0.000000       0.000000       0.000000       0.009301
  103      C  Fxxz      -0.001062      -0.000128       0.001230      -0.005412       0.000000
  104      C  Fxyy       0.000000      -0.000000      -0.000000      -0.000000       0.000272
  105      C  Fxyz       0.000000      -0.000000       0.000000       0.000000       0.000000
  106      C  Fxzz       0.000000      -0.000000       0.000000      -0.000000       0.000219
  107      C  Fyyy      -0.000000      -0.000000       0.000000       0.000000       0.020797
  108      C  Fyyz      -0.001062      -0.000128       0.001230      -0.005412       0.000000
  109      C  Fyzz      -0.000000      -0.000000       0.000000       0.000000       0.007483
  110      C  Fzzz      -0.002755       0.000561      -0.018099      -0.009586       0.000000
 
                           0.1233   
 
    1      C     S      -0.000000
    2      C     S       0.000000
    3      C     S       0.000000
    4      C     S      -0.000000
    5      C     S      -0.000000
    6      C    Px       0.191293
    7      C    Py      -0.005589
    8      C    Pz      -0.000000
    9      C    Px       0.223092
   10      C    Py      -0.006518
   11      C    Pz      -0.000000
   12      C    Px       0.173086
   13      C    Py      -0.005057
   14      C    Pz      -0.000000
   15      C    Px       0.121726
   16      C    Py      -0.003556
   17      C    Pz      -0.000000
   18      C   Dxx       0.000000
   19      C   Dxy      -0.000000
   20      C   Dxz       0.009217
   21      C   Dyy       0.000000
   22      C   Dyz      -0.000269
   23      C   Dzz      -0.000000
   24      C   Dxx       0.000000
   25      C   Dxy      -0.000000
   26      C   Dxz       0.009818
   27      C   Dyy       0.000000
   28      C   Dyz      -0.000287
   29      C   Dzz       0.000000
   30      C   Dxx      -0.000000
   31      C   Dxy      -0.000000
   32      C   Dxz      -0.006151
   33      C   Dyy      -0.000000
   34      C   Dyz       0.000180
   35      C   Dzz      -0.000000
   36      C  Fxxx       0.012008
   37      C  Fxxy      -0.000157
   38      C  Fxxz      -0.000000
   39      C  Fxyy       0.005370
   40      C  Fxyz       0.000000
   41      C  Fxzz       0.011514
   42      C  Fyyy      -0.000351
   43      C  Fyyz      -0.000000
   44      C  Fyzz      -0.000336
   45      C  Fzzz      -0.000000
   46      C  Fxxx       0.020797
   47      C  Fxxy      -0.000272
   48      C  Fxxz       0.000000
   49      C  Fxyy       0.009301
   50      C  Fxyz      -0.000000
   51      C  Fxzz       0.007483
   52      C  Fyyy      -0.000608
   53      C  Fyyz       0.000000
   54      C  Fyzz      -0.000219
   55      C  Fzzz       0.000000
   56      C     S       0.000000
   57      C     S      -0.000000
   58      C     S      -0.000000
   59      C     S       0.000000
   60      C     S       0.000000
   61      C    Px       0.191293
   62      C    Py      -0.005589
   63      C    Pz      -0.000000
   64      C    Px       0.223092
   65      C    Py      -0.006518
   66      C    Pz      -0.000000
   67      C    Px       0.173086
   68      C    Py      -0.005057
   69      C    Pz      -0.000000
   70      C    Px       0.121726
   71      C    Py      -0.003556
   72      C    Pz      -0.000000
   73      C   Dxx      -0.000000
   74      C   Dxy       0.000000
   75      C   Dxz      -0.009217
   76      C   Dyy      -0.000000
   77      C   Dyz       0.000269
   78      C   Dzz       0.000000
   79      C   Dxx      -0.000000
   80      C   Dxy       0.000000
   81      C   Dxz      -0.009818
   82      C   Dyy      -0.000000
   83      C   Dyz       0.000287
   84      C   Dzz       0.000000
   85      C   Dxx       0.000000
   86      C   Dxy      -0.000000
   87      C   Dxz       0.006151
   88      C   Dyy       0.000000
   89      C   Dyz      -0.000180
   90      C   Dzz       0.000000
   91      C  Fxxx       0.012008
   92      C  Fxxy      -0.000157
   93      C  Fxxz      -0.000000
   94      C  Fxyy       0.005370
   95      C  Fxyz       0.000000
   96      C  Fxzz       0.011514
   97      C  Fyyy      -0.000351
   98      C  Fyyz      -0.000000
   99      C  Fyzz      -0.000336
  100      C  Fzzz      -0.000000
  101      C  Fxxx       0.020797
  102      C  Fxxy      -0.000272
  103      C  Fxxz       0.000000
  104      C  Fxyy       0.009301
  105      C  Fxyz      -0.000000
  106      C  Fxzz       0.007483
  107      C  Fyyy      -0.000608
  108      C  Fyyz       0.000000
  109      C  Fyzz      -0.000219
  110      C  Fzzz       0.000000
 
 
  end of eigenvectors 
 
  END OF EIGENVALUES AND EIGENVECTORS
 
 
  COMPONENTS OF KINETIC ENERGY: 
 -----------------------------
 
             E-ALPHA Kinetic energy =           37.255935974368
              E-BETA Kinetic energy =           36.361618104470
                                     _________________________
               Total kinetic energy =           73.617554078838
 
  COMPONENTS OF POTENTIAL ENERGY: 
 -------------------------------
 
          Fixed potential energy    =           14.654139209723
 
  Quantum/Fixed interaction energy: 
 ----------------------------------
 
     E-ALPHA/Fixed interact. energy =         -104.777526021760
      E-BETA/Fixed interact. energy =          -98.993761679740
                                     _________________________
               Total Q/Fixed energy =         -203.771287701500
 
  Coulomb energy: 
 ------------------
 
     E-ALPHA/E-ALPHA Hartree energy =           13.819675956627
       E-BETA/E-BETA Hartree energy =           11.271507048883
      E-ALPHA/E-BETA Hartree energy =           24.912620160550
                                     _________________________
               Total Hartree energy =           50.003803166060
 
  Exchange(HF) energy: 
 ----------------------
 
            E-ALPHA Exchange energy =           -5.130971372250
             E-BETA Exchange energy =           -4.761974114438
                                     _________________________
              Total Exchange energy =           -9.892945486688
 
  TOTAL ENERGY COMPONENTS: 
 ==========================
 
          TOTAL KINETIC ENERGY      =           73.617554078838
          TOTAL POTENTIAL ENERGY    =         -149.006290812405
                                     _________________________
                       TOTAL ENERGY =          -75.388736733566
 
                 VIRIAL RATIO (V/T) =            2.024059243436
 
 
  END ENERGY COMPONENTS
 
 
** TOTAL CPU Time SCF :     16.657 (s)
** TOTAL Elapsed Time SCF :      3.988 (s)
 
 We are calculating properties for E-ALPHA in the HF/KS ground state
 We are calculating properties for E-BETA in the HF/KS ground state
 
  POPULATION ANALYSES: 
 ====================
 
 MULLIKEN Population: for E-        
 ---------------------
 
                          total          spin      
 
    1      C     S       1.955339       0.000371
    2      C     S       0.875087      -0.017373
    3      C     S       0.193149      -0.004236
    4      C     S       0.574487       0.082493
    5      C     S       0.101846       0.300794
    6      C    Px       0.171677      -0.000530
    7      C    Py       0.171677      -0.000530
    8      C    Pz       0.167994       0.115075
    9      C    Px       0.326275      -0.000019
   10      C    Py       0.326275      -0.000019
   11      C    Pz       0.277816       0.167810
   12      C    Px       0.271066      -0.008985
   13      C    Py       0.271066      -0.008985
   14      C    Pz       0.256183       0.059830
   15      C    Px       0.149981       0.007255
   16      C    Py       0.149981       0.007255
   17      C    Pz       0.226997       0.001916
   18      C   Dxx      -0.000791      -0.003805
   19      C   Dxy       0.000000      -0.000000
   20      C   Dxz       0.001854       0.000160
   21      C   Dyy      -0.000791      -0.003805
   22      C   Dyz       0.001854       0.000160
   23      C   Dzz       0.016761       0.010260
   24      C   Dxx       0.003564      -0.015404
   25      C   Dxy       0.000000      -0.000000
   26      C   Dxz       0.005326      -0.000041
   27      C   Dyy       0.003564      -0.015404
   28      C   Dyz       0.005326      -0.000041
   29      C   Dzz      -0.030225      -0.005677
   30      C   Dxx      -0.010748      -0.033536
   31      C   Dxy       0.000000       0.000000
   32      C   Dxz      -0.005377      -0.001750
   33      C   Dyy      -0.010748      -0.033536
   34      C   Dyz      -0.005377      -0.001750
   35      C   Dzz      -0.137410      -0.122346
   36      C  Fxxx       0.012729      -0.000886
   37      C  Fxxy       0.004243      -0.000295
   38      C  Fxxz       0.001445      -0.000722
   39      C  Fxyy       0.004243      -0.000295
   40      C  Fxyz       0.000000       0.000000
   41      C  Fxzz       0.014182       0.001931
   42      C  Fyyy       0.012729      -0.000886
   43      C  Fyyz       0.001445      -0.000722
   44      C  Fyzz       0.014182       0.001931
   45      C  Fzzz       0.023007       0.012539
   46      C  Fxxx       0.027058       0.001078
   47      C  Fxxy       0.009019       0.000359
   48      C  Fxxz       0.003952      -0.000488
   49      C  Fxyy       0.009019       0.000359
   50      C  Fxyz      -0.000000      -0.000000
   51      C  Fxzz       0.011968       0.001723
   52      C  Fyyy       0.027058       0.001078
   53      C  Fyyz       0.003952      -0.000488
   54      C  Fyzz       0.011968       0.001723
   55      C  Fzzz       0.004127       0.006453
   56      C     S       1.955339       0.000371
   57      C     S       0.875087      -0.017373
   58      C     S       0.193149      -0.004236
   59      C     S       0.574487       0.082493
   60      C     S       0.101846       0.300794
   61      C    Px       0.171677      -0.000530
   62      C    Py       0.171677      -0.000530
   63      C    Pz       0.167994       0.115075
   64      C    Px       0.326275      -0.000019
   65      C    Py       0.326275      -0.000019
   66      C    Pz       0.277816       0.167810
   67      C    Px       0.271066      -0.008985
   68      C    Py       0.271066      -0.008985
   69      C    Pz       0.256183       0.059830
   70      C    Px       0.149981       0.007255
   71      C    Py       0.149981       0.007255
   72      C    Pz       0.226997       0.001916
   73      C   Dxx      -0.000791      -0.003805
   74      C   Dxy       0.000000      -0.000000
   75      C   Dxz       0.001854       0.000160
   76      C   Dyy      -0.000791      -0.003805
   77      C   Dyz       0.001854       0.000160
   78      C   Dzz       0.016761       0.010260
   79      C   Dxx       0.003564      -0.015404
   80      C   Dxy       0.000000      -0.000000
   81      C   Dxz       0.005326      -0.000041
   82      C   Dyy       0.003564      -0.015404
   83      C   Dyz       0.005326      -0.000041
   84      C   Dzz      -0.030225      -0.005677
   85      C   Dxx      -0.010748      -0.033536
   86      C   Dxy       0.000000       0.000000
   87      C   Dxz      -0.005377      -0.001750
   88      C   Dyy      -0.010748      -0.033536
   89      C   Dyz      -0.005377      -0.001750
   90      C   Dzz      -0.137410      -0.122346
   91      C  Fxxx       0.012729      -0.000886
   92      C  Fxxy       0.004243      -0.000295
   93      C  Fxxz       0.001445      -0.000722
   94      C  Fxyy       0.004243      -0.000295
   95      C  Fxyz       0.000000       0.000000
   96      C  Fxzz       0.014182       0.001931
   97      C  Fyyy       0.012729      -0.000886
   98      C  Fyyz       0.001445      -0.000722
   99      C  Fyzz       0.014182       0.001931
  100      C  Fzzz       0.023007       0.012539
  101      C  Fxxx       0.027058       0.001078
  102      C  Fxxy       0.009019       0.000359
  103      C  Fxxz       0.003952      -0.000488
  104      C  Fxyy       0.009019       0.000359
  105      C  Fxyz      -0.000000      -0.000000
  106      C  Fxzz       0.011968       0.001723
  107      C  Fyyy       0.027058       0.001078
  108      C  Fyyz       0.003952      -0.000488
  109      C  Fyzz       0.011968       0.001723
  110      C  Fzzz       0.004127       0.006453
 
                           __________     __________
              Total =       13.000000       1.000000
 
  Atomic MULLIKEN Population: for E-        
            C                6.500000       0.500000
            C                6.500000       0.500000
 
 ...end of MULLIKEN Population
 
 
 END POPULATION ANALYSES 
 
 
  POPULATION ANALYSES: 
 ====================
 
 LOWDIN Population: for E-        
 ---------------------
 
                          total          spin      
 
    1      C     S       1.563934      -0.000454
    2      C     S       0.461014      -0.004987
    3      C     S       0.298973      -0.002100
    4      C     S       0.184633      -0.000180
    5      C     S       0.147516       0.085996
    6      C    Px       0.137886      -0.000437
    7      C    Py       0.137886      -0.000437
    8      C    Pz       0.138347       0.096540
    9      C    Px       0.145535      -0.000486
   10      C    Py       0.145535      -0.000486
   11      C    Pz       0.171708       0.082845
   12      C    Px       0.169437      -0.001517
   13      C    Py       0.169437      -0.001517
   14      C    Pz       0.190771       0.024637
   15      C    Px       0.133578       0.004707
   16      C    Py       0.133578       0.004707
   17      C    Pz       0.120267       0.013448
   18      C   Dxx       0.096965      -0.005349
   19      C   Dxy       0.000000      -0.000000
   20      C   Dxz       0.001110       0.000093
   21      C   Dyy       0.096965      -0.005349
   22      C   Dyz       0.001110       0.000093
   23      C   Dzz       0.116921       0.007535
   24      C   Dxx       0.074133      -0.005571
   25      C   Dxy       0.000000       0.000000
   26      C   Dxz       0.011557      -0.000201
   27      C   Dyy       0.074133      -0.005571
   28      C   Dyz       0.011557      -0.000201
   29      C   Dzz       0.143823       0.007392
   30      C   Dxx       0.018491       0.005441
   31      C   Dxy       0.000000       0.000000
   32      C   Dxz       0.012456      -0.000846
   33      C   Dyy       0.018491       0.005441
   34      C   Dyz       0.012456      -0.000846
   35      C   Dzz       0.114937       0.062134
   36      C  Fxxx       0.080749      -0.000761
   37      C  Fxxy       0.035804      -0.000302
   38      C  Fxxz       0.040121       0.020865
   39      C  Fxyy       0.035804      -0.000302
   40      C  Fxyz       0.000000       0.000000
   41      C  Fxzz       0.059546       0.001044
   42      C  Fyyy       0.080749      -0.000761
   43      C  Fyyz       0.040121       0.020865
   44      C  Fyzz       0.059546       0.001044
   45      C  Fzzz       0.126590       0.069002
   46      C  Fxxx       0.081507      -0.001204
   47      C  Fxxy       0.035920      -0.000499
   48      C  Fxxz       0.044044       0.008370
   49      C  Fxyy       0.035920      -0.000499
   50      C  Fxyz       0.000000      -0.000000
   51      C  Fxzz       0.094915       0.000410
   52      C  Fyyy       0.081507      -0.001204
   53      C  Fyyz       0.044044       0.008370
   54      C  Fyzz       0.094915       0.000410
   55      C  Fzzz       0.173056       0.010682
   56      C     S       1.563934      -0.000454
   57      C     S       0.461014      -0.004987
   58      C     S       0.298973      -0.002100
   59      C     S       0.184633      -0.000180
   60      C     S       0.147516       0.085996
   61      C    Px       0.137886      -0.000437
   62      C    Py       0.137886      -0.000437
   63      C    Pz       0.138347       0.096540
   64      C    Px       0.145535      -0.000486
   65      C    Py       0.145535      -0.000486
   66      C    Pz       0.171708       0.082845
   67      C    Px       0.169437      -0.001517
   68      C    Py       0.169437      -0.001517
   69      C    Pz       0.190771       0.024637
   70      C    Px       0.133578       0.004707
   71      C    Py       0.133578       0.004707
   72      C    Pz       0.120267       0.013448
   73      C   Dxx       0.096965      -0.005349
   74      C   Dxy       0.000000      -0.000000
   75      C   Dxz       0.001110       0.000093
   76      C   Dyy       0.096965      -0.005349
   77      C   Dyz       0.001110       0.000093
   78      C   Dzz       0.116921       0.007535
   79      C   Dxx       0.074133      -0.005571
   80      C   Dxy       0.000000       0.000000
   81      C   Dxz       0.011557      -0.000201
   82      C   Dyy       0.074133      -0.005571
   83      C   Dyz       0.011557      -0.000201
   84      C   Dzz       0.143823       0.007392
   85      C   Dxx       0.018491       0.005441
   86      C   Dxy       0.000000       0.000000
   87      C   Dxz       0.012456      -0.000846
   88      C   Dyy       0.018491       0.005441
   89      C   Dyz       0.012456      -0.000846
   90      C   Dzz       0.114937       0.062134
   91      C  Fxxx       0.080749      -0.000761
   92      C  Fxxy       0.035804      -0.000302
   93      C  Fxxz       0.040121       0.020865
   94      C  Fxyy       0.035804      -0.000302
   95      C  Fxyz       0.000000       0.000000
   96      C  Fxzz       0.059546       0.001044
   97      C  Fyyy       0.080749      -0.000761
   98      C  Fyyz       0.040121       0.020865
   99      C  Fyzz       0.059546       0.001044
  100      C  Fzzz       0.126590       0.069002
  101      C  Fxxx       0.081507      -0.001204
  102      C  Fxxy       0.035920      -0.000499
  103      C  Fxxz       0.044044       0.008370
  104      C  Fxyy       0.035920      -0.000499
  105      C  Fxyz       0.000000      -0.000000
  106      C  Fxzz       0.094915       0.000410
  107      C  Fyyy       0.081507      -0.001204
  108      C  Fyyz       0.044044       0.008370
  109      C  Fyzz       0.094915       0.000410
  110      C  Fzzz       0.173056       0.010682
 
                           __________     __________
              Total =       13.000000       1.000000
 
  Atomic LOWDIN Population: for E-        
            C                6.500000       0.500000
            C                6.500000       0.500000
 
 ...end of LOWDIN Population
 
 
 END POPULATION ANALYSES 
 
 
  EXPECTED POSITIONS OF QUANTUM SPECIES:
 ======================
 
 POSITIONS IN ANGSTROMS
 ------
 
                        <x>      <y>      <z>         
            E-ALPHA  -0.0000  -0.0000   4.5500
             E-BETA  -0.0000  -0.0000   3.9000
 
 END EXPECTED POSITIONS
 
 
  ELECTROSTATIC MOMENTS:
 ======================
 
 
 DIPOLE: (A.U.)
 ------
 
                           <Dx>         <Dy>         <Dz>          |D|
            E-ALPHA   0.00000000   0.00000000  -8.59825324
             E-BETA   0.00000000   0.00000000  -7.36993135
    Point charges:    0.00000000   0.00000000  14.73986270
                     ____________________________
      Total Dipole:   0.00000000   0.00000000  -1.22832189   1.22832189
 
 DIPOLE: (DEBYE)
 ------
 
                           <Dx>         <Dy>         <Dz>          |D|
            E-ALPHA   0.00000000   0.00000000 -21.85457699
             E-BETA   0.00000000   0.00000000 -18.73249456
    Point charges:    0.00000000   0.00000000  37.46498913
                     ____________________________
      Total Dipole:   0.00000000   0.00000000  -3.12208243   3.12208243
 
 QUADRUPOLE NON-TRACELESS: (DEBYE ANGS)
 ------
 
                           <xx>         <yy>         <zz>         <xy>         <xz>         <yz>
            E-ALPHA  -14.65977094  -14.65977097  -50.03621136   -0.00000000    0.00000000   -0.00000000
             E-BETA  -11.31045104  -11.31045101  -33.59166141    0.00000000    0.00000000   -0.00000000
    Point charges:     0.00000000    0.00000000   48.70448031    0.00000000    0.00000000    0.00000000
  Total Quadrupole:  -25.97022198  -25.97022198  -34.92339247    0.00000000    0.00000000   -0.00000000
                     ____________________________
 
 END ELECTROSTATIC MOMENTS
 
 
 BEGIN FOUR-INDEX INTEGRALS TRANFORMATION:
 ========================================
 Selected method: C         
 
 --------------------------------------------------
    4N^5 Algorithm Four-index integral tranformation
 --------------------------------------------------
 
 Integrals transformation for: E-ALPHA
 
              Transformation boundaries 
                 orbital lower upper
                       p     1     7
                       q     8   110
                       r     1     7
                       s     8   110
 
         Loading AO integrals time(s):  0.276E-01
      Integral transformation time(s):  0.162E+01
       Non-zero transformed integrals:       132258
 
 Inter-species integrals transformation for: E-ALPHA/E-BETA
 
              Transformation boundaries 
                 orbital lower upper
                       p     1     6
                       q     7   110
                       r     1     7
                       s     8   110
 
         Loading AO integrals time(s):  0.292E-01
      Integral transformation time(s):  0.661E+01
 Non zero transformed coupling integrals:        87608
 
 Integrals transformation for: E-BETA
 
              Transformation boundaries 
                 orbital lower upper
                       p     1     6
                       q     7   110
                       r     1     6
                       s     7   110
 
         Loading AO integrals time(s):  0.197E-01
      Integral transformation time(s):  0.152E+01
       Non-zero transformed integrals:        83770
 
** TOTAL Elapsed Time for integrals transformation :     10.063 (s)
 
 
  POST HARTREE-FOCK CALCULATION
  MANY-BODY PERTURBATION THEORY:
 ==============================
 
              MOLLER-PLESSET FORMALISM 
               ORDER OF CORRECTION =     2
 
                E(0) + E(1) =     -75.388736733566
                       E(2) =      -0.348211038747
                             ____________________
                     E(MP2) =     -75.736947772313
 
              -----------------------------------
               E(n){ Specie }     E(n) / Hartree 
              -----------------------------------
 
            E(2){ E-ALPHA } =      -0.049001639866
             E(2){ E-BETA } =      -0.036961252243
 
     E(2){ E-ALPHA/E-BETA } =      -0.262248146638
 
** TOTAL CPU Time HF-MBPT :      0.554 (s)
** TOTAL Elapsed Time HF-MBPT :      0.319 (s)
 

  TOTAL CPU Time:      0.241 (s)
 TOTAL Wall Time:     14.430 (s)
  Elapsed Time:   0h  0m 14s 430ms
LOWDIN execution terminated normally at : Thu Feb  6 14:29:23 2025
-rw-rw-r-- 1 pohl pohl  53M feb  6 14:29 0E-ALPHA.E-BETA.ints
-rw-rw-r-- 1 pohl pohl  27M feb  6 14:29 0E-ALPHA.ints
-rw-rw-r-- 1 pohl pohl  52M feb  6 14:29 1E-ALPHA.E-BETA.ints
-rw-rw-r-- 1 pohl pohl  27M feb  6 14:29 1E-ALPHA.ints
-rw-rw-r-- 1 pohl pohl  53M feb  6 14:29 2E-ALPHA.E-BETA.ints
-rw-rw-r-- 1 pohl pohl  27M feb  6 14:29 2E-ALPHA.ints
-rw-rw-r-- 1 pohl pohl  52M feb  6 14:29 3E-ALPHA.E-BETA.ints
-rw-rw-r-- 1 pohl pohl  27M feb  6 14:29 3E-ALPHA.ints
-rw-rw-r-- 1 pohl pohl   12 feb  6 14:29 E-ALPHA.E-BETA.nints
-rw-rw-r-- 1 pohl pohl 3.5M feb  6 14:29 E-ALPHAmoint.dat
-rw-rw-r-- 1 pohl pohl 2.1M feb  6 14:29 E-BETA.E-ALPHAmoint.dat
-rw-rw-r-- 1 pohl pohl 3.5M feb  6 14:29 E-BETAmoint.dat
-rw-rw-r-- 1 pohl pohl   63 feb  6 14:29 gepol.inp
-rw-rw-r-- 1 pohl pohl  182 feb  6 14:29 gepol.xyzr
-rw-rw-r-- 1 pohl pohl  13K feb  6 14:29 lowdin.bas
-rw-rw-r-- 1 pohl pohl  16K feb  6 14:29 lowdin.dat
-rw-rw-r-- 1 pohl pohl 2.3M feb  6 14:29 lowdin.opints
-rw-rw-r-- 1 pohl pohl  46K feb  6 14:29 lowdin.sys
-rw-rw-r-- 1 pohl pohl 2.1M feb  6 14:29 lowdin.wfn
-rw-rw-r-- 1 pohl pohl  258 feb  6 14:29 usual_4
-rw-rw-r-- 1 pohl pohl 192K feb  6 14:29 usual_40.vec
-rw-rw-r-- 1 pohl pohl 192K feb  6 14:29 usual_41.vec
-rw-rw-r-- 1 pohl pohl 192K feb  6 14:29 usual_42.vec
-rw-rw-r-- 1 pohl pohl 192K feb  6 14:29 usual_43.vec
-rw-rw-r-- 1 pohl pohl 192K feb  6 14:29 usual_44.vec
-rw-rw-r-- 1 pohl pohl 192K feb  6 14:29 usual_45.vec
-rw-rw-r-- 1 pohl pohl 192K feb  6 14:29 usual_46.vec
-rw-rw-r-- 1 pohl pohl 192K feb  6 14:29 usual_47.vec
-rw-rw-r-- 1 pohl pohl 1.1K feb  6 14:29 usual_4.aux
-rw-rw-r-- 1 pohl pohl  266 feb  6 14:29 usual_4.lowdin
-rw-rw-r-- 1 pohl pohl  74K feb  6 14:29 usual_4.out
-rw-rw-r-- 1 pohl pohl 192K feb  6 14:29 usual_4.vec
