Begin job by input: usual_36.lowdin, for user:   at  jue 06 feb 2025 14:37:28 -05
under operating system Linux helios 5.19.0-46-generic #47-Ubuntu SMP PREEMPT_DYNAMIC Fri Jun 16 13:30:11 UTC 2023 x86_64 x86_64 x86_64 GNU/Linux
Compilation information
  commit: f31d3924f6ee2ce9d77f07edcc1ba27359319d14
  compilation date:  mar 17 sep 2024 16:16:17 -05

BEGIN INPUT INFO:
------------------------------------

GEOMETRY
	e-(C)	AUG-CC-PVTZ 0.0 0.0 0.0 multiplicity=2 addParticles=1 
	e-(C)	AUG-CC-PVTZ 0.0 0.0 7.7 
	C	Dirac 0.0 0.0 0.0
	C	Dirac 0.0 0.0 7.7
END GEOMETRY

TASKS
        method = "UHF"
	mollerPlessetCorrection=2
END TASKS

CONTROL
	units="ANGS"
END CONTROL






... END INPUT INFO


 LOWDIN execution started at : Thu Feb  6 14:37:28 2025
 ---------------------------------------------------------------
 
 ***************************************************************
 *                   LOWDIN 2.0  (May/2013)                    *
 *                                                             *
 *  R. FLORES-MORENO, E. F. POSADA, F. S. MONCADA, J.ROMERO,   *
 *  J. CHARRY, M. DIAZ-TINOCO, S. A. GONZALEZ, N. F. AGUIRRE,  *
 *  A. REYES                                                   *
 *                                                             *
 *  https://sites.google.com/site/lowdinproject/               *
 *                                                             *
 ***************************************************************
 
 PARSING INPUT... DONE!
 
 LOWDIN IS RUNNING WITH NEXT PARAMETERS: 
 ----------------------------------------
 
         METHOD TYPE:  UHF
         NUMBER OF CORES:     4
         MOLLER PLESSET CORRECTION:      2
         NONELECTRONIC DENSITY GUESS: HCORE
         ELECTRONIC DENSITY GUESS: HCORE
         CRITERIUM OF CONVERGENCE: ENERGY
         NONELECTRONIC ENERGY TOLERANCE IN SCFs:     0.10000E-07
         ELECTRONIC ENERGY TOLERANCE IN SCFs:     0.10000E-07
         TOTAL ENERGY TOLERANCE IN SCFs:     0.10000E-07
         SCHEME OF ITERATION: GLOBAL ITERATIONS
         SCF MAX. SUBITERATIONS - NONELECTRONS :     1
         SCF MAX. SUBITERATIONS - ELECTRONS :     1
         SCF MAX. ITERATIONS - INTERSPECIES :   200
         INTEGRAL STORAGE: DISK
         STACK SIZE FOR ERIS : 30000
         METHOD OF SCF CONVERGENCE: DAMPING
 
  MOLECULAR SYSTEM: usual_36
 -----------------
 
    DESCRIPTION   : usual_36
    CHARGE        :   0
    PUNTUAL GROUP : NONE
 
 
  INFORMATION OF PARTICLES :
 =========================
         Total number of particles   =      15
         Number of quantum particles =      13
         Number of puntual charges   =       2
         Number of quantum species   =       2
 
                 INFORMATION OF QUANTUM SPECIES 
    ----------------------------------------------------------------------
         ID      Symbol            mass     charge      omega     spin     multiplicity
    ----------------------------------------------------------------------
         1        E-ALPHA         1.0000     -1.00      0.00      0.50      2.00
         2         E-BETA         1.0000     -1.00      0.00      0.50      2.00
 
                   CONSTANTS OF COUPLING 
      ------------------------------------------------------------
              Symbol      kappa        eta     lambda occupation
      ------------------------------------------------------------
             E-ALPHA      -1.00       1.00       1.00       7.00
              E-BETA      -1.00       1.00       1.00       6.00
 
                   BASIS SET FOR SPECIES 
      ------------------------------------------------------------
           Symbol          N. Basis     N. Particles     Basis Set
      ------------------------------------------------------------
            E-ALPHA           28                7     AUG-CC-PVT
             E-BETA           28                6     AUG-CC-PVT
 
                                ATOMIC BASIS
         ------------------------------------------------------------
          PRIMITIVE   SHELL             EXPONENT         COEFFICIENT 
         ------------------------------------------------------------
 
    BEGIN DESCRIPTION OF BASIS FOR: E-ALP
    ==============================
 
 
             C BASIS SET:    AUG-CC-PVTZ
             1         S             8236.00000000          0.00053100
             2         S             1235.00000000          0.00410800
             3         S              280.80000000          0.02108700
             4         S               79.27000000          0.08185300
             5         S               25.59000000          0.23481700
             6         S                8.99700000          0.43440100
             7         S                3.31900000          0.34612900
             8         S                0.36430000         -0.00898300
             1         S             8236.00000000         -0.00011300
             2         S             1235.00000000         -0.00087800
             3         S              280.80000000         -0.00454000
             4         S               79.27000000         -0.01813300
             5         S               25.59000000         -0.05576000
             6         S                8.99700000         -0.12689500
             7         S                3.31900000         -0.17035200
             8         S                0.36430000          0.59868400
             1         S                0.90590000          1.00000000
             1         S                0.12850000          1.00000000
             1         S                0.04402000          1.00000000
             1         P               18.71000000          0.01403100
             2         P                4.13300000          0.08686600
             3         P                1.20000000          0.29021600
             1         P                0.38270000          1.00000000
             1         P                0.12090000          1.00000000
             1         P                0.03569000          1.00000000
             1         D                1.09700000          1.00000000
             1         D                0.31800000          1.00000000
             1         D                0.10000000          1.00000000
             1         F                0.76100000          1.00000000
             1         F                0.26800000          1.00000000
 
             C BASIS SET:    AUG-CC-PVTZ
             1         S             8236.00000000          0.00053100
             2         S             1235.00000000          0.00410800
             3         S              280.80000000          0.02108700
             4         S               79.27000000          0.08185300
             5         S               25.59000000          0.23481700
             6         S                8.99700000          0.43440100
             7         S                3.31900000          0.34612900
             8         S                0.36430000         -0.00898300
             1         S             8236.00000000         -0.00011300
             2         S             1235.00000000         -0.00087800
             3         S              280.80000000         -0.00454000
             4         S               79.27000000         -0.01813300
             5         S               25.59000000         -0.05576000
             6         S                8.99700000         -0.12689500
             7         S                3.31900000         -0.17035200
             8         S                0.36430000          0.59868400
             1         S                0.90590000          1.00000000
             1         S                0.12850000          1.00000000
             1         S                0.04402000          1.00000000
             1         P               18.71000000          0.01403100
             2         P                4.13300000          0.08686600
             3         P                1.20000000          0.29021600
             1         P                0.38270000          1.00000000
             1         P                0.12090000          1.00000000
             1         P                0.03569000          1.00000000
             1         D                1.09700000          1.00000000
             1         D                0.31800000          1.00000000
             1         D                0.10000000          1.00000000
             1         F                0.76100000          1.00000000
             1         F                0.26800000          1.00000000
    ... END DESCRIPTION OF BASIS
 
 
  END INFORMATION OF PARTICLES
 
 
  INFORMATION OF THE QUANTUM SYSTEM 
     ---------------------------------------------------------------------
                 ID     Occupied Orbitals     Basis size
     ---------------------------------------------------------------------
            E-ALPHA            7              110
             E-BETA            6              110
 
  END INFORMATION OF QUANTUM SYSTEM
 
                       INITIAL GEOMETRY: AMSTRONG
                 -----------------------------------
                       <x>                 <y>                 <z>
  E-ALPHAC        0.0000000000        0.0000000000        0.0000000000
  E-ALPHAC        0.0000000000        0.0000000000        7.7000000000
         C        0.0000000000        0.0000000000        0.0000000000
         C        0.0000000000        0.0000000000        7.7000000000
 
                     MATRIX OF DISTANCE: ANGSTROM
                 -----------------------------------
                          C(1)           C(2)      
 
        C(1)             0.000000       7.700000
        C(2)             7.700000       0.000000
 
--------------------------------------------------------------------------------
** PROGRAM: SCF (Hartree Fock).     Author: S.A. Gonzalez, E. Posada, F. Moncada
--------------------------------------------------------------------------------
INFO: RUNNING IN UHF MODE.
 
----------------------------------------------------------------------
** PROGRAM INTS                          Author: E. F. Posada, 2013   
----------------------------------------------------------------------
INFO: RUNNING IN ONE_PARTICLE MODE.
 
 Number of Overlap integrals for species E-ALPHA:  12100
 Number of Overlap integrals for species E-BETA:  12100
 Number of Kinetic integrals for species E-ALPHA:  12100
 Number of Kinetic integrals for species E-BETA:  12100
 Number of Nuclear integrals for species E-ALPHA:  12100
 Number of Nuclear integrals for species E-BETA:  12100
 Number of Moment integrals for species E-ALPHA:  36300
 Number of Moment integrals for species E-BETA:  36300
 
** TOTAL CPU Time INTS :      0.442 (s)
** TOTAL Elapsed Time INTS :      0.206 (s)
 
 Combination coefficients for E-ALPHA were read from usual_36.vec
     number of    E-ALPHA     particles in guess density matrix:     7.101559
 Warning!, density matrix with deviation from number of particles    7.000000
 Combination coefficients for E-BETA were read from usual_36.vec
     number of     E-BETA     particles in guess density matrix:     6.080661
 Warning!, density matrix with deviation from number of particles    6.000000
 Number of unique integrals for species: 1 = 1583892
 Number of unique integrals for species: 1 / 2 = 3164410 Screened: 14747
 
 TWO-BODY INTEGRAL SETUP: 
------------------------- 
 Storage:   DISK
 Scheme: LIBINT
 Stack size:  30000
 
 LIBINT library, Fermann, J. T.; Valeev, F. L. 2010                   
 LOWDIN-LIBINT Implementation V. 2.1  Posada E. F. ; Reyes A. 2016   
 ----------------------------------------------------------------------

*** TOTAL CPU time intra-species integrals :      0.796 (s)
*** TOTAL elapsed time intra-species integrals :      0.164 (s)


*** TOTAL CPU time inter-species integrals :      1.797 (s)
*** TOTAL elapsed time inter-species integrals :      0.422 (s)

INFO: RUNNING SCHEME SIMULTANEOUS
 
 Begin Multi-Species SCF calculation:
 
 --------------------------------------------------------------------------------------------------
      Iteration                   Energy            Energy Change           Density Change
 --------------------------------------------------------------------------------------------------
              1         -72.119114201000          72.119114201000           0.027674324930
              2         -64.987352577656          -7.131761623344           0.044646842041
              3         -66.708635596097           1.721283018441           0.051922245185
              4         -70.054341680296           3.345706084200           0.009304468414
              5         -73.135880979816           3.081539299520           0.013769607909
              6         -75.115865196652           1.979984216836           0.009376754600
              7         -75.343560228282           0.227695031630           0.002125292835
              8         -75.363128953470           0.019568725188           0.000930258093
              9         -75.366415989038           0.003287035568           0.000405464140
             10         -75.367242404254           0.000826415217           0.000238894475
             11         -75.367533204177           0.000290799922           0.000165561100
             12         -75.367672472523           0.000139268346           0.000128926164
             13         -75.367754452840           0.000081980317           0.000105254528
             14         -75.367808223917           0.000053771077           0.000088062457
             15         -75.367845235325           0.000037011408           0.000074313698
             16         -75.367871266181           0.000026030855           0.000063010814
             17         -75.367889764147           0.000018497966           0.000053530879
             18         -75.367902984784           0.000013220638           0.000045532941
             19         -75.367912468706           0.000009483922           0.000038757302
             20         -75.367919290429           0.000006821724           0.000033007251
             21         -75.367924207618           0.000004917188           0.000028121336
             22         -75.367927758091           0.000003550473           0.000023966364
             23         -75.367930325388           0.000002567297           0.000020430714
             24         -75.367932183990           0.000001858602           0.000017420554
             25         -75.367933530892           0.000001346902           0.000014856699
             26         -75.367934507808           0.000000976916           0.000012672205
             27         -75.367935216885           0.000000709077           0.000010810381
             28         -75.367935731873           0.000000514988           0.000009223161
             29         -75.367936106094           0.000000374220           0.000007869751
             30         -75.367936378145           0.000000272052           0.000006715497
             31         -75.367936575997           0.000000197852           0.000005730940
             32         -75.367936719933           0.000000143936           0.000004891019
             33         -75.367936824674           0.000000104741           0.000004174408
             34         -75.367936900911           0.000000076237           0.000003562944
             35         -75.367936956412           0.000000055501           0.000003041157
             36         -75.367936996824           0.000000040412           0.000002595866
             37         -75.367937026253           0.000000029430           0.000002215833
             38         -75.367937047688           0.000000021434           0.000001891478
             39         -75.367937063300           0.000000015613           0.000001614633
             40         -75.367937074674           0.000000011373           0.000001378331
             41         -75.367937082960           0.000000008286           0.000001176628
 Total energy converged after  41 global iterations                                                  
 
 ...end Multi-Species SCF calculation
 
 
 Begin SCF calculation by: E-ALPHA
 -------------------------
 
 -----------------------------------------------------------------------------------
 Iteration                   Energy           Density Change         DIIS Error 
 -----------------------------------------------------------------------------------
    1         -21.272021088356           0.041761231192                 -- 
    2         -25.401893026173           0.049807907040                 -- 
    3         -26.632110501629           0.003812452846                 -- 
    4         -29.409245257164           0.006341373828                 -- 
    5         -31.379666510492           0.006533134773                 -- 
    6         -30.192767189199           0.001343287166                 -- 
    7         -30.415536199914           0.000409806067                 -- 
    8         -30.376954894171           0.000204833191                 -- 
    9         -30.384341345547           0.000102449087                 -- 
   10         -30.371729144395           0.000085958830                 -- 
   11         -30.365105725800           0.000068553898                 -- 
   12         -30.357143253087           0.000060066112                 -- 
   13         -30.350619744156           0.000051387012                 -- 
   14         -30.344765377695           0.000044326051                 -- 
   15         -30.339790030585           0.000038009956                 -- 
   16         -30.335525570310           0.000032585432                 -- 
   17         -30.331904310889           0.000027888643                 -- 
   18         -30.328827650961           0.000023855505                 -- 
   19         -30.326217231764           0.000020393931                 -- 
   20         -30.324001589319           0.000017429299                 -- 
   21         -30.322120540136           0.000014892051                 -- 
   22         -30.320522668239           0.000012722136                 -- 
   23         -30.319164610956           0.000010867084                 -- 
   24         -30.318009737959           0.000009281688                 -- 
   25         -30.317027151519           0.000007927021                 -- 
   26         -30.316190763123           0.000006769685                 -- 
   27         -30.315478528882           0.000005781049                 -- 
   28         -30.314871801600           0.000004936600                 -- 
   29         -30.314354790883           0.000004215363                 -- 
   30         -30.313914111694           0.000003599399                 -- 
   31         -30.313538407353           0.000003073368                 -- 
   32         -30.313218034051           0.000002624159                 -- 
   33         -30.312944796433           0.000002240568                 -- 
   34         -30.312711725533           0.000001913020                 -- 
   35         -30.312512891908           0.000001633335                 -- 
   36         -30.312343248129           0.000001394524                 -- 
   37         -30.312198495774           0.000001190618                 -- 
   38         -30.312074972969           0.000001016518                 -- 
   39         -30.311969559153           0.000000867870                 -- 
   40         -30.311879594360           0.000000740954                 -- 
 
 ... end SCF calculation
 
 Begin SCF calculation by: E-BETA
 -------------------------
 
 -----------------------------------------------------------------------------------
 Iteration                   Energy           Density Change         DIIS Error 
 -----------------------------------------------------------------------------------
    1         -20.702580565905           0.002885610848                 -- 
    2         -22.500891174027           0.002114338144                 -- 
    3         -25.656758506143           0.005492015568                 -- 
    4         -29.106099871576           0.007428234080                 -- 
    5         -28.974776211888           0.002843619827                 -- 
    6         -27.601486367376           0.000782005669                 -- 
    7         -27.820518766640           0.000520452027                 -- 
    8         -27.772449179493           0.000200630949                 -- 
    9         -27.789067612236           0.000136445388                 -- 
   10         -27.791561550851           0.000079602271                 -- 
   11         -27.801901401063           0.000060372266                 -- 
   12         -27.810187226100           0.000045188416                 -- 
   13         -27.818453095430           0.000036675445                 -- 
   14         -27.825612656757           0.000029987647                 -- 
   15         -27.831918339016           0.000025000857                 -- 
   16         -27.837340654887           0.000020945447                 -- 
   17         -27.841998827829           0.000017644298                 -- 
   18         -27.845980391994           0.000014901797                 -- 
   19         -27.849380113732           0.000012613320                 -- 
   20         -27.852279761962           0.000010692036                 -- 
   21         -27.854752179219           0.000009074313                 -- 
   22         -27.856859983509           0.000007708578                 -- 
   23         -27.858657008572           0.000006553470                 -- 
   24         -27.860189209860           0.000005575012                 -- 
   25         -27.861495776710           0.000004745184                 -- 
   26         -27.862610081442           0.000004040696                 -- 
   27         -27.863560536799           0.000003442112                 -- 
   28         -27.864371331034           0.000002933151                 -- 
   29         -27.865063059629           0.000002500134                 -- 
   30         -27.865653262900           0.000002131541                 -- 
   31         -27.866156883157           0.000001817651                 -- 
   32         -27.866586652816           0.000001550248                 -- 
   33         -27.866953423883           0.000001322375                 -- 
   34         -27.867266447722           0.000001128137                 -- 
   35         -27.867533612704           0.000000962531                 -- 
   36         -27.867761646176           0.000000821309                 -- 
   37         -27.867956286216           0.000000700860                 -- 
   38         -27.868122427739           0.000000598115                 -- 
   39         -27.868264246870           0.000000510461                 -- 
   40         -27.868385306831           0.000000435673                 -- 
 
 ... end SCF calculation
 
  EIGENVALUES AND EIGENVECTORS: 
 ==============================
 
 
  Eigenvalues for: E-ALPHA
 -----------------
 
    1         -11.277103154357
    2         -10.972270537678
    3          -0.760315162832
    4          -0.369780957754
    5          -0.369453292086
    6          -0.336108339476
    7          -0.039455248509
    8           0.085367344851
    9           0.127360234447
   10           0.156062573655
   11           0.169724692024
   12           0.181545847456
   13           0.231542693266
   14           0.231612805780
   15           0.233664648999
   16           0.266140657233
   17           0.369260937049
   18           0.371678482290
   19           0.374147942535
   20           0.374432806615
   21           0.376151702590
   22           0.379965342798
   23           0.415204487138
   24           0.415229233128
   25           0.473747604085
   26           0.482645715789
   27           0.510401665698
   28           0.521097581539
   29           0.529226099156
   30           0.529467621273
   31           0.544947795700
   32           0.544947816875
   33           0.548034289978
   34           0.664720021767
   35           0.733099719644
   36           0.733114146739
   37           1.087691123015
   38           1.088646858594
   39           1.101793069543
   40           1.102759381692
   41           1.106970879265
   42           1.140470821714
   43           1.148577832003
   44           1.149663583743
   45           1.151002494820
   46           1.155987625042
   47           1.156102128930
   48           1.164114510831
   49           1.164120475070
   50           1.185068343345
   51           1.195533532889
   52           1.212004547076
   53           1.351761867553
   54           1.365579590889
   55           1.365586604845
   56           1.367799329703
   57           1.372867076466
   58           1.373897838792
   59           1.373906050877
   60           1.381340047876
   61           1.381340050245
   62           1.393602760987
   63           1.393602760987
   64           1.410297250647
   65           1.410297251236
   66           1.425808297085
   67           1.472801777645
   68           1.472815112444
   69           1.944647347700
   70           2.132284427860
   71           3.096002268412
   72           3.102810183569
   73           3.112878394989
   74           3.373711784514
   75           3.417967661959
   76           3.417973398668
   77           3.446201510864
   78           3.447507787975
   79           3.451880325840
   80           3.452261325457
   81           3.455005880996
   82           3.501766317277
   83           3.503974634170
   84           3.504436663603
   85           3.511462451563
   86           3.511482664546
   87           3.523726997251
   88           3.523780817930
   89           3.757068156326
   90           3.769198580317
   91           3.769204951447
   92           3.796044258419
   93           3.800034125729
   94           3.800039733335
   95           3.812289895288
   96           3.812289896095
   97           3.812808662604
   98           3.812808662848
   99           3.833768999267
  100           3.833768999267
  101           6.136033049843
  102           6.417506110017
  103           7.287408008837
  104           7.315939874695
  105           7.344827329713
  106           7.551284171145
  107           7.551389482707
  108           7.578917817295
  109           8.518973312873
  110           8.799189050078
 
 
  Eigenvalues for: E-BETA
 -----------------
 
    1         -11.232044589204
    2         -10.991316447719
    3          -0.514949616251
    4          -0.450123949010
    5          -0.076816115550
    6          -0.076804521881
    7           0.104586762245
    8           0.123112846928
    9           0.127883394671
   10           0.149198061581
   11           0.198323729133
   12           0.225136896952
   13           0.230244908595
   14           0.234649174525
   15           0.249764559348
   16           0.250468104374
   17           0.258284680202
   18           0.377367517258
   19           0.382691584913
   20           0.385292552336
   21           0.391616605759
   22           0.396252195556
   23           0.397259416938
   24           0.413377841928
   25           0.513588767407
   26           0.513588781512
   27           0.520197205552
   28           0.525359697773
   29           0.530912599025
   30           0.532391060215
   31           0.538918578173
   32           0.558209549969
   33           0.575484007813
   34           0.643488675620
   35           0.643547995305
   36           0.728402086108
   37           1.148478529192
   38           1.159804811095
   39           1.160048973357
   40           1.160996852517
   41           1.164504358191
   42           1.165688367956
   43           1.176584525995
   44           1.176660370819
   45           1.188205877984
   46           1.193936945505
   47           1.194253223272
   48           1.197161869807
   49           1.197726496505
   50           1.231849839389
   51           1.271906070599
   52           1.279131251357
   53           1.311248885993
   54           1.311248886538
   55           1.346544749326
   56           1.356420074028
   57           1.356420074029
   58           1.358713386565
   59           1.358734247694
   60           1.369239191343
   61           1.369239193789
   62           1.375717746019
   63           1.375727250424
   64           1.378863709724
   65           1.379816513053
   66           1.403894615024
   67           1.403921993483
   68           1.469854852433
   69           1.958011792889
   70           2.124293739583
   71           3.133376880076
   72           3.184982016193
   73           3.191631069694
   74           3.355327505104
   75           3.355343312004
   76           3.410955105720
   77           3.511575991169
   78           3.526880486254
   79           3.527292021142
   80           3.538419853382
   81           3.545136206608
   82           3.545663701426
   83           3.566390072683
   84           3.566404711571
   85           3.578394913263
   86           3.579504191656
   87           3.603361651992
   88           3.603400146048
   89           3.714386225523
   90           3.714386225592
   91           3.755842719538
   92           3.755844306445
   93           3.767793733612
   94           3.767793733612
   95           3.772033747425
   96           3.786633840185
   97           3.786633840385
   98           3.798487897747
   99           3.798491155287
  100           3.802664816139
  101           6.177605457285
  102           6.398933132259
  103           7.294636889980
  104           7.335425255465
  105           7.364102835238
  106           7.537582050796
  107           7.537762551006
  108           7.585438084094
  109           8.548572958126
  110           8.785959866789
 
  end of eigenvalues 
 
  Occupied Eigenvectors for: E-ALPHA
 --------------------------- 
 
                         -11.2771       -10.9723        -0.7603        -0.3698        -0.3695   
 
    1      C     S       0.974584       0.000013       0.004310       0.000000       0.000678
    2      C     S      -0.005260       0.000025      -0.582369       0.000000       0.005336
    3      C     S       0.048333       0.000036      -0.153823       0.000000       0.001880
    4      C     S      -0.014254      -0.000121      -0.345230      -0.000000       0.000073
    5      C     S      -0.002934      -0.000189      -0.026135      -0.000000      -0.005048
    6      C    Px      -0.000000      -0.000000       0.000000      -0.218969       0.000000
    7      C    Py      -0.000000       0.000000       0.000000      -0.291367       0.000000
    8      C    Pz      -0.000040      -0.000013      -0.001279       0.000000       0.365151
    9      C    Px       0.000000       0.000000       0.000000      -0.289910       0.000000
   10      C    Py       0.000000      -0.000000      -0.000000      -0.385764       0.000000
   11      C    Pz       0.000205       0.000035      -0.001649       0.000000       0.483302
   12      C    Px       0.000000       0.000000      -0.000000      -0.172533       0.000000
   13      C    Py       0.000000      -0.000000       0.000000      -0.229579       0.000000
   14      C    Pz       0.000129       0.000113       0.003205       0.000000       0.284699
   15      C    Px      -0.000000      -0.000000       0.000000      -0.013602       0.000000
   16      C    Py      -0.000000       0.000000      -0.000000      -0.018099       0.000000
   17      C    Pz      -0.000041      -0.000067       0.000405       0.000000       0.022009
   18      C   Dxx       0.000824       0.000007       0.001323       0.000000      -0.000062
   19      C   Dxy       0.001086      -0.000000      -0.011906      -0.000000       0.000027
   20      C   Dxz       0.000000       0.000000      -0.000000      -0.000089       0.000000
   21      C   Dyy       0.001369       0.000007      -0.004648       0.000000      -0.000049
   22      C   Dyz       0.000000       0.000000       0.000000      -0.000119       0.000000
   23      C   Dzz       0.002079       0.000002      -0.012421       0.000000       0.000197
   24      C   Dxx       0.006852       0.000045       0.005414       0.000000       0.000087
   25      C   Dxy       0.000148       0.000000      -0.022312      -0.000000      -0.000020
   26      C   Dxz       0.000000      -0.000000      -0.000000       0.000480      -0.000000
   27      C   Dyy       0.006926       0.000045      -0.005776       0.000000       0.000078
   28      C   Dyz      -0.000000       0.000000       0.000000       0.000639      -0.000000
   29      C   Dzz       0.007026       0.000061      -0.019903       0.000000      -0.001377
   30      C   Dxx       0.002433       0.000088       0.014718       0.000000       0.000719
   31      C   Dxy       0.000041      -0.000000      -0.006089      -0.000000      -0.000027
   32      C   Dxz       0.000000      -0.000000       0.000000       0.002785      -0.000000
   33      C   Dyy       0.002453       0.000088       0.011665       0.000000       0.000705
   34      C   Dyz      -0.000000       0.000000       0.000000       0.003705      -0.000000
   35      C   Dzz       0.002472       0.000061       0.008429       0.000000      -0.007986
   36      C  Fxxx      -0.000000      -0.000000       0.000000      -0.007521       0.000000
   37      C  Fxxy      -0.000000       0.000000       0.000000      -0.005199       0.000000
   38      C  Fxxz      -0.000044      -0.000011       0.000041       0.000000       0.005636
   39      C  Fxyy      -0.000000      -0.000000       0.000000      -0.004535       0.000000
   40      C  Fxyz      -0.000000       0.000000       0.000001       0.000000       0.000692
   41      C  Fxzz      -0.000000      -0.000000      -0.000000      -0.003875       0.000000
   42      C  Fyyy      -0.000000       0.000000       0.000000      -0.010631       0.000000
   43      C  Fyyz      -0.000045      -0.000011       0.000041       0.000000       0.005983
   44      C  Fyzz      -0.000000       0.000000       0.000000      -0.005156       0.000000
   45      C  Fzzz      -0.000100      -0.000023       0.000081       0.000000       0.014513
   46      C  Fxxx      -0.000000      -0.000000       0.000000      -0.014170       0.000000
   47      C  Fxxy      -0.000000       0.000000       0.000000      -0.009468       0.000000
   48      C  Fxxz      -0.000044      -0.000022       0.000015       0.000000       0.011083
   49      C  Fxyy      -0.000000      -0.000000       0.000000      -0.008015       0.000000
   50      C  Fxyz      -0.000001       0.000000       0.000148       0.000000       0.000994
   51      C  Fxzz      -0.000000      -0.000000       0.000000      -0.006677       0.000000
   52      C  Fyyy      -0.000000       0.000000       0.000000      -0.019747       0.000000
   53      C  Fyyz      -0.000045      -0.000022       0.000090       0.000000       0.011582
   54      C  Fyzz      -0.000000       0.000000      -0.000000      -0.008884       0.000000
   55      C  Fzzz      -0.000103      -0.000054       0.000598       0.000000       0.025970
   56      C     S      -0.000014      -0.976033      -0.000062       0.000000       0.000102
   57      C     S      -0.000026       0.007669      -0.000124       0.000000       0.000695
   58      C     S      -0.000044      -0.044209      -0.000211       0.000000       0.000424
   59      C     S       0.000153       0.015649       0.000599      -0.000000       0.000123
   60      C     S       0.000204       0.003072       0.001177      -0.000000      -0.003292
   61      C    Px      -0.000000      -0.000000      -0.000000       0.000016       0.000000
   62      C    Py       0.000000       0.000000      -0.000000       0.000021       0.000000
   63      C    Pz      -0.000016      -0.000008      -0.000041       0.000000      -0.000031
   64      C    Px       0.000000       0.000000       0.000000      -0.000017      -0.000000
   65      C    Py      -0.000000      -0.000000      -0.000000      -0.000023      -0.000000
   66      C    Pz       0.000046       0.000026       0.000066      -0.000000      -0.000078
   67      C    Px      -0.000000       0.000000      -0.000000      -0.000284      -0.000000
   68      C    Py      -0.000000      -0.000000       0.000000      -0.000377      -0.000000
   69      C    Pz       0.000128       0.000065       0.000731      -0.000000      -0.001532
   70      C    Px       0.000000       0.000000      -0.000000       0.000190       0.000000
   71      C    Py       0.000000       0.000000      -0.000000       0.000253       0.000000
   72      C    Pz      -0.000072      -0.000031      -0.000455       0.000000       0.001333
   73      C   Dxx      -0.000009      -0.001723      -0.000033      -0.000000       0.000043
   74      C   Dxy      -0.000000       0.000000      -0.000000      -0.000000       0.000000
   75      C   Dxz       0.000000       0.000000       0.000000      -0.000003       0.000000
   76      C   Dyy      -0.000009      -0.001723      -0.000033       0.000000       0.000043
   77      C   Dyz      -0.000000       0.000000       0.000000      -0.000004       0.000000
   78      C   Dzz      -0.000004      -0.003800      -0.000023      -0.000000       0.000035
   79      C   Dxx      -0.000055      -0.007604      -0.000258       0.000000       0.000311
   80      C   Dxy       0.000000      -0.000000       0.000000       0.000000      -0.000000
   81      C   Dxz       0.000000       0.000000      -0.000000       0.000016      -0.000000
   82      C   Dyy      -0.000055      -0.007604      -0.000258       0.000000       0.000311
   83      C   Dyz       0.000000      -0.000000       0.000000       0.000022      -0.000000
   84      C   Dzz      -0.000071      -0.007546      -0.000308       0.000000       0.000577
   85      C   Dxx      -0.000097      -0.002551      -0.000509       0.000000       0.001217
   86      C   Dxy      -0.000000       0.000000      -0.000000      -0.000000       0.000000
   87      C   Dxz      -0.000000      -0.000000       0.000000      -0.000038      -0.000000
   88      C   Dyy      -0.000097      -0.002551      -0.000509       0.000000       0.001217
   89      C   Dyz      -0.000000       0.000000      -0.000000      -0.000050      -0.000000
   90      C   Dzz      -0.000071      -0.002766      -0.000403       0.000000       0.000773
   91      C  Fxxx      -0.000000      -0.000000      -0.000000       0.000029       0.000000
   92      C  Fxxy       0.000000       0.000000       0.000000       0.000017       0.000000
   93      C  Fxxz      -0.000014      -0.000008      -0.000036       0.000000       0.000044
   94      C  Fxyy      -0.000000      -0.000000       0.000000       0.000013       0.000000
   95      C  Fxyz      -0.000000      -0.000000      -0.000000      -0.000000      -0.000000
   96      C  Fxzz      -0.000000      -0.000000      -0.000000       0.000012       0.000000
   97      C  Fyyy       0.000000       0.000000       0.000000       0.000038       0.000000
   98      C  Fyyz      -0.000014      -0.000008      -0.000036       0.000000       0.000044
   99      C  Fyzz       0.000000       0.000000      -0.000000       0.000015       0.000000
  100      C  Fzzz      -0.000029      -0.000016      -0.000078       0.000000       0.000076
  101      C  Fxxx       0.000000      -0.000000      -0.000000       0.000111       0.000000
  102      C  Fxxy       0.000000       0.000000      -0.000000       0.000066       0.000000
  103      C  Fxxz      -0.000026      -0.000014      -0.000129       0.000000       0.000202
  104      C  Fxyy       0.000000      -0.000000      -0.000000       0.000049       0.000000
  105      C  Fxyz       0.000000      -0.000000       0.000000       0.000000       0.000000
  106      C  Fxzz      -0.000000      -0.000000       0.000000       0.000053       0.000000
  107      C  Fyyy       0.000000       0.000000      -0.000000       0.000147       0.000000
  108      C  Fyyz      -0.000026      -0.000014      -0.000129       0.000000       0.000202
  109      C  Fyzz       0.000000       0.000000      -0.000000       0.000070       0.000000
  110      C  Fzzz      -0.000063      -0.000033      -0.000297       0.000000       0.000491
 
                          -0.3361        -0.0395   
 
    1      C     S      -0.000212       0.000761
    2      C     S      -0.000489       0.003033
    3      C     S      -0.000753       0.002853
    4      C     S       0.001518       0.002127
    5      C     S       0.005251      -0.031198
    6      C    Px      -0.000000      -0.000000
    7      C    Py      -0.000000       0.000000
    8      C    Pz      -0.000300       0.001318
    9      C    Px       0.000000       0.000000
   10      C    Py      -0.000000      -0.000000
   11      C    Pz      -0.000665       0.002008
   12      C    Px       0.000000       0.000000
   13      C    Py      -0.000000       0.000000
   14      C    Pz      -0.003090       0.007484
   15      C    Px      -0.000000      -0.000000
   16      C    Py       0.000000      -0.000000
   17      C    Pz       0.002102      -0.008974
   18      C   Dxx      -0.000113       0.000354
   19      C   Dxy      -0.000001       0.000024
   20      C   Dxz       0.000000      -0.000000
   21      C   Dyy      -0.000113       0.000366
   22      C   Dyz      -0.000000       0.000000
   23      C   Dzz      -0.000082       0.000301
   24      C   Dxx      -0.000888       0.002983
   25      C   Dxy      -0.000001       0.000009
   26      C   Dxz      -0.000000       0.000000
   27      C   Dyy      -0.000889       0.002987
   28      C   Dyz       0.000000       0.000000
   29      C   Dzz      -0.001041       0.003057
   30      C   Dxx      -0.002015       0.008533
   31      C   Dxy      -0.000003       0.000097
   32      C   Dxz       0.000000      -0.000000
   33      C   Dyy      -0.002016       0.008582
   34      C   Dyz       0.000000      -0.000000
   35      C   Dzz      -0.001563       0.007213
   36      C  Fxxx      -0.000000      -0.000000
   37      C  Fxxy       0.000000      -0.000000
   38      C  Fxxz       0.000102      -0.000153
   39      C  Fxyy      -0.000000      -0.000000
   40      C  Fxyz      -0.000001      -0.000003
   41      C  Fxzz      -0.000000      -0.000000
   42      C  Fyyy      -0.000000       0.000000
   43      C  Fyyz       0.000101      -0.000154
   44      C  Fyzz      -0.000000       0.000000
   45      C  Fzzz       0.000217      -0.000342
   46      C  Fxxx      -0.000000      -0.000000
   47      C  Fxxy       0.000000      -0.000000
   48      C  Fxxz       0.000444      -0.000832
   49      C  Fxyy      -0.000000      -0.000000
   50      C  Fxyz      -0.000002       0.000013
   51      C  Fxzz      -0.000000      -0.000000
   52      C  Fyyy       0.000000      -0.000000
   53      C  Fyyz       0.000443      -0.000826
   54      C  Fyzz       0.000000      -0.000000
   55      C  Fzzz       0.001022      -0.001929
   56      C     S      -0.013948      -0.000095
   57      C     S       0.507974      -0.000199
   58      C     S       0.127804      -0.000418
   59      C     S       0.385251       0.001323
   60      C     S       0.059381       0.001875
   61      C    Px      -0.000000      -0.000000
   62      C    Py      -0.000000      -0.000000
   63      C    Pz       0.000146       0.281739
   64      C    Px       0.000000      -0.000000
   65      C    Py      -0.000000      -0.000000
   66      C    Pz       0.000060       0.358441
   67      C    Px       0.000000      -0.000000
   68      C    Py       0.000000      -0.000000
   69      C    Pz      -0.000805       0.357752
   70      C    Px      -0.000000      -0.000000
   71      C    Py      -0.000000      -0.000000
   72      C    Pz       0.000579       0.259446
   73      C   Dxx      -0.006703      -0.000063
   74      C   Dxy      -0.000001       0.000001
   75      C   Dxz      -0.000000      -0.000000
   76      C   Dyy      -0.006704      -0.000062
   77      C   Dyz      -0.000000       0.000000
   78      C   Dzz       0.023468      -0.000066
   79      C   Dxx      -0.014506      -0.000545
   80      C   Dxy      -0.000001      -0.000002
   81      C   Dxz      -0.000000       0.000000
   82      C   Dyy      -0.014507      -0.000546
   83      C   Dyz      -0.000000       0.000000
   84      C   Dzz       0.058536      -0.000553
   85      C   Dxx      -0.003109      -0.000865
   86      C   Dxy      -0.000005       0.000011
   87      C   Dxz      -0.000000      -0.000000
   88      C   Dyy      -0.003112      -0.000860
   89      C   Dyz      -0.000000      -0.000000
   90      C   Dzz       0.044257      -0.000926
   91      C  Fxxx      -0.000000      -0.000000
   92      C  Fxxy       0.000000      -0.000000
   93      C  Fxxz       0.000042       0.001512
   94      C  Fxyy      -0.000000      -0.000000
   95      C  Fxyz      -0.000000       0.000000
   96      C  Fxzz      -0.000000      -0.000000
   97      C  Fyyy       0.000000      -0.000000
   98      C  Fyyz       0.000042       0.001512
   99      C  Fyzz       0.000000      -0.000000
  100      C  Fzzz       0.000100       0.022719
  101      C  Fxxx      -0.000000       0.000000
  102      C  Fxxy      -0.000000       0.000000
  103      C  Fxxz       0.000160      -0.002791
  104      C  Fxyy      -0.000000       0.000000
  105      C  Fxyz       0.000001      -0.000004
  106      C  Fxzz      -0.000000      -0.000000
  107      C  Fyyy      -0.000000       0.000000
  108      C  Fyyz       0.000161      -0.002793
  109      C  Fyzz      -0.000000      -0.000000
  110      C  Fzzz       0.000374       0.037446
 
 
  Occupied Eigenvectors for: E-BETA
 --------------------------- 
 
                         -11.2320       -10.9913        -0.5149        -0.4501        -0.0768   
 
    1      C     S      -0.976515      -0.000016      -0.008728       0.000041      -0.000000
    2      C     S       0.008932      -0.000029       0.533784       0.000057      -0.000000
    3      C     S      -0.042586      -0.000057       0.136301       0.000093       0.000000
    4      C     S       0.016188       0.000206       0.391475      -0.000140      -0.000000
    5      C     S       0.003082       0.000241       0.022749      -0.000984       0.000000
    6      C    Px       0.000000       0.000000      -0.000000      -0.000000      -0.000026
    7      C    Py       0.000000      -0.000000       0.000000       0.000000      -0.000035
    8      C    Pz      -0.000040       0.000020      -0.003803      -0.000023      -0.000000
    9      C    Px      -0.000000      -0.000000       0.000000       0.000000      -0.000037
   10      C    Py      -0.000000       0.000000      -0.000000      -0.000000      -0.000049
   11      C    Pz       0.000185      -0.000062      -0.005106      -0.000002       0.000000
   12      C    Px      -0.000000      -0.000000       0.000000       0.000000       0.000119
   13      C    Py      -0.000000       0.000000      -0.000000      -0.000000       0.000159
   14      C    Pz       0.000010      -0.000158      -0.007119       0.000553       0.000000
   15      C    Px       0.000000       0.000000      -0.000000      -0.000000      -0.000330
   16      C    Py       0.000000      -0.000000       0.000000      -0.000000      -0.000439
   17      C    Pz       0.000024       0.000084      -0.001098      -0.000429      -0.000000
   18      C   Dxx      -0.003156      -0.000011       0.008710       0.000014       0.000000
   19      C   Dxy       0.000614       0.000000      -0.010588       0.000001       0.000000
   20      C   Dxz      -0.000000      -0.000000      -0.000000       0.000000      -0.000005
   21      C   Dyy      -0.002848      -0.000011       0.003400       0.000015       0.000000
   22      C   Dyz      -0.000000      -0.000000       0.000000      -0.000000      -0.000006
   23      C   Dzz      -0.002443      -0.000007      -0.003538       0.000004       0.000000
   24      C   Dxx      -0.007698      -0.000074       0.022739       0.000105       0.000000
   25      C   Dxy      -0.000257      -0.000000      -0.021873       0.000001      -0.000000
   26      C   Dxz      -0.000000       0.000000      -0.000000       0.000000       0.000019
   27      C   Dyy      -0.007827      -0.000074       0.011769       0.000105       0.000000
   28      C   Dyz       0.000000      -0.000000       0.000000       0.000000       0.000026
   29      C   Dzz      -0.008000      -0.000090      -0.002695       0.000164       0.000000
   30      C   Dxx      -0.002690      -0.000117       0.007003       0.000380       0.000000
   31      C   Dxy       0.000095       0.000000      -0.003892      -0.000000      -0.000000
   32      C   Dxz      -0.000000       0.000000      -0.000000       0.000000      -0.000086
   33      C   Dyy      -0.002643      -0.000117       0.005051       0.000380       0.000000
   34      C   Dyz       0.000000      -0.000000      -0.000000       0.000000      -0.000115
   35      C   Dzz      -0.002573      -0.000089       0.001491       0.000240       0.000000
   36      C  Fxxx       0.000000       0.000000      -0.000000      -0.000000      -0.000009
   37      C  Fxxy       0.000000      -0.000000       0.000000       0.000000      -0.000004
   38      C  Fxxz      -0.000033       0.000018      -0.000102      -0.000018      -0.000000
   39      C  Fxyy       0.000000       0.000000      -0.000000      -0.000000      -0.000003
   40      C  Fxyz      -0.000000       0.000000       0.000090      -0.000000       0.000000
   41      C  Fxzz       0.000000       0.000000      -0.000000      -0.000000      -0.000002
   42      C  Fyyy       0.000000      -0.000000       0.000000       0.000000      -0.000011
   43      C  Fyyz      -0.000033       0.000018      -0.000056      -0.000018      -0.000000
   44      C  Fyzz       0.000000      -0.000000       0.000000       0.000000      -0.000002
   45      C  Fzzz      -0.000075       0.000038       0.000036      -0.000038      -0.000000
   46      C  Fxxx       0.000000       0.000000      -0.000000      -0.000000      -0.000043
   47      C  Fxxy       0.000000      -0.000000       0.000000       0.000000      -0.000022
   48      C  Fxxz      -0.000020       0.000034      -0.000018      -0.000086      -0.000000
   49      C  Fxyy       0.000000       0.000000      -0.000000      -0.000000      -0.000014
   50      C  Fxyz       0.000000      -0.000000       0.000191      -0.000000      -0.000000
   51      C  Fxzz       0.000000       0.000000      -0.000000      -0.000000      -0.000025
   52      C  Fyyy       0.000000      -0.000000       0.000000       0.000000      -0.000054
   53      C  Fyyz      -0.000020       0.000034       0.000078      -0.000086      -0.000000
   54      C  Fyzz       0.000000      -0.000000       0.000000       0.000000      -0.000033
   55      C  Fzzz      -0.000044       0.000079       0.000280      -0.000203      -0.000000
   56      C     S       0.000015       0.975239       0.000001      -0.012427       0.000000
   57      C     S       0.000027      -0.006103       0.000020       0.529568       0.000000
   58      C     S       0.000049       0.046587      -0.000007       0.134009      -0.000000
   59      C     S      -0.000175      -0.014837       0.000094       0.380587       0.000000
   60      C     S      -0.000217      -0.003033      -0.000071       0.046161      -0.000000
   61      C    Px       0.000000       0.000000       0.000000      -0.000000      -0.183850
   62      C    Py      -0.000000      -0.000000       0.000000      -0.000000      -0.244636
   63      C    Pz       0.000018       0.000011      -0.000001      -0.000027      -0.000000
   64      C    Px      -0.000000      -0.000000      -0.000000       0.000000      -0.238231
   65      C    Py       0.000000       0.000000      -0.000000       0.000000      -0.316998
   66      C    Pz      -0.000052      -0.000038       0.000011      -0.000008      -0.000000
   67      C    Px       0.000000      -0.000000      -0.000000       0.000000      -0.222824
   68      C    Py       0.000000       0.000000      -0.000000       0.000000      -0.296496
   69      C    Pz      -0.000140      -0.000080      -0.000033       0.000263      -0.000000
   70      C    Px      -0.000000      -0.000000       0.000000      -0.000000      -0.102094
   71      C    Py      -0.000000      -0.000000       0.000000      -0.000000      -0.135849
   72      C    Pz       0.000076       0.000038       0.000041      -0.000142      -0.000000
   73      C   Dxx       0.000010       0.002590      -0.000002       0.014040      -0.000000
   74      C   Dxy      -0.000000       0.000000      -0.000000       0.000001      -0.000000
   75      C   Dxz      -0.000000       0.000000       0.000000       0.000000       0.000002
   76      C   Dyy       0.000010       0.002590      -0.000002       0.014040      -0.000000
   77      C   Dyz       0.000000       0.000000      -0.000000       0.000000       0.000003
   78      C   Dzz       0.000005       0.000377      -0.000005      -0.015247      -0.000000
   79      C   Dxx       0.000063       0.007220      -0.000019       0.030686      -0.000000
   80      C   Dxy       0.000000       0.000000       0.000000       0.000001       0.000000
   81      C   Dxz      -0.000000      -0.000000      -0.000000       0.000000       0.000004
   82      C   Dyy       0.000063       0.007220      -0.000019       0.030686      -0.000000
   83      C   Dyz      -0.000000       0.000000      -0.000000       0.000000       0.000006
   84      C   Dzz       0.000079       0.007228      -0.000009      -0.036737      -0.000000
   85      C   Dxx       0.000104       0.002636       0.000021       0.015318      -0.000000
   86      C   Dxy      -0.000000      -0.000000      -0.000000      -0.000007       0.000000
   87      C   Dxz       0.000000       0.000000       0.000000       0.000000      -0.000042
   88      C   Dyy       0.000104       0.002636       0.000021       0.015314      -0.000000
   89      C   Dyz       0.000000       0.000000       0.000000       0.000000      -0.000056
   90      C   Dzz       0.000078       0.002424      -0.000008      -0.016783      -0.000000
   91      C  Fxxx       0.000000       0.000000       0.000000      -0.000000      -0.010322
   92      C  Fxxy      -0.000000      -0.000000       0.000000      -0.000000      -0.006143
   93      C  Fxxz       0.000015       0.000010      -0.000001      -0.000011      -0.000000
   94      C  Fxyy       0.000000       0.000000       0.000000      -0.000000      -0.004617
   95      C  Fxyz      -0.000000       0.000000      -0.000000      -0.000000      -0.000000
   96      C  Fxzz       0.000000       0.000000      -0.000000      -0.000000       0.000527
   97      C  Fyyy      -0.000000      -0.000000       0.000000      -0.000000      -0.013735
   98      C  Fyyz       0.000015       0.000010      -0.000001      -0.000011      -0.000000
   99      C  Fyzz      -0.000000      -0.000000       0.000000      -0.000000       0.000701
  100      C  Fzzz       0.000033       0.000023      -0.000003      -0.000023       0.000000
  101      C  Fxxx      -0.000000       0.000000       0.000000      -0.000000      -0.013631
  102      C  Fxxy      -0.000000      -0.000000       0.000000      -0.000000      -0.008108
  103      C  Fxxz       0.000029       0.000018       0.000002      -0.000041      -0.000000
  104      C  Fxyy      -0.000000       0.000000      -0.000000      -0.000000      -0.006091
  105      C  Fxyz       0.000000       0.000000       0.000000       0.000001      -0.000000
  106      C  Fxzz       0.000000       0.000000      -0.000000      -0.000000       0.005028
  107      C  Fyyy      -0.000000      -0.000000       0.000000      -0.000000      -0.018136
  108      C  Fyyz       0.000029       0.000018       0.000002      -0.000041      -0.000000
  109      C  Fyzz      -0.000000      -0.000000       0.000000      -0.000000       0.006691
  110      C  Fzzz       0.000069       0.000042       0.000007      -0.000094       0.000000
 
                          -0.0768   
 
    1      C     S       0.000000
    2      C     S      -0.000000
    3      C     S       0.000000
    4      C     S      -0.000000
    5      C     S      -0.000000
    6      C    Px      -0.000055
    7      C    Py       0.000041
    8      C    Pz      -0.000000
    9      C    Px      -0.000077
   10      C    Py       0.000058
   11      C    Pz       0.000000
   12      C    Px       0.000144
   13      C    Py      -0.000108
   14      C    Pz      -0.000000
   15      C    Px      -0.000492
   16      C    Py       0.000370
   17      C    Pz       0.000000
   18      C   Dxx       0.000000
   19      C   Dxy       0.000000
   20      C   Dxz      -0.000007
   21      C   Dyy       0.000000
   22      C   Dyz       0.000005
   23      C   Dzz       0.000000
   24      C   Dxx       0.000000
   25      C   Dxy      -0.000000
   26      C   Dxz       0.000027
   27      C   Dyy       0.000000
   28      C   Dyz      -0.000020
   29      C   Dzz       0.000000
   30      C   Dxx       0.000000
   31      C   Dxy      -0.000000
   32      C   Dxz      -0.000126
   33      C   Dyy       0.000000
   34      C   Dyz       0.000094
   35      C   Dzz       0.000000
   36      C  Fxxx      -0.000013
   37      C  Fxxy       0.000006
   38      C  Fxxz      -0.000000
   39      C  Fxyy      -0.000007
   40      C  Fxyz      -0.000000
   41      C  Fxzz      -0.000003
   42      C  Fyyy       0.000009
   43      C  Fyyz      -0.000000
   44      C  Fyzz       0.000002
   45      C  Fzzz      -0.000000
   46      C  Fxxx      -0.000060
   47      C  Fxxy       0.000026
   48      C  Fxxz       0.000000
   49      C  Fxyy      -0.000030
   50      C  Fxyz      -0.000000
   51      C  Fxzz      -0.000035
   52      C  Fyyy       0.000043
   53      C  Fyyz       0.000000
   54      C  Fyzz       0.000026
   55      C  Fzzz       0.000000
   56      C     S       0.000000
   57      C     S       0.000000
   58      C     S       0.000000
   59      C     S      -0.000000
   60      C     S      -0.000000
   61      C    Px      -0.244620
   62      C    Py       0.183837
   63      C    Pz       0.000000
   64      C    Px      -0.316975
   65      C    Py       0.238214
   66      C    Pz       0.000000
   67      C    Px      -0.296449
   68      C    Py       0.222788
   69      C    Pz       0.000000
   70      C    Px      -0.135946
   71      C    Py       0.102166
   72      C    Pz       0.000000
   73      C   Dxx       0.000000
   74      C   Dxy       0.000000
   75      C   Dxz       0.000004
   76      C   Dyy       0.000000
   77      C   Dyz      -0.000003
   78      C   Dzz       0.000000
   79      C   Dxx       0.000000
   80      C   Dxy       0.000000
   81      C   Dxz       0.000003
   82      C   Dyy       0.000000
   83      C   Dyz      -0.000003
   84      C   Dzz       0.000000
   85      C   Dxx       0.000000
   86      C   Dxy       0.000000
   87      C   Dxz      -0.000042
   88      C   Dyy       0.000000
   89      C   Dyz       0.000031
   90      C   Dzz       0.000000
   91      C  Fxxx      -0.013737
   92      C  Fxxy       0.004616
   93      C  Fxxz      -0.000000
   94      C  Fxyy      -0.006143
   95      C  Fxyz      -0.000000
   96      C  Fxzz       0.000699
   97      C  Fyyy       0.010324
   98      C  Fyyz       0.000000
   99      C  Fyzz      -0.000525
  100      C  Fzzz      -0.000000
  101      C  Fxxx      -0.018148
  102      C  Fxxy       0.006104
  103      C  Fxxz      -0.000000
  104      C  Fxyy      -0.008118
  105      C  Fxyz      -0.000000
  106      C  Fxzz       0.006686
  107      C  Fyyy       0.013636
  108      C  Fyyz       0.000000
  109      C  Fyzz      -0.005025
  110      C  Fzzz      -0.000000
 
 
  end of eigenvectors 
 
  END OF EIGENVALUES AND EIGENVECTORS
 
 
  COMPONENTS OF KINETIC ENERGY: 
 -----------------------------
 
             E-ALPHA Kinetic energy =           38.420030999970
              E-BETA Kinetic energy =           36.927558540116
                                     _________________________
               Total kinetic energy =           75.347589540085
 
  COMPONENTS OF POTENTIAL ENERGY: 
 -------------------------------
 
          Fixed potential energy    =            2.474075450992
 
  Quantum/Fixed interaction energy: 
 ----------------------------------
 
     E-ALPHA/Fixed interact. energy =          -94.580949795205
      E-BETA/Fixed interact. energy =          -88.984109962859
                                     _________________________
               Total Q/Fixed energy =         -183.565059758063
 
  Coulomb energy: 
 ------------------
 
     E-ALPHA/E-ALPHA Hartree energy =           11.580576893901
       E-BETA/E-BETA Hartree energy =            9.429018543977
      E-ALPHA/E-BETA Hartree energy =           19.661727357411
                                     _________________________
               Total Hartree energy =           40.671322795290
 
  Exchange(HF) energy: 
 ----------------------
 
            E-ALPHA Exchange energy =           -5.393213175625
             E-BETA Exchange energy =           -4.902651941675
                                     _________________________
              Total Exchange energy =          -10.295865117301
 
  TOTAL ENERGY COMPONENTS: 
 ==========================
 
          TOTAL KINETIC ENERGY      =           75.347589540085
          TOTAL POTENTIAL ENERGY    =         -150.715526629082
                                     _________________________
                       TOTAL ENERGY =          -75.367937088996
 
                 VIRIAL RATIO (V/T) =            2.000270049102
 
 
  END ENERGY COMPONENTS
 
 
** TOTAL CPU Time SCF :     13.316 (s)
** TOTAL Elapsed Time SCF :      2.775 (s)
 
 We are calculating properties for E-ALPHA in the HF/KS ground state
 We are calculating properties for E-BETA in the HF/KS ground state
 
  POPULATION ANALYSES: 
 ====================
 
 MULLIKEN Population: for E-        
 ---------------------
 
                          total          spin      
 
    1      C     S       1.950246      -0.002211
    2      C     S       1.063978       0.052389
    3      C     S       0.243274       0.018215
    4      C     S       0.663222      -0.051053
    5      C     S       0.030922       0.001638
    6      C    Px       0.097478       0.097478
    7      C    Py       0.172592       0.172592
    8      C    Pz       0.270895       0.270830
    9      C    Px       0.165560       0.165560
   10      C    Py       0.293138       0.293138
   11      C    Pz       0.459557       0.459431
   12      C    Px       0.078465       0.078465
   13      C    Py       0.138928       0.138929
   14      C    Pz       0.215219       0.215050
   15      C    Px       0.002976       0.002969
   16      C    Py       0.005266       0.005260
   17      C    Pz       0.008469       0.008459
   18      C   Dxx       0.005322      -0.006831
   19      C   Dxy       0.000534       0.000053
   20      C   Dxz      -0.000000      -0.000000
   21      C   Dyy       0.005800       0.000697
   22      C   Dyz      -0.000000      -0.000000
   23      C   Dzz       0.006672       0.010536
   24      C   Dxx       0.011839      -0.018042
   25      C   Dxy       0.001367       0.000067
   26      C   Dxz       0.000001       0.000001
   27      C   Dyy       0.011457      -0.003965
   28      C   Dyz       0.000002       0.000002
   29      C   Dzz       0.011245       0.014221
   30      C   Dxx      -0.001900      -0.006764
   31      C   Dxy       0.000193       0.000055
   32      C   Dxz       0.000009       0.000008
   33      C   Dyy      -0.001796      -0.005249
   34      C   Dyz       0.000015       0.000015
   35      C   Dzz      -0.002100      -0.003109
   36      C  Fxxx       0.003615       0.003615
   37      C  Fxxy       0.002482       0.002482
   38      C  Fxxz       0.003362       0.003361
   39      C  Fxyy       0.001631       0.001631
   40      C  Fxyz       0.000001       0.000001
   41      C  Fxzz       0.001390       0.001390
   42      C  Fyyy       0.006803       0.006803
   43      C  Fyyz       0.003572       0.003571
   44      C  Fyzz       0.002461       0.002461
   45      C  Fzzz       0.011628       0.011629
   46      C  Fxxx       0.005529       0.005529
   47      C  Fxxy       0.003673       0.003673
   48      C  Fxxz       0.005360       0.005359
   49      C  Fxyy       0.002344       0.002344
   50      C  Fxyz       0.000001       0.000001
   51      C  Fxzz       0.001945       0.001945
   52      C  Fyyy       0.010263       0.010263
   53      C  Fyyz       0.005606       0.005607
   54      C  Fyzz       0.003443       0.003443
   55      C  Fzzz       0.016873       0.016878
   56      C     S       1.950797       0.000885
   57      C     S       0.974297      -0.024735
   58      C     S       0.218351      -0.006966
   59      C     S       0.702870       0.007940
   60      C     S       0.070946       0.010206
   61      C    Px       0.200204      -0.200204
   62      C    Py       0.200211      -0.200211
   63      C    Pz       0.172235       0.172235
   64      C    Px       0.360056      -0.360056
   65      C    Py       0.360067      -0.360067
   66      C    Pz       0.313737       0.313737
   67      C    Px       0.314724      -0.314724
   68      C    Py       0.314735      -0.314735
   69      C    Pz       0.311946       0.311946
   70      C    Px       0.090704      -0.090704
   71      C    Py       0.090681      -0.090682
   72      C    Pz       0.158496       0.158497
   73      C   Dxx       0.005649      -0.013419
   74      C   Dxy       0.000000       0.000000
   75      C   Dxz      -0.000000      -0.000000
   76      C   Dyy       0.005649      -0.013419
   77      C   Dyz      -0.000000      -0.000000
   78      C   Dzz       0.006802       0.025271
   79      C   Dxx       0.011656      -0.029196
   80      C   Dxy      -0.000000      -0.000000
   81      C   Dxz      -0.000000       0.000000
   82      C   Dyy       0.011656      -0.029196
   83      C   Dyz      -0.000000       0.000000
   84      C   Dzz       0.019339       0.062449
   85      C   Dxx       0.004513      -0.006659
   86      C   Dxy       0.000000       0.000000
   87      C   Dxz       0.000000      -0.000000
   88      C   Dyy       0.004511      -0.006659
   89      C   Dyz      -0.000000      -0.000000
   90      C   Dzz       0.012935       0.023461
   91      C  Fxxx       0.013024      -0.013024
   92      C  Fxxy       0.004341      -0.004341
   93      C  Fxxz       0.000803       0.000803
   94      C  Fxyy       0.004342      -0.004342
   95      C  Fxyz      -0.000000      -0.000000
   96      C  Fxzz      -0.000483       0.000483
   97      C  Fyyy       0.013024      -0.013024
   98      C  Fyyz       0.000803       0.000803
   99      C  Fyzz      -0.000484       0.000484
  100      C  Fzzz       0.016589       0.016589
  101      C  Fxxx       0.016340      -0.016340
  102      C  Fxxy       0.005446      -0.005446
  103      C  Fxxz      -0.001487      -0.001487
  104      C  Fxyy       0.005446      -0.005446
  105      C  Fxyz       0.000000       0.000000
  106      C  Fxzz      -0.004359       0.004359
  107      C  Fyyy       0.016335      -0.016335
  108      C  Fyyz      -0.001488      -0.001488
  109      C  Fyzz      -0.004360       0.004360
  110      C  Fzzz       0.027577       0.027577
 
                           __________     __________
              Total =       13.000000       1.000000
 
  Atomic MULLIKEN Population: for E-        
            C                6.000825       2.000818
            C                6.999175      -1.000818
 
 ...end of MULLIKEN Population
 
 
 END POPULATION ANALYSES 
 
 
  POPULATION ANALYSES: 
 ====================
 
 LOWDIN Population: for E-        
 ---------------------
 
                          total          spin      
 
    1      C     S       1.610650      -0.000625
    2      C     S       0.591982       0.015141
    3      C     S       0.417257       0.013394
    4      C     S       0.308248      -0.012430
    5      C     S       0.092037      -0.009143
    6      C    Px       0.090719       0.090719
    7      C    Py       0.160625       0.160625
    8      C    Pz       0.252084       0.252023
    9      C    Px       0.076833       0.076833
   10      C    Py       0.136093       0.136093
   11      C    Pz       0.213439       0.213378
   12      C    Px       0.042163       0.042163
   13      C    Py       0.074688       0.074688
   14      C    Pz       0.116103       0.116027
   15      C    Px       0.007278       0.007268
   16      C    Py       0.012883       0.012874
   17      C    Pz       0.020576       0.020554
   18      C   Dxx       0.167457      -0.000474
   19      C   Dxy       0.000587       0.000050
   20      C   Dxz       0.000000       0.000000
   21      C   Dyy       0.167901       0.007568
   22      C   Dyz       0.000000       0.000000
   23      C   Dzz       0.168666       0.018035
   24      C   Dxx       0.141486      -0.017754
   25      C   Dxy       0.001230       0.000072
   26      C   Dxz       0.000002       0.000002
   27      C   Dyy       0.141330      -0.007002
   28      C   Dyz       0.000003       0.000003
   29      C   Dzz       0.141256       0.006968
   30      C   Dxx       0.016746      -0.006358
   31      C   Dxy       0.000278       0.000053
   32      C   Dxz       0.000008       0.000008
   33      C   Dyy       0.016613      -0.004673
   34      C   Dyz       0.000014       0.000014
   35      C   Dzz       0.016437      -0.002288
   36      C  Fxxx       0.048673       0.048673
   37      C  Fxxy       0.037849       0.037849
   38      C  Fxxz       0.058864       0.058846
   39      C  Fxyy       0.021584       0.021584
   40      C  Fxyz       0.000001       0.000001
   41      C  Fxzz       0.021339       0.021339
   42      C  Fyyy       0.086493       0.086493
   43      C  Fyyz       0.059053       0.059036
   44      C  Fyzz       0.037782       0.037782
   45      C  Fzzz       0.136157       0.136119
   46      C  Fxxx       0.028141       0.028141
   47      C  Fxxy       0.021329       0.021329
   48      C  Fxxz       0.032897       0.032878
   49      C  Fxyy       0.012234       0.012234
   50      C  Fxyz       0.000001       0.000001
   51      C  Fxzz       0.011969       0.011969
   52      C  Fyyy       0.050116       0.050116
   53      C  Fyyz       0.033068       0.033050
   54      C  Fyzz       0.021193       0.021193
   55      C  Fzzz       0.078539       0.078499
   56      C     S       1.609857       0.000236
   57      C     S       0.562739      -0.008371
   58      C     S       0.397475      -0.006091
   59      C     S       0.321025       0.003508
   60      C     S       0.117158       0.007418
   61      C    Px       0.184275      -0.184275
   62      C    Py       0.184282      -0.184282
   63      C    Pz       0.156828       0.156828
   64      C    Px       0.174181      -0.174181
   65      C    Py       0.174186      -0.174186
   66      C    Pz       0.155157       0.155157
   67      C    Px       0.168096      -0.168096
   68      C    Py       0.168094      -0.168094
   69      C    Pz       0.180402       0.180401
   70      C    Px       0.088409      -0.088409
   71      C    Py       0.088393      -0.088393
   72      C    Pz       0.141410       0.141409
   73      C   Dxx       0.154195      -0.018781
   74      C   Dxy       0.000000       0.000000
   75      C   Dxz       0.000000       0.000000
   76      C   Dyy       0.154195      -0.018782
   77      C   Dyz       0.000000       0.000000
   78      C   Dzz       0.155880       0.025261
   79      C   Dxx       0.145382      -0.023277
   80      C   Dxy       0.000000       0.000000
   81      C   Dxz       0.000000       0.000000
   82      C   Dyy       0.145381      -0.023277
   83      C   Dyz       0.000000       0.000000
   84      C   Dzz       0.153299       0.051427
   85      C   Dxx       0.025769      -0.004125
   86      C   Dxy       0.000000       0.000000
   87      C   Dxz       0.000000       0.000000
   88      C   Dyy       0.025768      -0.004124
   89      C   Dyz       0.000000       0.000000
   90      C   Dzz       0.031871       0.018971
   91      C  Fxxx       0.112581      -0.112581
   92      C  Fxxy       0.048805      -0.048805
   93      C  Fxxz       0.039442       0.039442
   94      C  Fxyy       0.048804      -0.048804
   95      C  Fxyz       0.000000       0.000000
   96      C  Fxzz       0.044031      -0.044031
   97      C  Fyyy       0.112584      -0.112584
   98      C  Fyyz       0.039441       0.039441
   99      C  Fyzz       0.044032      -0.044032
  100      C  Fzzz       0.102040       0.102040
  101      C  Fxxx       0.100135      -0.100135
  102      C  Fxxy       0.043028      -0.043028
  103      C  Fxxz       0.038855       0.038855
  104      C  Fxyy       0.043027      -0.043027
  105      C  Fxyz       0.000000       0.000000
  106      C  Fxzz       0.036456      -0.036456
  107      C  Fyyy       0.100134      -0.100134
  108      C  Fyyz       0.038854       0.038854
  109      C  Fyzz       0.036456      -0.036456
  110      C  Fzzz       0.106634       0.106634
 
                           __________     __________
              Total =       13.000000       1.000000
 
  Atomic LOWDIN Population: for E-        
            C                6.000953       2.000933
            C                6.999047      -1.000933
 
 ...end of LOWDIN Population
 
 
 END POPULATION ANALYSES 
 
 
  EXPECTED POSITIONS OF QUANTUM SPECIES:
 ======================
 
 POSITIONS IN ANGSTROMS
 ------
 
                        <x>      <y>      <z>         
            E-ALPHA   0.0000   0.0000  23.0777
             E-BETA   0.0000   0.0000  30.7858
 
 END EXPECTED POSITIONS
 
 
  ELECTROSTATIC MOMENTS:
 ======================
 
 
 DIPOLE: (A.U.)
 ------
 
                           <Dx>         <Dy>         <Dz>          |D|
            E-ALPHA  -0.00000000  -0.00000000 -43.61044219
             E-BETA  -0.00000000  -0.00000000 -58.17675072
    Point charges:    0.00000000   0.00000000  87.30534063
                     ____________________________
      Total Dipole:  -0.00000000  -0.00000000 -14.48185228  14.48185228
 
 DIPOLE: (DEBYE)
 ------
 
                           <Dx>         <Dy>         <Dz>          |D|
            E-ALPHA  -0.00000000  -0.00000000-110.84667308
             E-BETA  -0.00000000  -0.00000000-147.87053155
    Point charges:    0.00000000   0.00000000 221.90801251
                     ____________________________
      Total Dipole:  -0.00000000  -0.00000000 -36.80919212  36.80919212
 
 QUADRUPOLE NON-TRACELESS: (DEBYE ANGS)
 ------
 
                           <xx>         <yy>         <zz>         <xy>         <xz>         <yz>
            E-ALPHA   -7.62376285   -8.22980804 -867.97272583   -1.04651345    0.00000000    0.00000000
             E-BETA   -9.95830384   -9.90909238-1145.13091411    0.08497790   -0.00000000   -0.00000000
    Point charges:     0.00000000    0.00000000 1708.69150143    0.00000000    0.00000000    0.00000000
  Total Quadrupole:  -17.58206669  -18.13890042 -304.41213851   -0.96153555    0.00000000    0.00000000
                     ____________________________
 
 END ELECTROSTATIC MOMENTS
 
 
 BEGIN FOUR-INDEX INTEGRALS TRANFORMATION:
 ========================================
 Selected method: C         
 
 --------------------------------------------------
    4N^5 Algorithm Four-index integral tranformation
 --------------------------------------------------
 
 Integrals transformation for: E-ALPHA
 
              Transformation boundaries 
                 orbital lower upper
                       p     1     7
                       q     8   110
                       r     1     7
                       s     8   110
 
         Loading AO integrals time(s):  0.101E-01
      Integral transformation time(s):  0.164E+01
       Non-zero transformed integrals:       175054
 
 Inter-species integrals transformation for: E-ALPHA/E-BETA
 
              Transformation boundaries 
                 orbital lower upper
                       p     1     6
                       q     7   110
                       r     1     7
                       s     8   110
 
         Loading AO integrals time(s):  0.119E-01
      Integral transformation time(s):  0.666E+01
 Non zero transformed coupling integrals:       134262
 
 Integrals transformation for: E-BETA
 
              Transformation boundaries 
                 orbital lower upper
                       p     1     6
                       q     7   110
                       r     1     6
                       s     7   110
 
         Loading AO integrals time(s):  0.720E-02
      Integral transformation time(s):  0.155E+01
       Non-zero transformed integrals:       101162
 
** TOTAL Elapsed Time for integrals transformation :     10.121 (s)
 
 
  POST HARTREE-FOCK CALCULATION
  MANY-BODY PERTURBATION THEORY:
 ==============================
 
              MOLLER-PLESSET FORMALISM 
               ORDER OF CORRECTION =     2
 
                E(0) + E(1) =     -75.367937088996
                       E(2) =      -0.191086857412
                             ____________________
                     E(MP2) =     -75.559023946408
 
              -----------------------------------
               E(n){ Specie }     E(n) / Hartree 
              -----------------------------------
 
            E(2){ E-ALPHA } =      -0.019242713341
             E(2){ E-BETA } =      -0.016191978934
 
     E(2){ E-ALPHA/E-BETA } =      -0.155652165138
 
** TOTAL CPU Time HF-MBPT :      0.569 (s)
** TOTAL Elapsed Time HF-MBPT :      0.334 (s)
 

  TOTAL CPU Time:      0.173 (s)
 TOTAL Wall Time:     13.292 (s)
  Elapsed Time:   0h  0m 13s 292ms
LOWDIN execution terminated normally at : Thu Feb  6 14:37:42 2025
-rw-rw-r-- 1 pohl pohl  18M feb  6 14:37 0E-ALPHA.E-BETA.ints
-rw-rw-r-- 1 pohl pohl 9.7M feb  6 14:37 0E-ALPHA.ints
-rw-rw-r-- 1 pohl pohl  19M feb  6 14:37 1E-ALPHA.E-BETA.ints
-rw-rw-r-- 1 pohl pohl 9.7M feb  6 14:37 1E-ALPHA.ints
-rw-rw-r-- 1 pohl pohl  18M feb  6 14:37 2E-ALPHA.E-BETA.ints
-rw-rw-r-- 1 pohl pohl 9.7M feb  6 14:37 2E-ALPHA.ints
-rw-rw-r-- 1 pohl pohl  19M feb  6 14:37 3E-ALPHA.E-BETA.ints
-rw-rw-r-- 1 pohl pohl 9.7M feb  6 14:37 3E-ALPHA.ints
-rw-rw-r-- 1 pohl pohl   12 feb  6 14:37 E-ALPHA.E-BETA.nints
-rw-rw-r-- 1 pohl pohl 4.2M feb  6 14:37 E-ALPHAmoint.dat
-rw-rw-r-- 1 pohl pohl 3.5M feb  6 14:37 E-BETA.E-ALPHAmoint.dat
-rw-rw-r-- 1 pohl pohl 4.2M feb  6 14:37 E-BETAmoint.dat
-rw-rw-r-- 1 pohl pohl   64 feb  6 14:37 gepol.inp
-rw-rw-r-- 1 pohl pohl  182 feb  6 14:37 gepol.xyzr
-rw-rw-r-- 1 pohl pohl  13K feb  6 14:37 lowdin.bas
-rw-rw-r-- 1 pohl pohl  16K feb  6 14:37 lowdin.dat
-rw-rw-r-- 1 pohl pohl 2.3M feb  6 14:37 lowdin.opints
-rw-rw-r-- 1 pohl pohl  46K feb  6 14:37 lowdin.sys
-rw-rw-r-- 1 pohl pohl 2.1M feb  6 14:37 lowdin.wfn
-rw-rw-r-- 1 pohl pohl  258 feb  6 14:37 usual_36
-rw-rw-r-- 1 pohl pohl 1.1K feb  6 14:37 usual_36.aux
-rw-rw-r-- 1 pohl pohl  266 feb  6 14:37 usual_36.lowdin
-rw-rw-r-- 1 pohl pohl  77K feb  6 14:37 usual_36.out
-rw-rw-r-- 1 pohl pohl 192K feb  6 14:37 usual_36.vec
