Begin job by input: usual_12.lowdin, for user:   at  jue 06 feb 2025 14:31:23 -05
under operating system Linux helios 5.19.0-46-generic #47-Ubuntu SMP PREEMPT_DYNAMIC Fri Jun 16 13:30:11 UTC 2023 x86_64 x86_64 x86_64 GNU/Linux
Compilation information
  commit: f31d3924f6ee2ce9d77f07edcc1ba27359319d14
  compilation date:  mar 17 sep 2024 16:16:17 -05

BEGIN INPUT INFO:
------------------------------------

GEOMETRY
	e-(C)	AUG-CC-PVTZ 0.0 0.0 0.0 multiplicity=2 addParticles=1 
	e-(C)	AUG-CC-PVTZ 0.0 0.0 2.9 
	C	Dirac 0.0 0.0 0.0
	C	Dirac 0.0 0.0 2.9
END GEOMETRY

TASKS
        method = "UHF"
	mollerPlessetCorrection=2
END TASKS

CONTROL
	units="ANGS"
END CONTROL






... END INPUT INFO


 LOWDIN execution started at : Thu Feb  6 14:31:23 2025
 ---------------------------------------------------------------
 
 ***************************************************************
 *                   LOWDIN 2.0  (May/2013)                    *
 *                                                             *
 *  R. FLORES-MORENO, E. F. POSADA, F. S. MONCADA, J.ROMERO,   *
 *  J. CHARRY, M. DIAZ-TINOCO, S. A. GONZALEZ, N. F. AGUIRRE,  *
 *  A. REYES                                                   *
 *                                                             *
 *  https://sites.google.com/site/lowdinproject/               *
 *                                                             *
 ***************************************************************
 
 PARSING INPUT... DONE!
 
 LOWDIN IS RUNNING WITH NEXT PARAMETERS: 
 ----------------------------------------
 
         METHOD TYPE:  UHF
         NUMBER OF CORES:     4
         MOLLER PLESSET CORRECTION:      2
         NONELECTRONIC DENSITY GUESS: HCORE
         ELECTRONIC DENSITY GUESS: HCORE
         CRITERIUM OF CONVERGENCE: ENERGY
         NONELECTRONIC ENERGY TOLERANCE IN SCFs:     0.10000E-07
         ELECTRONIC ENERGY TOLERANCE IN SCFs:     0.10000E-07
         TOTAL ENERGY TOLERANCE IN SCFs:     0.10000E-07
         SCHEME OF ITERATION: GLOBAL ITERATIONS
         SCF MAX. SUBITERATIONS - NONELECTRONS :     1
         SCF MAX. SUBITERATIONS - ELECTRONS :     1
         SCF MAX. ITERATIONS - INTERSPECIES :   200
         INTEGRAL STORAGE: DISK
         STACK SIZE FOR ERIS : 30000
         METHOD OF SCF CONVERGENCE: DAMPING
 
  MOLECULAR SYSTEM: usual_12
 -----------------
 
    DESCRIPTION   : usual_12
    CHARGE        :   0
    PUNTUAL GROUP : NONE
 
 
  INFORMATION OF PARTICLES :
 =========================
         Total number of particles   =      15
         Number of quantum particles =      13
         Number of puntual charges   =       2
         Number of quantum species   =       2
 
                 INFORMATION OF QUANTUM SPECIES 
    ----------------------------------------------------------------------
         ID      Symbol            mass     charge      omega     spin     multiplicity
    ----------------------------------------------------------------------
         1        E-ALPHA         1.0000     -1.00      0.00      0.50      2.00
         2         E-BETA         1.0000     -1.00      0.00      0.50      2.00
 
                   CONSTANTS OF COUPLING 
      ------------------------------------------------------------
              Symbol      kappa        eta     lambda occupation
      ------------------------------------------------------------
             E-ALPHA      -1.00       1.00       1.00       7.00
              E-BETA      -1.00       1.00       1.00       6.00
 
                   BASIS SET FOR SPECIES 
      ------------------------------------------------------------
           Symbol          N. Basis     N. Particles     Basis Set
      ------------------------------------------------------------
            E-ALPHA           28                7     AUG-CC-PVT
             E-BETA           28                6     AUG-CC-PVT
 
                                ATOMIC BASIS
         ------------------------------------------------------------
          PRIMITIVE   SHELL             EXPONENT         COEFFICIENT 
         ------------------------------------------------------------
 
    BEGIN DESCRIPTION OF BASIS FOR: E-ALP
    ==============================
 
 
             C BASIS SET:    AUG-CC-PVTZ
             1         S             8236.00000000          0.00053100
             2         S             1235.00000000          0.00410800
             3         S              280.80000000          0.02108700
             4         S               79.27000000          0.08185300
             5         S               25.59000000          0.23481700
             6         S                8.99700000          0.43440100
             7         S                3.31900000          0.34612900
             8         S                0.36430000         -0.00898300
             1         S             8236.00000000         -0.00011300
             2         S             1235.00000000         -0.00087800
             3         S              280.80000000         -0.00454000
             4         S               79.27000000         -0.01813300
             5         S               25.59000000         -0.05576000
             6         S                8.99700000         -0.12689500
             7         S                3.31900000         -0.17035200
             8         S                0.36430000          0.59868400
             1         S                0.90590000          1.00000000
             1         S                0.12850000          1.00000000
             1         S                0.04402000          1.00000000
             1         P               18.71000000          0.01403100
             2         P                4.13300000          0.08686600
             3         P                1.20000000          0.29021600
             1         P                0.38270000          1.00000000
             1         P                0.12090000          1.00000000
             1         P                0.03569000          1.00000000
             1         D                1.09700000          1.00000000
             1         D                0.31800000          1.00000000
             1         D                0.10000000          1.00000000
             1         F                0.76100000          1.00000000
             1         F                0.26800000          1.00000000
 
             C BASIS SET:    AUG-CC-PVTZ
             1         S             8236.00000000          0.00053100
             2         S             1235.00000000          0.00410800
             3         S              280.80000000          0.02108700
             4         S               79.27000000          0.08185300
             5         S               25.59000000          0.23481700
             6         S                8.99700000          0.43440100
             7         S                3.31900000          0.34612900
             8         S                0.36430000         -0.00898300
             1         S             8236.00000000         -0.00011300
             2         S             1235.00000000         -0.00087800
             3         S              280.80000000         -0.00454000
             4         S               79.27000000         -0.01813300
             5         S               25.59000000         -0.05576000
             6         S                8.99700000         -0.12689500
             7         S                3.31900000         -0.17035200
             8         S                0.36430000          0.59868400
             1         S                0.90590000          1.00000000
             1         S                0.12850000          1.00000000
             1         S                0.04402000          1.00000000
             1         P               18.71000000          0.01403100
             2         P                4.13300000          0.08686600
             3         P                1.20000000          0.29021600
             1         P                0.38270000          1.00000000
             1         P                0.12090000          1.00000000
             1         P                0.03569000          1.00000000
             1         D                1.09700000          1.00000000
             1         D                0.31800000          1.00000000
             1         D                0.10000000          1.00000000
             1         F                0.76100000          1.00000000
             1         F                0.26800000          1.00000000
    ... END DESCRIPTION OF BASIS
 
 
  END INFORMATION OF PARTICLES
 
 
  INFORMATION OF THE QUANTUM SYSTEM 
     ---------------------------------------------------------------------
                 ID     Occupied Orbitals     Basis size
     ---------------------------------------------------------------------
            E-ALPHA            7              110
             E-BETA            6              110
 
  END INFORMATION OF QUANTUM SYSTEM
 
                       INITIAL GEOMETRY: AMSTRONG
                 -----------------------------------
                       <x>                 <y>                 <z>
  E-ALPHAC        0.0000000000        0.0000000000        0.0000000000
  E-ALPHAC        0.0000000000        0.0000000000        2.9000000000
         C        0.0000000000        0.0000000000        0.0000000000
         C        0.0000000000        0.0000000000        2.9000000000
 
                     MATRIX OF DISTANCE: ANGSTROM
                 -----------------------------------
                          C(1)           C(2)      
 
        C(1)             0.000000       2.900000
        C(2)             2.900000       0.000000
 
--------------------------------------------------------------------------------
** PROGRAM: SCF (Hartree Fock).     Author: S.A. Gonzalez, E. Posada, F. Moncada
--------------------------------------------------------------------------------
INFO: RUNNING IN UHF MODE.
 
----------------------------------------------------------------------
** PROGRAM INTS                          Author: E. F. Posada, 2013   
----------------------------------------------------------------------
INFO: RUNNING IN ONE_PARTICLE MODE.
 
 Number of Overlap integrals for species E-ALPHA:  12100
 Number of Overlap integrals for species E-BETA:  12100
 Number of Kinetic integrals for species E-ALPHA:  12100
 Number of Kinetic integrals for species E-BETA:  12100
 Number of Nuclear integrals for species E-ALPHA:  12100
 Number of Nuclear integrals for species E-BETA:  12100
 Number of Moment integrals for species E-ALPHA:  36300
 Number of Moment integrals for species E-BETA:  36300
 
** TOTAL CPU Time INTS :      0.436 (s)
** TOTAL Elapsed Time INTS :      0.192 (s)
 
 Combination coefficients for E-ALPHA were read from usual_12.vec
     number of    E-ALPHA     particles in guess density matrix:     7.137845
 Warning!, density matrix with deviation from number of particles    7.000000
 Combination coefficients for E-BETA were read from usual_12.vec
     number of     E-BETA     particles in guess density matrix:     6.182550
 Warning!, density matrix with deviation from number of particles    6.000000
 Number of unique integrals for species: 1 = 4396834
 Number of unique integrals for species: 1 / 2 = 8787933 Screened: 0
 
 TWO-BODY INTEGRAL SETUP: 
------------------------- 
 Storage:   DISK
 Scheme: LIBINT
 Stack size:  30000
 
 LIBINT library, Fermann, J. T.; Valeev, F. L. 2010                   
 LOWDIN-LIBINT Implementation V. 2.1  Posada E. F. ; Reyes A. 2016   
 ----------------------------------------------------------------------

*** TOTAL CPU time intra-species integrals :      1.235 (s)
*** TOTAL elapsed time intra-species integrals :      0.274 (s)


*** TOTAL CPU time inter-species integrals :      2.776 (s)
*** TOTAL elapsed time inter-species integrals :      0.665 (s)

INFO: RUNNING SCHEME SIMULTANEOUS
 
 Begin Multi-Species SCF calculation:
 
 --------------------------------------------------------------------------------------------------
      Iteration                   Energy            Energy Change           Density Change
 --------------------------------------------------------------------------------------------------
              1         -74.994383507068          74.994383507068           0.009994634815
              2         -75.171575542034           0.177192034966           0.004678318159
              3         -75.208180922530           0.036605380497           0.001173274492
              4         -75.211230445087           0.003049522556           0.000502868534
              5         -75.212098249827           0.000867804741           0.000278769691
              6         -75.212410683814           0.000312433986           0.000175881851
              7         -75.212541009358           0.000130325544           0.000118459723
              8         -75.212601304610           0.000060295252           0.000084664685
              9         -75.212631510882           0.000030206272           0.000064083591
             10         -75.212647184607           0.000015673724           0.000053735406
             11         -75.212654187412           0.000007002805           0.000060106967
             12         -75.212652238025          -0.000001949387           0.000019577966
             13         -75.212662070444           0.000009832419           0.000041472250
             14         -75.212663436004           0.000001365560           0.000016892623
             15         -75.212668524914           0.000005088910           0.000035094229
             16         -75.212678464398           0.000009939484           0.000065606032
             17         -75.212720964587           0.000042500188           0.000130649082
             18         -75.212925283913           0.000204319326           0.000300536486
             19         -75.213911761694           0.000986477781           0.000610234226
             20         -75.218486941793           0.004575180099           0.001291072720
             21         -75.236823432571           0.018336490778           0.001930397495
             22         -75.280404955757           0.043581523186           0.002101145945
             23         -75.323613559199           0.043208603442           0.001459742585
             24         -75.343090681581           0.019477122382           0.000963764178
             25         -75.350233245396           0.007142563815           0.000679812903
             26         -75.353169380955           0.002936135559           0.000493831157
             27         -75.354571419822           0.001402038867           0.000385097214
             28         -75.355336965011           0.000765545190           0.000310822955
             29         -75.355796009651           0.000459044640           0.000259119087
             30         -75.356088980942           0.000292971291           0.000219018605
             31         -75.356283050523           0.000194069580           0.000186393761
             32         -75.356414312541           0.000131262018           0.000158724902
             33         -75.356504043437           0.000089730896           0.000134949698
             34         -75.356565679953           0.000061636515           0.000114424537
             35         -75.356608088682           0.000042408729           0.000096747135
             36         -75.356637270478           0.000029181797           0.000081583685
             37         -75.356657339007           0.000020068529           0.000068637971
             38         -75.356671129640           0.000013790633           0.000057633783
             39         -75.356680599492           0.000009469852           0.000048315816
             40         -75.356687098777           0.000006499285           0.000040451048
             41         -75.356691557800           0.000004459023           0.000033830437
             42         -75.356694616605           0.000003058805           0.000028269163
             43         -75.356696714956           0.000002098351           0.000023605836
             44         -75.356698154689           0.000001439733           0.000019700916
             45         -75.356699142814           0.000000988125           0.000016434705
             46         -75.356699821244           0.000000678430           0.000013705163
             47         -75.356700287243           0.000000466000           0.000011425727
             48         -75.356700607480           0.000000320236           0.000009523250
             49         -75.356700827654           0.000000220174           0.000007936108
             50         -75.356700979107           0.000000151453           0.000006612508
             51         -75.356701083339           0.000000104232           0.000005509006
             52         -75.356701155106           0.000000071767           0.000004589212
             53         -75.356701204543           0.000000049437           0.000003822684
             54         -75.356701238612           0.000000034069           0.000003183976
             55         -75.356701262100           0.000000023488           0.000002651838
             56         -75.356701278299           0.000000016199           0.000002208532
             57         -75.356701289476           0.000000011176           0.000001839256
             58         -75.356701297189           0.000000007714           0.000001531670
 Total energy converged after  58 global iterations                                                  
 
 ...end Multi-Species SCF calculation
 
 
 Begin SCF calculation by: E-ALPHA
 -------------------------
 
 -----------------------------------------------------------------------------------
 Iteration                   Energy           Density Change         DIIS Error 
 -----------------------------------------------------------------------------------
    1         -31.887422941733           0.003234062101                 -- 
    2         -31.382199752665           0.000964287311                 -- 
    3         -31.373752181836           0.000324379339                 -- 
    4         -31.438128880032           0.000183874385                 -- 
    5         -31.460541716207           0.000093240421                 -- 
    6         -31.482496352018           0.000059798517                 -- 
    7         -31.495922051584           0.000039412885                 -- 
    8         -31.506108978246           0.000029525269                 -- 
    9         -31.513316560376           0.000023751435                 -- 
   10         -31.518671916209           0.000029958564                 -- 
   11         -31.521842081071           0.000010299795                 -- 
   12         -31.523021133102           0.000014848453                 -- 
   13         -31.525207510758           0.000006469614                 -- 
   14         -31.527019910234           0.000023613121                 -- 
   15         -31.528559779920           0.000024511701                 -- 
   16         -31.530407290313           0.000094936377                 -- 
   17         -31.531922629363           0.000126693533                 -- 
   18         -31.536978779619           0.000415063816                 -- 
   19         -31.546604773704           0.000585085057                 -- 
   20         -31.583541507792           0.001166302859                 -- 
   21         -31.597032989735           0.000915804618                 -- 
   22         -31.568047656100           0.000772306241                 -- 
   23         -31.567591353546           0.000445129237                 -- 
   24         -31.545490759529           0.000351169955                 -- 
   25         -31.532873976669           0.000255676541                 -- 
   26         -31.513778995664           0.000212147925                 -- 
   27         -31.497753654524           0.000175776860                 -- 
   28         -31.482651966573           0.000150333473                 -- 
   29         -31.469739200777           0.000128654480                 -- 
   30         -31.458644641404           0.000110543779                 -- 
   31         -31.449312581897           0.000094812129                 -- 
   32         -31.441491233279           0.000081190986                 -- 
   33         -31.434972118190           0.000069354424                 -- 
   34         -31.429547512925           0.000059104859                 -- 
   35         -31.425039070302           0.000050254024                 -- 
   36         -31.421292680180           0.000042639266                 -- 
   37         -31.418179038030           0.000036109832                 -- 
   38         -31.415590141990           0.000030528793                 -- 
   39         -31.413436421786           0.000025771825                 -- 
   40         -31.411643727061           0.000021727401                 -- 
   41         -31.410150745373           0.000018296334                 -- 
   42         -31.408906768622           0.000015391201                 -- 
   43         -31.407869832441           0.000012935519                 -- 
   44         -31.407005174076           0.000010862808                 -- 
   45         -31.406283965234           0.000009115605                 -- 
   46         -31.405682272657           0.000007644464                 -- 
   47         -31.405180206335           0.000006407012                 -- 
   48         -31.404761220894           0.000005367056                 -- 
   49         -31.404411541814           0.000004493766                 -- 
   50         -31.404119693310           0.000003760953                 -- 
   51         -31.403876109077           0.000003146410                 -- 
   52         -31.403672810745           0.000002631343                 -- 
   53         -31.403503141748           0.000002199872                 -- 
   54         -31.403361546701           0.000001838599                 -- 
   55         -31.403243388222           0.000001536232                 -- 
   56         -31.403144794635           0.000001283263                 -- 
   57         -31.403062533226           0.000001071698                 -- 
 
 ... end SCF calculation
 
 Begin SCF calculation by: E-BETA
 -------------------------
 
 -----------------------------------------------------------------------------------
 Iteration                   Energy           Density Change         DIIS Error 
 -----------------------------------------------------------------------------------
    1         -28.869376429839           0.001444256058                 -- 
    2         -28.419206730350           0.000208987181                 -- 
    3         -28.310420611380           0.000178489195                 -- 
    4         -28.298602079215           0.000094895305                 -- 
    5         -28.273199480989           0.000082641430                 -- 
    6         -28.261024800478           0.000058661206                 -- 
    7         -28.250777975105           0.000045251800                 -- 
    8         -28.243902414736           0.000034558322                 -- 
    9         -28.238748416762           0.000029983971                 -- 
   10         -28.234994361704           0.000030148403                 -- 
   11         -28.233044760375           0.000009278171                 -- 
   12         -28.231571617201           0.000026623796                 -- 
   13         -28.230151687756           0.000010423009                 -- 
   14         -28.229660478675           0.000011481108                 -- 
   15         -28.227927406059           0.000041094332                 -- 
   16         -28.226978476397           0.000035712705                 -- 
   17         -28.226959590275           0.000173842952                 -- 
   18         -28.227211176626           0.000195170410                 -- 
   19         -28.240994911814           0.000705987663                 -- 
   20         -28.252323438273           0.000764094636                 -- 
   21         -28.284361809495           0.001185341327                 -- 
   22         -28.238443321482           0.000687436344                 -- 
   23         -28.246977013955           0.000518634940                 -- 
   24         -28.247538083512           0.000328642948                 -- 
   25         -28.265809251426           0.000238154617                 -- 
   26         -28.280056608385           0.000172949288                 -- 
   27         -28.295803721570           0.000135046095                 -- 
   28         -28.309485769362           0.000108785614                 -- 
   29         -28.321777909857           0.000090364124                 -- 
   30         -28.332353314358           0.000075849982                 -- 
   31         -28.341433599388           0.000063912773                 -- 
   32         -28.349147211830           0.000053758713                 -- 
   33         -28.355678217112           0.000045070113                 -- 
   34         -28.361187744804           0.000037642276                 -- 
   35         -28.365826412741           0.000031329661                 -- 
   36         -28.369725563301           0.000025998705                 -- 
   37         -28.372999518556           0.000021523951                 -- 
   38         -28.375746192776           0.000017787022                 -- 
   39         -28.378049039216           0.000014679223                 -- 
   40         -28.379978795440           0.000012103037                 -- 
   41         -28.381595242981           0.000009972829                 -- 
   42         -28.382948781845           0.000008214634                 -- 
   43         -28.384081834182           0.000006765397                 -- 
   44         -28.385030063301           0.000005571896                 -- 
   45         -28.385823423765           0.000004589558                 -- 
   46         -28.386487057976           0.000003781263                 -- 
   47         -28.387042058027           0.000003116238                 -- 
   48         -28.387506110585           0.000002569052                 -- 
   49         -28.387894041396           0.000002118742                 -- 
   50         -28.388218274180           0.000001748053                 -- 
   51         -28.388489216891           0.000001442802                 -- 
   52         -28.388715586510           0.000001191341                 -- 
   53         -28.388904681981           0.000000984104                 -- 
   54         -28.389062613447           0.000000813239                 -- 
   55         -28.389194494686           0.000000672300                 -- 
   56         -28.389304604621           0.000000555993                 -- 
   57         -28.389396522819           0.000000459972                 -- 
 
 ... end SCF calculation
 
  EIGENVALUES AND EIGENVECTORS: 
 ==============================
 
 
  Eigenvalues for: E-ALPHA
 -----------------
 
    1         -11.173464690905
    2         -10.976133447700
    3          -0.660894113166
    4          -0.361624174070
    5          -0.268370252489
    6          -0.263679039045
    7          -0.053917577692
    8           0.166131412114
    9           0.170959025033
   10           0.211424741519
   11           0.218693207349
   12           0.239532285259
   13           0.240995985020
   14           0.251339772696
   15           0.260538499873
   16           0.300944452514
   17           0.406713309490
   18           0.406784145179
   19           0.446690873107
   20           0.448401423404
   21           0.452112191225
   22           0.491637648882
   23           0.493394613246
   24           0.498757181160
   25           0.552489489694
   26           0.558630739965
   27           0.558635062271
   28           0.575543271683
   29           0.584369918658
   30           0.618593817624
   31           0.645436400258
   32           0.648223742281
   33           0.687316320758
   34           0.741765966398
   35           0.743466807463
   36           0.849466122218
   37           1.119758243261
   38           1.158980785461
   39           1.165494434663
   40           1.199205842446
   41           1.199485859208
   42           1.221135321526
   43           1.221285561543
   44           1.233571123910
   45           1.239324206311
   46           1.239636859676
   47           1.256623520723
   48           1.261198896819
   49           1.274023551854
   50           1.319562759002
   51           1.331102135014
   52           1.363646834081
   53           1.390930362275
   54           1.390933347813
   55           1.405077230557
   56           1.405086982522
   57           1.418042120080
   58           1.420173240733
   59           1.452950687557
   60           1.465070338718
   61           1.465116839938
   62           1.481797835414
   63           1.483610939326
   64           1.569241703297
   65           1.681497503928
   66           1.691010180547
   67           1.695707044472
   68           1.928561565109
   69           2.063813385014
   70           2.459063498314
   71           3.202627262972
   72           3.218934753309
   73           3.290209653365
   74           3.418111031042
   75           3.419517521649
   76           3.428142517228
   77           3.554159450254
   78           3.554361142888
   79           3.565352157608
   80           3.569885165165
   81           3.603360149611
   82           3.603374155861
   83           3.619791132707
   84           3.620181773238
   85           3.624500312467
   86           3.687909756369
   87           3.699171972803
   88           3.799994276392
   89           3.805426831265
   90           3.805444050179
   91           3.811163301176
   92           3.814286755605
   93           3.825638723277
   94           3.825638771385
   95           3.835057913031
   96           3.835247682936
   97           3.923477575064
   98           3.926437880624
   99           4.005924451796
  100           4.141017496341
  101           6.289119432601
  102           6.694866149045
  103           7.406726956493
  104           7.431198979078
  105           7.622849373632
  106           7.628189724952
  107           7.738784241851
  108           8.349359534571
  109           8.654858430766
  110           8.838083433648
 
 
  Eigenvalues for: E-BETA
 -----------------
 
    1         -11.126990032333
    2         -10.987392244874
    3          -0.448444538647
    4          -0.408555186966
    5          -0.071253872729
    6          -0.066147122065
    7           0.167052345158
    8           0.179720835722
    9           0.194810663678
   10           0.214199347941
   11           0.239476551903
   12           0.256427456535
   13           0.257539348094
   14           0.273867161293
   15           0.293336759428
   16           0.317451826740
   17           0.319447748030
   18           0.411059516293
   19           0.449871665593
   20           0.450815926617
   21           0.482788370104
   22           0.496556432768
   23           0.507121459522
   24           0.530918185447
   25           0.531043483208
   26           0.554662194782
   27           0.589528881845
   28           0.596033727390
   29           0.615081682703
   30           0.628516428359
   31           0.635625957121
   32           0.636717667905
   33           0.685386351330
   34           0.695765940135
   35           0.748628044941
   36           0.879997306045
   37           1.186431786820
   38           1.193462867405
   39           1.209995255345
   40           1.231165026744
   41           1.231340300519
   42           1.252736119856
   43           1.252741899579
   44           1.253267247338
   45           1.255371585603
   46           1.287536659593
   47           1.309052958541
   48           1.311768137089
   49           1.313789711413
   50           1.315577593453
   51           1.342971144410
   52           1.350859801285
   53           1.354310315803
   54           1.355348685062
   55           1.383573385060
   56           1.408832578685
   57           1.413605119906
   58           1.426403381559
   59           1.432883573131
   60           1.436152223792
   61           1.459669335874
   62           1.460077322827
   63           1.464130367596
   64           1.618117438856
   65           1.693692616983
   66           1.699674888756
   67           1.711171381943
   68           1.966322367097
   69           2.066812508328
   70           2.469986741640
   71           3.238709985609
   72           3.287997979829
   73           3.366458828136
   74           3.367938164333
   75           3.375500445172
   76           3.484392091318
   77           3.623701540521
   78           3.628729713194
   79           3.636819670993
   80           3.644893857105
   81           3.645752015010
   82           3.666082065828
   83           3.668564896721
   84           3.679215413526
   85           3.707406595533
   86           3.718540001733
   87           3.718971794492
   88           3.728762988441
   89           3.762392761598
   90           3.765059332431
   91           3.765329167488
   92           3.818360759145
   93           3.818456256184
   94           3.820694755201
   95           3.827891580883
   96           3.852256801594
   97           3.935978106734
   98           3.945215022552
   99           4.032594470901
  100           4.192768988330
  101           6.314464339721
  102           6.696571821422
  103           7.411344366404
  104           7.444953321124
  105           7.613546147064
  106           7.621801808128
  107           7.754865831858
  108           8.363689442085
  109           8.682733784044
  110           8.830873638788
 
  end of eigenvalues 
 
  Occupied Eigenvectors for: E-ALPHA
 --------------------------- 
 
                         -11.1735       -10.9761        -0.6609        -0.3616        -0.2684   
 
    1      C     S      -0.974792      -0.000215       0.004653       0.000188       0.000000
    2      C     S       0.004917      -0.000485      -0.580143       0.043970       0.000000
    3      C     S      -0.048694      -0.000464      -0.152832       0.011273       0.000000
    4      C     S       0.015853       0.001567      -0.345160       0.051592       0.000000
    5      C     S       0.005734       0.003169      -0.039979      -0.010080      -0.000000
    6      C    Px       0.000000      -0.000000      -0.000000      -0.000000       0.170316
    7      C    Py      -0.000000      -0.000000      -0.000000      -0.000000      -0.316696
    8      C    Pz       0.000571       0.000127      -0.011476      -0.090996       0.000000
    9      C    Px       0.000000       0.000000      -0.000000      -0.000000       0.225712
   10      C    Py       0.000000      -0.000000      -0.000000      -0.000000      -0.419703
   11      C    Pz      -0.002180      -0.000549      -0.012478      -0.118411       0.000000
   12      C    Px      -0.000000       0.000000      -0.000000      -0.000000       0.141915
   13      C    Py       0.000000       0.000000      -0.000000      -0.000000      -0.263886
   14      C    Pz      -0.001088      -0.000419       0.004289      -0.059410       0.000000
   15      C    Px       0.000000       0.000000       0.000000       0.000000       0.017017
   16      C    Py      -0.000000      -0.000000       0.000000       0.000000      -0.031643
   17      C    Pz       0.000807       0.000712      -0.001961      -0.009695      -0.000000
   18      C   Dxx      -0.000618      -0.000030       0.004335       0.000225       0.000000
   19      C   Dxy       0.000924       0.000000       0.010202      -0.000746      -0.000000
   20      C   Dxz      -0.000000      -0.000000      -0.000000       0.000000       0.000562
   21      C   Dyy      -0.001675      -0.000030      -0.007342       0.001078      -0.000000
   22      C   Dyz      -0.000000       0.000000      -0.000000       0.000000      -0.001045
   23      C   Dzz      -0.002225      -0.000080      -0.012487      -0.000199       0.000000
   24      C   Dxx      -0.007452      -0.000703       0.010784       0.000603       0.000000
   25      C   Dxy       0.000130       0.000000       0.019409      -0.001483      -0.000000
   26      C   Dxz       0.000000      -0.000000      -0.000000       0.000000      -0.002319
   27      C   Dyy      -0.007601      -0.000703      -0.011432       0.002301      -0.000000
   28      C   Dyz      -0.000000       0.000000      -0.000000       0.000000       0.004311
   29      C   Dzz      -0.007550      -0.000488      -0.014989      -0.000250      -0.000000
   30      C   Dxx      -0.003269      -0.000996       0.017091       0.002207       0.000000
   31      C   Dxy       0.000038      -0.000000       0.005936      -0.000794      -0.000000
   32      C   Dxz      -0.000000       0.000000      -0.000000       0.000000      -0.007833
   33      C   Dyy      -0.003312      -0.000995       0.010297       0.003116       0.000000
   34      C   Dyz      -0.000000       0.000000      -0.000000       0.000000       0.014566
   35      C   Dzz      -0.003184      -0.000669       0.008337       0.007679      -0.000000
   36      C  Fxxx      -0.000000      -0.000000      -0.000000      -0.000000       0.005511
   37      C  Fxxy      -0.000000       0.000000      -0.000000       0.000000      -0.005092
   38      C  Fxxz       0.000452       0.000142       0.000085      -0.001378       0.000000
   39      C  Fxyy      -0.000000      -0.000000      -0.000000      -0.000000       0.003748
   40      C  Fxyz      -0.000001      -0.000000      -0.000001       0.000223      -0.000000
   41      C  Fxzz      -0.000000      -0.000000      -0.000000      -0.000000       0.002876
   42      C  Fyyy      -0.000000       0.000000      -0.000000       0.000000      -0.011646
   43      C  Fyyz       0.000454       0.000142       0.000086      -0.001633       0.000000
   44      C  Fyzz      -0.000000      -0.000000      -0.000000       0.000000      -0.005348
   45      C  Fzzz       0.000990       0.000213       0.000999      -0.004380       0.000000
   46      C  Fxxx       0.000000      -0.000000      -0.000000      -0.000000       0.009849
   47      C  Fxxy      -0.000000      -0.000000      -0.000000       0.000000      -0.009001
   48      C  Fxxz       0.000400       0.000049       0.001600      -0.002491       0.000000
   49      C  Fxyy       0.000000      -0.000000      -0.000000      -0.000000       0.006449
   50      C  Fxyz      -0.000003       0.000000      -0.000485       0.000206      -0.000000
   51      C  Fxzz       0.000000      -0.000000       0.000000       0.000000       0.003354
   52      C  Fyyy      -0.000000      -0.000000      -0.000000      -0.000000      -0.020542
   53      C  Fyyz       0.000404       0.000049       0.002155      -0.002726       0.000000
   54      C  Fyzz      -0.000000       0.000000       0.000000       0.000000      -0.006237
   55      C  Fzzz       0.001143       0.000595       0.006250      -0.009105       0.000000
   56      C     S       0.000188       0.976182       0.000189       0.011737      -0.000000
   57      C     S       0.000318      -0.006994      -0.020473      -0.494116      -0.000000
   58      C     S       0.000437       0.044962      -0.006231      -0.127341      -0.000000
   59      C     S      -0.001329      -0.017545      -0.004461      -0.359037      -0.000000
   60      C     S      -0.003048      -0.005911       0.013327      -0.021111       0.000000
   61      C    Px      -0.000000       0.000000       0.000000       0.000000       0.000948
   62      C    Py       0.000000       0.000000       0.000000       0.000000      -0.001762
   63      C    Pz       0.000092       0.000811       0.006789       0.020508      -0.000000
   64      C    Px       0.000000      -0.000000      -0.000000       0.000000       0.001505
   65      C    Py      -0.000000      -0.000000       0.000000       0.000000      -0.002799
   66      C    Pz      -0.000397      -0.002445       0.010297       0.028586      -0.000000
   67      C    Px       0.000000       0.000000       0.000000      -0.000000      -0.000439
   68      C    Py      -0.000000      -0.000000       0.000000       0.000000       0.000817
   69      C    Pz      -0.000407      -0.001169      -0.003485       0.010543      -0.000000
   70      C    Px      -0.000000      -0.000000       0.000000       0.000000      -0.001773
   71      C    Py       0.000000       0.000000      -0.000000      -0.000000       0.003298
   72      C    Pz       0.000677       0.000797      -0.003994      -0.007730      -0.000000
   73      C   Dxx       0.000055       0.001644       0.000344       0.006443       0.000000
   74      C   Dxy      -0.000000       0.000015      -0.000013      -0.000216       0.000000
   75      C   Dxz      -0.000000       0.000000      -0.000000      -0.000000      -0.000186
   76      C   Dyy       0.000055       0.001627       0.000358       0.006690       0.000000
   77      C   Dyz       0.000000       0.000000      -0.000000      -0.000000       0.000345
   78      C   Dzz       0.000079       0.003979      -0.001537      -0.024096      -0.000000
   79      C   Dxx       0.000632       0.008270      -0.000748       0.011864      -0.000000
   80      C   Dxy       0.000001      -0.000006       0.000042      -0.000456       0.000000
   81      C   Dxz       0.000000      -0.000000      -0.000000      -0.000000      -0.000574
   82      C   Dyy       0.000631       0.008277      -0.000796       0.012386      -0.000000
   83      C   Dyz      -0.000000      -0.000000      -0.000000      -0.000000       0.001067
   84      C   Dzz       0.000487       0.008074      -0.005616      -0.061378      -0.000000
   85      C   Dxx       0.000898       0.003438      -0.002972      -0.003024      -0.000000
   86      C   Dxy      -0.000004       0.000002      -0.000230      -0.000216       0.000000
   87      C   Dxz      -0.000000       0.000000      -0.000000      -0.000000       0.000929
   88      C   Dyy       0.000902       0.003435      -0.002709      -0.002777      -0.000000
   89      C   Dyz       0.000000       0.000000      -0.000000      -0.000000      -0.001728
   90      C   Dzz       0.000693       0.003490       0.000746      -0.038952      -0.000000
   91      C  Fxxx      -0.000000       0.000000       0.000000       0.000000      -0.000080
   92      C  Fxxy       0.000000       0.000000       0.000000      -0.000000       0.000069
   93      C  Fxxz       0.000104       0.000496      -0.000279      -0.000426      -0.000000
   94      C  Fxyy      -0.000000       0.000000       0.000000       0.000000      -0.000042
   95      C  Fxyz      -0.000000       0.000000      -0.000020      -0.000017       0.000000
   96      C  Fxzz      -0.000000       0.000000       0.000000       0.000000       0.000225
   97      C  Fyyy       0.000000       0.000000       0.000000      -0.000000       0.000156
   98      C  Fyyz       0.000104       0.000496      -0.000256      -0.000406      -0.000000
   99      C  Fyzz       0.000000       0.000000       0.000000       0.000000      -0.000419
  100      C  Fzzz       0.000181       0.001037       0.000897       0.001219      -0.000000
  101      C  Fxxx      -0.000000       0.000000       0.000000       0.000000       0.000327
  102      C  Fxxy       0.000000       0.000000      -0.000000      -0.000000      -0.000277
  103      C  Fxxz       0.000062       0.000446       0.000782       0.000662       0.000000
  104      C  Fxyy      -0.000000       0.000000      -0.000000       0.000000       0.000159
  105      C  Fxyz       0.000001      -0.000000       0.000069       0.000167      -0.000000
  106      C  Fxzz      -0.000000      -0.000000       0.000000       0.000000      -0.000017
  107      C  Fyyy       0.000000       0.000000      -0.000000      -0.000000      -0.000621
  108      C  Fyyz       0.000061       0.000446       0.000703       0.000470       0.000000
  109      C  Fyzz       0.000000       0.000000       0.000000       0.000000       0.000032
  110      C  Fzzz       0.000422       0.001341       0.002062       0.001163      -0.000000
 
                          -0.2637        -0.0539   
 
    1      C     S      -0.004201       0.002955
    2      C     S      -0.032572       0.070854
    3      C     S      -0.011711       0.018375
    4      C     S      -0.002195       0.054234
    5      C     S       0.013554       0.175821
    6      C    Px      -0.000000       0.000000
    7      C    Py      -0.000000       0.000000
    8      C    Pz      -0.347374       0.089622
    9      C    Px      -0.000000       0.000000
   10      C    Py      -0.000000       0.000000
   11      C    Pz      -0.456963       0.122853
   12      C    Px      -0.000000       0.000000
   13      C    Py      -0.000000       0.000000
   14      C    Pz      -0.289827       0.065419
   15      C    Px      -0.000000       0.000000
   16      C    Py      -0.000000       0.000000
   17      C    Pz      -0.036933       0.088683
   18      C   Dxx       0.000300       0.000336
   19      C   Dxy       0.000185      -0.000925
   20      C   Dxz      -0.000000       0.000000
   21      C   Dyy       0.000088       0.001395
   22      C   Dyz      -0.000000       0.000000
   23      C   Dzz      -0.000771      -0.001200
   24      C   Dxx      -0.001951       0.000219
   25      C   Dxy       0.000095      -0.001584
   26      C   Dxz       0.000000       0.000000
   27      C   Dyy      -0.002061       0.002033
   28      C   Dyz       0.000000       0.000000
   29      C   Dzz       0.012330      -0.015783
   30      C   Dxx       0.000031      -0.018672
   31      C   Dxy       0.000059      -0.002131
   32      C   Dxz       0.000000       0.000000
   33      C   Dyy      -0.000036      -0.016233
   34      C   Dyz       0.000000       0.000000
   35      C   Dzz       0.026514      -0.047152
   36      C  Fxxx      -0.000000       0.000000
   37      C  Fxxy      -0.000000       0.000000
   38      C  Fxxz      -0.004943       0.001682
   39      C  Fxyy      -0.000000       0.000000
   40      C  Fxyz       0.000557       0.000003
   41      C  Fxzz      -0.000000       0.000000
   42      C  Fyyy      -0.000000       0.000000
   43      C  Fyyz      -0.005580       0.001679
   44      C  Fyzz      -0.000000       0.000000
   45      C  Fzzz      -0.012288       0.002595
   46      C  Fxxx      -0.000000       0.000000
   47      C  Fxxy      -0.000000       0.000000
   48      C  Fxxz      -0.008195       0.005739
   49      C  Fxyy      -0.000000       0.000000
   50      C  Fxyz       0.000938      -0.000421
   51      C  Fxzz      -0.000000       0.000000
   52      C  Fyyy      -0.000000       0.000000
   53      C  Fyyz      -0.009269       0.006221
   54      C  Fyzz      -0.000000       0.000000
   55      C  Fzzz      -0.014318       0.004379
   56      C     S      -0.004050      -0.000552
   57      C     S       0.164041      -0.024982
   58      C     S       0.040308      -0.006892
   59      C     S       0.146240      -0.020899
   60      C     S       0.044478      -0.074065
   61      C    Px       0.000000       0.000000
   62      C    Py       0.000000       0.000000
   63      C    Pz       0.041236       0.308569
   64      C    Px      -0.000000       0.000000
   65      C    Py       0.000000       0.000000
   66      C    Pz       0.055687       0.397284
   67      C    Px       0.000000       0.000000
   68      C    Py       0.000000       0.000000
   69      C    Pz       0.021830       0.342361
   70      C    Px       0.000000       0.000000
   71      C    Py       0.000000       0.000000
   72      C    Pz       0.008521       0.246217
   73      C   Dxx      -0.001877      -0.000043
   74      C   Dxy       0.000079      -0.000017
   75      C   Dxz       0.000000      -0.000000
   76      C   Dyy      -0.001968      -0.000024
   77      C   Dyz       0.000000       0.000000
   78      C   Dzz       0.006724       0.000075
   79      C   Dxx      -0.005464       0.002096
   80      C   Dxy       0.000137      -0.000027
   81      C   Dxz       0.000000      -0.000000
   82      C   Dyy      -0.005620       0.002126
   83      C   Dyz       0.000000      -0.000000
   84      C   Dzz       0.012930       0.001934
   85      C   Dxx      -0.003158       0.003267
   86      C   Dxy       0.000177      -0.000427
   87      C   Dxz      -0.000000      -0.000000
   88      C   Dyy      -0.003361       0.003756
   89      C   Dyz       0.000000       0.000000
   90      C   Dzz       0.022048       0.036499
   91      C  Fxxx       0.000000       0.000000
   92      C  Fxxy       0.000000      -0.000000
   93      C  Fxxz      -0.000396       0.001363
   94      C  Fxyy      -0.000000       0.000000
   95      C  Fxyz       0.000034       0.000094
   96      C  Fxzz      -0.000000       0.000000
   97      C  Fyyy       0.000000       0.000000
   98      C  Fyyz      -0.000435       0.001255
   99      C  Fyzz       0.000000       0.000000
  100      C  Fzzz       0.003866       0.024528
  101      C  Fxxx       0.000000       0.000000
  102      C  Fxxy       0.000000       0.000000
  103      C  Fxxz       0.000969       0.003646
  104      C  Fxyy       0.000000       0.000000
  105      C  Fxyz      -0.000050       0.000436
  106      C  Fxzz       0.000000       0.000000
  107      C  Fyyy       0.000000       0.000000
  108      C  Fyyz       0.001027       0.003146
  109      C  Fyzz       0.000000       0.000000
  110      C  Fzzz       0.009818       0.041640
 
 
  Occupied Eigenvectors for: E-BETA
 --------------------------- 
 
                         -11.1270       -10.9874        -0.4484        -0.4086        -0.0713   
 
    1      C     S      -0.976509      -0.000063       0.004659       0.007504      -0.000000
    2      C     S       0.008812      -0.000059      -0.198544      -0.490856      -0.000000
    3      C     S      -0.043011      -0.000396      -0.050660      -0.124599       0.000000
    4      C     S       0.016921       0.000995      -0.142109      -0.360836      -0.000000
    5      C     S       0.005587       0.002986      -0.010431      -0.024256      -0.000000
    6      C    Px      -0.000000      -0.000000       0.000000       0.000000      -0.006124
    7      C    Py      -0.000000      -0.000000       0.000000       0.000000       0.011387
    8      C    Pz      -0.000065       0.000037       0.003337       0.021137       0.000000
    9      C    Px       0.000000       0.000000       0.000000       0.000000      -0.007105
   10      C    Py       0.000000      -0.000000       0.000000       0.000000       0.013212
   11      C    Pz       0.000729      -0.000131       0.007053       0.027913       0.000000
   12      C    Px       0.000000       0.000000       0.000000       0.000000      -0.000934
   13      C    Py       0.000000       0.000000       0.000000       0.000000       0.001736
   14      C    Pz       0.000459      -0.000281       0.007365       0.029646       0.000000
   15      C    Px       0.000000       0.000000       0.000000      -0.000000      -0.003400
   16      C    Py      -0.000000      -0.000000      -0.000000       0.000000       0.006321
   17      C    Pz       0.000701       0.000671      -0.000208       0.004870      -0.000000
   18      C   Dxx      -0.003334      -0.000095      -0.004370      -0.010230       0.000000
   19      C   Dxy      -0.000529       0.000000      -0.003421      -0.008370      -0.000000
   20      C   Dxz       0.000000      -0.000000       0.000000       0.000000      -0.000262
   21      C   Dyy      -0.002729      -0.000095      -0.000454      -0.000650       0.000000
   22      C   Dyz       0.000000       0.000000       0.000000       0.000000       0.000488
   23      C   Dzz      -0.002426      -0.000073       0.000993       0.003436       0.000000
   24      C   Dxx      -0.007991      -0.000526      -0.010641      -0.027602       0.000000
   25      C   Dxy       0.000220       0.000001      -0.007272      -0.017651      -0.000000
   26      C   Dxz       0.000000      -0.000000       0.000000       0.000000      -0.000966
   27      C   Dyy      -0.008242      -0.000526      -0.002317      -0.007398       0.000000
   28      C   Dyz      -0.000000       0.000000       0.000000       0.000000       0.001797
   29      C   Dzz      -0.008425      -0.000478       0.000947       0.004594       0.000000
   30      C   Dxx      -0.003345      -0.000773      -0.002942      -0.012047      -0.000000
   31      C   Dxy      -0.000085       0.000001      -0.001887      -0.003676      -0.000000
   32      C   Dxz      -0.000000       0.000000       0.000000       0.000000       0.001009
   33      C   Dyy      -0.003248      -0.000774      -0.000782      -0.007840       0.000000
   34      C   Dyz      -0.000000       0.000000       0.000000       0.000000      -0.001877
   35      C   Dzz      -0.002868      -0.000698      -0.001454       0.000131       0.000000
   36      C  Fxxx      -0.000000      -0.000000       0.000000       0.000000      -0.000922
   37      C  Fxxy      -0.000000       0.000000      -0.000000       0.000000       0.000616
   38      C  Fxxz      -0.000140       0.000039      -0.000192       0.000931       0.000000
   39      C  Fxyy      -0.000000      -0.000000       0.000000      -0.000000      -0.000032
   40      C  Fxyz       0.000003      -0.000000       0.000104       0.000414       0.000000
   41      C  Fxzz      -0.000000      -0.000000       0.000000      -0.000000      -0.000471
   42      C  Fyyy      -0.000000       0.000000      -0.000000       0.000000       0.001300
   43      C  Fyyz      -0.000143       0.000039      -0.000310       0.000457       0.000000
   44      C  Fyzz      -0.000000      -0.000000      -0.000000      -0.000000       0.000876
   45      C  Fzzz      -0.000353       0.000126      -0.000212      -0.000147       0.000000
   46      C  Fxxx      -0.000000      -0.000000       0.000000      -0.000000      -0.003447
   47      C  Fxxy      -0.000000      -0.000000      -0.000000       0.000000       0.002228
   48      C  Fxxz      -0.000167       0.000078       0.000422       0.000837       0.000000
   49      C  Fxyy      -0.000000      -0.000000      -0.000000      -0.000000       0.000068
   50      C  Fxyz      -0.000002       0.000001      -0.000114       0.000815      -0.000000
   51      C  Fxzz      -0.000000      -0.000000      -0.000000      -0.000000      -0.000775
   52      C  Fyyy      -0.000000      -0.000000      -0.000000       0.000000       0.004655
   53      C  Fyyz      -0.000164       0.000077       0.000552      -0.000095      -0.000000
   54      C  Fyzz      -0.000000       0.000000      -0.000000      -0.000000       0.001441
   55      C  Fzzz      -0.000260       0.000127      -0.002148       0.002364       0.000000
   56      C     S       0.000016       0.975359       0.012262      -0.004562      -0.000000
   57      C     S       0.000048      -0.006194      -0.475323       0.215206      -0.000000
   58      C     S       0.000382       0.046708      -0.118610       0.054016       0.000000
   59      C     S      -0.001079      -0.015741      -0.347584       0.161261      -0.000000
   60      C     S      -0.002769      -0.005799      -0.048234       0.018131      -0.000000
   61      C    Px      -0.000000       0.000000      -0.000000       0.000000      -0.139737
   62      C    Py       0.000000       0.000000      -0.000000      -0.000000       0.259836
   63      C    Pz       0.000041       0.000472      -0.000927       0.004379      -0.000000
   64      C    Px       0.000000      -0.000000      -0.000000      -0.000000      -0.180396
   65      C    Py      -0.000000      -0.000000      -0.000000       0.000000       0.335439
   66      C    Pz      -0.000205      -0.000870      -0.002871       0.004860      -0.000000
   67      C    Px       0.000000       0.000000      -0.000000      -0.000000      -0.179181
   68      C    Py      -0.000000      -0.000000      -0.000000       0.000000       0.333179
   69      C    Pz       0.000109      -0.000615       0.001754       0.002826      -0.000000
   70      C    Px      -0.000000      -0.000000       0.000000       0.000000      -0.091032
   71      C    Py       0.000000       0.000000       0.000000      -0.000000       0.169271
   72      C    Pz       0.000660       0.000837       0.002344       0.000758      -0.000000
   73      C   Dxx       0.000092       0.002685      -0.012480       0.005640      -0.000000
   74      C   Dxy       0.000001      -0.000029       0.000259      -0.000133       0.000000
   75      C   Dxz      -0.000000       0.000000       0.000000      -0.000000      -0.000408
   76      C   Dyy       0.000091       0.002717      -0.012776       0.005792       0.000000
   77      C   Dyz       0.000000      -0.000000       0.000000      -0.000000       0.000759
   78      C   Dzz       0.000060       0.000471       0.014266      -0.006683       0.000000
   79      C   Dxx       0.000500       0.007677      -0.028203       0.013247       0.000000
   80      C   Dxy      -0.000004      -0.000002       0.000326      -0.000248       0.000000
   81      C   Dxz       0.000000      -0.000000       0.000000      -0.000000      -0.000168
   82      C   Dyy       0.000504       0.007680      -0.028576       0.013530       0.000000
   83      C   Dyz      -0.000000      -0.000000       0.000000      -0.000000       0.000312
   84      C   Dzz       0.000492       0.007813       0.033153      -0.015105       0.000000
   85      C   Dxx       0.000727       0.003388      -0.015429       0.008177       0.000000
   86      C   Dxy       0.000010      -0.000000      -0.000540       0.000127       0.000000
   87      C   Dxz      -0.000000       0.000000       0.000000      -0.000000       0.005646
   88      C   Dyy       0.000716       0.003388      -0.014812       0.008032       0.000000
   89      C   Dyz       0.000000       0.000000       0.000000      -0.000000      -0.010499
   90      C   Dzz       0.000464       0.002964       0.014582      -0.006971       0.000000
   91      C  Fxxx      -0.000000       0.000000       0.000000       0.000000      -0.008345
   92      C  Fxxy       0.000000       0.000000      -0.000000       0.000000       0.006993
   93      C  Fxxz       0.000053       0.000173       0.000174       0.000317      -0.000000
   94      C  Fxyy      -0.000000       0.000000       0.000000       0.000000      -0.003868
   95      C  Fxyz       0.000001      -0.000001      -0.000027       0.000021      -0.000000
   96      C  Fxzz      -0.000000       0.000000       0.000000       0.000000       0.000843
   97      C  Fyyy       0.000000       0.000000      -0.000000       0.000000       0.015665
   98      C  Fyyz       0.000052       0.000174       0.000205       0.000294      -0.000000
   99      C  Fyzz       0.000000       0.000000      -0.000000      -0.000000      -0.001568
  100      C  Fzzz       0.000123       0.000358       0.000846      -0.000262       0.000000
  101      C  Fxxx      -0.000000      -0.000000       0.000000       0.000000      -0.010048
  102      C  Fxxy       0.000000       0.000000      -0.000000      -0.000000       0.008120
  103      C  Fxxz       0.000025       0.000179       0.001063      -0.000644      -0.000000
  104      C  Fxyy      -0.000000       0.000000       0.000000       0.000000      -0.003899
  105      C  Fxyz      -0.000003      -0.000001       0.000324      -0.000112       0.000000
  106      C  Fxzz      -0.000000       0.000000       0.000000       0.000000       0.003107
  107      C  Fyyy       0.000000       0.000000      -0.000000      -0.000000       0.018036
  108      C  Fyyz       0.000029       0.000180       0.000692      -0.000515      -0.000000
  109      C  Fyzz       0.000000       0.000000      -0.000000      -0.000000      -0.005778
  110      C  Fzzz       0.000037       0.000493       0.001170       0.000395       0.000000
 
                          -0.0661   
 
    1      C     S       0.000000
    2      C     S       0.000000
    3      C     S      -0.000000
    4      C     S       0.000000
    5      C     S      -0.000000
    6      C    Px       0.020011
    7      C    Py       0.010762
    8      C    Pz      -0.000000
    9      C    Px       0.024950
   10      C    Py       0.013418
   11      C    Pz      -0.000000
   12      C    Px       0.016531
   13      C    Py       0.008890
   14      C    Pz      -0.000000
   15      C    Px       0.018064
   16      C    Py       0.009715
   17      C    Pz      -0.000000
   18      C   Dxx      -0.000000
   19      C   Dxy      -0.000000
   20      C   Dxz       0.000555
   21      C   Dyy      -0.000000
   22      C   Dyz       0.000298
   23      C   Dzz      -0.000000
   24      C   Dxx      -0.000000
   25      C   Dxy      -0.000000
   26      C   Dxz       0.002174
   27      C   Dyy      -0.000000
   28      C   Dyz       0.001169
   29      C   Dzz      -0.000000
   30      C   Dxx      -0.000000
   31      C   Dxy       0.000000
   32      C   Dxz       0.000739
   33      C   Dyy      -0.000000
   34      C   Dyz       0.000398
   35      C   Dzz      -0.000000
   36      C  Fxxx       0.002070
   37      C  Fxxy       0.001034
   38      C  Fxxz      -0.000000
   39      C  Fxyy       0.000860
   40      C  Fxyz      -0.000000
   41      C  Fxzz       0.000705
   42      C  Fyyy       0.000687
   43      C  Fyyz      -0.000000
   44      C  Fyzz       0.000379
   45      C  Fzzz       0.000000
   46      C  Fxxx       0.005704
   47      C  Fxxy       0.003066
   48      C  Fxxz      -0.000000
   49      C  Fxyy       0.002343
   50      C  Fxyz      -0.000000
   51      C  Fxzz       0.001302
   52      C  Fyyy       0.001721
   53      C  Fyyz       0.000000
   54      C  Fyzz       0.000700
   55      C  Fzzz       0.000000
   56      C     S       0.000000
   57      C     S      -0.000000
   58      C     S      -0.000000
   59      C     S       0.000000
   60      C     S      -0.000000
   61      C    Px       0.253664
   62      C    Py       0.136418
   63      C    Pz      -0.000000
   64      C    Px       0.327354
   65      C    Py       0.176048
   66      C    Pz      -0.000000
   67      C    Px       0.329789
   68      C    Py       0.177357
   69      C    Pz      -0.000000
   70      C    Px       0.178766
   71      C    Py       0.096138
   72      C    Pz      -0.000000
   73      C   Dxx      -0.000000
   74      C   Dxy       0.000000
   75      C   Dxz       0.000586
   76      C   Dyy      -0.000000
   77      C   Dyz       0.000315
   78      C   Dzz      -0.000000
   79      C   Dxx       0.000000
   80      C   Dxy       0.000000
   81      C   Dxz      -0.000023
   82      C   Dyy      -0.000000
   83      C   Dyz      -0.000012
   84      C   Dzz      -0.000000
   85      C   Dxx      -0.000000
   86      C   Dxy      -0.000000
   87      C   Dxz      -0.012684
   88      C   Dyy       0.000000
   89      C   Dyz      -0.006821
   90      C   Dzz       0.000000
   91      C  Fxxx       0.015493
   92      C  Fxxy       0.003623
   93      C  Fxxz      -0.000000
   94      C  Fxyy       0.006942
   95      C  Fxyz      -0.000000
   96      C  Fxzz      -0.001451
   97      C  Fyyy       0.008414
   98      C  Fyyz      -0.000000
   99      C  Fyzz      -0.000780
  100      C  Fzzz       0.000000
  101      C  Fxxx       0.017991
  102      C  Fxxy       0.004780
  103      C  Fxxz      -0.000000
  104      C  Fxyy       0.007990
  105      C  Fxyz      -0.000000
  106      C  Fxzz      -0.005663
  107      C  Fyyy       0.009315
  108      C  Fyyz      -0.000000
  109      C  Fyzz      -0.003045
  110      C  Fzzz       0.000000
 
 
  end of eigenvectors 
 
  END OF EIGENVALUES AND EIGENVECTORS
 
 
  COMPONENTS OF KINETIC ENERGY: 
 -----------------------------
 
             E-ALPHA Kinetic energy =           38.660421390504
              E-BETA Kinetic energy =           36.745851516011
                                     _________________________
               Total kinetic energy =           75.406272906515
 
  COMPONENTS OF POTENTIAL ENERGY: 
 -------------------------------
 
          Fixed potential energy    =            6.569096887117
 
  Quantum/Fixed interaction energy: 
 ----------------------------------
 
     E-ALPHA/Fixed interact. energy =          -99.841725884114
      E-BETA/Fixed interact. energy =          -92.549279263010
                                     _________________________
               Total Q/Fixed energy =         -192.391005147124
 
  Coulomb energy: 
 ------------------
 
     E-ALPHA/E-ALPHA Hartree energy =           13.090908145294
       E-BETA/E-BETA Hartree energy =           10.137715745899
      E-ALPHA/E-BETA Hartree energy =           22.133335691002
                                     _________________________
               Total Hartree energy =           45.361959582195
 
  Exchange(HF) energy: 
 ----------------------
 
            E-ALPHA Exchange energy =           -5.445955170378
             E-BETA Exchange energy =           -4.857070360840
                                     _________________________
              Total Exchange energy =          -10.303025531217
 
  TOTAL ENERGY COMPONENTS: 
 ==========================
 
          TOTAL KINETIC ENERGY      =           75.406272906515
          TOTAL POTENTIAL ENERGY    =         -150.762974209029
                                     _________________________
                       TOTAL ENERGY =          -75.356701302515
 
                 VIRIAL RATIO (V/T) =            1.999342606363
 
 
  END ENERGY COMPONENTS
 
 
** TOTAL CPU Time SCF :     34.392 (s)
** TOTAL Elapsed Time SCF :      7.361 (s)
 
 We are calculating properties for E-ALPHA in the HF/KS ground state
 We are calculating properties for E-BETA in the HF/KS ground state
 
  POPULATION ANALYSES: 
 ====================
 
 MULLIKEN Population: for E-        
 ---------------------
 
                          total          spin      
 
    1      C     S       1.950445      -0.001994
    2      C     S       1.060331       0.061403
    3      C     S       0.242876       0.020861
    4      C     S       0.653724      -0.051370
    5      C     S       0.016435      -0.017452
    6      C    Px       0.060344       0.058183
    7      C    Py       0.205521       0.204296
    8      C    Pz       0.277796       0.275750
    9      C    Px       0.103925       0.098812
   10      C    Py       0.351969       0.349013
   11      C    Pz       0.461728       0.457654
   12      C    Px       0.054604       0.048358
   13      C    Py       0.179139       0.176861
   14      C    Pz       0.215552       0.209660
   15      C    Px       0.008555      -0.002458
   16      C    Py       0.013582       0.007500
   17      C    Pz       0.014145       0.011885
   18      C   Dxx       0.004981      -0.010376
   19      C   Dxy       0.000399       0.000043
   20      C   Dxz       0.000004      -0.000006
   21      C   Dyy       0.006064       0.004384
   22      C   Dyz       0.000001      -0.000008
   23      C   Dzz       0.006661       0.010512
   24      C   Dxx       0.013273      -0.025836
   25      C   Dxy       0.001058       0.000055
   26      C   Dxz       0.000160      -0.000128
   27      C   Dyy       0.012495       0.002304
   28      C   Dyz       0.000181      -0.000072
   29      C   Dzz       0.009610       0.014790
   30      C   Dxx       0.000718      -0.007777
   31      C   Dxy       0.000184       0.000050
   32      C   Dxz       0.000126       0.000026
   33      C   Dyy       0.000511      -0.004417
   34      C   Dyz      -0.000137       0.000663
   35      C   Dzz       0.015511       0.014160
   36      C  Fxxx       0.002247       0.001914
   37      C  Fxxy       0.002717       0.002618
   38      C  Fxxz       0.003241       0.003156
   39      C  Fxyy       0.001106       0.001016
   40      C  Fxyz       0.000001       0.000000
   41      C  Fxzz       0.000860       0.000757
   42      C  Fyyy       0.008270       0.008106
   43      C  Fyyz       0.003626       0.003583
   44      C  Fyzz       0.002843       0.002750
   45      C  Fzzz       0.010601       0.010615
   46      C  Fxxx       0.003835       0.002286
   47      C  Fxxy       0.004155       0.003612
   48      C  Fxxz       0.004281       0.004217
   49      C  Fxyy       0.001695       0.001317
   50      C  Fxyz       0.000003       0.000001
   51      C  Fxzz       0.001022       0.000528
   52      C  Fyyy       0.012365       0.011424
   53      C  Fyyz       0.004770       0.004823
   54      C  Fyzz       0.002919       0.002440
   55      C  Fzzz       0.011573       0.010492
   56      C     S       1.951043       0.000845
   57      C     S       0.981006      -0.000261
   58      C     S       0.220878       0.001477
   59      C     S       0.698138      -0.002177
   60      C     S       0.041479      -0.027390
   61      C    Px       0.181572      -0.181566
   62      C    Py       0.186013      -0.185993
   63      C    Pz       0.206776       0.206670
   64      C    Px       0.331494      -0.331466
   65      C    Py       0.338382      -0.338288
   66      C    Pz       0.366911       0.366619
   67      C    Px       0.323601      -0.323634
   68      C    Py       0.324648      -0.324763
   69      C    Pz       0.268627       0.267258
   70      C    Px       0.116067      -0.116326
   71      C    Py       0.110077      -0.110971
   72      C    Pz       0.111420       0.110045
   73      C   Dxx       0.005319      -0.013217
   74      C   Dxy       0.000000      -0.000000
   75      C   Dxz      -0.000001       0.000001
   76      C   Dyy       0.005381      -0.013607
   77      C   Dyz       0.000001       0.000002
   78      C   Dzz       0.007833       0.026766
   79      C   Dxx       0.013103      -0.028546
   80      C   Dxy       0.000001       0.000000
   81      C   Dxz       0.000010       0.000011
   82      C   Dyy       0.013085      -0.029176
   83      C   Dyz       0.000034       0.000038
   84      C   Dzz       0.022557       0.065383
   85      C   Dxx       0.007497      -0.005329
   86      C   Dxy       0.000001      -0.000000
   87      C   Dxz       0.000365      -0.000547
   88      C   Dyy       0.007179      -0.005169
   89      C   Dyz      -0.000019      -0.000609
   90      C   Dzz       0.014469       0.024174
   91      C  Fxxx       0.012980      -0.012981
   92      C  Fxxy       0.004364      -0.004365
   93      C  Fxxz       0.000700       0.000689
   94      C  Fxyy       0.004368      -0.004368
   95      C  Fxyz       0.000000       0.000000
   96      C  Fxzz      -0.000901       0.000904
   97      C  Fyyy       0.013218      -0.013221
   98      C  Fyyz       0.000638       0.000627
   99      C  Fyzz      -0.000944       0.000955
  100      C  Fzzz       0.019075       0.019072
  101      C  Fxxx       0.014936      -0.014927
  102      C  Fxxy       0.005095      -0.005085
  103      C  Fxxz       0.002013       0.002026
  104      C  Fxyy       0.004798      -0.004795
  105      C  Fxyz       0.000000       0.000000
  106      C  Fxzz      -0.003434       0.003432
  107      C  Fyyy       0.014730      -0.014700
  108      C  Fyyz       0.001756       0.001773
  109      C  Fyzz      -0.003461       0.003456
  110      C  Fzzz       0.030522       0.030273
 
                           __________     __________
              Total =       13.000000       1.000000
 
  Atomic MULLIKEN Population: for E-        
            C                6.024601       1.980982
            C                6.975399      -0.980982
 
 ...end of MULLIKEN Population
 
 
 END POPULATION ANALYSES 
 
 
  POPULATION ANALYSES: 
 ====================
 
 LOWDIN Population: for E-        
 ---------------------
 
                          total          spin      
 
    1      C     S       1.609357      -0.000443
    2      C     S       0.586352       0.020218
    3      C     S       0.414967       0.016886
    4      C     S       0.291668      -0.010976
    5      C     S       0.093203      -0.005912
    6      C    Px       0.056032       0.054276
    7      C    Py       0.191180       0.190218
    8      C    Pz       0.259145       0.257250
    9      C    Px       0.048176       0.045921
   10      C    Py       0.163446       0.162182
   11      C    Pz       0.214294       0.212126
   12      C    Px       0.031316       0.021831
   13      C    Py       0.095350       0.088599
   14      C    Pz       0.114011       0.102358
   15      C    Px       0.020795      -0.010878
   16      C    Py       0.030306       0.003991
   17      C    Pz       0.048620       0.013152
   18      C   Dxx       0.166323      -0.001531
   19      C   Dxy       0.000440       0.000040
   20      C   Dxz       0.000005      -0.000005
   21      C   Dyy       0.167381       0.014301
   22      C   Dyz       0.000005      -0.000004
   23      C   Dzz       0.165960       0.019844
   24      C   Dxx       0.138461      -0.021817
   25      C   Dxy       0.000956       0.000060
   26      C   Dxz       0.000167      -0.000115
   27      C   Dyy       0.138273      -0.000431
   28      C   Dyz       0.000213      -0.000032
   29      C   Dzz       0.129066       0.008484
   30      C   Dxx       0.015709      -0.006620
   31      C   Dxy       0.000244       0.000047
   32      C   Dxz       0.011056      -0.010720
   33      C   Dyy       0.015256      -0.003357
   34      C   Dyz       0.011143      -0.009982
   35      C   Dzz       0.074966       0.028541
   36      C  Fxxx       0.030452       0.029137
   37      C  Fxxy       0.045294       0.044945
   38      C  Fxxz       0.059949       0.059375
   39      C  Fxyy       0.013600       0.013037
   40      C  Fxyz       0.000001       0.000000
   41      C  Fxzz       0.013299       0.012739
   42      C  Fyyy       0.104158       0.103475
   43      C  Fyyz       0.060319       0.059785
   44      C  Fyzz       0.045171       0.044854
   45      C  Fzzz       0.136977       0.135689
   46      C  Fxxx       0.019004       0.016567
   47      C  Fxxy       0.026621       0.025851
   48      C  Fxxz       0.032099       0.031201
   49      C  Fxyy       0.008397       0.007304
   50      C  Fxyz       0.000003       0.000001
   51      C  Fxzz       0.009548       0.004563
   52      C  Fyyy       0.062973       0.061607
   53      C  Fyyz       0.032452       0.031623
   54      C  Fyzz       0.026435       0.022354
   55      C  Fzzz       0.075621       0.070330
   56      C     S       1.608677       0.000406
   57      C     S       0.560354       0.000725
   58      C     S       0.396230      -0.000021
   59      C     S       0.301720      -0.000348
   60      C     S       0.107851       0.003334
   61      C    Px       0.166420      -0.166416
   62      C    Py       0.170623      -0.170610
   63      C    Pz       0.188999       0.188924
   64      C    Px       0.161763      -0.161758
   65      C    Py       0.165019      -0.165001
   66      C    Pz       0.180139       0.180054
   67      C    Px       0.167047      -0.166870
   68      C    Py       0.166882      -0.166267
   69      C    Pz       0.142017       0.135019
   70      C    Px       0.098299      -0.097512
   71      C    Py       0.094583      -0.091862
   72      C    Pz       0.092612       0.062984
   73      C   Dxx       0.153284      -0.014697
   74      C   Dxy       0.000000      -0.000000
   75      C   Dxz       0.000000       0.000000
   76      C   Dyy       0.153314      -0.015078
   77      C   Dyz       0.000001       0.000001
   78      C   Dzz       0.156428       0.030484
   79      C   Dxx       0.141197      -0.023040
   80      C   Dxy       0.000000       0.000000
   81      C   Dxz       0.000015      -0.000002
   82      C   Dyy       0.141074      -0.023455
   83      C   Dyz       0.000027       0.000019
   84      C   Dzz       0.140215       0.046786
   85      C   Dxx       0.022008      -0.005378
   86      C   Dxy       0.000002       0.000000
   87      C   Dxz       0.000983       0.000947
   88      C   Dyy       0.021854      -0.005350
   89      C   Dyz       0.003398       0.003279
   90      C   Dzz       0.070005       0.031634
   91      C  Fxxx       0.104368      -0.104366
   92      C  Fxxy       0.046180      -0.046177
   93      C  Fxxz       0.046377       0.046362
   94      C  Fxyy       0.045227      -0.045226
   95      C  Fxyz       0.000000       0.000000
   96      C  Fxzz       0.040949      -0.040947
   97      C  Fyyy       0.106533      -0.106526
   98      C  Fyyz       0.046289       0.046274
   99      C  Fyzz       0.041788      -0.041782
  100      C  Fzzz       0.119254       0.119222
  101      C  Fxxx       0.099902      -0.099899
  102      C  Fxxy       0.043266      -0.043260
  103      C  Fxxz       0.037679       0.037625
  104      C  Fxyy       0.042921      -0.042919
  105      C  Fxyz       0.000001       0.000000
  106      C  Fxzz       0.034593      -0.034348
  107      C  Fyyy       0.100315      -0.100305
  108      C  Fyyz       0.037468       0.037411
  109      C  Fyzz       0.034753      -0.033907
  110      C  Fzzz       0.092879       0.089898
 
                           __________     __________
              Total =       13.000000       1.000000
 
  Atomic LOWDIN Population: for E-        
            C                6.106214       1.951937
            C                6.893786      -0.951937
 
 ...end of LOWDIN Population
 
 
 END POPULATION ANALYSES 
 
 
  EXPECTED POSITIONS OF QUANTUM SPECIES:
 ======================
 
 POSITIONS IN ANGSTROMS
 ------
 
                        <x>      <y>      <z>         
            E-ALPHA  -0.0000  -0.0000   8.7355
             E-BETA  -0.0000  -0.0000  11.4386
 
 END EXPECTED POSITIONS
 
 
  ELECTROSTATIC MOMENTS:
 ======================
 
 
 DIPOLE: (A.U.)
 ------
 
                           <Dx>         <Dy>         <Dz>          |D|
            E-ALPHA   0.00000000   0.00000000 -16.50775352
             E-BETA   0.00000000   0.00000000 -21.61588524
    Point charges:    0.00000000   0.00000000  32.88123219
                     ____________________________
      Total Dipole:   0.00000000   0.00000000  -5.24240657   5.24240657
 
 DIPOLE: (DEBYE)
 ------
 
                           <Dx>         <Dy>         <Dz>          |D|
            E-ALPHA   0.00000000   0.00000000 -41.95851878
             E-BETA   0.00000000   0.00000000 -54.94209286
    Point charges:    0.00000000   0.00000000  83.57574497
                     ____________________________
      Total Dipole:   0.00000000   0.00000000 -13.32486667  13.32486667
 
 QUADRUPOLE NON-TRACELESS: (DEBYE ANGS)
 ------
 
                           <xx>         <yy>         <zz>         <xy>         <xz>         <yz>
            E-ALPHA   -6.84334754   -8.08603478 -137.70998943    0.94023812   -0.00000000   -0.00000000
             E-BETA  -10.95145050  -10.72232305 -166.20895552   -0.17336170    0.00000000    0.00000000
    Point charges:     0.00000000    0.00000000  242.36963277    0.00000000    0.00000000    0.00000000
  Total Quadrupole:  -17.79479804  -18.80835782  -61.54931217    0.76687642   -0.00000000   -0.00000000
                     ____________________________
 
 END ELECTROSTATIC MOMENTS
 
 
 BEGIN FOUR-INDEX INTEGRALS TRANFORMATION:
 ========================================
 Selected method: C         
 
 --------------------------------------------------
    4N^5 Algorithm Four-index integral tranformation
 --------------------------------------------------
 
 Integrals transformation for: E-ALPHA
 
              Transformation boundaries 
                 orbital lower upper
                       p     1     7
                       q     8   110
                       r     1     7
                       s     8   110
 
         Loading AO integrals time(s):  0.221E-01
      Integral transformation time(s):  0.162E+01
       Non-zero transformed integrals:       171770
 
 Inter-species integrals transformation for: E-ALPHA/E-BETA
 
              Transformation boundaries 
                 orbital lower upper
                       p     1     6
                       q     7   110
                       r     1     7
                       s     8   110
 
         Loading AO integrals time(s):  0.289E-01
      Integral transformation time(s):  0.650E+01
 Non zero transformed coupling integrals:       155217
 
 Integrals transformation for: E-BETA
 
              Transformation boundaries 
                 orbital lower upper
                       p     1     6
                       q     7   110
                       r     1     6
                       s     7   110
 
         Loading AO integrals time(s):  0.189E-01
      Integral transformation time(s):  0.154E+01
       Non-zero transformed integrals:       119778
 
** TOTAL Elapsed Time for integrals transformation :      9.963 (s)
 
 
  POST HARTREE-FOCK CALCULATION
  MANY-BODY PERTURBATION THEORY:
 ==============================
 
              MOLLER-PLESSET FORMALISM 
               ORDER OF CORRECTION =     2
 
                E(0) + E(1) =     -75.356701302515
                       E(2) =      -0.196061058330
                             ____________________
                     E(MP2) =     -75.552762360844
 
              -----------------------------------
               E(n){ Specie }     E(n) / Hartree 
              -----------------------------------
 
            E(2){ E-ALPHA } =      -0.020192932157
             E(2){ E-BETA } =      -0.017611337004
 
     E(2){ E-ALPHA/E-BETA } =      -0.158256789169
 
** TOTAL CPU Time HF-MBPT :      0.556 (s)
** TOTAL Elapsed Time HF-MBPT :      0.322 (s)
 

  TOTAL CPU Time:      0.240 (s)
 TOTAL Wall Time:     17.707 (s)
  Elapsed Time:   0h  0m 17s 708ms
LOWDIN execution terminated normally at : Thu Feb  6 14:31:40 2025
-rw-rw-r-- 1 pohl pohl  51M feb  6 14:31 0E-ALPHA.E-BETA.ints
-rw-rw-r-- 1 pohl pohl  26M feb  6 14:31 0E-ALPHA.ints
-rw-rw-r-- 1 pohl pohl  51M feb  6 14:31 1E-ALPHA.E-BETA.ints
-rw-rw-r-- 1 pohl pohl  26M feb  6 14:31 1E-ALPHA.ints
-rw-rw-r-- 1 pohl pohl  51M feb  6 14:31 2E-ALPHA.E-BETA.ints
-rw-rw-r-- 1 pohl pohl  26M feb  6 14:31 2E-ALPHA.ints
-rw-rw-r-- 1 pohl pohl  51M feb  6 14:31 3E-ALPHA.E-BETA.ints
-rw-rw-r-- 1 pohl pohl  26M feb  6 14:31 3E-ALPHA.ints
-rw-rw-r-- 1 pohl pohl   12 feb  6 14:31 E-ALPHA.E-BETA.nints
-rw-rw-r-- 1 pohl pohl 4.9M feb  6 14:31 E-ALPHAmoint.dat
-rw-rw-r-- 1 pohl pohl 4.2M feb  6 14:31 E-BETA.E-ALPHAmoint.dat
-rw-rw-r-- 1 pohl pohl 4.2M feb  6 14:31 E-BETAmoint.dat
-rw-rw-r-- 1 pohl pohl   64 feb  6 14:31 gepol.inp
-rw-rw-r-- 1 pohl pohl  182 feb  6 14:31 gepol.xyzr
-rw-rw-r-- 1 pohl pohl  13K feb  6 14:31 lowdin.bas
-rw-rw-r-- 1 pohl pohl  16K feb  6 14:31 lowdin.dat
-rw-rw-r-- 1 pohl pohl 2.3M feb  6 14:31 lowdin.opints
-rw-rw-r-- 1 pohl pohl  46K feb  6 14:31 lowdin.sys
-rw-rw-r-- 1 pohl pohl 2.1M feb  6 14:31 lowdin.wfn
-rw-rw-r-- 1 pohl pohl  258 feb  6 14:31 usual_12
-rw-rw-r-- 1 pohl pohl 1.1K feb  6 14:31 usual_12.aux
-rw-rw-r-- 1 pohl pohl  266 feb  6 14:31 usual_12.lowdin
-rw-rw-r-- 1 pohl pohl  81K feb  6 14:31 usual_12.out
-rw-rw-r-- 1 pohl pohl 192K feb  6 14:31 usual_12.vec
