Begin job by input: usual_23.lowdin, for user:   at  jue 06 feb 2025 14:34:21 -05
under operating system Linux helios 5.19.0-46-generic #47-Ubuntu SMP PREEMPT_DYNAMIC Fri Jun 16 13:30:11 UTC 2023 x86_64 x86_64 x86_64 GNU/Linux
Compilation information
  commit: f31d3924f6ee2ce9d77f07edcc1ba27359319d14
  compilation date:  mar 17 sep 2024 16:16:17 -05

BEGIN INPUT INFO:
------------------------------------

GEOMETRY
	e-(C)	AUG-CC-PVTZ 0.0 0.0 0.0 multiplicity=2 addParticles=1 
	e-(C)	AUG-CC-PVTZ 0.0 0.0 5.1 
	C	Dirac 0.0 0.0 0.0
	C	Dirac 0.0 0.0 5.1
END GEOMETRY

TASKS
        method = "UHF"
	mollerPlessetCorrection=2
END TASKS

CONTROL
	units="ANGS"
END CONTROL






... END INPUT INFO


 LOWDIN execution started at : Thu Feb  6 14:34:21 2025
 ---------------------------------------------------------------
 
 ***************************************************************
 *                   LOWDIN 2.0  (May/2013)                    *
 *                                                             *
 *  R. FLORES-MORENO, E. F. POSADA, F. S. MONCADA, J.ROMERO,   *
 *  J. CHARRY, M. DIAZ-TINOCO, S. A. GONZALEZ, N. F. AGUIRRE,  *
 *  A. REYES                                                   *
 *                                                             *
 *  https://sites.google.com/site/lowdinproject/               *
 *                                                             *
 ***************************************************************
 
 PARSING INPUT... DONE!
 
 LOWDIN IS RUNNING WITH NEXT PARAMETERS: 
 ----------------------------------------
 
         METHOD TYPE:  UHF
         NUMBER OF CORES:     4
         MOLLER PLESSET CORRECTION:      2
         NONELECTRONIC DENSITY GUESS: HCORE
         ELECTRONIC DENSITY GUESS: HCORE
         CRITERIUM OF CONVERGENCE: ENERGY
         NONELECTRONIC ENERGY TOLERANCE IN SCFs:     0.10000E-07
         ELECTRONIC ENERGY TOLERANCE IN SCFs:     0.10000E-07
         TOTAL ENERGY TOLERANCE IN SCFs:     0.10000E-07
         SCHEME OF ITERATION: GLOBAL ITERATIONS
         SCF MAX. SUBITERATIONS - NONELECTRONS :     1
         SCF MAX. SUBITERATIONS - ELECTRONS :     1
         SCF MAX. ITERATIONS - INTERSPECIES :   200
         INTEGRAL STORAGE: DISK
         STACK SIZE FOR ERIS : 30000
         METHOD OF SCF CONVERGENCE: DAMPING
 
  MOLECULAR SYSTEM: usual_23
 -----------------
 
    DESCRIPTION   : usual_23
    CHARGE        :   0
    PUNTUAL GROUP : NONE
 
 
  INFORMATION OF PARTICLES :
 =========================
         Total number of particles   =      15
         Number of quantum particles =      13
         Number of puntual charges   =       2
         Number of quantum species   =       2
 
                 INFORMATION OF QUANTUM SPECIES 
    ----------------------------------------------------------------------
         ID      Symbol            mass     charge      omega     spin     multiplicity
    ----------------------------------------------------------------------
         1        E-ALPHA         1.0000     -1.00      0.00      0.50      2.00
         2         E-BETA         1.0000     -1.00      0.00      0.50      2.00
 
                   CONSTANTS OF COUPLING 
      ------------------------------------------------------------
              Symbol      kappa        eta     lambda occupation
      ------------------------------------------------------------
             E-ALPHA      -1.00       1.00       1.00       7.00
              E-BETA      -1.00       1.00       1.00       6.00
 
                   BASIS SET FOR SPECIES 
      ------------------------------------------------------------
           Symbol          N. Basis     N. Particles     Basis Set
      ------------------------------------------------------------
            E-ALPHA           28                7     AUG-CC-PVT
             E-BETA           28                6     AUG-CC-PVT
 
                                ATOMIC BASIS
         ------------------------------------------------------------
          PRIMITIVE   SHELL             EXPONENT         COEFFICIENT 
         ------------------------------------------------------------
 
    BEGIN DESCRIPTION OF BASIS FOR: E-ALP
    ==============================
 
 
             C BASIS SET:    AUG-CC-PVTZ
             1         S             8236.00000000          0.00053100
             2         S             1235.00000000          0.00410800
             3         S              280.80000000          0.02108700
             4         S               79.27000000          0.08185300
             5         S               25.59000000          0.23481700
             6         S                8.99700000          0.43440100
             7         S                3.31900000          0.34612900
             8         S                0.36430000         -0.00898300
             1         S             8236.00000000         -0.00011300
             2         S             1235.00000000         -0.00087800
             3         S              280.80000000         -0.00454000
             4         S               79.27000000         -0.01813300
             5         S               25.59000000         -0.05576000
             6         S                8.99700000         -0.12689500
             7         S                3.31900000         -0.17035200
             8         S                0.36430000          0.59868400
             1         S                0.90590000          1.00000000
             1         S                0.12850000          1.00000000
             1         S                0.04402000          1.00000000
             1         P               18.71000000          0.01403100
             2         P                4.13300000          0.08686600
             3         P                1.20000000          0.29021600
             1         P                0.38270000          1.00000000
             1         P                0.12090000          1.00000000
             1         P                0.03569000          1.00000000
             1         D                1.09700000          1.00000000
             1         D                0.31800000          1.00000000
             1         D                0.10000000          1.00000000
             1         F                0.76100000          1.00000000
             1         F                0.26800000          1.00000000
 
             C BASIS SET:    AUG-CC-PVTZ
             1         S             8236.00000000          0.00053100
             2         S             1235.00000000          0.00410800
             3         S              280.80000000          0.02108700
             4         S               79.27000000          0.08185300
             5         S               25.59000000          0.23481700
             6         S                8.99700000          0.43440100
             7         S                3.31900000          0.34612900
             8         S                0.36430000         -0.00898300
             1         S             8236.00000000         -0.00011300
             2         S             1235.00000000         -0.00087800
             3         S              280.80000000         -0.00454000
             4         S               79.27000000         -0.01813300
             5         S               25.59000000         -0.05576000
             6         S                8.99700000         -0.12689500
             7         S                3.31900000         -0.17035200
             8         S                0.36430000          0.59868400
             1         S                0.90590000          1.00000000
             1         S                0.12850000          1.00000000
             1         S                0.04402000          1.00000000
             1         P               18.71000000          0.01403100
             2         P                4.13300000          0.08686600
             3         P                1.20000000          0.29021600
             1         P                0.38270000          1.00000000
             1         P                0.12090000          1.00000000
             1         P                0.03569000          1.00000000
             1         D                1.09700000          1.00000000
             1         D                0.31800000          1.00000000
             1         D                0.10000000          1.00000000
             1         F                0.76100000          1.00000000
             1         F                0.26800000          1.00000000
    ... END DESCRIPTION OF BASIS
 
 
  END INFORMATION OF PARTICLES
 
 
  INFORMATION OF THE QUANTUM SYSTEM 
     ---------------------------------------------------------------------
                 ID     Occupied Orbitals     Basis size
     ---------------------------------------------------------------------
            E-ALPHA            7              110
             E-BETA            6              110
 
  END INFORMATION OF QUANTUM SYSTEM
 
                       INITIAL GEOMETRY: AMSTRONG
                 -----------------------------------
                       <x>                 <y>                 <z>
  E-ALPHAC        0.0000000000        0.0000000000        0.0000000000
  E-ALPHAC        0.0000000000        0.0000000000        5.1000000000
         C        0.0000000000        0.0000000000        0.0000000000
         C        0.0000000000        0.0000000000        5.1000000000
 
                     MATRIX OF DISTANCE: ANGSTROM
                 -----------------------------------
                          C(1)           C(2)      
 
        C(1)             0.000000       5.100000
        C(2)             5.100000       0.000000
 
--------------------------------------------------------------------------------
** PROGRAM: SCF (Hartree Fock).     Author: S.A. Gonzalez, E. Posada, F. Moncada
--------------------------------------------------------------------------------
INFO: RUNNING IN UHF MODE.
 
----------------------------------------------------------------------
** PROGRAM INTS                          Author: E. F. Posada, 2013   
----------------------------------------------------------------------
INFO: RUNNING IN ONE_PARTICLE MODE.
 
 Number of Overlap integrals for species E-ALPHA:  12100
 Number of Overlap integrals for species E-BETA:  12100
 Number of Kinetic integrals for species E-ALPHA:  12100
 Number of Kinetic integrals for species E-BETA:  12100
 Number of Nuclear integrals for species E-ALPHA:  12100
 Number of Nuclear integrals for species E-BETA:  12100
 Number of Moment integrals for species E-ALPHA:  36300
 Number of Moment integrals for species E-BETA:  36300
 
** TOTAL CPU Time INTS :      0.455 (s)
** TOTAL Elapsed Time INTS :      0.212 (s)
 
 Combination coefficients for E-ALPHA were read from usual_23.vec
     number of    E-ALPHA     particles in guess density matrix:     7.110673
 Warning!, density matrix with deviation from number of particles    7.000000
 Combination coefficients for E-BETA were read from usual_23.vec
     number of     E-BETA     particles in guess density matrix:     6.094222
 Warning!, density matrix with deviation from number of particles    6.000000
 Number of unique integrals for species: 1 = 2711699
 Number of unique integrals for species: 1 / 2 = 5419090 Screened: 118
 
 TWO-BODY INTEGRAL SETUP: 
------------------------- 
 Storage:   DISK
 Scheme: LIBINT
 Stack size:  30000
 
 LIBINT library, Fermann, J. T.; Valeev, F. L. 2010                   
 LOWDIN-LIBINT Implementation V. 2.1  Posada E. F. ; Reyes A. 2016   
 ----------------------------------------------------------------------

*** TOTAL CPU time intra-species integrals :      1.034 (s)
*** TOTAL elapsed time intra-species integrals :      0.224 (s)


*** TOTAL CPU time inter-species integrals :      2.330 (s)
*** TOTAL elapsed time inter-species integrals :      0.553 (s)

INFO: RUNNING SCHEME SIMULTANEOUS
 
 Begin Multi-Species SCF calculation:
 
 --------------------------------------------------------------------------------------------------
      Iteration                   Energy            Energy Change           Density Change
 --------------------------------------------------------------------------------------------------
              1         -74.915958145160          74.915958145160           0.008584437007
              2         -75.076887152367           0.160929007207           0.005767076733
              3         -75.023921963003          -0.052965189364           0.003942637754
              4         -75.144572859760           0.120650896757           0.003569929439
              5         -75.089270621459          -0.055302238301           0.000902177359
              6         -75.131865158152           0.042594536693           0.000890498378
              7         -75.156838096293           0.024972938141           0.000944331519
              8         -75.181123076302           0.024284980009           0.003697788455
              9         -75.281732853685           0.100609777383           0.002528592835
             10         -75.329654755967           0.047921902283           0.001724255230
             11         -75.346054635167           0.016399879200           0.001242439844
             12         -75.355312521386           0.009257886219           0.000913108499
             13         -75.360576844443           0.005264323057           0.000709982061
             14         -75.363588742920           0.003011898477           0.000540670191
             15         -75.365228607842           0.001639864922           0.000424068068
             16         -75.366158484693           0.000929876851           0.000336264692
             17         -75.366712277182           0.000553792489           0.000269534257
             18         -75.367056469859           0.000344192677           0.000217161781
             19         -75.367276241462           0.000219771603           0.000175719806
             20         -75.367418927884           0.000142686422           0.000142700792
             21         -75.367512625059           0.000093697175           0.000116330582
             22         -75.367574731209           0.000062106150           0.000095214893
             23         -75.367616258377           0.000041527168           0.000078254223
             24         -75.367644260697           0.000028002320           0.000064575043
             25         -75.367663295381           0.000019034684           0.000053488837
             26         -75.367676330642           0.000013035261           0.000044456604
             27         -75.367685316790           0.000008986148           0.000037058541
             28         -75.367691547354           0.000006230564           0.000030968270
             29         -75.367695888455           0.000004341101           0.000025931624
             30         -75.367698925376           0.000003036921           0.000021749737
             31         -75.367701056994           0.000002131618           0.000018265922
             32         -75.367702557206           0.000001500212           0.000015355692
             33         -75.367703615323           0.000001058117           0.000012919263
             34         -75.367704362912           0.000000747589           0.000010875957
             35         -75.367704891828           0.000000528917           0.000009160025
             36         -75.367705266442           0.000000374614           0.000007717514
             37         -75.367705531998           0.000000265556           0.000006503887
             38         -75.367705720375           0.000000188376           0.000005482206
             39         -75.367705854075           0.000000133700           0.000004621715
             40         -75.367705949010           0.000000094935           0.000003896732
             41         -75.367706016443           0.000000067433           0.000003285754
             42         -75.367706064355           0.000000047912           0.000002770753
             43         -75.367706098404           0.000000034049           0.000002336586
             44         -75.367706122605           0.000000024202           0.000001970525
             45         -75.367706139810           0.000000017205           0.000001661859
             46         -75.367706152042           0.000000012232           0.000001401572
             47         -75.367706160740           0.000000008698           0.000001182072
 Total energy converged after  47 global iterations                                                  
 
 ...end Multi-Species SCF calculation
 
 
 Begin SCF calculation by: E-ALPHA
 -------------------------
 
 -----------------------------------------------------------------------------------
 Iteration                   Energy           Density Change         DIIS Error 
 -----------------------------------------------------------------------------------
    1         -31.140729630884           0.002590900968                 -- 
    2         -30.559586061590           0.001803794027                 -- 
    3         -30.729198897572           0.002130489574                 -- 
    4         -30.503476397850           0.000488465801                 -- 
    5         -30.551131528874           0.000516035839                 -- 
    6         -30.583192265471           0.000397026393                 -- 
    7         -30.656831622634           0.001282071854                 -- 
    8         -30.770721447532           0.001654273252                 -- 
    9         -30.746922620285           0.000478180928                 -- 
   10         -30.771780365171           0.000634583332                 -- 
   11         -30.812183495859           0.000320971123                 -- 
   12         -30.787124310713           0.000284168260                 -- 
   13         -30.773062694938           0.000200421491                 -- 
   14         -30.746961750513           0.000166238513                 -- 
   15         -30.725843783537           0.000136139516                 -- 
   16         -30.706666119330           0.000115227108                 -- 
   17         -30.690879190075           0.000097344858                 -- 
   18         -30.677684789435           0.000082593976                 -- 
   19         -30.666802173419           0.000070017063                 -- 
   20         -30.657792745454           0.000059358843                 -- 
   21         -30.650334680901           0.000050291208                 -- 
   22         -30.644145584978           0.000042590043                 -- 
   23         -30.639000190651           0.000036050709                 -- 
   24         -30.634713797875           0.000030502894                 -- 
   25         -30.631136761773           0.000025799041                 -- 
   26         -30.628146956666           0.000021813240                 -- 
   27         -30.625644568648           0.000018437653                 -- 
   28         -30.623547665983           0.000015580243                 -- 
   29         -30.621788778292           0.000013162510                 -- 
   30         -30.620312157085           0.000011117598                 -- 
   31         -30.619071606422           0.000009388618                 -- 
   32         -30.618028746698           0.000007927217                 -- 
   33         -30.617151620736           0.000006692325                 -- 
   34         -30.616413567472           0.000005649090                 -- 
   35         -30.615792307349           0.000004767955                 -- 
   36         -30.615269195873           0.000004023873                 -- 
   37         -30.614828611709           0.000003395630                 -- 
   38         -30.614457453082           0.000002865268                 -- 
   39         -30.614144721858           0.000002417593                 -- 
   40         -30.613881178996           0.000002039754                 -- 
   41         -30.613659058355           0.000001720887                 -- 
   42         -30.613471828453           0.000001451810                 -- 
   43         -30.613313993736           0.000001224763                 -- 
   44         -30.613180928539           0.000001033193                 -- 
   45         -30.613068738151           0.000000871565                 -- 
   46         -30.612974142434           0.000000735205                 -- 
 
 ... end SCF calculation
 
 Begin SCF calculation by: E-BETA
 -------------------------
 
 -----------------------------------------------------------------------------------
 Iteration                   Energy           Density Change         DIIS Error 
 -----------------------------------------------------------------------------------
    1         -28.349874734442           0.003176175765                 -- 
    2         -27.912362999568           0.002138843727                 -- 
    3         -27.931628181893           0.001439439865                 -- 
    4         -27.713082095140           0.000413711559                 -- 
    5         -27.772953400140           0.000374462539                 -- 
    6         -27.820524942537           0.000547305126                 -- 
    7         -27.923268059613           0.002415716600                 -- 
    8         -27.853721161139           0.000874319583                 -- 
    9         -27.860386898089           0.001246074302                 -- 
   10         -27.814322138247           0.000607856512                 -- 
   11         -27.856418325367           0.000592137375                 -- 
   12         -27.858445948392           0.000425813801                 -- 
   13         -27.887935763999           0.000340248701                 -- 
   14         -27.908749278869           0.000257829555                 -- 
   15         -27.931182036357           0.000200125176                 -- 
   16         -27.950142894442           0.000154307148                 -- 
   17         -27.966907893188           0.000119816923                 -- 
   18         -27.981172438038           0.000093125830                 -- 
   19         -27.993334554751           0.000072683729                 -- 
   20         -28.003621354258           0.000056971739                 -- 
   21         -28.012310440427           0.000044923685                 -- 
   22         -28.019634861148           0.000035664181                 -- 
   23         -28.025804919771           0.000028524334                 -- 
   24         -28.031000102342           0.000022985943                 -- 
   25         -28.035374008223           0.000018657564                 -- 
   26         -28.039056549818           0.000015245300                 -- 
   27         -28.042157388245           0.000012530617                 -- 
   28         -28.044768822885           0.000010351381                 -- 
   29         -28.046968476580           0.000008587227                 -- 
   30         -28.048821594396           0.000007148324                 -- 
   31         -28.050383017182           0.000005967074                 -- 
   32         -28.051698847986           0.000004992045                 -- 
   33         -28.052807855410           0.000004183631                 -- 
   34         -28.053742650983           0.000003510936                 -- 
   35         -28.054530676070           0.000002949560                 -- 
   36         -28.055195028769           0.000002480014                 -- 
   37         -28.055755156905           0.000002086576                 -- 
   38         -28.056227439060           0.000001756447                 -- 
   39         -28.056625672036           0.000001479139                 -- 
   40         -28.056961480069           0.000001246000                 -- 
   41         -28.057244658557           0.000001049866                 -- 
   42         -28.057483462963           0.000000884777                 -- 
   43         -28.057684851737           0.000000745762                 -- 
   44         -28.057854690687           0.000000628666                 -- 
   45         -28.057997924975           0.000000530008                 -- 
   46         -28.058118723917           0.000000446867                 -- 
 
 ... end SCF calculation
 
  EIGENVALUES AND EIGENVECTORS: 
 ==============================
 
 
  Eigenvalues for: E-ALPHA
 -----------------
 
    1         -11.242384961273
    2         -10.971751614184
    3          -0.725558884853
    4          -0.337192695583
    5          -0.335196220368
    6          -0.333720091037
    7          -0.041634110815
    8           0.116916278995
    9           0.147693120553
   10           0.182141928617
   11           0.209063530983
   12           0.210648680760
   13           0.235031512156
   14           0.235451162965
   15           0.244713619240
   16           0.287870237712
   17           0.395155397568
   18           0.402391049363
   19           0.403835938822
   20           0.407981228740
   21           0.408132311691
   22           0.417859299932
   23           0.417994241350
   24           0.434044359035
   25           0.503889035926
   26           0.506457744908
   27           0.542638690074
   28           0.543074164589
   29           0.543847888225
   30           0.545102101430
   31           0.545102118224
   32           0.551480767307
   33           0.620847346077
   34           0.671820068963
   35           0.734606455192
   36           0.734729590512
   37           1.127066470948
   38           1.131381361884
   39           1.134968527485
   40           1.141807318304
   41           1.162921919429
   42           1.176789560952
   43           1.181946009702
   44           1.182468414489
   45           1.185677353181
   46           1.190764597582
   47           1.191812673809
   48           1.198117372547
   49           1.200294322370
   50           1.219846674155
   51           1.236374788527
   52           1.246661073447
   53           1.367188555403
   54           1.370595042372
   55           1.370696231255
   56           1.378845729181
   57           1.378883679778
   58           1.381521051438
   59           1.381521180711
   60           1.384887914827
   61           1.393758604798
   62           1.393758604822
   63           1.410534208061
   64           1.410534302307
   65           1.424276539808
   66           1.474397921278
   67           1.474495799998
   68           1.481098574788
   69           2.005497173429
   70           2.166073113695
   71           3.131510598894
   72           3.147818576849
   73           3.148232023040
   74           3.382520641374
   75           3.419814079042
   76           3.419881076655
   77           3.484040983534
   78           3.485937902616
   79           3.486162559278
   80           3.489971397600
   81           3.509726779923
   82           3.536332557525
   83           3.538072318973
   84           3.542681617863
   85           3.546201748643
   86           3.546667597808
   87           3.559333350355
   88           3.567980437583
   89           3.773528903764
   90           3.773602462102
   91           3.781641567892
   92           3.801251525552
   93           3.801303853516
   94           3.812589392444
   95           3.812589535229
   96           3.812953099594
   97           3.812953167580
   98           3.816435481746
   99           3.833884167288
  100           3.833884167350
  101           6.175212769042
  102           6.421561779833
  103           7.325830862173
  104           7.353919569623
  105           7.411670485048
  106           7.562944237111
  107           7.563573429338
  108           7.678299273401
  109           8.559268631366
  110           8.805378798971
 
 
  Eigenvalues for: E-BETA
 -----------------
 
    1         -11.197215417341
    2         -10.990251447872
    3          -0.480293726751
    4          -0.448611055386
    5          -0.075490039760
    6          -0.075375777474
    7           0.134948938240
    8           0.143115597181
    9           0.156580076507
   10           0.191997326049
   11           0.227676199373
   12           0.228576415381
   13           0.251663171404
   14           0.253508850691
   15           0.268475678732
   16           0.270694239072
   17           0.276940734958
   18           0.397154107166
   19           0.411828130906
   20           0.413398532843
   21           0.420719899656
   22           0.426259997262
   23           0.430805226590
   24           0.463098710080
   25           0.513490043233
   26           0.513493162614
   27           0.527495289818
   28           0.545013292030
   29           0.546377632424
   30           0.559512344129
   31           0.584245354131
   32           0.590893102665
   33           0.645968912445
   34           0.646225508658
   35           0.647834707728
   36           0.737497137416
   37           1.187322846853
   38           1.192774554655
   39           1.193802358797
   40           1.197396967404
   41           1.198530935533
   42           1.198774810864
   43           1.211571700867
   44           1.212104975895
   45           1.217397314396
   46           1.229385291598
   47           1.229859541091
   48           1.235095843286
   49           1.259736723944
   50           1.266578638518
   51           1.306187750724
   52           1.309126063016
   53           1.311863518839
   54           1.311871340316
   55           1.356469328297
   56           1.356469328612
   57           1.366689678613
   58           1.367227797143
   59           1.369381766171
   60           1.369383187437
   61           1.370067904406
   62           1.378464858471
   63           1.379109008761
   64           1.393960595243
   65           1.407004884176
   66           1.407167078773
   67           1.454078586100
   68           1.512157069140
   69           2.016717475222
   70           2.159940798813
   71           3.168684788784
   72           3.220232137432
   73           3.235432977599
   74           3.357678401630
   75           3.357754188661
   76           3.422634894719
   77           3.550534941207
   78           3.561082901423
   79           3.564843004630
   80           3.573089607300
   81           3.579266308100
   82           3.582973828594
   83           3.601178535426
   84           3.601453879378
   85           3.615481223891
   86           3.630566433025
   87           3.638751041890
   88           3.646778802403
   89           3.715278684383
   90           3.715281003058
   91           3.761649938682
   92           3.762038261782
   93           3.768242248566
   94           3.768242248571
   95           3.787435142470
   96           3.787435227183
   97           3.795005315869
   98           3.800426098569
   99           3.800531072071
  100           3.828254059289
  101           6.216724958957
  102           6.403831073109
  103           7.332766570565
  104           7.372717295954
  105           7.429067176461
  106           7.549662936107
  107           7.550748053547
  108           7.687020633909
  109           8.588957012277
  110           8.792460571002
 
  end of eigenvalues 
 
  Occupied Eigenvectors for: E-ALPHA
 --------------------------- 
 
                         -11.2424       -10.9718        -0.7256        -0.3372        -0.3352   
 
    1      C     S       0.974605       0.000048      -0.004367       0.000227       0.000000
    2      C     S      -0.005227       0.000096       0.582313       0.001788       0.000000
    3      C     S       0.048411       0.000107       0.153613       0.000199      -0.000000
    4      C     S      -0.014542      -0.000436       0.345285      -0.002114       0.000000
    5      C     S      -0.003301      -0.000499       0.029008       0.007881      -0.000000
    6      C    Px      -0.000000      -0.000000      -0.000000       0.000000       0.361173
    7      C    Py       0.000000       0.000000      -0.000000      -0.000000      -0.043912
    8      C    Pz      -0.000106      -0.000040       0.002917       0.124418       0.000000
    9      C    Px       0.000000       0.000000      -0.000000       0.000000       0.478192
   10      C    Py      -0.000000      -0.000000       0.000000      -0.000000      -0.058140
   11      C    Pz       0.000512       0.000121       0.003707       0.164301       0.000000
   12      C    Px       0.000000       0.000000       0.000000       0.000000       0.286017
   13      C    Py      -0.000000      -0.000000       0.000000      -0.000000      -0.034775
   14      C    Pz       0.000337       0.000282      -0.007467       0.094065       0.000000
   15      C    Px      -0.000000      -0.000000      -0.000000       0.000000       0.024635
   16      C    Py       0.000000      -0.000000      -0.000000       0.000000      -0.002995
   17      C    Pz      -0.000162      -0.000123      -0.000039       0.011738       0.000000
   18      C   Dxx       0.002059       0.000010       0.012012      -0.000178      -0.000000
   19      C   Dxy      -0.000270      -0.000000      -0.002964       0.000002      -0.000000
   20      C   Dxz       0.000000      -0.000000      -0.000000       0.000000       0.000365
   21      C   Dyy       0.000164       0.000010      -0.008792      -0.000163      -0.000000
   22      C   Dyz      -0.000000      -0.000000      -0.000000       0.000000      -0.000044
   23      C   Dzz       0.002099       0.000020       0.012417       0.000083      -0.000000
   24      C   Dxx       0.007131       0.000162       0.019721      -0.000868      -0.000000
   25      C   Dxy      -0.000037      -0.000000      -0.005567       0.000013       0.000000
   26      C   Dxz       0.000000      -0.000000      -0.000000      -0.000000      -0.001887
   27      C   Dyy       0.006872       0.000162      -0.019344      -0.000775      -0.000000
   28      C   Dyz      -0.000000       0.000000      -0.000000      -0.000000       0.000229
   29      C   Dzz       0.007143       0.000121       0.018768      -0.002190      -0.000000
   30      C   Dxx       0.002633       0.000187      -0.008202      -0.002685      -0.000000
   31      C   Dxy      -0.000010      -0.000000      -0.001546       0.000017      -0.000000
   32      C   Dxz       0.000000      -0.000000       0.000000       0.000000      -0.009613
   33      C   Dyy       0.002561       0.000187      -0.019049      -0.002564      -0.000000
   34      C   Dyz       0.000000       0.000000      -0.000000       0.000000       0.001169
   35      C   Dzz       0.002595       0.000263      -0.009904      -0.007643      -0.000000
   36      C  Fxxx      -0.000000      -0.000000       0.000000      -0.000000       0.014105
   37      C  Fxxy       0.000000       0.000000      -0.000000      -0.000000      -0.001064
   38      C  Fxxz      -0.000111      -0.000024      -0.000091       0.002251       0.000000
   39      C  Fxyy      -0.000000      -0.000000       0.000000      -0.000000       0.005139
   40      C  Fxyz       0.000000       0.000000       0.000001      -0.000059      -0.000000
   41      C  Fxzz      -0.000000      -0.000000       0.000000       0.000000       0.006453
   42      C  Fyyy       0.000000       0.000000      -0.000000      -0.000000      -0.001387
   43      C  Fyyz      -0.000109      -0.000024      -0.000084       0.001834       0.000000
   44      C  Fyzz       0.000000       0.000000      -0.000000      -0.000000      -0.000785
   45      C  Fzzz      -0.000251      -0.000088      -0.000173       0.005167       0.000000
   46      C  Fxxx      -0.000000      -0.000000      -0.000000      -0.000000       0.026265
   47      C  Fxxy       0.000000       0.000000      -0.000000      -0.000000      -0.001858
   48      C  Fxxz      -0.000117      -0.000094      -0.000287       0.004713       0.000000
   49      C  Fxyy      -0.000000      -0.000000      -0.000000      -0.000000       0.010057
   50      C  Fxyz       0.000001      -0.000000       0.000079      -0.000083      -0.000000
   51      C  Fxzz      -0.000000      -0.000000      -0.000000      -0.000000       0.009972
   52      C  Fyyy       0.000000       0.000000      -0.000000      -0.000000      -0.002720
   53      C  Fyyz      -0.000113      -0.000094       0.000268       0.004131       0.000000
   54      C  Fyzz       0.000000       0.000000      -0.000000      -0.000000      -0.001212
   55      C  Fzzz      -0.000263      -0.000131      -0.001454       0.009220       0.000000
   56      C     S      -0.000048      -0.976039       0.000072      -0.012866       0.000000
   57      C     S      -0.000090       0.007624       0.000377       0.477433      -0.000000
   58      C     S      -0.000103      -0.044312       0.000249       0.120606      -0.000000
   59      C     S       0.000381       0.015929       0.000123       0.362772      -0.000000
   60      C     S       0.000567       0.003338      -0.002788       0.044220      -0.000000
   61      C    Px      -0.000000       0.000000       0.000000       0.000000      -0.000015
   62      C    Py       0.000000       0.000000      -0.000000       0.000000       0.000002
   63      C    Pz      -0.000032      -0.000052      -0.000113      -0.001006       0.000000
   64      C    Px       0.000000      -0.000000      -0.000000      -0.000000       0.000012
   65      C    Py      -0.000000      -0.000000       0.000000      -0.000000      -0.000001
   66      C    Pz       0.000094       0.000168      -0.000130      -0.001191      -0.000000
   67      C    Px      -0.000000      -0.000000      -0.000000      -0.000000       0.000933
   68      C    Py       0.000000      -0.000000       0.000000       0.000000      -0.000113
   69      C    Pz       0.000246       0.000193      -0.000543      -0.004329      -0.000000
   70      C    Px       0.000000       0.000000      -0.000000       0.000000      -0.001388
   71      C    Py      -0.000000       0.000000      -0.000000      -0.000000       0.000169
   72      C    Pz      -0.000155      -0.000102       0.000974       0.004678       0.000000
   73      C   Dxx      -0.000011      -0.001725       0.000021      -0.006236      -0.000000
   74      C   Dxy       0.000000      -0.000000       0.000000       0.000002       0.000000
   75      C   Dxz       0.000000       0.000000      -0.000000      -0.000000       0.000025
   76      C   Dyy      -0.000011      -0.001726       0.000024      -0.006223      -0.000000
   77      C   Dyz      -0.000000       0.000000       0.000000      -0.000000      -0.000003
   78      C   Dzz      -0.000016      -0.003822       0.000028       0.022141      -0.000000
   79      C   Dxx      -0.000150      -0.007706       0.000218      -0.013283      -0.000000
   80      C   Dxy      -0.000000       0.000000      -0.000002       0.000003      -0.000000
   81      C   Dxz       0.000000       0.000000      -0.000000      -0.000000      -0.000187
   82      C   Dyy      -0.000150      -0.007706       0.000206      -0.013264      -0.000000
   83      C   Dyz      -0.000000      -0.000000      -0.000000      -0.000000       0.000023
   84      C   Dzz      -0.000128      -0.007644       0.000349       0.056307      -0.000000
   85      C   Dxx      -0.000207      -0.002665       0.000771       0.000238      -0.000000
   86      C   Dxy       0.000000      -0.000000       0.000004       0.000010       0.000000
   87      C   Dxz      -0.000000      -0.000000      -0.000000      -0.000000       0.000482
   88      C   Dyy      -0.000206      -0.002665       0.000798       0.000308      -0.000000
   89      C   Dyz      -0.000000       0.000000      -0.000000      -0.000000      -0.000059
   90      C   Dzz      -0.000240      -0.002882       0.000543       0.043023      -0.000000
   91      C  Fxxx      -0.000000       0.000000       0.000000       0.000000      -0.000058
   92      C  Fxxy       0.000000       0.000000      -0.000000      -0.000000       0.000003
   93      C  Fxxz      -0.000019      -0.000037      -0.000003       0.000063       0.000000
   94      C  Fxyy      -0.000000       0.000000       0.000000       0.000000      -0.000026
   95      C  Fxyz       0.000000       0.000000       0.000000       0.000001       0.000000
   96      C  Fxzz      -0.000000       0.000000       0.000000       0.000000      -0.000023
   97      C  Fyyy       0.000000       0.000000      -0.000000       0.000000       0.000007
   98      C  Fyyz      -0.000019      -0.000037      -0.000001       0.000067       0.000000
   99      C  Fyzz       0.000000       0.000000      -0.000000       0.000000       0.000003
  100      C  Fzzz      -0.000071      -0.000087       0.000017       0.000047       0.000000
  101      C  Fxxx       0.000000       0.000000       0.000000       0.000000      -0.000318
  102      C  Fxxy       0.000000       0.000000      -0.000000       0.000000       0.000017
  103      C  Fxxz      -0.000079      -0.000057       0.000102       0.000460       0.000000
  104      C  Fxyy       0.000000       0.000000      -0.000000       0.000000      -0.000142
  105      C  Fxyz      -0.000000       0.000000      -0.000001      -0.000004      -0.000000
  106      C  Fxzz       0.000000       0.000000      -0.000000       0.000000      -0.000126
  107      C  Fyyy      -0.000000       0.000000      -0.000000       0.000000       0.000039
  108      C  Fyyz      -0.000079      -0.000057       0.000098       0.000435       0.000000
  109      C  Fyzz       0.000000       0.000000      -0.000000       0.000000       0.000015
  110      C  Fzzz      -0.000111      -0.000120       0.000081       0.000854       0.000000
 
                          -0.3337        -0.0416   
 
    1      C     S       0.001421       0.000509
    2      C     S       0.011796       0.011628
    3      C     S       0.004013       0.003476
    4      C     S      -0.000351       0.025932
    5      C     S      -0.007132      -0.023488
    6      C    Px      -0.000000      -0.000000
    7      C    Py      -0.000000      -0.000000
    8      C    Pz       0.344019       0.011528
    9      C    Px      -0.000000       0.000000
   10      C    Py      -0.000000      -0.000000
   11      C    Pz       0.455327       0.014336
   12      C    Px      -0.000000       0.000000
   13      C    Py      -0.000000      -0.000000
   14      C    Pz       0.263639       0.008782
   15      C    Px      -0.000000      -0.000000
   16      C    Py      -0.000000      -0.000000
   17      C    Pz       0.022513       0.004717
   18      C   Dxx      -0.000083       0.000409
   19      C   Dxy      -0.000017      -0.000042
   20      C   Dxz      -0.000000      -0.000000
   21      C   Dyy      -0.000205       0.000116
   22      C   Dyz      -0.000000      -0.000000
   23      C   Dzz       0.000419      -0.000163
   24      C   Dxx       0.000205       0.000229
   25      C   Dxy       0.000004      -0.000032
   26      C   Dxz       0.000000       0.000000
   27      C   Dyy       0.000233       0.000004
   28      C   Dyz       0.000000       0.000000
   29      C   Dzz      -0.003573      -0.000011
   30      C   Dxx       0.000377       0.007110
   31      C   Dxy       0.000008      -0.000150
   32      C   Dxz       0.000000      -0.000000
   33      C   Dyy       0.000433       0.006058
   34      C   Dyz       0.000000      -0.000000
   35      C   Dzz      -0.017511       0.000889
   36      C  Fxxx      -0.000000      -0.000000
   37      C  Fxxy      -0.000000      -0.000000
   38      C  Fxxz       0.006028       0.000303
   39      C  Fxyy      -0.000000      -0.000000
   40      C  Fxyz      -0.000160       0.000005
   41      C  Fxzz      -0.000000      -0.000000
   42      C  Fyyy      -0.000000      -0.000000
   43      C  Fyyz       0.004903       0.000336
   44      C  Fyzz      -0.000000      -0.000000
   45      C  Fzzz       0.013825       0.001063
   46      C  Fxxx      -0.000000      -0.000000
   47      C  Fxxy      -0.000000      -0.000000
   48      C  Fxxz       0.012590       0.001873
   49      C  Fxyy      -0.000000      -0.000000
   50      C  Fxyz      -0.000234      -0.000024
   51      C  Fxzz      -0.000000      -0.000000
   52      C  Fyyy      -0.000000      -0.000000
   53      C  Fyyz       0.010945       0.001708
   54      C  Fyzz      -0.000000      -0.000000
   55      C  Fzzz       0.024023       0.002124
   56      C     S       0.004668      -0.000466
   57      C     S      -0.175888      -0.001027
   58      C     S      -0.044885      -0.001297
   59      C     S      -0.129699      -0.001674
   60      C     S      -0.022651       0.018901
   61      C    Px      -0.000000      -0.000000
   62      C    Py       0.000000      -0.000000
   63      C    Pz      -0.001674       0.284194
   64      C    Px       0.000000      -0.000000
   65      C    Py       0.000000      -0.000000
   66      C    Pz      -0.001159       0.361471
   67      C    Px       0.000000      -0.000000
   68      C    Py       0.000000      -0.000000
   69      C    Pz      -0.000196       0.365546
   70      C    Px       0.000000      -0.000000
   71      C    Py      -0.000000      -0.000000
   72      C    Pz      -0.000123       0.247128
   73      C   Dxx       0.002227      -0.000189
   74      C   Dxy      -0.000001      -0.000001
   75      C   Dxz       0.000000      -0.000000
   76      C   Dyy       0.002221      -0.000198
   77      C   Dyz       0.000000       0.000000
   78      C   Dzz      -0.008253      -0.000062
   79      C   Dxx       0.004053      -0.001293
   80      C   Dxy      -0.000001       0.000006
   81      C   Dxz       0.000000       0.000000
   82      C   Dyy       0.004049      -0.001248
   83      C   Dyz       0.000000      -0.000000
   84      C   Dzz      -0.020945      -0.001932
   85      C   Dxx       0.000563      -0.005760
   86      C   Dxy      -0.000005      -0.000029
   87      C   Dxz       0.000000      -0.000000
   88      C   Dyy       0.000531      -0.005964
   89      C   Dyz       0.000000       0.000000
   90      C   Dzz      -0.015492      -0.003295
   91      C  Fxxx      -0.000000      -0.000000
   92      C  Fxxy      -0.000000      -0.000000
   93      C  Fxxz      -0.000219       0.001360
   94      C  Fxyy      -0.000000      -0.000000
   95      C  Fxyz      -0.000000      -0.000001
   96      C  Fxzz       0.000000      -0.000000
   97      C  Fyyy      -0.000000      -0.000000
   98      C  Fyyz      -0.000220       0.001356
   99      C  Fyzz       0.000000      -0.000000
  100      C  Fzzz      -0.000478       0.022581
  101      C  Fxxx      -0.000000       0.000000
  102      C  Fxxy      -0.000000       0.000000
  103      C  Fxxz      -0.000221      -0.003573
  104      C  Fxyy      -0.000000       0.000000
  105      C  Fxyz       0.000001       0.000009
  106      C  Fxzz      -0.000000      -0.000000
  107      C  Fyyy      -0.000000       0.000000
  108      C  Fyyz      -0.000212      -0.003508
  109      C  Fyzz      -0.000000      -0.000000
  110      C  Fzzz      -0.001366       0.035567
 
 
  Occupied Eigenvectors for: E-BETA
 --------------------------- 
 
                         -11.1972       -10.9903        -0.4803        -0.4486        -0.0755   
 
    1      C     S      -0.976531       0.000041      -0.008754       0.000147      -0.000000
    2      C     S       0.008895       0.000080       0.533309      -0.004135       0.000000
    3      C     S      -0.042673       0.000091       0.136120      -0.001213      -0.000000
    4      C     S       0.016429      -0.000273       0.391046      -0.002636       0.000000
    5      C     S       0.003506      -0.000671       0.023796      -0.001430       0.000000
    6      C    Px       0.000000      -0.000000       0.000000       0.000000       0.000694
    7      C    Py      -0.000000       0.000000      -0.000000       0.000000      -0.000084
    8      C    Pz      -0.000079      -0.000018      -0.008550       0.000118      -0.000000
    9      C    Px      -0.000000       0.000000      -0.000000      -0.000000       0.000613
   10      C    Py       0.000000      -0.000000       0.000000      -0.000000      -0.000074
   11      C    Pz       0.000391       0.000037      -0.011473       0.000025       0.000000
   12      C    Px      -0.000000       0.000000       0.000000       0.000000       0.000778
   13      C    Py       0.000000      -0.000000       0.000000       0.000000      -0.000095
   14      C    Pz      -0.000020       0.000194      -0.015916       0.000780       0.000000
   15      C    Px       0.000000      -0.000000      -0.000000      -0.000000      -0.000988
   16      C    Py      -0.000000      -0.000000      -0.000000      -0.000000       0.000120
   17      C    Pz       0.000149      -0.000205      -0.002181      -0.000548      -0.000000
   18      C   Dxx      -0.002480       0.000013      -0.003180      -0.000026      -0.000000
   19      C   Dxy      -0.000153       0.000000       0.002635      -0.000021      -0.000000
   20      C   Dxz      -0.000000      -0.000000       0.000000       0.000000      -0.000046
   21      C   Dyy      -0.003553       0.000013       0.015309      -0.000175      -0.000000
   22      C   Dyz      -0.000000      -0.000000       0.000000      -0.000000       0.000006
   23      C   Dzz      -0.002447       0.000009      -0.003573       0.000002      -0.000000
   24      C   Dxx      -0.008086       0.000123      -0.001751      -0.000120      -0.000000
   25      C   Dxy       0.000064      -0.000000       0.005459      -0.000045       0.000000
   26      C   Dxz      -0.000000      -0.000000       0.000000      -0.000000       0.000489
   27      C   Dyy      -0.007637       0.000123       0.036559      -0.000434      -0.000000
   28      C   Dyz       0.000000       0.000000       0.000000      -0.000000      -0.000059
   29      C   Dzz      -0.008123       0.000131      -0.003118      -0.000217      -0.000000
   30      C   Dxx      -0.002755       0.000234       0.003159       0.000058      -0.000000
   31      C   Dxy      -0.000024      -0.000000       0.000992      -0.000005      -0.000000
   32      C   Dxz      -0.000000      -0.000000       0.000000      -0.000000      -0.001427
   33      C   Dyy      -0.002920       0.000234       0.010122       0.000025      -0.000000
   34      C   Dyz      -0.000000       0.000000       0.000000       0.000000       0.000174
   35      C   Dzz      -0.002686       0.000203       0.000041       0.000328      -0.000000
   36      C  Fxxx       0.000000      -0.000000       0.000000       0.000000       0.000099
   37      C  Fxxy      -0.000000       0.000000      -0.000000       0.000000      -0.000001
   38      C  Fxxz      -0.000069      -0.000008      -0.000020       0.000030      -0.000000
   39      C  Fxyy       0.000000      -0.000000       0.000000       0.000000       0.000062
   40      C  Fxyz       0.000000       0.000000      -0.000051       0.000000      -0.000000
   41      C  Fxzz       0.000000      -0.000000       0.000000       0.000000       0.000080
   42      C  Fyyy      -0.000000       0.000000      -0.000000       0.000000      -0.000017
   43      C  Fyyz      -0.000067      -0.000008      -0.000375       0.000033      -0.000000
   44      C  Fyzz      -0.000000       0.000000      -0.000000       0.000000      -0.000010
   45      C  Fzzz      -0.000156      -0.000039       0.000101      -0.000032      -0.000000
   46      C  Fxxx       0.000000      -0.000000      -0.000000       0.000000       0.000175
   47      C  Fxxy      -0.000000       0.000000      -0.000000      -0.000000       0.000012
   48      C  Fxxz      -0.000037      -0.000054       0.000522      -0.000228      -0.000000
   49      C  Fxyy       0.000000      -0.000000      -0.000000       0.000000       0.000165
   50      C  Fxyz      -0.000000      -0.000000      -0.000104       0.000003      -0.000000
   51      C  Fxzz       0.000000      -0.000000      -0.000000      -0.000000      -0.000008
   52      C  Fyyy      -0.000000       0.000000      -0.000000      -0.000000      -0.000046
   53      C  Fyyz      -0.000037      -0.000054      -0.000211      -0.000208      -0.000000
   54      C  Fyzz      -0.000000       0.000000      -0.000000      -0.000000       0.000001
   55      C  Fzzz      -0.000077      -0.000076       0.000434      -0.000183      -0.000000
   56      C     S       0.000039      -0.975269      -0.000132      -0.012564       0.000000
   57      C     S       0.000076       0.006078       0.003617       0.528674       0.000000
   58      C     S       0.000080      -0.046650       0.000619       0.133513       0.000000
   59      C     S      -0.000248       0.015105       0.003879       0.381251      -0.000000
   60      C     S      -0.000584       0.003542       0.000928       0.048039      -0.000000
   61      C    Px       0.000000       0.000000      -0.000000      -0.000000       0.302796
   62      C    Py      -0.000000       0.000000      -0.000000      -0.000000      -0.036815
   63      C    Pz       0.000017      -0.000046      -0.000085       0.000055       0.000000
   64      C    Px      -0.000000      -0.000000      -0.000000      -0.000000       0.392170
   65      C    Py       0.000000      -0.000000       0.000000       0.000000      -0.047681
   66      C    Pz      -0.000032       0.000125       0.000189       0.000260       0.000000
   67      C    Px       0.000000      -0.000000       0.000000      -0.000000       0.367576
   68      C    Py      -0.000000      -0.000000       0.000000       0.000000      -0.044691
   69      C    Pz      -0.000190       0.000246       0.000231       0.000473       0.000000
   70      C    Px      -0.000000       0.000000      -0.000000       0.000000       0.172579
   71      C    Py       0.000000       0.000000      -0.000000       0.000000      -0.020982
   72      C    Pz       0.000176      -0.000209      -0.000019      -0.000617       0.000000
   73      C   Dxx       0.000010      -0.002615       0.000048       0.014028      -0.000000
   74      C   Dxy       0.000000       0.000000      -0.000000      -0.000002      -0.000000
   75      C   Dxz      -0.000000      -0.000000      -0.000000       0.000000       0.000025
   76      C   Dyy       0.000010      -0.002613       0.000047       0.014014       0.000000
   77      C   Dyz       0.000000      -0.000000      -0.000000       0.000000      -0.000003
   78      C   Dzz       0.000008      -0.000391      -0.000172      -0.015338       0.000000
   79      C   Dxx       0.000110      -0.007333      -0.000226       0.030570       0.000000
   80      C   Dxy      -0.000000       0.000000       0.000001      -0.000003      -0.000000
   81      C   Dxz      -0.000000       0.000000       0.000000       0.000000       0.000069
   82      C   Dyy       0.000109      -0.007333      -0.000221       0.030552       0.000000
   83      C   Dyz       0.000000       0.000000       0.000000       0.000000      -0.000008
   84      C   Dzz       0.000111      -0.007378      -0.000633      -0.037055       0.000000
   85      C   Dxx       0.000201      -0.002841      -0.000206       0.015121       0.000000
   86      C   Dxy       0.000000      -0.000000      -0.000001       0.000013      -0.000000
   87      C   Dxz       0.000000      -0.000000       0.000000       0.000000      -0.000406
   88      C   Dyy       0.000203      -0.002841      -0.000212       0.015214       0.000000
   89      C   Dyz       0.000000      -0.000000       0.000000       0.000000       0.000049
   90      C   Dzz       0.000192      -0.002551      -0.000585      -0.017083       0.000000
   91      C  Fxxx       0.000000       0.000000       0.000000       0.000000       0.017181
   92      C  Fxxy      -0.000000       0.000000      -0.000000      -0.000000      -0.000936
   93      C  Fxxz       0.000007      -0.000033      -0.000056      -0.000036       0.000000
   94      C  Fxyy       0.000000       0.000000       0.000000       0.000000       0.007676
   95      C  Fxyz       0.000000       0.000000      -0.000000       0.000001       0.000000
   96      C  Fxzz       0.000000       0.000000       0.000000       0.000000      -0.000897
   97      C  Fyyy      -0.000000       0.000000      -0.000000      -0.000000      -0.002087
   98      C  Fyyz       0.000007      -0.000033      -0.000056      -0.000032       0.000000
   99      C  Fyzz      -0.000000       0.000000      -0.000000      -0.000000       0.000109
  100      C  Fzzz       0.000037      -0.000069      -0.000107      -0.000091      -0.000000
  101      C  Fxxx      -0.000000       0.000000       0.000000       0.000000       0.022851
  102      C  Fxxy      -0.000000       0.000000      -0.000000      -0.000000      -0.001232
  103      C  Fxxz       0.000055      -0.000054      -0.000068      -0.000117       0.000000
  104      C  Fxyy      -0.000000       0.000000       0.000000      -0.000000       0.010259
  105      C  Fxyz      -0.000000       0.000000       0.000000      -0.000004       0.000000
  106      C  Fxzz      -0.000000       0.000000      -0.000000       0.000000      -0.008223
  107      C  Fyyy       0.000000       0.000000      -0.000000      -0.000000      -0.002789
  108      C  Fyyz       0.000055      -0.000054      -0.000068      -0.000143      -0.000000
  109      C  Fyzz      -0.000000       0.000000      -0.000000      -0.000000       0.001000
  110      C  Fzzz       0.000072      -0.000131      -0.000189      -0.000259      -0.000000
 
                          -0.0754   
 
    1      C     S      -0.000000
    2      C     S      -0.000000
    3      C     S      -0.000000
    4      C     S       0.000000
    5      C     S      -0.000000
    6      C    Px      -0.000136
    7      C    Py      -0.001121
    8      C    Pz       0.000000
    9      C    Px      -0.000146
   10      C    Py      -0.001204
   11      C    Pz       0.000000
   12      C    Px      -0.000171
   13      C    Py      -0.001409
   14      C    Pz      -0.000000
   15      C    Px       0.000020
   16      C    Py       0.000162
   17      C    Pz      -0.000000
   18      C   Dxx       0.000000
   19      C   Dxy      -0.000000
   20      C   Dxz       0.000005
   21      C   Dyy      -0.000000
   22      C   Dyz       0.000038
   23      C   Dzz      -0.000000
   24      C   Dxx      -0.000000
   25      C   Dxy      -0.000000
   26      C   Dxz      -0.000058
   27      C   Dyy      -0.000000
   28      C   Dyz      -0.000474
   29      C   Dzz      -0.000000
   30      C   Dxx       0.000000
   31      C   Dxy      -0.000000
   32      C   Dxz       0.000147
   33      C   Dyy       0.000000
   34      C   Dyz       0.001209
   35      C   Dzz      -0.000000
   36      C  Fxxx      -0.000011
   37      C  Fxxy      -0.000043
   38      C  Fxxz       0.000000
   39      C  Fxyy      -0.000017
   40      C  Fxyz       0.000000
   41      C  Fxzz      -0.000009
   42      C  Fyyy      -0.000167
   43      C  Fyyz       0.000000
   44      C  Fyzz      -0.000070
   45      C  Fzzz       0.000000
   46      C  Fxxx      -0.000012
   47      C  Fxxy      -0.000047
   48      C  Fxxz       0.000000
   49      C  Fxyy      -0.000048
   50      C  Fxyz      -0.000000
   51      C  Fxzz       0.000001
   52      C  Fyyy      -0.000360
   53      C  Fyyz       0.000000
   54      C  Fyzz       0.000009
   55      C  Fzzz       0.000000
   56      C     S      -0.000000
   57      C     S      -0.000000
   58      C     S      -0.000000
   59      C     S       0.000000
   60      C     S       0.000000
   61      C    Px      -0.036792
   62      C    Py      -0.302608
   63      C    Pz      -0.000000
   64      C    Px      -0.047651
   65      C    Py      -0.391921
   66      C    Pz      -0.000000
   67      C    Px      -0.044660
   68      C    Py      -0.367325
   69      C    Pz      -0.000000
   70      C    Px      -0.021078
   71      C    Py      -0.173362
   72      C    Pz      -0.000000
   73      C   Dxx      -0.000000
   74      C   Dxy       0.000000
   75      C   Dxz      -0.000002
   76      C   Dyy      -0.000000
   77      C   Dyz      -0.000016
   78      C   Dzz      -0.000000
   79      C   Dxx      -0.000000
   80      C   Dxy       0.000000
   81      C   Dxz      -0.000011
   82      C   Dyy      -0.000000
   83      C   Dyz      -0.000094
   84      C   Dzz      -0.000000
   85      C   Dxx      -0.000000
   86      C   Dxy      -0.000000
   87      C   Dxz       0.000072
   88      C   Dyy      -0.000000
   89      C   Dyz       0.000589
   90      C   Dzz      -0.000000
   91      C  Fxxx      -0.002091
   92      C  Fxxy      -0.007690
   93      C  Fxxz      -0.000000
   94      C  Fxyy      -0.000932
   95      C  Fxyz      -0.000000
   96      C  Fxzz       0.000108
   97      C  Fyyy      -0.017179
   98      C  Fyyz      -0.000000
   99      C  Fyzz       0.000890
  100      C  Fzzz       0.000000
  101      C  Fxxx      -0.002779
  102      C  Fxxy      -0.010225
  103      C  Fxxz      -0.000000
  104      C  Fxyy      -0.001258
  105      C  Fxyz      -0.000000
  106      C  Fxzz       0.000997
  107      C  Fyyy      -0.022952
  108      C  Fyyz      -0.000000
  109      C  Fyzz       0.008201
  110      C  Fzzz       0.000000
 
 
  end of eigenvectors 
 
  END OF EIGENVALUES AND EIGENVECTORS
 
 
  COMPONENTS OF KINETIC ENERGY: 
 -----------------------------
 
             E-ALPHA Kinetic energy =           38.436356473492
              E-BETA Kinetic energy =           36.912489843774
                                     _________________________
               Total kinetic energy =           75.348846317266
 
  COMPONENTS OF POTENTIAL ENERGY: 
 -------------------------------
 
          Fixed potential energy    =            3.735368818165
 
  Quantum/Fixed interaction energy: 
 ----------------------------------
 
     E-ALPHA/Fixed interact. energy =          -96.106749215811
      E-BETA/Fixed interact. energy =          -90.193564961753
                                     _________________________
               Total Q/Fixed energy =         -186.300314177564
 
  Coulomb energy: 
 ------------------
 
     E-ALPHA/E-ALPHA Hartree energy =           12.023450883400
       E-BETA/E-BETA Hartree energy =            9.689980951588
      E-ALPHA/E-BETA Hartree energy =           20.431967345722
                                     _________________________
               Total Hartree energy =           42.145399180710
 
  Exchange(HF) energy: 
 ----------------------
 
            E-ALPHA Exchange energy =           -5.397944327575
             E-BETA Exchange energy =           -4.899061977927
                                     _________________________
              Total Exchange energy =          -10.297006305502
 
  TOTAL ENERGY COMPONENTS: 
 ==========================
 
          TOTAL KINETIC ENERGY      =           75.348846317266
          TOTAL POTENTIAL ENERGY    =         -150.716552484191
                                     _________________________
                       TOTAL ENERGY =          -75.367706166925
 
                 VIRIAL RATIO (V/T) =            2.000250300444
 
 
  END ENERGY COMPONENTS
 
 
** TOTAL CPU Time SCF :     22.594 (s)
** TOTAL Elapsed Time SCF :      4.497 (s)
 
 We are calculating properties for E-ALPHA in the HF/KS ground state
 We are calculating properties for E-BETA in the HF/KS ground state
 
  POPULATION ANALYSES: 
 ====================
 
 MULLIKEN Population: for E-        
 ---------------------
 
                          total          spin      
 
    1      C     S       1.950284      -0.002204
    2      C     S       1.063351       0.053167
    3      C     S       0.243107       0.018301
    4      C     S       0.662256      -0.051014
    5      C     S       0.035410       0.004858
    6      C    Px       0.265350       0.265347
    7      C    Py       0.003926       0.003919
    8      C    Pz       0.271976       0.271647
    9      C    Px       0.451067       0.451062
   10      C    Py       0.006674       0.006661
   11      C    Pz       0.460665       0.460029
   12      C    Px       0.215294       0.215276
   13      C    Py       0.003201       0.003164
   14      C    Pz       0.211363       0.210511
   15      C    Px       0.008891       0.009004
   16      C    Py       0.000122       0.000143
   17      C    Pz       0.008611       0.008672
   18      C   Dxx       0.006627       0.010030
   19      C   Dxy       0.000033       0.000003
   20      C   Dxz      -0.000001      -0.000001
   21      C   Dyy       0.004946      -0.016191
   22      C   Dyz      -0.000000       0.000000
   23      C   Dzz       0.006649       0.010551
   24      C   Dxx       0.011731       0.013524
   25      C   Dxy       0.000085       0.000004
   26      C   Dxz       0.000015       0.000012
   27      C   Dyy       0.013077      -0.035660
   28      C   Dyz       0.000002      -0.000001
   29      C   Dzz       0.010302       0.013793
   30      C   Dxx      -0.001701      -0.003828
   31      C   Dxy       0.000012       0.000004
   32      C   Dxz       0.000068       0.000140
   33      C   Dyy      -0.002013      -0.009203
   34      C   Dyz      -0.000029       0.000032
   35      C   Dzz      -0.002685      -0.002746
   36      C  Fxxx       0.011214       0.011214
   37      C  Fxxy       0.000077       0.000077
   38      C  Fxxz       0.003850       0.003849
   39      C  Fxyy       0.003038       0.003038
   40      C  Fxyz       0.000000       0.000000
   41      C  Fxzz       0.003820       0.003820
   42      C  Fyyy       0.000134       0.000133
   43      C  Fyyz       0.003132       0.003119
   44      C  Fyzz       0.000057       0.000056
   45      C  Fzzz       0.011837       0.011842
   46      C  Fxxx       0.017000       0.016998
   47      C  Fxxy       0.000110       0.000109
   48      C  Fxxz       0.006495       0.006512
   49      C  Fxyy       0.004837       0.004835
   50      C  Fxyz       0.000000       0.000000
   51      C  Fxzz       0.004799       0.004799
   52      C  Fyyy       0.000216       0.000211
   53      C  Fyyz       0.005641       0.005635
   54      C  Fyzz       0.000071       0.000071
   55      C  Fzzz       0.016641       0.016662
   56      C     S       1.950831       0.000848
   57      C     S       0.974151      -0.022899
   58      C     S       0.218650      -0.005967
   59      C     S       0.703486       0.007100
   60      C     S       0.065083       0.001809
   61      C    Px       0.199055      -0.199055
   62      C    Py       0.198836      -0.198836
   63      C    Pz       0.175105       0.175105
   64      C    Px       0.358282      -0.358282
   65      C    Py       0.357956      -0.357956
   66      C    Pz       0.318119       0.318119
   67      C    Px       0.314667      -0.314664
   68      C    Py       0.314521      -0.314521
   69      C    Pz       0.318491       0.318493
   70      C    Px       0.093255      -0.093322
   71      C    Py       0.093839      -0.093840
   72      C    Pz       0.146921       0.146914
   73      C   Dxx       0.005690      -0.013360
   74      C   Dxy       0.000000       0.000000
   75      C   Dxz      -0.000000      -0.000000
   76      C   Dyy       0.005689      -0.013341
   77      C   Dyz      -0.000000       0.000000
   78      C   Dzz       0.006873       0.025437
   79      C   Dxx       0.011990      -0.028731
   80      C   Dxy      -0.000000      -0.000000
   81      C   Dxz       0.000000       0.000000
   82      C   Dyy       0.011991      -0.028709
   83      C   Dyz      -0.000000       0.000000
   84      C   Dzz       0.020220       0.063711
   85      C   Dxx       0.005539      -0.005515
   86      C   Dxy       0.000000       0.000000
   87      C   Dxz      -0.000004      -0.000004
   88      C   Dyy       0.005601      -0.005523
   89      C   Dyz       0.000000      -0.000000
   90      C   Dzz       0.013400       0.024155
   91      C  Fxxx       0.013100      -0.013100
   92      C  Fxxy       0.004369      -0.004369
   93      C  Fxxz       0.000728       0.000728
   94      C  Fxyy       0.004362      -0.004362
   95      C  Fxyz      -0.000000      -0.000000
   96      C  Fxzz      -0.000499       0.000499
   97      C  Fyyy       0.013094      -0.013094
   98      C  Fyyz       0.000725       0.000725
   99      C  Fyzz      -0.000494       0.000494
  100      C  Fzzz       0.016586       0.016586
  101      C  Fxxx       0.016589      -0.016589
  102      C  Fxxy       0.005532      -0.005532
  103      C  Fxxz      -0.001905      -0.001905
  104      C  Fxyy       0.005552      -0.005552
  105      C  Fxyz       0.000000       0.000000
  106      C  Fxzz      -0.004320       0.004320
  107      C  Fyyy       0.016664      -0.016664
  108      C  Fyyz      -0.001871      -0.001871
  109      C  Fyzz      -0.004309       0.004309
  110      C  Fzzz       0.026225       0.026225
 
                           __________     __________
              Total =       13.000000       1.000000
 
  Atomic MULLIKEN Population: for E-        
            C                6.001634       2.001987
            C                6.998366      -1.001987
 
 ...end of MULLIKEN Population
 
 
 END POPULATION ANALYSES 
 
 
  POPULATION ANALYSES: 
 ====================
 
 LOWDIN Population: for E-        
 ---------------------
 
                          total          spin      
 
    1      C     S       1.610572      -0.000610
    2      C     S       0.591865       0.015529
    3      C     S       0.417159       0.013635
    4      C     S       0.307399      -0.012248
    5      C     S       0.094643      -0.007528
    6      C    Px       0.246931       0.246930
    7      C    Py       0.003652       0.003648
    8      C    Pz       0.253049       0.252740
    9      C    Px       0.209573       0.209571
   10      C    Py       0.003097       0.003091
   11      C    Pz       0.213894       0.213584
   12      C    Px       0.115773       0.115765
   13      C    Py       0.001716       0.001701
   14      C    Pz       0.114813       0.114414
   15      C    Px       0.020895       0.020041
   16      C    Py       0.000774      -0.000169
   17      C    Pz       0.027536       0.026151
   18      C   Dxx       0.168752       0.017782
   19      C   Dxy       0.000036       0.000003
   20      C   Dxz       0.000000       0.000000
   21      C   Dyy       0.167185      -0.010258
   22      C   Dyz       0.000000      -0.000000
   23      C   Dzz       0.168480       0.018164
   24      C   Dxx       0.141968       0.006536
   25      C   Dxy       0.000077       0.000004
   26      C   Dxz       0.000021       0.000021
   27      C   Dyy       0.142499      -0.031074
   28      C   Dyz       0.000000       0.000000
   29      C   Dzz       0.140048       0.007009
   30      C   Dxx       0.016689      -0.002527
   31      C   Dxy       0.000018       0.000003
   32      C   Dxz       0.000173       0.000017
   33      C   Dyy       0.017175      -0.008454
   34      C   Dyz       0.000083      -0.000081
   35      C   Dzz       0.019332       0.000851
   36      C  Fxxx       0.133770       0.133769
   37      C  Fxxy       0.000881       0.000879
   38      C  Fxxz       0.059491       0.059408
   39      C  Fxyy       0.057571       0.057570
   40      C  Fxyz       0.000000       0.000000
   41      C  Fxzz       0.058051       0.058050
   42      C  Fyyy       0.001954       0.001951
   43      C  Fyyz       0.058840       0.058745
   44      C  Fyzz       0.000859       0.000857
   45      C  Fzzz       0.136347       0.136152
   46      C  Fxxx       0.078237       0.078236
   47      C  Fxxy       0.000507       0.000505
   48      C  Fxxz       0.033387       0.033299
   49      C  Fxyy       0.032421       0.032421
   50      C  Fxyz       0.000000       0.000000
   51      C  Fxzz       0.032512       0.032506
   52      C  Fyyy       0.001135       0.001132
   53      C  Fyyz       0.032795       0.032688
   54      C  Fyzz       0.000485       0.000476
   55      C  Fzzz       0.077719       0.077505
   56      C     S       1.609786       0.000244
   57      C     S       0.562595      -0.007965
   58      C     S       0.397350      -0.005735
   59      C     S       0.320712       0.003612
   60      C     S       0.116838       0.006155
   61      C    Px       0.183147      -0.183147
   62      C    Py       0.182934      -0.182934
   63      C    Pz       0.159705       0.159705
   64      C    Px       0.173451      -0.173451
   65      C    Py       0.173298      -0.173298
   66      C    Pz       0.157455       0.157455
   67      C    Px       0.168643      -0.168643
   68      C    Py       0.168703      -0.168703
   69      C    Pz       0.179385       0.179376
   70      C    Px       0.089760      -0.089723
   71      C    Py       0.090175      -0.090175
   72      C    Pz       0.124081       0.123032
   73      C   Dxx       0.154052      -0.018646
   74      C   Dxy       0.000000       0.000000
   75      C   Dxz       0.000000      -0.000000
   76      C   Dyy       0.154053      -0.018629
   77      C   Dyz       0.000000      -0.000000
   78      C   Dzz       0.155902       0.025587
   79      C   Dxx       0.145428      -0.023370
   80      C   Dxy       0.000000       0.000000
   81      C   Dxz       0.000000      -0.000000
   82      C   Dyy       0.145451      -0.023356
   83      C   Dyz       0.000000      -0.000000
   84      C   Dzz       0.153108       0.051610
   85      C   Dxx       0.025650      -0.004278
   86      C   Dxy       0.000000       0.000000
   87      C   Dxz       0.000001       0.000001
   88      C   Dyy       0.025680      -0.004281
   89      C   Dyz       0.000000      -0.000000
   90      C   Dzz       0.031693       0.018676
   91      C  Fxxx       0.112103      -0.112103
   92      C  Fxxy       0.048548      -0.048548
   93      C  Fxxz       0.040044       0.040044
   94      C  Fxyy       0.048595      -0.048595
   95      C  Fxyz       0.000000       0.000000
   96      C  Fxzz       0.043803      -0.043803
   97      C  Fyyy       0.112001      -0.112001
   98      C  Fyyz       0.040048       0.040048
   99      C  Fyzz       0.043761      -0.043761
  100      C  Fzzz       0.103750       0.103750
  101      C  Fxxx       0.100367      -0.100367
  102      C  Fxxy       0.043134      -0.043134
  103      C  Fxxz       0.039264       0.039264
  104      C  Fxyy       0.043151      -0.043151
  105      C  Fxyz       0.000000       0.000000
  106      C  Fxzz       0.036484      -0.036484
  107      C  Fyyy       0.100381      -0.100381
  108      C  Fyyz       0.039284       0.039284
  109      C  Fyzz       0.036488      -0.036488
  110      C  Fzzz       0.106918       0.106915
 
                           __________     __________
              Total =       13.000000       1.000000
 
  Atomic LOWDIN Population: for E-        
            C                6.012842       2.010392
            C                6.987158      -1.010392
 
 ...end of LOWDIN Population
 
 
 END POPULATION ANALYSES 
 
 
  EXPECTED POSITIONS OF QUANTUM SPECIES:
 ======================
 
 POSITIONS IN ANGSTROMS
 ------
 
                        <x>      <y>      <z>         
            E-ALPHA  -0.0000   0.0000  15.2716
             E-BETA   0.0000  -0.0000  20.3676
 
 END EXPECTED POSITIONS
 
 
  ELECTROSTATIC MOMENTS:
 ======================
 
 
 DIPOLE: (A.U.)
 ------
 
                           <Dx>         <Dy>         <Dz>          |D|
            E-ALPHA   0.00000000  -0.00000000 -28.85923186
             E-BETA  -0.00000000   0.00000000 -38.48913972
    Point charges:    0.00000000   0.00000000  57.82561522
                     ____________________________
      Total Dipole:  -0.00000000   0.00000000  -9.52275636   9.52275636
 
 DIPOLE: (DEBYE)
 ------
 
                           <Dx>         <Dy>         <Dz>          |D|
            E-ALPHA   0.00000000  -0.00000000 -73.35284118
             E-BETA  -0.00000000   0.00000000 -97.82962229
    Point charges:    0.00000000   0.00000000 146.97803426
                     ____________________________
      Total Dipole:  -0.00000000   0.00000000 -24.20442921  24.20442921
 
 QUADRUPOLE NON-TRACELESS: (DEBYE ANGS)
 ------
 
                           <xx>         <yy>         <zz>         <xy>         <xz>         <yz>
            E-ALPHA   -8.93208407   -6.80479908 -388.96969857    0.26252040    0.00000000    0.00000000
             E-BETA   -9.93137940  -10.11163942 -505.73090063   -0.02224522   -0.00000000   -0.00000000
    Point charges:     0.00000000    0.00000000  749.58788923    0.00000000    0.00000000    0.00000000
  Total Quadrupole:  -18.86346347  -16.91643850 -145.11270998    0.24027518    0.00000000    0.00000000
                     ____________________________
 
 END ELECTROSTATIC MOMENTS
 
 
 BEGIN FOUR-INDEX INTEGRALS TRANFORMATION:
 ========================================
 Selected method: C         
 
 --------------------------------------------------
    4N^5 Algorithm Four-index integral tranformation
 --------------------------------------------------
 
 Integrals transformation for: E-ALPHA
 
              Transformation boundaries 
                 orbital lower upper
                       p     1     7
                       q     8   110
                       r     1     7
                       s     8   110
 
         Loading AO integrals time(s):  0.170E-01
      Integral transformation time(s):  0.163E+01
       Non-zero transformed integrals:       155162
 
 Inter-species integrals transformation for: E-ALPHA/E-BETA
 
              Transformation boundaries 
                 orbital lower upper
                       p     1     6
                       q     7   110
                       r     1     7
                       s     8   110
 
         Loading AO integrals time(s):  0.191E-01
      Integral transformation time(s):  0.659E+01
 Non zero transformed coupling integrals:       150594
 
 Integrals transformation for: E-BETA
 
              Transformation boundaries 
                 orbital lower upper
                       p     1     6
                       q     7   110
                       r     1     6
                       s     7   110
 
         Loading AO integrals time(s):  0.121E-01
      Integral transformation time(s):  0.153E+01
       Non-zero transformed integrals:       117414
 
** TOTAL Elapsed Time for integrals transformation :     10.042 (s)
 
 
  POST HARTREE-FOCK CALCULATION
  MANY-BODY PERTURBATION THEORY:
 ==============================
 
              MOLLER-PLESSET FORMALISM 
               ORDER OF CORRECTION =     2
 
                E(0) + E(1) =     -75.367706166925
                       E(2) =      -0.191276124468
                             ____________________
                     E(MP2) =     -75.558982291393
 
              -----------------------------------
               E(n){ Specie }     E(n) / Hartree 
              -----------------------------------
 
            E(2){ E-ALPHA } =      -0.019305176219
             E(2){ E-BETA } =      -0.016253858056
 
     E(2){ E-ALPHA/E-BETA } =      -0.155717090193
 
** TOTAL CPU Time HF-MBPT :      0.561 (s)
** TOTAL Elapsed Time HF-MBPT :      0.326 (s)
 

  TOTAL CPU Time:      0.240 (s)
 TOTAL Wall Time:     14.925 (s)
  Elapsed Time:   0h  0m 14s 926ms
LOWDIN execution terminated normally at : Thu Feb  6 14:34:36 2025
-rw-rw-r-- 1 pohl pohl  32M feb  6 14:34 0E-ALPHA.E-BETA.ints
-rw-rw-r-- 1 pohl pohl  16M feb  6 14:34 0E-ALPHA.ints
-rw-rw-r-- 1 pohl pohl  31M feb  6 14:34 1E-ALPHA.E-BETA.ints
-rw-rw-r-- 1 pohl pohl  16M feb  6 14:34 1E-ALPHA.ints
-rw-rw-r-- 1 pohl pohl  32M feb  6 14:34 2E-ALPHA.E-BETA.ints
-rw-rw-r-- 1 pohl pohl  16M feb  6 14:34 2E-ALPHA.ints
-rw-rw-r-- 1 pohl pohl  31M feb  6 14:34 3E-ALPHA.E-BETA.ints
-rw-rw-r-- 1 pohl pohl  16M feb  6 14:34 3E-ALPHA.ints
-rw-rw-r-- 1 pohl pohl   12 feb  6 14:34 E-ALPHA.E-BETA.nints
-rw-rw-r-- 1 pohl pohl 4.9M feb  6 14:34 E-ALPHAmoint.dat
-rw-rw-r-- 1 pohl pohl 4.2M feb  6 14:34 E-BETA.E-ALPHAmoint.dat
-rw-rw-r-- 1 pohl pohl 4.2M feb  6 14:34 E-BETAmoint.dat
-rw-rw-r-- 1 pohl pohl   64 feb  6 14:34 gepol.inp
-rw-rw-r-- 1 pohl pohl  182 feb  6 14:34 gepol.xyzr
-rw-rw-r-- 1 pohl pohl  13K feb  6 14:34 lowdin.bas
-rw-rw-r-- 1 pohl pohl  16K feb  6 14:34 lowdin.dat
-rw-rw-r-- 1 pohl pohl 2.3M feb  6 14:34 lowdin.opints
-rw-rw-r-- 1 pohl pohl  46K feb  6 14:34 lowdin.sys
-rw-rw-r-- 1 pohl pohl 2.1M feb  6 14:34 lowdin.wfn
-rw-rw-r-- 1 pohl pohl  258 feb  6 14:34 usual_23
-rw-rw-r-- 1 pohl pohl 1.1K feb  6 14:34 usual_23.aux
-rw-rw-r-- 1 pohl pohl  266 feb  6 14:34 usual_23.lowdin
-rw-rw-r-- 1 pohl pohl  79K feb  6 14:34 usual_23.out
-rw-rw-r-- 1 pohl pohl 192K feb  6 14:34 usual_23.vec
