Begin job by input: usual_16.lowdin, for user:   at  jue 06 feb 2025 14:32:31 -05
under operating system Linux helios 5.19.0-46-generic #47-Ubuntu SMP PREEMPT_DYNAMIC Fri Jun 16 13:30:11 UTC 2023 x86_64 x86_64 x86_64 GNU/Linux
Compilation information
  commit: f31d3924f6ee2ce9d77f07edcc1ba27359319d14
  compilation date:  mar 17 sep 2024 16:16:17 -05

BEGIN INPUT INFO:
------------------------------------

GEOMETRY
	e-(C)	AUG-CC-PVTZ 0.0 0.0 0.0 multiplicity=2 addParticles=1 
	e-(C)	AUG-CC-PVTZ 0.0 0.0 3.7 
	C	Dirac 0.0 0.0 0.0
	C	Dirac 0.0 0.0 3.7
END GEOMETRY

TASKS
        method = "UHF"
	mollerPlessetCorrection=2
END TASKS

CONTROL
	units="ANGS"
END CONTROL






... END INPUT INFO


 LOWDIN execution started at : Thu Feb  6 14:32:31 2025
 ---------------------------------------------------------------
 
 ***************************************************************
 *                   LOWDIN 2.0  (May/2013)                    *
 *                                                             *
 *  R. FLORES-MORENO, E. F. POSADA, F. S. MONCADA, J.ROMERO,   *
 *  J. CHARRY, M. DIAZ-TINOCO, S. A. GONZALEZ, N. F. AGUIRRE,  *
 *  A. REYES                                                   *
 *                                                             *
 *  https://sites.google.com/site/lowdinproject/               *
 *                                                             *
 ***************************************************************
 
 PARSING INPUT... DONE!
 
 LOWDIN IS RUNNING WITH NEXT PARAMETERS: 
 ----------------------------------------
 
         METHOD TYPE:  UHF
         NUMBER OF CORES:     4
         MOLLER PLESSET CORRECTION:      2
         NONELECTRONIC DENSITY GUESS: HCORE
         ELECTRONIC DENSITY GUESS: HCORE
         CRITERIUM OF CONVERGENCE: ENERGY
         NONELECTRONIC ENERGY TOLERANCE IN SCFs:     0.10000E-07
         ELECTRONIC ENERGY TOLERANCE IN SCFs:     0.10000E-07
         TOTAL ENERGY TOLERANCE IN SCFs:     0.10000E-07
         SCHEME OF ITERATION: GLOBAL ITERATIONS
         SCF MAX. SUBITERATIONS - NONELECTRONS :     1
         SCF MAX. SUBITERATIONS - ELECTRONS :     1
         SCF MAX. ITERATIONS - INTERSPECIES :   200
         INTEGRAL STORAGE: DISK
         STACK SIZE FOR ERIS : 30000
         METHOD OF SCF CONVERGENCE: DAMPING
 
  MOLECULAR SYSTEM: usual_16
 -----------------
 
    DESCRIPTION   : usual_16
    CHARGE        :   0
    PUNTUAL GROUP : NONE
 
 
  INFORMATION OF PARTICLES :
 =========================
         Total number of particles   =      15
         Number of quantum particles =      13
         Number of puntual charges   =       2
         Number of quantum species   =       2
 
                 INFORMATION OF QUANTUM SPECIES 
    ----------------------------------------------------------------------
         ID      Symbol            mass     charge      omega     spin     multiplicity
    ----------------------------------------------------------------------
         1        E-ALPHA         1.0000     -1.00      0.00      0.50      2.00
         2         E-BETA         1.0000     -1.00      0.00      0.50      2.00
 
                   CONSTANTS OF COUPLING 
      ------------------------------------------------------------
              Symbol      kappa        eta     lambda occupation
      ------------------------------------------------------------
             E-ALPHA      -1.00       1.00       1.00       7.00
              E-BETA      -1.00       1.00       1.00       6.00
 
                   BASIS SET FOR SPECIES 
      ------------------------------------------------------------
           Symbol          N. Basis     N. Particles     Basis Set
      ------------------------------------------------------------
            E-ALPHA           28                7     AUG-CC-PVT
             E-BETA           28                6     AUG-CC-PVT
 
                                ATOMIC BASIS
         ------------------------------------------------------------
          PRIMITIVE   SHELL             EXPONENT         COEFFICIENT 
         ------------------------------------------------------------
 
    BEGIN DESCRIPTION OF BASIS FOR: E-ALP
    ==============================
 
 
             C BASIS SET:    AUG-CC-PVTZ
             1         S             8236.00000000          0.00053100
             2         S             1235.00000000          0.00410800
             3         S              280.80000000          0.02108700
             4         S               79.27000000          0.08185300
             5         S               25.59000000          0.23481700
             6         S                8.99700000          0.43440100
             7         S                3.31900000          0.34612900
             8         S                0.36430000         -0.00898300
             1         S             8236.00000000         -0.00011300
             2         S             1235.00000000         -0.00087800
             3         S              280.80000000         -0.00454000
             4         S               79.27000000         -0.01813300
             5         S               25.59000000         -0.05576000
             6         S                8.99700000         -0.12689500
             7         S                3.31900000         -0.17035200
             8         S                0.36430000          0.59868400
             1         S                0.90590000          1.00000000
             1         S                0.12850000          1.00000000
             1         S                0.04402000          1.00000000
             1         P               18.71000000          0.01403100
             2         P                4.13300000          0.08686600
             3         P                1.20000000          0.29021600
             1         P                0.38270000          1.00000000
             1         P                0.12090000          1.00000000
             1         P                0.03569000          1.00000000
             1         D                1.09700000          1.00000000
             1         D                0.31800000          1.00000000
             1         D                0.10000000          1.00000000
             1         F                0.76100000          1.00000000
             1         F                0.26800000          1.00000000
 
             C BASIS SET:    AUG-CC-PVTZ
             1         S             8236.00000000          0.00053100
             2         S             1235.00000000          0.00410800
             3         S              280.80000000          0.02108700
             4         S               79.27000000          0.08185300
             5         S               25.59000000          0.23481700
             6         S                8.99700000          0.43440100
             7         S                3.31900000          0.34612900
             8         S                0.36430000         -0.00898300
             1         S             8236.00000000         -0.00011300
             2         S             1235.00000000         -0.00087800
             3         S              280.80000000         -0.00454000
             4         S               79.27000000         -0.01813300
             5         S               25.59000000         -0.05576000
             6         S                8.99700000         -0.12689500
             7         S                3.31900000         -0.17035200
             8         S                0.36430000          0.59868400
             1         S                0.90590000          1.00000000
             1         S                0.12850000          1.00000000
             1         S                0.04402000          1.00000000
             1         P               18.71000000          0.01403100
             2         P                4.13300000          0.08686600
             3         P                1.20000000          0.29021600
             1         P                0.38270000          1.00000000
             1         P                0.12090000          1.00000000
             1         P                0.03569000          1.00000000
             1         D                1.09700000          1.00000000
             1         D                0.31800000          1.00000000
             1         D                0.10000000          1.00000000
             1         F                0.76100000          1.00000000
             1         F                0.26800000          1.00000000
    ... END DESCRIPTION OF BASIS
 
 
  END INFORMATION OF PARTICLES
 
 
  INFORMATION OF THE QUANTUM SYSTEM 
     ---------------------------------------------------------------------
                 ID     Occupied Orbitals     Basis size
     ---------------------------------------------------------------------
            E-ALPHA            7              110
             E-BETA            6              110
 
  END INFORMATION OF QUANTUM SYSTEM
 
                       INITIAL GEOMETRY: AMSTRONG
                 -----------------------------------
                       <x>                 <y>                 <z>
  E-ALPHAC        0.0000000000        0.0000000000        0.0000000000
  E-ALPHAC        0.0000000000        0.0000000000        3.7000000000
         C        0.0000000000        0.0000000000        0.0000000000
         C        0.0000000000        0.0000000000        3.7000000000
 
                     MATRIX OF DISTANCE: ANGSTROM
                 -----------------------------------
                          C(1)           C(2)      
 
        C(1)             0.000000       3.700000
        C(2)             3.700000       0.000000
 
--------------------------------------------------------------------------------
** PROGRAM: SCF (Hartree Fock).     Author: S.A. Gonzalez, E. Posada, F. Moncada
--------------------------------------------------------------------------------
INFO: RUNNING IN UHF MODE.
 
----------------------------------------------------------------------
** PROGRAM INTS                          Author: E. F. Posada, 2013   
----------------------------------------------------------------------
INFO: RUNNING IN ONE_PARTICLE MODE.
 
 Number of Overlap integrals for species E-ALPHA:  12100
 Number of Overlap integrals for species E-BETA:  12100
 Number of Kinetic integrals for species E-ALPHA:  12100
 Number of Kinetic integrals for species E-BETA:  12100
 Number of Nuclear integrals for species E-ALPHA:  12100
 Number of Nuclear integrals for species E-BETA:  12100
 Number of Moment integrals for species E-ALPHA:  36300
 Number of Moment integrals for species E-BETA:  36300
 
** TOTAL CPU Time INTS :      0.440 (s)
** TOTAL Elapsed Time INTS :      0.198 (s)
 
 Combination coefficients for E-ALPHA were read from usual_16.vec
     number of    E-ALPHA     particles in guess density matrix:     7.121564
 Warning!, density matrix with deviation from number of particles    7.000000
 Combination coefficients for E-BETA were read from usual_16.vec
     number of     E-BETA     particles in guess density matrix:     6.123488
 Warning!, density matrix with deviation from number of particles    6.000000
 Number of unique integrals for species: 1 = 3840479
 Number of unique integrals for species: 1 / 2 = 7675797 Screened: 0
 
 TWO-BODY INTEGRAL SETUP: 
------------------------- 
 Storage:   DISK
 Scheme: LIBINT
 Stack size:  30000
 
 LIBINT library, Fermann, J. T.; Valeev, F. L. 2010                   
 LOWDIN-LIBINT Implementation V. 2.1  Posada E. F. ; Reyes A. 2016   
 ----------------------------------------------------------------------

*** TOTAL CPU time intra-species integrals :      1.217 (s)
*** TOTAL elapsed time intra-species integrals :      0.270 (s)


*** TOTAL CPU time inter-species integrals :      2.662 (s)
*** TOTAL elapsed time inter-species integrals :      0.639 (s)

INFO: RUNNING SCHEME SIMULTANEOUS
 
 Begin Multi-Species SCF calculation:
 
 --------------------------------------------------------------------------------------------------
      Iteration                   Energy            Energy Change           Density Change
 --------------------------------------------------------------------------------------------------
              1         -74.943197352635          74.943197352635           0.008013920784
              2         -75.144370312373           0.201172959738           0.003077603598
              3         -75.176839621564           0.032469309191           0.001219241498
              4         -75.172257737753          -0.004581883811           0.000406719515
              5         -75.178096872776           0.005839135023           0.000618292283
              6         -75.179955098905           0.001858226129           0.000775165502
              7         -75.178329547048          -0.001625551857           0.000251786961
              8         -75.180844329196           0.002514782147           0.000494787410
              9         -75.183191851536           0.002347522340           0.001307487709
             10         -75.198768593674           0.015576742139           0.002351662233
             11         -75.257513470987           0.058744877313           0.002939045700
             12         -75.323185230586           0.065671759600           0.001804535836
             13         -75.348499498910           0.025314268324           0.001097431278
             14         -75.357091191738           0.008591692828           0.000764760735
             15         -75.360968745861           0.003877554123           0.000537602560
             16         -75.362919117310           0.001950371449           0.000412503434
             17         -75.364002202060           0.001083084750           0.000325154173
             18         -75.364636281600           0.000634079539           0.000263426881
             19         -75.365023149336           0.000386867736           0.000215061056
             20         -75.365265316985           0.000242167649           0.000176169903
             21         -75.365419425649           0.000154108664           0.000144261110
             22         -75.365518500459           0.000099074809           0.000118039998
             23         -75.365582630908           0.000064130449           0.000096511794
             24         -75.365624355984           0.000041725077           0.000078888904
             25         -75.365651624487           0.000027268503           0.000064496221
             26         -75.365669520404           0.000017895917           0.000052760033
             27         -75.365681313882           0.000011793478           0.000043196005
             28         -75.365689117441           0.000007803558           0.000035401150
             29         -75.365694301229           0.000005183789           0.000029043812
             30         -75.365697757551           0.000003456322           0.000023853370
             31         -75.365700070015           0.000002312463           0.000019610232
             32         -75.365701622020           0.000001552005           0.000016136782
             33         -75.365702666558           0.000001044538           0.000013289545
             34         -75.365703371290           0.000000704731           0.000010952617
             35         -75.365703847778           0.000000476488           0.000009032265
             36         -75.365704170538           0.000000322760           0.000007452561
             37         -75.365704389511           0.000000218973           0.000006151875
             38         -75.365704538269           0.000000148758           0.000005080069
             39         -75.365704639440           0.000000101171           0.000004196271
             40         -75.365704708312           0.000000068872           0.000003467086
             41         -75.365704755233           0.000000046921           0.000002865185
             42         -75.365704787221           0.000000031987           0.000002368155
             43         -75.365704809039           0.000000021818           0.000001957597
             44         -75.365704823928           0.000000014889           0.000001618378
             45         -75.365704834092           0.000000010164           0.000001338046
             46         -75.365704841032           0.000000006940           0.000001106340
 Total energy converged after  46 global iterations                                                  
 
 ...end Multi-Species SCF calculation
 
 
 Begin SCF calculation by: E-ALPHA
 -------------------------
 
 -----------------------------------------------------------------------------------
 Iteration                   Energy           Density Change         DIIS Error 
 -----------------------------------------------------------------------------------
    1         -31.496440066386           0.001417775228                 -- 
    2         -30.910497200270           0.000579311788                 -- 
    3         -30.983749749589           0.000195409372                 -- 
    4         -31.001814530341           0.000372978067                 -- 
    5         -31.012537988548           0.000220763390                 -- 
    6         -31.037557803621           0.000100983393                 -- 
    7         -31.051084525979           0.000306241406                 -- 
    8         -31.073052194441           0.000493264662                 -- 
    9         -31.146094865806           0.001617446940                 -- 
   10         -31.172962859521           0.001020801721                 -- 
   11         -31.147570754482           0.001080396703                 -- 
   12         -31.194115873299           0.000419953521                 -- 
   13         -31.154589757452           0.000377192510                 -- 
   14         -31.151842408559           0.000231199408                 -- 
   15         -31.123999915204           0.000190472331                 -- 
   16         -31.104604179390           0.000148531110                 -- 
   17         -31.084821478727           0.000124302909                 -- 
   18         -31.068696126002           0.000103292615                 -- 
   19         -31.054986581442           0.000086709278                 -- 
   20         -31.043748568024           0.000072610179                 -- 
   21         -31.034504395360           0.000060811535                 -- 
   22         -31.026947328455           0.000050853254                 -- 
   23         -31.020765552917           0.000042485250                 -- 
   24         -31.015710146094           0.000035457529                 -- 
   25         -31.011571764159           0.000029567464                 -- 
   26         -31.008180857643           0.000024636903                 -- 
   27         -31.005399294079           0.000020514608                 -- 
   28         -31.003115165997           0.000017071446                 -- 
   29         -31.001237647352           0.000014198083                 -- 
   30         -30.999692980178           0.000011802115                 -- 
   31         -30.998421153998           0.000009805677                 -- 
   32         -30.997373259106           0.000008143270                 -- 
   33         -30.996509359230           0.000006759874                 -- 
   34         -30.995796789615           0.000005609337                 -- 
   35         -30.995208790987           0.000004652984                 -- 
   36         -30.994723411269           0.000003858443                 -- 
   37         -30.994322619852           0.000003198643                 -- 
   38         -30.993991591304           0.000002650968                 -- 
   39         -30.993718124455           0.000002196541                 -- 
   40         -30.993492170023           0.000001819620                 -- 
   41         -30.993305445610           0.000001507086                 -- 
   42         -30.993151121213           0.000001248016                 -- 
   43         -30.993023561881           0.000001033320                 -- 
   44         -30.992918116767           0.000000855439                 -- 
   45         -30.992830945995           0.000000708092                 -- 
 
 ... end SCF calculation
 
 Begin SCF calculation by: E-BETA
 -------------------------
 
 -----------------------------------------------------------------------------------
 Iteration                   Energy           Density Change         DIIS Error 
 -----------------------------------------------------------------------------------
    1         -28.598822122685           0.001659828370                 -- 
    2         -28.102126977765           0.000639929710                 -- 
    3         -28.094566361095           0.000211310143                 -- 
    4         -28.093788707123           0.000245314216                 -- 
    5         -28.070102916621           0.000554402112                 -- 
    6         -28.051811714171           0.000150803568                 -- 
    7         -28.050260672987           0.000188546004                 -- 
    8         -28.058489643570           0.000814223048                 -- 
    9         -28.047927572457           0.000734215293                 -- 
   10         -28.133316971808           0.001918243979                 -- 
   11         -28.018819688991           0.000724139133                 -- 
   12         -28.066885033082           0.000677477757                 -- 
   13         -28.046541929751           0.000387568225                 -- 
   14         -28.079979457335           0.000306403153                 -- 
   15         -28.094794345360           0.000222031102                 -- 
   16         -28.116540386520           0.000176623064                 -- 
   17         -28.133855934285           0.000139123972                 -- 
   18         -28.149765739294           0.000111768442                 -- 
   19         -28.163143493157           0.000089460625                 -- 
   20         -28.174528957459           0.000071650931                 -- 
   21         -28.184051785669           0.000057228463                 -- 
   22         -28.192003930463           0.000045658540                 -- 
   23         -28.198613494578           0.000036403654                 -- 
   24         -28.204098091120           0.000029038693                 -- 
   25         -28.208642003032           0.000023192569                 -- 
   26         -28.212403562307           0.000018559103                 -- 
   27         -28.215515721919           0.000014886542                 -- 
   28         -28.218089821738           0.000011972366                 -- 
   29         -28.220218520750           0.000009655287                 -- 
   30         -28.221978753164           0.000007808117                 -- 
   31         -28.223434263557           0.000006331105                 -- 
   32         -28.224637813058           0.000005146276                 -- 
   33         -28.225633041387           0.000004192743                 -- 
   34         -28.226456031289           0.000003422928                 -- 
   35         -28.227136611994           0.000002799578                 -- 
   36         -28.227699441806           0.000002293432                 -- 
   37         -28.228164904808           0.000001881427                 -- 
   38         -28.228549852622           0.000001545303                 -- 
   39         -28.228868217512           0.000001270545                 -- 
   40         -28.229131518946           0.000001045564                 -- 
   41         -28.229349282088           0.000000861069                 -- 
   42         -28.229529383529           0.000000709581                 -- 
   43         -28.229678336951           0.000000585058                 -- 
   44         -28.229801529177           0.000000482607                 -- 
   45         -28.229903415263           0.000000398248                 -- 
 
 ... end SCF calculation
 
  EIGENVALUES AND EIGENVECTORS: 
 ==============================
 
 
  Eigenvalues for: E-ALPHA
 -----------------
 
    1         -11.206815571294
    2         -10.971019929121
    3          -0.690605459902
    4          -0.342865364438
    5          -0.300115899140
    6          -0.297299133175
    7          -0.048824997680
    8           0.144869726851
    9           0.162429589197
   10           0.199841464301
   11           0.220744874710
   12           0.230511096583
   13           0.239293723893
   14           0.240254465780
   15           0.258438604351
   16           0.292875302940
   17           0.412040824719
   18           0.412241761474
   19           0.426439903850
   20           0.428623677836
   21           0.433047368772
   22           0.452695127236
   23           0.452854223363
   24           0.507503855375
   25           0.528519748434
   26           0.534826289365
   27           0.549528921990
   28           0.549544073349
   29           0.561020189433
   30           0.596015446013
   31           0.605309486932
   32           0.609464718417
   33           0.634724748179
   34           0.736998342216
   35           0.737565086729
   36           0.819163638786
   37           1.152602386663
   38           1.167752657729
   39           1.170541203551
   40           1.177787251241
   41           1.190566626565
   42           1.212654259141
   43           1.213484753477
   44           1.214015948149
   45           1.219115963017
   46           1.222721602171
   47           1.222787012617
   48           1.223852977214
   49           1.232901744672
   50           1.253554021364
   51           1.279936864810
   52           1.344920263728
   53           1.375592316070
   54           1.376061979540
   55           1.387913549285
   56           1.387917251446
   57           1.393361925510
   58           1.393361943088
   59           1.393482902631
   60           1.414101240892
   61           1.414102977447
   62           1.451967510803
   63           1.463501105757
   64           1.464400954729
   65           1.505741224543
   66           1.507180942823
   67           1.507951375647
   68           1.714282342711
   69           2.053339995407
   70           2.235159745686
   71           3.168925188828
   72           3.185473153000
   73           3.198835298062
   74           3.415597953860
   75           3.421955423225
   76           3.422352968695
   77           3.521480949196
   78           3.521505037327
   79           3.531634019977
   80           3.536262489407
   81           3.554737040962
   82           3.572231465224
   83           3.572520981988
   84           3.581444261745
   85           3.581804631412
   86           3.594414519076
   87           3.606707218520
   88           3.672249248705
   89           3.779739269093
   90           3.780110852690
   91           3.812003157267
   92           3.812006353842
   93           3.816528597621
   94           3.816541888658
   95           3.818538580908
   96           3.832854804510
   97           3.832854827975
   98           3.851341765733
   99           3.852822513943
  100           3.979077350350
  101           6.229013491249
  102           6.446561891241
  103           7.367584899659
  104           7.394393855908
  105           7.443664772561
  106           7.587593417661
  107           7.589773758084
  108           8.006396103087
  109           8.609174624575
  110           8.821293375961
 
 
  Eigenvalues for: E-BETA
 -----------------
 
    1         -11.161246946294
    2         -10.986996824266
    3          -0.447778993629
    4          -0.441230305957
    5          -0.071330161261
    6          -0.070381576954
    7           0.158130928560
    8           0.160457569055
    9           0.178817676585
   10           0.215152295690
   11           0.231735312519
   12           0.251211199604
   13           0.256687085307
   14           0.258490751201
   15           0.283336538930
   16           0.294941745864
   17           0.304347626240
   18           0.398739624625
   19           0.436480391327
   20           0.437699378792
   21           0.459282140956
   22           0.462222322542
   23           0.468575249275
   24           0.518304899190
   25           0.518402704585
   26           0.547219258460
   27           0.550808555296
   28           0.573072118487
   29           0.590504421503
   30           0.611050506175
   31           0.625115576228
   32           0.629744893954
   33           0.655063033276
   34           0.660381812001
   35           0.701047936647
   36           0.847797597593
   37           1.189808805380
   38           1.219648087422
   39           1.220105254251
   40           1.222830008480
   41           1.227836216112
   42           1.234850422439
   43           1.242403137683
   44           1.242698695734
   45           1.245121729812
   46           1.252448569508
   47           1.271052586769
   48           1.285676698501
   49           1.299918726421
   50           1.309494287042
   51           1.317232234076
   52           1.317309826918
   53           1.337533275027
   54           1.355686429013
   55           1.355687387147
   56           1.373326517779
   57           1.375743008899
   58           1.378969759898
   59           1.379048745869
   60           1.397920648867
   61           1.409790232012
   62           1.409894305938
   63           1.410241962849
   64           1.484645079821
   65           1.499182560244
   66           1.506811195091
   67           1.542197087423
   68           1.724046768815
   69           2.061102399268
   70           2.233933134135
   71           3.206129247566
   72           3.257230603561
   73           3.285931709748
   74           3.363094353440
   75           3.363287106108
   76           3.464097078250
   77           3.587221191973
   78           3.596053476444
   79           3.606577357594
   80           3.613640148504
   81           3.615484704498
   82           3.625228946216
   83           3.635754126024
   84           3.643538015132
   85           3.660978214223
   86           3.666197418344
   87           3.679684400640
   88           3.719359787896
   89           3.719792622652
   90           3.735495301484
   91           3.768764803325
   92           3.768764834138
   93           3.773729098015
   94           3.773851866011
   95           3.792788081613
   96           3.792867947713
   97           3.846324832907
   98           3.854934318143
   99           3.860616404062
  100           3.996415867005
  101           6.269734588432
  102           6.431716494766
  103           7.373750751025
  104           7.411354076064
  105           7.459139905230
  106           7.575708807840
  107           7.579342195042
  108           8.018926533816
  109           8.638853245910
  110           8.809930626614
 
  end of eigenvalues 
 
  Occupied Eigenvectors for: E-ALPHA
 --------------------------- 
 
                         -11.2068       -10.9710        -0.6906        -0.3429        -0.3001   
 
    1      C     S       0.000072      -0.976042       0.000024      -0.013052      -0.000000
    2      C     S       0.000123       0.007475       0.003668       0.501186       0.000000
    3      C     S       0.000205      -0.044546       0.001491       0.127442       0.000000
    4      C     S      -0.000640       0.016365       0.000457       0.377094       0.000000
    5      C     S      -0.001290       0.003958      -0.005787       0.036042      -0.000000
    6      C    Px      -0.000000       0.000000       0.000000      -0.000000       0.000312
    7      C    Py      -0.000000       0.000000       0.000000       0.000000       0.000112
    8      C    Pz      -0.000051       0.000277       0.001299       0.006809       0.000000
    9      C    Px       0.000000      -0.000000      -0.000000       0.000000       0.000683
   10      C    Py       0.000000      -0.000000      -0.000000      -0.000000       0.000246
   11      C    Pz       0.000186      -0.000808       0.002297       0.009417      -0.000000
   12      C    Px      -0.000000      -0.000000       0.000000       0.000000      -0.000567
   13      C    Py       0.000000      -0.000000      -0.000000       0.000000      -0.000204
   14      C    Pz       0.000370      -0.000703      -0.000193       0.007420      -0.000000
   15      C    Px       0.000000       0.000000      -0.000000      -0.000000      -0.002183
   16      C    Py       0.000000       0.000000       0.000000       0.000000      -0.000786
   17      C    Pz      -0.000297       0.000264      -0.001624      -0.006826      -0.000000
   18      C   Dxx       0.000030      -0.001695       0.000011      -0.006644       0.000000
   19      C   Dxy       0.000000       0.000002      -0.000005      -0.000035       0.000000
   20      C   Dxz      -0.000000      -0.000000      -0.000000       0.000000       0.000018
   21      C   Dyy       0.000030      -0.001700       0.000021      -0.006571       0.000000
   22      C   Dyz       0.000000       0.000000      -0.000000      -0.000000       0.000007
   23      C   Dzz       0.000033      -0.003872       0.000329       0.023767       0.000000
   24      C   Dxx       0.000282      -0.007865       0.000663      -0.013478       0.000000
   25      C   Dxy      -0.000001      -0.000001       0.000025      -0.000065      -0.000000
   26      C   Dxz       0.000000       0.000000       0.000000       0.000000       0.000620
   27      C   Dyy       0.000284      -0.007863       0.000610      -0.013343       0.000000
   28      C   Dyz      -0.000000      -0.000000      -0.000000      -0.000000       0.000223
   29      C   Dzz       0.000309      -0.007799       0.001836       0.060694       0.000000
   30      C   Dxx       0.000421      -0.002869       0.001436       0.001705       0.000000
   31      C   Dxy       0.000002       0.000000      -0.000083      -0.000111      -0.000000
   32      C   Dxz      -0.000000       0.000000      -0.000000      -0.000000      -0.001150
   33      C   Dyy       0.000417      -0.002870       0.001611       0.001937       0.000000
   34      C   Dyz      -0.000000       0.000000       0.000000      -0.000000      -0.000414
   35      C   Dzz       0.000447      -0.003191       0.000617       0.044532       0.000000
   36      C  Fxxx      -0.000000       0.000000       0.000000      -0.000000      -0.000096
   37      C  Fxxy       0.000000       0.000000       0.000000       0.000000      -0.000016
   38      C  Fxxz      -0.000055       0.000165      -0.000088      -0.000137       0.000000
   39      C  Fxyy       0.000000       0.000000       0.000000      -0.000000      -0.000042
   40      C  Fxyz      -0.000000       0.000000       0.000009       0.000010      -0.000000
   41      C  Fxzz       0.000000       0.000000       0.000000      -0.000000       0.000188
   42      C  Fyyy      -0.000000       0.000000       0.000000       0.000000      -0.000034
   43      C  Fyyz      -0.000054       0.000165      -0.000107      -0.000158       0.000000
   44      C  Fyzz       0.000000       0.000000       0.000000       0.000000       0.000068
   45      C  Fzzz      -0.000076       0.000392       0.000203       0.000359       0.000000
   46      C  Fxxx       0.000000       0.000000      -0.000000      -0.000000       0.000552
   47      C  Fxxy      -0.000000       0.000000       0.000000       0.000000       0.000090
   48      C  Fxxz      -0.000041       0.000233       0.000321      -0.000194       0.000000
   49      C  Fxyy       0.000000       0.000000       0.000000      -0.000000       0.000246
   50      C  Fxyz       0.000001       0.000000      -0.000032      -0.000056      -0.000000
   51      C  Fxzz       0.000000       0.000000      -0.000000      -0.000000      -0.000173
   52      C  Fyyy      -0.000000       0.000000       0.000000       0.000000       0.000197
   53      C  Fyyz      -0.000042       0.000233       0.000388      -0.000076       0.000000
   54      C  Fyzz      -0.000000       0.000000       0.000000       0.000000      -0.000062
   55      C  Fzzz      -0.000204       0.000457       0.000337      -0.000349       0.000000
   56      C     S      -0.974644       0.000042      -0.004276       0.000130      -0.000000
   57      C     S       0.005171       0.000093       0.582516      -0.010698      -0.000000
   58      C     S      -0.048521       0.000216       0.153502      -0.003771      -0.000000
   59      C     S       0.014987      -0.000685       0.344608      -0.012727       0.000000
   60      C     S       0.004030      -0.001136       0.032589       0.011908       0.000000
   61      C    Px       0.000000       0.000000       0.000000       0.000000       0.340879
   62      C    Py       0.000000      -0.000000      -0.000000      -0.000000       0.122707
   63      C    Pz      -0.000253       0.000053      -0.005745      -0.063282       0.000000
   64      C    Px      -0.000000      -0.000000       0.000000       0.000000       0.451594
   65      C    Py      -0.000000       0.000000      -0.000000      -0.000000       0.162561
   66      C    Pz       0.001082      -0.000191      -0.006893      -0.082535       0.000000
   67      C    Px      -0.000000      -0.000000      -0.000000       0.000000       0.274526
   68      C    Py       0.000000      -0.000000      -0.000000      -0.000000       0.098822
   69      C    Pz       0.000722      -0.000437       0.009040      -0.045439       0.000000
   70      C    Px       0.000000       0.000000       0.000000       0.000000       0.027832
   71      C    Py      -0.000000       0.000000       0.000000      -0.000000       0.010019
   72      C    Pz      -0.000362       0.000235      -0.000271      -0.007726       0.000000
   73      C   Dxx      -0.001883       0.000037       0.009739      -0.000642      -0.000000
   74      C   Dxy      -0.000713       0.000000       0.007851      -0.000151       0.000000
   75      C   Dxz       0.000000      -0.000000      -0.000000       0.000000      -0.000716
   76      C   Dyy      -0.000389       0.000037      -0.006702      -0.000326      -0.000000
   77      C   Dyz      -0.000000       0.000000       0.000000      -0.000000      -0.000258
   78      C   Dzz      -0.002141       0.000039       0.012446       0.000032      -0.000000
   79      C   Dxx      -0.007287       0.000296       0.016014      -0.001894      -0.000000
   80      C   Dxy      -0.000099       0.000000       0.014803      -0.000283      -0.000000
   81      C   Dxz       0.000000      -0.000000      -0.000000       0.000000       0.003482
   82      C   Dyy      -0.007080       0.000296      -0.014985      -0.001301      -0.000000
   83      C   Dyz      -0.000000      -0.000000       0.000000      -0.000000       0.001253
   84      C   Dzz      -0.007317       0.000325       0.016756      -0.002600      -0.000000
   85      C   Dxx      -0.002855       0.000398      -0.009069      -0.003404      -0.000000
   86      C   Dxy      -0.000028       0.000000       0.004269      -0.000217      -0.000000
   87      C   Dxz      -0.000000      -0.000000      -0.000000       0.000000       0.013525
   88      C   Dyy      -0.002797       0.000398      -0.018009      -0.002949      -0.000000
   89      C   Dyz       0.000000       0.000000       0.000000      -0.000000       0.004869
   90      C   Dzz      -0.002875       0.000469      -0.010418      -0.006513      -0.000000
   91      C  Fxxx       0.000000       0.000000       0.000000       0.000000       0.012901
   92      C  Fxxy       0.000000      -0.000000       0.000000       0.000000       0.002825
   93      C  Fxxz      -0.000229       0.000059       0.000175      -0.001273       0.000000
   94      C  Fxyy       0.000000       0.000000       0.000000       0.000000       0.005134
   95      C  Fxyz      -0.000001       0.000000       0.000006      -0.000100      -0.000000
   96      C  Fxzz       0.000000       0.000000       0.000000       0.000000       0.006015
   97      C  Fyyy       0.000000      -0.000000       0.000000       0.000000       0.003916
   98      C  Fyyz      -0.000227       0.000059       0.000162      -0.001063       0.000000
   99      C  Fyzz       0.000000      -0.000000       0.000000       0.000000       0.002165
  100      C  Fzzz      -0.000533       0.000081       0.000571      -0.002910       0.000000
  101      C  Fxxx       0.000000       0.000000       0.000000       0.000000       0.024133
  102      C  Fxxy      -0.000000       0.000000       0.000000      -0.000000       0.004993
  103      C  Fxxz      -0.000257       0.000046       0.001001      -0.002154       0.000000
  104      C  Fxyy       0.000000       0.000000       0.000000       0.000000       0.009852
  105      C  Fxyz      -0.000002      -0.000000       0.000332      -0.000092       0.000000
  106      C  Fxzz       0.000000       0.000000       0.000000       0.000000       0.007739
  107      C  Fyyy       0.000000       0.000000       0.000000      -0.000000       0.007609
  108      C  Fyyz      -0.000251       0.000046       0.000305      -0.001961       0.000000
  109      C  Fyzz       0.000000       0.000000       0.000000      -0.000000       0.002786
  110      C  Fzzz      -0.000542       0.000219       0.004066      -0.004426       0.000000
 
                          -0.2973        -0.0488   
 
    1      C     S       0.002989       0.000078
    2      C     S      -0.103292      -0.002866
    3      C     S      -0.025951      -0.000776
    4      C     S      -0.082103      -0.011995
    5      C     S      -0.022594      -0.000003
    6      C    Px      -0.000000      -0.000000
    7      C    Py       0.000000       0.000000
    8      C    Pz       0.011364      -0.295178
    9      C    Px       0.000000       0.000000
   10      C    Py      -0.000000       0.000000
   11      C    Pz       0.015884      -0.376071
   12      C    Px      -0.000000      -0.000000
   13      C    Py       0.000000       0.000000
   14      C    Pz       0.005100      -0.358232
   15      C    Px       0.000000       0.000000
   16      C    Py       0.000000       0.000000
   17      C    Pz       0.001833      -0.238492
   18      C   Dxx       0.001192      -0.000138
   19      C   Dxy       0.000009       0.000010
   20      C   Dxz       0.000000      -0.000000
   21      C   Dyy       0.001173      -0.000160
   22      C   Dyz       0.000000       0.000000
   23      C   Dzz      -0.004524       0.000317
   24      C   Dxx       0.003281       0.001526
   25      C   Dxy       0.000006      -0.000041
   26      C   Dxz      -0.000000       0.000000
   27      C   Dyy       0.003269       0.001613
   28      C   Dyz       0.000000      -0.000000
   29      C   Dzz      -0.010314      -0.000457
   30      C   Dxx       0.001546      -0.002862
   31      C   Dxy       0.000045       0.000273
   32      C   Dxz       0.000000       0.000000
   33      C   Dyy       0.001451      -0.003434
   34      C   Dyz       0.000000      -0.000000
   35      C   Dzz      -0.011644       0.011962
   36      C  Fxxx      -0.000000      -0.000000
   37      C  Fxxy       0.000000      -0.000000
   38      C  Fxxz      -0.000079      -0.001431
   39      C  Fxyy      -0.000000      -0.000000
   40      C  Fxyz      -0.000005      -0.000001
   41      C  Fxzz      -0.000000      -0.000000
   42      C  Fyyy       0.000000       0.000000
   43      C  Fyyz      -0.000069      -0.001428
   44      C  Fyzz       0.000000       0.000000
   45      C  Fzzz       0.001604      -0.024032
   46      C  Fxxx       0.000000      -0.000000
   47      C  Fxxy       0.000000      -0.000000
   48      C  Fxxz       0.001510       0.000287
   49      C  Fxyy       0.000000      -0.000000
   50      C  Fxyz       0.000016       0.000129
   51      C  Fxzz       0.000000       0.000000
   52      C  Fyyy       0.000000      -0.000000
   53      C  Fyyz       0.001476       0.000018
   54      C  Fyzz      -0.000000       0.000000
   55      C  Fzzz       0.002513      -0.039670
   56      C     S       0.003153       0.000948
   57      C     S       0.022731       0.033483
   58      C     S       0.007919       0.009880
   59      C     S      -0.005480       0.033425
   60      C     S      -0.007277       0.056314
   61      C    Px       0.000000       0.000000
   62      C    Py      -0.000000      -0.000000
   63      C    Pz      -0.359864      -0.038553
   64      C    Px       0.000000       0.000000
   65      C    Py      -0.000000      -0.000000
   66      C    Pz      -0.475731      -0.054392
   67      C    Px       0.000000       0.000000
   68      C    Py      -0.000000      -0.000000
   69      C    Pz      -0.283000      -0.014750
   70      C    Px       0.000000       0.000000
   71      C    Py      -0.000000      -0.000000
   72      C    Pz      -0.029843      -0.039919
   73      C   Dxx      -0.000255       0.001043
   74      C   Dxy       0.000087       0.000337
   75      C   Dxz      -0.000000      -0.000000
   76      C   Dyy      -0.000437       0.000338
   77      C   Dyz       0.000000       0.000000
   78      C   Dzz       0.000826      -0.000244
   79      C   Dxx       0.001544       0.001861
   80      C   Dxy      -0.000002       0.000429
   81      C   Dxz       0.000000      -0.000000
   82      C   Dyy       0.001549       0.000964
   83      C   Dyz      -0.000000       0.000000
   84      C   Dzz      -0.008193      -0.004054
   85      C   Dxx      -0.000549      -0.002652
   86      C   Dxy      -0.000015       0.000985
   87      C   Dxz       0.000000       0.000000
   88      C   Dyy      -0.000517      -0.004714
   89      C   Dyz      -0.000000       0.000000
   90      C   Dzz      -0.024831      -0.022781
   91      C  Fxxx       0.000000       0.000000
   92      C  Fxxy      -0.000000       0.000000
   93      C  Fxxz      -0.005997      -0.000591
   94      C  Fxyy       0.000000      -0.000000
   95      C  Fxyz      -0.000437       0.000026
   96      C  Fxzz       0.000000      -0.000000
   97      C  Fyyy      -0.000000       0.000000
   98      C  Fyyz      -0.005081      -0.000646
   99      C  Fyzz      -0.000000       0.000000
  100      C  Fzzz      -0.013634      -0.001572
  101      C  Fxxx       0.000000      -0.000000
  102      C  Fxxy      -0.000000      -0.000000
  103      C  Fxxz      -0.011730      -0.005151
  104      C  Fxyy       0.000000      -0.000000
  105      C  Fxyz      -0.000665      -0.000183
  106      C  Fxzz       0.000000      -0.000000
  107      C  Fyyy      -0.000000      -0.000000
  108      C  Fyyz      -0.010337      -0.004768
  109      C  Fyzz      -0.000000      -0.000000
  110      C  Fzzz      -0.019675      -0.006422
 
 
  Occupied Eigenvectors for: E-BETA
 --------------------------- 
 
                         -11.1612       -10.9870        -0.4478        -0.4412        -0.0713   
 
    1      C     S       0.000086      -0.975307      -0.007984       0.010173      -0.000000
    2      C     S       0.000174       0.006129       0.326535      -0.411675      -0.000000
    3      C     S       0.000160      -0.046689       0.081923      -0.103429      -0.000000
    4      C     S      -0.000486       0.015455       0.236485      -0.301171       0.000000
    5      C     S      -0.001391       0.004467       0.033279      -0.040858       0.000000
    6      C    Px      -0.000000       0.000000      -0.000000       0.000000       0.282970
    7      C    Py      -0.000000       0.000000       0.000000      -0.000000       0.101861
    8      C    Pz      -0.000033       0.000172      -0.000189       0.001012       0.000000
    9      C    Px       0.000000      -0.000000       0.000000      -0.000000       0.366110
   10      C    Py       0.000000      -0.000000      -0.000000       0.000000       0.131789
   11      C    Pz       0.000130      -0.000360      -0.000165       0.002640       0.000000
   12      C    Px      -0.000000      -0.000000       0.000000      -0.000000       0.349882
   13      C    Py       0.000000      -0.000000      -0.000000       0.000000       0.125948
   14      C    Pz       0.000122      -0.000288       0.000116      -0.002382       0.000000
   15      C    Px       0.000000       0.000000      -0.000000       0.000000       0.175407
   16      C    Py       0.000000       0.000000       0.000000      -0.000000       0.063142
   17      C    Pz      -0.000375       0.000486       0.001197      -0.001512       0.000000
   18      C   Dxx       0.000010      -0.002669       0.008641      -0.011041      -0.000000
   19      C   Dxy      -0.000001      -0.000004       0.000025      -0.000032       0.000000
   20      C   Dxz      -0.000000       0.000000       0.000000       0.000000      -0.000225
   21      C   Dyy       0.000011      -0.002660       0.008590      -0.010973       0.000000
   22      C   Dyz       0.000000       0.000000       0.000000      -0.000000      -0.000081
   23      C   Dzz       0.000019      -0.000425      -0.009664       0.012254      -0.000000
   24      C   Dxx       0.000232      -0.007500       0.019131      -0.023975      -0.000000
   25      C   Dxy       0.000002      -0.000000       0.000022      -0.000053      -0.000000
   26      C   Dxz       0.000000       0.000000      -0.000000       0.000000      -0.000640
   27      C   Dyy       0.000228      -0.007500       0.019086      -0.023863      -0.000000
   28      C   Dyz      -0.000000      -0.000000       0.000000      -0.000000      -0.000230
   29      C   Dzz       0.000243      -0.007608      -0.023205       0.029564      -0.000000
   30      C   Dxx       0.000413      -0.003106       0.009576      -0.012003      -0.000000
   31      C   Dxy      -0.000005       0.000000      -0.000094       0.000134       0.000000
   32      C   Dxz      -0.000000       0.000000      -0.000000       0.000000       0.004335
   33      C   Dyy       0.000423      -0.003106       0.009773      -0.012283      -0.000000
   34      C   Dyz      -0.000000       0.000000       0.000000      -0.000000       0.001561
   35      C   Dzz       0.000293      -0.002700      -0.011237       0.011712      -0.000000
   36      C  Fxxx      -0.000000       0.000000      -0.000000       0.000000       0.016481
   37      C  Fxxy       0.000000       0.000000       0.000000      -0.000000       0.002677
   38      C  Fxxz      -0.000034       0.000078      -0.000035      -0.000133      -0.000000
   39      C  Fxyy       0.000000       0.000000      -0.000000       0.000000       0.007350
   40      C  Fxyz       0.000001       0.000000       0.000003      -0.000009       0.000000
   41      C  Fxzz       0.000000       0.000000      -0.000000       0.000000      -0.001173
   42      C  Fyyy      -0.000000       0.000000       0.000000      -0.000000       0.005910
   43      C  Fyyz      -0.000036       0.000078      -0.000042      -0.000113      -0.000000
   44      C  Fyzz       0.000000       0.000000       0.000000      -0.000000      -0.000422
   45      C  Fzzz      -0.000028       0.000154       0.000197      -0.000136      -0.000000
   46      C  Fxxx       0.000000       0.000000      -0.000000       0.000000       0.021209
   47      C  Fxxy      -0.000000       0.000000       0.000000      -0.000000       0.003296
   48      C  Fxxz       0.000004       0.000078       0.000397       0.000411      -0.000000
   49      C  Fxyy       0.000000       0.000000      -0.000000       0.000000       0.009585
   50      C  Fxyz      -0.000002       0.000000      -0.000037       0.000057       0.000000
   51      C  Fxzz       0.000000       0.000000      -0.000000       0.000000      -0.007547
   52      C  Fyyy      -0.000000       0.000000       0.000000      -0.000000       0.007749
   53      C  Fyyz       0.000009       0.000078       0.000474       0.000291      -0.000000
   54      C  Fyzz      -0.000000       0.000000       0.000000      -0.000000      -0.002717
   55      C  Fzzz      -0.000150       0.000217      -0.000135      -0.000324      -0.000000
   56      C     S      -0.976523       0.000097      -0.006695      -0.005435       0.000000
   57      C     S       0.008883       0.000185       0.413856       0.334804       0.000000
   58      C     S      -0.042813       0.000200       0.105269       0.085865      -0.000000
   59      C     S       0.016687      -0.000616       0.302284       0.244060       0.000000
   60      C     S       0.004303      -0.001607       0.018878       0.017897      -0.000000
   61      C    Px       0.000000       0.000000      -0.000000      -0.000000       0.004087
   62      C    Py       0.000000      -0.000000       0.000000      -0.000000       0.001471
   63      C    Pz       0.000119       0.000048       0.011229       0.010175       0.000000
   64      C    Px      -0.000000      -0.000000       0.000000       0.000000       0.004649
   65      C    Py      -0.000000       0.000000      -0.000000       0.000000       0.001674
   66      C    Pz      -0.000646      -0.000186       0.014738       0.014069       0.000000
   67      C    Px      -0.000000      -0.000000      -0.000000       0.000000      -0.002702
   68      C    Py       0.000000      -0.000000      -0.000000      -0.000000      -0.000973
   69      C    Pz      -0.000188      -0.000183       0.018103       0.014421      -0.000000
   70      C    Px       0.000000       0.000000       0.000000       0.000000       0.002046
   71      C    Py      -0.000000       0.000000       0.000000       0.000000       0.000736
   72      C    Pz      -0.000366       0.000425       0.002807       0.001142       0.000000
   73      C   Dxx      -0.002613       0.000019      -0.001098      -0.000639      -0.000000
   74      C   Dxy       0.000405       0.000000      -0.005414      -0.004383       0.000000
   75      C   Dxz       0.000000      -0.000000       0.000000       0.000000      -0.000045
   76      C   Dyy      -0.003461       0.000019       0.010240       0.008539      -0.000000
   77      C   Dyz       0.000000       0.000000      -0.000000      -0.000000      -0.000016
   78      C   Dzz      -0.002447       0.000025      -0.002782      -0.002191      -0.000000
   79      C   Dxx      -0.008167       0.000282       0.001961       0.002361      -0.000000
   80      C   Dxy      -0.000169       0.000000      -0.011287      -0.009145      -0.000000
   81      C   Dxz       0.000000      -0.000000       0.000000       0.000000      -0.001302
   82      C   Dyy      -0.007813       0.000282       0.025597       0.021511      -0.000000
   83      C   Dyz      -0.000000      -0.000000      -0.000000      -0.000000      -0.000469
   84      C   Dzz      -0.008300       0.000301      -0.003169      -0.002245      -0.000000
   85      C   Dxx      -0.002992       0.000483       0.003569       0.003492       0.000000
   86      C   Dxy       0.000063       0.000000      -0.002212      -0.001683       0.000000
   87      C   Dxz      -0.000000      -0.000000       0.000000       0.000000       0.002566
   88      C   Dyy      -0.003124       0.000483       0.008201       0.007017       0.000000
   89      C   Dyz       0.000000       0.000000      -0.000000      -0.000000       0.000924
   90      C   Dzz      -0.002785       0.000374      -0.000160       0.001103      -0.000000
   91      C  Fxxx       0.000000       0.000000      -0.000000      -0.000000       0.000626
   92      C  Fxxy       0.000000      -0.000000       0.000000      -0.000000       0.000029
   93      C  Fxxz       0.000118       0.000049       0.000188       0.000061      -0.000000
   94      C  Fxyy       0.000000       0.000000      -0.000000      -0.000000       0.000341
   95      C  Fxyz       0.000001       0.000000      -0.000179      -0.000152      -0.000000
   96      C  Fxzz       0.000000       0.000000      -0.000000      -0.000000       0.000555
   97      C  Fyyy       0.000000      -0.000000       0.000000      -0.000000       0.000295
   98      C  Fyyz       0.000115       0.000049       0.000562       0.000380      -0.000000
   99      C  Fyzz       0.000000      -0.000000       0.000000      -0.000000       0.000200
  100      C  Fzzz       0.000285       0.000058      -0.000028       0.000191      -0.000000
  101      C  Fxxx       0.000000       0.000000       0.000000      -0.000000       0.003235
  102      C  Fxxy       0.000000       0.000000       0.000000      -0.000000       0.000194
  103      C  Fxxz       0.000111       0.000011      -0.000218       0.000331       0.000000
  104      C  Fxyy       0.000000       0.000000       0.000000      -0.000000       0.001725
  105      C  Fxyz      -0.000000      -0.000000      -0.000310      -0.000345      -0.000000
  106      C  Fxzz       0.000000       0.000000       0.000000       0.000000       0.000760
  107      C  Fyyy       0.000000       0.000000       0.000000      -0.000000       0.001483
  108      C  Fyyz       0.000112       0.000011       0.000432       0.001054      -0.000000
  109      C  Fyzz       0.000000       0.000000       0.000000      -0.000000       0.000274
  110      C  Fzzz       0.000202       0.000181       0.000768       0.000454      -0.000000
 
                          -0.0704   
 
    1      C     S      -0.000000
    2      C     S      -0.000000
    3      C     S       0.000000
    4      C     S      -0.000000
    5      C     S       0.000000
    6      C    Px       0.101397
    7      C    Py      -0.281681
    8      C    Pz      -0.000000
    9      C    Px       0.131184
   10      C    Py      -0.364428
   11      C    Pz      -0.000000
   12      C    Px       0.125730
   13      C    Py      -0.349278
   14      C    Pz      -0.000000
   15      C    Px       0.064205
   16      C    Py      -0.178361
   17      C    Pz       0.000000
   18      C   Dxx       0.000000
   19      C   Dxy       0.000000
   20      C   Dxz      -0.000067
   21      C   Dyy       0.000000
   22      C   Dyz       0.000186
   23      C   Dzz       0.000000
   24      C   Dxx       0.000000
   25      C   Dxy       0.000000
   26      C   Dxz      -0.000231
   27      C   Dyy      -0.000000
   28      C   Dyz       0.000643
   29      C   Dzz       0.000000
   30      C   Dxx      -0.000000
   31      C   Dxy       0.000000
   32      C   Dxz       0.001830
   33      C   Dyy      -0.000000
   34      C   Dyz      -0.005084
   35      C   Dzz      -0.000000
   36      C  Fxxx       0.005937
   37      C  Fxxy      -0.007368
   38      C  Fxxz       0.000000
   39      C  Fxyy       0.002621
   40      C  Fxyz       0.000000
   41      C  Fxzz      -0.000414
   42      C  Fyyy      -0.016429
   43      C  Fyyz      -0.000000
   44      C  Fyzz       0.001149
   45      C  Fzzz       0.000000
   46      C  Fxxx       0.007558
   47      C  Fxxy      -0.009432
   48      C  Fxxz       0.000000
   49      C  Fxyy       0.003550
   50      C  Fxyz       0.000000
   51      C  Fxzz      -0.002715
   52      C  Fyyy      -0.021315
   53      C  Fyyz       0.000000
   54      C  Fyzz       0.007541
   55      C  Fzzz       0.000000
   56      C     S      -0.000000
   57      C     S       0.000000
   58      C     S      -0.000000
   59      C     S       0.000000
   60      C     S       0.000000
   61      C    Px       0.002394
   62      C    Py      -0.006652
   63      C    Pz       0.000000
   64      C    Px       0.002953
   65      C    Py      -0.008202
   66      C    Pz       0.000000
   67      C    Px       0.000652
   68      C    Py      -0.001810
   69      C    Pz       0.000000
   70      C    Px       0.002120
   71      C    Py      -0.005889
   72      C    Pz       0.000000
   73      C   Dxx      -0.000000
   74      C   Dxy      -0.000000
   75      C   Dxz      -0.000027
   76      C   Dyy      -0.000000
   77      C   Dyz       0.000075
   78      C   Dzz      -0.000000
   79      C   Dxx      -0.000000
   80      C   Dxy      -0.000000
   81      C   Dxz      -0.000483
   82      C   Dyy      -0.000000
   83      C   Dyz       0.001340
   84      C   Dzz      -0.000000
   85      C   Dxx      -0.000000
   86      C   Dxy      -0.000000
   87      C   Dxz       0.000582
   88      C   Dyy      -0.000000
   89      C   Dyz      -0.001618
   90      C   Dzz      -0.000000
   91      C  Fxxx       0.000205
   92      C  Fxxy      -0.000302
   93      C  Fxxz       0.000000
   94      C  Fxyy       0.000279
   95      C  Fxyz      -0.000000
   96      C  Fxzz       0.000177
   97      C  Fyyy      -0.000923
   98      C  Fyyz       0.000000
   99      C  Fyzz      -0.000491
  100      C  Fzzz       0.000000
  101      C  Fxxx       0.000954
  102      C  Fxxy      -0.001343
  103      C  Fxxz       0.000000
  104      C  Fxyy       0.001057
  105      C  Fxyz       0.000000
  106      C  Fxzz       0.000237
  107      C  Fyyy      -0.003836
  108      C  Fyyz       0.000000
  109      C  Fyzz      -0.000659
  110      C  Fzzz       0.000000
 
 
  end of eigenvectors 
 
  END OF EIGENVALUES AND EIGENVECTORS
 
 
  COMPONENTS OF KINETIC ENERGY: 
 -----------------------------
 
             E-ALPHA Kinetic energy =           38.511709377937
              E-BETA Kinetic energy =           36.849196717507
                                     _________________________
               Total kinetic energy =           75.360906095444
 
  COMPONENTS OF POTENTIAL ENERGY: 
 -------------------------------
 
          Fixed potential energy    =            5.148751614227
 
  Quantum/Fixed interaction energy: 
 ----------------------------------
 
     E-ALPHA/Fixed interact. energy =          -97.931464123957
      E-BETA/Fixed interact. energy =          -91.421844666969
                                     _________________________
               Total Q/Fixed energy =         -189.353308790926
 
  Coulomb energy: 
 ------------------
 
     E-ALPHA/E-ALPHA Hartree energy =           12.552529255860
       E-BETA/E-BETA Hartree energy =            9.934460917442
      E-ALPHA/E-BETA Hartree energy =           21.291715843003
                                     _________________________
               Total Hartree energy =           43.778706016304
 
  Exchange(HF) energy: 
 ----------------------
 
            E-ALPHA Exchange energy =           -5.417271075752
             E-BETA Exchange energy =           -4.883488705070
                                     _________________________
              Total Exchange energy =          -10.300759780823
 
  TOTAL ENERGY COMPONENTS: 
 ==========================
 
          TOTAL KINETIC ENERGY      =           75.360906095444
          TOTAL POTENTIAL ENERGY    =         -150.726610941217
                                     _________________________
                       TOTAL ENERGY =          -75.365704845773
 
                 VIRIAL RATIO (V/T) =            2.000063676919
 
 
  END ENERGY COMPONENTS
 
 
** TOTAL CPU Time SCF :     25.748 (s)
** TOTAL Elapsed Time SCF :      5.584 (s)
 
 We are calculating properties for E-ALPHA in the HF/KS ground state
 We are calculating properties for E-BETA in the HF/KS ground state
 
  POPULATION ANALYSES: 
 ====================
 
 MULLIKEN Population: for E-        
 ---------------------
 
                          total          spin      
 
    1      C     S       1.950874       0.000792
    2      C     S       0.974025      -0.015749
    3      C     S       0.218666      -0.003451
    4      C     S       0.704799       0.004483
    5      C     S       0.059560      -0.010151
    6      C    Px       0.194008      -0.194007
    7      C    Py       0.192776      -0.192776
    8      C    Pz       0.187726       0.187721
    9      C    Px       0.350743      -0.350738
   10      C    Py       0.348878      -0.348878
   11      C    Pz       0.337766       0.337739
   12      C    Px       0.317619      -0.317642
   13      C    Py       0.317490      -0.317493
   14      C    Pz       0.305579       0.305763
   15      C    Px       0.102545      -0.102901
   16      C    Py       0.104790      -0.104836
   17      C    Pz       0.126399       0.126387
   18      C   Dxx       0.005583      -0.013433
   19      C   Dxy       0.000000       0.000000
   20      C   Dxz       0.000000       0.000000
   21      C   Dyy       0.005572      -0.013329
   22      C   Dyz      -0.000000       0.000000
   23      C   Dzz       0.007175       0.026002
   24      C   Dxx       0.012134      -0.028815
   25      C   Dxy       0.000000       0.000000
   26      C   Dxz       0.000003       0.000005
   27      C   Dyy       0.012139      -0.028659
   28      C   Dyz      -0.000001       0.000002
   29      C   Dzz       0.020917       0.065067
   30      C   Dxx       0.006158      -0.005171
   31      C   Dxy       0.000000       0.000000
   32      C   Dxz      -0.000062      -0.000105
   33      C   Dyy       0.006364      -0.005221
   34      C   Dyz       0.000026      -0.000048
   35      C   Dzz       0.013203       0.023913
   36      C  Fxxx       0.013173      -0.013174
   37      C  Fxxy       0.004385      -0.004385
   38      C  Fxxz       0.000777       0.000777
   39      C  Fxyy       0.004374      -0.004374
   40      C  Fxyz      -0.000000      -0.000000
   41      C  Fxzz      -0.000681       0.000681
   42      C  Fyyy       0.013104      -0.013104
   43      C  Fyyz       0.000775       0.000776
   44      C  Fyzz      -0.000669       0.000669
   45      C  Fzzz       0.018072       0.018072
   46      C  Fxxx       0.016286      -0.016280
   47      C  Fxxy       0.005386      -0.005386
   48      C  Fxxz      -0.000085      -0.000097
   49      C  Fxyy       0.005511      -0.005509
   50      C  Fxyz       0.000000       0.000000
   51      C  Fxzz      -0.004202       0.004196
   52      C  Fyyy       0.016406      -0.016405
   53      C  Fyyz       0.000058       0.000046
   54      C  Fyzz      -0.004200       0.004199
   55      C  Fzzz       0.029090       0.029110
   56      C     S       1.950306      -0.002158
   57      C     S       1.062752       0.055895
   58      C     S       0.243181       0.018941
   59      C     S       0.657856      -0.050405
   60      C     S       0.028511      -0.004323
   61      C    Px       0.236791       0.236682
   62      C    Py       0.030788       0.030564
   63      C    Pz       0.274116       0.273098
   64      C    Px       0.403552       0.403289
   65      C    Py       0.052540       0.052010
   66      C    Pz       0.462094       0.460117
   67      C    Px       0.196433       0.196721
   68      C    Py       0.025579       0.025366
   69      C    Pz       0.215431       0.213352
   70      C    Px       0.010162       0.009249
   71      C    Py       0.002296       0.000220
   72      C    Pz       0.005060       0.005418
   73      C   Dxx       0.006320       0.007253
   74      C   Dxy       0.000233       0.000024
   75      C   Dxz      -0.000002      -0.000002
   76      C   Dyy       0.004936      -0.013464
   77      C   Dyz      -0.000000      -0.000000
   78      C   Dzz       0.006691       0.010542
   79      C   Dxx       0.012347       0.008153
   80      C   Dxy       0.000606       0.000030
   81      C   Dxz       0.000063       0.000014
   82      C   Dyy       0.013428      -0.030957
   83      C   Dyz       0.000031      -0.000021
   84      C   Dzz       0.008878       0.013306
   85      C   Dxx      -0.000949      -0.004305
   86      C   Dxy       0.000093       0.000027
   87      C   Dxz      -0.000107       0.000548
   88      C   Dyy      -0.001037      -0.008683
   89      C   Dyz      -0.000204       0.000261
   90      C   Dzz       0.004118       0.004072
   91      C  Fxxx       0.009721       0.009699
   92      C  Fxxy       0.000578       0.000568
   93      C  Fxxz       0.003687       0.003677
   94      C  Fxyy       0.002882       0.002871
   95      C  Fxyz       0.000000       0.000000
   96      C  Fxzz       0.003377       0.003360
   97      C  Fyyy       0.001082       0.001036
   98      C  Fyyz       0.003139       0.003099
   99      C  Fyzz       0.000447       0.000426
  100      C  Fzzz       0.011225       0.011215
  101      C  Fxxx       0.014961       0.014744
  102      C  Fxxy       0.000869       0.000790
  103      C  Fxxz       0.005766       0.005753
  104      C  Fxyy       0.004560       0.004461
  105      C  Fxyz       0.000001       0.000000
  106      C  Fxzz       0.003571       0.003497
  107      C  Fyyy       0.001846       0.001517
  108      C  Fyyz       0.005099       0.005026
  109      C  Fyzz       0.000495       0.000421
  110      C  Fzzz       0.012784       0.012726
 
                           __________     __________
              Total =       13.000000       1.000000
 
  Atomic MULLIKEN Population: for E-        
            C                7.001014      -0.995716
            C                5.998986       1.995716
 
 ...end of MULLIKEN Population
 
 
 END POPULATION ANALYSES 
 
 
  POPULATION ANALYSES: 
 ====================
 
 LOWDIN Population: for E-        
 ---------------------
 
                          total          spin      
 
    1      C     S       1.609603       0.000285
    2      C     S       0.561649      -0.005456
    3      C     S       0.396861      -0.004011
    4      C     S       0.316885       0.002500
    5      C     S       0.113527       0.004274
    6      C    Px       0.178325      -0.178325
    7      C    Py       0.177154      -0.177154
    8      C    Pz       0.171107       0.171102
    9      C    Px       0.170306      -0.170305
   10      C    Py       0.169426      -0.169426
   11      C    Pz       0.168372       0.168370
   12      C    Px       0.169726      -0.169704
   13      C    Py       0.169970      -0.169967
   14      C    Pz       0.160859       0.160669
   15      C    Px       0.093648      -0.092835
   16      C    Py       0.095057      -0.094952
   17      C    Pz       0.101547       0.089056
   18      C   Dxx       0.153573      -0.017711
   19      C   Dxy       0.000000       0.000000
   20      C   Dxz       0.000000      -0.000000
   21      C   Dyy       0.153570      -0.017611
   22      C   Dyz       0.000000      -0.000000
   23      C   Dzz       0.155931       0.027196
   24      C   Dxx       0.144763      -0.023706
   25      C   Dxy       0.000000       0.000000
   26      C   Dxz       0.000002      -0.000001
   27      C   Dyy       0.144839      -0.023606
   28      C   Dyz       0.000002      -0.000002
   29      C   Dzz       0.151162       0.051226
   30      C   Dxx       0.024580      -0.004932
   31      C   Dxy       0.000000       0.000000
   32      C   Dxz       0.000437       0.000415
   33      C   Dyy       0.024680      -0.004948
   34      C   Dyz       0.000060       0.000051
   35      C   Dzz       0.037782       0.022191
   36      C  Fxxx       0.110016      -0.110016
   37      C  Fxxy       0.047421      -0.047421
   38      C  Fxxz       0.042618       0.042618
   39      C  Fxyy       0.047684      -0.047684
   40      C  Fxyz       0.000000       0.000000
   41      C  Fxzz       0.042979      -0.042979
   42      C  Fyyy       0.109434      -0.109434
   43      C  Fyyz       0.042643       0.042643
   44      C  Fyzz       0.042748      -0.042748
   45      C  Fzzz       0.111034       0.111033
   46      C  Fxxx       0.101126      -0.101126
   47      C  Fxxy       0.043449      -0.043449
   48      C  Fxxz       0.039745       0.039730
   49      C  Fxyy       0.043541      -0.043541
   50      C  Fxyz       0.000000       0.000000
   51      C  Fxzz       0.036040      -0.036006
   52      C  Fyyy       0.101102      -0.101102
   53      C  Fyyz       0.039843       0.039829
   54      C  Fyzz       0.036066      -0.036062
   55      C  Fzzz       0.102377       0.102349
   56      C     S       1.610367      -0.000562
   57      C     S       0.590737       0.017030
   58      C     S       0.416810       0.014613
   59      C     S       0.303706      -0.011806
   60      C     S       0.095321      -0.005893
   61      C    Px       0.220381       0.220303
   62      C    Py       0.028638       0.028466
   63      C    Pz       0.255371       0.254424
   64      C    Px       0.187470       0.187364
   65      C    Py       0.024371       0.024146
   66      C    Pz       0.214995       0.214011
   67      C    Px       0.105234       0.104638
   68      C    Py       0.014047       0.013113
   69      C    Pz       0.112154       0.110576
   70      C    Px       0.023301       0.014976
   71      C    Py       0.007264      -0.002306
   72      C    Pz       0.037268       0.021873
   73      C   Dxx       0.168378       0.015614
   74      C   Dxy       0.000257       0.000022
   75      C   Dxz       0.000001      -0.000000
   76      C   Dyy       0.167073      -0.006575
   77      C   Dyz       0.000001      -0.000000
   78      C   Dzz       0.167796       0.018697
   79      C   Dxx       0.141557       0.003076
   80      C   Dxy       0.000546       0.000032
   81      C   Dxz       0.000055       0.000048
   82      C   Dyy       0.141923      -0.026831
   83      C   Dyz       0.000012       0.000002
   84      C   Dzz       0.136837       0.007019
   85      C   Dxx       0.016401      -0.002990
   86      C   Dxy       0.000130       0.000025
   87      C   Dxz       0.002407      -0.001883
   88      C   Dyy       0.016852      -0.007671
   89      C   Dyz       0.002270      -0.002202
   90      C   Dzz       0.038087       0.016971
   91      C  Fxxx       0.119588       0.119532
   92      C  Fxxy       0.006909       0.006854
   93      C  Fxxz       0.059849       0.059590
   94      C  Fxyy       0.051709       0.051680
   95      C  Fxyz       0.000001       0.000000
   96      C  Fxzz       0.051822       0.051799
   97      C  Fyyy       0.015402       0.015270
   98      C  Fyyz       0.059344       0.059056
   99      C  Fyzz       0.006739       0.006689
  100      C  Fzzz       0.137145       0.136540
  101      C  Fxxx       0.070850       0.070766
  102      C  Fxxy       0.004046       0.003959
  103      C  Fxxz       0.033441       0.033128
  104      C  Fxyy       0.029599       0.029546
  105      C  Fxyz       0.000001       0.000000
  106      C  Fxzz       0.029034       0.028621
  107      C  Fyyy       0.009126       0.008927
  108      C  Fyyz       0.032972       0.032617
  109      C  Fyzz       0.004002       0.003469
  110      C  Fzzz       0.075133       0.074321
 
                           __________     __________
              Total =       13.000000       1.000000
 
  Atomic LOWDIN Population: for E-        
            C                6.955273      -1.010682
            C                6.044727       2.010682
 
 ...end of LOWDIN Population
 
 
 END POPULATION ANALYSES 
 
 
  EXPECTED POSITIONS OF QUANTUM SPECIES:
 ======================
 
 POSITIONS IN ANGSTROMS
 ------
 
                        <x>      <y>      <z>         
            E-ALPHA  -0.0000   0.0000  14.7981
             E-BETA  -0.0000   0.0000   7.4713
 
 END EXPECTED POSITIONS
 
 
  ELECTROSTATIC MOMENTS:
 ======================
 
 
 DIPOLE: (A.U.)
 ------
 
                           <Dx>         <Dy>         <Dz>          |D|
            E-ALPHA   0.00000000  -0.00000000 -27.96431867
             E-BETA   0.00000000  -0.00000000 -14.11864626
    Point charges:    0.00000000   0.00000000  41.95191693
                     ____________________________
      Total Dipole:   0.00000000  -0.00000000  -0.13104801   0.13104801
 
 DIPOLE: (DEBYE)
 ------
 
                           <Dx>         <Dy>         <Dz>          |D|
            E-ALPHA   0.00000000  -0.00000000 -71.07819903
             E-BETA   0.00000000  -0.00000000 -35.88601463
    Point charges:    0.00000000   0.00000000 106.63112290
                     ____________________________
      Total Dipole:   0.00000000  -0.00000000  -0.33309076   0.33309076
 
 QUADRUPOLE NON-TRACELESS: (DEBYE ANGS)
 ------
 
                           <xx>         <yy>         <zz>         <xy>         <xz>         <yz>
            E-ALPHA   -8.50677518   -6.79955147 -278.43700841   -0.70604152    0.00000000   -0.00000000
             E-BETA  -10.28280151  -10.46185753 -139.76555971    0.07405062   -0.00000000   -0.00000000
    Point charges:     0.00000000    0.00000000  394.53510971    0.00000000    0.00000000    0.00000000
  Total Quadrupole:  -18.78957669  -17.26140899  -23.66745840   -0.63199090    0.00000000   -0.00000000
                     ____________________________
 
 END ELECTROSTATIC MOMENTS
 
 
 BEGIN FOUR-INDEX INTEGRALS TRANFORMATION:
 ========================================
 Selected method: C         
 
 --------------------------------------------------
    4N^5 Algorithm Four-index integral tranformation
 --------------------------------------------------
 
 Integrals transformation for: E-ALPHA
 
              Transformation boundaries 
                 orbital lower upper
                       p     1     7
                       q     8   110
                       r     1     7
                       s     8   110
 
         Loading AO integrals time(s):  0.236E-01
      Integral transformation time(s):  0.163E+01
       Non-zero transformed integrals:       188302
 
 Inter-species integrals transformation for: E-ALPHA/E-BETA
 
              Transformation boundaries 
                 orbital lower upper
                       p     1     6
                       q     7   110
                       r     1     7
                       s     8   110
 
         Loading AO integrals time(s):  0.261E-01
      Integral transformation time(s):  0.650E+01
 Non zero transformed coupling integrals:       165541
 
 Integrals transformation for: E-BETA
 
              Transformation boundaries 
                 orbital lower upper
                       p     1     6
                       q     7   110
                       r     1     6
                       s     7   110
 
         Loading AO integrals time(s):  0.168E-01
      Integral transformation time(s):  0.153E+01
       Non-zero transformed integrals:       151070
 
** TOTAL Elapsed Time for integrals transformation :      9.968 (s)
 
 
  POST HARTREE-FOCK CALCULATION
  MANY-BODY PERTURBATION THEORY:
 ==============================
 
              MOLLER-PLESSET FORMALISM 
               ORDER OF CORRECTION =     2
 
                E(0) + E(1) =     -75.365704845773
                       E(2) =      -0.192280188333
                             ____________________
                     E(MP2) =     -75.557985034106
 
              -----------------------------------
               E(n){ Specie }     E(n) / Hartree 
              -----------------------------------
 
            E(2){ E-ALPHA } =      -0.019555168755
             E(2){ E-BETA } =      -0.016593367524
 
     E(2){ E-ALPHA/E-BETA } =      -0.156131652054
 
** TOTAL CPU Time HF-MBPT :      0.561 (s)
** TOTAL Elapsed Time HF-MBPT :      0.326 (s)
 

  TOTAL CPU Time:      0.241 (s)
 TOTAL Wall Time:     15.939 (s)
  Elapsed Time:   0h  0m 15s 940ms
LOWDIN execution terminated normally at : Thu Feb  6 14:32:47 2025
-rw-rw-r-- 1 pohl pohl  45M feb  6 14:32 0E-ALPHA.E-BETA.ints
-rw-rw-r-- 1 pohl pohl  22M feb  6 14:32 0E-ALPHA.ints
-rw-rw-r-- 1 pohl pohl  44M feb  6 14:32 1E-ALPHA.E-BETA.ints
-rw-rw-r-- 1 pohl pohl  22M feb  6 14:32 1E-ALPHA.ints
-rw-rw-r-- 1 pohl pohl  45M feb  6 14:32 2E-ALPHA.E-BETA.ints
-rw-rw-r-- 1 pohl pohl  23M feb  6 14:32 2E-ALPHA.ints
-rw-rw-r-- 1 pohl pohl  44M feb  6 14:32 3E-ALPHA.E-BETA.ints
-rw-rw-r-- 1 pohl pohl  23M feb  6 14:32 3E-ALPHA.ints
-rw-rw-r-- 1 pohl pohl   12 feb  6 14:32 E-ALPHA.E-BETA.nints
-rw-rw-r-- 1 pohl pohl 4.9M feb  6 14:32 E-ALPHAmoint.dat
-rw-rw-r-- 1 pohl pohl 4.2M feb  6 14:32 E-BETA.E-ALPHAmoint.dat
-rw-rw-r-- 1 pohl pohl 4.2M feb  6 14:32 E-BETAmoint.dat
-rw-rw-r-- 1 pohl pohl   64 feb  6 14:32 gepol.inp
-rw-rw-r-- 1 pohl pohl  182 feb  6 14:32 gepol.xyzr
-rw-rw-r-- 1 pohl pohl  13K feb  6 14:32 lowdin.bas
-rw-rw-r-- 1 pohl pohl  16K feb  6 14:32 lowdin.dat
-rw-rw-r-- 1 pohl pohl 2.3M feb  6 14:32 lowdin.opints
-rw-rw-r-- 1 pohl pohl  46K feb  6 14:32 lowdin.sys
-rw-rw-r-- 1 pohl pohl 2.1M feb  6 14:32 lowdin.wfn
-rw-rw-r-- 1 pohl pohl  258 feb  6 14:32 usual_16
-rw-rw-r-- 1 pohl pohl 1.1K feb  6 14:32 usual_16.aux
-rw-rw-r-- 1 pohl pohl  266 feb  6 14:32 usual_16.lowdin
-rw-rw-r-- 1 pohl pohl  78K feb  6 14:32 usual_16.out
-rw-rw-r-- 1 pohl pohl 192K feb  6 14:32 usual_16.vec
