Begin job by input: usual_18.lowdin, for user:   at  jue 06 feb 2025 14:33:03 -05
under operating system Linux helios 5.19.0-46-generic #47-Ubuntu SMP PREEMPT_DYNAMIC Fri Jun 16 13:30:11 UTC 2023 x86_64 x86_64 x86_64 GNU/Linux
Compilation information
  commit: f31d3924f6ee2ce9d77f07edcc1ba27359319d14
  compilation date:  mar 17 sep 2024 16:16:17 -05

BEGIN INPUT INFO:
------------------------------------

GEOMETRY
	e-(C)	AUG-CC-PVTZ 0.0 0.0 0.0 multiplicity=2 addParticles=1 
	e-(C)	AUG-CC-PVTZ 0.0 0.0 4.1 
	C	Dirac 0.0 0.0 0.0
	C	Dirac 0.0 0.0 4.1
END GEOMETRY

TASKS
        method = "UHF"
	mollerPlessetCorrection=2
END TASKS

CONTROL
	units="ANGS"
END CONTROL






... END INPUT INFO


 LOWDIN execution started at : Thu Feb  6 14:33:03 2025
 ---------------------------------------------------------------
 
 ***************************************************************
 *                   LOWDIN 2.0  (May/2013)                    *
 *                                                             *
 *  R. FLORES-MORENO, E. F. POSADA, F. S. MONCADA, J.ROMERO,   *
 *  J. CHARRY, M. DIAZ-TINOCO, S. A. GONZALEZ, N. F. AGUIRRE,  *
 *  A. REYES                                                   *
 *                                                             *
 *  https://sites.google.com/site/lowdinproject/               *
 *                                                             *
 ***************************************************************
 
 PARSING INPUT... DONE!
 
 LOWDIN IS RUNNING WITH NEXT PARAMETERS: 
 ----------------------------------------
 
         METHOD TYPE:  UHF
         NUMBER OF CORES:     4
         MOLLER PLESSET CORRECTION:      2
         NONELECTRONIC DENSITY GUESS: HCORE
         ELECTRONIC DENSITY GUESS: HCORE
         CRITERIUM OF CONVERGENCE: ENERGY
         NONELECTRONIC ENERGY TOLERANCE IN SCFs:     0.10000E-07
         ELECTRONIC ENERGY TOLERANCE IN SCFs:     0.10000E-07
         TOTAL ENERGY TOLERANCE IN SCFs:     0.10000E-07
         SCHEME OF ITERATION: GLOBAL ITERATIONS
         SCF MAX. SUBITERATIONS - NONELECTRONS :     1
         SCF MAX. SUBITERATIONS - ELECTRONS :     1
         SCF MAX. ITERATIONS - INTERSPECIES :   200
         INTEGRAL STORAGE: DISK
         STACK SIZE FOR ERIS : 30000
         METHOD OF SCF CONVERGENCE: DAMPING
 
  MOLECULAR SYSTEM: usual_18
 -----------------
 
    DESCRIPTION   : usual_18
    CHARGE        :   0
    PUNTUAL GROUP : NONE
 
 
  INFORMATION OF PARTICLES :
 =========================
         Total number of particles   =      15
         Number of quantum particles =      13
         Number of puntual charges   =       2
         Number of quantum species   =       2
 
                 INFORMATION OF QUANTUM SPECIES 
    ----------------------------------------------------------------------
         ID      Symbol            mass     charge      omega     spin     multiplicity
    ----------------------------------------------------------------------
         1        E-ALPHA         1.0000     -1.00      0.00      0.50      2.00
         2         E-BETA         1.0000     -1.00      0.00      0.50      2.00
 
                   CONSTANTS OF COUPLING 
      ------------------------------------------------------------
              Symbol      kappa        eta     lambda occupation
      ------------------------------------------------------------
             E-ALPHA      -1.00       1.00       1.00       7.00
              E-BETA      -1.00       1.00       1.00       6.00
 
                   BASIS SET FOR SPECIES 
      ------------------------------------------------------------
           Symbol          N. Basis     N. Particles     Basis Set
      ------------------------------------------------------------
            E-ALPHA           28                7     AUG-CC-PVT
             E-BETA           28                6     AUG-CC-PVT
 
                                ATOMIC BASIS
         ------------------------------------------------------------
          PRIMITIVE   SHELL             EXPONENT         COEFFICIENT 
         ------------------------------------------------------------
 
    BEGIN DESCRIPTION OF BASIS FOR: E-ALP
    ==============================
 
 
             C BASIS SET:    AUG-CC-PVTZ
             1         S             8236.00000000          0.00053100
             2         S             1235.00000000          0.00410800
             3         S              280.80000000          0.02108700
             4         S               79.27000000          0.08185300
             5         S               25.59000000          0.23481700
             6         S                8.99700000          0.43440100
             7         S                3.31900000          0.34612900
             8         S                0.36430000         -0.00898300
             1         S             8236.00000000         -0.00011300
             2         S             1235.00000000         -0.00087800
             3         S              280.80000000         -0.00454000
             4         S               79.27000000         -0.01813300
             5         S               25.59000000         -0.05576000
             6         S                8.99700000         -0.12689500
             7         S                3.31900000         -0.17035200
             8         S                0.36430000          0.59868400
             1         S                0.90590000          1.00000000
             1         S                0.12850000          1.00000000
             1         S                0.04402000          1.00000000
             1         P               18.71000000          0.01403100
             2         P                4.13300000          0.08686600
             3         P                1.20000000          0.29021600
             1         P                0.38270000          1.00000000
             1         P                0.12090000          1.00000000
             1         P                0.03569000          1.00000000
             1         D                1.09700000          1.00000000
             1         D                0.31800000          1.00000000
             1         D                0.10000000          1.00000000
             1         F                0.76100000          1.00000000
             1         F                0.26800000          1.00000000
 
             C BASIS SET:    AUG-CC-PVTZ
             1         S             8236.00000000          0.00053100
             2         S             1235.00000000          0.00410800
             3         S              280.80000000          0.02108700
             4         S               79.27000000          0.08185300
             5         S               25.59000000          0.23481700
             6         S                8.99700000          0.43440100
             7         S                3.31900000          0.34612900
             8         S                0.36430000         -0.00898300
             1         S             8236.00000000         -0.00011300
             2         S             1235.00000000         -0.00087800
             3         S              280.80000000         -0.00454000
             4         S               79.27000000         -0.01813300
             5         S               25.59000000         -0.05576000
             6         S                8.99700000         -0.12689500
             7         S                3.31900000         -0.17035200
             8         S                0.36430000          0.59868400
             1         S                0.90590000          1.00000000
             1         S                0.12850000          1.00000000
             1         S                0.04402000          1.00000000
             1         P               18.71000000          0.01403100
             2         P                4.13300000          0.08686600
             3         P                1.20000000          0.29021600
             1         P                0.38270000          1.00000000
             1         P                0.12090000          1.00000000
             1         P                0.03569000          1.00000000
             1         D                1.09700000          1.00000000
             1         D                0.31800000          1.00000000
             1         D                0.10000000          1.00000000
             1         F                0.76100000          1.00000000
             1         F                0.26800000          1.00000000
    ... END DESCRIPTION OF BASIS
 
 
  END INFORMATION OF PARTICLES
 
 
  INFORMATION OF THE QUANTUM SYSTEM 
     ---------------------------------------------------------------------
                 ID     Occupied Orbitals     Basis size
     ---------------------------------------------------------------------
            E-ALPHA            7              110
             E-BETA            6              110
 
  END INFORMATION OF QUANTUM SYSTEM
 
                       INITIAL GEOMETRY: AMSTRONG
                 -----------------------------------
                       <x>                 <y>                 <z>
  E-ALPHAC        0.0000000000        0.0000000000        0.0000000000
  E-ALPHAC        0.0000000000        0.0000000000        4.1000000000
         C        0.0000000000        0.0000000000        0.0000000000
         C        0.0000000000        0.0000000000        4.1000000000
 
                     MATRIX OF DISTANCE: ANGSTROM
                 -----------------------------------
                          C(1)           C(2)      
 
        C(1)             0.000000       4.100000
        C(2)             4.100000       0.000000
 
--------------------------------------------------------------------------------
** PROGRAM: SCF (Hartree Fock).     Author: S.A. Gonzalez, E. Posada, F. Moncada
--------------------------------------------------------------------------------
INFO: RUNNING IN UHF MODE.
 
----------------------------------------------------------------------
** PROGRAM INTS                          Author: E. F. Posada, 2013   
----------------------------------------------------------------------
INFO: RUNNING IN ONE_PARTICLE MODE.
 
 Number of Overlap integrals for species E-ALPHA:  12100
 Number of Overlap integrals for species E-BETA:  12100
 Number of Kinetic integrals for species E-ALPHA:  12100
 Number of Kinetic integrals for species E-BETA:  12100
 Number of Nuclear integrals for species E-ALPHA:  12100
 Number of Nuclear integrals for species E-BETA:  12100
 Number of Moment integrals for species E-ALPHA:  36300
 Number of Moment integrals for species E-BETA:  36300
 
** TOTAL CPU Time INTS :      0.436 (s)
** TOTAL Elapsed Time INTS :      0.193 (s)
 
 Combination coefficients for E-ALPHA were read from usual_18.vec
     number of    E-ALPHA     particles in guess density matrix:     7.115885
 Warning!, density matrix with deviation from number of particles    7.000000
 Combination coefficients for E-BETA were read from usual_18.vec
     number of     E-BETA     particles in guess density matrix:     6.109882
 Warning!, density matrix with deviation from number of particles    6.000000
 Number of unique integrals for species: 1 = 3545890
 Number of unique integrals for species: 1 / 2 = 7086881 Screened: 0
 
 TWO-BODY INTEGRAL SETUP: 
------------------------- 
 Storage:   DISK
 Scheme: LIBINT
 Stack size:  30000
 
 LIBINT library, Fermann, J. T.; Valeev, F. L. 2010                   
 LOWDIN-LIBINT Implementation V. 2.1  Posada E. F. ; Reyes A. 2016   
 ----------------------------------------------------------------------

*** TOTAL CPU time intra-species integrals :      1.136 (s)
*** TOTAL elapsed time intra-species integrals :      0.249 (s)


*** TOTAL CPU time inter-species integrals :      2.551 (s)
*** TOTAL elapsed time inter-species integrals :      0.613 (s)

INFO: RUNNING SCHEME SIMULTANEOUS
 
 Begin Multi-Species SCF calculation:
 
 --------------------------------------------------------------------------------------------------
      Iteration                   Energy            Energy Change           Density Change
 --------------------------------------------------------------------------------------------------
              1         -74.926218545636          74.926218545636           0.008393479607
              2         -75.075486404018           0.149267858382           0.004866679968
              3         -75.113982772178           0.038496368161           0.004375237882
              4         -75.104421637598          -0.009561134580           0.002840325052
              5         -75.166382212937           0.061960575339           0.002180575695
              6         -75.155818762536          -0.010563450400           0.000747139875
              7         -75.176895130363           0.021076367827           0.002006003217
              8         -75.209080599735           0.032185469372           0.002598364634
              9         -75.280154299611           0.071073699876           0.002451215522
             10         -75.322590823932           0.042436524320           0.001473178880
             11         -75.337668941365           0.015078117433           0.000843018072
             12         -75.342341229968           0.004672288603           0.000527664195
             13         -75.344046255377           0.001705025409           0.000339575776
             14         -75.344727717786           0.000681462409           0.000228124428
             15         -75.345024980886           0.000297263101           0.000156443805
             16         -75.345162248941           0.000137268055           0.000110160574
             17         -75.345229256327           0.000067007386           0.000079786127
             18         -75.345263961518           0.000034705191           0.000059763054
             19         -75.345283187638           0.000019226120           0.000046391062
             20         -75.345294624099           0.000011436461           0.000037248816
             21         -75.345301902933           0.000007278834           0.000030762465
             22         -75.345306807523           0.000004904590           0.000025947244
             23         -75.345310258381           0.000003450858           0.000022202690
             24         -75.345312760645           0.000002502264           0.000019172578
             25         -75.345314611173           0.000001850528           0.000016646115
             26         -75.345315996670           0.000001385496           0.000014496705
             27         -75.345317041728           0.000001045058           0.000012644949
             28         -75.345317833425           0.000000791697           0.000011037886
             29         -75.345318434649           0.000000601224           0.000009637556
             30         -75.345318891814           0.000000457165           0.000008414878
             31         -75.345319239651           0.000000347837           0.000007346364
             32         -75.345319504363           0.000000264712           0.000006412335
             33         -75.345319705814           0.000000201451           0.000005595927
             34         -75.345319859104           0.000000153289           0.000004882496
             35         -75.345319975725           0.000000116621           0.000004259242
             36         -75.345320064430           0.000000088706           0.000003714935
             37         -75.345320131888           0.000000067458           0.000003239719
             38         -75.345320183179           0.000000051290           0.000002824935
             39         -75.345320222169           0.000000038990           0.000002462988
             40         -75.345320251804           0.000000029635           0.000002147213
             41         -75.345320274324           0.000000022521           0.000001871771
             42         -75.345320291436           0.000000017112           0.000001631548
             43         -75.345320304437           0.000000013001           0.000001422070
             44         -75.345320314314           0.000000009877           0.000001239424
 Total energy converged after  44 global iterations                                                  
 
 ...end Multi-Species SCF calculation
 
 
 Begin SCF calculation by: E-ALPHA
 -------------------------
 
 -----------------------------------------------------------------------------------
 Iteration                   Energy           Density Change         DIIS Error 
 -----------------------------------------------------------------------------------
    1         -31.318494988384           0.002222250678                 -- 
    2         -30.948844154549           0.001944074996                 -- 
    3         -30.867767755505           0.001203859186                 -- 
    4         -30.897999699832           0.000454386401                 -- 
    5         -30.839981226144           0.000215558794                 -- 
    6         -30.890362347782           0.000527507387                 -- 
    7         -30.881566051321           0.000821641444                 -- 
    8         -30.766615043984           0.001184352768                 -- 
    9         -30.615115065853           0.000644034917                 -- 
   10         -30.607892652787           0.000388490997                 -- 
   11         -30.556451816639           0.000236081341                 -- 
   12         -30.547702988095           0.000153713932                 -- 
   13         -30.531443293692           0.000104557935                 -- 
   14         -30.523050294568           0.000071655769                 -- 
   15         -30.515221682598           0.000050332793                 -- 
   16         -30.509322105756           0.000035734989                 -- 
   17         -30.504273265044           0.000026077983                 -- 
   18         -30.500041696031           0.000019547451                 -- 
   19         -30.496395328959           0.000015168309                 -- 
   20         -30.493246592204           0.000012156743                 -- 
   21         -30.490508775255           0.000010028878                 -- 
   22         -30.488123607505           0.000008455779                 -- 
   23         -30.486041976726           0.000007239034                 -- 
   24         -30.484224146782           0.000006257711                 -- 
   25         -30.482636207758           0.000005440852                 -- 
   26         -30.481249101044           0.000004745822                 -- 
   27         -30.480037584019           0.000004146278                 -- 
   28         -30.478979645143           0.000003624916                 -- 
   29         -30.478056024861           0.000003169562                 -- 
   30         -30.477249853332           0.000002771018                 -- 
   31         -30.476546347079           0.000002421914                 -- 
   32         -30.475932552819           0.000002116094                 -- 
   33         -30.475397125025           0.000001848268                 -- 
   34         -30.474930131266           0.000001613825                 -- 
   35         -30.474522880723           0.000001408711                 -- 
   36         -30.474167772843           0.000001229350                 -- 
   37         -30.473858163698           0.000001072585                 -- 
   38         -30.473588248045           0.000000935627                 -- 
   39         -30.473352955375           0.000000816020                 -- 
   40         -30.473147858379           0.000000711600                 -- 
   41         -30.472969092471           0.000000620466                 -- 
   42         -30.472813285106           0.000000540946                 -- 
   43         -30.472677493762           0.000000471575                 -- 
 
 ... end SCF calculation
 
 Begin SCF calculation by: E-BETA
 -------------------------
 
 -----------------------------------------------------------------------------------
 Iteration                   Energy           Density Change         DIIS Error 
 -----------------------------------------------------------------------------------
    1         -28.466980685290           0.002644429290                 -- 
    2         -28.187505416925           0.002431162886                 -- 
    3         -28.020940361152           0.001636465866                 -- 
    4         -28.058798133860           0.001726189294                 -- 
    5         -27.947686276414           0.000531581081                 -- 
    6         -27.971965016888           0.001478495830                 -- 
    7         -28.069005453993           0.001776723191                 -- 
    8         -28.085295972352           0.001266862754                 -- 
    9         -28.083967515111           0.000829143964                 -- 
   10         -28.131059594558           0.000454527075                 -- 
   11         -28.122397438092           0.000291582853                 -- 
   12         -28.138132030819           0.000185861844                 -- 
   13         -28.141551754704           0.000123566493                 -- 
   14         -28.147644072104           0.000084788036                 -- 
   15         -28.151520446312           0.000059827781                 -- 
   16         -28.155142755377           0.000044051138                 -- 
   17         -28.158100093193           0.000033685071                 -- 
   18         -28.160691502189           0.000026843611                 -- 
   19         -28.162934371427           0.000022080508                 -- 
   20         -28.164902930466           0.000018605723                 -- 
   21         -28.166631187812           0.000015918366                 -- 
   22         -28.168152287370           0.000013746912                 -- 
   23         -28.169490884185           0.000011933544                 -- 
   24         -28.170668565423           0.000010388404                 -- 
   25         -28.171703832836           0.000009055852                 -- 
   26         -28.172613096291           0.000007899127                 -- 
   27         -28.173410934934           0.000006891608                 -- 
   28         -28.174110373151           0.000006012639                 -- 
   29         -28.174723037886           0.000005245316                 -- 
   30         -28.175259296395           0.000004575346                 -- 
   31         -28.175728371255           0.000003990420                 -- 
   32         -28.176138447027           0.000003479833                 -- 
   33         -28.176496769541           0.000003034229                 -- 
   34         -28.176809739345           0.000002645417                 -- 
   35         -28.177082999071           0.000002306224                 -- 
   36         -28.177321514546           0.000002010368                 -- 
   37         -28.177529649415           0.000001752351                 -- 
   38         -28.177711233257           0.000001527361                 -- 
   39         -28.177869623284           0.000001331193                 -- 
   40         -28.178007759894           0.000001160170                 -- 
   41         -28.178128216406           0.000001011082                 -- 
   42         -28.178233243404           0.000000881125                 -- 
   43         -28.178324808116           0.000000767849                 -- 
 
 ... end SCF calculation
 
  EIGENVALUES AND EIGENVECTORS: 
 ==============================
 
 
  Eigenvalues for: E-ALPHA
 -----------------
 
    1         -11.210744882037
    2         -10.993349936091
    3          -0.590540769969
    4          -0.454768338090
    5          -0.290861296494
    6          -0.082809057783
    7          -0.079693709977
    8           0.143171894909
    9           0.159550256492
   10           0.167794370880
   11           0.218247078825
   12           0.229454156322
   13           0.239542108860
   14           0.251785996234
   15           0.254035010227
   16           0.270047196851
   17           0.288323192722
   18           0.397712318174
   19           0.423584917358
   20           0.430261992265
   21           0.432655674784
   22           0.434469460230
   23           0.439290043252
   24           0.499206971186
   25           0.506534762800
   26           0.531270044827
   27           0.532403340113
   28           0.556705468894
   29           0.560363994058
   30           0.568192162730
   31           0.589124624719
   32           0.601278335339
   33           0.628333924295
   34           0.648403677658
   35           0.721589805731
   36           0.770770775658
   37           1.175018813114
   38           1.184971964820
   39           1.202039431100
   40           1.205306232006
   41           1.206639576269
   42           1.208813292946
   43           1.213953258113
   44           1.222061740526
   45           1.222462650163
   46           1.222575687554
   47           1.229725546656
   48           1.229996144950
   49           1.250665282805
   50           1.272463853701
   51           1.292259760266
   52           1.306289904233
   53           1.331429280020
   54           1.347353747593
   55           1.357685354011
   56           1.365003499147
   57           1.366506117462
   58           1.369707436962
   59           1.370025249957
   60           1.372964875785
   61           1.374186063121
   62           1.398046724354
   63           1.420142677068
   64           1.425471316654
   65           1.427384786973
   66           1.434233649997
   67           1.468665746314
   68           1.652120919695
   69           2.025239616526
   70           2.198158654482
   71           3.174958712813
   72           3.197982732568
   73           3.225663912075
   74           3.356256480958
   75           3.388510364942
   76           3.404602346495
   77           3.523161449021
   78           3.538132654596
   79           3.566816495306
   80           3.567091227655
   81           3.572451891886
   82           3.573877136013
   83           3.588817788190
   84           3.591280714116
   85           3.599977565345
   86           3.602998295171
   87           3.621516659884
   88           3.650633294224
   89           3.726881249881
   90           3.735356668882
   91           3.753542330489
   92           3.764223499262
   93           3.778304489122
   94           3.784825371483
   95           3.784935202024
   96           3.786545653294
   97           3.791294464847
   98           3.798824346375
   99           3.812902652746
  100           3.904120700932
  101           6.229462162116
  102           6.418600899586
  103           7.355959074318
  104           7.395525479121
  105           7.520928523265
  106           7.560796943175
  107           7.567430787740
  108           7.797066928197
  109           8.599609642213
  110           8.800222318171
 
 
  Eigenvalues for: E-BETA
 -----------------
 
    1         -11.209920099375
    2         -10.972848541773
    3          -0.589792657942
    4          -0.335047834928
    5          -0.291429841958
    6          -0.035957321519
    7           0.143054129129
    8           0.150484939604
    9           0.195581750569
   10           0.206580516449
   11           0.227800430469
   12           0.232211745651
   13           0.236981863326
   14           0.261699285600
   15           0.275326168359
   16           0.287247381614
   17           0.403362305829
   18           0.413865739036
   19           0.419119613647
   20           0.419247623253
   21           0.441859965145
   22           0.443081122947
   23           0.447106645546
   24           0.522457892853
   25           0.525542192894
   26           0.528211117617
   27           0.529309332973
   28           0.547554551360
   29           0.556582304764
   30           0.588244671842
   31           0.595832037571
   32           0.609041702553
   33           0.660041394076
   34           0.691795451817
   35           0.734830334158
   36           0.817528642442
   37           1.156323198269
   38           1.156913456511
   39           1.201685081191
   40           1.201697046525
   41           1.211606346820
   42           1.214350806811
   43           1.221750719926
   44           1.221853977632
   45           1.223347765544
   46           1.223705343110
   47           1.230074133837
   48           1.245880576365
   49           1.252945034250
   50           1.274502567060
   51           1.286756925418
   52           1.340089130789
   53           1.365811536296
   54           1.365876670245
   55           1.370148339164
   56           1.372629863382
   57           1.375438830552
   58           1.381303002456
   59           1.381677109139
   60           1.400572148639
   61           1.404544089820
   62           1.420001826901
   63           1.440386100692
   64           1.458607213010
   65           1.469503111634
   66           1.480430705489
   67           1.495284300314
   68           1.675807871935
   69           2.027400645429
   70           2.204198037726
   71           3.160055473898
   72           3.175120991132
   73           3.266731880697
   74           3.370409186722
   75           3.419477230741
   76           3.453830598675
   77           3.511432163507
   78           3.511602983555
   79           3.558859556621
   80           3.558936447362
   81           3.575266694441
   82           3.580044014332
   83           3.589957180312
   84           3.591771921968
   85           3.610269429441
   86           3.617306748657
   87           3.625204917880
   88           3.675850018758
   89           3.762215848417
   90           3.769048082239
   91           3.780673465159
   92           3.798627533310
   93           3.798696891610
   94           3.809116890461
   95           3.811699300778
   96           3.822052428424
   97           3.828036941811
   98           3.837414337356
   99           3.854955282094
  100           3.947013148035
  101           6.230123565428
  102           6.438164572183
  103           7.355872613518
  104           7.384297400896
  105           7.534104183838
  106           7.561935228770
  107           7.573920779875
  108           7.811192157742
  109           8.600105311351
  110           8.814214798757
 
  end of eigenvalues 
 
  Occupied Eigenvectors for: E-ALPHA
 --------------------------- 
 
                         -11.2107       -10.9933        -0.5905        -0.4548        -0.2909   
 
    1      C     S      -0.975642      -0.000018      -0.005643       0.000030      -0.002238
    2      C     S       0.007104      -0.000036       0.563305      -0.010900      -0.019644
    3      C     S      -0.045461      -0.000174       0.147491      -0.002928      -0.006375
    4      C     S       0.015853       0.000550       0.362023      -0.008780       0.001191
    5      C     S       0.003591       0.000899       0.028185       0.000638       0.004691
    6      C    Px      -0.000000       0.000000       0.000000       0.000000      -0.000000
    7      C    Py       0.000000      -0.000000      -0.000000      -0.000000       0.000000
    8      C    Pz       0.000313       0.000039       0.004031       0.006022      -0.360638
    9      C    Px       0.000000      -0.000000       0.000000      -0.000000      -0.000000
   10      C    Py      -0.000000       0.000000      -0.000000      -0.000000       0.000000
   11      C    Pz      -0.001091      -0.000131       0.005238       0.008119      -0.471357
   12      C    Px       0.000000      -0.000000      -0.000000      -0.000000      -0.000000
   13      C    Py      -0.000000       0.000000       0.000000      -0.000000       0.000000
   14      C    Pz      -0.000788      -0.000330      -0.012469       0.003324      -0.290877
   15      C    Px      -0.000000       0.000000       0.000000       0.000000      -0.000000
   16      C    Py       0.000000       0.000000      -0.000000       0.000000       0.000000
   17      C    Pz       0.000213       0.000203      -0.000636       0.000560      -0.035907
   18      C   Dxx      -0.000821      -0.000039      -0.015518       0.000242       0.000535
   19      C   Dxy       0.000088      -0.000000      -0.001452       0.000030       0.000038
   20      C   Dxz       0.000000      -0.000000       0.000000      -0.000000      -0.000000
   21      C   Dyy      -0.001908      -0.000039       0.002504      -0.000129       0.000059
   22      C   Dyz       0.000000       0.000000      -0.000000       0.000000       0.000000
   23      C   Dzz      -0.003828      -0.000030       0.025145      -0.000389      -0.000585
   24      C   Dxx      -0.007835      -0.000226      -0.028652       0.000341      -0.000796
   25      C   Dxy      -0.000035       0.000000      -0.002733       0.000051       0.000016
   26      C   Dxz       0.000000      -0.000000       0.000000      -0.000000       0.000000
   27      C   Dyy      -0.007396      -0.000230       0.005274      -0.000296      -0.000995
   28      C   Dyz      -0.000000      -0.000000      -0.000000       0.000000      -0.000000
   29      C   Dzz      -0.007626      -0.000264       0.047746      -0.000635       0.006756
   30      C   Dxx      -0.002640      -0.000308      -0.012992      -0.000066      -0.000309
   31      C   Dxy       0.000013      -0.000001      -0.000276       0.000018      -0.000088
   32      C   Dxz      -0.000000       0.000000       0.000000       0.000000       0.000000
   33      C   Dyy      -0.002805      -0.000302      -0.009562      -0.000295       0.000789
   34      C   Dyz      -0.000000      -0.000000      -0.000000       0.000000      -0.000000
   35      C   Dzz      -0.002988      -0.000384       0.003226      -0.001074       0.028354
   36      C  Fxxx      -0.000000       0.000000      -0.000000       0.000000       0.000000
   37      C  Fxxy       0.000000      -0.000000       0.000000       0.000000      -0.000000
   38      C  Fxxz       0.000219       0.000040      -0.000096      -0.000108       0.003665
   39      C  Fxyy      -0.000000       0.000000      -0.000000       0.000000      -0.000000
   40      C  Fxyz      -0.000000       0.000000       0.000004      -0.000016       0.000957
   41      C  Fxzz      -0.000000       0.000000      -0.000000       0.000000      -0.000000
   42      C  Fyyy       0.000000      -0.000000       0.000000       0.000000       0.000000
   43      C  Fyyz       0.000220       0.000038      -0.000150       0.000088      -0.008209
   44      C  Fyzz       0.000000      -0.000000       0.000000       0.000000       0.000000
   45      C  Fzzz       0.000540       0.000081      -0.000418       0.000476      -0.021835
   46      C  Fxxx      -0.000000       0.000000      -0.000000       0.000000      -0.000000
   47      C  Fxxy       0.000000      -0.000000       0.000000       0.000000       0.000000
   48      C  Fxxz       0.000284       0.000066       0.000822       0.000216      -0.003154
   49      C  Fxyy      -0.000000       0.000000      -0.000000       0.000000      -0.000000
   50      C  Fxyz       0.000000      -0.000000       0.000055      -0.000022       0.000995
   51      C  Fxzz      -0.000000       0.000000      -0.000000       0.000000      -0.000000
   52      C  Fyyy       0.000000      -0.000000      -0.000000       0.000000       0.000000
   53      C  Fyyz       0.000284       0.000069       0.000146       0.000492      -0.015509
   54      C  Fyzz       0.000000      -0.000000       0.000000       0.000000       0.000000
   55      C  Fzzz       0.000566       0.000123      -0.003429       0.000907      -0.032590
   56      C     S       0.000023       0.975259      -0.000164      -0.012146      -0.000434
   57      C     S       0.000029      -0.005971       0.006053       0.531025       0.017447
   58      C     S       0.000166       0.046802       0.001678       0.134867       0.003120
   59      C     S      -0.000538      -0.015343       0.003743       0.379084       0.017128
   60      C     S      -0.000795      -0.003724      -0.001909       0.042151       0.016577
   61      C    Px       0.000000      -0.000000      -0.000000       0.000000       0.000000
   62      C    Py      -0.000000      -0.000000      -0.000000      -0.000000       0.000000
   63      C    Pz       0.000040       0.000125      -0.001201      -0.001323       0.009294
   64      C    Px      -0.000000       0.000000       0.000000      -0.000000      -0.000000
   65      C    Py       0.000000       0.000000       0.000000       0.000000       0.000000
   66      C    Pz      -0.000119      -0.000366      -0.001828      -0.001869       0.013900
   67      C    Px       0.000000       0.000000       0.000000       0.000000       0.000000
   68      C    Py       0.000000       0.000000       0.000000       0.000000      -0.000000
   69      C    Pz      -0.000390      -0.000468       0.001039      -0.001534       0.007647
   70      C    Px      -0.000000      -0.000000      -0.000000      -0.000000      -0.000000
   71      C    Py      -0.000000      -0.000000      -0.000000       0.000000       0.000000
   72      C    Pz       0.000161       0.000227       0.000774       0.000870      -0.001115
   73      C   Dxx       0.000037       0.002566       0.000175       0.013749       0.000270
   74      C   Dxy      -0.000000       0.000175       0.000027       0.002311       0.000076
   75      C   Dxz       0.000000      -0.000000       0.000000      -0.000000      -0.000000
   76      C   Dyy       0.000038       0.000394      -0.000162      -0.014935      -0.000674
   77      C   Dyz       0.000000       0.000000       0.000000       0.000000       0.000000
   78      C   Dzz       0.000030       0.002619       0.000223       0.014289       0.000105
   79      C   Dxx       0.000220       0.007414       0.000496       0.030415      -0.000683
   80      C   Dxy       0.000000       0.000001       0.000065       0.005332       0.000162
   81      C   Dxz       0.000000      -0.000000      -0.000000      -0.000000       0.000000
   82      C   Dyy       0.000216       0.007407      -0.000310      -0.035767      -0.002699
   83      C   Dyz      -0.000000       0.000000       0.000000       0.000000       0.000000
   84      C   Dzz       0.000245       0.007405       0.000971       0.031392      -0.002255
   85      C   Dxx       0.000268       0.002885       0.000721       0.015635      -0.002407
   86      C   Dxy      -0.000001       0.000016       0.000037       0.002517       0.000083
   87      C   Dxz      -0.000000      -0.000000       0.000000      -0.000000       0.000000
   88      C   Dyy       0.000277       0.002687       0.000257      -0.015610      -0.003442
   89      C   Dyz       0.000000       0.000000      -0.000000       0.000000       0.000000
   90      C   Dzz       0.000409       0.002931      -0.000510       0.015638      -0.001400
   91      C  Fxxx       0.000000      -0.000000      -0.000000       0.000000       0.000000
   92      C  Fxxy      -0.000000      -0.000000      -0.000000      -0.000000       0.000000
   93      C  Fxxz       0.000036       0.000077      -0.000012       0.000002      -0.000074
   94      C  Fxyy       0.000000      -0.000000      -0.000000       0.000000       0.000000
   95      C  Fxyz      -0.000000      -0.000000      -0.000002      -0.000005       0.000022
   96      C  Fxzz       0.000000      -0.000000      -0.000000       0.000000       0.000000
   97      C  Fyyy      -0.000000      -0.000000      -0.000000      -0.000000       0.000000
   98      C  Fyyz       0.000038       0.000078       0.000016       0.000059      -0.000346
   99      C  Fyzz      -0.000000      -0.000000      -0.000000      -0.000000       0.000000
  100      C  Fzzz       0.000085       0.000199      -0.000217       0.000024       0.000487
  101      C  Fxxx      -0.000000      -0.000000      -0.000000      -0.000000       0.000000
  102      C  Fxxy      -0.000000      -0.000000      -0.000000      -0.000000       0.000000
  103      C  Fxxz       0.000084       0.000144      -0.000496       0.000077       0.001128
  104      C  Fxyy       0.000000      -0.000000      -0.000000       0.000000       0.000000
  105      C  Fxyz       0.000000      -0.000000      -0.000011      -0.000003       0.000053
  106      C  Fxzz       0.000000      -0.000000      -0.000000      -0.000000       0.000000
  107      C  Fyyy      -0.000000      -0.000000      -0.000000      -0.000000       0.000000
  108      C  Fyyz       0.000081       0.000144      -0.000358       0.000117       0.000464
  109      C  Fyzz      -0.000000      -0.000000      -0.000000      -0.000000       0.000000
  110      C  Fzzz       0.000131       0.000262      -0.000648       0.000343       0.001198
 
                          -0.0828        -0.0797   
 
    1      C     S      -0.000236      -0.000000
    2      C     S      -0.020835      -0.000000
    3      C     S      -0.004760      -0.000000
    4      C     S      -0.027309      -0.000000
    5      C     S      -0.025796       0.000000
    6      C    Px      -0.000000       0.002844
    7      C    Py       0.000000       0.000197
    8      C    Pz      -0.027110      -0.000000
    9      C    Px       0.000000       0.003405
   10      C    Py       0.000000       0.000236
   11      C    Pz      -0.035364      -0.000000
   12      C    Px      -0.000000       0.002985
   13      C    Py       0.000000       0.000207
   14      C    Pz      -0.017768      -0.000000
   15      C    Px      -0.000000       0.002078
   16      C    Py       0.000000       0.000144
   17      C    Pz      -0.017341       0.000000
   18      C   Dxx       0.000478      -0.000000
   19      C   Dxy       0.000062      -0.000000
   20      C   Dxz       0.000000       0.000179
   21      C   Dyy      -0.000286      -0.000000
   22      C   Dyz      -0.000000       0.000012
   23      C   Dzz      -0.000139      -0.000000
   24      C   Dxx       0.001623      -0.000000
   25      C   Dxy       0.000079       0.000000
   26      C   Dxz      -0.000000       0.000565
   27      C   Dyy       0.000644      -0.000000
   28      C   Dyz       0.000000       0.000039
   29      C   Dzz       0.002973      -0.000000
   30      C   Dxx       0.001934      -0.000000
   31      C   Dxy       0.000018      -0.000000
   32      C   Dxz       0.000000       0.001441
   33      C   Dyy       0.001711      -0.000000
   34      C   Dyz      -0.000000       0.000100
   35      C   Dzz       0.012221      -0.000000
   36      C  Fxxx      -0.000000       0.000159
   37      C  Fxxy      -0.000000      -0.000007
   38      C  Fxxz      -0.000022      -0.000000
   39      C  Fxyy      -0.000000       0.000159
   40      C  Fxyz       0.000069       0.000000
   41      C  Fxzz      -0.000000       0.000129
   42      C  Fyyy       0.000000       0.000025
   43      C  Fyyz      -0.000880      -0.000000
   44      C  Fyzz      -0.000000       0.000009
   45      C  Fzzz      -0.001916      -0.000000
   46      C  Fxxx      -0.000000      -0.000279
   47      C  Fxxy       0.000000      -0.000053
   48      C  Fxxz      -0.001964      -0.000000
   49      C  Fxyy      -0.000000       0.000190
   50      C  Fxyz       0.000052      -0.000000
   51      C  Fxzz      -0.000000       0.000937
   52      C  Fyyy       0.000000       0.000030
   53      C  Fyyz      -0.002605      -0.000000
   54      C  Fyzz       0.000000       0.000065
   55      C  Fzzz      -0.003911      -0.000000
   56      C     S      -0.000157      -0.000000
   57      C     S       0.001264      -0.000000
   58      C     S      -0.000422       0.000000
   59      C     S       0.007227      -0.000000
   60      C     S       0.002742      -0.000000
   61      C    Px      -0.000000       0.306111
   62      C    Py      -0.000000       0.021255
   63      C    Pz      -0.311412      -0.000000
   64      C    Px      -0.000000       0.397074
   65      C    Py      -0.000000       0.027571
   66      C    Pz      -0.403130      -0.000000
   67      C    Px      -0.000000       0.370719
   68      C    Py      -0.000000       0.025741
   69      C    Pz      -0.369410      -0.000000
   70      C    Px      -0.000000       0.164929
   71      C    Py      -0.000000       0.011452
   72      C    Pz      -0.161699      -0.000000
   73      C   Dxx      -0.000032       0.000000
   74      C   Dxy       0.000004      -0.000000
   75      C   Dxz       0.000000      -0.000037
   76      C   Dyy      -0.000081       0.000000
   77      C   Dyz      -0.000000      -0.000003
   78      C   Dzz      -0.000299       0.000000
   79      C   Dxx      -0.001563       0.000000
   80      C   Dxy       0.000016      -0.000000
   81      C   Dxz      -0.000000      -0.000249
   82      C   Dyy      -0.001766       0.000000
   83      C   Dyz       0.000000      -0.000017
   84      C   Dzz      -0.001011       0.000000
   85      C   Dxx      -0.000526       0.000000
   86      C   Dxy      -0.000052       0.000000
   87      C   Dxz       0.000000      -0.000194
   88      C   Dyy       0.000123       0.000000
   89      C   Dyz      -0.000000      -0.000013
   90      C   Dzz      -0.005257      -0.000000
   91      C  Fxxx      -0.000000       0.016829
   92      C  Fxxy      -0.000000       0.001676
   93      C  Fxxz      -0.007726      -0.000000
   94      C  Fxyy       0.000000      -0.000656
   95      C  Fxyz      -0.000677       0.000000
   96      C  Fxzz       0.000000       0.007604
   97      C  Fyyy       0.000000      -0.000114
   98      C  Fyyz       0.000678       0.000000
   99      C  Fyzz      -0.000000       0.000528
  100      C  Fzzz      -0.017700      -0.000000
  101      C  Fxxx      -0.000000       0.021909
  102      C  Fxxy      -0.000000       0.003198
  103      C  Fxxz      -0.011007      -0.000000
  104      C  Fxyy       0.000000      -0.008072
  105      C  Fxyz      -0.001450       0.000000
  106      C  Fxzz      -0.000000       0.009942
  107      C  Fyyy       0.000000      -0.001280
  108      C  Fyyz       0.006997       0.000000
  109      C  Fyzz      -0.000000       0.000690
  110      C  Fzzz      -0.023697      -0.000000
 
 
  Occupied Eigenvectors for: E-BETA
 --------------------------- 
 
                         -11.2099       -10.9728        -0.5898        -0.3350        -0.2914   
 
    1      C     S      -0.975620       0.000025       0.005995      -0.000218      -0.000000
    2      C     S       0.007175       0.000037      -0.560724      -0.006126      -0.000000
    3      C     S      -0.045441       0.000206      -0.146135      -0.001599      -0.000000
    4      C     S       0.015585      -0.000633      -0.365638      -0.004912       0.000000
    5      C     S       0.004062      -0.001123      -0.027205      -0.000170       0.000000
    6      C    Px      -0.000000      -0.000000       0.000000      -0.000000       0.356238
    7      C    Py       0.000000       0.000000      -0.000000      -0.000000       0.024735
    8      C    Pz       0.000019      -0.000046       0.009653       0.000972      -0.000000
    9      C    Px       0.000000       0.000000      -0.000000       0.000000       0.465605
   10      C    Py      -0.000000      -0.000000       0.000000       0.000000       0.032329
   11      C    Pz       0.000302       0.000180       0.014162       0.001748      -0.000000
   12      C    Px       0.000000       0.000000       0.000000       0.000000       0.302004
   13      C    Py      -0.000000      -0.000000      -0.000000      -0.000000       0.020970
   14      C    Pz      -0.000046       0.000209       0.015117      -0.001430      -0.000000
   15      C    Px      -0.000000      -0.000000      -0.000000       0.000000       0.035687
   16      C    Py       0.000000      -0.000000       0.000000       0.000000       0.002478
   17      C    Pz       0.000368      -0.000284       0.000318      -0.000129       0.000000
   18      C   Dxx      -0.003805       0.000046      -0.024782      -0.000243      -0.000000
   19      C   Dxy      -0.000149      -0.000000      -0.001770      -0.000020       0.000000
   20      C   Dxz       0.000000       0.000000       0.000000       0.000000      -0.001722
   21      C   Dyy      -0.001956       0.000047      -0.002809       0.000010      -0.000000
   22      C   Dyz      -0.000000      -0.000000      -0.000000       0.000000      -0.000120
   23      C   Dzz      -0.000804       0.000034       0.015674       0.000181      -0.000000
   24      C   Dxx      -0.007618       0.000270      -0.049909      -0.000567      -0.000000
   25      C   Dxy      -0.000022       0.000000      -0.003616      -0.000019       0.000000
   26      C   Dxz       0.000000       0.000000       0.000000       0.000000      -0.006149
   27      C   Dyy      -0.007344       0.000266      -0.005029      -0.000336      -0.000000
   28      C   Dyz      -0.000000       0.000000      -0.000000      -0.000000      -0.000427
   29      C   Dzz      -0.007872       0.000322       0.031096       0.000711      -0.000000
   30      C   Dxx      -0.003007       0.000375      -0.006649      -0.000960      -0.000000
   31      C   Dxy      -0.000006      -0.000000      -0.001265      -0.000090      -0.000000
   32      C   Dxz      -0.000000      -0.000000       0.000000       0.000000      -0.013719
   33      C   Dyy      -0.002934       0.000381       0.009048       0.000156      -0.000000
   34      C   Dyz      -0.000000       0.000000      -0.000000       0.000000      -0.000953
   35      C   Dzz      -0.002581       0.000349       0.015617      -0.001158      -0.000000
   36      C  Fxxx      -0.000000      -0.000000       0.000000      -0.000000       0.021435
   37      C  Fxxy       0.000000       0.000000      -0.000000      -0.000000       0.000847
   38      C  Fxxz      -0.000040      -0.000049       0.000491       0.000004      -0.000000
   39      C  Fxyy      -0.000000      -0.000000       0.000000      -0.000000       0.008300
   40      C  Fxyz       0.000001       0.000000       0.000016       0.000003       0.000000
   41      C  Fxzz      -0.000000      -0.000000       0.000000      -0.000000      -0.003523
   42      C  Fyyy       0.000000       0.000000      -0.000000      -0.000000       0.001287
   43      C  Fyyz      -0.000053      -0.000050       0.000294      -0.000039       0.000000
   44      C  Fyzz       0.000000       0.000000      -0.000000      -0.000000      -0.000245
   45      C  Fzzz      -0.000135      -0.000085      -0.000525       0.000073       0.000000
   46      C  Fxxx      -0.000000      -0.000000       0.000000      -0.000000       0.035467
   47      C  Fxxy       0.000000       0.000000      -0.000000       0.000000       0.001397
   48      C  Fxxz      -0.000024      -0.000039       0.001205       0.000565      -0.000000
   49      C  Fxyy      -0.000000      -0.000000       0.000000      -0.000000       0.013763
   50      C  Fxyz       0.000000      -0.000000       0.000100      -0.000009       0.000000
   51      C  Fxzz      -0.000000      -0.000000      -0.000000      -0.000000      -0.001452
   52      C  Fyyy       0.000000       0.000000      -0.000000       0.000000       0.002134
   53      C  Fyyz      -0.000029      -0.000037      -0.000040       0.000678       0.000000
   54      C  Fyzz       0.000000       0.000000      -0.000000       0.000000      -0.000101
   55      C  Fzzz      -0.000040      -0.000114      -0.000749       0.000705       0.000000
   56      C     S       0.000025      -0.976083       0.000085      -0.014166      -0.000000
   57      C     S       0.000040       0.007645      -0.001993       0.506137       0.000000
   58      C     S       0.000216      -0.044311      -0.001177       0.126768       0.000000
   59      C     S      -0.000646       0.016114       0.000509       0.385118       0.000000
   60      C     S      -0.001243       0.004003       0.002937       0.065908      -0.000000
   61      C    Px       0.000000       0.000000       0.000000       0.000000       0.000192
   62      C    Py      -0.000000       0.000000       0.000000      -0.000000       0.000013
   63      C    Pz       0.000047      -0.000085      -0.000012       0.000325      -0.000000
   64      C    Px      -0.000000      -0.000000      -0.000000      -0.000000       0.000188
   65      C    Py       0.000000      -0.000000      -0.000000       0.000000       0.000013
   66      C    Pz      -0.000208       0.000202       0.000838       0.000602       0.000000
   67      C    Px       0.000000      -0.000000      -0.000000       0.000000      -0.000846
   68      C    Py       0.000000      -0.000000      -0.000000       0.000000      -0.000059
   69      C    Pz      -0.000097       0.000318       0.000309      -0.000983      -0.000000
   70      C    Px      -0.000000       0.000000       0.000000      -0.000000      -0.003036
   71      C    Py      -0.000000       0.000000       0.000000       0.000000      -0.000211
   72      C    Pz       0.000336      -0.000320      -0.000746      -0.001665       0.000000
   73      C   Dxx       0.000049      -0.001795      -0.000110      -0.006432       0.000000
   74      C   Dxy       0.000000       0.000162       0.000012      -0.002371      -0.000000
   75      C   Dxz       0.000000       0.000000      -0.000000      -0.000000       0.000100
   76      C   Dyy       0.000048      -0.003809      -0.000264       0.023000       0.000000
   77      C   Dyz       0.000000       0.000000       0.000000      -0.000000       0.000007
   78      C   Dzz       0.000034      -0.001754      -0.000076      -0.006794       0.000000
   79      C   Dxx       0.000279      -0.007807      -0.000781      -0.013958       0.000000
   80      C   Dxy      -0.000000      -0.000006       0.000021      -0.005755       0.000000
   81      C   Dxz       0.000000       0.000000       0.000000       0.000000      -0.000721
   82      C   Dyy       0.000281      -0.007738      -0.001047       0.057469       0.000000
   83      C   Dyz      -0.000000      -0.000000       0.000000      -0.000000      -0.000050
   84      C   Dzz       0.000347      -0.007854      -0.001176      -0.015074       0.000000
   85      C   Dxx       0.000416      -0.002879      -0.000932      -0.004570       0.000000
   86      C   Dxy       0.000000       0.000018       0.000053      -0.003877       0.000000
   87      C   Dxz      -0.000000       0.000000      -0.000000       0.000000       0.002181
   88      C   Dyy       0.000412      -0.003100      -0.001593       0.043557       0.000000
   89      C   Dyz       0.000000      -0.000000       0.000000      -0.000000       0.000151
   90      C   Dzz       0.000296      -0.002795      -0.000788      -0.003155       0.000000
   91      C  Fxxx       0.000000       0.000000       0.000000       0.000000       0.000015
   92      C  Fxxy      -0.000000       0.000000       0.000000      -0.000000       0.000000
   93      C  Fxxz       0.000055      -0.000047      -0.000166      -0.000027      -0.000000
   94      C  Fxyy       0.000000       0.000000       0.000000       0.000000       0.000009
   95      C  Fxyz       0.000000       0.000000       0.000002      -0.000004       0.000000
   96      C  Fxzz       0.000000       0.000000       0.000000       0.000000       0.000184
   97      C  Fyyy      -0.000000       0.000000       0.000000      -0.000000       0.000001
   98      C  Fyyz       0.000054      -0.000047      -0.000193       0.000017      -0.000000
   99      C  Fyzz      -0.000000       0.000000       0.000000      -0.000000       0.000013
  100      C  Fzzz       0.000081      -0.000109      -0.000188       0.000024      -0.000000
  101      C  Fxxx      -0.000000       0.000000       0.000000      -0.000000       0.000747
  102      C  Fxxy      -0.000000       0.000000       0.000000      -0.000000       0.000016
  103      C  Fxxz       0.000011      -0.000084       0.000048       0.000296       0.000000
  104      C  Fxyy       0.000000       0.000000       0.000000      -0.000000       0.000386
  105      C  Fxyz      -0.000000      -0.000000      -0.000014       0.000021      -0.000000
  106      C  Fxzz      -0.000000       0.000000       0.000000      -0.000000      -0.000166
  107      C  Fyyy      -0.000000       0.000000       0.000000      -0.000000       0.000060
  108      C  Fyyz       0.000012      -0.000083       0.000222       0.000034      -0.000000
  109      C  Fyzz      -0.000000       0.000000       0.000000      -0.000000      -0.000011
  110      C  Fzzz       0.000098      -0.000171      -0.000187       0.000148      -0.000000
 
                          -0.0360   
 
    1      C     S       0.000000
    2      C     S       0.000000
    3      C     S       0.000000
    4      C     S      -0.000000
    5      C     S       0.000000
    6      C    Px       0.000803
    7      C    Py      -0.011558
    8      C    Pz      -0.000000
    9      C    Px       0.000986
   10      C    Py      -0.014204
   11      C    Pz      -0.000000
   12      C    Px       0.000208
   13      C    Py      -0.002997
   14      C    Pz       0.000000
   15      C    Px       0.001445
   16      C    Py      -0.020814
   17      C    Pz      -0.000000
   18      C   Dxx      -0.000000
   19      C   Dxy       0.000000
   20      C   Dxz       0.000002
   21      C   Dyy      -0.000000
   22      C   Dyz      -0.000025
   23      C   Dzz      -0.000000
   24      C   Dxx       0.000000
   25      C   Dxy      -0.000000
   26      C   Dxz       0.000092
   27      C   Dyy       0.000000
   28      C   Dyz      -0.001326
   29      C   Dzz       0.000000
   30      C   Dxx       0.000000
   31      C   Dxy       0.000000
   32      C   Dxz      -0.000111
   33      C   Dyy      -0.000000
   34      C   Dyz       0.001603
   35      C   Dzz       0.000000
   36      C  Fxxx       0.000136
   37      C  Fxxy      -0.000874
   38      C  Fxxz      -0.000000
   39      C  Fxyy       0.000033
   40      C  Fxyz       0.000000
   41      C  Fxzz       0.000034
   42      C  Fyyy      -0.001655
   43      C  Fyyz      -0.000000
   44      C  Fyzz      -0.000495
   45      C  Fzzz      -0.000000
   46      C  Fxxx       0.000400
   47      C  Fxxy      -0.002575
   48      C  Fxxz      -0.000000
   49      C  Fxyy       0.000201
   50      C  Fxyz      -0.000000
   51      C  Fxzz       0.000116
   52      C  Fyyy      -0.005994
   53      C  Fyyz      -0.000000
   54      C  Fyzz      -0.001673
   55      C  Fzzz      -0.000000
   56      C     S      -0.000000
   57      C     S      -0.000000
   58      C     S       0.000000
   59      C     S      -0.000000
   60      C     S      -0.000000
   61      C    Px       0.019121
   62      C    Py      -0.275385
   63      C    Pz       0.000000
   64      C    Px       0.024291
   65      C    Py      -0.349833
   66      C    Pz       0.000000
   67      C    Px       0.024180
   68      C    Py      -0.348243
   69      C    Pz       0.000000
   70      C    Px       0.019223
   71      C    Py      -0.276842
   72      C    Pz       0.000000
   73      C   Dxx       0.000000
   74      C   Dxy      -0.000000
   75      C   Dxz       0.000000
   76      C   Dyy       0.000000
   77      C   Dyz      -0.000006
   78      C   Dzz       0.000000
   79      C   Dxx       0.000000
   80      C   Dxy      -0.000000
   81      C   Dxz       0.000016
   82      C   Dyy       0.000000
   83      C   Dyz      -0.000224
   84      C   Dzz       0.000000
   85      C   Dxx       0.000000
   86      C   Dxy      -0.000000
   87      C   Dxz      -0.000164
   88      C   Dyy       0.000000
   89      C   Dyz       0.002368
   90      C   Dzz       0.000000
   91      C  Fxxx       0.000289
   92      C  Fxxy      -0.001939
   93      C  Fxxz       0.000000
   94      C  Fxyy       0.001873
   95      C  Fxyz      -0.000000
   96      C  Fxzz       0.000111
   97      C  Fyyy      -0.022813
   98      C  Fyyz       0.000000
   99      C  Fyzz      -0.001594
  100      C  Fzzz       0.000000
  101      C  Fxxx      -0.000300
  102      C  Fxxy       0.001746
  103      C  Fxxz       0.000000
  104      C  Fxyy       0.003924
  105      C  Fxyz      -0.000000
  106      C  Fxzz      -0.000124
  107      C  Fyyy      -0.039099
  108      C  Fyyz       0.000000
  109      C  Fyzz       0.001788
  110      C  Fzzz       0.000000
 
 
  end of eigenvectors 
 
  END OF EIGENVALUES AND EIGENVECTORS
 
 
  COMPONENTS OF KINETIC ENERGY: 
 -----------------------------
 
             E-ALPHA Kinetic energy =           38.288252119496
              E-BETA Kinetic energy =           37.041196081754
                                     _________________________
               Total kinetic energy =           75.329448201250
 
  COMPONENTS OF POTENTIAL ENERGY: 
 -------------------------------
 
          Fixed potential energy    =            4.646434383571
 
  Quantum/Fixed interaction energy: 
 ----------------------------------
 
     E-ALPHA/Fixed interact. energy =          -96.871501828059
      E-BETA/Fixed interact. energy =          -91.303719433535
                                     _________________________
               Total Q/Fixed energy =         -188.175221261594
 
  Coulomb energy: 
 ------------------
 
     E-ALPHA/E-ALPHA Hartree energy =           12.129282009799
       E-BETA/E-BETA Hartree energy =            9.656518362029
      E-ALPHA/E-BETA Hartree energy =           21.340785996075
                                     _________________________
               Total Hartree energy =           43.126586367903
 
  Exchange(HF) energy: 
 ----------------------
 
            E-ALPHA Exchange energy =           -5.359411009137
             E-BETA Exchange energy =           -4.913157003808
                                     _________________________
              Total Exchange energy =          -10.272568012945
 
  TOTAL ENERGY COMPONENTS: 
 ==========================
 
          TOTAL KINETIC ENERGY      =           75.329448201250
          TOTAL POTENTIAL ENERGY    =         -150.674768523065
                                     _________________________
                       TOTAL ENERGY =          -75.345320321816
 
                 VIRIAL RATIO (V/T) =            2.000210702732
 
 
  END ENERGY COMPONENTS
 
 
** TOTAL CPU Time SCF :     23.729 (s)
** TOTAL Elapsed Time SCF :      5.122 (s)
 
 We are calculating properties for E-ALPHA in the HF/KS ground state
 We are calculating properties for E-BETA in the HF/KS ground state
 
  POPULATION ANALYSES: 
 ====================
 
 MULLIKEN Population: for E-        
 ---------------------
 
                          total          spin      
 
    1      C     S       1.950394       0.000010
    2      C     S       1.071890       0.003792
    3      C     S       0.246096       0.001347
    4      C     S       0.650909      -0.004045
    5      C     S       0.031098      -0.002359
    6      C    Px       0.259265      -0.259224
    7      C    Py       0.001557      -0.001557
    8      C    Pz       0.266187       0.265761
    9      C    Px       0.440059      -0.439959
   10      C    Py       0.002779      -0.002778
   11      C    Pz       0.448679       0.447786
   12      C    Px       0.232638      -0.232401
   13      C    Py       0.001370      -0.001369
   14      C    Pz       0.222037       0.221345
   15      C    Px       0.013915      -0.013395
   16      C    Py       0.003938      -0.003936
   17      C    Pz       0.010304       0.010351
   18      C   Dxx       0.007760      -0.027046
   19      C   Dxy       0.000011      -0.000003
   20      C   Dxz       0.000012      -0.000011
   21      C   Dyy       0.003962      -0.000196
   22      C   Dyz       0.000000      -0.000000
   23      C   Dzz       0.007982       0.027360
   24      C   Dxx       0.016668      -0.050136
   25      C   Dxy       0.000029      -0.000009
   26      C   Dxz       0.000100      -0.000087
   27      C   Dyy       0.006777       0.000151
   28      C   Dyz       0.000019      -0.000019
   29      C   Dzz       0.013895       0.050081
   30      C   Dxx      -0.001454      -0.005995
   31      C   Dxy       0.000005      -0.000004
   32      C   Dxz       0.000372      -0.000138
   33      C   Dyy      -0.005680      -0.000073
   34      C   Dyz      -0.000154       0.000155
   35      C   Dzz      -0.000109       0.009258
   36      C  Fxxx       0.017128      -0.017125
   37      C  Fxxy       0.000059      -0.000059
   38      C  Fxxz      -0.002129      -0.002148
   39      C  Fxyy       0.004931      -0.004928
   40      C  Fxyz       0.000001       0.000001
   41      C  Fxzz      -0.002043       0.002046
   42      C  Fyyy       0.000131      -0.000131
   43      C  Fyyz       0.004930       0.004919
   44      C  Fyzz       0.000004      -0.000004
   45      C  Fzzz       0.017560       0.017586
   46      C  Fxxx       0.023612      -0.023623
   47      C  Fxxy       0.000149      -0.000150
   48      C  Fxxz       0.001543       0.001488
   49      C  Fxyy       0.006808      -0.006803
   50      C  Fxyz       0.000002       0.000002
   51      C  Fxzz      -0.000670       0.000722
   52      C  Fyyy       0.000414      -0.000414
   53      C  Fyyz       0.007649       0.007636
   54      C  Fyzz       0.000086      -0.000085
   55      C  Fzzz       0.021471       0.021473
   56      C     S       1.950865      -0.000930
   57      C     S       0.974212       0.028840
   58      C     S       0.218440       0.008544
   59      C     S       0.701300      -0.009677
   60      C     S       0.071306      -0.018493
   61      C    Px       0.201049       0.199458
   62      C    Py       0.166018      -0.164087
   63      C    Pz       0.206694       0.206694
   64      C    Px       0.361533       0.358620
   65      C    Py       0.303795      -0.300323
   66      C    Pz       0.369334       0.369330
   67      C    Px       0.314852       0.311943
   68      C    Py       0.305138      -0.302116
   69      C    Pz       0.310281       0.310263
   70      C    Px       0.087999       0.086717
   71      C    Py       0.174227      -0.173385
   72      C    Pz       0.079135       0.079454
   73      C   Dxx       0.005639       0.013052
   74      C   Dxy       0.000027      -0.000001
   75      C   Dxz      -0.000000       0.000000
   76      C   Dyy       0.006628      -0.024766
   77      C   Dyz      -0.000000       0.000000
   78      C   Dzz       0.005783       0.013643
   79      C   Dxx       0.011764       0.028642
   80      C   Dxy       0.000096      -0.000010
   81      C   Dxz       0.000002      -0.000002
   82      C   Dyy       0.019143      -0.061179
   83      C   Dyz      -0.000000       0.000000
   84      C   Dzz       0.011775       0.030004
   85      C   Dxx       0.004109       0.007276
   86      C   Dxy       0.000044      -0.000014
   87      C   Dxz      -0.000094       0.000095
   88      C   Dyy       0.013152      -0.022856
   89      C   Dyz       0.000016      -0.000016
   90      C   Dzz       0.004916       0.006961
   91      C  Fxxx       0.012754       0.012725
   92      C  Fxxy       0.001084      -0.000947
   93      C  Fxxz       0.004402       0.004402
   94      C  Fxyy      -0.000289      -0.000435
   95      C  Fxyz       0.000001       0.000001
   96      C  Fxzz       0.004295       0.004287
   97      C  Fyyy       0.016406      -0.016417
   98      C  Fyyz      -0.000385      -0.000385
   99      C  Fyzz       0.000855      -0.000814
  100      C  Fzzz       0.013547       0.013547
  101      C  Fxxx       0.015699       0.015725
  102      C  Fxxy      -0.000802       0.001053
  103      C  Fxxz       0.005917       0.005917
  104      C  Fxyy      -0.004035      -0.004353
  105      C  Fxyz       0.000003       0.000003
  106      C  Fxzz       0.005312       0.005324
  107      C  Fyyy       0.028634      -0.028758
  108      C  Fyyz      -0.003619      -0.003620
  109      C  Fyzz      -0.000925       0.000976
  110      C  Fzzz       0.017022       0.017026
 
                           __________     __________
              Total =       13.000000       1.000000
 
  Atomic MULLIKEN Population: for E-        
            C                6.004945      -0.006938
            C                6.995055       1.006938
 
 ...end of MULLIKEN Population
 
 
 END POPULATION ANALYSES 
 
 
  POPULATION ANALYSES: 
 ====================
 
 LOWDIN Population: for E-        
 ---------------------
 
                          total          spin      
 
    1      C     S       1.610568       0.000039
    2      C     S       0.594033       0.001411
    3      C     S       0.419139       0.000980
    4      C     S       0.302810      -0.000439
    5      C     S       0.091259       0.001307
    6      C    Px       0.240289      -0.240257
    7      C    Py       0.001406      -0.001406
    8      C    Pz       0.246837       0.246434
    9      C    Px       0.207886      -0.207848
   10      C    Py       0.001305      -0.001305
   11      C    Pz       0.211687       0.211274
   12      C    Px       0.124429      -0.124197
   13      C    Py       0.001347      -0.001346
   14      C    Pz       0.117936       0.117453
   15      C    Px       0.026808      -0.022474
   16      C    Py       0.007208      -0.007187
   17      C    Pz       0.035141       0.024707
   18      C   Dxx       0.171622      -0.028275
   19      C   Dxy       0.000012      -0.000003
   20      C   Dxz       0.000014      -0.000013
   21      C   Dyy       0.167035       0.000511
   22      C   Dyz       0.000000      -0.000000
   23      C   Dzz       0.171179       0.029685
   24      C   Dxx       0.145012      -0.038663
   25      C   Dxy       0.000026      -0.000009
   26      C   Dxz       0.000108      -0.000105
   27      C   Dyy       0.135992      -0.000030
   28      C   Dyz       0.000002      -0.000002
   29      C   Dzz       0.141505       0.038044
   30      C   Dxx       0.016404      -0.006294
   31      C   Dxy       0.000007      -0.000004
   32      C   Dxz       0.001281       0.000731
   33      C   Dyy       0.013670      -0.000092
   34      C   Dyz       0.001515      -0.001506
   35      C   Dzz       0.025959       0.014760
   36      C  Fxxx       0.135778      -0.135757
   37      C  Fxxy       0.000373      -0.000373
   38      C  Fxxz       0.053473       0.053340
   39      C  Fxyy       0.058142      -0.058131
   40      C  Fxyz       0.000001       0.000001
   41      C  Fxzz       0.052120      -0.052110
   42      C  Fyyy       0.000828      -0.000828
   43      C  Fyyz       0.059272       0.059153
   44      C  Fyzz       0.000320      -0.000320
   45      C  Fzzz       0.138039       0.137795
   46      C  Fxxx       0.085968      -0.085947
   47      C  Fxxy       0.000301      -0.000301
   48      C  Fxxz       0.030757       0.030601
   49      C  Fxyy       0.035448      -0.035433
   50      C  Fxyz       0.000002       0.000002
   51      C  Fxzz       0.030086      -0.029916
   52      C  Fyyy       0.000662      -0.000662
   53      C  Fyyz       0.035276       0.035156
   54      C  Fyzz       0.000444      -0.000443
   55      C  Fzzz       0.082129       0.081885
   56      C     S       1.609642      -0.000217
   57      C     S       0.562329       0.009727
   58      C     S       0.397221       0.007046
   59      C     S       0.318547      -0.003729
   60      C     S       0.115553      -0.008110
   61      C    Px       0.185151       0.183704
   62      C    Py       0.150824      -0.149045
   63      C    Pz       0.190316       0.190316
   64      C    Px       0.174762       0.173339
   65      C    Py       0.150560      -0.148903
   66      C    Pz       0.179623       0.179622
   67      C    Px       0.166953       0.165246
   68      C    Py       0.180102      -0.178520
   69      C    Pz       0.157191       0.157178
   70      C    Px       0.084466       0.082585
   71      C    Py       0.149054      -0.148250
   72      C    Pz       0.073032       0.067121
   73      C   Dxx       0.154008       0.018885
   74      C   Dxy       0.000030      -0.000002
   75      C   Dxz       0.000000       0.000000
   76      C   Dyy       0.155492      -0.024190
   77      C   Dyz       0.000000      -0.000000
   78      C   Dzz       0.154167       0.019534
   79      C   Dxx       0.144863       0.022497
   80      C   Dxy       0.000090      -0.000011
   81      C   Dxz       0.000001       0.000000
   82      C   Dyy       0.152788      -0.050801
   83      C   Dyz       0.000002      -0.000002
   84      C   Dzz       0.144213       0.023160
   85      C   Dxx       0.024825       0.003572
   86      C   Dxy       0.000047      -0.000014
   87      C   Dxz       0.000126      -0.000111
   88      C   Dyy       0.031259      -0.019027
   89      C   Dyz       0.000002      -0.000002
   90      C   Dzz       0.027857       0.006615
   91      C  Fxxx       0.112820       0.111984
   92      C  Fxxy       0.038328      -0.037761
   93      C  Fxxz       0.050102       0.050102
   94      C  Fxyy       0.044399       0.043896
   95      C  Fxyz       0.000001       0.000001
   96      C  Fxzz       0.049012       0.048645
   97      C  Fyyy       0.098749      -0.097781
   98      C  Fyyz       0.045365       0.045365
   99      C  Fyzz       0.038259      -0.037788
  100      C  Fzzz       0.116318       0.116318
  101      C  Fxxx       0.099861       0.099019
  102      C  Fxxy       0.038902      -0.038351
  103      C  Fxxz       0.043449       0.043440
  104      C  Fxyy       0.036681       0.036088
  105      C  Fxyz       0.000003       0.000003
  106      C  Fxzz       0.042616       0.042243
  107      C  Fyyy       0.105977      -0.105180
  108      C  Fyyz       0.037008       0.037000
  109      C  Fyzz       0.038327      -0.037918
  110      C  Fzzz       0.097878       0.097870
 
                           __________     __________
              Total =       13.000000       1.000000
 
  Atomic LOWDIN Population: for E-        
            C                6.030851       0.003591
            C                6.969149       0.996409
 
 ...end of LOWDIN Population
 
 
 END POPULATION ANALYSES 
 
 
  EXPECTED POSITIONS OF QUANTUM SPECIES:
 ======================
 
 POSITIONS IN ANGSTROMS
 ------
 
                        <x>      <y>      <z>         
            E-ALPHA   0.0000   0.0000  16.3731
             E-BETA   0.0000   0.0000  12.2269
 
 END EXPECTED POSITIONS
 
 
  ELECTROSTATIC MOMENTS:
 ======================
 
 
 DIPOLE: (A.U.)
 ------
 
                           <Dx>         <Dy>         <Dz>          |D|
            E-ALPHA  -0.00000000  -0.00000000 -30.94074219
             E-BETA  -0.00000000  -0.00000000 -23.10553255
    Point charges:    0.00000000   0.00000000  46.48725930
                     ____________________________
      Total Dipole:  -0.00000000  -0.00000000  -7.55901545   7.55901545
 
 DIPOLE: (DEBYE)
 ------
 
                           <Dx>         <Dy>         <Dz>          |D|
            E-ALPHA  -0.00000000  -0.00000000 -78.64351202
             E-BETA  -0.00000000  -0.00000000 -58.72839817
    Point charges:    0.00000000   0.00000000 118.15881186
                     ____________________________
      Total Dipole:  -0.00000000  -0.00000000 -19.21309834  19.21309834
 
 QUADRUPOLE NON-TRACELESS: (DEBYE ANGS)
 ------
 
                           <xx>         <yy>         <zz>         <xy>         <xz>         <yz>
            E-ALPHA  -10.44111923   -6.85324836 -336.63580961   -0.25033164   -0.00000000   -0.00000000
             E-BETA   -8.60764157  -11.41749651 -247.59656325    0.19604819    0.00000000    0.00000000
    Point charges:     0.00000000    0.00000000  484.45107335    0.00000000    0.00000000    0.00000000
  Total Quadrupole:  -19.04876081  -18.27074486  -99.78129951   -0.05428345   -0.00000000    0.00000000
                     ____________________________
 
 END ELECTROSTATIC MOMENTS
 
 
 BEGIN FOUR-INDEX INTEGRALS TRANFORMATION:
 ========================================
 Selected method: C         
 
 --------------------------------------------------
    4N^5 Algorithm Four-index integral tranformation
 --------------------------------------------------
 
 Integrals transformation for: E-ALPHA
 
              Transformation boundaries 
                 orbital lower upper
                       p     1     7
                       q     8   110
                       r     1     7
                       s     8   110
 
         Loading AO integrals time(s):  0.221E-01
      Integral transformation time(s):  0.164E+01
       Non-zero transformed integrals:        91582
 
 Inter-species integrals transformation for: E-ALPHA/E-BETA
 
              Transformation boundaries 
                 orbital lower upper
                       p     1     6
                       q     7   110
                       r     1     7
                       s     8   110
 
         Loading AO integrals time(s):  0.243E-01
      Integral transformation time(s):  0.652E+01
 Non zero transformed coupling integrals:       134182
 
 Integrals transformation for: E-BETA
 
              Transformation boundaries 
                 orbital lower upper
                       p     1     6
                       q     7   110
                       r     1     6
                       s     7   110
 
         Loading AO integrals time(s):  0.161E-01
      Integral transformation time(s):  0.156E+01
       Non-zero transformed integrals:        95878
 
** TOTAL Elapsed Time for integrals transformation :     10.011 (s)
 
 
  POST HARTREE-FOCK CALCULATION
  MANY-BODY PERTURBATION THEORY:
 ==============================
 
              MOLLER-PLESSET FORMALISM 
               ORDER OF CORRECTION =     2
 
                E(0) + E(1) =     -75.345320321816
                       E(2) =      -0.188716445303
                             ____________________
                     E(MP2) =     -75.534036767119
 
              -----------------------------------
               E(n){ Specie }     E(n) / Hartree 
              -----------------------------------
 
            E(2){ E-ALPHA } =      -0.020377879573
             E(2){ E-BETA } =      -0.009551355742
 
     E(2){ E-ALPHA/E-BETA } =      -0.158787209988
 
** TOTAL CPU Time HF-MBPT :      0.561 (s)
** TOTAL Elapsed Time HF-MBPT :      0.326 (s)
 

  TOTAL CPU Time:      0.241 (s)
 TOTAL Wall Time:     15.520 (s)
  Elapsed Time:   0h  0m 15s 521ms
LOWDIN execution terminated normally at : Thu Feb  6 14:33:19 2025
-rw-rw-r-- 1 pohl pohl  42M feb  6 14:33 0E-ALPHA.E-BETA.ints
-rw-rw-r-- 1 pohl pohl  21M feb  6 14:33 0E-ALPHA.ints
-rw-rw-r-- 1 pohl pohl  41M feb  6 14:33 1E-ALPHA.E-BETA.ints
-rw-rw-r-- 1 pohl pohl  21M feb  6 14:33 1E-ALPHA.ints
-rw-rw-r-- 1 pohl pohl  42M feb  6 14:33 2E-ALPHA.E-BETA.ints
-rw-rw-r-- 1 pohl pohl  21M feb  6 14:33 2E-ALPHA.ints
-rw-rw-r-- 1 pohl pohl  41M feb  6 14:33 3E-ALPHA.E-BETA.ints
-rw-rw-r-- 1 pohl pohl  21M feb  6 14:33 3E-ALPHA.ints
-rw-rw-r-- 1 pohl pohl   12 feb  6 14:33 E-ALPHA.E-BETA.nints
-rw-rw-r-- 1 pohl pohl 4.9M feb  6 14:33 E-ALPHAmoint.dat
-rw-rw-r-- 1 pohl pohl 3.5M feb  6 14:33 E-BETA.E-ALPHAmoint.dat
-rw-rw-r-- 1 pohl pohl 4.2M feb  6 14:33 E-BETAmoint.dat
-rw-rw-r-- 1 pohl pohl   64 feb  6 14:33 gepol.inp
-rw-rw-r-- 1 pohl pohl  182 feb  6 14:33 gepol.xyzr
-rw-rw-r-- 1 pohl pohl  13K feb  6 14:33 lowdin.bas
-rw-rw-r-- 1 pohl pohl  16K feb  6 14:33 lowdin.dat
-rw-rw-r-- 1 pohl pohl 2.3M feb  6 14:33 lowdin.opints
-rw-rw-r-- 1 pohl pohl  46K feb  6 14:33 lowdin.sys
-rw-rw-r-- 1 pohl pohl 2.1M feb  6 14:33 lowdin.wfn
-rw-rw-r-- 1 pohl pohl  258 feb  6 14:33 usual_18
-rw-rw-r-- 1 pohl pohl 1.1K feb  6 14:33 usual_18.aux
-rw-rw-r-- 1 pohl pohl  266 feb  6 14:33 usual_18.lowdin
-rw-rw-r-- 1 pohl pohl  78K feb  6 14:33 usual_18.out
-rw-rw-r-- 1 pohl pohl 192K feb  6 14:33 usual_18.vec
