Begin job by input: usual_37.lowdin, for user:   at  jue 06 feb 2025 14:37:42 -05
under operating system Linux helios 5.19.0-46-generic #47-Ubuntu SMP PREEMPT_DYNAMIC Fri Jun 16 13:30:11 UTC 2023 x86_64 x86_64 x86_64 GNU/Linux
Compilation information
  commit: f31d3924f6ee2ce9d77f07edcc1ba27359319d14
  compilation date:  mar 17 sep 2024 16:16:17 -05

BEGIN INPUT INFO:
------------------------------------

GEOMETRY
	e-(C)	AUG-CC-PVTZ 0.0 0.0 0.0 multiplicity=2 addParticles=1 
	e-(C)	AUG-CC-PVTZ 0.0 0.0 7.9 
	C	Dirac 0.0 0.0 0.0
	C	Dirac 0.0 0.0 7.9
END GEOMETRY

TASKS
        method = "UHF"
	mollerPlessetCorrection=2
END TASKS

CONTROL
	units="ANGS"
END CONTROL






... END INPUT INFO


 LOWDIN execution started at : Thu Feb  6 14:37:42 2025
 ---------------------------------------------------------------
 
 ***************************************************************
 *                   LOWDIN 2.0  (May/2013)                    *
 *                                                             *
 *  R. FLORES-MORENO, E. F. POSADA, F. S. MONCADA, J.ROMERO,   *
 *  J. CHARRY, M. DIAZ-TINOCO, S. A. GONZALEZ, N. F. AGUIRRE,  *
 *  A. REYES                                                   *
 *                                                             *
 *  https://sites.google.com/site/lowdinproject/               *
 *                                                             *
 ***************************************************************
 
 PARSING INPUT... DONE!
 
 LOWDIN IS RUNNING WITH NEXT PARAMETERS: 
 ----------------------------------------
 
         METHOD TYPE:  UHF
         NUMBER OF CORES:     4
         MOLLER PLESSET CORRECTION:      2
         NONELECTRONIC DENSITY GUESS: HCORE
         ELECTRONIC DENSITY GUESS: HCORE
         CRITERIUM OF CONVERGENCE: ENERGY
         NONELECTRONIC ENERGY TOLERANCE IN SCFs:     0.10000E-07
         ELECTRONIC ENERGY TOLERANCE IN SCFs:     0.10000E-07
         TOTAL ENERGY TOLERANCE IN SCFs:     0.10000E-07
         SCHEME OF ITERATION: GLOBAL ITERATIONS
         SCF MAX. SUBITERATIONS - NONELECTRONS :     1
         SCF MAX. SUBITERATIONS - ELECTRONS :     1
         SCF MAX. ITERATIONS - INTERSPECIES :   200
         INTEGRAL STORAGE: DISK
         STACK SIZE FOR ERIS : 30000
         METHOD OF SCF CONVERGENCE: DAMPING
 
  MOLECULAR SYSTEM: usual_37
 -----------------
 
    DESCRIPTION   : usual_37
    CHARGE        :   0
    PUNTUAL GROUP : NONE
 
 
  INFORMATION OF PARTICLES :
 =========================
         Total number of particles   =      15
         Number of quantum particles =      13
         Number of puntual charges   =       2
         Number of quantum species   =       2
 
                 INFORMATION OF QUANTUM SPECIES 
    ----------------------------------------------------------------------
         ID      Symbol            mass     charge      omega     spin     multiplicity
    ----------------------------------------------------------------------
         1        E-ALPHA         1.0000     -1.00      0.00      0.50      2.00
         2         E-BETA         1.0000     -1.00      0.00      0.50      2.00
 
                   CONSTANTS OF COUPLING 
      ------------------------------------------------------------
              Symbol      kappa        eta     lambda occupation
      ------------------------------------------------------------
             E-ALPHA      -1.00       1.00       1.00       7.00
              E-BETA      -1.00       1.00       1.00       6.00
 
                   BASIS SET FOR SPECIES 
      ------------------------------------------------------------
           Symbol          N. Basis     N. Particles     Basis Set
      ------------------------------------------------------------
            E-ALPHA           28                7     AUG-CC-PVT
             E-BETA           28                6     AUG-CC-PVT
 
                                ATOMIC BASIS
         ------------------------------------------------------------
          PRIMITIVE   SHELL             EXPONENT         COEFFICIENT 
         ------------------------------------------------------------
 
    BEGIN DESCRIPTION OF BASIS FOR: E-ALP
    ==============================
 
 
             C BASIS SET:    AUG-CC-PVTZ
             1         S             8236.00000000          0.00053100
             2         S             1235.00000000          0.00410800
             3         S              280.80000000          0.02108700
             4         S               79.27000000          0.08185300
             5         S               25.59000000          0.23481700
             6         S                8.99700000          0.43440100
             7         S                3.31900000          0.34612900
             8         S                0.36430000         -0.00898300
             1         S             8236.00000000         -0.00011300
             2         S             1235.00000000         -0.00087800
             3         S              280.80000000         -0.00454000
             4         S               79.27000000         -0.01813300
             5         S               25.59000000         -0.05576000
             6         S                8.99700000         -0.12689500
             7         S                3.31900000         -0.17035200
             8         S                0.36430000          0.59868400
             1         S                0.90590000          1.00000000
             1         S                0.12850000          1.00000000
             1         S                0.04402000          1.00000000
             1         P               18.71000000          0.01403100
             2         P                4.13300000          0.08686600
             3         P                1.20000000          0.29021600
             1         P                0.38270000          1.00000000
             1         P                0.12090000          1.00000000
             1         P                0.03569000          1.00000000
             1         D                1.09700000          1.00000000
             1         D                0.31800000          1.00000000
             1         D                0.10000000          1.00000000
             1         F                0.76100000          1.00000000
             1         F                0.26800000          1.00000000
 
             C BASIS SET:    AUG-CC-PVTZ
             1         S             8236.00000000          0.00053100
             2         S             1235.00000000          0.00410800
             3         S              280.80000000          0.02108700
             4         S               79.27000000          0.08185300
             5         S               25.59000000          0.23481700
             6         S                8.99700000          0.43440100
             7         S                3.31900000          0.34612900
             8         S                0.36430000         -0.00898300
             1         S             8236.00000000         -0.00011300
             2         S             1235.00000000         -0.00087800
             3         S              280.80000000         -0.00454000
             4         S               79.27000000         -0.01813300
             5         S               25.59000000         -0.05576000
             6         S                8.99700000         -0.12689500
             7         S                3.31900000         -0.17035200
             8         S                0.36430000          0.59868400
             1         S                0.90590000          1.00000000
             1         S                0.12850000          1.00000000
             1         S                0.04402000          1.00000000
             1         P               18.71000000          0.01403100
             2         P                4.13300000          0.08686600
             3         P                1.20000000          0.29021600
             1         P                0.38270000          1.00000000
             1         P                0.12090000          1.00000000
             1         P                0.03569000          1.00000000
             1         D                1.09700000          1.00000000
             1         D                0.31800000          1.00000000
             1         D                0.10000000          1.00000000
             1         F                0.76100000          1.00000000
             1         F                0.26800000          1.00000000
    ... END DESCRIPTION OF BASIS
 
 
  END INFORMATION OF PARTICLES
 
 
  INFORMATION OF THE QUANTUM SYSTEM 
     ---------------------------------------------------------------------
                 ID     Occupied Orbitals     Basis size
     ---------------------------------------------------------------------
            E-ALPHA            7              110
             E-BETA            6              110
 
  END INFORMATION OF QUANTUM SYSTEM
 
                       INITIAL GEOMETRY: AMSTRONG
                 -----------------------------------
                       <x>                 <y>                 <z>
  E-ALPHAC        0.0000000000        0.0000000000        0.0000000000
  E-ALPHAC        0.0000000000        0.0000000000        7.9000000000
         C        0.0000000000        0.0000000000        0.0000000000
         C        0.0000000000        0.0000000000        7.9000000000
 
                     MATRIX OF DISTANCE: ANGSTROM
                 -----------------------------------
                          C(1)           C(2)      
 
        C(1)             0.000000       7.900000
        C(2)             7.900000       0.000000
 
--------------------------------------------------------------------------------
** PROGRAM: SCF (Hartree Fock).     Author: S.A. Gonzalez, E. Posada, F. Moncada
--------------------------------------------------------------------------------
INFO: RUNNING IN UHF MODE.
 
----------------------------------------------------------------------
** PROGRAM INTS                          Author: E. F. Posada, 2013   
----------------------------------------------------------------------
INFO: RUNNING IN ONE_PARTICLE MODE.
 
 Number of Overlap integrals for species E-ALPHA:  12100
 Number of Overlap integrals for species E-BETA:  12100
 Number of Kinetic integrals for species E-ALPHA:  12100
 Number of Kinetic integrals for species E-BETA:  12100
 Number of Nuclear integrals for species E-ALPHA:  12100
 Number of Nuclear integrals for species E-BETA:  12100
 Number of Moment integrals for species E-ALPHA:  36300
 Number of Moment integrals for species E-BETA:  36300
 
** TOTAL CPU Time INTS :      0.435 (s)
** TOTAL Elapsed Time INTS :      0.193 (s)
 
 Combination coefficients for E-ALPHA were read from usual_37.vec
     number of    E-ALPHA     particles in guess density matrix:     7.101559
 Warning!, density matrix with deviation from number of particles    7.000000
 Combination coefficients for E-BETA were read from usual_37.vec
     number of     E-BETA     particles in guess density matrix:     6.080659
 Warning!, density matrix with deviation from number of particles    6.000000
 Number of unique integrals for species: 1 = 1527874
 Number of unique integrals for species: 1 / 2 = 3052544 Screened: 16034
 
 TWO-BODY INTEGRAL SETUP: 
------------------------- 
 Storage:   DISK
 Scheme: LIBINT
 Stack size:  30000
 
 LIBINT library, Fermann, J. T.; Valeev, F. L. 2010                   
 LOWDIN-LIBINT Implementation V. 2.1  Posada E. F. ; Reyes A. 2016   
 ----------------------------------------------------------------------

*** TOTAL CPU time intra-species integrals :      0.781 (s)
*** TOTAL elapsed time intra-species integrals :      0.160 (s)


*** TOTAL CPU time inter-species integrals :      1.764 (s)
*** TOTAL elapsed time inter-species integrals :      0.412 (s)

INFO: RUNNING SCHEME SIMULTANEOUS
 
 Begin Multi-Species SCF calculation:
 
 --------------------------------------------------------------------------------------------------
      Iteration                   Energy            Energy Change           Density Change
 --------------------------------------------------------------------------------------------------
              1         -72.108431223068          72.108431223068           0.027581272923
              2         -64.951909980458          -7.156521242610           0.044785992290
              3         -66.676283721903           1.724373741445           0.051936096012
              4         -70.034959525212           3.358675803310           0.009248319542
              5         -73.125890446580           3.090930921367           0.013710232338
              6         -75.117314671864           1.991424225284           0.009237562837
              7         -75.343598394251           0.226283722387           0.002109649731
              8         -75.363145259174           0.019546864923           0.000926135473
              9         -75.366425217075           0.003279957901           0.000404254476
             10         -75.367249089327           0.000823872252           0.000238474322
             11         -75.367538921286           0.000289831959           0.000165463170
             12         -75.367677722108           0.000138800822           0.000128889332
             13         -75.367759430926           0.000081708818           0.000105233890
             14         -75.367813024960           0.000053594034           0.000088041013
             15         -75.367849912855           0.000036887895           0.000074288213
             16         -75.367875854234           0.000025941379           0.000062981155
             17         -75.367894285962           0.000018431728           0.000053498116
             18         -75.367907456928           0.000013170966           0.000045498273
             19         -75.367916903305           0.000009446377           0.000038721828
             20         -75.367923696508           0.000006793204           0.000032971858
             21         -75.367928591965           0.000004895457           0.000028086705
             22         -75.367932125851           0.000003533886           0.000023932995
             23         -75.367934680475           0.000002554624           0.000020398953
             24         -75.367936529393           0.000001848918           0.000017390626
             25         -75.367937868896           0.000001339503           0.000014828735
             26         -75.367938840162           0.000000971266           0.000012646260
             27         -75.367939544928           0.000000704766           0.000010786455
             28         -75.367940056630           0.000000511701           0.000009201213
             29         -75.367940428348           0.000000371718           0.000007849711
             30         -75.367940698496           0.000000270148           0.000006697273
             31         -75.367940894900           0.000000196405           0.000005714426
             32         -75.367941037738           0.000000142838           0.000004876105
             33         -75.367941141646           0.000000103908           0.000004160977
             34         -75.367941217253           0.000000075606           0.000003550881
             35         -75.367941272276           0.000000055024           0.000003030349
             36         -75.367941312328           0.000000040052           0.000002586202
             37         -75.367941341485           0.000000029157           0.000002207210
             38         -75.367941362714           0.000000021229           0.000001883798
             39         -75.367941378173           0.000000015458           0.000001607805
             40         -75.367941389430           0.000000011257           0.000001372269
             41         -75.367941397628           0.000000008198           0.000001171254
 Total energy converged after  41 global iterations                                                  
 
 ...end Multi-Species SCF calculation
 
 
 Begin SCF calculation by: E-ALPHA
 -------------------------
 
 -----------------------------------------------------------------------------------
 Iteration                   Energy           Density Change         DIIS Error 
 -----------------------------------------------------------------------------------
    1         -21.229388335005           0.041896743430                 -- 
    2         -25.369632135464           0.049821293782                 -- 
    3         -26.604213619843           0.003753804610                 -- 
    4         -29.389268533010           0.006279409692                 -- 
    5         -31.366054635329           0.006380218495                 -- 
    6         -30.177681717592           0.001331360749                 -- 
    7         -30.401265682008           0.000404347100                 -- 
    8         -30.362416240194           0.000203694011                 -- 
    9         -30.369959386332           0.000102003464                 -- 
   10         -30.357332024564           0.000085967447                 -- 
   11         -30.350740690991           0.000068584852                 -- 
   12         -30.342789505891           0.000060116297                 -- 
   13         -30.336280151532           0.000051422011                 -- 
   14         -30.330436334152           0.000044350163                 -- 
   15         -30.325470647764           0.000038022830                 -- 
   16         -30.321214503471           0.000032590049                 -- 
   17         -30.317600641462           0.000027886954                 -- 
   18         -30.314530528273           0.000023849362                 -- 
   19         -30.311925939873           0.000020384717                 -- 
   20         -30.309715494011           0.000017418101                 -- 
   21         -30.307839083556           0.000014879684                 -- 
   22         -30.306245354208           0.000012709211                 -- 
   23         -30.304890997180           0.000010854050                 -- 
   24         -30.303739428742           0.000009268868                 -- 
   25         -30.302759792259           0.000007914644                 -- 
   26         -30.301926035644           0.000006757903                 -- 
   27         -30.301216147555           0.000005769959                 -- 
   28         -30.300611509997           0.000004926257                 -- 
   29         -30.300096358871           0.000004205790                 -- 
   30         -30.299657332869           0.000003590593                 -- 
   31         -30.299283096746           0.000003065313                 -- 
   32         -30.298964026068           0.000002616825                 -- 
   33         -30.298691942988           0.000002233918                 -- 
   34         -30.298459894349           0.000001907011                 -- 
   35         -30.298261964974           0.000001627923                 -- 
   36         -30.298093120286           0.000001389663                 -- 
   37         -30.297949073432           0.000001186263                 -- 
   38         -30.297826172933           0.000001012626                 -- 
   39         -30.297721307557           0.000000864399                 -- 
   40         -30.297631825697           0.000000737864                 -- 
 
 ... end SCF calculation
 
 Begin SCF calculation by: E-BETA
 -------------------------
 
 -----------------------------------------------------------------------------------
 Iteration                   Energy           Density Change         DIIS Error 
 -----------------------------------------------------------------------------------
    1         -20.664121111265           0.002889248860                 -- 
    2         -22.464834698531           0.002114802230                 -- 
    3         -25.638836059883           0.005494514931                 -- 
    4         -29.099739127164           0.007430822646                 -- 
    5         -28.964945141507           0.002857344343                 -- 
    6         -27.590190566832           0.000778288982                 -- 
    7         -27.810611167679           0.000521788373                 -- 
    8         -27.762229427168           0.000200560465                 -- 
    9         -27.778968534622           0.000136470858                 -- 
   10         -27.781410796299           0.000079495723                 -- 
   11         -27.791756168514           0.000060304479                 -- 
   12         -27.800029484031           0.000045117593                 -- 
   13         -27.808288938589           0.000036619003                 -- 
   14         -27.815440479932           0.000029938049                 -- 
   15         -27.821739099057           0.000024958325                 -- 
   16         -27.827154559720           0.000020908067                 -- 
   17         -27.831806368772           0.000017611319                 -- 
   18         -27.835781988388           0.000014872466                 -- 
   19         -27.839176208942           0.000012587140                 -- 
   20         -27.842070780744           0.000010668604                 -- 
   21         -27.844538533604           0.000009053311                 -- 
   22         -27.846642065978           0.000007689742                 -- 
   23         -27.848435191137           0.000006536577                 -- 
   24         -27.849963842526           0.000005559867                 -- 
   25         -27.851267187014           0.000004731616                 -- 
   26         -27.852378574308           0.000004028552                 -- 
   27         -27.853326394788           0.000003431254                 -- 
   28         -27.854134814859           0.000002923453                 -- 
   29         -27.854824408890           0.000002491483                 -- 
   30         -27.855412696977           0.000002123833                 -- 
   31         -27.855914602230           0.000001810792                 -- 
   32         -27.856342838955           0.000001544151                 -- 
   33         -27.856708242200           0.000001316963                 -- 
   34         -27.857020047530           0.000001123337                 -- 
   35         -27.857286128681           0.000000958279                 -- 
   36         -27.857513199511           0.000000817547                 -- 
   37         -27.857706985709           0.000000697535                 -- 
   38         -27.857872370870           0.000000595179                 -- 
   39         -27.858013520801           0.000000507871                 -- 
   40         -27.858133989360           0.000000433390                 -- 
 
 ... end SCF calculation
 
  EIGENVALUES AND EIGENVECTORS: 
 ==============================
 
 
  Eigenvalues for: E-ALPHA
 -----------------
 
    1         -11.278864813619
    2         -10.972255739746
    3          -0.762078202859
    4          -0.371537212976
    5          -0.371235815637
    6          -0.336094816489
    7          -0.039445307973
    8           0.083693659589
    9           0.126143184927
   10           0.154565096058
   11           0.167002123231
   12           0.180021836574
   13           0.231476587094
   14           0.231524794860
   15           0.233190018787
   16           0.264544100688
   17           0.367533382480
   18           0.370042269645
   19           0.372340851982
   20           0.372632840351
   21           0.374514695820
   22           0.376763623195
   23           0.415154160855
   24           0.415177068123
   25           0.472067731311
   26           0.480424252705
   27           0.508836629957
   28           0.520537417427
   29           0.529152994606
   30           0.529288060141
   31           0.544961643508
   32           0.544961694423
   33           0.546081856890
   34           0.663639863563
   35           0.733057997993
   36           0.733071167078
   37           1.085892504626
   38           1.086583270364
   39           1.100082532855
   40           1.100963529599
   41           1.104909093795
   42           1.138286429987
   43           1.146851079903
   44           1.147962528367
   45           1.149202088612
   46           1.154223435465
   47           1.154322238919
   48           1.162307140223
   49           1.162313076115
   50           1.183307988028
   51           1.192301708384
   52           1.210247713016
   53           1.351577362104
   54           1.365566850670
   55           1.365573722812
   56           1.367073972265
   57           1.371993673614
   58           1.373907450249
   59           1.373914727491
   60           1.381353629013
   61           1.381353630742
   62           1.393617182886
   63           1.393617182886
   64           1.410311595301
   65           1.410311595771
   66           1.424736990259
   67           1.472758956754
   68           1.472770828518
   69           1.941283962067
   70           2.131156205145
   71           3.094217409921
   72           3.100240711594
   73           3.111098124686
   74           3.373262820161
   75           3.417958567078
   76           3.417961112115
   77           3.444395323709
   78           3.445348862135
   79           3.450133976020
   80           3.450461696821
   81           3.453034819148
   82           3.500013103876
   83           3.502234382312
   84           3.502648120366
   85           3.509700616866
   86           3.509717474550
   87           3.521949299523
   88           3.521981670713
   89           3.756691270029
   90           3.769202684129
   91           3.769208250651
   92           3.796039540981
   93           3.800047896760
   94           3.800052810384
   95           3.812304113246
   96           3.812304113833
   97           3.812823164632
   98           3.812823164812
   99           3.833783406253
  100           3.833783406254
  101           6.134042484022
  102           6.417311715714
  103           7.285550292270
  104           7.314097016447
  105           7.336739658396
  106           7.550922174534
  107           7.551011108210
  108           7.577147364268
  109           8.517023860760
  110           8.798998653481
 
 
  Eigenvalues for: E-BETA
 -----------------
 
    1         -11.233809009712
    2         -10.991301065917
    3          -0.516709240138
    4          -0.450109655416
    5          -0.076801180763
    6          -0.076791031642
    7           0.102949495999
    8           0.121886933269
    9           0.126299054271
   10           0.146738346117
   11           0.196761703782
   12           0.223819190397
   13           0.229682865022
   14           0.233211696358
   15           0.249668767665
   16           0.250188619068
   17           0.255991310157
   18           0.375530582434
   19           0.381054801521
   20           0.383438219614
   21           0.390449459830
   22           0.394397407087
   23           0.395467566679
   24           0.411225513003
   25           0.513603066946
   26           0.513603082582
   27           0.518549986085
   28           0.524212049728
   29           0.530970114675
   30           0.531808998069
   31           0.539464985685
   32           0.556420371133
   33           0.571759199130
   34           0.643418759055
   35           0.643468713894
   36           0.727569320538
   37           1.146549579215
   38           1.158097981476
   39           1.158320819460
   40           1.159208875803
   41           1.162801777645
   42           1.163900098374
   43           1.174814602821
   44           1.174880307595
   45           1.185875493419
   46           1.192192972301
   47           1.192383277813
   48           1.195308702070
   49           1.195658653229
   50           1.230093799173
   51           1.270163203532
   52           1.276074230109
   53           1.311263425641
   54           1.311263426088
   55           1.345590076470
   56           1.356434476629
   57           1.356434476629
   58           1.358699023251
   59           1.358713626412
   60           1.369253144463
   61           1.369253146371
   62           1.375730938353
   63           1.375739255092
   64           1.378211159327
   65           1.379497092606
   66           1.403838682850
   67           1.403861342763
   68           1.468939905445
   69           1.954694812590
   70           2.123149055661
   71           3.131597713172
   72           3.183205366917
   73           3.189073209110
   74           3.355296213409
   75           3.355308860965
   76           3.410436566691
   77           3.509692652414
   78           3.525136480938
   79           3.525506574967
   80           3.536663336174
   81           3.543395543593
   82           3.543869458587
   83           3.564626871980
   84           3.564639212146
   85           3.576612490634
   86           3.577382103959
   87           3.601583464606
   88           3.601606280565
   89           3.714400530939
   90           3.714400530982
   91           3.755845908354
   92           3.755847171087
   93           3.767808340058
   94           3.767808340058
   95           3.771656998090
   96           3.786648273303
   97           3.786648273463
   98           3.798501246077
   99           3.798504087736
  100           3.802646076630
  101           6.175620627373
  102           6.398726584624
  103           7.292789192836
  104           7.333605066001
  105           7.355880820135
  106           7.537209617035
  107           7.537361409267
  108           7.583793566922
  109           8.546618132295
  110           8.785772670338
 
  end of eigenvalues 
 
  Occupied Eigenvectors for: E-ALPHA
 --------------------------- 
 
                         -11.2789       -10.9723        -0.7621        -0.3715        -0.3712   
 
    1      C     S       0.974583       0.000013      -0.004306      -0.000000      -0.000651
    2      C     S      -0.005262       0.000024       0.582376      -0.000000      -0.005081
    3      C     S       0.048329       0.000042       0.153840       0.000000      -0.001817
    4      C     S      -0.014239      -0.000149       0.345182      -0.000000       0.000003
    5      C     S      -0.002917      -0.000186       0.026031      -0.000000       0.005000
    6      C    Px      -0.000000      -0.000000      -0.000000      -0.292576       0.000000
    7      C    Py       0.000000       0.000000       0.000000      -0.217384       0.000000
    8      C    Pz      -0.000037      -0.000015       0.001213      -0.000000      -0.365119
    9      C    Px       0.000000       0.000000       0.000000      -0.387364       0.000000
   10      C    Py      -0.000000      -0.000000      -0.000000      -0.287811       0.000000
   11      C    Pz       0.000192       0.000045       0.001571      -0.000000      -0.483279
   12      C    Px       0.000000       0.000000       0.000000      -0.230485       0.000000
   13      C    Py      -0.000000      -0.000000      -0.000000      -0.171250       0.000000
   14      C    Pz       0.000115       0.000120      -0.002999      -0.000000      -0.284926
   15      C    Px      -0.000000      -0.000000       0.000000      -0.018132       0.000000
   16      C    Py       0.000000      -0.000000      -0.000000      -0.013472       0.000000
   17      C    Pz      -0.000035      -0.000064      -0.000414      -0.000000      -0.021930
   18      C   Dxx       0.001378       0.000008       0.004764       0.000000       0.000041
   19      C   Dxy       0.001082      -0.000000       0.011869       0.000000      -0.000026
   20      C   Dxz       0.000000      -0.000000      -0.000000      -0.000113       0.000000
   21      C   Dyy       0.000813       0.000008      -0.001433       0.000000       0.000055
   22      C   Dyz       0.000000      -0.000000       0.000000      -0.000084       0.000000
   23      C   Dzz       0.002078       0.000004       0.012423       0.000000      -0.000191
   24      C   Dxx       0.006922       0.000053       0.006001       0.000000      -0.000111
   25      C   Dxy       0.000147       0.000000       0.022240       0.000000       0.000019
   26      C   Dxz       0.000000       0.000000      -0.000000       0.000609      -0.000000
   27      C   Dyy       0.006845       0.000053      -0.005611       0.000000      -0.000121
   28      C   Dyz       0.000000      -0.000000       0.000000       0.000452      -0.000000
   29      C   Dzz       0.007019       0.000067       0.019950       0.000000       0.001261
   30      C   Dxx       0.002445       0.000089      -0.011582       0.000000      -0.000744
   31      C   Dxy       0.000041      -0.000000       0.006066       0.000000       0.000026
   32      C   Dxz       0.000000      -0.000000      -0.000000       0.003541      -0.000000
   33      C   Dyy       0.002424       0.000089      -0.014749       0.000000      -0.000758
   34      C   Dyz       0.000000      -0.000000      -0.000000       0.002631      -0.000000
   35      C   Dzz       0.002466       0.000067      -0.008360       0.000000       0.007508
   36      C  Fxxx      -0.000000      -0.000000      -0.000000      -0.010689       0.000000
   37      C  Fxxy       0.000000       0.000000       0.000000      -0.004515       0.000000
   38      C  Fxxz      -0.000041      -0.000013      -0.000041      -0.000000      -0.005985
   39      C  Fxyy      -0.000000      -0.000000      -0.000000      -0.005205       0.000000
   40      C  Fxyz      -0.000000       0.000000      -0.000001      -0.000000      -0.000690
   41      C  Fxzz      -0.000000      -0.000000      -0.000000      -0.005176       0.000000
   42      C  Fyyy       0.000000       0.000000       0.000000      -0.007460       0.000000
   43      C  Fyyz      -0.000041      -0.000013      -0.000041      -0.000000      -0.005625
   44      C  Fyzz       0.000000       0.000000       0.000000      -0.003845       0.000000
   45      C  Fzzz      -0.000093      -0.000028      -0.000081      -0.000000      -0.014494
   46      C  Fxxx      -0.000000      -0.000000      -0.000000      -0.019837       0.000000
   47      C  Fxxy       0.000000       0.000000       0.000000      -0.007971       0.000000
   48      C  Fxxz      -0.000041      -0.000025      -0.000096      -0.000000      -0.011533
   49      C  Fxyy      -0.000000      -0.000000      -0.000000      -0.009481       0.000000
   50      C  Fxyz      -0.000001       0.000000      -0.000140      -0.000000      -0.000991
   51      C  Fxzz      -0.000000      -0.000000      -0.000000      -0.008951       0.000000
   52      C  Fyyy       0.000000       0.000000       0.000000      -0.014048       0.000000
   53      C  Fyyz      -0.000040      -0.000025      -0.000023      -0.000000      -0.011016
   54      C  Fyzz       0.000000       0.000000       0.000000      -0.006651       0.000000
   55      C  Fzzz      -0.000094      -0.000060      -0.000582      -0.000000      -0.025942
   56      C     S      -0.000014      -0.976032       0.000058       0.000000      -0.000114
   57      C     S      -0.000025       0.007671       0.000116       0.000000      -0.000589
   58      C     S      -0.000047      -0.044206       0.000210      -0.000000      -0.000436
   59      C     S       0.000172       0.015635      -0.000636       0.000000       0.000238
   60      C     S       0.000195       0.003057      -0.001065       0.000000       0.003182
   61      C    Px      -0.000000       0.000000      -0.000000       0.000019       0.000000
   62      C    Py      -0.000000       0.000000       0.000000       0.000014       0.000000
   63      C    Pz      -0.000017      -0.000006       0.000042       0.000000       0.000002
   64      C    Px       0.000000      -0.000000       0.000000      -0.000023      -0.000000
   65      C    Py       0.000000      -0.000000      -0.000000      -0.000017      -0.000000
   66      C    Pz       0.000053       0.000022      -0.000073      -0.000000       0.000089
   67      C    Px       0.000000       0.000000       0.000000      -0.000334      -0.000000
   68      C    Py       0.000000      -0.000000      -0.000000      -0.000248      -0.000000
   69      C    Pz       0.000131       0.000055      -0.000691       0.000000       0.001617
   70      C    Px       0.000000      -0.000000      -0.000000       0.000217      -0.000000
   71      C    Py      -0.000000       0.000000       0.000000       0.000161       0.000000
   72      C    Pz      -0.000067      -0.000026       0.000408      -0.000000      -0.001278
   73      C   Dxx      -0.000009      -0.001722       0.000033      -0.000000      -0.000050
   74      C   Dxy      -0.000000       0.000000       0.000000      -0.000000      -0.000000
   75      C   Dxz      -0.000000      -0.000000      -0.000000      -0.000003       0.000000
   76      C   Dyy      -0.000009      -0.001722       0.000033      -0.000000      -0.000050
   77      C   Dyz      -0.000000       0.000000      -0.000000      -0.000002       0.000000
   78      C   Dzz      -0.000005      -0.003799       0.000025      -0.000000      -0.000039
   79      C   Dxx      -0.000061      -0.007599       0.000261      -0.000000      -0.000381
   80      C   Dxy       0.000000      -0.000000      -0.000000      -0.000000       0.000000
   81      C   Dxz      -0.000000       0.000000      -0.000000       0.000017      -0.000000
   82      C   Dyy      -0.000061      -0.007599       0.000261      -0.000000      -0.000381
   83      C   Dyz      -0.000000      -0.000000      -0.000000       0.000012      -0.000000
   84      C   Dzz      -0.000074      -0.007540       0.000300      -0.000000      -0.000601
   85      C   Dxx      -0.000095      -0.002544       0.000470      -0.000000      -0.001213
   86      C   Dxy      -0.000000       0.000000       0.000000       0.000000      -0.000000
   87      C   Dxz      -0.000000      -0.000000      -0.000000      -0.000038      -0.000000
   88      C   Dyy      -0.000095      -0.002544       0.000470      -0.000000      -0.001213
   89      C   Dyz       0.000000       0.000000       0.000000      -0.000028      -0.000000
   90      C   Dzz      -0.000074      -0.002761       0.000391      -0.000000      -0.000836
   91      C  Fxxx      -0.000000       0.000000      -0.000000       0.000035       0.000000
   92      C  Fxxy      -0.000000       0.000000       0.000000       0.000012       0.000000
   93      C  Fxxz      -0.000015      -0.000007       0.000036       0.000000      -0.000053
   94      C  Fxyy      -0.000000       0.000000      -0.000000       0.000016      -0.000000
   95      C  Fxyz      -0.000000      -0.000000       0.000000      -0.000000       0.000000
   96      C  Fxzz      -0.000000       0.000000      -0.000000       0.000014       0.000000
   97      C  Fyyy      -0.000000       0.000000       0.000000       0.000026       0.000000
   98      C  Fyyz      -0.000015      -0.000007       0.000036       0.000000      -0.000053
   99      C  Fyzz      -0.000000       0.000000       0.000000       0.000011       0.000000
  100      C  Fzzz      -0.000032      -0.000014       0.000079       0.000000      -0.000101
  101      C  Fxxx      -0.000000       0.000000      -0.000000       0.000132       0.000000
  102      C  Fxxy      -0.000000       0.000000       0.000000       0.000044       0.000000
  103      C  Fxxz      -0.000028      -0.000012       0.000126       0.000000      -0.000234
  104      C  Fxyy      -0.000000       0.000000      -0.000000       0.000059       0.000000
  105      C  Fxyz       0.000000      -0.000000      -0.000000       0.000000      -0.000000
  106      C  Fxzz      -0.000000       0.000000      -0.000000       0.000062      -0.000000
  107      C  Fyyy      -0.000000       0.000000       0.000000       0.000098       0.000000
  108      C  Fyyz      -0.000028      -0.000012       0.000126      -0.000000      -0.000234
  109      C  Fyzz      -0.000000       0.000000       0.000000       0.000046       0.000000
  110      C  Fzzz      -0.000066      -0.000028       0.000287       0.000000      -0.000552
 
                          -0.3361        -0.0394   
 
    1      C     S      -0.000197       0.000732
    2      C     S      -0.000444       0.002761
    3      C     S      -0.000726       0.002661
    4      C     S       0.001618       0.002139
    5      C     S       0.004737      -0.030200
    6      C    Px      -0.000000       0.000000
    7      C    Py       0.000000      -0.000000
    8      C    Pz      -0.000195       0.001103
    9      C    Px       0.000000       0.000000
   10      C    Py       0.000000       0.000000
   11      C    Pz      -0.000537       0.001664
   12      C    Px       0.000000      -0.000000
   13      C    Py      -0.000000       0.000000
   14      C    Pz      -0.002841       0.007698
   15      C    Px      -0.000000       0.000000
   16      C    Py       0.000000      -0.000000
   17      C    Pz       0.001909      -0.009312
   18      C   Dxx      -0.000110       0.000346
   19      C   Dxy      -0.000001       0.000021
   20      C   Dxz       0.000000      -0.000000
   21      C   Dyy      -0.000110       0.000336
   22      C   Dyz      -0.000000      -0.000000
   23      C   Dzz      -0.000085       0.000270
   24      C   Dxx      -0.000873       0.002785
   25      C   Dxy      -0.000001       0.000007
   26      C   Dxz      -0.000000       0.000000
   27      C   Dyy      -0.000872       0.002781
   28      C   Dyz       0.000000       0.000000
   29      C   Dzz      -0.000996       0.002970
   30      C   Dxx      -0.001849       0.008431
   31      C   Dxy      -0.000002       0.000084
   32      C   Dxz      -0.000000       0.000000
   33      C   Dyy      -0.001848       0.008388
   34      C   Dyz       0.000000      -0.000000
   35      C   Dzz      -0.001486       0.006859
   36      C  Fxxx      -0.000000       0.000000
   37      C  Fxxy      -0.000000      -0.000000
   38      C  Fxxz       0.000100      -0.000162
   39      C  Fxyy      -0.000000      -0.000000
   40      C  Fxyz      -0.000000      -0.000002
   41      C  Fxzz      -0.000000       0.000000
   42      C  Fyyy      -0.000000      -0.000000
   43      C  Fyyz       0.000101      -0.000161
   44      C  Fyzz      -0.000000      -0.000000
   45      C  Fzzz       0.000217      -0.000349
   46      C  Fxxx      -0.000000       0.000000
   47      C  Fxxy       0.000000      -0.000000
   48      C  Fxxz       0.000427      -0.000874
   49      C  Fxyy      -0.000000       0.000000
   50      C  Fxyz      -0.000001       0.000011
   51      C  Fxzz      -0.000000       0.000000
   52      C  Fyyy       0.000000      -0.000000
   53      C  Fyyz       0.000428      -0.000880
   54      C  Fyzz       0.000000      -0.000000
   55      C  Fzzz       0.000979      -0.002062
   56      C     S      -0.013963      -0.000065
   57      C     S       0.507944      -0.000140
   58      C     S       0.127748      -0.000312
   59      C     S       0.385387       0.001099
   60      C     S       0.059736       0.001111
   61      C    Px      -0.000000       0.000000
   62      C    Py      -0.000000      -0.000000
   63      C    Pz       0.000126       0.281762
   64      C    Px       0.000000       0.000000
   65      C    Py       0.000000      -0.000000
   66      C    Pz       0.000060       0.358437
   67      C    Px       0.000000       0.000000
   68      C    Py      -0.000000      -0.000000
   69      C    Pz      -0.000609       0.357240
   70      C    Px       0.000000       0.000000
   71      C    Py      -0.000000      -0.000000
   72      C    Pz       0.000438       0.259861
   73      C   Dxx      -0.006712      -0.000047
   74      C   Dxy      -0.000001       0.000000
   75      C   Dxz       0.000000      -0.000000
   76      C   Dyy      -0.006712      -0.000047
   77      C   Dyz      -0.000000      -0.000000
   78      C   Dzz       0.023461      -0.000052
   79      C   Dxx      -0.014575      -0.000414
   80      C   Dxy      -0.000001      -0.000002
   81      C   Dxz       0.000000       0.000000
   82      C   Dyy      -0.014574      -0.000413
   83      C   Dyz      -0.000000       0.000000
   84      C   Dzz       0.058459      -0.000410
   85      C   Dxx      -0.003254      -0.000571
   86      C   Dxy      -0.000005       0.000009
   87      C   Dxz       0.000000      -0.000000
   88      C   Dyy      -0.003251      -0.000576
   89      C   Dyz      -0.000000      -0.000000
   90      C   Dzz       0.044142      -0.000658
   91      C  Fxxx      -0.000000       0.000000
   92      C  Fxxy      -0.000000      -0.000000
   93      C  Fxxz       0.000033       0.001529
   94      C  Fxyy      -0.000000       0.000000
   95      C  Fxyz      -0.000000       0.000000
   96      C  Fxzz      -0.000000       0.000000
   97      C  Fyyy      -0.000000       0.000000
   98      C  Fyyz       0.000033       0.001529
   99      C  Fyzz       0.000000      -0.000000
  100      C  Fzzz       0.000080       0.022758
  101      C  Fxxx      -0.000000      -0.000000
  102      C  Fxxy      -0.000000       0.000000
  103      C  Fxxz       0.000125      -0.002710
  104      C  Fxyy      -0.000000      -0.000000
  105      C  Fxyz       0.000001      -0.000003
  106      C  Fxzz      -0.000000       0.000000
  107      C  Fyyy       0.000000       0.000000
  108      C  Fyyz       0.000125      -0.002708
  109      C  Fyzz      -0.000000      -0.000000
  110      C  Fzzz       0.000293       0.037635
 
 
  Occupied Eigenvectors for: E-BETA
 --------------------------- 
 
                         -11.2338       -10.9913        -0.5167        -0.4501        -0.0768   
 
    1      C     S      -0.976514      -0.000015      -0.008727      -0.000044       0.000000
    2      C     S       0.008934      -0.000027       0.533796      -0.000070       0.000000
    3      C     S      -0.042581      -0.000059       0.136306      -0.000124      -0.000000
    4      C     S       0.016172       0.000217       0.391479       0.000288       0.000000
    5      C     S       0.003064       0.000225       0.022726       0.000959      -0.000000
    6      C    Px       0.000000       0.000000      -0.000000      -0.000000      -0.000033
    7      C    Py      -0.000000      -0.000000      -0.000000       0.000000      -0.000025
    8      C    Pz      -0.000039       0.000021      -0.003611       0.000028       0.000000
    9      C    Px      -0.000000      -0.000000       0.000000       0.000000      -0.000042
   10      C    Py       0.000000       0.000000       0.000000      -0.000000      -0.000031
   11      C    Pz       0.000179      -0.000067      -0.004848      -0.000015      -0.000000
   12      C    Px      -0.000000      -0.000000       0.000000      -0.000000       0.000249
   13      C    Py       0.000000       0.000000       0.000000      -0.000000       0.000185
   14      C    Pz       0.000017      -0.000156      -0.006760      -0.000575       0.000000
   15      C    Px       0.000000       0.000000       0.000000       0.000000      -0.000470
   16      C    Py      -0.000000       0.000000      -0.000000       0.000000      -0.000349
   17      C    Pz       0.000018       0.000077      -0.001046       0.000402       0.000000
   18      C   Dxx      -0.002841      -0.000012       0.003299      -0.000019      -0.000000
   19      C   Dxy       0.000612       0.000000      -0.010555      -0.000000      -0.000000
   20      C   Dxz      -0.000000       0.000000       0.000000       0.000000      -0.000006
   21      C   Dyy      -0.003161      -0.000012       0.008810      -0.000019      -0.000000
   22      C   Dyz      -0.000000       0.000000      -0.000000       0.000000      -0.000005
   23      C   Dzz      -0.002443      -0.000008      -0.003536      -0.000011      -0.000000
   24      C   Dxx      -0.007823      -0.000077       0.011559      -0.000150      -0.000000
   25      C   Dxy      -0.000256      -0.000000      -0.021802      -0.000001       0.000000
   26      C   Dxz      -0.000000      -0.000000       0.000000      -0.000000       0.000029
   27      C   Dyy      -0.007690      -0.000077       0.022942      -0.000149      -0.000000
   28      C   Dyz      -0.000000       0.000000      -0.000000      -0.000000       0.000021
   29      C   Dzz      -0.007993      -0.000090      -0.002682      -0.000194      -0.000000
   30      C   Dxx      -0.002633      -0.000112       0.004991      -0.000387      -0.000000
   31      C   Dxy       0.000094       0.000000      -0.003877       0.000000       0.000000
   32      C   Dxz      -0.000000       0.000000      -0.000000       0.000000      -0.000116
   33      C   Dyy      -0.002683      -0.000112       0.007016      -0.000387      -0.000000
   34      C   Dyz      -0.000000       0.000000      -0.000000       0.000000      -0.000086
   35      C   Dzz      -0.002566      -0.000090       0.001543      -0.000283      -0.000000
   36      C  Fxxx       0.000000       0.000000      -0.000000      -0.000000      -0.000017
   37      C  Fxxy      -0.000000      -0.000000      -0.000000       0.000000      -0.000005
   38      C  Fxxz      -0.000032       0.000019      -0.000052       0.000022       0.000000
   39      C  Fxyy       0.000000       0.000000      -0.000000      -0.000000      -0.000007
   40      C  Fxyz      -0.000000       0.000000       0.000086       0.000000       0.000000
   41      C  Fxzz       0.000000       0.000000      -0.000000      -0.000000      -0.000005
   42      C  Fyyy      -0.000000      -0.000000      -0.000000       0.000000      -0.000013
   43      C  Fyyz      -0.000032       0.000019      -0.000097       0.000022       0.000000
   44      C  Fyzz      -0.000000      -0.000000      -0.000000      -0.000000      -0.000004
   45      C  Fzzz      -0.000073       0.000040       0.000034       0.000048       0.000000
   46      C  Fxxx       0.000000       0.000000      -0.000000      -0.000000      -0.000085
   47      C  Fxxy      -0.000000      -0.000000      -0.000000       0.000000      -0.000025
   48      C  Fxxz      -0.000021       0.000034       0.000073       0.000096       0.000000
   49      C  Fxyy       0.000000       0.000000      -0.000000       0.000000      -0.000036
   50      C  Fxyz       0.000000      -0.000000       0.000181       0.000000       0.000000
   51      C  Fxzz       0.000000       0.000000      -0.000000      -0.000000      -0.000047
   52      C  Fyyy      -0.000000      -0.000000      -0.000000       0.000000      -0.000065
   53      C  Fyyz      -0.000021       0.000034      -0.000021       0.000096       0.000000
   54      C  Fyzz      -0.000000      -0.000000      -0.000000       0.000000      -0.000035
   55      C  Fzzz      -0.000046       0.000080       0.000269       0.000221      -0.000000
   56      C     S       0.000014       0.975237       0.000004       0.012424      -0.000000
   57      C     S       0.000026      -0.006105       0.000020      -0.529574      -0.000000
   58      C     S       0.000052       0.046582       0.000003      -0.134021      -0.000000
   59      C     S      -0.000189      -0.014818       0.000042      -0.380554       0.000000
   60      C     S      -0.000205      -0.003013      -0.000096      -0.046091      -0.000000
   61      C    Px       0.000000      -0.000000      -0.000000       0.000000      -0.245637
   62      C    Py       0.000000      -0.000000       0.000000       0.000000      -0.182508
   63      C    Pz       0.000019       0.000009       0.000001       0.000023       0.000000
   64      C    Px      -0.000000       0.000000       0.000000      -0.000000      -0.318295
   65      C    Py      -0.000000       0.000000      -0.000000      -0.000000      -0.236493
   66      C    Pz      -0.000058      -0.000033       0.000005       0.000008       0.000000
   67      C    Px      -0.000000       0.000000       0.000000      -0.000000      -0.297707
   68      C    Py      -0.000000       0.000000      -0.000000      -0.000000      -0.221196
   69      C    Pz      -0.000140      -0.000067      -0.000054      -0.000219       0.000000
   70      C    Px      -0.000000       0.000000      -0.000000       0.000000      -0.136413
   71      C    Py       0.000000      -0.000000       0.000000       0.000000      -0.101354
   72      C    Pz       0.000071       0.000031       0.000045       0.000114       0.000000
   73      C   Dxx       0.000010       0.002589      -0.000000      -0.014042      -0.000000
   74      C   Dxy      -0.000000       0.000000      -0.000000      -0.000001       0.000000
   75      C   Dxz       0.000000      -0.000000       0.000000       0.000000       0.000003
   76      C   Dyy       0.000010       0.002589      -0.000000      -0.014042       0.000000
   77      C   Dyz       0.000000       0.000000      -0.000000      -0.000000       0.000002
   78      C   Dzz       0.000006       0.000377      -0.000003       0.015245      -0.000000
   79      C   Dxx       0.000067       0.007213      -0.000004      -0.030701      -0.000000
   80      C   Dxy       0.000000       0.000000       0.000000      -0.000001       0.000000
   81      C   Dxz       0.000000      -0.000000      -0.000000       0.000000       0.000005
   82      C   Dyy       0.000067       0.007213      -0.000004      -0.030701      -0.000000
   83      C   Dyz       0.000000       0.000000      -0.000000      -0.000000       0.000004
   84      C   Dzz       0.000080       0.007220       0.000005       0.036720      -0.000000
   85      C   Dxx       0.000101       0.002626       0.000035      -0.015344       0.000000
   86      C   Dxy      -0.000000      -0.000000      -0.000000       0.000006      -0.000000
   87      C   Dxz       0.000000       0.000000       0.000000       0.000000      -0.000052
   88      C   Dyy       0.000101       0.002626       0.000035      -0.015347       0.000000
   89      C   Dyz      -0.000000      -0.000000       0.000000      -0.000000      -0.000039
   90      C   Dzz       0.000080       0.002416       0.000013       0.016759       0.000000
   91      C  Fxxx       0.000000      -0.000000      -0.000000       0.000000      -0.013791
   92      C  Fxxy       0.000000      -0.000000       0.000000       0.000000      -0.004583
   93      C  Fxxz       0.000016       0.000009       0.000001       0.000009       0.000000
   94      C  Fxyy       0.000000      -0.000000      -0.000000       0.000000      -0.006168
   95      C  Fxyz      -0.000000       0.000000      -0.000000       0.000000       0.000000
   96      C  Fxzz       0.000000      -0.000000      -0.000000       0.000000       0.000704
   97      C  Fyyy       0.000000      -0.000000       0.000000       0.000000      -0.010246
   98      C  Fyyz       0.000016       0.000009       0.000001       0.000009      -0.000000
   99      C  Fyzz       0.000000      -0.000000       0.000000       0.000000       0.000523
  100      C  Fzzz       0.000035       0.000019       0.000001       0.000019      -0.000000
  101      C  Fxxx       0.000000      -0.000000      -0.000000       0.000000      -0.018211
  102      C  Fxxy       0.000000      -0.000000       0.000000       0.000000      -0.006047
  103      C  Fxxz       0.000031       0.000016       0.000007       0.000034       0.000000
  104      C  Fxyy       0.000000      -0.000000      -0.000000       0.000000      -0.008142
  105      C  Fxyz      -0.000000       0.000000       0.000000      -0.000001      -0.000000
  106      C  Fxzz       0.000000      -0.000000      -0.000000       0.000000       0.006718
  107      C  Fyyy       0.000000      -0.000000       0.000000       0.000000      -0.013532
  108      C  Fyyz       0.000031       0.000016       0.000007       0.000034      -0.000000
  109      C  Fyzz       0.000000      -0.000000       0.000000       0.000000       0.004991
  110      C  Fzzz       0.000071       0.000036       0.000018       0.000078      -0.000000
 
                          -0.0768   
 
    1      C     S      -0.000000
    2      C     S      -0.000000
    3      C     S      -0.000000
    4      C     S       0.000000
    5      C     S       0.000000
    6      C    Px       0.000037
    7      C    Py      -0.000050
    8      C    Pz      -0.000000
    9      C    Px       0.000048
   10      C    Py      -0.000065
   11      C    Pz      -0.000000
   12      C    Px      -0.000176
   13      C    Py       0.000237
   14      C    Pz       0.000000
   15      C    Px       0.000382
   16      C    Py      -0.000514
   17      C    Pz      -0.000000
   18      C   Dxx      -0.000000
   19      C   Dxy       0.000000
   20      C   Dxz       0.000005
   21      C   Dyy      -0.000000
   22      C   Dyz      -0.000007
   23      C   Dzz      -0.000000
   24      C   Dxx      -0.000000
   25      C   Dxy       0.000000
   26      C   Dxz      -0.000022
   27      C   Dyy      -0.000000
   28      C   Dyz       0.000030
   29      C   Dzz      -0.000000
   30      C   Dxx      -0.000000
   31      C   Dxy      -0.000000
   32      C   Dxz       0.000093
   33      C   Dyy      -0.000000
   34      C   Dyz      -0.000125
   35      C   Dzz      -0.000000
   36      C  Fxxx       0.000013
   37      C  Fxxy      -0.000009
   38      C  Fxxz       0.000000
   39      C  Fxyy       0.000007
   40      C  Fxyz      -0.000000
   41      C  Fxzz       0.000004
   42      C  Fyyy      -0.000019
   43      C  Fyyz      -0.000000
   44      C  Fyzz      -0.000005
   45      C  Fzzz      -0.000000
   46      C  Fxxx       0.000065
   47      C  Fxxy      -0.000042
   48      C  Fxxz      -0.000000
   49      C  Fxyy       0.000035
   50      C  Fxyz      -0.000000
   51      C  Fxzz       0.000036
   52      C  Fyyy      -0.000090
   53      C  Fyyz      -0.000000
   54      C  Fyzz      -0.000048
   55      C  Fzzz      -0.000000
   56      C     S      -0.000000
   57      C     S      -0.000000
   58      C     S       0.000000
   59      C     S      -0.000000
   60      C     S       0.000000
   61      C    Px       0.182497
   62      C    Py      -0.245623
   63      C    Pz      -0.000000
   64      C    Px       0.236477
   65      C    Py      -0.318275
   66      C    Pz      -0.000000
   67      C    Px       0.221165
   68      C    Py      -0.297665
   69      C    Pz      -0.000000
   70      C    Px       0.101418
   71      C    Py      -0.136498
   72      C    Pz      -0.000000
   73      C   Dxx       0.000000
   74      C   Dxy       0.000000
   75      C   Dxz      -0.000002
   76      C   Dyy       0.000000
   77      C   Dyz       0.000003
   78      C   Dzz       0.000000
   79      C   Dxx       0.000000
   80      C   Dxy      -0.000000
   81      C   Dxz      -0.000002
   82      C   Dyy       0.000000
   83      C   Dyz       0.000003
   84      C   Dzz       0.000000
   85      C   Dxx      -0.000000
   86      C   Dxy      -0.000000
   87      C   Dxz       0.000030
   88      C   Dyy      -0.000000
   89      C   Dyz      -0.000040
   90      C   Dzz      -0.000000
   91      C  Fxxx       0.010249
   92      C  Fxxy      -0.006168
   93      C  Fxxz      -0.000000
   94      C  Fxyy       0.004583
   95      C  Fxyz       0.000000
   96      C  Fxzz      -0.000522
   97      C  Fyyy      -0.013793
   98      C  Fyyz      -0.000000
   99      C  Fyzz       0.000702
  100      C  Fzzz      -0.000000
  101      C  Fxxx       0.013537
  102      C  Fxxy      -0.008151
  103      C  Fxxz      -0.000000
  104      C  Fxyy       0.006059
  105      C  Fxyz       0.000000
  106      C  Fxzz      -0.004988
  107      C  Fyyy      -0.018222
  108      C  Fyyz      -0.000000
  109      C  Fyzz       0.006713
  110      C  Fzzz       0.000000
 
 
  end of eigenvectors 
 
  END OF EIGENVALUES AND EIGENVECTORS
 
 
  COMPONENTS OF KINETIC ENERGY: 
 -----------------------------
 
             E-ALPHA Kinetic energy =           38.419999427127
              E-BETA Kinetic energy =           36.927586929302
                                     _________________________
               Total kinetic energy =           75.347586356430
 
  COMPONENTS OF POTENTIAL ENERGY: 
 -------------------------------
 
          Fixed potential energy    =            2.411440629448
 
  Quantum/Fixed interaction energy: 
 ----------------------------------
 
     E-ALPHA/Fixed interact. energy =          -94.507266503083
      E-BETA/Fixed interact. energy =          -88.922037826978
                                     _________________________
               Total Q/Fixed energy =         -183.429304330061
 
  Coulomb energy: 
 ------------------
 
     E-ALPHA/E-ALPHA Hartree energy =           11.559308910198
       E-BETA/E-BETA Hartree energy =            9.415303305468
      E-ALPHA/E-BETA Hartree energy =           19.623595956273
                                     _________________________
               Total Hartree energy =           40.598208171939
 
  Exchange(HF) energy: 
 ----------------------
 
            E-ALPHA Exchange energy =           -5.393218074733
             E-BETA Exchange energy =           -4.902654156622
                                     _________________________
              Total Exchange energy =          -10.295872231355
 
  TOTAL ENERGY COMPONENTS: 
 ==========================
 
          TOTAL KINETIC ENERGY      =           75.347586356430
          TOTAL POTENTIAL ENERGY    =         -150.715527760029
                                     _________________________
                       TOTAL ENERGY =          -75.367941403599
 
                 VIRIAL RATIO (V/T) =            2.000270148629
 
 
  END ENERGY COMPONENTS
 
 
** TOTAL CPU Time SCF :     12.798 (s)
** TOTAL Elapsed Time SCF :      2.698 (s)
 
 We are calculating properties for E-ALPHA in the HF/KS ground state
 We are calculating properties for E-BETA in the HF/KS ground state
 
  POPULATION ANALYSES: 
 ====================
 
 MULLIKEN Population: for E-        
 ---------------------
 
                          total          spin      
 
    1      C     S       1.950244      -0.002211
    2      C     S       1.064001       0.052376
    3      C     S       0.243285       0.018221
    4      C     S       0.663191      -0.051101
    5      C     S       0.030749       0.001492
    6      C    Px       0.174025       0.174025
    7      C    Py       0.096070       0.096070
    8      C    Pz       0.270857       0.270798
    9      C    Px       0.295563       0.295563
   10      C    Py       0.163164       0.163164
   11      C    Pz       0.459528       0.459414
   12      C    Px       0.140041       0.140042
   13      C    Py       0.077309       0.077310
   14      C    Pz       0.215400       0.215247
   15      C    Px       0.005296       0.005291
   16      C    Py       0.002925       0.002919
   17      C    Pz       0.008392       0.008381
   18      C   Dxx       0.005812       0.000841
   19      C   Dxy       0.000531       0.000052
   20      C   Dxz      -0.000000      -0.000000
   21      C   Dyy       0.005316      -0.006971
   22      C   Dyz      -0.000000      -0.000000
   23      C   Dzz       0.006674       0.010536
   24      C   Dxx       0.011460      -0.003688
   25      C   Dxy       0.001359       0.000066
   26      C   Dxz       0.000002       0.000002
   27      C   Dyy       0.011856      -0.018296
   28      C   Dyz       0.000001       0.000001
   29      C   Dzz       0.011283       0.014243
   30      C   Dxx      -0.001785      -0.005197
   31      C   Dxy       0.000192       0.000055
   32      C   Dxz       0.000014       0.000014
   33      C   Dyy      -0.001894      -0.006768
   34      C   Dyz       0.000008       0.000007
   35      C   Dzz      -0.002048      -0.003091
   36      C  Fxxx       0.006868       0.006868
   37      C  Fxxy       0.001612       0.001612
   38      C  Fxxz       0.003573       0.003572
   39      C  Fxyy       0.002496       0.002496
   40      C  Fxyz       0.000001       0.000001
   41      C  Fxzz       0.002480       0.002480
   42      C  Fyyy       0.003559       0.003559
   43      C  Fyyz       0.003355       0.003354
   44      C  Fyzz       0.001369       0.001369
   45      C  Fzzz       0.011613       0.011614
   46      C  Fxxx       0.010351       0.010351
   47      C  Fxxy       0.002314       0.002314
   48      C  Fxxz       0.005582       0.005583
   49      C  Fxyy       0.003693       0.003693
   50      C  Fxyz       0.000001       0.000001
   51      C  Fxzz       0.003483       0.003483
   52      C  Fyyy       0.005441       0.005441
   53      C  Fyyz       0.005327       0.005327
   54      C  Fyzz       0.001923       0.001923
   55      C  Fzzz       0.016856       0.016861
   56      C     S       1.950795       0.000886
   57      C     S       0.974275      -0.024768
   58      C     S       0.218318      -0.007009
   59      C     S       0.702971       0.008096
   60      C     S       0.071149       0.010499
   61      C    Px       0.200211      -0.200211
   62      C    Py       0.200204      -0.200204
   63      C    Pz       0.172249       0.172249
   64      C    Px       0.360067      -0.360067
   65      C    Py       0.360057      -0.360057
   66      C    Pz       0.313736       0.313736
   67      C    Px       0.314734      -0.314734
   68      C    Py       0.314724      -0.314724
   69      C    Pz       0.311504       0.311504
   70      C    Px       0.090683      -0.090683
   71      C    Py       0.090703      -0.090703
   72      C    Pz       0.158750       0.158750
   73      C   Dxx       0.005645      -0.013426
   74      C   Dxy       0.000000       0.000000
   75      C   Dxz      -0.000000      -0.000000
   76      C   Dyy       0.005645      -0.013425
   77      C   Dyz      -0.000000      -0.000000
   78      C   Dzz       0.006799       0.025266
   79      C   Dxx       0.011623      -0.029248
   80      C   Dxy      -0.000000      -0.000000
   81      C   Dxz      -0.000000       0.000000
   82      C   Dyy       0.011623      -0.029248
   83      C   Dyz      -0.000000       0.000000
   84      C   Dzz       0.019295       0.062385
   85      C   Dxx       0.004472      -0.006719
   86      C   Dxy       0.000000       0.000000
   87      C   Dxz       0.000000      -0.000000
   88      C   Dyy       0.004474      -0.006719
   89      C   Dyz       0.000000      -0.000000
   90      C   Dzz       0.012895       0.023406
   91      C  Fxxx       0.013024      -0.013024
   92      C  Fxxy       0.004342      -0.004342
   93      C  Fxxz       0.000812       0.000812
   94      C  Fxyy       0.004341      -0.004341
   95      C  Fxyz      -0.000000      -0.000000
   96      C  Fxzz      -0.000484       0.000484
   97      C  Fyyy       0.013024      -0.013024
   98      C  Fyyz       0.000812       0.000812
   99      C  Fyzz      -0.000484       0.000484
  100      C  Fzzz       0.016617       0.016617
  101      C  Fxxx       0.016335      -0.016335
  102      C  Fxxy       0.005446      -0.005446
  103      C  Fxxz      -0.001443      -0.001443
  104      C  Fxyy       0.005446      -0.005446
  105      C  Fxyz       0.000000       0.000000
  106      C  Fxzz      -0.004360       0.004360
  107      C  Fyyy       0.016340      -0.016340
  108      C  Fyyz      -0.001442      -0.001442
  109      C  Fyzz      -0.004359       0.004359
  110      C  Fzzz       0.027716       0.027716
 
                           __________     __________
              Total =       13.000000       1.000000
 
  Atomic MULLIKEN Population: for E-        
            C                6.000715       2.000709
            C                6.999285      -1.000709
 
 ...end of MULLIKEN Population
 
 
 END POPULATION ANALYSES 
 
 
  POPULATION ANALYSES: 
 ====================
 
 LOWDIN Population: for E-        
 ---------------------
 
                          total          spin      
 
    1      C     S       1.610652      -0.000625
    2      C     S       0.591988       0.015133
    3      C     S       0.417261       0.013390
    4      C     S       0.308261      -0.012433
    5      C     S       0.091981      -0.009170
    6      C    Px       0.161958       0.161958
    7      C    Py       0.089408       0.089408
    8      C    Pz       0.252055       0.252000
    9      C    Px       0.137219       0.137219
   10      C    Py       0.075720       0.075720
   11      C    Pz       0.213421       0.213366
   12      C    Px       0.075290       0.075290
   13      C    Py       0.041544       0.041543
   14      C    Pz       0.116165       0.116097
   15      C    Px       0.012977       0.012970
   16      C    Py       0.007165       0.007158
   17      C    Pz       0.020428       0.020408
   18      C   Dxx       0.167911       0.007716
   19      C   Dxy       0.000584       0.000050
   20      C   Dxz       0.000000       0.000000
   21      C   Dyy       0.167450      -0.000630
   22      C   Dyz       0.000000       0.000000
   23      C   Dzz       0.168672       0.018032
   24      C   Dxx       0.141322      -0.006800
   25      C   Dxy       0.001222       0.000071
   26      C   Dxz       0.000003       0.000003
   27      C   Dyy       0.141483      -0.017957
   28      C   Dyz       0.000001       0.000001
   29      C   Dzz       0.141287       0.006968
   30      C   Dxx       0.016605      -0.004640
   31      C   Dxy       0.000276       0.000052
   32      C   Dxz       0.000013       0.000012
   33      C   Dyy       0.016743      -0.006388
   34      C   Dyz       0.000007       0.000007
   35      C   Dzz       0.016427      -0.002309
   36      C  Fxxx       0.087213       0.087213
   37      C  Fxxy       0.021275       0.021275
   38      C  Fxxz       0.059049       0.059034
   39      C  Fxyy       0.038155       0.038155
   40      C  Fxyz       0.000001       0.000001
   41      C  Fxzz       0.038097       0.038097
   42      C  Fyyy       0.047964       0.047964
   43      C  Fyyz       0.058853       0.058837
   44      C  Fyzz       0.021031       0.021031
   45      C  Fzzz       0.136150       0.136115
   46      C  Fxxx       0.050525       0.050525
   47      C  Fxxy       0.012058       0.012058
   48      C  Fxxz       0.033067       0.033051
   49      C  Fxyy       0.021494       0.021494
   50      C  Fxyz       0.000001       0.000001
   51      C  Fxzz       0.021371       0.021371
   52      C  Fyyy       0.027724       0.027724
   53      C  Fyyz       0.032889       0.032872
   54      C  Fyzz       0.011798       0.011798
   55      C  Fzzz       0.078557       0.078521
   56      C     S       1.609859       0.000236
   57      C     S       0.562738      -0.008371
   58      C     S       0.397474      -0.006093
   59      C     S       0.321028       0.003502
   60      C     S       0.117156       0.007439
   61      C    Px       0.184281      -0.184281
   62      C    Py       0.184275      -0.184275
   63      C    Pz       0.156825       0.156825
   64      C    Px       0.174186      -0.174186
   65      C    Py       0.174181      -0.174181
   66      C    Pz       0.155167       0.155167
   67      C    Px       0.168095      -0.168095
   68      C    Py       0.168097      -0.168097
   69      C    Pz       0.180362       0.180361
   70      C    Px       0.088395      -0.088395
   71      C    Py       0.088410      -0.088410
   72      C    Pz       0.141635       0.141635
   73      C   Dxx       0.154195      -0.018781
   74      C   Dxy       0.000000       0.000000
   75      C   Dxz       0.000000       0.000000
   76      C   Dyy       0.154195      -0.018781
   77      C   Dyz       0.000000      -0.000000
   78      C   Dzz       0.155879       0.025261
   79      C   Dxx       0.145380      -0.023280
   80      C   Dxy       0.000000       0.000000
   81      C   Dxz       0.000000       0.000000
   82      C   Dyy       0.145380      -0.023280
   83      C   Dyz       0.000000       0.000000
   84      C   Dzz       0.153302       0.051427
   85      C   Dxx       0.025770      -0.004126
   86      C   Dxy       0.000000       0.000000
   87      C   Dxz       0.000000       0.000000
   88      C   Dyy       0.025771      -0.004126
   89      C   Dyz       0.000000       0.000000
   90      C   Dzz       0.031868       0.018969
   91      C  Fxxx       0.112584      -0.112584
   92      C  Fxxy       0.048804      -0.048804
   93      C  Fxxz       0.039442       0.039442
   94      C  Fxyy       0.048805      -0.048805
   95      C  Fxyz       0.000000       0.000000
   96      C  Fxzz       0.044032      -0.044032
   97      C  Fyyy       0.112581      -0.112581
   98      C  Fyyz       0.039442       0.039442
   99      C  Fyzz       0.044031      -0.044031
  100      C  Fzzz       0.102041       0.102041
  101      C  Fxxx       0.100134      -0.100134
  102      C  Fxxy       0.043027      -0.043027
  103      C  Fxxz       0.038851       0.038851
  104      C  Fxyy       0.043028      -0.043028
  105      C  Fxyz       0.000000       0.000000
  106      C  Fxzz       0.036456      -0.036456
  107      C  Fyyy       0.100135      -0.100135
  108      C  Fyyz       0.038852       0.038852
  109      C  Fyzz       0.036456      -0.036456
  110      C  Fzzz       0.106626       0.106626
 
                           __________     __________
              Total =       13.000000       1.000000
 
  Atomic LOWDIN Population: for E-        
            C                6.000768       2.000753
            C                6.999232      -1.000753
 
 ...end of LOWDIN Population
 
 
 END POPULATION ANALYSES 
 
 
  EXPECTED POSITIONS OF QUANTUM SPECIES:
 ======================
 
 POSITIONS IN ANGSTROMS
 ------
 
                        <x>      <y>      <z>         
            E-ALPHA   0.0000   0.0000  23.6789
             E-BETA   0.0000  -0.0000  31.5865
 
 END EXPECTED POSITIONS
 
 
  ELECTROSTATIC MOMENTS:
 ======================
 
 
 DIPOLE: (A.U.)
 ------
 
                           <Dx>         <Dy>         <Dz>          |D|
            E-ALPHA  -0.00000000  -0.00000000 -44.74658760
             E-BETA  -0.00000000   0.00000000 -59.68988502
    Point charges:    0.00000000   0.00000000  89.57301182
                     ____________________________
      Total Dipole:  -0.00000000  -0.00000000 -14.86346080  14.86346080
 
 DIPOLE: (DEBYE)
 ------
 
                           <Dx>         <Dy>         <Dz>          |D|
            E-ALPHA  -0.00000000  -0.00000000-113.73446629
             E-BETA  -0.00000000   0.00000000-151.71653481
    Point charges:    0.00000000   0.00000000 227.67185699
                     ____________________________
      Total Dipole:  -0.00000000  -0.00000000 -37.77914411  37.77914411
 
 QUADRUPOLE NON-TRACELESS: (DEBYE ANGS)
 ------
 
                           <xx>         <yy>         <zz>         <xy>         <xz>         <yz>
            E-ALPHA   -8.24102716   -7.61223042 -912.94601673   -1.04295421   -0.00000000    0.00000000
             E-BETA   -9.90802119   -9.95904228-1205.07505954    0.08462617    0.00000000   -0.00000000
    Point charges:     0.00000000    0.00000000 1798.60746508    0.00000000    0.00000000    0.00000000
  Total Quadrupole:  -18.14904835  -17.57127270 -319.41361120   -0.95832804   -0.00000000    0.00000000
                     ____________________________
 
 END ELECTROSTATIC MOMENTS
 
 
 BEGIN FOUR-INDEX INTEGRALS TRANFORMATION:
 ========================================
 Selected method: C         
 
 --------------------------------------------------
    4N^5 Algorithm Four-index integral tranformation
 --------------------------------------------------
 
 Integrals transformation for: E-ALPHA
 
              Transformation boundaries 
                 orbital lower upper
                       p     1     7
                       q     8   110
                       r     1     7
                       s     8   110
 
         Loading AO integrals time(s):  0.965E-02
      Integral transformation time(s):  0.163E+01
       Non-zero transformed integrals:       172934
 
 Inter-species integrals transformation for: E-ALPHA/E-BETA
 
              Transformation boundaries 
                 orbital lower upper
                       p     1     6
                       q     7   110
                       r     1     7
                       s     8   110
 
         Loading AO integrals time(s):  0.114E-01
      Integral transformation time(s):  0.657E+01
 Non zero transformed coupling integrals:       132879
 
 Integrals transformation for: E-BETA
 
              Transformation boundaries 
                 orbital lower upper
                       p     1     6
                       q     7   110
                       r     1     6
                       s     7   110
 
         Loading AO integrals time(s):  0.700E-02
      Integral transformation time(s):  0.154E+01
       Non-zero transformed integrals:        97598
 
** TOTAL Elapsed Time for integrals transformation :     10.012 (s)
 
 
  POST HARTREE-FOCK CALCULATION
  MANY-BODY PERTURBATION THEORY:
 ==============================
 
              MOLLER-PLESSET FORMALISM 
               ORDER OF CORRECTION =     2
 
                E(0) + E(1) =     -75.367941403599
                       E(2) =      -0.191078308975
                             ____________________
                     E(MP2) =     -75.559019712574
 
              -----------------------------------
               E(n){ Specie }     E(n) / Hartree 
              -----------------------------------
 
            E(2){ E-ALPHA } =      -0.019241068054
             E(2){ E-BETA } =      -0.016191510262
 
     E(2){ E-ALPHA/E-BETA } =      -0.155645730659
 
** TOTAL CPU Time HF-MBPT :      0.566 (s)
** TOTAL Elapsed Time HF-MBPT :      0.331 (s)
 

  TOTAL CPU Time:      0.241 (s)
 TOTAL Wall Time:     13.102 (s)
  Elapsed Time:   0h  0m 13s 102ms
LOWDIN execution terminated normally at : Thu Feb  6 14:37:55 2025
-rw-rw-r-- 1 pohl pohl  18M feb  6 14:37 0E-ALPHA.E-BETA.ints
-rw-rw-r-- 1 pohl pohl 9.0M feb  6 14:37 0E-ALPHA.ints
-rw-rw-r-- 1 pohl pohl  19M feb  6 14:37 1E-ALPHA.E-BETA.ints
-rw-rw-r-- 1 pohl pohl 9.0M feb  6 14:37 1E-ALPHA.ints
-rw-rw-r-- 1 pohl pohl  18M feb  6 14:37 2E-ALPHA.E-BETA.ints
-rw-rw-r-- 1 pohl pohl 9.0M feb  6 14:37 2E-ALPHA.ints
-rw-rw-r-- 1 pohl pohl  19M feb  6 14:37 3E-ALPHA.E-BETA.ints
-rw-rw-r-- 1 pohl pohl 9.0M feb  6 14:37 3E-ALPHA.ints
-rw-rw-r-- 1 pohl pohl   12 feb  6 14:37 E-ALPHA.E-BETA.nints
-rw-rw-r-- 1 pohl pohl 4.2M feb  6 14:37 E-ALPHAmoint.dat
-rw-rw-r-- 1 pohl pohl 3.5M feb  6 14:37 E-BETA.E-ALPHAmoint.dat
-rw-rw-r-- 1 pohl pohl 4.2M feb  6 14:37 E-BETAmoint.dat
-rw-rw-r-- 1 pohl pohl   64 feb  6 14:37 gepol.inp
-rw-rw-r-- 1 pohl pohl  182 feb  6 14:37 gepol.xyzr
-rw-rw-r-- 1 pohl pohl  13K feb  6 14:37 lowdin.bas
-rw-rw-r-- 1 pohl pohl  16K feb  6 14:37 lowdin.dat
-rw-rw-r-- 1 pohl pohl 2.3M feb  6 14:37 lowdin.opints
-rw-rw-r-- 1 pohl pohl  46K feb  6 14:37 lowdin.sys
-rw-rw-r-- 1 pohl pohl 2.1M feb  6 14:37 lowdin.wfn
-rw-rw-r-- 1 pohl pohl  258 feb  6 14:37 usual_37
-rw-rw-r-- 1 pohl pohl 1.1K feb  6 14:37 usual_37.aux
-rw-rw-r-- 1 pohl pohl  266 feb  6 14:37 usual_37.lowdin
-rw-rw-r-- 1 pohl pohl  77K feb  6 14:37 usual_37.out
-rw-rw-r-- 1 pohl pohl 192K feb  6 14:37 usual_37.vec
