Begin job by input: usual_13.lowdin, for user:   at  jue 06 feb 2025 14:31:41 -05
under operating system Linux helios 5.19.0-46-generic #47-Ubuntu SMP PREEMPT_DYNAMIC Fri Jun 16 13:30:11 UTC 2023 x86_64 x86_64 x86_64 GNU/Linux
Compilation information
  commit: f31d3924f6ee2ce9d77f07edcc1ba27359319d14
  compilation date:  mar 17 sep 2024 16:16:17 -05

BEGIN INPUT INFO:
------------------------------------

GEOMETRY
	e-(C)	AUG-CC-PVTZ 0.0 0.0 0.0 multiplicity=2 addParticles=1 
	e-(C)	AUG-CC-PVTZ 0.0 0.0 3.1 
	C	Dirac 0.0 0.0 0.0
	C	Dirac 0.0 0.0 3.1
END GEOMETRY

TASKS
        method = "UHF"
	mollerPlessetCorrection=2
END TASKS

CONTROL
	units="ANGS"
END CONTROL






... END INPUT INFO


 LOWDIN execution started at : Thu Feb  6 14:31:41 2025
 ---------------------------------------------------------------
 
 ***************************************************************
 *                   LOWDIN 2.0  (May/2013)                    *
 *                                                             *
 *  R. FLORES-MORENO, E. F. POSADA, F. S. MONCADA, J.ROMERO,   *
 *  J. CHARRY, M. DIAZ-TINOCO, S. A. GONZALEZ, N. F. AGUIRRE,  *
 *  A. REYES                                                   *
 *                                                             *
 *  https://sites.google.com/site/lowdinproject/               *
 *                                                             *
 ***************************************************************
 
 PARSING INPUT... DONE!
 
 LOWDIN IS RUNNING WITH NEXT PARAMETERS: 
 ----------------------------------------
 
         METHOD TYPE:  UHF
         NUMBER OF CORES:     4
         MOLLER PLESSET CORRECTION:      2
         NONELECTRONIC DENSITY GUESS: HCORE
         ELECTRONIC DENSITY GUESS: HCORE
         CRITERIUM OF CONVERGENCE: ENERGY
         NONELECTRONIC ENERGY TOLERANCE IN SCFs:     0.10000E-07
         ELECTRONIC ENERGY TOLERANCE IN SCFs:     0.10000E-07
         TOTAL ENERGY TOLERANCE IN SCFs:     0.10000E-07
         SCHEME OF ITERATION: GLOBAL ITERATIONS
         SCF MAX. SUBITERATIONS - NONELECTRONS :     1
         SCF MAX. SUBITERATIONS - ELECTRONS :     1
         SCF MAX. ITERATIONS - INTERSPECIES :   200
         INTEGRAL STORAGE: DISK
         STACK SIZE FOR ERIS : 30000
         METHOD OF SCF CONVERGENCE: DAMPING
 
  MOLECULAR SYSTEM: usual_13
 -----------------
 
    DESCRIPTION   : usual_13
    CHARGE        :   0
    PUNTUAL GROUP : NONE
 
 
  INFORMATION OF PARTICLES :
 =========================
         Total number of particles   =      15
         Number of quantum particles =      13
         Number of puntual charges   =       2
         Number of quantum species   =       2
 
                 INFORMATION OF QUANTUM SPECIES 
    ----------------------------------------------------------------------
         ID      Symbol            mass     charge      omega     spin     multiplicity
    ----------------------------------------------------------------------
         1        E-ALPHA         1.0000     -1.00      0.00      0.50      2.00
         2         E-BETA         1.0000     -1.00      0.00      0.50      2.00
 
                   CONSTANTS OF COUPLING 
      ------------------------------------------------------------
              Symbol      kappa        eta     lambda occupation
      ------------------------------------------------------------
             E-ALPHA      -1.00       1.00       1.00       7.00
              E-BETA      -1.00       1.00       1.00       6.00
 
                   BASIS SET FOR SPECIES 
      ------------------------------------------------------------
           Symbol          N. Basis     N. Particles     Basis Set
      ------------------------------------------------------------
            E-ALPHA           28                7     AUG-CC-PVT
             E-BETA           28                6     AUG-CC-PVT
 
                                ATOMIC BASIS
         ------------------------------------------------------------
          PRIMITIVE   SHELL             EXPONENT         COEFFICIENT 
         ------------------------------------------------------------
 
    BEGIN DESCRIPTION OF BASIS FOR: E-ALP
    ==============================
 
 
             C BASIS SET:    AUG-CC-PVTZ
             1         S             8236.00000000          0.00053100
             2         S             1235.00000000          0.00410800
             3         S              280.80000000          0.02108700
             4         S               79.27000000          0.08185300
             5         S               25.59000000          0.23481700
             6         S                8.99700000          0.43440100
             7         S                3.31900000          0.34612900
             8         S                0.36430000         -0.00898300
             1         S             8236.00000000         -0.00011300
             2         S             1235.00000000         -0.00087800
             3         S              280.80000000         -0.00454000
             4         S               79.27000000         -0.01813300
             5         S               25.59000000         -0.05576000
             6         S                8.99700000         -0.12689500
             7         S                3.31900000         -0.17035200
             8         S                0.36430000          0.59868400
             1         S                0.90590000          1.00000000
             1         S                0.12850000          1.00000000
             1         S                0.04402000          1.00000000
             1         P               18.71000000          0.01403100
             2         P                4.13300000          0.08686600
             3         P                1.20000000          0.29021600
             1         P                0.38270000          1.00000000
             1         P                0.12090000          1.00000000
             1         P                0.03569000          1.00000000
             1         D                1.09700000          1.00000000
             1         D                0.31800000          1.00000000
             1         D                0.10000000          1.00000000
             1         F                0.76100000          1.00000000
             1         F                0.26800000          1.00000000
 
             C BASIS SET:    AUG-CC-PVTZ
             1         S             8236.00000000          0.00053100
             2         S             1235.00000000          0.00410800
             3         S              280.80000000          0.02108700
             4         S               79.27000000          0.08185300
             5         S               25.59000000          0.23481700
             6         S                8.99700000          0.43440100
             7         S                3.31900000          0.34612900
             8         S                0.36430000         -0.00898300
             1         S             8236.00000000         -0.00011300
             2         S             1235.00000000         -0.00087800
             3         S              280.80000000         -0.00454000
             4         S               79.27000000         -0.01813300
             5         S               25.59000000         -0.05576000
             6         S                8.99700000         -0.12689500
             7         S                3.31900000         -0.17035200
             8         S                0.36430000          0.59868400
             1         S                0.90590000          1.00000000
             1         S                0.12850000          1.00000000
             1         S                0.04402000          1.00000000
             1         P               18.71000000          0.01403100
             2         P                4.13300000          0.08686600
             3         P                1.20000000          0.29021600
             1         P                0.38270000          1.00000000
             1         P                0.12090000          1.00000000
             1         P                0.03569000          1.00000000
             1         D                1.09700000          1.00000000
             1         D                0.31800000          1.00000000
             1         D                0.10000000          1.00000000
             1         F                0.76100000          1.00000000
             1         F                0.26800000          1.00000000
    ... END DESCRIPTION OF BASIS
 
 
  END INFORMATION OF PARTICLES
 
 
  INFORMATION OF THE QUANTUM SYSTEM 
     ---------------------------------------------------------------------
                 ID     Occupied Orbitals     Basis size
     ---------------------------------------------------------------------
            E-ALPHA            7              110
             E-BETA            6              110
 
  END INFORMATION OF QUANTUM SYSTEM
 
                       INITIAL GEOMETRY: AMSTRONG
                 -----------------------------------
                       <x>                 <y>                 <z>
  E-ALPHAC        0.0000000000        0.0000000000        0.0000000000
  E-ALPHAC        0.0000000000        0.0000000000        3.1000000000
         C        0.0000000000        0.0000000000        0.0000000000
         C        0.0000000000        0.0000000000        3.1000000000
 
                     MATRIX OF DISTANCE: ANGSTROM
                 -----------------------------------
                          C(1)           C(2)      
 
        C(1)             0.000000       3.100000
        C(2)             3.100000       0.000000
 
--------------------------------------------------------------------------------
** PROGRAM: SCF (Hartree Fock).     Author: S.A. Gonzalez, E. Posada, F. Moncada
--------------------------------------------------------------------------------
INFO: RUNNING IN UHF MODE.
 
----------------------------------------------------------------------
** PROGRAM INTS                          Author: E. F. Posada, 2013   
----------------------------------------------------------------------
INFO: RUNNING IN ONE_PARTICLE MODE.
 
 Number of Overlap integrals for species E-ALPHA:  12100
 Number of Overlap integrals for species E-BETA:  12100
 Number of Kinetic integrals for species E-ALPHA:  12100
 Number of Kinetic integrals for species E-BETA:  12100
 Number of Nuclear integrals for species E-ALPHA:  12100
 Number of Nuclear integrals for species E-BETA:  12100
 Number of Moment integrals for species E-ALPHA:  36300
 Number of Moment integrals for species E-BETA:  36300
 
** TOTAL CPU Time INTS :      0.435 (s)
** TOTAL Elapsed Time INTS :      0.191 (s)
 
 Combination coefficients for E-ALPHA were read from usual_13.vec
     number of    E-ALPHA     particles in guess density matrix:     7.133425
 Warning!, density matrix with deviation from number of particles    7.000000
 Combination coefficients for E-BETA were read from usual_13.vec
     number of     E-BETA     particles in guess density matrix:     6.162281
 Warning!, density matrix with deviation from number of particles    6.000000
 Number of unique integrals for species: 1 = 4287973
 Number of unique integrals for species: 1 / 2 = 8570305 Screened: 0
 
 TWO-BODY INTEGRAL SETUP: 
------------------------- 
 Storage:   DISK
 Scheme: LIBINT
 Stack size:  30000
 
 LIBINT library, Fermann, J. T.; Valeev, F. L. 2010                   
 LOWDIN-LIBINT Implementation V. 2.1  Posada E. F. ; Reyes A. 2016   
 ----------------------------------------------------------------------

*** TOTAL CPU time intra-species integrals :      1.228 (s)
*** TOTAL elapsed time intra-species integrals :      0.272 (s)


*** TOTAL CPU time inter-species integrals :      2.727 (s)
*** TOTAL elapsed time inter-species integrals :      0.653 (s)

INFO: RUNNING SCHEME SIMULTANEOUS
 
 Begin Multi-Species SCF calculation:
 
 --------------------------------------------------------------------------------------------------
      Iteration                   Energy            Energy Change           Density Change
 --------------------------------------------------------------------------------------------------
              1         -74.975507128352          74.975507128352           0.008526346986
              2         -75.165416470381           0.189909342028           0.003495282101
              3         -75.200110007957           0.034693537576           0.000806207876
              4         -75.202561392869           0.002451384912           0.000399110169
              5         -75.203297659112           0.000736266243           0.000240275334
              6         -75.203569817762           0.000272158649           0.000161824771
              7         -75.203681767125           0.000111949364           0.000129744835
              8         -75.203718458746           0.000036691620           0.000130633410
              9         -75.203714974058          -0.000003484687           0.000055848714
             10         -75.203770541806           0.000055567747           0.000073404176
             11         -75.203784604052           0.000014062246           0.000100258826
             12         -75.203791014125           0.000006410073           0.000049079648
             13         -75.203819805986           0.000028791862           0.000061447396
             14         -75.203883398663           0.000063592677           0.000193208151
             15         -75.204281007234           0.000397608571           0.000422701114
             16         -75.206435176203           0.002154168969           0.001000311411
             17         -75.217364494930           0.010929318727           0.001809928458
             18         -75.255590537031           0.038226042101           0.002429510066
             19         -75.312199204525           0.056608667494           0.001767890122
             20         -75.341950652378           0.029751447853           0.001149724952
             21         -75.352483461867           0.010532809489           0.000773102631
             22         -75.356516942127           0.004033480260           0.000535657035
             23         -75.358300921069           0.001783978942           0.000399270481
             24         -75.359205567380           0.000904646312           0.000310250900
             25         -75.359711176532           0.000505609152           0.000250312076
             26         -75.360013908205           0.000302731673           0.000205840266
             27         -75.360203381372           0.000189473167           0.000171040395
             28         -75.360325311350           0.000121929978           0.000142629341
             29         -75.360405114518           0.000079803168           0.000119011525
             30         -75.360457886619           0.000052772101           0.000099216757
             31         -75.360493007003           0.000035120384           0.000082606229
             32         -75.360516476790           0.000023469787           0.000068683771
             33         -75.360532205952           0.000015729162           0.000057039983
             34         -75.360542770358           0.000010564406           0.000047323663
             35         -75.360549878553           0.000007108195           0.000039232043
             36         -75.360554668732           0.000004790178           0.000032504638
             37         -75.360557901403           0.000003232671           0.000026918838
             38         -75.360560085868           0.000002184465           0.000022285655
             39         -75.360561563836           0.000001477968           0.000018445596
             40         -75.360562564958           0.000001001121           0.000015264723
             41         -75.360563243809           0.000000678852           0.000012630983
             42         -75.360563704590           0.000000460781           0.000010450922
             43         -75.360564017638           0.000000313048           0.000008646767
             44         -75.360564230496           0.000000212857           0.000007153914
             45         -75.360564375338           0.000000144842           0.000005918760
             46         -75.360564473965           0.000000098627           0.000004896876
             47         -75.360564541165           0.000000067200           0.000004051461
             48         -75.360564586976           0.000000045812           0.000003352046
             49         -75.360564618222           0.000000031246           0.000002773416
             50         -75.360564639543           0.000000021321           0.000002294706
             51         -75.360564654097           0.000000014554           0.000001898654
             52         -75.360564664035           0.000000009938           0.000001570981
 Total energy converged after  52 global iterations                                                  
 
 ...end Multi-Species SCF calculation
 
 
 Begin SCF calculation by: E-ALPHA
 -------------------------
 
 -----------------------------------------------------------------------------------
 Iteration                   Energy           Density Change         DIIS Error 
 -----------------------------------------------------------------------------------
    1         -31.772032961928           0.001988556074                 -- 
    2         -31.237055098793           0.000596493026                 -- 
    3         -31.272638232774           0.000248841018                 -- 
    4         -31.320406941093           0.000140073127                 -- 
    5         -31.345679420007           0.000079947355                 -- 
    6         -31.365474450584           0.000060950538                 -- 
    7         -31.378744712767           0.000069284290                 -- 
    8         -31.382854974863           0.000022063243                 -- 
    9         -31.387378574859           0.000025828241                 -- 
   10         -31.396310824554           0.000063044956                 -- 
   11         -31.400984666735           0.000037293477                 -- 
   12         -31.400528351112           0.000033798356                 -- 
   13         -31.402804177963           0.000081137975                 -- 
   14         -31.410534593327           0.000285411292                 -- 
   15         -31.417793887344           0.000465284733                 -- 
   16         -31.452955931412           0.001120865764                 -- 
   17         -31.485337337651           0.001064415339                 -- 
   18         -31.470462587314           0.000942247305                 -- 
   19         -31.466391069557           0.000518637892                 -- 
   20         -31.440264903279           0.000389702309                 -- 
   21         -31.425424598764           0.000266362389                 -- 
   22         -31.401747724505           0.000212739133                 -- 
   23         -31.382638492092           0.000170697752                 -- 
   24         -31.364943436544           0.000142774129                 -- 
   25         -31.350214720868           0.000119733525                 -- 
   26         -31.337817662544           0.000101038779                 -- 
   27         -31.327596739597           0.000085197026                 -- 
   28         -31.319178338280           0.000071806437                 -- 
   29         -31.312273182853           0.000060428054                 -- 
   30         -31.306610489469           0.000050780419                 -- 
   31         -31.301967296528           0.000042609872                 -- 
   32         -31.298157175157           0.000035705516                 -- 
   33         -31.295027862289           0.000029882435                 -- 
   34         -31.292455016851           0.000024980789                 -- 
   35         -31.290337515227           0.000020861937                 -- 
   36         -31.288593073124           0.000017406352                 -- 
   37         -31.287154699843           0.000014511332                 -- 
   38         -31.285967770966           0.000012089016                 -- 
   39         -31.284987671441           0.000010064508                 -- 
   40         -31.284177895826           0.000008374178                 -- 
   41         -31.283508522670           0.000006964127                 -- 
   42         -31.282954987482           0.000005788817                 -- 
   43         -31.282497094358           0.000004809862                 -- 
   44         -31.282118217762           0.000003994973                 -- 
   45         -31.281804656106           0.000003317036                 -- 
   46         -31.281545106770           0.000002753316                 -- 
   47         -31.281330238577           0.000002284782                 -- 
   48         -31.281152342752           0.000001895516                 -- 
   49         -31.281005047293           0.000001572225                 -- 
   50         -31.280883082772           0.000001303814                 -- 
   51         -31.280782089941           0.000001081031                 -- 
 
 ... end SCF calculation
 
 Begin SCF calculation by: E-BETA
 -------------------------
 
 -----------------------------------------------------------------------------------
 Iteration                   Energy           Density Change         DIIS Error 
 -----------------------------------------------------------------------------------
    1         -28.778160811024           0.001506726027                 -- 
    2         -28.311414394462           0.000209714850                 -- 
    3         -28.246303234019           0.000150269150                 -- 
    4         -28.224469044358           0.000100202207                 -- 
    5         -28.203817956111           0.000081877416                 -- 
    6         -28.191309333678           0.000068794297                 -- 
    7         -28.182916091781           0.000061349120                 -- 
    8         -28.176559236319           0.000033785471                 -- 
    9         -28.173558848054           0.000047575934                 -- 
   10         -28.170061136970           0.000037213871                 -- 
   11         -28.167229178374           0.000011786171                 -- 
   12         -28.163754469737           0.000027649040                 -- 
   13         -28.162010491811           0.000112070176                 -- 
   14         -28.162412297857           0.000137289821                 -- 
   15         -28.167807558268           0.000535026678                 -- 
   16         -28.178700709690           0.000689062694                 -- 
   17         -28.228219989032           0.001365094727                 -- 
   18         -28.184002753240           0.000825642817                 -- 
   19         -28.185626106185           0.000631087060                 -- 
   20         -28.183272051856           0.000383400321                 -- 
   21         -28.204772397141           0.000269294645                 -- 
   22         -28.220885415952           0.000186531349                 -- 
   23         -28.239233204297           0.000139553148                 -- 
   24         -28.254903641053           0.000107537946                 -- 
   25         -28.268862676897           0.000086106741                 -- 
   26         -28.280694280196           0.000070001616                 -- 
   27         -28.290713755207           0.000057432315                 -- 
   28         -28.299102179001           0.000047205089                 -- 
   29         -28.306105301057           0.000038788703                 -- 
   30         -28.311932342129           0.000031825810                 -- 
   31         -28.316773808293           0.000026073899                 -- 
   32         -28.320791913474           0.000021334468                 -- 
   33         -28.324124764399           0.000017441227                 -- 
   34         -28.326888216769           0.000014251254                 -- 
   35         -28.329179121368           0.000011642701                 -- 
   36         -28.331078096434           0.000009512486                 -- 
   37         -28.332652128186           0.000007774322                 -- 
   38         -28.333956800108           0.000006356580                 -- 
   39         -28.335038203874           0.000005200214                 -- 
   40         -28.335934545868           0.000004256805                 -- 
   41         -28.336677491648           0.000003486794                 -- 
   42         -28.337293284899           0.000002857951                 -- 
   43         -28.337803676606           0.000002344052                 -- 
   44         -28.338226695350           0.000001923787                 -- 
   45         -28.338577285447           0.000001579841                 -- 
   46         -28.338867835418           0.000001298145                 -- 
   47         -28.339108615635           0.000001067265                 -- 
   48         -28.339308140784           0.000000877900                 -- 
   49         -28.339473470128           0.000000722480                 -- 
   50         -28.339610456291           0.000000594840                 -- 
   51         -28.339723951445           0.000000489950                 -- 
 
 ... end SCF calculation
 
  EIGENVALUES AND EIGENVECTORS: 
 ==============================
 
 
  Eigenvalues for: E-ALPHA
 -----------------
 
    1         -11.183348973276
    2         -10.973617781206
    3          -0.669177641461
    4          -0.354500259263
    5          -0.277637010666
    6          -0.273407367180
    7          -0.053528181092
    8           0.160349117281
    9           0.168897737918
   10           0.208400450916
   11           0.219807083101
   12           0.238707686890
   13           0.240780226202
   14           0.246610786472
   15           0.260723010238
   16           0.297973148192
   17           0.408648249362
   18           0.408777051493
   19           0.441512789079
   20           0.442965380537
   21           0.447974832243
   22           0.481561961098
   23           0.482660000560
   24           0.503051302251
   25           0.545303206054
   26           0.555886816835
   27           0.555890075904
   28           0.570752037488
   29           0.577703065541
   30           0.621658462405
   31           0.637163913080
   32           0.640199805802
   33           0.659078084768
   34           0.740728483496
   35           0.742060614146
   36           0.846430527761
   37           1.104895635318
   38           1.167288942191
   39           1.172721239715
   40           1.189728927796
   41           1.190185448172
   42           1.223095651992
   43           1.223229030075
   44           1.224497490219
   45           1.232942198333
   46           1.233257597581
   47           1.245052115427
   48           1.254250806025
   49           1.257753688834
   50           1.294565817316
   51           1.311800763740
   52           1.364861433388
   53           1.391469849206
   54           1.391470739218
   55           1.402552379824
   56           1.404191797249
   57           1.404197460031
   58           1.404232636547
   59           1.439092167499
   60           1.439159029121
   61           1.446280370602
   62           1.476924412773
   63           1.478258898554
   64           1.529172859142
   65           1.633244265072
   66           1.637812974843
   67           1.648848616019
   68           1.841413582623
   69           2.064019010339
   70           2.386351172127
   71           3.191699535230
   72           3.208106396053
   73           3.255919575353
   74           3.419868725597
   75           3.420131175509
   76           3.420887373273
   77           3.544800625503
   78           3.545017589274
   79           3.552840477410
   80           3.557103773544
   81           3.594397062470
   82           3.594419201789
   83           3.605864200936
   84           3.606631627009
   85           3.616158456303
   86           3.657073048940
   87           3.668138680263
   88           3.748102468683
   89           3.794909694130
   90           3.796760271784
   91           3.808104459046
   92           3.808104793606
   93           3.828602376758
   94           3.828602394695
   95           3.829009640744
   96           3.829057818103
   97           3.911742512563
   98           3.914655021205
   99           3.951408929082
  100           4.086548656003
  101           6.281325581309
  102           6.522564275204
  103           7.389889589844
  104           7.414944627505
  105           7.610274087697
  106           7.614719228911
  107           7.792043578699
  108           8.148383630345
  109           8.625287589661
  110           8.827366243794
 
 
  Eigenvalues for: E-BETA
 -----------------
 
    1         -11.137190310001
    2         -10.986467418859
    3          -0.446161125988
    4          -0.419045439000
    5          -0.070282057025
    6          -0.067000970710
    7           0.164887322093
    8           0.174407667747
    9           0.190473005813
   10           0.215712351554
   11           0.237348583505
   12           0.256256756532
   13           0.257672957189
   14           0.268640665695
   15           0.290049061466
   16           0.311057403118
   17           0.316441421141
   18           0.407439979805
   19           0.446833802462
   20           0.447829532723
   21           0.477687980543
   22           0.486604958705
   23           0.496806356987
   24           0.526766228523
   25           0.526881044009
   26           0.554235527233
   27           0.579858062360
   28           0.589783758490
   29           0.609817239938
   30           0.626695501650
   31           0.634547247237
   32           0.639123144836
   33           0.676078922576
   34           0.685885255142
   35           0.733422332738
   36           0.873351491727
   37           1.162293833858
   38           1.200279680403
   39           1.216110139509
   40           1.232788871590
   41           1.233664883787
   42           1.246778026144
   43           1.247652092353
   44           1.248280824644
   45           1.249088210013
   46           1.280431361593
   47           1.297075872830
   48           1.313134113335
   49           1.314224696252
   50           1.316251286639
   51           1.329909188763
   52           1.332112105651
   53           1.353967957420
   54           1.354119553265
   55           1.369958321609
   56           1.402083530756
   57           1.404186630616
   58           1.415002561649
   59           1.416870703264
   60           1.418350583901
   61           1.429568411241
   62           1.429742401179
   63           1.454523531388
   64           1.584006193392
   65           1.640446624968
   66           1.650625248091
   67           1.663997635068
   68           1.872649525457
   69           2.067726116585
   70           2.392473934127
   71           3.228287256728
   72           3.278009919984
   73           3.339928349037
   74           3.365837123537
   75           3.367012153634
   76           3.482189619230
   77           3.614686663137
   78           3.619520471863
   79           3.625387938922
   80           3.635760027316
   81           3.637720376530
   82           3.652435539690
   83           3.656758532027
   84           3.671292329228
   85           3.696339403123
   86           3.700603330374
   87           3.719650639548
   88           3.719655664537
   89           3.737453631764
   90           3.766684962525
   91           3.766689339130
   92           3.796341660881
   93           3.800869023597
   94           3.801208797480
   95           3.811415141384
   96           3.816270731609
   97           3.922239648226
   98           3.931312938226
   99           3.977485784900
  100           4.128422718244
  101           6.314428609986
  102           6.517013440186
  103           7.394888293514
  104           7.429451097496
  105           7.600259991478
  106           7.607326740195
  107           7.808243113243
  108           8.161478101746
  109           8.653378419943
  110           8.819478983809
 
  end of eigenvalues 
 
  Occupied Eigenvectors for: E-ALPHA
 --------------------------- 
 
                         -11.1833       -10.9736        -0.6692        -0.3545        -0.2776   
 
    1      C     S       0.000132       0.976112      -0.000123      -0.012333      -0.000000
    2      C     S       0.000214      -0.007193       0.012964       0.495974       0.000000
    3      C     S       0.000364       0.044846       0.004317       0.127464       0.000000
    4      C     S      -0.001090      -0.017164       0.002453       0.365021       0.000000
    5      C     S      -0.002402      -0.005204      -0.010849       0.025192       0.000000
    6      C    Px      -0.000000      -0.000000      -0.000000      -0.000000      -0.000593
    7      C    Py      -0.000000       0.000000       0.000000      -0.000000       0.001113
    8      C    Pz      -0.000060      -0.000625       0.004397       0.015933      -0.000000
    9      C    Px       0.000000       0.000000       0.000000       0.000000      -0.000991
   10      C    Py       0.000000      -0.000000      -0.000000       0.000000       0.001859
   11      C    Pz       0.000279       0.001898       0.007017       0.022192      -0.000000
   12      C    Px      -0.000000       0.000000       0.000000       0.000000       0.000445
   13      C    Py       0.000000      -0.000000      -0.000000      -0.000000      -0.000834
   14      C    Pz       0.000342       0.000964      -0.002284       0.009114      -0.000000
   15      C    Px       0.000000      -0.000000       0.000000       0.000000       0.001541
   16      C    Py      -0.000000       0.000000       0.000000       0.000000      -0.002890
   17      C    Pz      -0.000542      -0.000609      -0.003183      -0.007589       0.000000
   18      C   Dxx       0.000055       0.001670      -0.000126      -0.006419      -0.000000
   19      C   Dxy      -0.000000       0.000010       0.000009       0.000141      -0.000000
   20      C   Dxz       0.000000      -0.000000      -0.000000      -0.000000      -0.000120
   21      C   Dyy       0.000056       0.001658      -0.000137      -0.006582      -0.000000
   22      C   Dyz       0.000000      -0.000000      -0.000000      -0.000000       0.000225
   23      C   Dzz       0.000079       0.003945       0.001061       0.024074      -0.000000
   24      C   Dxx       0.000525       0.008145       0.000944      -0.012205      -0.000000
   25      C   Dxy       0.000001      -0.000004      -0.000042       0.000294       0.000000
   26      C   Dxz      -0.000000      -0.000000      -0.000000      -0.000000      -0.000424
   27      C   Dyy       0.000524       0.008150       0.000993      -0.012547      -0.000000
   28      C   Dyz      -0.000000       0.000000      -0.000000      -0.000000       0.000796
   29      C   Dzz       0.000434       0.008036       0.004154       0.061576      -0.000000
   30      C   Dxx       0.000728       0.003249       0.002632       0.002864      -0.000000
   31      C   Dxy      -0.000003       0.000002       0.000195       0.000210      -0.000000
   32      C   Dxz      -0.000000       0.000000       0.000000      -0.000000       0.000805
   33      C   Dyy       0.000731       0.003248       0.002406       0.002620      -0.000000
   34      C   Dyz       0.000000      -0.000000       0.000000      -0.000000      -0.001509
   35      C   Dzz       0.000589       0.003377      -0.000169       0.041039      -0.000000
   36      C  Fxxx      -0.000000      -0.000000      -0.000000      -0.000000       0.000055
   37      C  Fxxy      -0.000000       0.000000       0.000000      -0.000000      -0.000047
   38      C  Fxxz      -0.000070      -0.000386      -0.000205      -0.000295       0.000000
   39      C  Fxyy      -0.000000      -0.000000      -0.000000       0.000000       0.000028
   40      C  Fxyz       0.000001       0.000000      -0.000018      -0.000020      -0.000000
   41      C  Fxzz      -0.000000      -0.000000      -0.000000      -0.000000      -0.000175
   42      C  Fyyy      -0.000000       0.000000       0.000000      -0.000000      -0.000107
   43      C  Fyyz      -0.000070      -0.000386      -0.000184      -0.000272       0.000000
   44      C  Fyzz      -0.000000       0.000000       0.000000      -0.000000       0.000328
   45      C  Fzzz      -0.000116      -0.000812       0.000521       0.000905       0.000000
   46      C  Fxxx       0.000000      -0.000000      -0.000000      -0.000000      -0.000356
   47      C  Fxxy      -0.000000       0.000000       0.000000      -0.000000       0.000302
   48      C  Fxxz      -0.000025      -0.000356       0.000697       0.000517       0.000000
   49      C  Fxyy       0.000000      -0.000000      -0.000000      -0.000000      -0.000168
   50      C  Fxyz      -0.000001       0.000000       0.000064       0.000143       0.000000
   51      C  Fxzz       0.000000      -0.000000       0.000000       0.000000       0.000115
   52      C  Fyyy      -0.000000       0.000000       0.000000      -0.000000       0.000678
   53      C  Fyyz      -0.000023      -0.000356       0.000622       0.000351       0.000000
   54      C  Fyzz      -0.000000       0.000000       0.000000      -0.000000      -0.000217
   55      C  Fzzz      -0.000323      -0.000995       0.001395       0.001156       0.000000
   56      C     S      -0.974732      -0.000125      -0.004511      -0.000252       0.000000
   57      C     S       0.005020      -0.000282       0.581337      -0.031134       0.000000
   58      C     S      -0.048654      -0.000417       0.152999      -0.008182      -0.000000
   59      C     S       0.015606       0.001349       0.345539      -0.036797       0.000000
   60      C     S       0.005125       0.002447       0.037700       0.011602      -0.000000
   61      C    Px      -0.000000      -0.000000      -0.000000      -0.000000      -0.169603
   62      C    Py      -0.000000      -0.000000      -0.000000      -0.000000       0.318160
   63      C    Pz      -0.000461      -0.000103      -0.009323      -0.083237       0.000000
   64      C    Px      -0.000000       0.000000      -0.000000      -0.000000      -0.224732
   65      C    Py       0.000000       0.000000      -0.000000      -0.000000       0.421578
   66      C    Pz       0.001830       0.000479      -0.010026      -0.108192       0.000000
   67      C    Px       0.000000       0.000000      -0.000000      -0.000000      -0.139757
   68      C    Py      -0.000000       0.000000      -0.000000      -0.000000       0.262172
   69      C    Pz       0.000927       0.000392       0.006333      -0.056048       0.000000
   70      C    Px      -0.000000      -0.000000      -0.000000      -0.000000      -0.015902
   71      C    Py       0.000000      -0.000000       0.000000      -0.000000       0.029831
   72      C    Pz      -0.000654      -0.000546      -0.001388      -0.009460       0.000000
   73      C   Dxx      -0.000612      -0.000054      -0.004435      -0.000189      -0.000000
   74      C   Dxy       0.000922       0.000000      -0.010179       0.000525      -0.000000
   75      C   Dxz      -0.000000      -0.000000       0.000000      -0.000000       0.000502
   76      C   Dyy      -0.001685      -0.000054       0.007402      -0.000799      -0.000000
   77      C   Dyz      -0.000000       0.000000       0.000000      -0.000000      -0.000942
   78      C   Dzz      -0.002197      -0.000088       0.012449       0.000172      -0.000000
   79      C   Dxx      -0.007351      -0.000611      -0.010968      -0.000865      -0.000000
   80      C   Dxy       0.000129       0.000000      -0.019295       0.001031      -0.000000
   81      C   Dxz      -0.000000       0.000000       0.000000      -0.000000      -0.002227
   82      C   Dyy      -0.007501      -0.000611       0.011470      -0.002063      -0.000000
   83      C   Dyz      -0.000000       0.000000       0.000000      -0.000000       0.004178
   84      C   Dzz      -0.007512      -0.000502       0.015146      -0.000846      -0.000000
   85      C   Dxx      -0.003120      -0.000809      -0.017218      -0.002752      -0.000000
   86      C   Dxy       0.000037      -0.000000      -0.005790       0.000604      -0.000000
   87      C   Dxz      -0.000000       0.000000       0.000000      -0.000000      -0.007577
   88      C   Dyy      -0.003163      -0.000809      -0.010484      -0.003455      -0.000000
   89      C   Dyz       0.000000      -0.000000       0.000000      -0.000000       0.014215
   90      C   Dzz      -0.003069      -0.000596      -0.009240      -0.007217       0.000000
   91      C  Fxxx       0.000000      -0.000000       0.000000       0.000000      -0.005508
   92      C  Fxxy      -0.000000      -0.000000      -0.000000      -0.000000       0.005115
   93      C  Fxxz      -0.000381      -0.000119       0.000069      -0.001361      -0.000000
   94      C  Fxyy      -0.000000      -0.000000       0.000000       0.000000      -0.003722
   95      C  Fxyz       0.000002      -0.000000      -0.000007       0.000194       0.000000
   96      C  Fxzz       0.000000      -0.000000       0.000000      -0.000000      -0.002901
   97      C  Fyyy       0.000000      -0.000000      -0.000000      -0.000000       0.011725
   98      C  Fyyz      -0.000383      -0.000119       0.000077      -0.001587       0.000000
   99      C  Fyzz      -0.000000      -0.000000       0.000000      -0.000000       0.005442
  100      C  Fzzz      -0.000836      -0.000180       0.000837      -0.003765       0.000000
  101      C  Fxxx      -0.000000      -0.000000      -0.000000      -0.000000      -0.010108
  102      C  Fxxy       0.000000      -0.000000       0.000000      -0.000000       0.009244
  103      C  Fxxz      -0.000338      -0.000022       0.001255      -0.002220       0.000000
  104      C  Fxyy      -0.000000      -0.000000      -0.000000      -0.000000      -0.006467
  105      C  Fxyz       0.000003      -0.000000      -0.000487       0.000166       0.000000
  106      C  Fxzz      -0.000000      -0.000000       0.000000      -0.000000      -0.003418
  107      C  Fyyy       0.000000      -0.000000      -0.000000      -0.000000       0.021114
  108      C  Fyyz      -0.000342      -0.000022       0.001821      -0.002413       0.000000
  109      C  Fyzz       0.000000      -0.000000       0.000000      -0.000000       0.006411
  110      C  Fzzz      -0.000920      -0.000455       0.005653      -0.007987       0.000000
 
                          -0.2734        -0.0535   
 
    1      C     S      -0.003547      -0.000302
    2      C     S       0.146842      -0.014811
    3      C     S       0.035735      -0.004067
    4      C     S       0.126475      -0.016081
    5      C     S       0.037090      -0.042775
    6      C    Px       0.000000       0.000000
    7      C    Py       0.000000       0.000000
    8      C    Pz      -0.029307      -0.305096
    9      C    Px       0.000000       0.000000
   10      C    Py       0.000000       0.000000
   11      C    Pz      -0.039573      -0.391725
   12      C    Px       0.000000       0.000000
   13      C    Py       0.000000       0.000000
   14      C    Pz      -0.015297      -0.346201
   15      C    Px      -0.000000       0.000000
   16      C    Py       0.000000       0.000000
   17      C    Pz      -0.006001      -0.240044
   18      C   Dxx      -0.001916      -0.000073
   19      C   Dxy       0.000046      -0.000014
   20      C   Dxz      -0.000000      -0.000000
   21      C   Dyy      -0.001970      -0.000057
   22      C   Dyz      -0.000000      -0.000000
   23      C   Dzz       0.005929       0.000246
   24      C   Dxx      -0.005435       0.002033
   25      C   Dxy       0.000072       0.000013
   26      C   Dxz      -0.000000      -0.000000
   27      C   Dyy      -0.005519       0.002017
   28      C   Dyz      -0.000000      -0.000000
   29      C   Dzz       0.012499       0.000912
   30      C   Dxx      -0.002671       0.000702
   31      C   Dxy       0.000133      -0.000438
   32      C   Dxz      -0.000000      -0.000000
   33      C   Dyy      -0.002826       0.001212
   34      C   Dyz      -0.000000      -0.000000
   35      C   Dzz       0.017941       0.029438
   36      C  Fxxx      -0.000000      -0.000000
   37      C  Fxxy      -0.000000       0.000000
   38      C  Fxxz       0.000149      -0.001322
   39      C  Fxyy      -0.000000      -0.000000
   40      C  Fxyz      -0.000020      -0.000045
   41      C  Fxzz       0.000000       0.000000
   42      C  Fyyy      -0.000000       0.000000
   43      C  Fyyz       0.000173      -0.001270
   44      C  Fyzz       0.000000       0.000000
   45      C  Fzzz      -0.002656      -0.024586
   46      C  Fxxx       0.000000      -0.000000
   47      C  Fxxy      -0.000000       0.000000
   48      C  Fxxz      -0.000972      -0.002785
   49      C  Fxyy      -0.000000      -0.000000
   50      C  Fxyz       0.000046      -0.000344
   51      C  Fxzz       0.000000       0.000000
   52      C  Fyyy       0.000000      -0.000000
   53      C  Fyyz      -0.001025      -0.002385
   54      C  Fyzz       0.000000       0.000000
   55      C  Fzzz      -0.007289      -0.041675
   56      C     S      -0.003921       0.002457
   57      C     S      -0.030009       0.058464
   58      C     S      -0.010399       0.015268
   59      C     S       0.000374       0.046192
   60      C     S       0.010664       0.134059
   61      C    Px       0.000000      -0.000000
   62      C    Py       0.000000      -0.000000
   63      C    Pz       0.352720      -0.071302
   64      C    Px       0.000000      -0.000000
   65      C    Py       0.000000      -0.000000
   66      C    Pz       0.464127      -0.099182
   67      C    Px       0.000000      -0.000000
   68      C    Py       0.000000      -0.000000
   69      C    Pz       0.287878      -0.044674
   70      C    Px       0.000000      -0.000000
   71      C    Py       0.000000      -0.000000
   72      C    Pz       0.034581      -0.070407
   73      C   Dxx       0.000410       0.000211
   74      C   Dxy       0.000165      -0.000752
   75      C   Dxz      -0.000000       0.000000
   76      C   Dyy       0.000217       0.001086
   77      C   Dyz      -0.000000       0.000000
   78      C   Dzz      -0.000810      -0.000954
   79      C   Dxx      -0.001548       0.000311
   80      C   Dxy       0.000061      -0.001204
   81      C   Dxz       0.000000       0.000000
   82      C   Dyy      -0.001619       0.001711
   83      C   Dyz       0.000000       0.000000
   84      C   Dzz       0.011681      -0.011482
   85      C   Dxx       0.000688      -0.014002
   86      C   Dxy       0.000035      -0.001847
   87      C   Dxz       0.000000       0.000000
   88      C   Dyy       0.000647      -0.011854
   89      C   Dyz       0.000000      -0.000000
   90      C   Dzz       0.026753      -0.040337
   91      C  Fxxx       0.000000      -0.000000
   92      C  Fxxy       0.000000      -0.000000
   93      C  Fxxz       0.005165      -0.001157
   94      C  Fxyy       0.000000      -0.000000
   95      C  Fxyz      -0.000555      -0.000022
   96      C  Fxzz       0.000000      -0.000000
   97      C  Fyyy       0.000000      -0.000000
   98      C  Fyyz       0.005810      -0.001132
   99      C  Fyzz       0.000000      -0.000000
  100      C  Fzzz       0.012906      -0.002328
  101      C  Fxxx       0.000000      -0.000000
  102      C  Fxxy       0.000000      -0.000000
  103      C  Fxxz       0.009012      -0.005685
  104      C  Fxyy       0.000000      -0.000000
  105      C  Fxyz      -0.000904       0.000366
  106      C  Fxzz       0.000000      -0.000000
  107      C  Fyyy       0.000000      -0.000000
  108      C  Fyyz       0.010063      -0.006110
  109      C  Fyzz       0.000000      -0.000000
  110      C  Fzzz       0.016034      -0.005023
 
 
  Occupied Eigenvectors for: E-BETA
 --------------------------- 
 
                         -11.1372       -10.9865        -0.4462        -0.4190        -0.0703   
 
    1      C     S      -0.000029       0.975359       0.012196       0.005019      -0.000000
    2      C     S      -0.000058      -0.006143      -0.476299      -0.214745      -0.000000
    3      C     S      -0.000298       0.046710      -0.118891      -0.054290       0.000000
    4      C     S       0.000810      -0.015756      -0.349488      -0.159459      -0.000000
    5      C     S       0.002256      -0.005374      -0.049033      -0.018572       0.000000
    6      C    Px       0.000000      -0.000000       0.000000       0.000000      -0.139521
    7      C    Py       0.000000       0.000000      -0.000000       0.000000       0.261728
    8      C    Pz      -0.000005      -0.000375       0.000856       0.003023       0.000000
    9      C    Px      -0.000000       0.000000       0.000000       0.000000      -0.180201
   10      C    Py      -0.000000      -0.000000       0.000000       0.000000       0.338041
   11      C    Pz      -0.000014       0.000735       0.003015       0.003205       0.000000
   12      C    Px       0.000000       0.000000       0.000000       0.000000      -0.177070
   13      C    Py      -0.000000      -0.000000      -0.000000       0.000000       0.332168
   14      C    Pz       0.000095       0.000451      -0.002030       0.000158       0.000000
   15      C    Px      -0.000000      -0.000000      -0.000000       0.000000      -0.090492
   16      C    Py      -0.000000       0.000000      -0.000000       0.000000       0.169755
   17      C    Pz       0.000557      -0.000733      -0.002235       0.000116       0.000000
   18      C   Dxx      -0.000072       0.002678      -0.012562      -0.005806       0.000000
   19      C   Dxy      -0.000001      -0.000018       0.000164       0.000083      -0.000000
   20      C   Dxz      -0.000000      -0.000000      -0.000000      -0.000000       0.000299
   21      C   Dyy      -0.000071       0.002700      -0.012752      -0.005902       0.000000
   22      C   Dyz      -0.000000       0.000000      -0.000000      -0.000000      -0.000560
   23      C   Dzz      -0.000066       0.000458       0.014308       0.006596       0.000000
   24      C   Dxx      -0.000405       0.007643      -0.027873      -0.013263       0.000000
   25      C   Dxy       0.000003      -0.000001       0.000204       0.000157      -0.000000
   26      C   Dxz       0.000000      -0.000000      -0.000000      -0.000000       0.000330
   27      C   Dyy      -0.000409       0.007645      -0.028110      -0.013446       0.000000
   28      C   Dyz       0.000000       0.000000      -0.000000      -0.000000      -0.000619
   29      C   Dzz      -0.000352       0.007766       0.034003       0.014405       0.000000
   30      C   Dxx      -0.000603       0.003319      -0.014916      -0.007976       0.000000
   31      C   Dxy      -0.000009       0.000000      -0.000417      -0.000138       0.000000
   32      C   Dxz       0.000000       0.000000      -0.000000      -0.000000      -0.004582
   33      C   Dyy      -0.000592       0.003319      -0.014432      -0.007816       0.000000
   34      C   Dyz      -0.000000      -0.000000      -0.000000      -0.000000       0.008595
   35      C   Dzz      -0.000382       0.002857       0.014742       0.005536       0.000000
   36      C  Fxxx       0.000000      -0.000000       0.000000      -0.000000      -0.008275
   37      C  Fxxy       0.000000       0.000000      -0.000000       0.000000       0.006981
   38      C  Fxxz      -0.000000      -0.000150      -0.000226       0.000309       0.000000
   39      C  Fxyy       0.000000      -0.000000       0.000000      -0.000000      -0.003798
   40      C  Fxyz       0.000001       0.000000       0.000023       0.000016      -0.000000
   41      C  Fxzz       0.000000      -0.000000       0.000000      -0.000000       0.000776
   42      C  Fyyy       0.000000       0.000000      -0.000000       0.000000       0.015632
   43      C  Fyyz      -0.000002      -0.000150      -0.000252       0.000290       0.000000
   44      C  Fyzz       0.000000       0.000000      -0.000000       0.000000      -0.001456
   45      C  Fzzz       0.000026      -0.000294      -0.000735       0.000055      -0.000000
   46      C  Fxxx      -0.000000      -0.000000      -0.000000      -0.000000      -0.010163
   47      C  Fxxy       0.000000       0.000000      -0.000000       0.000000       0.008352
   48      C  Fxxz      -0.000015      -0.000136      -0.000721      -0.000180      -0.000000
   49      C  Fxyy      -0.000000      -0.000000       0.000000      -0.000000      -0.004102
   50      C  Fxyz      -0.000004       0.000001      -0.000225      -0.000088       0.000000
   51      C  Fxzz      -0.000000      -0.000000      -0.000000      -0.000000       0.003372
   52      C  Fyyy       0.000000       0.000000      -0.000000       0.000000       0.018575
   53      C  Fyyz      -0.000010      -0.000136      -0.000459      -0.000078       0.000000
   54      C  Fyzz       0.000000       0.000000      -0.000000       0.000000      -0.006326
   55      C  Fzzz       0.000031      -0.000419      -0.000931      -0.000043      -0.000000
   56      C     S       0.976529      -0.000080       0.004149      -0.007704       0.000000
   57      C     S      -0.008811      -0.000118      -0.203885       0.489684      -0.000000
   58      C     S       0.042947      -0.000296      -0.051082       0.124935      -0.000000
   59      C     S      -0.016900       0.000767      -0.149963       0.358399      -0.000000
   60      C     S      -0.005155       0.002480      -0.011127       0.023763      -0.000000
   61      C    Px       0.000000      -0.000000      -0.000000       0.000000      -0.004626
   62      C    Py       0.000000      -0.000000      -0.000000       0.000000       0.008678
   63      C    Pz      -0.000086       0.000007      -0.004166       0.019204      -0.000000
   64      C    Px       0.000000       0.000000      -0.000000       0.000000      -0.005338
   65      C    Py      -0.000000       0.000000      -0.000000       0.000000       0.010014
   66      C    Pz       0.000694      -0.000038      -0.008795       0.024986      -0.000000
   67      C    Px      -0.000000       0.000000       0.000000       0.000000       0.000129
   68      C    Py       0.000000       0.000000      -0.000000       0.000000      -0.000242
   69      C    Pz       0.000383       0.000139      -0.009301       0.026362      -0.000000
   70      C    Px       0.000000      -0.000000      -0.000000      -0.000000      -0.002703
   71      C    Py      -0.000000      -0.000000       0.000000      -0.000000       0.005070
   72      C    Pz       0.000594      -0.000591      -0.000593       0.004054       0.000000
   73      C   Dxx       0.003338      -0.000061      -0.004211       0.010420      -0.000000
   74      C   Dxy       0.000526       0.000000      -0.003483       0.008320      -0.000000
   75      C   Dxz      -0.000000      -0.000000       0.000000      -0.000000       0.000186
   76      C   Dyy       0.002726      -0.000061      -0.000160       0.000744       0.000000
   77      C   Dyz      -0.000000       0.000000       0.000000      -0.000000      -0.000349
   78      C   Dzz       0.002435      -0.000066       0.001194      -0.003366       0.000000
   79      C   Dxx       0.007962      -0.000415      -0.010004       0.027769       0.000000
   80      C   Dxy      -0.000220       0.000000      -0.007339       0.017476      -0.000000
   81      C   Dxz       0.000000       0.000000       0.000000      -0.000000       0.000780
   82      C   Dyy       0.008218      -0.000415      -0.001469       0.007445       0.000000
   83      C   Dyz       0.000000       0.000000       0.000000      -0.000000      -0.001463
   84      C   Dzz       0.008398      -0.000335       0.002906      -0.003590       0.000000
   85      C   Dxx       0.003286      -0.000644      -0.002317       0.011496       0.000000
   86      C   Dxy       0.000084       0.000001      -0.001753       0.003496       0.000000
   87      C   Dxz      -0.000000       0.000000       0.000000      -0.000000      -0.001112
   88      C   Dyy       0.003189      -0.000644      -0.000278       0.007430       0.000000
   89      C   Dyz      -0.000000      -0.000000       0.000000      -0.000000       0.002086
   90      C   Dzz       0.002835      -0.000536       0.000299       0.000934      -0.000000
   91      C  Fxxx      -0.000000      -0.000000      -0.000000       0.000000      -0.000758
   92      C  Fxxy       0.000000      -0.000000       0.000000      -0.000000       0.000525
   93      C  Fxxz      -0.000128       0.000010       0.000363       0.000945       0.000000
   94      C  Fxyy      -0.000000      -0.000000      -0.000000       0.000000      -0.000056
   95      C  Fxyz       0.000002       0.000000      -0.000118       0.000374      -0.000000
   96      C  Fxzz      -0.000000      -0.000000       0.000000      -0.000000      -0.000418
   97      C  Fyyy      -0.000000      -0.000000       0.000000      -0.000000       0.001109
   98      C  Fyyz      -0.000131       0.000009       0.000501       0.000510      -0.000000
   99      C  Fyzz       0.000000      -0.000000       0.000000      -0.000000       0.000784
  100      C  Fzzz      -0.000336      -0.000015       0.000720       0.000224       0.000000
  101      C  Fxxx       0.000000      -0.000000      -0.000000      -0.000000      -0.003067
  102      C  Fxxy      -0.000000      -0.000000       0.000000       0.000000       0.002092
  103      C  Fxxz      -0.000159      -0.000017      -0.000084       0.001093       0.000000
  104      C  Fxyy       0.000000      -0.000000      -0.000000      -0.000000      -0.000146
  105      C  Fxyz      -0.000002      -0.000000      -0.000004       0.000756      -0.000000
  106      C  Fxzz       0.000000      -0.000000      -0.000000      -0.000000      -0.000539
  107      C  Fyyy      -0.000000      -0.000000       0.000000      -0.000000       0.004398
  108      C  Fyyz      -0.000156      -0.000016      -0.000079       0.000213      -0.000000
  109      C  Fyzz      -0.000000      -0.000000       0.000000      -0.000000       0.001010
  110      C  Fzzz      -0.000224      -0.000103       0.001323       0.001871       0.000000
 
                          -0.0670   
 
    1      C     S      -0.000000
    2      C     S       0.000000
    3      C     S       0.000000
    4      C     S       0.000000
    5      C     S      -0.000000
    6      C    Px      -0.257752
    7      C    Py      -0.137401
    8      C    Pz      -0.000000
    9      C    Px      -0.332845
   10      C    Py      -0.177431
   11      C    Pz      -0.000000
   12      C    Px      -0.330160
   13      C    Py      -0.176000
   14      C    Pz      -0.000000
   15      C    Px      -0.176549
   16      C    Py      -0.094114
   17      C    Pz      -0.000000
   18      C   Dxx       0.000000
   19      C   Dxy      -0.000000
   20      C   Dxz       0.000450
   21      C   Dyy       0.000000
   22      C   Dyz       0.000240
   23      C   Dzz       0.000000
   24      C   Dxx       0.000000
   25      C   Dxy      -0.000000
   26      C   Dxz       0.000454
   27      C   Dyy       0.000000
   28      C   Dyz       0.000242
   29      C   Dzz       0.000000
   30      C   Dxx       0.000000
   31      C   Dxy      -0.000000
   32      C   Dxz      -0.010179
   33      C   Dyy       0.000000
   34      C   Dyz      -0.005426
   35      C   Dzz      -0.000000
   36      C  Fxxx      -0.015517
   37      C  Fxxy      -0.003626
   38      C  Fxxz      -0.000000
   39      C  Fxyy      -0.006950
   40      C  Fxyz      -0.000000
   41      C  Fxzz       0.001382
   42      C  Fyyy      -0.008331
   43      C  Fyyz      -0.000000
   44      C  Fyzz       0.000737
   45      C  Fzzz       0.000000
   46      C  Fxxx      -0.018557
   47      C  Fxxy      -0.004758
   48      C  Fxxz      -0.000000
   49      C  Fxyy      -0.008253
   50      C  Fxyz      -0.000000
   51      C  Fxzz       0.006290
   52      C  Fyyy      -0.009625
   53      C  Fyyz      -0.000000
   54      C  Fyzz       0.003353
   55      C  Fzzz       0.000000
   56      C     S       0.000000
   57      C     S       0.000000
   58      C     S       0.000000
   59      C     S       0.000000
   60      C     S       0.000000
   61      C    Px      -0.014828
   62      C    Py      -0.007904
   63      C    Pz       0.000000
   64      C    Px      -0.018441
   65      C    Py      -0.009830
   66      C    Pz       0.000000
   67      C    Px      -0.010470
   68      C    Py      -0.005581
   69      C    Pz       0.000000
   70      C    Px      -0.013588
   71      C    Py      -0.007243
   72      C    Pz       0.000000
   73      C   Dxx      -0.000000
   74      C   Dxy       0.000000
   75      C   Dxz       0.000402
   76      C   Dyy       0.000000
   77      C   Dyz       0.000214
   78      C   Dzz      -0.000000
   79      C   Dxx       0.000000
   80      C   Dxy      -0.000000
   81      C   Dxz       0.001684
   82      C   Dyy      -0.000000
   83      C   Dyz       0.000898
   84      C   Dzz      -0.000000
   85      C   Dxx      -0.000000
   86      C   Dxy      -0.000000
   87      C   Dxz      -0.000135
   88      C   Dyy       0.000000
   89      C   Dyz      -0.000072
   90      C   Dzz      -0.000000
   91      C  Fxxx      -0.001652
   92      C  Fxxy      -0.000785
   93      C  Fxxz       0.000000
   94      C  Fxyy      -0.000685
   95      C  Fxyz       0.000000
   96      C  Fxzz      -0.000649
   97      C  Fyyy      -0.000567
   98      C  Fyyz       0.000000
   99      C  Fyzz      -0.000346
  100      C  Fzzz       0.000000
  101      C  Fxxx      -0.005139
  102      C  Fxxy      -0.002484
  103      C  Fxxz       0.000000
  104      C  Fxyy      -0.002124
  105      C  Fxyz       0.000000
  106      C  Fxzz      -0.000849
  107      C  Fyyy      -0.001732
  108      C  Fyyz      -0.000000
  109      C  Fyzz      -0.000452
  110      C  Fzzz      -0.000000
 
 
  end of eigenvectors 
 
  END OF EIGENVALUES AND EIGENVECTORS
 
 
  COMPONENTS OF KINETIC ENERGY: 
 -----------------------------
 
             E-ALPHA Kinetic energy =           38.609570025100
              E-BETA Kinetic energy =           36.778461024447
                                     _________________________
               Total kinetic energy =           75.388031049547
 
  COMPONENTS OF POTENTIAL ENERGY: 
 -------------------------------
 
          Fixed potential energy    =            6.145284184723
 
  Quantum/Fixed interaction energy: 
 ----------------------------------
 
     E-ALPHA/Fixed interact. energy =          -99.271166249233
      E-BETA/Fixed interact. energy =          -92.217200582919
                                     _________________________
               Total Q/Fixed energy =         -191.488366832152
 
  Coulomb energy: 
 ------------------
 
     E-ALPHA/E-ALPHA Hartree energy =           12.932853336768
       E-BETA/E-BETA Hartree energy =           10.079159607075
      E-ALPHA/E-BETA Hartree energy =           21.885338298313
                                     _________________________
               Total Hartree energy =           44.897351242156
 
  Exchange(HF) energy: 
 ----------------------
 
            E-ALPHA Exchange energy =           -5.437320019428
             E-BETA Exchange energy =           -4.865544295669
                                     _________________________
              Total Exchange energy =          -10.302864315097
 
  TOTAL ENERGY COMPONENTS: 
 ==========================
 
          TOTAL KINETIC ENERGY      =           75.388031049547
          TOTAL POTENTIAL ENERGY    =         -150.748595720371
                                     _________________________
                       TOTAL ENERGY =          -75.360564670824
 
                 VIRIAL RATIO (V/T) =            1.999635666586
 
 
  END ENERGY COMPONENTS
 
 
** TOTAL CPU Time SCF :     30.737 (s)
** TOTAL Elapsed Time SCF :      6.610 (s)
 
 We are calculating properties for E-ALPHA in the HF/KS ground state
 We are calculating properties for E-BETA in the HF/KS ground state
 
  POPULATION ANALYSES: 
 ====================
 
 MULLIKEN Population: for E-        
 ---------------------
 
                          total          spin      
 
    1      C     S       1.950989       0.000785
    2      C     S       0.977474      -0.005556
    3      C     S       0.219901      -0.000153
    4      C     S       0.701741      -0.001067
    5      C     S       0.048606      -0.021474
    6      C    Px       0.185491      -0.185489
    7      C    Py       0.188393      -0.188385
    8      C    Pz       0.200894       0.200845
    9      C    Px       0.337552      -0.337541
   10      C    Py       0.342017      -0.341977
   11      C    Pz       0.358527       0.358420
   12      C    Px       0.322231      -0.322255
   13      C    Py       0.322751      -0.322837
   14      C    Pz       0.280650       0.280341
   15      C    Px       0.113250      -0.113445
   16      C    Py       0.108988      -0.109674
   17      C    Pz       0.113727       0.112930
   18      C   Dxx       0.005447      -0.013291
   19      C   Dxy       0.000000       0.000000
   20      C   Dxz      -0.000000       0.000001
   21      C   Dyy       0.005485      -0.013542
   22      C   Dyz       0.000000       0.000001
   23      C   Dzz       0.007607       0.026561
   24      C   Dxx       0.012726      -0.028524
   25      C   Dxy       0.000000       0.000000
   26      C   Dxz       0.000001       0.000009
   27      C   Dyy       0.012712      -0.028928
   28      C   Dyz       0.000014       0.000021
   29      C   Dzz       0.022172       0.065669
   30      C   Dxx       0.007147      -0.005288
   31      C   Dxy       0.000000      -0.000000
   32      C   Dxz       0.000184      -0.000310
   33      C   Dyy       0.006878      -0.005173
   34      C   Dyz      -0.000057      -0.000385
   35      C   Dzz       0.013631       0.024092
   36      C  Fxxx       0.013056      -0.013056
   37      C  Fxxy       0.004375      -0.004375
   38      C  Fxxz       0.000713       0.000705
   39      C  Fxyy       0.004382      -0.004382
   40      C  Fxyz       0.000000       0.000000
   41      C  Fxzz      -0.000857       0.000858
   42      C  Fyyy       0.013215      -0.013217
   43      C  Fyyz       0.000683       0.000676
   44      C  Fyzz      -0.000885       0.000890
   45      C  Fzzz       0.018884       0.018873
   46      C  Fxxx       0.015337      -0.015331
   47      C  Fxxy       0.005196      -0.005189
   48      C  Fxxz       0.001573       0.001563
   49      C  Fxyy       0.004976      -0.004974
   50      C  Fxyz       0.000000       0.000000
   51      C  Fxzz      -0.003773       0.003767
   52      C  Fyyy       0.015174      -0.015151
   53      C  Fyyz       0.001363       0.001355
   54      C  Fyzz      -0.003785       0.003762
   55      C  Fzzz       0.030460       0.030388
   56      C     S       1.950404      -0.002075
   57      C     S       1.061118       0.059519
   58      C     S       0.242847       0.020059
   59      C     S       0.656356      -0.051343
   60      C     S       0.020456      -0.013508
   61      C    Px       0.059303       0.058118
   62      C    Py       0.206948       0.206265
   63      C    Pz       0.276738       0.275024
   64      C    Px       0.101690       0.098881
   65      C    Py       0.353733       0.352086
   66      C    Pz       0.461757       0.458463
   67      C    Px       0.051730       0.048748
   68      C    Py       0.177190       0.176395
   69      C    Pz       0.215909       0.212066
   70      C    Px       0.006448      -0.000829
   71      C    Py       0.011960       0.007815
   72      C    Pz       0.009774       0.008564
   73      C   Dxx       0.004979      -0.010543
   74      C   Dxy       0.000395       0.000041
   75      C   Dxz       0.000002      -0.000004
   76      C   Dyy       0.006038       0.004391
   77      C   Dyz      -0.000000      -0.000005
   78      C   Dzz       0.006649       0.010520
   79      C   Dxx       0.013084      -0.025873
   80      C   Dxy       0.001038       0.000053
   81      C   Dxz       0.000098      -0.000068
   82      C   Dyy       0.012295       0.002491
   83      C   Dyz       0.000126      -0.000023
   84      C   Dzz       0.008672       0.013907
   85      C   Dxx       0.000042      -0.007899
   86      C   Dxy       0.000173       0.000048
   87      C   Dxz      -0.000076       0.000220
   88      C   Dyy      -0.000064      -0.004599
   89      C   Dyz      -0.000179       0.000683
   90      C   Dzz       0.012066       0.012031
   91      C  Fxxx       0.002166       0.001968
   92      C  Fxxy       0.002716       0.002657
   93      C  Fxxz       0.003295       0.003221
   94      C  Fxyy       0.001074       0.001020
   95      C  Fxyz       0.000001       0.000000
   96      C  Fxzz       0.000845       0.000776
   97      C  Fyyy       0.008317       0.008213
   98      C  Fyyz       0.003682       0.003644
   99      C  Fyzz       0.002885       0.002823
  100      C  Fzzz       0.010913       0.010887
  101      C  Fxxx       0.003642       0.002586
  102      C  Fxxy       0.004169       0.003808
  103      C  Fxxz       0.004582       0.004479
  104      C  Fxyy       0.001631       0.001362
  105      C  Fxyz       0.000002       0.000001
  106      C  Fxzz       0.000905       0.000660
  107      C  Fyyy       0.012573       0.011881
  108      C  Fyyz       0.005069       0.005052
  109      C  Fyzz       0.002877       0.002629
  110      C  Fzzz       0.011740       0.011174
 
                           __________     __________
              Total =       13.000000       1.000000
 
  Atomic MULLIKEN Population: for E-        
            C                6.987217      -0.988457
            C                6.012783       1.988457
 
 ...end of MULLIKEN Population
 
 
 END POPULATION ANALYSES 
 
 
  POPULATION ANALYSES: 
 ====================
 
 LOWDIN Population: for E-        
 ---------------------
 
                          total          spin      
 
    1      C     S       1.609078       0.000357
    2      C     S       0.560823      -0.001478
    3      C     S       0.396414      -0.001464
    4      C     S       0.307574       0.000536
    5      C     S       0.109687       0.003415
    6      C    Px       0.170184      -0.170182
    7      C    Py       0.172932      -0.172928
    8      C    Pz       0.183360       0.183326
    9      C    Px       0.164563      -0.164561
   10      C    Py       0.166673      -0.166666
   11      C    Pz       0.177265       0.177236
   12      C    Px       0.168660      -0.168579
   13      C    Py       0.168414      -0.168129
   14      C    Pz       0.146126       0.142690
   15      C    Px       0.097812      -0.097245
   16      C    Py       0.095179      -0.093184
   17      C    Pz       0.093906       0.069141
   18      C   Dxx       0.153289      -0.015825
   19      C   Dxy       0.000000      -0.000000
   20      C   Dxz       0.000000      -0.000000
   21      C   Dyy       0.153306      -0.016070
   22      C   Dyz       0.000001       0.000000
   23      C   Dzz       0.156275       0.029375
   24      C   Dxx       0.142760      -0.023395
   25      C   Dxy       0.000000       0.000000
   26      C   Dxz       0.000008      -0.000004
   27      C   Dyy       0.142656      -0.023658
   28      C   Dyz       0.000010       0.000003
   29      C   Dzz       0.144523       0.048584
   30      C   Dxx       0.022940      -0.005337
   31      C   Dxy       0.000001       0.000000
   32      C   Dxz       0.000599       0.000567
   33      C   Dyy       0.022809      -0.005312
   34      C   Dyz       0.002094       0.002008
   35      C   Dzz       0.057871       0.028796
   36      C  Fxxx       0.106204      -0.106203
   37      C  Fxxy       0.046640      -0.046638
   38      C  Fxxz       0.045268       0.045262
   39      C  Fxyy       0.046019      -0.046018
   40      C  Fxyz       0.000000       0.000000
   41      C  Fxzz       0.041609      -0.041609
   42      C  Fyyy       0.107605      -0.107603
   43      C  Fyyz       0.045211       0.045205
   44      C  Fyzz       0.042155      -0.042153
   45      C  Fzzz       0.117169       0.117157
   46      C  Fxxx       0.100711      -0.100710
   47      C  Fxxy       0.043498      -0.043497
   48      C  Fxxz       0.038601       0.038580
   49      C  Fxyy       0.043279      -0.043279
   50      C  Fxyz       0.000000       0.000000
   51      C  Fxzz       0.035054      -0.034949
   52      C  Fyyy       0.100922      -0.100920
   53      C  Fyyz       0.038439       0.038414
   54      C  Fyzz       0.035096      -0.034728
   55      C  Fzzz       0.095033       0.093880
   56      C     S       1.609794      -0.000489
   57      C     S       0.588182       0.019080
   58      C     S       0.415767       0.016045
   59      C     S       0.296331      -0.011262
   60      C     S       0.093911      -0.005901
   61      C    Px       0.055121       0.054171
   62      C    Py       0.192564       0.192039
   63      C    Pz       0.257947       0.256357
   64      C    Px       0.047172       0.045943
   65      C    Py       0.164324       0.163627
   66      C    Pz       0.214912       0.213174
   67      C    Px       0.028937       0.023577
   68      C    Py       0.094420       0.090564
   69      C    Pz       0.112437       0.105650
   70      C    Px       0.016681      -0.006955
   71      C    Py       0.027227       0.007006
   72      C    Pz       0.045050       0.015063
   73      C   Dxx       0.166673      -0.002326
   74      C   Dxy       0.000435       0.000039
   75      C   Dxz       0.000003      -0.000003
   76      C   Dyy       0.167694       0.013686
   77      C   Dyz       0.000003      -0.000002
   78      C   Dzz       0.166719       0.019434
   79      C   Dxx       0.139889      -0.022215
   80      C   Dxy       0.000937       0.000057
   81      C   Dxz       0.000084      -0.000042
   82      C   Dyy       0.139673      -0.000589
   83      C   Dyz       0.000128       0.000021
   84      C   Dzz       0.131721       0.007681
   85      C   Dxx       0.016073      -0.006759
   86      C   Dxy       0.000233       0.000046
   87      C   Dxz       0.007745      -0.007487
   88      C   Dyy       0.015666      -0.003435
   89      C   Dyz       0.007834      -0.006927
   90      C   Dzz       0.062642       0.026443
   91      C  Fxxx       0.029835       0.029123
   92      C  Fxxy       0.045519       0.045327
   93      C  Fxxz       0.059827       0.059350
   94      C  Fxyy       0.013322       0.013016
   95      C  Fxyz       0.000001       0.000000
   96      C  Fxzz       0.013031       0.012732
   97      C  Fyyy       0.104714       0.104339
   98      C  Fyyz       0.060194       0.059750
   99      C  Fyzz       0.045414       0.045243
  100      C  Fzzz       0.137292       0.136245
  101      C  Fxxx       0.018188       0.016896
  102      C  Fxxy       0.026528       0.026113
  103      C  Fxxz       0.032467       0.031792
  104      C  Fxyy       0.008022       0.007439
  105      C  Fxyz       0.000002       0.000001
  106      C  Fxzz       0.008447       0.005650
  107      C  Fyyy       0.062865       0.062140
  108      C  Fyyz       0.032814       0.032194
  109      C  Fyzz       0.025954       0.023656
  110      C  Fzzz       0.074333       0.071475
 
                           __________     __________
              Total =       13.000000       1.000000
 
  Atomic LOWDIN Population: for E-        
            C                6.916303      -0.977789
            C                6.083697       1.977789
 
 ...end of LOWDIN Population
 
 
 END POPULATION ANALYSES 
 
 
  EXPECTED POSITIONS OF QUANTUM SPECIES:
 ======================
 
 POSITIONS IN ANGSTROMS
 ------
 
                        <x>      <y>      <z>         
            E-ALPHA   0.0000   0.0000  12.3733
             E-BETA   0.0000   0.0000   6.3270
 
 END EXPECTED POSITIONS
 
 
  ELECTROSTATIC MOMENTS:
 ======================
 
 
 DIPOLE: (A.U.)
 ------
 
                           <Dx>         <Dy>         <Dz>          |D|
            E-ALPHA  -0.00000000  -0.00000000 -23.38222819
             E-BETA  -0.00000000  -0.00000000 -11.95625848
    Point charges:    0.00000000   0.00000000  35.14890337
                     ____________________________
      Total Dipole:  -0.00000000  -0.00000000  -0.18958330   0.18958330
 
 DIPOLE: (DEBYE)
 ------
 
                           <Dx>         <Dy>         <Dz>          |D|
            E-ALPHA  -0.00000000  -0.00000000 -59.43168825
             E-BETA  -0.00000000  -0.00000000 -30.38977383
    Point charges:    0.00000000   0.00000000  89.33958945
                     ____________________________
      Total Dipole:  -0.00000000  -0.00000000  -0.48187263   0.48187263
 
 QUADRUPOLE NON-TRACELESS: (DEBYE ANGS)
 ------
 
                           <xx>         <yy>         <zz>         <xy>         <xz>         <yz>
            E-ALPHA   -6.88092004   -8.12997996 -200.06152284    0.93016353   -0.00000000   -0.00000000
             E-BETA  -10.80308372  -10.61435953 -101.15555166   -0.14054118   -0.00000000   -0.00000000
    Point charges:     0.00000000    0.00000000  276.95269571    0.00000000    0.00000000    0.00000000
  Total Quadrupole:  -17.68400377  -18.74433949  -24.26437879    0.78962234   -0.00000000   -0.00000000
                     ____________________________
 
 END ELECTROSTATIC MOMENTS
 
 
 BEGIN FOUR-INDEX INTEGRALS TRANFORMATION:
 ========================================
 Selected method: C         
 
 --------------------------------------------------
    4N^5 Algorithm Four-index integral tranformation
 --------------------------------------------------
 
 Integrals transformation for: E-ALPHA
 
              Transformation boundaries 
                 orbital lower upper
                       p     1     7
                       q     8   110
                       r     1     7
                       s     8   110
 
         Loading AO integrals time(s):  0.266E-01
      Integral transformation time(s):  0.167E+01
       Non-zero transformed integrals:       168318
 
 Inter-species integrals transformation for: E-ALPHA/E-BETA
 
              Transformation boundaries 
                 orbital lower upper
                       p     1     6
                       q     7   110
                       r     1     7
                       s     8   110
 
         Loading AO integrals time(s):  0.285E-01
      Integral transformation time(s):  0.649E+01
 Non zero transformed coupling integrals:       157617
 
 Integrals transformation for: E-BETA
 
              Transformation boundaries 
                 orbital lower upper
                       p     1     6
                       q     7   110
                       r     1     6
                       s     7   110
 
         Loading AO integrals time(s):  0.185E-01
      Integral transformation time(s):  0.153E+01
       Non-zero transformed integrals:       131722
 
** TOTAL Elapsed Time for integrals transformation :     10.001 (s)
 
 
  POST HARTREE-FOCK CALCULATION
  MANY-BODY PERTURBATION THEORY:
 ==============================
 
              MOLLER-PLESSET FORMALISM 
               ORDER OF CORRECTION =     2
 
                E(0) + E(1) =     -75.360564670824
                       E(2) =      -0.194473766466
                             ____________________
                     E(MP2) =     -75.555038437289
 
              -----------------------------------
               E(n){ Specie }     E(n) / Hartree 
              -----------------------------------
 
            E(2){ E-ALPHA } =      -0.019947019632
             E(2){ E-BETA } =      -0.017203620500
 
     E(2){ E-ALPHA/E-BETA } =      -0.157323126333
 
** TOTAL CPU Time HF-MBPT :      0.563 (s)
** TOTAL Elapsed Time HF-MBPT :      0.328 (s)
 

  TOTAL CPU Time:      0.241 (s)
 TOTAL Wall Time:     17.003 (s)
  Elapsed Time:   0h  0m 17s   2ms
LOWDIN execution terminated normally at : Thu Feb  6 14:31:58 2025
-rw-rw-r-- 1 pohl pohl  50M feb  6 14:31 0E-ALPHA.E-BETA.ints
-rw-rw-r-- 1 pohl pohl  25M feb  6 14:31 0E-ALPHA.ints
-rw-rw-r-- 1 pohl pohl  50M feb  6 14:31 1E-ALPHA.E-BETA.ints
-rw-rw-r-- 1 pohl pohl  25M feb  6 14:31 1E-ALPHA.ints
-rw-rw-r-- 1 pohl pohl  50M feb  6 14:31 2E-ALPHA.E-BETA.ints
-rw-rw-r-- 1 pohl pohl  25M feb  6 14:31 2E-ALPHA.ints
-rw-rw-r-- 1 pohl pohl  50M feb  6 14:31 3E-ALPHA.E-BETA.ints
-rw-rw-r-- 1 pohl pohl  25M feb  6 14:31 3E-ALPHA.ints
-rw-rw-r-- 1 pohl pohl   12 feb  6 14:31 E-ALPHA.E-BETA.nints
-rw-rw-r-- 1 pohl pohl 4.9M feb  6 14:31 E-ALPHAmoint.dat
-rw-rw-r-- 1 pohl pohl 4.2M feb  6 14:31 E-BETA.E-ALPHAmoint.dat
-rw-rw-r-- 1 pohl pohl 4.2M feb  6 14:31 E-BETAmoint.dat
-rw-rw-r-- 1 pohl pohl   64 feb  6 14:31 gepol.inp
-rw-rw-r-- 1 pohl pohl  182 feb  6 14:31 gepol.xyzr
-rw-rw-r-- 1 pohl pohl  13K feb  6 14:31 lowdin.bas
-rw-rw-r-- 1 pohl pohl  16K feb  6 14:31 lowdin.dat
-rw-rw-r-- 1 pohl pohl 2.3M feb  6 14:31 lowdin.opints
-rw-rw-r-- 1 pohl pohl  46K feb  6 14:31 lowdin.sys
-rw-rw-r-- 1 pohl pohl 2.1M feb  6 14:31 lowdin.wfn
-rw-rw-r-- 1 pohl pohl  258 feb  6 14:31 usual_13
-rw-rw-r-- 1 pohl pohl 1.1K feb  6 14:31 usual_13.aux
-rw-rw-r-- 1 pohl pohl  266 feb  6 14:31 usual_13.lowdin
-rw-rw-r-- 1 pohl pohl  80K feb  6 14:31 usual_13.out
-rw-rw-r-- 1 pohl pohl 192K feb  6 14:31 usual_13.vec
