Begin job by input: usual_21.lowdin, for user:   at  jue 06 feb 2025 14:33:50 -05
under operating system Linux helios 5.19.0-46-generic #47-Ubuntu SMP PREEMPT_DYNAMIC Fri Jun 16 13:30:11 UTC 2023 x86_64 x86_64 x86_64 GNU/Linux
Compilation information
  commit: f31d3924f6ee2ce9d77f07edcc1ba27359319d14
  compilation date:  mar 17 sep 2024 16:16:17 -05

BEGIN INPUT INFO:
------------------------------------

GEOMETRY
	e-(C)	AUG-CC-PVTZ 0.0 0.0 0.0 multiplicity=2 addParticles=1 
	e-(C)	AUG-CC-PVTZ 0.0 0.0 4.7 
	C	Dirac 0.0 0.0 0.0
	C	Dirac 0.0 0.0 4.7
END GEOMETRY

TASKS
        method = "UHF"
	mollerPlessetCorrection=2
END TASKS

CONTROL
	units="ANGS"
END CONTROL






... END INPUT INFO


 LOWDIN execution started at : Thu Feb  6 14:33:50 2025
 ---------------------------------------------------------------
 
 ***************************************************************
 *                   LOWDIN 2.0  (May/2013)                    *
 *                                                             *
 *  R. FLORES-MORENO, E. F. POSADA, F. S. MONCADA, J.ROMERO,   *
 *  J. CHARRY, M. DIAZ-TINOCO, S. A. GONZALEZ, N. F. AGUIRRE,  *
 *  A. REYES                                                   *
 *                                                             *
 *  https://sites.google.com/site/lowdinproject/               *
 *                                                             *
 ***************************************************************
 
 PARSING INPUT... DONE!
 
 LOWDIN IS RUNNING WITH NEXT PARAMETERS: 
 ----------------------------------------
 
         METHOD TYPE:  UHF
         NUMBER OF CORES:     4
         MOLLER PLESSET CORRECTION:      2
         NONELECTRONIC DENSITY GUESS: HCORE
         ELECTRONIC DENSITY GUESS: HCORE
         CRITERIUM OF CONVERGENCE: ENERGY
         NONELECTRONIC ENERGY TOLERANCE IN SCFs:     0.10000E-07
         ELECTRONIC ENERGY TOLERANCE IN SCFs:     0.10000E-07
         TOTAL ENERGY TOLERANCE IN SCFs:     0.10000E-07
         SCHEME OF ITERATION: GLOBAL ITERATIONS
         SCF MAX. SUBITERATIONS - NONELECTRONS :     1
         SCF MAX. SUBITERATIONS - ELECTRONS :     1
         SCF MAX. ITERATIONS - INTERSPECIES :   200
         INTEGRAL STORAGE: DISK
         STACK SIZE FOR ERIS : 30000
         METHOD OF SCF CONVERGENCE: DAMPING
 
  MOLECULAR SYSTEM: usual_21
 -----------------
 
    DESCRIPTION   : usual_21
    CHARGE        :   0
    PUNTUAL GROUP : NONE
 
 
  INFORMATION OF PARTICLES :
 =========================
         Total number of particles   =      15
         Number of quantum particles =      13
         Number of puntual charges   =       2
         Number of quantum species   =       2
 
                 INFORMATION OF QUANTUM SPECIES 
    ----------------------------------------------------------------------
         ID      Symbol            mass     charge      omega     spin     multiplicity
    ----------------------------------------------------------------------
         1        E-ALPHA         1.0000     -1.00      0.00      0.50      2.00
         2         E-BETA         1.0000     -1.00      0.00      0.50      2.00
 
                   CONSTANTS OF COUPLING 
      ------------------------------------------------------------
              Symbol      kappa        eta     lambda occupation
      ------------------------------------------------------------
             E-ALPHA      -1.00       1.00       1.00       7.00
              E-BETA      -1.00       1.00       1.00       6.00
 
                   BASIS SET FOR SPECIES 
      ------------------------------------------------------------
           Symbol          N. Basis     N. Particles     Basis Set
      ------------------------------------------------------------
            E-ALPHA           28                7     AUG-CC-PVT
             E-BETA           28                6     AUG-CC-PVT
 
                                ATOMIC BASIS
         ------------------------------------------------------------
          PRIMITIVE   SHELL             EXPONENT         COEFFICIENT 
         ------------------------------------------------------------
 
    BEGIN DESCRIPTION OF BASIS FOR: E-ALP
    ==============================
 
 
             C BASIS SET:    AUG-CC-PVTZ
             1         S             8236.00000000          0.00053100
             2         S             1235.00000000          0.00410800
             3         S              280.80000000          0.02108700
             4         S               79.27000000          0.08185300
             5         S               25.59000000          0.23481700
             6         S                8.99700000          0.43440100
             7         S                3.31900000          0.34612900
             8         S                0.36430000         -0.00898300
             1         S             8236.00000000         -0.00011300
             2         S             1235.00000000         -0.00087800
             3         S              280.80000000         -0.00454000
             4         S               79.27000000         -0.01813300
             5         S               25.59000000         -0.05576000
             6         S                8.99700000         -0.12689500
             7         S                3.31900000         -0.17035200
             8         S                0.36430000          0.59868400
             1         S                0.90590000          1.00000000
             1         S                0.12850000          1.00000000
             1         S                0.04402000          1.00000000
             1         P               18.71000000          0.01403100
             2         P                4.13300000          0.08686600
             3         P                1.20000000          0.29021600
             1         P                0.38270000          1.00000000
             1         P                0.12090000          1.00000000
             1         P                0.03569000          1.00000000
             1         D                1.09700000          1.00000000
             1         D                0.31800000          1.00000000
             1         D                0.10000000          1.00000000
             1         F                0.76100000          1.00000000
             1         F                0.26800000          1.00000000
 
             C BASIS SET:    AUG-CC-PVTZ
             1         S             8236.00000000          0.00053100
             2         S             1235.00000000          0.00410800
             3         S              280.80000000          0.02108700
             4         S               79.27000000          0.08185300
             5         S               25.59000000          0.23481700
             6         S                8.99700000          0.43440100
             7         S                3.31900000          0.34612900
             8         S                0.36430000         -0.00898300
             1         S             8236.00000000         -0.00011300
             2         S             1235.00000000         -0.00087800
             3         S              280.80000000         -0.00454000
             4         S               79.27000000         -0.01813300
             5         S               25.59000000         -0.05576000
             6         S                8.99700000         -0.12689500
             7         S                3.31900000         -0.17035200
             8         S                0.36430000          0.59868400
             1         S                0.90590000          1.00000000
             1         S                0.12850000          1.00000000
             1         S                0.04402000          1.00000000
             1         P               18.71000000          0.01403100
             2         P                4.13300000          0.08686600
             3         P                1.20000000          0.29021600
             1         P                0.38270000          1.00000000
             1         P                0.12090000          1.00000000
             1         P                0.03569000          1.00000000
             1         D                1.09700000          1.00000000
             1         D                0.31800000          1.00000000
             1         D                0.10000000          1.00000000
             1         F                0.76100000          1.00000000
             1         F                0.26800000          1.00000000
    ... END DESCRIPTION OF BASIS
 
 
  END INFORMATION OF PARTICLES
 
 
  INFORMATION OF THE QUANTUM SYSTEM 
     ---------------------------------------------------------------------
                 ID     Occupied Orbitals     Basis size
     ---------------------------------------------------------------------
            E-ALPHA            7              110
             E-BETA            6              110
 
  END INFORMATION OF QUANTUM SYSTEM
 
                       INITIAL GEOMETRY: AMSTRONG
                 -----------------------------------
                       <x>                 <y>                 <z>
  E-ALPHAC        0.0000000000        0.0000000000        0.0000000000
  E-ALPHAC        0.0000000000        0.0000000000        4.7000000000
         C        0.0000000000        0.0000000000        0.0000000000
         C        0.0000000000        0.0000000000        4.7000000000
 
                     MATRIX OF DISTANCE: ANGSTROM
                 -----------------------------------
                          C(1)           C(2)      
 
        C(1)             0.000000       4.700000
        C(2)             4.700000       0.000000
 
--------------------------------------------------------------------------------
** PROGRAM: SCF (Hartree Fock).     Author: S.A. Gonzalez, E. Posada, F. Moncada
--------------------------------------------------------------------------------
INFO: RUNNING IN UHF MODE.
 
----------------------------------------------------------------------
** PROGRAM INTS                          Author: E. F. Posada, 2013   
----------------------------------------------------------------------
INFO: RUNNING IN ONE_PARTICLE MODE.
 
 Number of Overlap integrals for species E-ALPHA:  12100
 Number of Overlap integrals for species E-BETA:  12100
 Number of Kinetic integrals for species E-ALPHA:  12100
 Number of Kinetic integrals for species E-BETA:  12100
 Number of Nuclear integrals for species E-ALPHA:  12100
 Number of Nuclear integrals for species E-BETA:  12100
 Number of Moment integrals for species E-ALPHA:  36300
 Number of Moment integrals for species E-BETA:  36300
 
** TOTAL CPU Time INTS :      0.440 (s)
** TOTAL Elapsed Time INTS :      0.198 (s)
 
 Combination coefficients for E-ALPHA were read from usual_21.vec
     number of    E-ALPHA     particles in guess density matrix:     7.111830
 Warning!, density matrix with deviation from number of particles    7.000000
 Combination coefficients for E-BETA were read from usual_21.vec
     number of     E-BETA     particles in guess density matrix:     6.098550
 Warning!, density matrix with deviation from number of particles    6.000000
 Number of unique integrals for species: 1 = 3032478
 Number of unique integrals for species: 1 / 2 = 6060403 Screened: 5
 
 TWO-BODY INTEGRAL SETUP: 
------------------------- 
 Storage:   DISK
 Scheme: LIBINT
 Stack size:  30000
 
 LIBINT library, Fermann, J. T.; Valeev, F. L. 2010                   
 LOWDIN-LIBINT Implementation V. 2.1  Posada E. F. ; Reyes A. 2016   
 ----------------------------------------------------------------------

*** TOTAL CPU time intra-species integrals :      1.075 (s)
*** TOTAL elapsed time intra-species integrals :      0.234 (s)


*** TOTAL CPU time inter-species integrals :      2.409 (s)
*** TOTAL elapsed time inter-species integrals :      0.573 (s)

INFO: RUNNING SCHEME SIMULTANEOUS
 
 Begin Multi-Species SCF calculation:
 
 --------------------------------------------------------------------------------------------------
      Iteration                   Energy            Energy Change           Density Change
 --------------------------------------------------------------------------------------------------
              1         -74.910980363462          74.910980363462           0.008863699562
              2         -74.982404569997           0.071424206535           0.005270544545
              3         -75.136920391476           0.154515821479           0.005225150369
              4         -75.094796149252          -0.042124242224           0.001688654585
              5         -75.202617511963           0.107821362711           0.003663074539
              6         -75.293555587819           0.090938075856           0.003123931184
              7         -75.344642240557           0.051086652738           0.001346486082
              8         -75.358260649446           0.013618408890           0.000890156708
              9         -75.363331370008           0.005070720562           0.000552209030
             10         -75.365227409296           0.001896039288           0.000387622858
             11         -75.366133227274           0.000905817978           0.000295288924
             12         -75.366633584036           0.000500356762           0.000235353362
             13         -75.366937071960           0.000303487924           0.000191762799
             14         -75.367131173339           0.000194101379           0.000157882097
             15         -75.367258993887           0.000127820548           0.000130692581
             16         -75.367344592687           0.000085598800           0.000108530389
             17         -75.367402526778           0.000057934091           0.000090322840
             18         -75.367442027704           0.000039500926           0.000075292830
             19         -75.367469111000           0.000027083297           0.000062844867
             20         -75.367487762647           0.000018651647           0.000052509058
             21         -75.367500653993           0.000012891345           0.000043909401
             22         -75.367509590548           0.000008936555           0.000036742306
             23         -75.367515800832           0.000006210284           0.000030761044
             24         -75.367520125372           0.000004324540           0.000025763984
             25         -75.367523141880           0.000003016508           0.000021585561
             26         -75.367525248952           0.000002107072           0.000018089274
             27         -75.367526722485           0.000001473533           0.000015162192
             28         -75.367527753962           0.000001031477           0.000012710620
             29         -75.367528476577           0.000000722615           0.000010656642
             30         -75.367528983149           0.000000506573           0.000008935344
             31         -75.367529338466           0.000000355317           0.000007492562
             32         -75.367529587804           0.000000249337           0.000006283050
             33         -75.367529762838           0.000000175035           0.000005268979
             34         -75.367529885751           0.000000122912           0.000004418695
             35         -75.367529972085           0.000000086334           0.000003705697
             36         -75.367530032739           0.000000060654           0.000003107790
             37         -75.367530075360           0.000000042621           0.000002606379
             38         -75.367530105313           0.000000029953           0.000002185878
             39         -75.367530126366           0.000000021053           0.000001833226
             40         -75.367530141166           0.000000014800           0.000001537471
             41         -75.367530151570           0.000000010404           0.000001289431
             42         -75.367530158885           0.000000007315           0.000001081407
 Total energy converged after  42 global iterations                                                  
 
 ...end Multi-Species SCF calculation
 
 
 Begin SCF calculation by: E-ALPHA
 -------------------------
 
 -----------------------------------------------------------------------------------
 Iteration                   Energy           Density Change         DIIS Error 
 -----------------------------------------------------------------------------------
    1         -31.093917550595           0.002597053949                 -- 
    2         -30.941519480158           0.001357335322                 -- 
    3         -30.525100025188           0.000861633114                 -- 
    4         -30.832391262016           0.002637175334                 -- 
    5         -30.850713056534           0.000755046409                 -- 
    6         -30.782486186086           0.000589072259                 -- 
    7         -30.909630045770           0.000491962245                 -- 
    8         -30.863875968930           0.000270941185                 -- 
    9         -30.838246134882           0.000195405365                 -- 
   10         -30.814352143686           0.000153349650                 -- 
   11         -30.793779652720           0.000125919173                 -- 
   12         -30.776624800892           0.000104989507                 -- 
   13         -30.762403726693           0.000088136743                 -- 
   14         -30.750680629270           0.000074156144                 -- 
   15         -30.741019511590           0.000062450520                 -- 
   16         -30.733054656623           0.000052600700                 -- 
   17         -30.726478638755           0.000044299446                 -- 
   18         -30.721040408215           0.000037298505                 -- 
   19         -30.716535282712           0.000031394079                 -- 
   20         -30.712797025351           0.000026415475                 -- 
   21         -30.709690417991           0.000022219033                 -- 
   22         -30.707105271693           0.000018683334                 -- 
   23         -30.704951534713           0.000015705634                 -- 
   24         -30.703155397678           0.000013198939                 -- 
   25         -30.701656187253           0.000011089603                 -- 
   26         -30.700403893511           0.000009315309                 -- 
   27         -30.699357194742           0.000007823354                 -- 
   28         -30.698481873996           0.000006569204                 -- 
   29         -30.697749543800           0.000005515251                 -- 
   30         -30.697136614429           0.000004629760                 -- 
   31         -30.696623455475           0.000003885970                 -- 
   32         -30.696193711710           0.000003261328                 -- 
   33         -30.695833742737           0.000002736840                 -- 
   34         -30.695532162502           0.000002296513                 -- 
   35         -30.695279459754           0.000001926892                 -- 
   36         -30.695067684429           0.000001616661                 -- 
   37         -30.694890187917           0.000001356304                 -- 
   38         -30.694741407563           0.000001137822                 -- 
   39         -30.694616687555           0.000000954495                 -- 
   40         -30.694512129874           0.000000800677                 -- 
   41         -30.694424470088           0.000000671626                 -- 
 
 ... end SCF calculation
 
 Begin SCF calculation by: E-BETA
 -------------------------
 
 -----------------------------------------------------------------------------------
 Iteration                   Energy           Density Change         DIIS Error 
 -----------------------------------------------------------------------------------
    1         -28.277361903696           0.002673490596                 -- 
    2         -28.334874570227           0.003867815046                 -- 
    3         -27.738723020038           0.000827021471                 -- 
    4         -27.813658463455           0.001025899205                 -- 
    5         -28.026788909278           0.002368884775                 -- 
    6         -27.831281555679           0.000757413823                 -- 
    7         -27.918926879697           0.000398194463                 -- 
    8         -27.919101493309           0.000281267845                 -- 
    9         -27.943618585771           0.000192217493                 -- 
   10         -27.966720274854           0.000141939274                 -- 
   11         -27.987360082115           0.000109434189                 -- 
   12         -28.005325766489           0.000086773291                 -- 
   13         -28.020632713905           0.000069745354                 -- 
   14         -28.033574611180           0.000056536437                 -- 
   15         -28.044455162987           0.000046079869                 -- 
   16         -28.053579807095           0.000037722140                 -- 
   17         -28.061220597694           0.000030993383                 -- 
   18         -28.067615041924           0.000025546362                 -- 
   19         -28.072965351355           0.000021114979                 -- 
   20         -28.077442245558           0.000017493926                 -- 
   21         -28.081188918803           0.000014523273                 -- 
   22         -28.084325159178           0.000012077710                 -- 
   23         -28.086951025742           0.000010058350                 -- 
   24         -28.089150062715           0.000008386622                 -- 
   25         -28.090992026477           0.000006999670                 -- 
   26         -28.092535178395           0.000005846883                 -- 
   27         -28.093828198749           0.000004887266                 -- 
   28         -28.094911780350           0.000004087438                 -- 
   29         -28.095819953812           0.000003420093                 -- 
   30         -28.096581189681           0.000002862802                 -- 
   31         -28.097219315403           0.000002397080                 -- 
   32         -28.097754278814           0.000002007651                 -- 
   33         -28.098202784368           0.000001681855                 -- 
   34         -28.098578823750           0.000001409184                 -- 
   35         -28.098894118745           0.000001180897                 -- 
   36         -28.099158491142           0.000000989717                 -- 
   37         -28.099380171867           0.000000829574                 -- 
   38         -28.099566059487           0.000000695404                 -- 
   39         -28.099721936457           0.000000582976                 -- 
   40         -28.099852650105           0.000000488754                 -- 
   41         -28.099962264141           0.000000409782                 -- 
 
 ... end SCF calculation
 
  EIGENVALUES AND EIGENVECTORS: 
 ==============================
 
 
  Eigenvalues for: E-ALPHA
 -----------------
 
    1         -11.234033128607
    2         -10.971429888119
    3          -0.717230437708
    4          -0.337594025829
    5          -0.326899582973
    6          -0.325315973924
    7          -0.042916492834
    8           0.123924184194
    9           0.151636889989
   10           0.186960533896
   11           0.214587425443
   12           0.214714884427
   13           0.236187668274
   14           0.236652723872
   15           0.247944511352
   16           0.289473573672
   17           0.402875602918
   18           0.409130097385
   19           0.410930638575
   20           0.415927319011
   21           0.416072544468
   22           0.417268157078
   23           0.417452330057
   24           0.453044806267
   25           0.502709364227
   26           0.512360614243
   27           0.545494989883
   28           0.545496153927
   29           0.546204147316
   30           0.554921228710
   31           0.558095235476
   32           0.560048692229
   33           0.635435637743
   34           0.702357959036
   35           0.734688908681
   36           0.734842672956
   37           1.138318333063
   38           1.140138917664
   39           1.142783961372
   40           1.152838083458
   41           1.173447170681
   42           1.187843715233
   43           1.189639401324
   44           1.190069391943
   45           1.198404496211
   46           1.199085092863
   47           1.200089875396
   48           1.208349674607
   49           1.220562039159
   50           1.227532060440
   51           1.248483006577
   52           1.254086425586
   53           1.370732097742
   54           1.371307282101
   55           1.371421128765
   56           1.381731653459
   57           1.381732093958
   58           1.390360476307
   59           1.390455348921
   60           1.393585345521
   61           1.393856096917
   62           1.393856097526
   63           1.410850115941
   64           1.410850551693
   65           1.432788123262
   66           1.475238605219
   67           1.475403829623
   68           1.550920871674
   69           2.016615498385
   70           2.177527225915
   71           3.139897437463
   72           3.156567086832
   73           3.167182256578
   74           3.386357679391
   75           3.420029481809
   76           3.420153554510
   77           3.494296638370
   78           3.494394998910
   79           3.494891578287
   80           3.500707321889
   81           3.524749320945
   82           3.544789559708
   83           3.546224119334
   84           3.552871605171
   85           3.554556311420
   86           3.555846333849
   87           3.568713687741
   88           3.591428720837
   89           3.777005790508
   90           3.777145675126
   91           3.784160185360
   92           3.803851529889
   93           3.803955775906
   94           3.812777549851
   95           3.812777574911
   96           3.813125196545
   97           3.813125217345
   98           3.833933552832
   99           3.833933552877
  100           3.846934358252
  101           6.185845493159
  102           6.428412615918
  103           7.334677461185
  104           7.362607298510
  105           7.509728665872
  106           7.566215812767
  107           7.567049976763
  108           7.687862249610
  109           8.567558143031
  110           8.807204487620
 
 
  Eigenvalues for: E-BETA
 -----------------
 
    1         -11.188808495353
    2         -10.989556576211
    3          -0.471987228604
    4          -0.447637868531
    5          -0.074633399740
    6          -0.074445535855
    7           0.141451470954
    8           0.147074014996
    9           0.162394576208
   10           0.199408308681
   11           0.228762205214
   12           0.233863337043
   13           0.253343479389
   14           0.254637803285
   15           0.274795888636
   16           0.276004832776
   17           0.281534215892
   18           0.394519868462
   19           0.418489184272
   20           0.420027589484
   21           0.427827967270
   22           0.435973910487
   23           0.437357132648
   24           0.486287435446
   25           0.513804237785
   26           0.513821884126
   27           0.531152569738
   28           0.553668094725
   29           0.557606549212
   30           0.568714845200
   31           0.589143518284
   32           0.598240538222
   33           0.646531566862
   34           0.647109372879
   35           0.669951162457
   36           0.760919893204
   37           1.195369555380
   38           1.200387295127
   39           1.201395134581
   40           1.205011415482
   41           1.208636958552
   42           1.208858273694
   43           1.219909771876
   44           1.219920933029
   45           1.234623479650
   46           1.235422266547
   47           1.236558098004
   48           1.244788782273
   49           1.273962372364
   50           1.282635499692
   51           1.312573060519
   52           1.312606307336
   53           1.312711245693
   54           1.316235248038
   55           1.356497270857
   56           1.356497271880
   57           1.369280500419
   58           1.369585665249
   59           1.369588276196
   60           1.369742194860
   61           1.371274533945
   62           1.390155824070
   63           1.392817931752
   64           1.407991977407
   65           1.408192100524
   66           1.413909301001
   67           1.468853821096
   68           1.573106694828
   69           2.027228273888
   70           2.172078488364
   71           3.176981358618
   72           3.228463942060
   73           3.255187046031
   74           3.358456835264
   75           3.358599906291
   76           3.426949541561
   77           3.559804438868
   78           3.569264054061
   79           3.575421046200
   80           3.581553254186
   81           3.587419611904
   82           3.594528223851
   83           3.609531911177
   84           3.610181841630
   85           3.625684858094
   86           3.643439222571
   87           3.647416896624
   88           3.667912268731
   89           3.715972816555
   90           3.715986071921
   91           3.766345060005
   92           3.767089526969
   93           3.768518219482
   94           3.768518219552
   95           3.787977704103
   96           3.787978365890
   97           3.797742512863
   98           3.803416585248
   99           3.803835306282
  100           3.860498923482
  101           6.226614392451
  102           6.411571699476
  103           7.341496174563
  104           7.381134234938
  105           7.529474519632
  106           7.553137048064
  107           7.554572179223
  108           7.694600047326
  109           8.597125125391
  110           8.794655184023
 
  end of eigenvalues 
 
  Occupied Eigenvectors for: E-ALPHA
 --------------------------- 
 
                         -11.2340       -10.9714        -0.7172        -0.3376        -0.3269   
 
    1      C     S       0.974617       0.000037      -0.004362      -0.000028       0.000000
    2      C     S      -0.005206       0.000076       0.582346      -0.001546       0.000000
    3      C     S       0.048440       0.000092       0.153615      -0.000543      -0.000000
    4      C     S      -0.014678      -0.000337       0.345078      -0.004608       0.000000
    5      C     S      -0.003423      -0.000542       0.029667       0.009472      -0.000000
    6      C    Px       0.000000      -0.000000      -0.000000      -0.000000      -0.084559
    7      C    Py      -0.000000      -0.000000       0.000000       0.000000      -0.353606
    8      C    Pz      -0.000136      -0.000022       0.003430       0.058011       0.000000
    9      C    Px      -0.000000       0.000000       0.000000       0.000000      -0.111963
   10      C    Py       0.000000       0.000000      -0.000000       0.000000      -0.468201
   11      C    Pz       0.000634       0.000033       0.004366       0.076825       0.000000
   12      C    Px      -0.000000      -0.000000      -0.000000       0.000000      -0.067109
   13      C    Py       0.000000       0.000000       0.000000       0.000000      -0.280632
   14      C    Pz       0.000439       0.000308      -0.008355       0.042673       0.000000
   15      C    Px       0.000000       0.000000      -0.000000      -0.000000      -0.005982
   16      C    Py      -0.000000      -0.000000      -0.000000      -0.000000      -0.025017
   17      C    Pz      -0.000193      -0.000129      -0.000008       0.007534       0.000000
   18      C   Dxx       0.000246       0.000012      -0.007946      -0.000067      -0.000000
   19      C   Dxy       0.000509       0.000000       0.005593      -0.000021       0.000000
   20      C   Dxz      -0.000000      -0.000000      -0.000000       0.000000      -0.000103
   21      C   Dyy       0.001985       0.000012       0.011149      -0.000138      -0.000000
   22      C   Dyz      -0.000000       0.000000       0.000000      -0.000000      -0.000431
   23      C   Dzz       0.002108       0.000015       0.012425       0.000067      -0.000000
   24      C   Dxx       0.006931       0.000133      -0.017661      -0.000429      -0.000000
   25      C   Dxy       0.000070       0.000000       0.010509      -0.000041      -0.000000
   26      C   Dxz      -0.000000      -0.000000      -0.000000      -0.000000       0.000527
   27      C   Dyy       0.007170       0.000133       0.018222      -0.000570      -0.000000
   28      C   Dyz      -0.000000       0.000000       0.000000      -0.000000       0.002202
   29      C   Dzz       0.007179       0.000108       0.018441      -0.001047      -0.000000
   30      C   Dxx       0.002610       0.000178      -0.018616      -0.002278       0.000000
   31      C   Dxy       0.000019       0.000000       0.002938      -0.000046       0.000000
   32      C   Dxz      -0.000000       0.000000      -0.000000       0.000000       0.002546
   33      C   Dyy       0.002677       0.000178      -0.008586      -0.002435       0.000000
   34      C   Dyz      -0.000000       0.000000       0.000000       0.000000       0.010646
   35      C   Dzz       0.002667       0.000294      -0.010227      -0.004732      -0.000000
   36      C  Fxxx       0.000000      -0.000000      -0.000000      -0.000000      -0.002693
   37      C  Fxxy      -0.000000      -0.000000       0.000000       0.000000      -0.005167
   38      C  Fxxz      -0.000134      -0.000006      -0.000110       0.000804       0.000000
   39      C  Fxyy       0.000000      -0.000000      -0.000000      -0.000000      -0.002013
   40      C  Fxyz      -0.000001      -0.000000      -0.000002       0.000055      -0.000000
   41      C  Fxzz       0.000000      -0.000000      -0.000000      -0.000000      -0.001512
   42      C  Fyyy      -0.000000      -0.000000       0.000000       0.000000      -0.013684
   43      C  Fyyz      -0.000136      -0.000006      -0.000118       0.000992       0.000000
   44      C  Fyzz      -0.000000      -0.000000       0.000000       0.000000      -0.006324
   45      C  Fzzz      -0.000316      -0.000059      -0.000235       0.002450       0.000000
   46      C  Fxxx       0.000000      -0.000000      -0.000000      -0.000000      -0.005291
   47      C  Fxxy      -0.000000      -0.000000       0.000000       0.000000      -0.010086
   48      C  Fxxz      -0.000152      -0.000095       0.000245       0.002199       0.000000
   49      C  Fxyy       0.000000      -0.000000      -0.000000      -0.000000      -0.003539
   50      C  Fxyz      -0.000001       0.000000      -0.000171       0.000069       0.000000
   51      C  Fxzz       0.000000      -0.000000      -0.000000      -0.000000      -0.002251
   52      C  Fyyy      -0.000000      -0.000000       0.000000      -0.000000      -0.025641
   53      C  Fyyz      -0.000156      -0.000095      -0.000338       0.002436       0.000000
   54      C  Fyzz      -0.000000      -0.000000      -0.000000      -0.000000      -0.009412
   55      C  Fzzz      -0.000332      -0.000094      -0.001878       0.004422       0.000000
   56      C     S      -0.000037      -0.976047       0.000016      -0.013499       0.000000
   57      C     S      -0.000067       0.007585       0.000522       0.501798      -0.000000
   58      C     S      -0.000099      -0.044365       0.000311       0.127070       0.000000
   59      C     S       0.000321       0.016086       0.000390       0.380145      -0.000000
   60      C     S       0.000641       0.003435      -0.003065       0.045368      -0.000000
   61      C    Px       0.000000      -0.000000      -0.000000       0.000000      -0.000009
   62      C    Py      -0.000000      -0.000000       0.000000      -0.000000      -0.000038
   63      C    Pz      -0.000016      -0.000090      -0.000256      -0.001455      -0.000000
   64      C    Px      -0.000000       0.000000       0.000000       0.000000       0.000008
   65      C    Py       0.000000      -0.000000      -0.000000       0.000000       0.000034
   66      C    Pz       0.000017       0.000282      -0.000187      -0.002032       0.000000
   67      C    Px      -0.000000       0.000000       0.000000       0.000000      -0.000157
   68      C    Py       0.000000       0.000000      -0.000000      -0.000000      -0.000656
   69      C    Pz       0.000252       0.000313      -0.000332      -0.004388       0.000000
   70      C    Px       0.000000      -0.000000       0.000000       0.000000       0.000378
   71      C    Py      -0.000000       0.000000       0.000000       0.000000       0.001579
   72      C    Pz      -0.000168      -0.000120       0.001002       0.005118      -0.000000
   73      C   Dxx      -0.000016      -0.001721       0.000038      -0.006500       0.000000
   74      C   Dxy      -0.000000       0.000000      -0.000001      -0.000006      -0.000000
   75      C   Dxz       0.000000       0.000000      -0.000000      -0.000000      -0.000008
   76      C   Dyy      -0.000016      -0.001720       0.000034      -0.006521       0.000000
   77      C   Dyz       0.000000       0.000000       0.000000      -0.000000      -0.000033
   78      C   Dzz      -0.000015      -0.003834       0.000046       0.023391       0.000000
   79      C   Dxx      -0.000136      -0.007757       0.000166      -0.013641       0.000000
   80      C   Dxy       0.000000      -0.000000       0.000006      -0.000009      -0.000000
   81      C   Dxz       0.000000       0.000000      -0.000000      -0.000000       0.000066
   82      C   Dyy      -0.000135      -0.007757       0.000188      -0.013671       0.000000
   83      C   Dyz      -0.000000      -0.000000       0.000000      -0.000000       0.000277
   84      C   Dzz      -0.000129      -0.007679       0.000461       0.059705       0.000000
   85      C   Dxx      -0.000208      -0.002707       0.000792       0.000673       0.000000
   86      C   Dxy      -0.000000       0.000000      -0.000015      -0.000030       0.000000
   87      C   Dxz      -0.000000       0.000000      -0.000000      -0.000000      -0.000143
   88      C   Dyy      -0.000209      -0.002707       0.000742       0.000572       0.000000
   89      C   Dyz      -0.000000      -0.000000       0.000000      -0.000000      -0.000598
   90      C   Dzz      -0.000272      -0.002966       0.000573       0.045191       0.000000
   91      C  Fxxx       0.000000      -0.000000      -0.000000      -0.000000       0.000001
   92      C  Fxxy      -0.000000       0.000000       0.000000      -0.000000       0.000002
   93      C  Fxxz      -0.000003      -0.000060      -0.000025       0.000114      -0.000000
   94      C  Fxyy       0.000000      -0.000000      -0.000000      -0.000000       0.000000
   95      C  Fxyz      -0.000000      -0.000000      -0.000001      -0.000002      -0.000000
   96      C  Fxzz       0.000000      -0.000000      -0.000000      -0.000000      -0.000001
   97      C  Fyyy      -0.000000       0.000000       0.000000      -0.000000       0.000004
   98      C  Fyyz      -0.000003      -0.000060      -0.000029       0.000107      -0.000000
   99      C  Fyzz      -0.000000       0.000000       0.000000      -0.000000      -0.000003
  100      C  Fzzz      -0.000044      -0.000148      -0.000045       0.000054      -0.000000
  101      C  Fxxx       0.000000      -0.000000      -0.000000      -0.000000       0.000041
  102      C  Fxxy      -0.000000      -0.000000       0.000000      -0.000000       0.000076
  103      C  Fxxz      -0.000076      -0.000101       0.000034       0.000337      -0.000000
  104      C  Fxyy       0.000000      -0.000000      -0.000000      -0.000000       0.000018
  105      C  Fxyz       0.000000      -0.000000       0.000003       0.000011       0.000000
  106      C  Fxzz       0.000000      -0.000000      -0.000000       0.000000       0.000005
  107      C  Fyyy      -0.000000      -0.000000       0.000000       0.000000       0.000170
  108      C  Fyyz      -0.000076      -0.000101       0.000046       0.000376      -0.000000
  109      C  Fyzz      -0.000000      -0.000000       0.000000      -0.000000       0.000019
  110      C  Fzzz      -0.000071      -0.000194      -0.000166       0.000832      -0.000000
 
                          -0.3253        -0.0429   
 
    1      C     S      -0.001757       0.000414
    2      C     S      -0.014116       0.015168
    3      C     S      -0.004855       0.004324
    4      C     S       0.002275       0.028990
    5      C     S       0.005520      -0.008494
    6      C    Px       0.000000      -0.000000
    7      C    Py      -0.000000       0.000000
    8      C    Pz      -0.361273       0.016017
    9      C    Px       0.000000      -0.000000
   10      C    Py      -0.000000      -0.000000
   11      C    Pz      -0.478191       0.021328
   12      C    Px       0.000000      -0.000000
   13      C    Py      -0.000000       0.000000
   14      C    Pz      -0.276254       0.005906
   15      C    Px       0.000000      -0.000000
   16      C    Py      -0.000000       0.000000
   17      C    Pz      -0.025490       0.012196
   18      C   Dxx       0.000258       0.000126
   19      C   Dxy      -0.000038       0.000107
   20      C   Dxz       0.000000      -0.000000
   21      C   Dyy       0.000130       0.000492
   22      C   Dyz      -0.000000       0.000000
   23      C   Dzz      -0.000544      -0.000187
   24      C   Dxx      -0.000458      -0.000189
   25      C   Dxy       0.000012       0.000094
   26      C   Dxz      -0.000000       0.000000
   27      C   Dyy      -0.000419       0.000132
   28      C   Dyz       0.000000       0.000000
   29      C   Dzz       0.004641      -0.000797
   30      C   Dxx       0.000256       0.003599
   31      C   Dxy       0.000021       0.000370
   32      C   Dxz      -0.000000      -0.000000
   33      C   Dyy       0.000329       0.004862
   34      C   Dyz       0.000000      -0.000000
   35      C   Dzz       0.020913      -0.005320
   36      C  Fxxx       0.000000      -0.000000
   37      C  Fxxy      -0.000000       0.000000
   38      C  Fxxz      -0.005174       0.000397
   39      C  Fxyy       0.000000      -0.000000
   40      C  Fxyz      -0.000317      -0.000012
   41      C  Fxzz       0.000000      -0.000000
   42      C  Fyyy      -0.000000       0.000000
   43      C  Fyyz      -0.006257       0.000357
   44      C  Fyzz      -0.000000       0.000000
   45      C  Fzzz      -0.014458       0.001436
   46      C  Fxxx       0.000000      -0.000000
   47      C  Fxxy      -0.000000       0.000000
   48      C  Fxxz      -0.011667       0.003177
   49      C  Fxyy       0.000000      -0.000000
   50      C  Fxyz      -0.000465       0.000060
   51      C  Fxzz       0.000000      -0.000000
   52      C  Fyyy      -0.000000       0.000000
   53      C  Fyyz      -0.013254       0.003383
   54      C  Fyzz      -0.000000       0.000000
   55      C  Fzzz      -0.024654       0.003900
   56      C     S      -0.001965      -0.000382
   57      C     S       0.086202      -0.001023
   58      C     S       0.021778      -0.000835
   59      C     S       0.062468      -0.005262
   60      C     S       0.014576       0.019166
   61      C    Px      -0.000000      -0.000000
   62      C    Py      -0.000000      -0.000000
   63      C    Pz       0.003020       0.285994
   64      C    Px       0.000000      -0.000000
   65      C    Py       0.000000      -0.000000
   66      C    Pz       0.003021       0.363339
   67      C    Px      -0.000000      -0.000000
   68      C    Py       0.000000      -0.000000
   69      C    Pz      -0.000115       0.366423
   70      C    Px      -0.000000      -0.000000
   71      C    Py      -0.000000      -0.000000
   72      C    Pz       0.000047       0.244046
   73      C   Dxx      -0.001193      -0.000143
   74      C   Dxy      -0.000001       0.000004
   75      C   Dxz      -0.000000      -0.000000
   76      C   Dyy      -0.001198      -0.000130
   77      C   Dyz       0.000000      -0.000000
   78      C   Dzz       0.003973       0.000080
   79      C   Dxx      -0.001868      -0.000350
   80      C   Dxy       0.000000      -0.000017
   81      C   Dxz      -0.000000       0.000000
   82      C   Dyy      -0.001867      -0.000410
   83      C   Dyz      -0.000000       0.000000
   84      C   Dzz       0.009389      -0.001413
   85      C   Dxx      -0.000549      -0.005966
   86      C   Dxy      -0.000009       0.000083
   87      C   Dxz      -0.000000      -0.000000
   88      C   Dyy      -0.000579      -0.005684
   89      C   Dyz      -0.000000      -0.000000
   90      C   Dzz       0.007844      -0.001781
   91      C  Fxxx      -0.000000       0.000000
   92      C  Fxxy      -0.000000      -0.000000
   93      C  Fxxz       0.000197       0.001409
   94      C  Fxyy      -0.000000       0.000000
   95      C  Fxyz      -0.000001       0.000002
   96      C  Fxzz      -0.000000      -0.000000
   97      C  Fyyy       0.000000       0.000000
   98      C  Fyyz       0.000195       0.001415
   99      C  Fyzz       0.000000      -0.000000
  100      C  Fzzz       0.000716       0.022845
  101      C  Fxxx      -0.000000       0.000000
  102      C  Fxxy      -0.000000       0.000000
  103      C  Fxxz       0.000719      -0.003248
  104      C  Fxyy      -0.000000       0.000000
  105      C  Fxyz       0.000002      -0.000027
  106      C  Fxzz      -0.000000      -0.000000
  107      C  Fyyy      -0.000000      -0.000000
  108      C  Fyyz       0.000726      -0.003341
  109      C  Fyzz      -0.000000      -0.000000
  110      C  Fzzz       0.002374       0.035941
 
 
  Occupied Eigenvectors for: E-BETA
 --------------------------- 
 
                         -11.1888       -10.9896        -0.4720        -0.4476        -0.0746   
 
    1      C     S       0.976535      -0.000023       0.008741      -0.000117      -0.000000
    2      C     S      -0.008882      -0.000040      -0.533037       0.011546      -0.000000
    3      C     S       0.042698      -0.000108      -0.136097       0.003214      -0.000000
    4      C     S      -0.016491       0.000280      -0.390347       0.007051       0.000000
    5      C     S      -0.003637       0.000792      -0.024136       0.001516       0.000000
    6      C    Px       0.000000       0.000000       0.000000       0.000000       0.000282
    7      C    Py      -0.000000       0.000000      -0.000000       0.000000       0.001180
    8      C    Pz       0.000089       0.000001       0.009968      -0.000444      -0.000000
    9      C    Px      -0.000000      -0.000000      -0.000000      -0.000000       0.000228
   10      C    Py       0.000000      -0.000000       0.000000      -0.000000       0.000952
   11      C    Pz      -0.000450       0.000026       0.013317       0.000088      -0.000000
   12      C    Px      -0.000000       0.000000      -0.000000      -0.000000      -0.000044
   13      C    Py       0.000000      -0.000000      -0.000000      -0.000000      -0.000182
   14      C    Pz       0.000022      -0.000144       0.018248      -0.000511      -0.000000
   15      C    Px       0.000000      -0.000000       0.000000       0.000000      -0.000172
   16      C    Py      -0.000000       0.000000       0.000000       0.000000      -0.000718
   17      C    Pz      -0.000184       0.000229       0.002393       0.000420      -0.000000
   18      C   Dxx       0.003511      -0.000025      -0.014554       0.000348       0.000000
   19      C   Dxy      -0.000288       0.000000       0.004968      -0.000106      -0.000000
   20      C   Dxz      -0.000000       0.000000      -0.000000      -0.000000      -0.000014
   21      C   Dyy       0.002526      -0.000025       0.002409      -0.000015       0.000000
   22      C   Dyz      -0.000000      -0.000000       0.000000      -0.000000      -0.000059
   23      C   Dzz       0.002447      -0.000014       0.003560      -0.000025       0.000000
   24      C   Dxx       0.007682      -0.000137      -0.035186       0.001200       0.000000
   25      C   Dxy       0.000121      -0.000000       0.010305      -0.000223      -0.000000
   26      C   Dxz      -0.000000       0.000000      -0.000000       0.000000       0.000166
   27      C   Dyy       0.008094      -0.000137       0.000001       0.000440      -0.000000
   28      C   Dyz      -0.000000      -0.000000       0.000000       0.000000       0.000694
   29      C   Dzz       0.008152      -0.000165       0.003204       0.000274      -0.000000
   30      C   Dxx       0.002956      -0.000256      -0.010103       0.000378      -0.000000
   31      C   Dxy      -0.000044      -0.000000       0.001889      -0.000029       0.000000
   32      C   Dxz      -0.000000      -0.000000      -0.000000       0.000000      -0.000442
   33      C   Dyy       0.002805      -0.000256      -0.003655       0.000281       0.000000
   34      C   Dyz      -0.000000      -0.000000      -0.000000      -0.000000      -0.001849
   35      C   Dzz       0.002724      -0.000229       0.000168      -0.000101       0.000000
   36      C  Fxxx       0.000000       0.000000      -0.000000       0.000000       0.000082
   37      C  Fxxy      -0.000000       0.000000      -0.000000       0.000000       0.000151
   38      C  Fxxz       0.000078      -0.000004       0.000436      -0.000135       0.000000
   39      C  Fxyy       0.000000       0.000000      -0.000000       0.000000       0.000017
   40      C  Fxyz       0.000001       0.000000      -0.000111       0.000003       0.000000
   41      C  Fxzz       0.000000       0.000000      -0.000000       0.000000       0.000038
   42      C  Fyyy      -0.000000       0.000000      -0.000000       0.000000       0.000284
   43      C  Fyyz       0.000080      -0.000004       0.000056      -0.000125       0.000000
   44      C  Fyzz      -0.000000       0.000000      -0.000000      -0.000000       0.000159
   45      C  Fzzz       0.000178       0.000011      -0.000085      -0.000147       0.000000
   46      C  Fxxx       0.000000       0.000000       0.000000       0.000000       0.000255
   47      C  Fxxy      -0.000000       0.000000       0.000000       0.000000       0.000462
   48      C  Fxxz       0.000040       0.000038       0.000250       0.000036       0.000000
   49      C  Fxyy       0.000000       0.000000       0.000000       0.000000       0.000017
   50      C  Fxyz      -0.000000      -0.000000      -0.000227       0.000013      -0.000000
   51      C  Fxzz       0.000000       0.000000       0.000000       0.000000       0.000077
   52      C  Fyyy      -0.000000       0.000000      -0.000000       0.000000       0.000776
   53      C  Fyyz       0.000040       0.000038      -0.000525       0.000080       0.000000
   54      C  Fyzz      -0.000000       0.000000      -0.000000       0.000000       0.000321
   55      C  Fzzz       0.000090       0.000023      -0.000347      -0.000368       0.000000
   56      C     S      -0.000018       0.975281       0.000397       0.012635       0.000000
   57      C     S      -0.000030      -0.006075      -0.009901      -0.528044       0.000000
   58      C     S      -0.000097       0.046658      -0.002275      -0.133221       0.000000
   59      C     S       0.000256      -0.015177      -0.008480      -0.381561       0.000000
   60      C     S       0.000684      -0.003696      -0.001991      -0.048757      -0.000000
   61      C    Px       0.000000       0.000000       0.000000      -0.000000       0.070786
   62      C    Py      -0.000000       0.000000       0.000000      -0.000000       0.296009
   63      C    Pz      -0.000001       0.000064       0.000181      -0.000152       0.000000
   64      C    Px      -0.000000      -0.000000      -0.000000       0.000000       0.091660
   65      C    Py       0.000000       0.000000      -0.000000       0.000000       0.383301
   66      C    Pz      -0.000026      -0.000159      -0.000223      -0.000498       0.000000
   67      C    Px      -0.000000      -0.000000      -0.000000       0.000000       0.086067
   68      C    Py       0.000000      -0.000000       0.000000       0.000000       0.359911
   69      C    Pz       0.000140      -0.000286      -0.001084      -0.000423       0.000000
   70      C    Px       0.000000       0.000000       0.000000      -0.000000       0.041007
   71      C    Py      -0.000000      -0.000000      -0.000000      -0.000000       0.171481
   72      C    Pz      -0.000194       0.000257       0.000227       0.000754       0.000000
   73      C   Dxx      -0.000024       0.002620      -0.000261      -0.014004      -0.000000
   74      C   Dxy       0.000000       0.000001      -0.000000      -0.000006      -0.000000
   75      C   Dxz       0.000000       0.000000       0.000000      -0.000000       0.000012
   76      C   Dyy      -0.000023       0.002623      -0.000262      -0.014025      -0.000000
   77      C   Dyz       0.000000      -0.000000       0.000000      -0.000000       0.000048
   78      C   Dzz      -0.000014       0.000396       0.000348       0.015388       0.000000
   79      C   Dxx      -0.000121       0.007364      -0.000151      -0.030520       0.000000
   80      C   Dxy      -0.000001       0.000000       0.000003      -0.000008      -0.000000
   81      C   Dxz       0.000000      -0.000000      -0.000000      -0.000000       0.000036
   82      C   Dyy      -0.000123       0.007364      -0.000141      -0.030547       0.000000
   83      C   Dyz      -0.000000       0.000000      -0.000000      -0.000000       0.000152
   84      C   Dzz      -0.000148       0.007415       0.000948       0.037167       0.000000
   85      C   Dxx      -0.000224       0.002892       0.000125      -0.015290       0.000000
   86      C   Dxy       0.000001      -0.000000      -0.000003       0.000037       0.000000
   87      C   Dxz      -0.000000       0.000000      -0.000000      -0.000000      -0.000210
   88      C   Dyy      -0.000220       0.002892       0.000114      -0.015162       0.000000
   89      C   Dyz      -0.000000       0.000000      -0.000000      -0.000000      -0.000880
   90      C   Dzz      -0.000211       0.002592       0.001167       0.017149       0.000000
   91      C  Fxxx       0.000000       0.000000       0.000000      -0.000000       0.004033
   92      C  Fxxy      -0.000000      -0.000000       0.000000      -0.000000       0.007544
   93      C  Fxxz       0.000004       0.000040       0.000090       0.000040       0.000000
   94      C  Fxyy       0.000000       0.000000      -0.000000      -0.000000       0.001811
   95      C  Fxyz       0.000000       0.000000      -0.000000       0.000002       0.000000
   96      C  Fxzz       0.000000       0.000000      -0.000000      -0.000000      -0.000218
   97      C  Fyyy      -0.000000      -0.000000       0.000000      -0.000000       0.016888
   98      C  Fyyz       0.000005       0.000040       0.000088       0.000046       0.000000
   99      C  Fyzz      -0.000000      -0.000000       0.000000      -0.000000      -0.000910
  100      C  Fzzz      -0.000011       0.000087       0.000221       0.000129       0.000000
  101      C  Fxxx       0.000000       0.000000       0.000000      -0.000000       0.005414
  102      C  Fxxy      -0.000000       0.000000      -0.000000      -0.000000       0.010118
  103      C  Fxxz      -0.000036       0.000067       0.000300       0.000188       0.000000
  104      C  Fxyy       0.000000       0.000000       0.000000      -0.000000       0.002380
  105      C  Fxyz      -0.000000       0.000000       0.000001      -0.000011       0.000000
  106      C  Fxzz       0.000000       0.000000      -0.000000      -0.000000      -0.001916
  107      C  Fyyy      -0.000000       0.000000      -0.000000      -0.000000       0.022518
  108      C  Fyyz      -0.000037       0.000067       0.000303       0.000149       0.000000
  109      C  Fyzz      -0.000000       0.000000      -0.000000      -0.000000      -0.008012
  110      C  Fzzz      -0.000021       0.000155       0.000599       0.000320      -0.000000
 
                          -0.0744   
 
    1      C     S       0.000000
    2      C     S       0.000000
    3      C     S       0.000000
    4      C     S       0.000000
    5      C     S      -0.000000
    6      C    Px       0.001863
    7      C    Py      -0.000445
    8      C    Pz      -0.000000
    9      C    Px       0.001901
   10      C    Py      -0.000455
   11      C    Pz       0.000000
   12      C    Px       0.000911
   13      C    Py      -0.000218
   14      C    Pz       0.000000
   15      C    Px       0.000514
   16      C    Py      -0.000123
   17      C    Pz      -0.000000
   18      C   Dxx       0.000000
   19      C   Dxy       0.000000
   20      C   Dxz      -0.000047
   21      C   Dyy       0.000000
   22      C   Dyz       0.000011
   23      C   Dzz       0.000000
   24      C   Dxx       0.000000
   25      C   Dxy      -0.000000
   26      C   Dxz       0.000679
   27      C   Dyy       0.000000
   28      C   Dyz      -0.000162
   29      C   Dzz       0.000000
   30      C   Dxx       0.000000
   31      C   Dxy       0.000000
   32      C   Dxz      -0.001524
   33      C   Dyy       0.000000
   34      C   Dyz       0.000364
   35      C   Dzz       0.000000
   36      C  Fxxx       0.000381
   37      C  Fxxy      -0.000066
   38      C  Fxxz      -0.000000
   39      C  Fxyy       0.000127
   40      C  Fxyz       0.000000
   41      C  Fxzz       0.000142
   42      C  Fyyy      -0.000065
   43      C  Fyyz      -0.000000
   44      C  Fyzz      -0.000034
   45      C  Fzzz      -0.000000
   46      C  Fxxx       0.001018
   47      C  Fxxy      -0.000196
   48      C  Fxxz      -0.000000
   49      C  Fxyy       0.000304
   50      C  Fxyz      -0.000000
   51      C  Fxzz       0.000309
   52      C  Fyyy      -0.000151
   53      C  Fyyz      -0.000000
   54      C  Fyzz      -0.000074
   55      C  Fzzz      -0.000000
   56      C     S       0.000000
   57      C     S       0.000000
   58      C     S      -0.000000
   59      C     S       0.000000
   60      C     S      -0.000000
   61      C    Px       0.295714
   62      C    Py      -0.070715
   63      C    Pz       0.000000
   64      C    Px       0.382911
   65      C    Py      -0.091567
   66      C    Pz       0.000000
   67      C    Px       0.359627
   68      C    Py      -0.085999
   69      C    Pz       0.000000
   70      C    Px       0.172549
   71      C    Py      -0.041262
   72      C    Pz       0.000000
   73      C   Dxx      -0.000000
   74      C   Dxy       0.000000
   75      C   Dxz       0.000036
   76      C   Dyy      -0.000000
   77      C   Dyz      -0.000009
   78      C   Dzz      -0.000000
   79      C   Dxx      -0.000000
   80      C   Dxy      -0.000000
   81      C   Dxz       0.000183
   82      C   Dyy      -0.000000
   83      C   Dyz      -0.000044
   84      C   Dzz      -0.000000
   85      C   Dxx       0.000000
   86      C   Dxy      -0.000000
   87      C   Dxz      -0.001147
   88      C   Dyy       0.000000
   89      C   Dyz       0.000274
   90      C   Dzz       0.000000
   91      C  Fxxx       0.016882
   92      C  Fxxy      -0.001800
   93      C  Fxxz       0.000000
   94      C  Fxyy       0.007559
   95      C  Fxyz      -0.000000
   96      C  Fxzz      -0.000902
   97      C  Fyyy      -0.004042
   98      C  Fyyz       0.000000
   99      C  Fyzz       0.000216
  100      C  Fzzz      -0.000000
  101      C  Fxxx       0.022620
  102      C  Fxxy      -0.002447
  103      C  Fxxz       0.000000
  104      C  Fxyy       0.010068
  105      C  Fxyz      -0.000000
  106      C  Fxzz      -0.007991
  107      C  Fyyy      -0.005380
  108      C  Fyyz       0.000000
  109      C  Fyzz       0.001911
  110      C  Fzzz      -0.000000
 
 
  end of eigenvectors 
 
  END OF EIGENVALUES AND EIGENVECTORS
 
 
  COMPONENTS OF KINETIC ENERGY: 
 -----------------------------
 
             E-ALPHA Kinetic energy =           38.447290535008
              E-BETA Kinetic energy =           36.902750620788
                                     _________________________
               Total kinetic energy =           75.350041155796
 
  COMPONENTS OF POTENTIAL ENERGY: 
 -------------------------------
 
          Fixed potential energy    =            4.053272547370
 
  Quantum/Fixed interaction energy: 
 ----------------------------------
 
     E-ALPHA/Fixed interact. energy =          -96.507046463959
      E-BETA/Fixed interact. energy =          -90.482107875601
                                     _________________________
               Total Q/Fixed energy =         -186.989154339560
 
  Coulomb energy: 
 ------------------
 
     E-ALPHA/E-ALPHA Hartree energy =           12.140016010534
       E-BETA/E-BETA Hartree energy =            9.749615079999
      E-ALPHA/E-BETA Hartree energy =           20.626404310977
                                     _________________________
               Total Hartree energy =           42.516035401509
 
  Exchange(HF) energy: 
 ----------------------
 
            E-ALPHA Exchange energy =           -5.401037676235
             E-BETA Exchange energy =           -4.896687252908
                                     _________________________
              Total Exchange energy =          -10.297724929143
 
  TOTAL ENERGY COMPONENTS: 
 ==========================
 
          TOTAL KINETIC ENERGY      =           75.350041155796
          TOTAL POTENTIAL ENERGY    =         -150.717571319824
                                     _________________________
                       TOTAL ENERGY =          -75.367530164028
 
                 VIRIAL RATIO (V/T) =            2.000232103499
 
 
  END ENERGY COMPONENTS
 
 
** TOTAL CPU Time SCF :     21.298 (s)
** TOTAL Elapsed Time SCF :      4.418 (s)
 
 We are calculating properties for E-ALPHA in the HF/KS ground state
 We are calculating properties for E-BETA in the HF/KS ground state
 
  POPULATION ANALYSES: 
 ====================
 
 MULLIKEN Population: for E-        
 ---------------------
 
                          total          spin      
 
    1      C     S       1.950300      -0.002196
    2      C     S       1.063194       0.053560
    3      C     S       0.243156       0.018364
    4      C     S       0.661187      -0.050826
    5      C     S       0.034926       0.003940
    6      C    Px       0.014557       0.014540
    7      C    Py       0.254410       0.254403
    8      C    Pz       0.272337       0.271890
    9      C    Px       0.024756       0.024724
   10      C    Py       0.432637       0.432624
   11      C    Pz       0.461190       0.460334
   12      C    Px       0.011861       0.011824
   13      C    Py       0.207084       0.207088
   14      C    Pz       0.211155       0.210030
   15      C    Px       0.000548       0.000472
   16      C    Py       0.008870       0.008976
   17      C    Pz       0.007583       0.007644
   18      C   Dxx       0.004969      -0.015127
   19      C   Dxy       0.000118       0.000012
   20      C   Dxz      -0.000000      -0.000000
   21      C   Dyy       0.006521       0.008939
   22      C   Dyz      -0.000001      -0.000001
   23      C   Dzz       0.006663       0.010547
   24      C   Dxx       0.013103      -0.033745
   25      C   Dxy       0.000304       0.000015
   26      C   Dxz       0.000004      -0.000002
   27      C   Dyy       0.011862       0.011453
   28      C   Dyz       0.000021       0.000015
   29      C   Dzz       0.010076       0.013666
   30      C   Dxx      -0.001868      -0.009036
   31      C   Dxy       0.000045       0.000013
   32      C   Dxz      -0.000056       0.000071
   33      C   Dyy      -0.001607      -0.004075
   34      C   Dyz       0.000054       0.000204
   35      C   Dzz      -0.001778      -0.001695
   36      C  Fxxx       0.000503       0.000498
   37      C  Fxxy       0.002994       0.002993
   38      C  Fxxz       0.003138       0.003120
   39      C  Fxyy       0.000281       0.000280
   40      C  Fxyz       0.000000       0.000000
   41      C  Fxzz       0.000210       0.000209
   42      C  Fyyy       0.010657       0.010654
   43      C  Fyyz       0.003793       0.003791
   44      C  Fyzz       0.003667       0.003666
   45      C  Fzzz       0.011774       0.011778
   46      C  Fxxx       0.000812       0.000789
   47      C  Fxxy       0.004760       0.004753
   48      C  Fxxz       0.005718       0.005708
   49      C  Fxyy       0.000405       0.000400
   50      C  Fxyz       0.000000       0.000000
   51      C  Fxzz       0.000258       0.000249
   52      C  Fyyy       0.016275       0.016260
   53      C  Fyyz       0.006499       0.006520
   54      C  Fyzz       0.004442       0.004434
   55      C  Fzzz       0.016143       0.016157
   56      C     S       1.950851       0.000841
   57      C     S       0.973926      -0.021888
   58      C     S       0.218641      -0.005548
   59      C     S       0.703819       0.006558
   60      C     S       0.064020      -0.000323
   61      C    Px       0.197943      -0.197943
   62      C    Py       0.198264      -0.198264
   63      C    Pz       0.177109       0.177109
   64      C    Px       0.356617      -0.356617
   65      C    Py       0.357095      -0.357095
   66      C    Pz       0.320868       0.320868
   67      C    Px       0.314613      -0.314613
   68      C    Py       0.314747      -0.314742
   69      C    Pz       0.318758       0.318783
   70      C    Px       0.095747      -0.095753
   71      C    Py       0.094961      -0.095073
   72      C    Pz       0.142534       0.142464
   73      C   Dxx       0.005680      -0.013337
   74      C   Dxy       0.000000       0.000000
   75      C   Dxz      -0.000000       0.000000
   76      C   Dyy       0.005681      -0.013363
   77      C   Dyz      -0.000000      -0.000000
   78      C   Dzz       0.006918       0.025536
   79      C   Dxx       0.012033      -0.028639
   80      C   Dxy      -0.000000      -0.000000
   81      C   Dxz      -0.000000       0.000000
   82      C   Dyy       0.012032      -0.028674
   83      C   Dyz       0.000000       0.000000
   84      C   Dzz       0.020400       0.064038
   85      C   Dxx       0.005789      -0.005404
   86      C   Dxy       0.000000       0.000000
   87      C   Dxz       0.000001      -0.000002
   88      C   Dyy       0.005705      -0.005393
   89      C   Dyz      -0.000009      -0.000010
   90      C   Dzz       0.013337       0.024204
   91      C  Fxxx       0.013118      -0.013118
   92      C  Fxxy       0.004371      -0.004371
   93      C  Fxxz       0.000757       0.000756
   94      C  Fxyy       0.004378      -0.004378
   95      C  Fxyz      -0.000000      -0.000000
   96      C  Fxzz      -0.000511       0.000511
   97      C  Fyyy       0.013131      -0.013131
   98      C  Fyyz       0.000760       0.000760
   99      C  Fyzz      -0.000515       0.000515
  100      C  Fzzz       0.016846       0.016846
  101      C  Fxxx       0.016774      -0.016774
  102      C  Fxxy       0.005595      -0.005595
  103      C  Fxxz      -0.001726      -0.001727
  104      C  Fxyy       0.005561      -0.005561
  105      C  Fxyz       0.000000       0.000000
  106      C  Fxzz      -0.004289       0.004289
  107      C  Fyyy       0.016694      -0.016694
  108      C  Fyyz      -0.001776      -0.001777
  109      C  Fyzz      -0.004298       0.004298
  110      C  Fzzz       0.026534       0.026529
 
                           __________     __________
              Total =       13.000000       1.000000
 
  Atomic MULLIKEN Population: for E-        
            C                6.000514       2.000904
            C                6.999486      -1.000904
 
 ...end of MULLIKEN Population
 
 
 END POPULATION ANALYSES 
 
 
  POPULATION ANALYSES: 
 ====================
 
 LOWDIN Population: for E-        
 ---------------------
 
                          total          spin      
 
    1      C     S       1.610506      -0.000602
    2      C     S       0.591796       0.015733
    3      C     S       0.417124       0.013769
    4      C     S       0.306975      -0.012158
    5      C     S       0.095168      -0.007009
    6      C    Px       0.013544       0.013532
    7      C    Py       0.236750       0.236745
    8      C    Pz       0.253449       0.253030
    9      C    Px       0.011488       0.011472
   10      C    Py       0.201005       0.200999
   11      C    Pz       0.214083       0.213660
   12      C    Px       0.006381       0.006334
   13      C    Py       0.111347       0.111322
   14      C    Pz       0.114261       0.113724
   15      C    Px       0.002070       0.000199
   16      C    Py       0.020690       0.019002
   17      C    Pz       0.029658       0.026554
   18      C   Dxx       0.167194      -0.009010
   19      C   Dxy       0.000130       0.000011
   20      C   Dxz       0.000000      -0.000000
   21      C   Dyy       0.168643       0.016735
   22      C   Dyz       0.000000       0.000000
   23      C   Dzz       0.168382       0.018236
   24      C   Dxx       0.142416      -0.029501
   25      C   Dxy       0.000274       0.000016
   26      C   Dxz       0.000002       0.000002
   27      C   Dyy       0.141937       0.005066
   28      C   Dyz       0.000027       0.000027
   29      C   Dzz       0.139566       0.007012
   30      C   Dxx       0.017143      -0.008207
   31      C   Dxy       0.000063       0.000012
   32      C   Dxz       0.000226      -0.000212
   33      C   Dyy       0.016687      -0.002756
   34      C   Dyz       0.000329      -0.000088
   35      C   Dzz       0.021895       0.003509
   36      C  Fxxx       0.007254       0.007244
   37      C  Fxxy       0.055302       0.055300
   38      C  Fxxz       0.058943       0.058815
   39      C  Fxyy       0.003264       0.003260
   40      C  Fxyz       0.000000       0.000000
   41      C  Fxzz       0.003184       0.003181
   42      C  Fyyy       0.128258       0.128254
   43      C  Fyyz       0.059538       0.059425
   44      C  Fyzz       0.055648       0.055646
   45      C  Fzzz       0.136484       0.136219
   46      C  Fxxx       0.004223       0.004214
   47      C  Fxxy       0.031247       0.031246
   48      C  Fxxz       0.032887       0.032740
   49      C  Fxyy       0.001880       0.001876
   50      C  Fxyz       0.000000       0.000000
   51      C  Fxzz       0.001797       0.001766
   52      C  Fyyy       0.075170       0.075168
   53      C  Fyyz       0.033430       0.033306
   54      C  Fyzz       0.031159       0.031137
   55      C  Fzzz       0.077341       0.077044
   56      C     S       1.609722       0.000249
   57      C     S       0.562483      -0.007650
   58      C     S       0.397264      -0.005502
   59      C     S       0.320427       0.003516
   60      C     S       0.116397       0.005730
   61      C    Px       0.182070      -0.182070
   62      C    Py       0.182379      -0.182379
   63      C    Pz       0.161542       0.161542
   64      C    Px       0.172725      -0.172725
   65      C    Py       0.172950      -0.172950
   66      C    Pz       0.159150       0.159150
   67      C    Px       0.169058      -0.169058
   68      C    Py       0.168970      -0.168970
   69      C    Pz       0.177053       0.177040
   70      C    Px       0.091121      -0.091115
   71      C    Py       0.090577      -0.090474
   72      C    Pz       0.117862       0.115426
   73      C   Dxx       0.153967      -0.018509
   74      C   Dxy       0.000000       0.000000
   75      C   Dxz       0.000000      -0.000000
   76      C   Dyy       0.153965      -0.018534
   77      C   Dyz       0.000000      -0.000000
   78      C   Dzz       0.155887       0.025807
   79      C   Dxx       0.145421      -0.023423
   80      C   Dxy       0.000000       0.000000
   81      C   Dxz       0.000000      -0.000000
   82      C   Dyy       0.145391      -0.023445
   83      C   Dyz       0.000000      -0.000000
   84      C   Dzz       0.153015       0.051691
   85      C   Dxx       0.025587      -0.004398
   86      C   Dxy       0.000000       0.000000
   87      C   Dxz       0.000001       0.000000
   88      C   Dyy       0.025547      -0.004393
   89      C   Dyz       0.000010       0.000010
   90      C   Dzz       0.031741       0.018734
   91      C  Fxxx       0.111623      -0.111623
   92      C  Fxxy       0.048451      -0.048451
   93      C  Fxxz       0.040461       0.040461
   94      C  Fxyy       0.048382      -0.048382
   95      C  Fxyz       0.000000       0.000000
   96      C  Fxzz       0.043595      -0.043595
   97      C  Fyyy       0.111773      -0.111773
   98      C  Fyyz       0.040454       0.040454
   99      C  Fyzz       0.043656      -0.043656
  100      C  Fzzz       0.104955       0.104955
  101      C  Fxxx       0.100527      -0.100527
  102      C  Fxxy       0.043225      -0.043225
  103      C  Fxxz       0.039507       0.039505
  104      C  Fxyy       0.043200      -0.043200
  105      C  Fxyz       0.000000       0.000000
  106      C  Fxzz       0.036479      -0.036479
  107      C  Fyyy       0.100512      -0.100511
  108      C  Fyyz       0.039477       0.039475
  109      C  Fyzz       0.036471      -0.036471
  110      C  Fzzz       0.106752       0.106747
 
                           __________     __________
              Total =       13.000000       1.000000
 
  Atomic LOWDIN Population: for E-        
            C                6.018217       2.012997
            C                6.981783      -1.012997
 
 ...end of LOWDIN Population
 
 
 END POPULATION ANALYSES 
 
 
  EXPECTED POSITIONS OF QUANTUM SPECIES:
 ======================
 
 POSITIONS IN ANGSTROMS
 ------
 
                        <x>      <y>      <z>         
            E-ALPHA   0.0000  -0.0000  14.0761
             E-BETA  -0.0000  -0.0000  18.7613
 
 END EXPECTED POSITIONS
 
 
  ELECTROSTATIC MOMENTS:
 ======================
 
 
 DIPOLE: (A.U.)
 ------
 
                           <Dx>         <Dy>         <Dz>          |D|
            E-ALPHA  -0.00000000   0.00000000 -26.59991709
             E-BETA   0.00000000   0.00000000 -35.45378394
    Point charges:    0.00000000   0.00000000  53.29027285
                     ____________________________
      Total Dipole:   0.00000000   0.00000000  -8.76342817   8.76342817
 
 DIPOLE: (DEBYE)
 ------
 
                           <Dx>         <Dy>         <Dz>          |D|
            E-ALPHA  -0.00000000   0.00000000 -67.61023658
             E-BETA   0.00000000   0.00000000 -90.11451845
    Point charges:    0.00000000   0.00000000 135.45034530
                     ____________________________
      Total Dipole:   0.00000000   0.00000000 -22.27440973  22.27440973
 
 QUADRUPOLE NON-TRACELESS: (DEBYE ANGS)
 ------
 
                           <xx>         <yy>         <zz>         <xy>         <xz>         <yz>
            E-ALPHA   -6.84740519   -8.80546616 -332.77221973   -0.49663931    0.00000000    0.00000000
             E-BETA  -10.16323975   -9.99309082 -430.39937117    0.04315629   -0.00000000   -0.00000000
    Point charges:     0.00000000    0.00000000  636.61655029    0.00000000    0.00000000    0.00000000
  Total Quadrupole:  -17.01064493  -18.79855698 -126.55504062   -0.45348302    0.00000000    0.00000000
                     ____________________________
 
 END ELECTROSTATIC MOMENTS
 
 
 BEGIN FOUR-INDEX INTEGRALS TRANFORMATION:
 ========================================
 Selected method: C         
 
 --------------------------------------------------
    4N^5 Algorithm Four-index integral tranformation
 --------------------------------------------------
 
 Integrals transformation for: E-ALPHA
 
              Transformation boundaries 
                 orbital lower upper
                       p     1     7
                       q     8   110
                       r     1     7
                       s     8   110
 
         Loading AO integrals time(s):  0.191E-01
      Integral transformation time(s):  0.163E+01
       Non-zero transformed integrals:       159986
 
 Inter-species integrals transformation for: E-ALPHA/E-BETA
 
              Transformation boundaries 
                 orbital lower upper
                       p     1     6
                       q     7   110
                       r     1     7
                       s     8   110
 
         Loading AO integrals time(s):  0.211E-01
      Integral transformation time(s):  0.652E+01
 Non zero transformed coupling integrals:       153718
 
 Integrals transformation for: E-BETA
 
              Transformation boundaries 
                 orbital lower upper
                       p     1     6
                       q     7   110
                       r     1     6
                       s     7   110
 
         Loading AO integrals time(s):  0.136E-01
      Integral transformation time(s):  0.154E+01
       Non-zero transformed integrals:       126382
 
** TOTAL Elapsed Time for integrals transformation :      9.978 (s)
 
 
  POST HARTREE-FOCK CALCULATION
  MANY-BODY PERTURBATION THEORY:
 ==============================
 
              MOLLER-PLESSET FORMALISM 
               ORDER OF CORRECTION =     2
 
                E(0) + E(1) =     -75.367530164028
                       E(2) =      -0.191408503731
                             ____________________
                     E(MP2) =     -75.558938667759
 
              -----------------------------------
               E(n){ Specie }     E(n) / Hartree 
              -----------------------------------
 
            E(2){ E-ALPHA } =      -0.019341628127
             E(2){ E-BETA } =      -0.016297459524
 
     E(2){ E-ALPHA/E-BETA } =      -0.155769416080
 
** TOTAL CPU Time HF-MBPT :      0.559 (s)
** TOTAL Elapsed Time HF-MBPT :      0.324 (s)
 

  TOTAL CPU Time:      0.240 (s)
 TOTAL Wall Time:     14.780 (s)
  Elapsed Time:   0h  0m 14s 780ms
LOWDIN execution terminated normally at : Thu Feb  6 14:34:05 2025
-rw-rw-r-- 1 pohl pohl  36M feb  6 14:33 0E-ALPHA.E-BETA.ints
-rw-rw-r-- 1 pohl pohl  18M feb  6 14:33 0E-ALPHA.ints
-rw-rw-r-- 1 pohl pohl  36M feb  6 14:33 1E-ALPHA.E-BETA.ints
-rw-rw-r-- 1 pohl pohl  18M feb  6 14:33 1E-ALPHA.ints
-rw-rw-r-- 1 pohl pohl  36M feb  6 14:33 2E-ALPHA.E-BETA.ints
-rw-rw-r-- 1 pohl pohl  18M feb  6 14:33 2E-ALPHA.ints
-rw-rw-r-- 1 pohl pohl  36M feb  6 14:33 3E-ALPHA.E-BETA.ints
-rw-rw-r-- 1 pohl pohl  18M feb  6 14:33 3E-ALPHA.ints
-rw-rw-r-- 1 pohl pohl   12 feb  6 14:33 E-ALPHA.E-BETA.nints
-rw-rw-r-- 1 pohl pohl 4.9M feb  6 14:33 E-ALPHAmoint.dat
-rw-rw-r-- 1 pohl pohl 4.2M feb  6 14:34 E-BETA.E-ALPHAmoint.dat
-rw-rw-r-- 1 pohl pohl 4.2M feb  6 14:34 E-BETAmoint.dat
-rw-rw-r-- 1 pohl pohl   64 feb  6 14:33 gepol.inp
-rw-rw-r-- 1 pohl pohl  182 feb  6 14:33 gepol.xyzr
-rw-rw-r-- 1 pohl pohl  13K feb  6 14:33 lowdin.bas
-rw-rw-r-- 1 pohl pohl  16K feb  6 14:33 lowdin.dat
-rw-rw-r-- 1 pohl pohl 2.3M feb  6 14:33 lowdin.opints
-rw-rw-r-- 1 pohl pohl  46K feb  6 14:33 lowdin.sys
-rw-rw-r-- 1 pohl pohl 2.1M feb  6 14:33 lowdin.wfn
-rw-rw-r-- 1 pohl pohl  258 feb  6 14:33 usual_21
-rw-rw-r-- 1 pohl pohl 1.1K feb  6 14:33 usual_21.aux
-rw-rw-r-- 1 pohl pohl  266 feb  6 14:33 usual_21.lowdin
-rw-rw-r-- 1 pohl pohl  77K feb  6 14:34 usual_21.out
-rw-rw-r-- 1 pohl pohl 192K feb  6 14:33 usual_21.vec
